#
# A fatal error has been detected by the Java Runtime Environment:
#
#  EXCEPTION_ACCESS_VIOLATION (0xc0000005) at pc=0x0000000066b0cfa7, pid=21580, tid=1680
#
# JRE version: OpenJDK Runtime Environment JBR-11.0.13.7-1751.19-jcef (11.0.13+7) (build 11.0.13+7-b1751.19)
# Java VM: OpenJDK 64-Bit Server VM JBR-11.0.13.7-1751.19-jcef (11.0.13+7-b1751.19, mixed mode, tiered, compressed oops, g1 gc, windows-amd64)
# Problematic frame:
# C  [gdx-box2d64.dll+0xcfa7]
#
# No core dump will be written. Minidumps are not enabled by default on client versions of Windows
#
# If you would like to submit a bug report, please visit:
#   https://bugreport.java.com/bugreport/crash.jsp
# The crash happened outside the Java Virtual Machine in native code.
# See problematic frame for where to report the bug.
#

---------------  S U M M A R Y ------------

Command Line: -Dfile.encoding=windows-1252 -Duser.country=CA -Duser.language=en -Duser.variant com.mygdx.game.desktop.DesktopLauncher

Host: Intel(R) Core(TM) i7-10700F CPU @ 2.90GHz, 16 cores, 15G,  Windows 10 , 64 bit Build 19041 (10.0.19041.1348)
Time: Wed Dec 29 17:25:44 2021 Eastern Standard Time elapsed time: 148.834510 seconds (0d 0h 2m 28s)

---------------  T H R E A D  ---------------

Current thread (0x0000012cf335e800):  JavaThread "LWJGL Application" [_thread_in_native, id=1680, stack(0x0000000737d00000,0x0000000737e00000)]

Stack: [0x0000000737d00000,0x0000000737e00000],  sp=0x0000000737dfe9e0,  free space=1018k
Native frames: (J=compiled Java code, j=interpreted, Vv=VM code, C=native code)
C  [gdx-box2d64.dll+0xcfa7]

Java frames: (J=compiled Java code, j=interpreted, Vv=VM code)
j  com.badlogic.gdx.physics.box2d.World.jniDestroyBody(JJ)V+0
j  com.badlogic.gdx.physics.box2d.World.destroyBody(Lcom/badlogic/gdx/physics/box2d/Body;)V+42
j  com.mygdx.game.Entity.dispose()V+8
j  com.mygdx.game.MyGdxGame.dispose()V+82
j  com.badlogic.gdx.backends.lwjgl.LwjglApplication.mainLoop()V+924
j  com.badlogic.gdx.backends.lwjgl.LwjglApplication$1.run()V+27
v  ~StubRoutines::call_stub

siginfo: EXCEPTION_ACCESS_VIOLATION (0xc0000005), reading address 0x0000000000000008


Register to memory mapping:

RIP=0x0000000066b0cfa7 gdx-box2d64.dll
RAX=0x0 is NULL
RBX=0x0000012cfb8e6e30 points into unknown readable memory: 0x0000012cf48cf910 | 10 f9 8c f4 2c 01 00 00
RCX=0x0 is NULL
RDX=0x0000012cf48d3f20 points into unknown readable memory: 0x0000012c3f800000 | 00 00 80 3f 2c 01 00 00
RSP=0x0000000737dfe9e0 is pointing into the stack for thread: 0x0000012cf335e800
RBP=0x0000012cf487c0b0 points into unknown readable memory: 0x0000012cd05d0150 | 50 01 5d d0 2c 01 00 00
RSI=0x0000012cf4895350 points into unknown readable memory: 0x0000000000000010 | 10 00 00 00 00 00 00 00
RDI=0x0000012cfb8e6e30 points into unknown readable memory: 0x0000012cf48cf910 | 10 f9 8c f4 2c 01 00 00
R8 =0x0000012cf487c0b0 points into unknown readable memory: 0x0000012cd05d0150 | 50 01 5d d0 2c 01 00 00
R9 =0x0000012cf48d02d0 points into unknown readable memory: 0x0000003600000002 | 02 00 00 00 36 00 00 00
R10=0x0000012cd61ff6a8 is at code_begin+1000 in an Interpreter codelet
method entry point (kind = native)  [0x0000012cd61ff2c0, 0x0000012cd61ffd60]  2720 bytes
R11=0x0000000000000102 is an unknown value
R12=0x0 is NULL
R13={method} {0x0000012cfb5c81c0} 'jniDestroyBody' '(JJ)V' in 'com/badlogic/gdx/physics/box2d/World'
R14=0x0000000737dfec28 is pointing into the stack for thread: 0x0000012cf335e800
R15=0x0000012cf335e800 is a thread


Registers:
RAX=0x0000000000000000, RBX=0x0000012cfb8e6e30, RCX=0x0000000000000000, RDX=0x0000012cf48d3f20
RSP=0x0000000737dfe9e0, RBP=0x0000012cf487c0b0, RSI=0x0000012cf4895350, RDI=0x0000012cfb8e6e30
R8 =0x0000012cf487c0b0, R9 =0x0000012cf48d02d0, R10=0x0000012cd61ff6a8, R11=0x0000000000000102
R12=0x0000000000000000, R13=0x0000012cfb5c81b8, R14=0x0000000737dfec28, R15=0x0000012cf335e800
RIP=0x0000000066b0cfa7, EFLAGS=0x0000000000010246

Top of Stack: (sp=0x0000000737dfe9e0)
0x0000000737dfe9e0:   0000000000000000 0000012cd6243f80
0x0000000737dfe9f0:   0000000500000400 0000000737dfea08
0x0000000737dfea00:   0000012cf21c52c0 0000012cfb8e6e30
0x0000000737dfea10:   0000012cf4895350 0000012cf48cfb50
0x0000000737dfea20:   0000012cf48d02d0 0000000066b1f39f
0x0000000737dfea30:   0000012cf21c5200 0000000000000000
0x0000000737dfea40:   000051dec50d4929 0000000000000000
0x0000000737dfea50:   0000000000000000 0000012cfb8e71d0
0x0000000737dfea60:   0000012cf487c0b0 0000012cf48d02d0
0x0000000737dfea70:   0000012cf4895350 0000000066b215d3
0x0000000737dfea80:   0000000000000000 00007ffee92f812e
0x0000000737dfea90:   0000012cfb5c81b8 00007ffee92f4197
0x0000000737dfeaa0:   0000012cf487c0b0 0000012cf48d02d0
0x0000000737dfeab0:   000000000000338c 0000000737dfebe8
0x0000000737dfeac0:   0000000000000000 0000000066b26a9d
0x0000000737dfead0:   0000000737dff148 00007ffee908c37b 

Instructions: (pc=0x0000000066b0cfa7)
0x0000000066b0cea7:   e0 05 48 8d 04 d0 48 8d 15 8c 34 04 00 48 01 d0
0x0000000066b0ceb7:   4c 8b 10 4d 85 d2 0f 84 8e 00 00 00 80 78 10 00
0x0000000066b0cec7:   4c 89 b4 24 80 00 00 00 75 1f 41 89 e9 4d 89 e8
0x0000000066b0ced7:   89 fa 4c 89 e1 48 83 c4 20 5b 5e 5f 5d 41 5c 41
0x0000000066b0cee7:   5d 41 5e 49 ff e2 0f 1f 00 41 89 f9 4d 89 e0 89
0x0000000066b0cef7:   ea 4c 89 e9 eb df 0f 1f 00 48 8d 15 79 50 03 00
0x0000000066b0cf07:   48 8d 0d 12 51 03 00 41 b8 51 00 00 00 e8 b7 96
0x0000000066b0cf17:   02 00 e9 7f ff ff ff 66 90 48 8d 15 59 50 03 00
0x0000000066b0cf27:   48 8d 0d c2 50 03 00 41 b8 50 00 00 00 e8 97 96
0x0000000066b0cf37:   02 00 e9 5a ff ff ff 66 90 e8 fb fc ff ff c6 05
0x0000000066b0cf47:   d4 33 04 00 01 e9 2d ff ff ff 31 c0 48 83 c4 20
0x0000000066b0cf57:   5b 5e 5f 5d 41 5c 41 5d 41 5e c3 0f 1f 40 00 66
0x0000000066b0cf67:   2e 0f 1f 84 00 00 00 00 00 55 57 56 53 48 83 ec
0x0000000066b0cf77:   28 80 3d a1 33 04 00 00 48 89 cf 48 89 d5 0f 84
0x0000000066b0cf87:   f5 00 00 00 8b 8f b4 00 00 00 48 8b 47 60 48 8b
0x0000000066b0cf97:   57 68 85 c9 7e 06 80 78 3a 00 74 50 48 8b 40 18
0x0000000066b0cfa7:   48 63 58 08 48 8b 42 18 8b 70 08 85 db 0f 88 8a
0x0000000066b0cfb7:   00 00 00 83 fe 03 0f 8f 81 00 00 00 48 63 c6 48
0x0000000066b0cfc7:   89 f9 48 8d 14 40 48 8d 04 5b 48 c1 e0 05 48 8d
0x0000000066b0cfd7:   04 d0 48 8d 15 60 33 04 00 48 8b 44 02 08 48 89
0x0000000066b0cfe7:   ea 48 83 c4 28 5b 5e 5f 5d 48 ff e0 80 7a 3a 00
0x0000000066b0cff7:   75 aa 4c 8b 40 10 41 0f b7 48 04 f6 c1 02 75 13
0x0000000066b0d007:   83 c9 02 41 c7 80 ac 00 00 00 00 00 00 00 66 41
0x0000000066b0d017:   89 48 04 4c 8b 42 10 41 0f b7 48 04 f6 c1 02 0f
0x0000000066b0d027:   85 77 ff ff ff 83 c9 02 41 c7 80 ac 00 00 00 00
0x0000000066b0d037:   00 00 00 66 41 89 48 04 e9 5f ff ff ff 48 8d 15
0x0000000066b0d047:   35 4f 03 00 48 8d 0d 16 50 03 00 41 b8 77 00 00
0x0000000066b0d057:   00 e8 73 95 02 00 48 8d 15 1c 4f 03 00 48 8d 0d
0x0000000066b0d067:   fd 4f 03 00 41 b8 78 00 00 00 e8 5a 95 02 00 e9
0x0000000066b0d077:   48 ff ff ff 0f 1f 44 00 00 48 8d 15 f9 4e 03 00
0x0000000066b0d087:   48 8d 0d bd 4f 03 00 41 b8 67 00 00 00 e8 37 95
0x0000000066b0d097:   02 00 e9 ed fe ff ff 66 90 48 83 ec 38 48 8d 05 


Stack slot to memory mapping:
stack at sp + 0 slots: 0x0 is NULL
stack at sp + 1 slots: 0x0000012cd6243f80 is at code_begin+0 in 
[CodeBlob (0x0000012cd6243f10)]
Framesize: 0
BufferBlob (0x0000012cd6243f10) used for Signature Handler Temp Buffer
stack at sp + 2 slots: 
[error occurred during error reporting (inspecting top of stack), id 0xc0000005, EXCEPTION_ACCESS_VIOLATION (0xc0000005) at pc=0x00007ffee8ff6847]


---------------  P R O C E S S  ---------------

Threads class SMR info:
_java_thread_list=0x0000012cf4eb3c70, length=12, elements={
0x0000012cf2209000, 0x0000012cf2216800, 0x0000012cf2b17800, 0x0000012cf2b19800,
0x0000012cf2b1a800, 0x0000012cf2b28000, 0x0000012cf2b2d800, 0x0000012cf2b37000,
0x0000012cf2cf3000, 0x0000012cf335e800, 0x0000012cd25a6000, 0x0000012cf52f4800
}

Java Threads: ( => current thread )
  0x0000012cf2209000 JavaThread "Reference Handler" daemon [_thread_blocked, id=17024, stack(0x0000000737000000,0x0000000737100000)]
  0x0000012cf2216800 JavaThread "Finalizer" daemon [_thread_blocked, id=29892, stack(0x0000000737100000,0x0000000737200000)]
  0x0000012cf2b17800 JavaThread "Signal Dispatcher" daemon [_thread_blocked, id=28872, stack(0x0000000737200000,0x0000000737300000)]
  0x0000012cf2b19800 JavaThread "Attach Listener" daemon [_thread_blocked, id=14412, stack(0x0000000737300000,0x0000000737400000)]
  0x0000012cf2b1a800 JavaThread "Service Thread" daemon [_thread_blocked, id=28960, stack(0x0000000737400000,0x0000000737500000)]
  0x0000012cf2b28000 JavaThread "C2 CompilerThread0" daemon [_thread_blocked, id=17296, stack(0x0000000737500000,0x0000000737600000)]
  0x0000012cf2b2d800 JavaThread "C1 CompilerThread0" daemon [_thread_blocked, id=31124, stack(0x0000000737600000,0x0000000737700000)]
  0x0000012cf2b37000 JavaThread "Sweeper thread" daemon [_thread_blocked, id=28300, stack(0x0000000737700000,0x0000000737800000)]
  0x0000012cf2cf3000 JavaThread "Common-Cleaner" daemon [_thread_blocked, id=26312, stack(0x0000000737a00000,0x0000000737b00000)]
=>0x0000012cf335e800 JavaThread "LWJGL Application" [_thread_in_native, id=1680, stack(0x0000000737d00000,0x0000000737e00000)]
  0x0000012cd25a6000 JavaThread "DestroyJavaVM" [_thread_blocked, id=28772, stack(0x0000000736900000,0x0000000736a00000)]
  0x0000012cf52f4800 JavaThread "LWJGL Timer" daemon [_thread_blocked, id=2264, stack(0x0000000738900000,0x0000000738a00000)]

Other Threads:
  0x0000012cf2ac9800 VMThread "VM Thread" [stack: 0x0000000736f00000,0x0000000737000000] [id=26384]
  0x0000012cf2cb6000 WatcherThread [stack: 0x0000000737900000,0x0000000737a00000] [id=29616]
  0x0000012cd25ba000 GCTaskThread "GC Thread#0" [stack: 0x0000000736a00000,0x0000000736b00000] [id=29028]
  0x0000012cd2618800 ConcurrentGCThread "G1 Main Marker" [stack: 0x0000000736b00000,0x0000000736c00000] [id=24100]
  0x0000012cd261a000 ConcurrentGCThread "G1 Conc#0" [stack: 0x0000000736c00000,0x0000000736d00000] [id=29936]
  0x0000012cf20ed800 ConcurrentGCThread "G1 Refine#0" [stack: 0x0000000736d00000,0x0000000736e00000] [id=29612]
  0x0000012cf20ee800 ConcurrentGCThread "G1 Young RemSet Sampling" [stack: 0x0000000736e00000,0x0000000736f00000] [id=30656]

Threads with active compile tasks:

VM state:not at safepoint (normal execution)

VM Mutex/Monitor currently owned by a thread: None

Heap address: 0x00000004d7a00000, size: 4040 MB, Compressed Oops mode: Zero based, Oop shift amount: 3
Narrow klass base: 0x0000000000000000, Narrow klass shift: 3
Compressed class space size: 1073741824 Address: 0x00000005d4200000

Heap:
 garbage-first heap   total 260096K, used 19456K [0x00000004d7a00000, 0x00000005d4200000)
  region size 1024K, 21 young (21504K), 0 survivors (0K)
 Metaspace       used 10710K, capacity 10791K, committed 11136K, reserved 1058816K
  class space    used 813K, capacity 855K, committed 896K, reserved 1048576K
Heap Regions: E=young(eden), S=young(survivor), O=old, HS=humongous(starts), HC=humongous(continues), CS=collection set, F=free, A=archive, TAMS=top-at-mark-start (previous, next)
|   0|0x00000004d7a00000, 0x00000004d7a00000, 0x00000004d7b00000|  0%| F|  |TAMS 0x00000004d7a00000, 0x00000004d7a00000| Untracked 
|   1|0x00000004d7b00000, 0x00000004d7b00000, 0x00000004d7c00000|  0%| F|  |TAMS 0x00000004d7b00000, 0x00000004d7b00000| Untracked 
|   2|0x00000004d7c00000, 0x00000004d7c00000, 0x00000004d7d00000|  0%| F|  |TAMS 0x00000004d7c00000, 0x00000004d7c00000| Untracked 
|   3|0x00000004d7d00000, 0x00000004d7d00000, 0x00000004d7e00000|  0%| F|  |TAMS 0x00000004d7d00000, 0x00000004d7d00000| Untracked 
|   4|0x00000004d7e00000, 0x00000004d7e00000, 0x00000004d7f00000|  0%| F|  |TAMS 0x00000004d7e00000, 0x00000004d7e00000| Untracked 
|   5|0x00000004d7f00000, 0x00000004d7f00000, 0x00000004d8000000|  0%| F|  |TAMS 0x00000004d7f00000, 0x00000004d7f00000| Untracked 
|   6|0x00000004d8000000, 0x00000004d8000000, 0x00000004d8100000|  0%| F|  |TAMS 0x00000004d8000000, 0x00000004d8000000| Untracked 
|   7|0x00000004d8100000, 0x00000004d8100000, 0x00000004d8200000|  0%| F|  |TAMS 0x00000004d8100000, 0x00000004d8100000| Untracked 
|   8|0x00000004d8200000, 0x00000004d8200000, 0x00000004d8300000|  0%| F|  |TAMS 0x00000004d8200000, 0x00000004d8200000| Untracked 
|   9|0x00000004d8300000, 0x00000004d8300000, 0x00000004d8400000|  0%| F|  |TAMS 0x00000004d8300000, 0x00000004d8300000| Untracked 
|  10|0x00000004d8400000, 0x00000004d8400000, 0x00000004d8500000|  0%| F|  |TAMS 0x00000004d8400000, 0x00000004d8400000| Untracked 
|  11|0x00000004d8500000, 0x00000004d8500000, 0x00000004d8600000|  0%| F|  |TAMS 0x00000004d8500000, 0x00000004d8500000| Untracked 
|  12|0x00000004d8600000, 0x00000004d8600000, 0x00000004d8700000|  0%| F|  |TAMS 0x00000004d8600000, 0x00000004d8600000| Untracked 
|  13|0x00000004d8700000, 0x00000004d8700000, 0x00000004d8800000|  0%| F|  |TAMS 0x00000004d8700000, 0x00000004d8700000| Untracked 
|  14|0x00000004d8800000, 0x00000004d8800000, 0x00000004d8900000|  0%| F|  |TAMS 0x00000004d8800000, 0x00000004d8800000| Untracked 
|  15|0x00000004d8900000, 0x00000004d8900000, 0x00000004d8a00000|  0%| F|  |TAMS 0x00000004d8900000, 0x00000004d8900000| Untracked 
|  16|0x00000004d8a00000, 0x00000004d8a00000, 0x00000004d8b00000|  0%| F|  |TAMS 0x00000004d8a00000, 0x00000004d8a00000| Untracked 
|  17|0x00000004d8b00000, 0x00000004d8b00000, 0x00000004d8c00000|  0%| F|  |TAMS 0x00000004d8b00000, 0x00000004d8b00000| Untracked 
|  18|0x00000004d8c00000, 0x00000004d8c00000, 0x00000004d8d00000|  0%| F|  |TAMS 0x00000004d8c00000, 0x00000004d8c00000| Untracked 
|  19|0x00000004d8d00000, 0x00000004d8d00000, 0x00000004d8e00000|  0%| F|  |TAMS 0x00000004d8d00000, 0x00000004d8d00000| Untracked 
|  20|0x00000004d8e00000, 0x00000004d8e00000, 0x00000004d8f00000|  0%| F|  |TAMS 0x00000004d8e00000, 0x00000004d8e00000| Untracked 
|  21|0x00000004d8f00000, 0x00000004d8f00000, 0x00000004d9000000|  0%| F|  |TAMS 0x00000004d8f00000, 0x00000004d8f00000| Untracked 
|  22|0x00000004d9000000, 0x00000004d9000000, 0x00000004d9100000|  0%| F|  |TAMS 0x00000004d9000000, 0x00000004d9000000| Untracked 
|  23|0x00000004d9100000, 0x00000004d9100000, 0x00000004d9200000|  0%| F|  |TAMS 0x00000004d9100000, 0x00000004d9100000| Untracked 
|  24|0x00000004d9200000, 0x00000004d9200000, 0x00000004d9300000|  0%| F|  |TAMS 0x00000004d9200000, 0x00000004d9200000| Untracked 
|  25|0x00000004d9300000, 0x00000004d9300000, 0x00000004d9400000|  0%| F|  |TAMS 0x00000004d9300000, 0x00000004d9300000| Untracked 
|  26|0x00000004d9400000, 0x00000004d9400000, 0x00000004d9500000|  0%| F|  |TAMS 0x00000004d9400000, 0x00000004d9400000| Untracked 
|  27|0x00000004d9500000, 0x00000004d9500000, 0x00000004d9600000|  0%| F|  |TAMS 0x00000004d9500000, 0x00000004d9500000| Untracked 
|  28|0x00000004d9600000, 0x00000004d9600000, 0x00000004d9700000|  0%| F|  |TAMS 0x00000004d9600000, 0x00000004d9600000| Untracked 
|  29|0x00000004d9700000, 0x00000004d9700000, 0x00000004d9800000|  0%| F|  |TAMS 0x00000004d9700000, 0x00000004d9700000| Untracked 
|  30|0x00000004d9800000, 0x00000004d9800000, 0x00000004d9900000|  0%| F|  |TAMS 0x00000004d9800000, 0x00000004d9800000| Untracked 
|  31|0x00000004d9900000, 0x00000004d9900000, 0x00000004d9a00000|  0%| F|  |TAMS 0x00000004d9900000, 0x00000004d9900000| Untracked 
|  32|0x00000004d9a00000, 0x00000004d9a00000, 0x00000004d9b00000|  0%| F|  |TAMS 0x00000004d9a00000, 0x00000004d9a00000| Untracked 
|  33|0x00000004d9b00000, 0x00000004d9b00000, 0x00000004d9c00000|  0%| F|  |TAMS 0x00000004d9b00000, 0x00000004d9b00000| Untracked 
|  34|0x00000004d9c00000, 0x00000004d9c00000, 0x00000004d9d00000|  0%| F|  |TAMS 0x00000004d9c00000, 0x00000004d9c00000| Untracked 
|  35|0x00000004d9d00000, 0x00000004d9d00000, 0x00000004d9e00000|  0%| F|  |TAMS 0x00000004d9d00000, 0x00000004d9d00000| Untracked 
|  36|0x00000004d9e00000, 0x00000004d9e00000, 0x00000004d9f00000|  0%| F|  |TAMS 0x00000004d9e00000, 0x00000004d9e00000| Untracked 
|  37|0x00000004d9f00000, 0x00000004d9f00000, 0x00000004da000000|  0%| F|  |TAMS 0x00000004d9f00000, 0x00000004d9f00000| Untracked 
|  38|0x00000004da000000, 0x00000004da000000, 0x00000004da100000|  0%| F|  |TAMS 0x00000004da000000, 0x00000004da000000| Untracked 
|  39|0x00000004da100000, 0x00000004da100000, 0x00000004da200000|  0%| F|  |TAMS 0x00000004da100000, 0x00000004da100000| Untracked 
|  40|0x00000004da200000, 0x00000004da200000, 0x00000004da300000|  0%| F|  |TAMS 0x00000004da200000, 0x00000004da200000| Untracked 
|  41|0x00000004da300000, 0x00000004da300000, 0x00000004da400000|  0%| F|  |TAMS 0x00000004da300000, 0x00000004da300000| Untracked 
|  42|0x00000004da400000, 0x00000004da400000, 0x00000004da500000|  0%| F|  |TAMS 0x00000004da400000, 0x00000004da400000| Untracked 
|  43|0x00000004da500000, 0x00000004da500000, 0x00000004da600000|  0%| F|  |TAMS 0x00000004da500000, 0x00000004da500000| Untracked 
|  44|0x00000004da600000, 0x00000004da600000, 0x00000004da700000|  0%| F|  |TAMS 0x00000004da600000, 0x00000004da600000| Untracked 
|  45|0x00000004da700000, 0x00000004da700000, 0x00000004da800000|  0%| F|  |TAMS 0x00000004da700000, 0x00000004da700000| Untracked 
|  46|0x00000004da800000, 0x00000004da800000, 0x00000004da900000|  0%| F|  |TAMS 0x00000004da800000, 0x00000004da800000| Untracked 
|  47|0x00000004da900000, 0x00000004da900000, 0x00000004daa00000|  0%| F|  |TAMS 0x00000004da900000, 0x00000004da900000| Untracked 
|  48|0x00000004daa00000, 0x00000004daa00000, 0x00000004dab00000|  0%| F|  |TAMS 0x00000004daa00000, 0x00000004daa00000| Untracked 
|  49|0x00000004dab00000, 0x00000004dab00000, 0x00000004dac00000|  0%| F|  |TAMS 0x00000004dab00000, 0x00000004dab00000| Untracked 
|  50|0x00000004dac00000, 0x00000004dac00000, 0x00000004dad00000|  0%| F|  |TAMS 0x00000004dac00000, 0x00000004dac00000| Untracked 
|  51|0x00000004dad00000, 0x00000004dad00000, 0x00000004dae00000|  0%| F|  |TAMS 0x00000004dad00000, 0x00000004dad00000| Untracked 
|  52|0x00000004dae00000, 0x00000004dae00000, 0x00000004daf00000|  0%| F|  |TAMS 0x00000004dae00000, 0x00000004dae00000| Untracked 
|  53|0x00000004daf00000, 0x00000004daf00000, 0x00000004db000000|  0%| F|  |TAMS 0x00000004daf00000, 0x00000004daf00000| Untracked 
|  54|0x00000004db000000, 0x00000004db000000, 0x00000004db100000|  0%| F|  |TAMS 0x00000004db000000, 0x00000004db000000| Untracked 
|  55|0x00000004db100000, 0x00000004db100000, 0x00000004db200000|  0%| F|  |TAMS 0x00000004db100000, 0x00000004db100000| Untracked 
|  56|0x00000004db200000, 0x00000004db200000, 0x00000004db300000|  0%| F|  |TAMS 0x00000004db200000, 0x00000004db200000| Untracked 
|  57|0x00000004db300000, 0x00000004db300000, 0x00000004db400000|  0%| F|  |TAMS 0x00000004db300000, 0x00000004db300000| Untracked 
|  58|0x00000004db400000, 0x00000004db400000, 0x00000004db500000|  0%| F|  |TAMS 0x00000004db400000, 0x00000004db400000| Untracked 
|  59|0x00000004db500000, 0x00000004db500000, 0x00000004db600000|  0%| F|  |TAMS 0x00000004db500000, 0x00000004db500000| Untracked 
|  60|0x00000004db600000, 0x00000004db600000, 0x00000004db700000|  0%| F|  |TAMS 0x00000004db600000, 0x00000004db600000| Untracked 
|  61|0x00000004db700000, 0x00000004db700000, 0x00000004db800000|  0%| F|  |TAMS 0x00000004db700000, 0x00000004db700000| Untracked 
|  62|0x00000004db800000, 0x00000004db800000, 0x00000004db900000|  0%| F|  |TAMS 0x00000004db800000, 0x00000004db800000| Untracked 
|  63|0x00000004db900000, 0x00000004db900000, 0x00000004dba00000|  0%| F|  |TAMS 0x00000004db900000, 0x00000004db900000| Untracked 
|  64|0x00000004dba00000, 0x00000004dba00000, 0x00000004dbb00000|  0%| F|  |TAMS 0x00000004dba00000, 0x00000004dba00000| Untracked 
|  65|0x00000004dbb00000, 0x00000004dbb00000, 0x00000004dbc00000|  0%| F|  |TAMS 0x00000004dbb00000, 0x00000004dbb00000| Untracked 
|  66|0x00000004dbc00000, 0x00000004dbc00000, 0x00000004dbd00000|  0%| F|  |TAMS 0x00000004dbc00000, 0x00000004dbc00000| Untracked 
|  67|0x00000004dbd00000, 0x00000004dbd00000, 0x00000004dbe00000|  0%| F|  |TAMS 0x00000004dbd00000, 0x00000004dbd00000| Untracked 
|  68|0x00000004dbe00000, 0x00000004dbe00000, 0x00000004dbf00000|  0%| F|  |TAMS 0x00000004dbe00000, 0x00000004dbe00000| Untracked 
|  69|0x00000004dbf00000, 0x00000004dbf00000, 0x00000004dc000000|  0%| F|  |TAMS 0x00000004dbf00000, 0x00000004dbf00000| Untracked 
|  70|0x00000004dc000000, 0x00000004dc000000, 0x00000004dc100000|  0%| F|  |TAMS 0x00000004dc000000, 0x00000004dc000000| Untracked 
|  71|0x00000004dc100000, 0x00000004dc100000, 0x00000004dc200000|  0%| F|  |TAMS 0x00000004dc100000, 0x00000004dc100000| Untracked 
|  72|0x00000004dc200000, 0x00000004dc200000, 0x00000004dc300000|  0%| F|  |TAMS 0x00000004dc200000, 0x00000004dc200000| Untracked 
|  73|0x00000004dc300000, 0x00000004dc300000, 0x00000004dc400000|  0%| F|  |TAMS 0x00000004dc300000, 0x00000004dc300000| Untracked 
|  74|0x00000004dc400000, 0x00000004dc400000, 0x00000004dc500000|  0%| F|  |TAMS 0x00000004dc400000, 0x00000004dc400000| Untracked 
|  75|0x00000004dc500000, 0x00000004dc500000, 0x00000004dc600000|  0%| F|  |TAMS 0x00000004dc500000, 0x00000004dc500000| Untracked 
|  76|0x00000004dc600000, 0x00000004dc600000, 0x00000004dc700000|  0%| F|  |TAMS 0x00000004dc600000, 0x00000004dc600000| Untracked 
|  77|0x00000004dc700000, 0x00000004dc700000, 0x00000004dc800000|  0%| F|  |TAMS 0x00000004dc700000, 0x00000004dc700000| Untracked 
|  78|0x00000004dc800000, 0x00000004dc800000, 0x00000004dc900000|  0%| F|  |TAMS 0x00000004dc800000, 0x00000004dc800000| Untracked 
|  79|0x00000004dc900000, 0x00000004dc900000, 0x00000004dca00000|  0%| F|  |TAMS 0x00000004dc900000, 0x00000004dc900000| Untracked 
|  80|0x00000004dca00000, 0x00000004dca00000, 0x00000004dcb00000|  0%| F|  |TAMS 0x00000004dca00000, 0x00000004dca00000| Untracked 
|  81|0x00000004dcb00000, 0x00000004dcb00000, 0x00000004dcc00000|  0%| F|  |TAMS 0x00000004dcb00000, 0x00000004dcb00000| Untracked 
|  82|0x00000004dcc00000, 0x00000004dcc00000, 0x00000004dcd00000|  0%| F|  |TAMS 0x00000004dcc00000, 0x00000004dcc00000| Untracked 
|  83|0x00000004dcd00000, 0x00000004dcd00000, 0x00000004dce00000|  0%| F|  |TAMS 0x00000004dcd00000, 0x00000004dcd00000| Untracked 
|  84|0x00000004dce00000, 0x00000004dce00000, 0x00000004dcf00000|  0%| F|  |TAMS 0x00000004dce00000, 0x00000004dce00000| Untracked 
|  85|0x00000004dcf00000, 0x00000004dcf00000, 0x00000004dd000000|  0%| F|  |TAMS 0x00000004dcf00000, 0x00000004dcf00000| Untracked 
|  86|0x00000004dd000000, 0x00000004dd000000, 0x00000004dd100000|  0%| F|  |TAMS 0x00000004dd000000, 0x00000004dd000000| Untracked 
|  87|0x00000004dd100000, 0x00000004dd100000, 0x00000004dd200000|  0%| F|  |TAMS 0x00000004dd100000, 0x00000004dd100000| Untracked 
|  88|0x00000004dd200000, 0x00000004dd200000, 0x00000004dd300000|  0%| F|  |TAMS 0x00000004dd200000, 0x00000004dd200000| Untracked 
|  89|0x00000004dd300000, 0x00000004dd300000, 0x00000004dd400000|  0%| F|  |TAMS 0x00000004dd300000, 0x00000004dd300000| Untracked 
|  90|0x00000004dd400000, 0x00000004dd400000, 0x00000004dd500000|  0%| F|  |TAMS 0x00000004dd400000, 0x00000004dd400000| Untracked 
|  91|0x00000004dd500000, 0x00000004dd500000, 0x00000004dd600000|  0%| F|  |TAMS 0x00000004dd500000, 0x00000004dd500000| Untracked 
|  92|0x00000004dd600000, 0x00000004dd600000, 0x00000004dd700000|  0%| F|  |TAMS 0x00000004dd600000, 0x00000004dd600000| Untracked 
|  93|0x00000004dd700000, 0x00000004dd700000, 0x00000004dd800000|  0%| F|  |TAMS 0x00000004dd700000, 0x00000004dd700000| Untracked 
|  94|0x00000004dd800000, 0x00000004dd800000, 0x00000004dd900000|  0%| F|  |TAMS 0x00000004dd800000, 0x00000004dd800000| Untracked 
|  95|0x00000004dd900000, 0x00000004dd900000, 0x00000004dda00000|  0%| F|  |TAMS 0x00000004dd900000, 0x00000004dd900000| Untracked 
|  96|0x00000004dda00000, 0x00000004dda00000, 0x00000004ddb00000|  0%| F|  |TAMS 0x00000004dda00000, 0x00000004dda00000| Untracked 
|  97|0x00000004ddb00000, 0x00000004ddb00000, 0x00000004ddc00000|  0%| F|  |TAMS 0x00000004ddb00000, 0x00000004ddb00000| Untracked 
|  98|0x00000004ddc00000, 0x00000004ddc00000, 0x00000004ddd00000|  0%| F|  |TAMS 0x00000004ddc00000, 0x00000004ddc00000| Untracked 
|  99|0x00000004ddd00000, 0x00000004ddd00000, 0x00000004dde00000|  0%| F|  |TAMS 0x00000004ddd00000, 0x00000004ddd00000| Untracked 
| 100|0x00000004dde00000, 0x00000004dde00000, 0x00000004ddf00000|  0%| F|  |TAMS 0x00000004dde00000, 0x00000004dde00000| Untracked 
| 101|0x00000004ddf00000, 0x00000004ddf00000, 0x00000004de000000|  0%| F|  |TAMS 0x00000004ddf00000, 0x00000004ddf00000| Untracked 
| 102|0x00000004de000000, 0x00000004de000000, 0x00000004de100000|  0%| F|  |TAMS 0x00000004de000000, 0x00000004de000000| Untracked 
| 103|0x00000004de100000, 0x00000004de100000, 0x00000004de200000|  0%| F|  |TAMS 0x00000004de100000, 0x00000004de100000| Untracked 
| 104|0x00000004de200000, 0x00000004de200000, 0x00000004de300000|  0%| F|  |TAMS 0x00000004de200000, 0x00000004de200000| Untracked 
| 105|0x00000004de300000, 0x00000004de300000, 0x00000004de400000|  0%| F|  |TAMS 0x00000004de300000, 0x00000004de300000| Untracked 
| 106|0x00000004de400000, 0x00000004de400000, 0x00000004de500000|  0%| F|  |TAMS 0x00000004de400000, 0x00000004de400000| Untracked 
| 107|0x00000004de500000, 0x00000004de500000, 0x00000004de600000|  0%| F|  |TAMS 0x00000004de500000, 0x00000004de500000| Untracked 
| 108|0x00000004de600000, 0x00000004de600000, 0x00000004de700000|  0%| F|  |TAMS 0x00000004de600000, 0x00000004de600000| Untracked 
| 109|0x00000004de700000, 0x00000004de700000, 0x00000004de800000|  0%| F|  |TAMS 0x00000004de700000, 0x00000004de700000| Untracked 
| 110|0x00000004de800000, 0x00000004de800000, 0x00000004de900000|  0%| F|  |TAMS 0x00000004de800000, 0x00000004de800000| Untracked 
| 111|0x00000004de900000, 0x00000004de900000, 0x00000004dea00000|  0%| F|  |TAMS 0x00000004de900000, 0x00000004de900000| Untracked 
| 112|0x00000004dea00000, 0x00000004dea00000, 0x00000004deb00000|  0%| F|  |TAMS 0x00000004dea00000, 0x00000004dea00000| Untracked 
| 113|0x00000004deb00000, 0x00000004deb00000, 0x00000004dec00000|  0%| F|  |TAMS 0x00000004deb00000, 0x00000004deb00000| Untracked 
| 114|0x00000004dec00000, 0x00000004dec00000, 0x00000004ded00000|  0%| F|  |TAMS 0x00000004dec00000, 0x00000004dec00000| Untracked 
| 115|0x00000004ded00000, 0x00000004ded00000, 0x00000004dee00000|  0%| F|  |TAMS 0x00000004ded00000, 0x00000004ded00000| Untracked 
| 116|0x00000004dee00000, 0x00000004dee00000, 0x00000004def00000|  0%| F|  |TAMS 0x00000004dee00000, 0x00000004dee00000| Untracked 
| 117|0x00000004def00000, 0x00000004def00000, 0x00000004df000000|  0%| F|  |TAMS 0x00000004def00000, 0x00000004def00000| Untracked 
| 118|0x00000004df000000, 0x00000004df000000, 0x00000004df100000|  0%| F|  |TAMS 0x00000004df000000, 0x00000004df000000| Untracked 
| 119|0x00000004df100000, 0x00000004df100000, 0x00000004df200000|  0%| F|  |TAMS 0x00000004df100000, 0x00000004df100000| Untracked 
| 120|0x00000004df200000, 0x00000004df200000, 0x00000004df300000|  0%| F|  |TAMS 0x00000004df200000, 0x00000004df200000| Untracked 
| 121|0x00000004df300000, 0x00000004df300000, 0x00000004df400000|  0%| F|  |TAMS 0x00000004df300000, 0x00000004df300000| Untracked 
| 122|0x00000004df400000, 0x00000004df400000, 0x00000004df500000|  0%| F|  |TAMS 0x00000004df400000, 0x00000004df400000| Untracked 
| 123|0x00000004df500000, 0x00000004df500000, 0x00000004df600000|  0%| F|  |TAMS 0x00000004df500000, 0x00000004df500000| Untracked 
| 124|0x00000004df600000, 0x00000004df600000, 0x00000004df700000|  0%| F|  |TAMS 0x00000004df600000, 0x00000004df600000| Untracked 
| 125|0x00000004df700000, 0x00000004df700000, 0x00000004df800000|  0%| F|  |TAMS 0x00000004df700000, 0x00000004df700000| Untracked 
| 126|0x00000004df800000, 0x00000004df800000, 0x00000004df900000|  0%| F|  |TAMS 0x00000004df800000, 0x00000004df800000| Untracked 
| 127|0x00000004df900000, 0x00000004df900000, 0x00000004dfa00000|  0%| F|  |TAMS 0x00000004df900000, 0x00000004df900000| Untracked 
| 128|0x00000004dfa00000, 0x00000004dfa00000, 0x00000004dfb00000|  0%| F|  |TAMS 0x00000004dfa00000, 0x00000004dfa00000| Untracked 
| 129|0x00000004dfb00000, 0x00000004dfb00000, 0x00000004dfc00000|  0%| F|  |TAMS 0x00000004dfb00000, 0x00000004dfb00000| Untracked 
| 130|0x00000004dfc00000, 0x00000004dfc00000, 0x00000004dfd00000|  0%| F|  |TAMS 0x00000004dfc00000, 0x00000004dfc00000| Untracked 
| 131|0x00000004dfd00000, 0x00000004dfd00000, 0x00000004dfe00000|  0%| F|  |TAMS 0x00000004dfd00000, 0x00000004dfd00000| Untracked 
| 132|0x00000004dfe00000, 0x00000004dfe00000, 0x00000004dff00000|  0%| F|  |TAMS 0x00000004dfe00000, 0x00000004dfe00000| Untracked 
| 133|0x00000004dff00000, 0x00000004dff00000, 0x00000004e0000000|  0%| F|  |TAMS 0x00000004dff00000, 0x00000004dff00000| Untracked 
| 134|0x00000004e0000000, 0x00000004e0000000, 0x00000004e0100000|  0%| F|  |TAMS 0x00000004e0000000, 0x00000004e0000000| Untracked 
| 135|0x00000004e0100000, 0x00000004e0100000, 0x00000004e0200000|  0%| F|  |TAMS 0x00000004e0100000, 0x00000004e0100000| Untracked 
| 136|0x00000004e0200000, 0x00000004e0200000, 0x00000004e0300000|  0%| F|  |TAMS 0x00000004e0200000, 0x00000004e0200000| Untracked 
| 137|0x00000004e0300000, 0x00000004e0300000, 0x00000004e0400000|  0%| F|  |TAMS 0x00000004e0300000, 0x00000004e0300000| Untracked 
| 138|0x00000004e0400000, 0x00000004e0400000, 0x00000004e0500000|  0%| F|  |TAMS 0x00000004e0400000, 0x00000004e0400000| Untracked 
| 139|0x00000004e0500000, 0x00000004e0500000, 0x00000004e0600000|  0%| F|  |TAMS 0x00000004e0500000, 0x00000004e0500000| Untracked 
| 140|0x00000004e0600000, 0x00000004e0600000, 0x00000004e0700000|  0%| F|  |TAMS 0x00000004e0600000, 0x00000004e0600000| Untracked 
| 141|0x00000004e0700000, 0x00000004e0700000, 0x00000004e0800000|  0%| F|  |TAMS 0x00000004e0700000, 0x00000004e0700000| Untracked 
| 142|0x00000004e0800000, 0x00000004e0800000, 0x00000004e0900000|  0%| F|  |TAMS 0x00000004e0800000, 0x00000004e0800000| Untracked 
| 143|0x00000004e0900000, 0x00000004e0900000, 0x00000004e0a00000|  0%| F|  |TAMS 0x00000004e0900000, 0x00000004e0900000| Untracked 
| 144|0x00000004e0a00000, 0x00000004e0a00000, 0x00000004e0b00000|  0%| F|  |TAMS 0x00000004e0a00000, 0x00000004e0a00000| Untracked 
| 145|0x00000004e0b00000, 0x00000004e0b00000, 0x00000004e0c00000|  0%| F|  |TAMS 0x00000004e0b00000, 0x00000004e0b00000| Untracked 
| 146|0x00000004e0c00000, 0x00000004e0c00000, 0x00000004e0d00000|  0%| F|  |TAMS 0x00000004e0c00000, 0x00000004e0c00000| Untracked 
| 147|0x00000004e0d00000, 0x00000004e0d00000, 0x00000004e0e00000|  0%| F|  |TAMS 0x00000004e0d00000, 0x00000004e0d00000| Untracked 
| 148|0x00000004e0e00000, 0x00000004e0e00000, 0x00000004e0f00000|  0%| F|  |TAMS 0x00000004e0e00000, 0x00000004e0e00000| Untracked 
| 149|0x00000004e0f00000, 0x00000004e0f00000, 0x00000004e1000000|  0%| F|  |TAMS 0x00000004e0f00000, 0x00000004e0f00000| Untracked 
| 150|0x00000004e1000000, 0x00000004e1000000, 0x00000004e1100000|  0%| F|  |TAMS 0x00000004e1000000, 0x00000004e1000000| Untracked 
| 151|0x00000004e1100000, 0x00000004e1100000, 0x00000004e1200000|  0%| F|  |TAMS 0x00000004e1100000, 0x00000004e1100000| Untracked 
| 152|0x00000004e1200000, 0x00000004e1200000, 0x00000004e1300000|  0%| F|  |TAMS 0x00000004e1200000, 0x00000004e1200000| Untracked 
| 153|0x00000004e1300000, 0x00000004e1300000, 0x00000004e1400000|  0%| F|  |TAMS 0x00000004e1300000, 0x00000004e1300000| Untracked 
| 154|0x00000004e1400000, 0x00000004e1400000, 0x00000004e1500000|  0%| F|  |TAMS 0x00000004e1400000, 0x00000004e1400000| Untracked 
| 155|0x00000004e1500000, 0x00000004e1500000, 0x00000004e1600000|  0%| F|  |TAMS 0x00000004e1500000, 0x00000004e1500000| Untracked 
| 156|0x00000004e1600000, 0x00000004e1600000, 0x00000004e1700000|  0%| F|  |TAMS 0x00000004e1600000, 0x00000004e1600000| Untracked 
| 157|0x00000004e1700000, 0x00000004e1700000, 0x00000004e1800000|  0%| F|  |TAMS 0x00000004e1700000, 0x00000004e1700000| Untracked 
| 158|0x00000004e1800000, 0x00000004e1800000, 0x00000004e1900000|  0%| F|  |TAMS 0x00000004e1800000, 0x00000004e1800000| Untracked 
| 159|0x00000004e1900000, 0x00000004e1900000, 0x00000004e1a00000|  0%| F|  |TAMS 0x00000004e1900000, 0x00000004e1900000| Untracked 
| 160|0x00000004e1a00000, 0x00000004e1a00000, 0x00000004e1b00000|  0%| F|  |TAMS 0x00000004e1a00000, 0x00000004e1a00000| Untracked 
| 161|0x00000004e1b00000, 0x00000004e1b00000, 0x00000004e1c00000|  0%| F|  |TAMS 0x00000004e1b00000, 0x00000004e1b00000| Untracked 
| 162|0x00000004e1c00000, 0x00000004e1c00000, 0x00000004e1d00000|  0%| F|  |TAMS 0x00000004e1c00000, 0x00000004e1c00000| Untracked 
| 163|0x00000004e1d00000, 0x00000004e1d00000, 0x00000004e1e00000|  0%| F|  |TAMS 0x00000004e1d00000, 0x00000004e1d00000| Untracked 
| 164|0x00000004e1e00000, 0x00000004e1e00000, 0x00000004e1f00000|  0%| F|  |TAMS 0x00000004e1e00000, 0x00000004e1e00000| Untracked 
| 165|0x00000004e1f00000, 0x00000004e1f00000, 0x00000004e2000000|  0%| F|  |TAMS 0x00000004e1f00000, 0x00000004e1f00000| Untracked 
| 166|0x00000004e2000000, 0x00000004e2000000, 0x00000004e2100000|  0%| F|  |TAMS 0x00000004e2000000, 0x00000004e2000000| Untracked 
| 167|0x00000004e2100000, 0x00000004e2100000, 0x00000004e2200000|  0%| F|  |TAMS 0x00000004e2100000, 0x00000004e2100000| Untracked 
| 168|0x00000004e2200000, 0x00000004e2200000, 0x00000004e2300000|  0%| F|  |TAMS 0x00000004e2200000, 0x00000004e2200000| Untracked 
| 169|0x00000004e2300000, 0x00000004e2300000, 0x00000004e2400000|  0%| F|  |TAMS 0x00000004e2300000, 0x00000004e2300000| Untracked 
| 170|0x00000004e2400000, 0x00000004e2400000, 0x00000004e2500000|  0%| F|  |TAMS 0x00000004e2400000, 0x00000004e2400000| Untracked 
| 171|0x00000004e2500000, 0x00000004e2500000, 0x00000004e2600000|  0%| F|  |TAMS 0x00000004e2500000, 0x00000004e2500000| Untracked 
| 172|0x00000004e2600000, 0x00000004e2600000, 0x00000004e2700000|  0%| F|  |TAMS 0x00000004e2600000, 0x00000004e2600000| Untracked 
| 173|0x00000004e2700000, 0x00000004e2700000, 0x00000004e2800000|  0%| F|  |TAMS 0x00000004e2700000, 0x00000004e2700000| Untracked 
| 174|0x00000004e2800000, 0x00000004e2800000, 0x00000004e2900000|  0%| F|  |TAMS 0x00000004e2800000, 0x00000004e2800000| Untracked 
| 175|0x00000004e2900000, 0x00000004e2900000, 0x00000004e2a00000|  0%| F|  |TAMS 0x00000004e2900000, 0x00000004e2900000| Untracked 
| 176|0x00000004e2a00000, 0x00000004e2a00000, 0x00000004e2b00000|  0%| F|  |TAMS 0x00000004e2a00000, 0x00000004e2a00000| Untracked 
| 177|0x00000004e2b00000, 0x00000004e2b00000, 0x00000004e2c00000|  0%| F|  |TAMS 0x00000004e2b00000, 0x00000004e2b00000| Untracked 
| 178|0x00000004e2c00000, 0x00000004e2c00000, 0x00000004e2d00000|  0%| F|  |TAMS 0x00000004e2c00000, 0x00000004e2c00000| Untracked 
| 179|0x00000004e2d00000, 0x00000004e2d00000, 0x00000004e2e00000|  0%| F|  |TAMS 0x00000004e2d00000, 0x00000004e2d00000| Untracked 
| 180|0x00000004e2e00000, 0x00000004e2e00000, 0x00000004e2f00000|  0%| F|  |TAMS 0x00000004e2e00000, 0x00000004e2e00000| Untracked 
| 181|0x00000004e2f00000, 0x00000004e2f00000, 0x00000004e3000000|  0%| F|  |TAMS 0x00000004e2f00000, 0x00000004e2f00000| Untracked 
| 182|0x00000004e3000000, 0x00000004e3000000, 0x00000004e3100000|  0%| F|  |TAMS 0x00000004e3000000, 0x00000004e3000000| Untracked 
| 183|0x00000004e3100000, 0x00000004e3100000, 0x00000004e3200000|  0%| F|  |TAMS 0x00000004e3100000, 0x00000004e3100000| Untracked 
| 184|0x00000004e3200000, 0x00000004e3200000, 0x00000004e3300000|  0%| F|  |TAMS 0x00000004e3200000, 0x00000004e3200000| Untracked 
| 185|0x00000004e3300000, 0x00000004e3300000, 0x00000004e3400000|  0%| F|  |TAMS 0x00000004e3300000, 0x00000004e3300000| Untracked 
| 186|0x00000004e3400000, 0x00000004e3400000, 0x00000004e3500000|  0%| F|  |TAMS 0x00000004e3400000, 0x00000004e3400000| Untracked 
| 187|0x00000004e3500000, 0x00000004e3500000, 0x00000004e3600000|  0%| F|  |TAMS 0x00000004e3500000, 0x00000004e3500000| Untracked 
| 188|0x00000004e3600000, 0x00000004e3600000, 0x00000004e3700000|  0%| F|  |TAMS 0x00000004e3600000, 0x00000004e3600000| Untracked 
| 189|0x00000004e3700000, 0x00000004e3700000, 0x00000004e3800000|  0%| F|  |TAMS 0x00000004e3700000, 0x00000004e3700000| Untracked 
| 190|0x00000004e3800000, 0x00000004e3800000, 0x00000004e3900000|  0%| F|  |TAMS 0x00000004e3800000, 0x00000004e3800000| Untracked 
| 191|0x00000004e3900000, 0x00000004e3900000, 0x00000004e3a00000|  0%| F|  |TAMS 0x00000004e3900000, 0x00000004e3900000| Untracked 
| 192|0x00000004e3a00000, 0x00000004e3a00000, 0x00000004e3b00000|  0%| F|  |TAMS 0x00000004e3a00000, 0x00000004e3a00000| Untracked 
| 193|0x00000004e3b00000, 0x00000004e3b00000, 0x00000004e3c00000|  0%| F|  |TAMS 0x00000004e3b00000, 0x00000004e3b00000| Untracked 
| 194|0x00000004e3c00000, 0x00000004e3c00000, 0x00000004e3d00000|  0%| F|  |TAMS 0x00000004e3c00000, 0x00000004e3c00000| Untracked 
| 195|0x00000004e3d00000, 0x00000004e3d00000, 0x00000004e3e00000|  0%| F|  |TAMS 0x00000004e3d00000, 0x00000004e3d00000| Untracked 
| 196|0x00000004e3e00000, 0x00000004e3e00000, 0x00000004e3f00000|  0%| F|  |TAMS 0x00000004e3e00000, 0x00000004e3e00000| Untracked 
| 197|0x00000004e3f00000, 0x00000004e3f00000, 0x00000004e4000000|  0%| F|  |TAMS 0x00000004e3f00000, 0x00000004e3f00000| Untracked 
| 198|0x00000004e4000000, 0x00000004e4000000, 0x00000004e4100000|  0%| F|  |TAMS 0x00000004e4000000, 0x00000004e4000000| Untracked 
| 199|0x00000004e4100000, 0x00000004e4100000, 0x00000004e4200000|  0%| F|  |TAMS 0x00000004e4100000, 0x00000004e4100000| Untracked 
| 200|0x00000004e4200000, 0x00000004e4200000, 0x00000004e4300000|  0%| F|  |TAMS 0x00000004e4200000, 0x00000004e4200000| Untracked 
| 201|0x00000004e4300000, 0x00000004e4300000, 0x00000004e4400000|  0%| F|  |TAMS 0x00000004e4300000, 0x00000004e4300000| Untracked 
| 202|0x00000004e4400000, 0x00000004e4400000, 0x00000004e4500000|  0%| F|  |TAMS 0x00000004e4400000, 0x00000004e4400000| Untracked 
| 203|0x00000004e4500000, 0x00000004e4500000, 0x00000004e4600000|  0%| F|  |TAMS 0x00000004e4500000, 0x00000004e4500000| Untracked 
| 204|0x00000004e4600000, 0x00000004e4600000, 0x00000004e4700000|  0%| F|  |TAMS 0x00000004e4600000, 0x00000004e4600000| Untracked 
| 205|0x00000004e4700000, 0x00000004e4700000, 0x00000004e4800000|  0%| F|  |TAMS 0x00000004e4700000, 0x00000004e4700000| Untracked 
| 206|0x00000004e4800000, 0x00000004e4800000, 0x00000004e4900000|  0%| F|  |TAMS 0x00000004e4800000, 0x00000004e4800000| Untracked 
| 207|0x00000004e4900000, 0x00000004e4900000, 0x00000004e4a00000|  0%| F|  |TAMS 0x00000004e4900000, 0x00000004e4900000| Untracked 
| 208|0x00000004e4a00000, 0x00000004e4a00000, 0x00000004e4b00000|  0%| F|  |TAMS 0x00000004e4a00000, 0x00000004e4a00000| Untracked 
| 209|0x00000004e4b00000, 0x00000004e4b00000, 0x00000004e4c00000|  0%| F|  |TAMS 0x00000004e4b00000, 0x00000004e4b00000| Untracked 
| 210|0x00000004e4c00000, 0x00000004e4c00000, 0x00000004e4d00000|  0%| F|  |TAMS 0x00000004e4c00000, 0x00000004e4c00000| Untracked 
| 211|0x00000004e4d00000, 0x00000004e4d00000, 0x00000004e4e00000|  0%| F|  |TAMS 0x00000004e4d00000, 0x00000004e4d00000| Untracked 
| 212|0x00000004e4e00000, 0x00000004e4e00000, 0x00000004e4f00000|  0%| F|  |TAMS 0x00000004e4e00000, 0x00000004e4e00000| Untracked 
| 213|0x00000004e4f00000, 0x00000004e4f00000, 0x00000004e5000000|  0%| F|  |TAMS 0x00000004e4f00000, 0x00000004e4f00000| Untracked 
| 214|0x00000004e5000000, 0x00000004e5000000, 0x00000004e5100000|  0%| F|  |TAMS 0x00000004e5000000, 0x00000004e5000000| Untracked 
| 215|0x00000004e5100000, 0x00000004e5100000, 0x00000004e5200000|  0%| F|  |TAMS 0x00000004e5100000, 0x00000004e5100000| Untracked 
| 216|0x00000004e5200000, 0x00000004e5200000, 0x00000004e5300000|  0%| F|  |TAMS 0x00000004e5200000, 0x00000004e5200000| Untracked 
| 217|0x00000004e5300000, 0x00000004e5300000, 0x00000004e5400000|  0%| F|  |TAMS 0x00000004e5300000, 0x00000004e5300000| Untracked 
| 218|0x00000004e5400000, 0x00000004e5400000, 0x00000004e5500000|  0%| F|  |TAMS 0x00000004e5400000, 0x00000004e5400000| Untracked 
| 219|0x00000004e5500000, 0x00000004e5500000, 0x00000004e5600000|  0%| F|  |TAMS 0x00000004e5500000, 0x00000004e5500000| Untracked 
| 220|0x00000004e5600000, 0x00000004e5600000, 0x00000004e5700000|  0%| F|  |TAMS 0x00000004e5600000, 0x00000004e5600000| Untracked 
| 221|0x00000004e5700000, 0x00000004e5700000, 0x00000004e5800000|  0%| F|  |TAMS 0x00000004e5700000, 0x00000004e5700000| Untracked 
| 222|0x00000004e5800000, 0x00000004e5800000, 0x00000004e5900000|  0%| F|  |TAMS 0x00000004e5800000, 0x00000004e5800000| Untracked 
| 223|0x00000004e5900000, 0x00000004e5900000, 0x00000004e5a00000|  0%| F|  |TAMS 0x00000004e5900000, 0x00000004e5900000| Untracked 
| 224|0x00000004e5a00000, 0x00000004e5a00000, 0x00000004e5b00000|  0%| F|  |TAMS 0x00000004e5a00000, 0x00000004e5a00000| Untracked 
| 225|0x00000004e5b00000, 0x00000004e5b00000, 0x00000004e5c00000|  0%| F|  |TAMS 0x00000004e5b00000, 0x00000004e5b00000| Untracked 
| 226|0x00000004e5c00000, 0x00000004e5c00000, 0x00000004e5d00000|  0%| F|  |TAMS 0x00000004e5c00000, 0x00000004e5c00000| Untracked 
| 227|0x00000004e5d00000, 0x00000004e5d00000, 0x00000004e5e00000|  0%| F|  |TAMS 0x00000004e5d00000, 0x00000004e5d00000| Untracked 
| 228|0x00000004e5e00000, 0x00000004e5e00000, 0x00000004e5f00000|  0%| F|  |TAMS 0x00000004e5e00000, 0x00000004e5e00000| Untracked 
| 229|0x00000004e5f00000, 0x00000004e5f00000, 0x00000004e6000000|  0%| F|  |TAMS 0x00000004e5f00000, 0x00000004e5f00000| Untracked 
| 230|0x00000004e6000000, 0x00000004e6000000, 0x00000004e6100000|  0%| F|  |TAMS 0x00000004e6000000, 0x00000004e6000000| Untracked 
| 231|0x00000004e6100000, 0x00000004e6100000, 0x00000004e6200000|  0%| F|  |TAMS 0x00000004e6100000, 0x00000004e6100000| Untracked 
| 232|0x00000004e6200000, 0x00000004e6200000, 0x00000004e6300000|  0%| F|  |TAMS 0x00000004e6200000, 0x00000004e6200000| Untracked 
| 233|0x00000004e6300000, 0x00000004e6300800, 0x00000004e6400000|  0%| E|  |TAMS 0x00000004e6300000, 0x00000004e6300000| Complete 
| 234|0x00000004e6400000, 0x00000004e6500000, 0x00000004e6500000|100%| E|CS|TAMS 0x00000004e6400000, 0x00000004e6400000| Complete 
| 235|0x00000004e6500000, 0x00000004e6600000, 0x00000004e6600000|100%| E|CS|TAMS 0x00000004e6500000, 0x00000004e6500000| Complete 
| 236|0x00000004e6600000, 0x00000004e6700000, 0x00000004e6700000|100%| E|  |TAMS 0x00000004e6600000, 0x00000004e6600000| Complete 
| 237|0x00000004e6700000, 0x00000004e6800000, 0x00000004e6800000|100%| E|CS|TAMS 0x00000004e6700000, 0x00000004e6700000| Complete 
| 238|0x00000004e6800000, 0x00000004e6900000, 0x00000004e6900000|100%| E|CS|TAMS 0x00000004e6800000, 0x00000004e6800000| Complete 
| 239|0x00000004e6900000, 0x00000004e6a00000, 0x00000004e6a00000|100%| E|CS|TAMS 0x00000004e6900000, 0x00000004e6900000| Complete 
| 240|0x00000004e6a00000, 0x00000004e6b00000, 0x00000004e6b00000|100%| E|CS|TAMS 0x00000004e6a00000, 0x00000004e6a00000| Complete 
| 241|0x00000004e6b00000, 0x00000004e6c00000, 0x00000004e6c00000|100%| E|CS|TAMS 0x00000004e6b00000, 0x00000004e6b00000| Complete 
| 242|0x00000004e6c00000, 0x00000004e6d00000, 0x00000004e6d00000|100%| E|CS|TAMS 0x00000004e6c00000, 0x00000004e6c00000| Complete 
| 243|0x00000004e6d00000, 0x00000004e6e00000, 0x00000004e6e00000|100%| E|CS|TAMS 0x00000004e6d00000, 0x00000004e6d00000| Complete 
| 244|0x00000004e6e00000, 0x00000004e6f00000, 0x00000004e6f00000|100%| E|CS|TAMS 0x00000004e6e00000, 0x00000004e6e00000| Complete 
| 245|0x00000004e6f00000, 0x00000004e7000000, 0x00000004e7000000|100%| E|CS|TAMS 0x00000004e6f00000, 0x00000004e6f00000| Complete 
| 246|0x00000004e7000000, 0x00000004e7100000, 0x00000004e7100000|100%| E|CS|TAMS 0x00000004e7000000, 0x00000004e7000000| Complete 
| 247|0x00000004e7100000, 0x00000004e7200000, 0x00000004e7200000|100%| E|CS|TAMS 0x00000004e7100000, 0x00000004e7100000| Complete 
| 248|0x00000004e7200000, 0x00000004e7300000, 0x00000004e7300000|100%| E|CS|TAMS 0x00000004e7200000, 0x00000004e7200000| Complete 
| 249|0x00000004e7300000, 0x00000004e7400000, 0x00000004e7400000|100%| E|CS|TAMS 0x00000004e7300000, 0x00000004e7300000| Complete 
| 250|0x00000004e7400000, 0x00000004e7500000, 0x00000004e7500000|100%| E|CS|TAMS 0x00000004e7400000, 0x00000004e7400000| Complete 
| 251|0x00000004e7500000, 0x00000004e7600000, 0x00000004e7600000|100%| E|CS|TAMS 0x00000004e7500000, 0x00000004e7500000| Complete 
| 252|0x00000004e7600000, 0x00000004e7700000, 0x00000004e7700000|100%| E|CS|TAMS 0x00000004e7600000, 0x00000004e7600000| Complete 
| 253|0x00000004e7700000, 0x00000004e7800000, 0x00000004e7800000|100%| E|CS|TAMS 0x00000004e7700000, 0x00000004e7700000| Complete 

Card table byte_map: [0x0000012ce6290000,0x0000012ce6a80000] _byte_map_base: 0x0000012ce3bd3000

Marking Bits (Prev, Next): (CMBitMap*) 0x0000012cd2608168, (CMBitMap*) 0x0000012cd26081a0
 Prev Bits: [0x0000012ce7270000, 0x0000012ceb190000)
 Next Bits: [0x0000012ceb190000, 0x0000012cef0b0000)

Polling page: 0x0000012cd0550000

Metaspace:

Usage:
  Non-class:      9.70 MB capacity,     9.66 MB (>99%) used,    32.66 KB ( <1%) free+waste,     7.00 KB ( <1%) overhead. 
      Class:    855.00 KB capacity,   813.96 KB ( 95%) used,    39.16 KB (  5%) free+waste,     1.88 KB ( <1%) overhead. 
       Both:     10.54 MB capacity,    10.46 MB (>99%) used,    71.83 KB ( <1%) free+waste,     8.88 KB ( <1%) overhead. 

Virtual space:
  Non-class space:       10.00 MB reserved,      10.00 MB (100%) committed 
      Class space:        1.00 GB reserved,     896.00 KB ( <1%) committed 
             Both:        1.01 GB reserved,      10.88 MB (  1%) committed 

Chunk freelists:
   Non-Class:  112.00 KB
       Class:  9.00 KB
        Both:  121.00 KB

MaxMetaspaceSize: 17179869184.00 GB
CompressedClassSpaceSize: 1.00 GB
Initial GC threshold: 20.80 MB
Current GC threshold: 20.80 MB
CDS: off

CodeHeap 'non-profiled nmethods': size=119168Kb used=760Kb max_used=760Kb free=118408Kb
 bounds [0x0000012cddd90000, 0x0000012cde000000, 0x0000012ce51f0000]
CodeHeap 'profiled nmethods': size=119168Kb used=2516Kb max_used=2516Kb free=116651Kb
 bounds [0x0000012cd6930000, 0x0000012cd6bb0000, 0x0000012cddd90000]
CodeHeap 'non-nmethods': size=7424Kb used=1256Kb max_used=2962Kb free=6167Kb
 bounds [0x0000012cd61f0000, 0x0000012cd64e0000, 0x0000012cd6930000]
 total_blobs=1930 nmethods=1381 adapters=462
 compilation: enabled
              stopped_count=0, restarted_count=0
 full_count=0

Compilation events (20 events):
Event: 113.092 Thread 0x0000012cf2b28000 1372       4       com.badlogic.gdx.backends.lwjgl.LwjglGraphics::updateTime (85 bytes)
Event: 113.093 Thread 0x0000012cf2b28000 nmethod 1372 0x0000012cdde3ff90 code [0x0000012cdde40140, 0x0000012cdde40218]
Event: 127.993 Thread 0x0000012cf2b28000 1373       4       com.badlogic.gdx.math.Matrix4::inv (1502 bytes)
Event: 128.001 Thread 0x0000012cf2b28000 nmethod 1373 0x0000012cdde40290 code [0x0000012cdde40460, 0x0000012cdde40ca8]
Event: 129.676 Thread 0x0000012cf2b28000 1374       4       com.badlogic.gdx.graphics.glutils.ShapeRenderer::rectLine (494 bytes)
Event: 129.683 Thread 0x0000012cf2b28000 nmethod 1374 0x0000012cdde40e90 code [0x0000012cdde410a0, 0x0000012cdde41c38]
Event: 130.159 Thread 0x0000012cf2b28000 1375       4       com.mygdx.game.MyGdxGame::render (155 bytes)
Event: 130.203 Thread 0x0000012cf2b28000 nmethod 1375 0x0000012cdde42290 code [0x0000012cdde428a0, 0x0000012cdde458d0]
Event: 130.203 Thread 0x0000012cf2b28000 1376       4       com.badlogic.gdx.utils.ScreenUtils::clear (41 bytes)
Event: 130.203 Thread 0x0000012cf5752800 1377       4       com.mygdx.game.Player::operate (37 bytes)
Event: 130.205 Thread 0x0000012cf2b28000 nmethod 1376 0x0000012cdde48a90 code [0x0000012cdde48c60, 0x0000012cdde48f38]
Event: 130.205 Thread 0x0000012cf2b28000 1378       4       com.mygdx.game.Player::control (90 bytes)
Event: 130.207 Thread 0x0000012cf2b28000 nmethod 1378 0x0000012cdde49310 code [0x0000012cdde49520, 0x0000012cdde498d0]
Event: 130.207 Thread 0x0000012cf2b28000 1379       4       com.mygdx.game.Player::friction (85 bytes)
Event: 130.208 Thread 0x0000012cf2b28000 nmethod 1379 0x0000012cdde49c10 code [0x0000012cdde49e00, 0x0000012cdde4a120]
Event: 130.209 Thread 0x0000012cf2b28000 1380       4       com.mygdx.game.Entity::updateReflection (261 bytes)
Event: 130.212 Thread 0x0000012cf5752800 nmethod 1377 0x0000012cdde4a490 code [0x0000012cdde4a7a0, 0x0000012cdde4b5b8]
Event: 130.217 Thread 0x0000012cf2b28000 nmethod 1380 0x0000012cdde4c290 code [0x0000012cdde4c520, 0x0000012cdde4cf80]
Event: 145.105 Thread 0x0000012cf2b28000 1381       4       com.badlogic.gdx.physics.box2d.Box2DDebugRenderer::render (14 bytes)
Event: 145.106 Thread 0x0000012cf2b28000 nmethod 1381 0x0000012cdde4db10 code [0x0000012cdde4dcc0, 0x0000012cdde4de28]

GC Heap History (0 events):
No events

Deoptimization events (20 events):
Event: 0.157 Thread 0x0000012cd25a6000 DEOPT PACKING pc=0x0000012cd695faff sp=0x00000007369fcdb0
Event: 0.157 Thread 0x0000012cd25a6000 DEOPT UNPACKING pc=0x0000012cd623a95e sp=0x00000007369fc200 mode 0
Event: 0.467 Thread 0x0000012cf335e800 DEOPT PACKING pc=0x0000012cd697da22 sp=0x0000000737dfdb80
Event: 0.467 Thread 0x0000012cf335e800 DEOPT UNPACKING pc=0x0000012cd623a95e sp=0x0000000737dfcfe8 mode 0
Event: 0.473 Thread 0x0000012cf335e800 DEOPT PACKING pc=0x0000012cd6960150 sp=0x0000000737dfc140
Event: 0.473 Thread 0x0000012cf335e800 DEOPT UNPACKING pc=0x0000012cd623a95e sp=0x0000000737dfb5c8 mode 0
Event: 0.891 Thread 0x0000012cf335e800 DEOPT PACKING pc=0x0000012cd697cd9b sp=0x0000000737dfdc70
Event: 0.891 Thread 0x0000012cf335e800 DEOPT UNPACKING pc=0x0000012cd623a95e sp=0x0000000737dfd0e0 mode 0
Event: 1.286 Thread 0x0000012cf335e800 DEOPT PACKING pc=0x0000012cd6ace6b7 sp=0x0000000737dfead0
Event: 1.286 Thread 0x0000012cf335e800 DEOPT UNPACKING pc=0x0000012cd623a95e sp=0x0000000737dfdef8 mode 0
Event: 1.555 Thread 0x0000012cf335e800 DEOPT PACKING pc=0x0000012cd6ae6602 sp=0x0000000737dfebe0
Event: 1.555 Thread 0x0000012cf335e800 DEOPT UNPACKING pc=0x0000012cd623a95e sp=0x0000000737dfe168 mode 0
Event: 2.707 Thread 0x0000012cf335e800 Uncommon trap: trap_request=0xffffff4d fr.pc=0x0000012cddddc090 relative=0x00000000000000d0
Event: 2.707 Thread 0x0000012cf335e800 Uncommon trap: reason=unstable_if action=reinterpret pc=0x0000012cddddc090 method=com.badlogic.gdx.graphics.glutils.ShapeRenderer.check(Lcom/badlogic/gdx/graphics/glutils/ShapeRenderer$ShapeType;Lcom/badlogic/gdx/graphics/glutils/ShapeRenderer$ShapeType;I
Event: 2.707 Thread 0x0000012cf335e800 DEOPT PACKING pc=0x0000012cddddc090 sp=0x0000000737dfead0
Event: 2.707 Thread 0x0000012cf335e800 DEOPT UNPACKING pc=0x0000012cd623a1af sp=0x0000000737dfea70 mode 2
Event: 148.820 Thread 0x0000012cf335e800 Uncommon trap: trap_request=0xffffff4d fr.pc=0x0000012cdde2f0dc relative=0x000000000000051c
Event: 148.820 Thread 0x0000012cf335e800 Uncommon trap: reason=unstable_if action=reinterpret pc=0x0000012cdde2f0dc method=com.badlogic.gdx.backends.lwjgl.LwjglApplication.executeRunnables()Z @ 18 c2
Event: 148.820 Thread 0x0000012cf335e800 DEOPT PACKING pc=0x0000012cdde2f0dc sp=0x0000000737dfed00
Event: 148.820 Thread 0x0000012cf335e800 DEOPT UNPACKING pc=0x0000012cd623a1af sp=0x0000000737dfecb8 mode 2

Classes redefined (0 events):
No events

Internal exceptions (9 events):
Event: 0.160 Thread 0x0000012cd25a6000 Exception <a 'java/security/PrivilegedActionException'{0x00000004e7360330}> (0x00000004e7360330) thrown at [./src/hotspot/share/prims/jvm.cpp, line 1306]
Event: 0.160 Thread 0x0000012cd25a6000 Exception <a 'java/security/PrivilegedActionException'{0x00000004e7362b10}> (0x00000004e7362b10) thrown at [./src/hotspot/share/prims/jvm.cpp, line 1306]
Event: 0.160 Thread 0x0000012cd25a6000 Exception <a 'java/security/PrivilegedActionException'{0x00000004e7363b08}> (0x00000004e7363b08) thrown at [./src/hotspot/share/prims/jvm.cpp, line 1306]
Event: 0.162 Thread 0x0000012cd25a6000 Exception <a 'java/security/PrivilegedActionException'{0x00000004e7375b90}> (0x00000004e7375b90) thrown at [./src/hotspot/share/prims/jvm.cpp, line 1306]
Event: 0.162 Thread 0x0000012cd25a6000 Exception <a 'java/security/PrivilegedActionException'{0x00000004e7376750}> (0x00000004e7376750) thrown at [./src/hotspot/share/prims/jvm.cpp, line 1306]
Event: 0.162 Thread 0x0000012cd25a6000 Exception <a 'java/security/PrivilegedActionException'{0x00000004e73772d0}> (0x00000004e73772d0) thrown at [./src/hotspot/share/prims/jvm.cpp, line 1306]
Event: 0.516 Thread 0x0000012cf335e800 Exception <a 'org/lwjgl/LWJGLException'{0x00000004e7195f68}: Failed to set device gamma.> (0x00000004e7195f68) thrown at [./src/hotspot/share/prims/jni.cpp, line 637]
Event: 68.544 Thread 0x0000012cf335e800 Exception <a 'org/lwjgl/LWJGLException'{0x00000004e64bda00}: Failed to set device gamma.> (0x00000004e64bda00) thrown at [./src/hotspot/share/prims/jni.cpp, line 637]
Event: 88.667 Thread 0x0000012cf335e800 Exception <a 'org/lwjgl/LWJGLException'{0x00000004e64be058}: Failed to set device gamma.> (0x00000004e64be058) thrown at [./src/hotspot/share/prims/jni.cpp, line 637]

Events (20 events):
Event: 5.957 Thread 0x0000012cf4dd3000 Thread exited: 0x0000012cf4dd3000
Event: 6.257 Thread 0x0000012cf4dd2800 Thread exited: 0x0000012cf4dd2800
Event: 6.257 Thread 0x0000012cf2c8f800 Thread exited: 0x0000012cf2c8f800
Event: 7.441 Thread 0x0000012cf4dd2800 Thread added: 0x0000012cf4dd2800
Event: 7.441 Thread 0x0000012cf2fa5800 Thread added: 0x0000012cf2fa5800
Event: 7.441 Thread 0x0000012cf51b6800 Thread added: 0x0000012cf51b6800
Event: 7.754 loading class com/mygdx/game/Player$1
Event: 7.754 loading class com/mygdx/game/Player$1 done
Event: 11.271 Thread 0x0000012cf51b6800 Thread exited: 0x0000012cf51b6800
Event: 11.755 Thread 0x0000012cf2fa5800 Thread exited: 0x0000012cf2fa5800
Event: 11.755 Thread 0x0000012cf4dd2800 Thread exited: 0x0000012cf4dd2800
Event: 60.021 Loaded shared library C:\Users\dougl\AppData\Local\Temp\libgdxdougl\1cecf4f6\lwjgl64.dll
Event: 110.018 Thread 0x0000012cf5625000 Thread added: 0x0000012cf5625000
Event: 110.877 Thread 0x0000012cf5625000 Thread exited: 0x0000012cf5625000
Event: 130.203 Thread 0x0000012cf5752800 Thread added: 0x0000012cf5752800
Event: 135.212 Thread 0x0000012cf5752800 Thread exited: 0x0000012cf5752800
Event: 148.820 loading class com/badlogic/gdx/backends/lwjgl/LwjglApplication$2
Event: 148.820 loading class com/badlogic/gdx/backends/lwjgl/LwjglApplication$2 done
Event: 148.820 Executing VM operation: RevokeBias
Event: 148.820 Executing VM operation: RevokeBias done


Dynamic libraries:
0x00007ff72c700000 - 0x00007ff72c70a000 	D:\Apps\IntelliJ IDEA\IntelliJ IDEA Community Edition 2021.3\jbr\bin\java.exe
0x00007fffb4cd0000 - 0x00007fffb4ec5000 	C:\Windows\SYSTEM32\ntdll.dll
0x00007fffb4ba0000 - 0x00007fffb4c5e000 	C:\Windows\System32\KERNEL32.DLL
0x00007fffb26f0000 - 0x00007fffb29b8000 	C:\Windows\System32\KERNELBASE.dll
0x00007fffb2540000 - 0x00007fffb2640000 	C:\Windows\System32\ucrtbase.dll
0x00007fffa2670000 - 0x00007fffa2687000 	D:\Apps\IntelliJ IDEA\IntelliJ IDEA Community Edition 2021.3\jbr\bin\VCRUNTIME140.dll
0x00007fffaab60000 - 0x00007fffaab79000 	D:\Apps\IntelliJ IDEA\IntelliJ IDEA Community Edition 2021.3\jbr\bin\jli.dll
0x00007fffb31a0000 - 0x00007fffb3341000 	C:\Windows\System32\USER32.dll
0x00007fffa3940000 - 0x00007fffa3bda000 	C:\Windows\WinSxS\amd64_microsoft.windows.common-controls_6595b64144ccf1df_6.0.19041.1110_none_60b5254171f9507e\COMCTL32.dll
0x00007fffb2c80000 - 0x00007fffb2ca2000 	C:\Windows\System32\win32u.dll
0x00007fffb44a0000 - 0x00007fffb453e000 	C:\Windows\System32\msvcrt.dll
0x00007fffb4930000 - 0x00007fffb495b000 	C:\Windows\System32\GDI32.dll
0x00007fffb2a80000 - 0x00007fffb2b8d000 	C:\Windows\System32\gdi32full.dll
0x00007fffb2be0000 - 0x00007fffb2c7d000 	C:\Windows\System32\msvcp_win.dll
0x00007fffb4c60000 - 0x00007fffb4c90000 	C:\Windows\System32\IMM32.DLL
0x00007fff8b670000 - 0x00007fff8b70d000 	D:\Apps\IntelliJ IDEA\IntelliJ IDEA Community Edition 2021.3\jbr\bin\msvcp140.dll
0x00007ffee8d10000 - 0x00007ffee9886000 	D:\Apps\IntelliJ IDEA\IntelliJ IDEA Community Edition 2021.3\jbr\bin\server\jvm.dll
0x00007fffb4280000 - 0x00007fffb432c000 	C:\Windows\System32\ADVAPI32.dll
0x00007fffb49d0000 - 0x00007fffb4a6b000 	C:\Windows\System32\sechost.dll
0x00007fffb3350000 - 0x00007fffb347a000 	C:\Windows\System32\RPCRT4.dll
0x00007fffb43c0000 - 0x00007fffb43c8000 	C:\Windows\System32\PSAPI.DLL
0x00007fffaab50000 - 0x00007fffaab59000 	C:\Windows\SYSTEM32\WSOCK32.dll
0x00007fffa5d20000 - 0x00007fffa5d47000 	C:\Windows\SYSTEM32\WINMM.dll
0x00007fffaae30000 - 0x00007fffaae3a000 	C:\Windows\SYSTEM32\VERSION.dll
0x00007fffb4960000 - 0x00007fffb49cb000 	C:\Windows\System32\WS2_32.dll
0x00007fffb04d0000 - 0x00007fffb04e2000 	C:\Windows\SYSTEM32\kernel.appcore.dll
0x00007fffaab30000 - 0x00007fffaab41000 	D:\Apps\IntelliJ IDEA\IntelliJ IDEA Community Edition 2021.3\jbr\bin\verify.dll
0x00007fffb0050000 - 0x00007fffb0234000 	C:\Windows\SYSTEM32\DBGHELP.DLL
0x00007fffaab00000 - 0x00007fffaab2c000 	C:\Windows\SYSTEM32\dbgcore.DLL
0x00007fffb29f0000 - 0x00007fffb2a72000 	C:\Windows\System32\bcryptPrimitives.dll
0x00007fff8b5a0000 - 0x00007fff8b5c9000 	D:\Apps\IntelliJ IDEA\IntelliJ IDEA Community Edition 2021.3\jbr\bin\java.dll
0x00007fffa2660000 - 0x00007fffa266b000 	D:\Apps\IntelliJ IDEA\IntelliJ IDEA Community Edition 2021.3\jbr\bin\jimage.dll
0x00007fffa2590000 - 0x00007fffa25a8000 	D:\Apps\IntelliJ IDEA\IntelliJ IDEA Community Edition 2021.3\jbr\bin\zip.dll
0x00007fffb34e0000 - 0x00007fffb3c24000 	C:\Windows\System32\SHELL32.dll
0x00007fffb04f0000 - 0x00007fffb0c84000 	C:\Windows\SYSTEM32\windows.storage.dll
0x00007fffb45d0000 - 0x00007fffb4925000 	C:\Windows\System32\combase.dll
0x00007fffb1e30000 - 0x00007fffb1e5e000 	C:\Windows\SYSTEM32\Wldp.dll
0x00007fffb3cf0000 - 0x00007fffb3d9d000 	C:\Windows\System32\SHCORE.dll
0x00007fffb3c30000 - 0x00007fffb3c85000 	C:\Windows\System32\shlwapi.dll
0x00007fffb2320000 - 0x00007fffb233f000 	C:\Windows\SYSTEM32\profapi.dll
0x00007fff95530000 - 0x00007fff9554a000 	D:\Apps\IntelliJ IDEA\IntelliJ IDEA Community Edition 2021.3\jbr\bin\net.dll
0x00007fffa7f90000 - 0x00007fffa809c000 	C:\Windows\SYSTEM32\WINHTTP.dll
0x00007fffb1b90000 - 0x00007fffb1bfa000 	C:\Windows\system32\mswsock.dll
0x00007fff8ba80000 - 0x00007fff8ba94000 	D:\Apps\IntelliJ IDEA\IntelliJ IDEA Community Edition 2021.3\jbr\bin\nio.dll
0x000000006e700000 - 0x000000006e72a000 	C:\Users\dougl\AppData\Local\Temp\libgdxdougl\e1cd32f8\gdx64.dll
0x0000000180000000 - 0x0000000180053000 	C:\Users\dougl\AppData\Local\Temp\libgdxdougl\1cecf4f6\lwjgl64.dll
0x00007fff71a60000 - 0x00007fff71b85000 	C:\Windows\SYSTEM32\OPENGL32.dll
0x00007fff9f7c0000 - 0x00007fff9f7ec000 	C:\Windows\SYSTEM32\GLU32.dll
0x0000012cf3790000 - 0x0000012cf37f4000 	C:\Users\dougl\AppData\Local\Temp\libgdxdougl\1cecf4f6\OpenAL64.dll
0x00007fffb4a70000 - 0x00007fffb4b9a000 	C:\Windows\System32\ole32.dll
0x00007fffafa60000 - 0x00007fffafafe000 	C:\Windows\system32\uxtheme.dll
0x00007fff0a380000 - 0x00007fff0a47c000 	C:\ProgramData\A-Volute\DellInc.AlienwareSoundCenter\Modules\ScheduledModules\x64\DellInc.AlienwareSoundCenterDevProps2.dll
0x00007fff0bf90000 - 0x00007fff0c03d000 	C:\ProgramData\A-Volute\DellInc.AlienwareSoundCenter\Modules\ScheduledModules\x64\NahimicOSD.dll
0x00007fffa2420000 - 0x00007fffa2441000 	C:\ProgramData\A-Volute\DellInc.AlienwareSoundCenter\Modules\ScheduledModules\x64\ProductInfo.dll
0x00007fffb3e80000 - 0x00007fffb3f29000 	C:\Windows\System32\clbcatq.dll
0x00007fffacbb0000 - 0x00007fffacc35000 	C:\Windows\System32\MMDevApi.dll
0x00007fffb2180000 - 0x00007fffb21b4000 	C:\Windows\System32\DEVOBJ.dll
0x00007fffb2b90000 - 0x00007fffb2bde000 	C:\Windows\System32\cfgmgr32.dll
0x00007fffaceb0000 - 0x00007fffad031000 	C:\Windows\SYSTEM32\AudioSes.dll
0x00007fffb43d0000 - 0x00007fffb449d000 	C:\Windows\System32\OLEAUT32.dll
0x00007fffb1950000 - 0x00007fffb199b000 	C:\Windows\SYSTEM32\powrprof.dll
0x00007fffb1810000 - 0x00007fffb1822000 	C:\Windows\SYSTEM32\UMPDC.dll
0x00007fffada40000 - 0x00007fffadb36000 	C:\Windows\SYSTEM32\PropSys.dll
0x00007fffa57e0000 - 0x00007fffa587c000 	C:\Windows\SYSTEM32\dsound.dll
0x00007fffa5580000 - 0x00007fffa55a6000 	C:\Windows\SYSTEM32\winmmbase.dll
0x00007fffafb50000 - 0x00007fffafb64000 	C:\Windows\SYSTEM32\resourcepolicyclient.dll
0x00007fff944e0000 - 0x00007fff9458e000 	C:\Windows\SYSTEM32\mscms.dll
0x00007fffb22a0000 - 0x00007fffb22ce000 	C:\Windows\SYSTEM32\USERENV.dll
0x00007fff944c0000 - 0x00007fff944d1000 	C:\Windows\SYSTEM32\ColorAdapterClient.dll
0x00007fffb3f30000 - 0x00007fffb4045000 	C:\Windows\System32\MSCTF.dll
0x00007fff95a00000 - 0x00007fff95af9000 	C:\Windows\SYSTEM32\textinputframework.dll
0x00007fffaf2e0000 - 0x00007fffaf3d2000 	C:\Windows\System32\CoreMessaging.dll
0x00007fffaf4e0000 - 0x00007fffaf83e000 	C:\Windows\System32\CoreUIComponents.dll
0x00007fffb10d0000 - 0x00007fffb1103000 	C:\Windows\SYSTEM32\ntmarta.dll
0x00007fffadf80000 - 0x00007fffae0d4000 	C:\Windows\SYSTEM32\wintypes.dll
0x00007fff9f360000 - 0x00007fff9f3c6000 	C:\Windows\system32\Oleacc.dll
0x00007fffaa460000 - 0x00007fffaa559000 	C:\Windows\System32\AppXDeploymentClient.dll
0x00007ffec2d00000 - 0x00007ffec5817000 	C:\Windows\System32\DriverStore\FileRepository\nvddi.inf_amd64_825a4c41796dab48\nvoglv64.dll
0x00007fffb2d10000 - 0x00007fffb3182000 	C:\Windows\System32\SETUPAPI.dll
0x00007fffb29c0000 - 0x00007fffb29e7000 	C:\Windows\System32\bcrypt.dll
0x00007fffadbd0000 - 0x00007fffadbe4000 	C:\Windows\SYSTEM32\WTSAPI32.dll
0x00007fffb1fc0000 - 0x00007fffb1fd2000 	C:\Windows\SYSTEM32\msasn1.dll
0x00007fffaac50000 - 0x00007fffaac81000 	C:\Windows\SYSTEM32\cryptnet.dll
0x00007fffb23e0000 - 0x00007fffb2536000 	C:\Windows\System32\CRYPT32.dll
0x00007fffa8940000 - 0x00007fffa8a8a000 	C:\Windows\SYSTEM32\drvstore.dll
0x00007fffb1da0000 - 0x00007fffb1dac000 	C:\Windows\SYSTEM32\cryptbase.dll
0x00007fffb2cb0000 - 0x00007fffb2d10000 	C:\Windows\System32\WINTRUST.dll
0x00007fffac940000 - 0x00007fffac97b000 	C:\Windows\SYSTEM32\dxcore.dll
0x00007fff77eb0000 - 0x00007fff78173000 	C:\Windows\system32\nvspcap64.dll
0x00007fffafc50000 - 0x00007fffafc7f000 	C:\Windows\SYSTEM32\dwmapi.dll
0x00007fff924c0000 - 0x00007fff92503000 	C:\Windows\SYSTEM32\icm32.dll
0x00007fffb12e0000 - 0x00007fffb133a000 	C:\Windows\SYSTEM32\WINSTA.dll
0x00007fffa9750000 - 0x00007fffa9920000 	C:\Windows\SYSTEM32\d3d9.dll
0x00007fffb4200000 - 0x00007fffb421d000 	C:\Windows\System32\imagehlp.dll
0x00007fffb1d80000 - 0x00007fffb1d98000 	C:\Windows\SYSTEM32\CRYPTSP.dll
0x00007fffb14a0000 - 0x00007fffb14d4000 	C:\Windows\system32\rsaenh.dll
0x0000000066b00000 - 0x0000000066b5b000 	C:\Users\dougl\AppData\Local\Temp\libgdxdougl\a14961b7\gdx-box2d64.dll

dbghelp: loaded successfully - version: 4.0.5 - missing functions: none
symbol engine: initialized successfully - sym options: 0x614 - pdb path: .;D:\Apps\IntelliJ IDEA\IntelliJ IDEA Community Edition 2021.3\jbr\bin;C:\Windows\SYSTEM32;C:\Windows\WinSxS\amd64_microsoft.windows.common-controls_6595b64144ccf1df_6.0.19041.1110_none_60b5254171f9507e;D:\Apps\IntelliJ IDEA\IntelliJ IDEA Community Edition 2021.3\jbr\bin\server;C:\Users\dougl\AppData\Local\Temp\libgdxdougl\e1cd32f8;C:\Users\dougl\AppData\Local\Temp\libgdxdougl\1cecf4f6;C:\ProgramData\A-Volute\DellInc.AlienwareSoundCenter\Modules\ScheduledModules\x64;C:\Windows\System32\DriverStore\FileRepository\nvddi.inf_amd64_825a4c41796dab48;C:\Users\dougl\AppData\Local\Temp\libgdxdougl\a14961b7

VM Arguments:
jvm_args: -Dfile.encoding=windows-1252 -Duser.country=CA -Duser.language=en -Duser.variant 
java_command: com.mygdx.game.desktop.DesktopLauncher
java_class_path (initial): D:\Documents\GitHub\PortalGame\PortalGame\desktop\build\classes\java\main;D:\Documents\GitHub\PortalGame\PortalGame\desktop\build\resources\main;C:\Users\dougl\.gradle\caches\modules-2\files-2.1\com.badlogicgames.gdx\gdx-tools\1.10.0\d699cf4953fb42a071c7c3feb9b5c45601aa6a4b\gdx-tools-1.10.0.jar;C:\Users\dougl\.gradle\caches\modules-2\files-2.1\com.badlogicgames.gdx\gdx-backend-lwjgl\1.10.0\58ff89d9e4fd8a82591367f187d606e781cacc05\gdx-backend-lwjgl-1.10.0.jar;C:\Users\dougl\.gradle\caches\modules-2\files-2.1\com.badlogicgames.gdx\gdx-platform\1.10.0\9a8fa793d2fd6d360afc6c9e4c1f5583da263b88\gdx-platform-1.10.0-natives-desktop.jar;C:\Users\dougl\.gradle\caches\modules-2\files-2.1\com.badlogicgames.gdx\gdx-box2d-platform\1.10.0\588c4191c5a64ed39365e71484aa37d81c38eb5e\gdx-box2d-platform-1.10.0-natives-desktop.jar;C:\Users\dougl\.gradle\caches\modules-2\files-2.1\com.badlogicgames.gdx\gdx-bullet-platform\1.10.0\ce92e8dfc762523d769cbc50853163c03bf98cf1\gdx-bullet-platform-1.10.0-natives-desktop.jar;C:\Users\dougl\.gradle\caches\modules-2\files-2.1\com.badlogicgames.gdx\gdx-freetype-platform\1.10.0\6e5d28752759e69384f12e4569d2c884ff71352f\gdx-freetype-platform-1.10.0-natives-desktop.jar;D:\Documents\GitHub\PortalGame\PortalGame\core\build\libs\core-1.0.jar;C:\Users\dougl\.gradle\caches\modules-2\files-2.1\com.badlogicgames.gdx\gdx-backend-headless\1.10.0\990eadbb431197c5b9b816d1659c772e0268e65\gdx-backend-headless-1.10.0.jar;C:\Users\dougl\.gradle\caches\modules-2\files-2.1\com.badlogicgames.gdx\gdx-freetype\1.10.0\de1d0d5c1e92e8d91364256fd6b7bb279d3e9859\gdx-freetype-1.10.0.jar;C:\Users\dougl\.gradle\caches\modules-2\files-2.1\com.badlogicgames.box2dlights\box2dlights\1.5\6902dbcd250c95a27973aa24a147a95b3828d348\box2dlights-1.5.jar;C:\Users\dougl\.gradle\caches\modules-2\files-2.1\com.badlogicgames.gdx\gdx-box2d\1.10.0\b3a3c0f00b90716238835434d0ae8985604c37f8\gdx-box2d-1.10.0.jar;C:\Users\dougl\.gradle\caches\modules-2\files-2.1\com.badlogicga
Launcher Type: SUN_STANDARD

[Global flags]
     intx CICompilerCount                          = 12                                        {product} {ergonomic}
     uint ConcGCThreads                            = 3                                         {product} {ergonomic}
     uint G1ConcRefinementThreads                  = 13                                        {product} {ergonomic}
   size_t G1HeapRegionSize                         = 1048576                                   {product} {ergonomic}
    uintx GCDrainStackTargetSize                   = 64                                        {product} {ergonomic}
   size_t InitialHeapSize                          = 266338304                                 {product} {ergonomic}
   size_t MarkStackSize                            = 4194304                                   {product} {ergonomic}
   size_t MaxHeapSize                              = 4236247040                                {product} {ergonomic}
   size_t MaxNewSize                               = 2541748224                                {product} {ergonomic}
   size_t MinHeapDeltaBytes                        = 1048576                                   {product} {ergonomic}
    uintx NonNMethodCodeHeapSize                   = 7594288                                {pd product} {ergonomic}
    uintx NonProfiledCodeHeapSize                  = 122031976                              {pd product} {ergonomic}
    uintx ProfiledCodeHeapSize                     = 122031976                              {pd product} {ergonomic}
    uintx ReservedCodeCacheSize                    = 251658240                              {pd product} {ergonomic}
     bool SegmentedCodeCache                       = true                                      {product} {ergonomic}
     bool UseCompressedClassPointers               = true                                 {lp64_product} {ergonomic}
     bool UseCompressedOops                        = true                                 {lp64_product} {ergonomic}
     bool UseG1GC                                  = true                                      {product} {ergonomic}
     bool UseLargePagesIndividualAllocation        = false                                  {pd product} {ergonomic}

Logging:
Log output configuration:
 #0: stdout all=warning uptime,level,tags
 #1: stderr all=off uptime,level,tags

Environment Variables:
PATH=C:\Program Files (x86)\Common Files\Oracle\Java\javapath;C:\Windows\system32;C:\Windows;C:\Windows\System32\Wbem;C:\Windows\System32\WindowsPowerShell\v1.0\;C:\Windows\System32\OpenSSH\;C:\Program Files\NVIDIA Corporation\NVIDIA NvDLISR;C:\Program Files\dotnet\;C:\Program Files\Git\cmd;C:\ProgramData\chocolatey\bin;C:\Program Files (x86)\NVIDIA Corporation\PhysX\Common;C:\msys64\mingw64\bin;C:\Users\dougl\AppData\Local\Microsoft\WindowsApps;C:\Users\dougl\AppData\Local\Programs\Microsoft VS Code\bin;C:\Users\dougl\.dotnet\tools;C:\Users\dougl\AppData\Local\GitHubDesktop\bin;D:\Apps\IntelliJ IDEA\IntelliJ IDEA Community Edition 2021.3\bin;
USERNAME=dougl
OS=Windows_NT
PROCESSOR_IDENTIFIER=Intel64 Family 6 Model 165 Stepping 5, GenuineIntel



---------------  S Y S T E M  ---------------

OS: Windows 10 , 64 bit Build 19041 (10.0.19041.1348)
OS uptime: 7 days 14:24 hours

CPU:total 16 (initial active 16) (8 cores per cpu, 2 threads per core) family 6 model 165 stepping 5 microcode 0xec, cmov, cx8, fxsr, mmx, sse, sse2, sse3, ssse3, sse4.1, sse4.2, popcnt, avx, avx2, aes, clmul, erms, 3dnowpref, lzcnt, ht, tsc, tscinvbit, bmi1, bmi2, adx, fma

Memory: 4k page, system-wide physical 16154M (3775M free)
TotalPageFile size 31002M (AvailPageFile size 5831M)
current process WorkingSet (physical memory assigned to process): 143M, peak: 153M
current process commit charge ("private bytes"): 462M, peak: 470M

vm_info: OpenJDK 64-Bit Server VM (11.0.13+7-b1751.19) for windows-amd64 JRE (11.0.13+7-b1751.19), built on Nov  9 2021 11:31:28 by "" with MS VC++ 14.0 (VS2015)

END.
