#
# A fatal error has been detected by the Java Runtime Environment:
#
#  EXCEPTION_ACCESS_VIOLATION (0xc0000005) at pc=0x0000000066b0cfa7, pid=20564, tid=33856
#
# JRE version: OpenJDK Runtime Environment Zulu15.36+13-CA (15.0.5+3) (build 15.0.5+3-MTS)
# Java VM: OpenJDK 64-Bit Server VM Zulu15.36+13-CA (15.0.5+3-MTS, mixed mode, sharing, tiered, compressed oops, g1 gc, windows-amd64)
# Problematic frame:
# C  [gdx-box2d64.dll+0xcfa7]
#
# No core dump will be written. Minidumps are not enabled by default on client versions of Windows
#
# If you would like to submit a bug report, please visit:
#   http://www.azul.com/support/
# The crash happened outside the Java Virtual Machine in native code.
# See problematic frame for where to report the bug.
#

---------------  S U M M A R Y ------------

Command Line: -Dfile.encoding=windows-1252 -Duser.country=CA -Duser.language=en -Duser.variant com.mygdx.game.desktop.DesktopLauncher

Host: Intel(R) Core(TM) i7-8665U CPU @ 1.90GHz, 8 cores, 15G,  Windows 10 , 64 bit Build 18362 (10.0.18362.1110)
Time: Wed Dec 29 18:14:44 2021 Eastern Standard Time elapsed time: 50.560481 seconds (0d 0h 0m 50s)

---------------  T H R E A D  ---------------

Current thread (0x000001cca78bb470):  JavaThread "LWJGL Application" [_thread_in_native, id=33856, stack(0x000000add3700000,0x000000add3800000)]

Stack: [0x000000add3700000,0x000000add3800000],  sp=0x000000add37fef50,  free space=1019k
Native frames: (J=compiled Java code, j=interpreted, Vv=VM code, C=native code)
C  [gdx-box2d64.dll+0xcfa7]

Java frames: (J=compiled Java code, j=interpreted, Vv=VM code)
j  com.badlogic.gdx.physics.box2d.World.jniDestroyBody(JJ)V+0
j  com.badlogic.gdx.physics.box2d.World.destroyBody(Lcom/badlogic/gdx/physics/box2d/Body;)V+42
j  com.mygdx.game.Entity.dispose()V+8
j  com.mygdx.game.MyGdxGame.dispose()V+82
j  com.badlogic.gdx.backends.lwjgl.LwjglApplication.mainLoop()V+924
j  com.badlogic.gdx.backends.lwjgl.LwjglApplication$1.run()V+27
v  ~StubRoutines::call_stub

siginfo: EXCEPTION_ACCESS_VIOLATION (0xc0000005), reading address 0x0000000000000008


Register to memory mapping:

RIP=0x0000000066b0cfa7 gdx-box2d64.dll
RAX=0x0 is NULL
RBX=0x000001ccb4836e30 points into unknown readable memory: 0x000001cca8481e60 | 60 1e 48 a8 cc 01 00 00
RCX=0x0000000000000036 is an unknown value
RDX=0x000001cca8486350 points into unknown readable memory: 0x000001cc41200000 | 00 00 20 41 cc 01 00 00
RSP=0x000000add37fef50 is pointing into the stack for thread: 0x000001cca78bb470
RBP=0x000001cca842e600 points into unknown readable memory: 0x000001cc81020150 | 50 01 02 81 cc 01 00 00
RSI=0x000001cca84478a0 points into unknown readable memory: 0x0000000000000010 | 10 00 00 00 00 00 00 00
RDI=0x000001ccb4836e30 points into unknown readable memory: 0x000001cca8481e60 | 60 1e 48 a8 cc 01 00 00
R8 =0x000001cca8482820 points into unknown readable memory: 0x0000003600000002 | 02 00 00 00 36 00 00 00
R9 =0x000001cca8482820 points into unknown readable memory: 0x0000003600000002 | 02 00 00 00 36 00 00 00
R10=0x000001cc8b51f148 is at code_begin+1000 in an Interpreter codelet
method entry point (kind = native)  [0x000001cc8b51ed60, 0x000001cc8b51f7e0]  2688 bytes
R11=0x0000000000000102 is an unknown value
R12=0x0 is NULL
R13={method} {0x000001cca6f968b8} 'jniDestroyBody' '(JJ)V' in 'com/badlogic/gdx/physics/box2d/World'
R14=0x000000add37ff198 is pointing into the stack for thread: 0x000001cca78bb470
R15=0x000001cca78bb470 is a thread


Registers:
RAX=0x0000000000000000, RBX=0x000001ccb4836e30, RCX=0x0000000000000036, RDX=0x000001cca8486350
RSP=0x000000add37fef50, RBP=0x000001cca842e600, RSI=0x000001cca84478a0, RDI=0x000001ccb4836e30
R8 =0x000001cca8482820, R9 =0x000001cca8482820, R10=0x000001cc8b51f148, R11=0x0000000000000102
R12=0x0000000000000000, R13=0x000001cca6f968b0, R14=0x000000add37ff198, R15=0x000001cca78bb470
RIP=0x0000000066b0cfa7, EFLAGS=0x0000000000010202

Top of Stack: (sp=0x000000add37fef50)
0x000000add37fef50:   0000000000000000 0000000000000100
0x000000add37fef60:   0000000000000000 000000add37ff218
0x000000add37fef70:   0000000000000000 000001ccb4836e30
0x000000add37fef80:   000001cca84478a0 000001cca8482820
0x000000add37fef90:   000001cca8481fe0 0000000066b1f39f
0x000000add37fefa0:   000001cca78bb400 0000000000000000
0x000000add37fefb0:   00007ffac119b548 0000000800406240
0x000000add37fefc0:   000000000000000e 000001ccb48371d0
0x000000add37fefd0:   000001cca842e600 000001cca8482820
0x000000add37fefe0:   000001cca84478a0 0000000066b215d3
0x000000add37feff0:   000001cca7165830 0000002800000003
0x000000add37ff000:   000000add37ff158 000001cca78bb470
0x000000add37ff010:   000001cca842e600 000001cca8482820
0x000000add37ff020:   0000000000002df6 000000add37ff158
0x000000add37ff030:   0000000000000000 0000000066b26a9d
0x000000add37ff040:   000000add37ff158 00007ffac0c1e3d7 

Instructions: (pc=0x0000000066b0cfa7)
0x0000000066b0cea7:   e0 05 48 8d 04 d0 48 8d 15 8c 34 04 00 48 01 d0
0x0000000066b0ceb7:   4c 8b 10 4d 85 d2 0f 84 8e 00 00 00 80 78 10 00
0x0000000066b0cec7:   4c 89 b4 24 80 00 00 00 75 1f 41 89 e9 4d 89 e8
0x0000000066b0ced7:   89 fa 4c 89 e1 48 83 c4 20 5b 5e 5f 5d 41 5c 41
0x0000000066b0cee7:   5d 41 5e 49 ff e2 0f 1f 00 41 89 f9 4d 89 e0 89
0x0000000066b0cef7:   ea 4c 89 e9 eb df 0f 1f 00 48 8d 15 79 50 03 00
0x0000000066b0cf07:   48 8d 0d 12 51 03 00 41 b8 51 00 00 00 e8 b7 96
0x0000000066b0cf17:   02 00 e9 7f ff ff ff 66 90 48 8d 15 59 50 03 00
0x0000000066b0cf27:   48 8d 0d c2 50 03 00 41 b8 50 00 00 00 e8 97 96
0x0000000066b0cf37:   02 00 e9 5a ff ff ff 66 90 e8 fb fc ff ff c6 05
0x0000000066b0cf47:   d4 33 04 00 01 e9 2d ff ff ff 31 c0 48 83 c4 20
0x0000000066b0cf57:   5b 5e 5f 5d 41 5c 41 5d 41 5e c3 0f 1f 40 00 66
0x0000000066b0cf67:   2e 0f 1f 84 00 00 00 00 00 55 57 56 53 48 83 ec
0x0000000066b0cf77:   28 80 3d a1 33 04 00 00 48 89 cf 48 89 d5 0f 84
0x0000000066b0cf87:   f5 00 00 00 8b 8f b4 00 00 00 48 8b 47 60 48 8b
0x0000000066b0cf97:   57 68 85 c9 7e 06 80 78 3a 00 74 50 48 8b 40 18
0x0000000066b0cfa7:   48 63 58 08 48 8b 42 18 8b 70 08 85 db 0f 88 8a
0x0000000066b0cfb7:   00 00 00 83 fe 03 0f 8f 81 00 00 00 48 63 c6 48
0x0000000066b0cfc7:   89 f9 48 8d 14 40 48 8d 04 5b 48 c1 e0 05 48 8d
0x0000000066b0cfd7:   04 d0 48 8d 15 60 33 04 00 48 8b 44 02 08 48 89
0x0000000066b0cfe7:   ea 48 83 c4 28 5b 5e 5f 5d 48 ff e0 80 7a 3a 00
0x0000000066b0cff7:   75 aa 4c 8b 40 10 41 0f b7 48 04 f6 c1 02 75 13
0x0000000066b0d007:   83 c9 02 41 c7 80 ac 00 00 00 00 00 00 00 66 41
0x0000000066b0d017:   89 48 04 4c 8b 42 10 41 0f b7 48 04 f6 c1 02 0f
0x0000000066b0d027:   85 77 ff ff ff 83 c9 02 41 c7 80 ac 00 00 00 00
0x0000000066b0d037:   00 00 00 66 41 89 48 04 e9 5f ff ff ff 48 8d 15
0x0000000066b0d047:   35 4f 03 00 48 8d 0d 16 50 03 00 41 b8 77 00 00
0x0000000066b0d057:   00 e8 73 95 02 00 48 8d 15 1c 4f 03 00 48 8d 0d
0x0000000066b0d067:   fd 4f 03 00 41 b8 78 00 00 00 e8 5a 95 02 00 e9
0x0000000066b0d077:   48 ff ff ff 0f 1f 44 00 00 48 8d 15 f9 4e 03 00
0x0000000066b0d087:   48 8d 0d bd 4f 03 00 41 b8 67 00 00 00 e8 37 95
0x0000000066b0d097:   02 00 e9 ed fe ff ff 66 90 48 83 ec 38 48 8d 05 


Stack slot to memory mapping:
stack at sp + 0 slots: 0x0 is NULL
stack at sp + 1 slots: 0x0000000000000100 is an unknown value
stack at sp + 2 slots: 0x0 is NULL
stack at sp + 3 slots: 0x000000add37ff218 is pointing into the stack for thread: 0x000001cca78bb470
stack at sp + 4 slots: 0x0 is NULL
stack at sp + 5 slots: 0x000001ccb4836e30 points into unknown readable memory: 0x000001cca8481e60 | 60 1e 48 a8 cc 01 00 00
stack at sp + 6 slots: 0x000001cca84478a0 points into unknown readable memory: 0x0000000000000010 | 10 00 00 00 00 00 00 00
stack at sp + 7 slots: 0x000001cca8482820 points into unknown readable memory: 0x0000003600000002 | 02 00 00 00 36 00 00 00


---------------  P R O C E S S  ---------------

Threads class SMR info:
_java_thread_list=0x000001ccb393ee10, length=13, elements={
0x000001cca692e110, 0x000001cca7131090, 0x000001cca714af00, 0x000001cca714d8d0,
0x000001cca714e380, 0x000001cca7150220, 0x000001cca7150dc0, 0x000001cca7155390,
0x000001cca727f8b0, 0x000001cca7282b00, 0x000001cca78bb470, 0x000001cc83003810,
0x000001ccb3ad8000
}

Java Threads: ( => current thread )
  0x000001cca692e110 JavaThread "Reference Handler" daemon [_thread_blocked, id=37344, stack(0x000000add2a00000,0x000000add2b00000)]
  0x000001cca7131090 JavaThread "Finalizer" daemon [_thread_blocked, id=21216, stack(0x000000add2b00000,0x000000add2c00000)]
  0x000001cca714af00 JavaThread "Signal Dispatcher" daemon [_thread_blocked, id=24120, stack(0x000000add2c00000,0x000000add2d00000)]
  0x000001cca714d8d0 JavaThread "Attach Listener" daemon [_thread_blocked, id=19796, stack(0x000000add2d00000,0x000000add2e00000)]
  0x000001cca714e380 JavaThread "Service Thread" daemon [_thread_blocked, id=10192, stack(0x000000add2e00000,0x000000add2f00000)]
  0x000001cca7150220 JavaThread "C2 CompilerThread0" daemon [_thread_blocked, id=34936, stack(0x000000add2f00000,0x000000add3000000)]
  0x000001cca7150dc0 JavaThread "C1 CompilerThread0" daemon [_thread_blocked, id=36268, stack(0x000000add3000000,0x000000add3100000)]
  0x000001cca7155390 JavaThread "Sweeper thread" daemon [_thread_blocked, id=19028, stack(0x000000add3100000,0x000000add3200000)]
  0x000001cca727f8b0 JavaThread "Notification Thread" daemon [_thread_blocked, id=21176, stack(0x000000add3200000,0x000000add3300000)]
  0x000001cca7282b00 JavaThread "Common-Cleaner" daemon [_thread_blocked, id=24492, stack(0x000000add3400000,0x000000add3500000)]
=>0x000001cca78bb470 JavaThread "LWJGL Application" [_thread_in_native, id=33856, stack(0x000000add3700000,0x000000add3800000)]
  0x000001cc83003810 JavaThread "DestroyJavaVM" [_thread_blocked, id=24812, stack(0x000000add2300000,0x000000add2400000)]
  0x000001ccb3ad8000 JavaThread "LWJGL Timer" daemon [_thread_blocked, id=34204, stack(0x000000add3e00000,0x000000add3f00000)]

Other Threads:
  0x000001cca692d8a0 VMThread "VM Thread" [stack: 0x000000add2900000,0x000000add2a00000] [id=6472]
  0x000001cca72823e0 WatcherThread [stack: 0x000000add3300000,0x000000add3400000] [id=20880]
  0x000001cc83052a40 GCTaskThread "GC Thread#0" [stack: 0x000000add2400000,0x000000add2500000] [id=21536]
  0x000001cc83064a30 ConcurrentGCThread "G1 Main Marker" [stack: 0x000000add2500000,0x000000add2600000] [id=32456]
  0x000001cc830656a0 ConcurrentGCThread "G1 Conc#0" [stack: 0x000000add2600000,0x000000add2700000] [id=23568]
  0x000001cc830c2c20 ConcurrentGCThread "G1 Refine#0" [stack: 0x000000add2700000,0x000000add2800000] [id=17428]
  0x000001cca67b29f0 ConcurrentGCThread "G1 Young RemSet Sampling" [stack: 0x000000add2800000,0x000000add2900000] [id=26176]

Threads with active compile tasks:

VM state: not at safepoint (normal execution)

VM Mutex/Monitor currently owned by a thread: None

Heap address: 0x0000000702e00000, size: 4050 MB, Compressed Oops mode: Zero based, Oop shift amount: 3
CDS archive(s) mapped at: [0x0000000800000000-0x0000000800b50000-0x0000000800b50000), size 11862016, SharedBaseAddress: 0x0000000800000000, ArchiveRelocationMode: 0.
Compressed class space mapped at: 0x0000000800b50000-0x0000000840b50000, size: 1073741824
Narrow klass base: 0x0000000800000000, Narrow klass shift: 3, Narrow klass range: 0x100000000

GC Precious Log:
 CPUs: 8 total, 8 available
 Memory: 16198M
 Large Page Support: Disabled
 NUMA Support: Disabled
 Compressed Oops: Enabled (Zero based)
 Heap Region Size: 2M
 Heap Min Capacity: 8M
 Heap Initial Capacity: 254M
 Heap Max Capacity: 4050M
 Pre-touch: Disabled
 Parallel Workers: 8
 Concurrent Workers: 2
 Concurrent Refinement Workers: 8
 Periodic GC: Disabled

Heap:
 garbage-first heap   total 260096K, used 18432K [0x0000000702e00000, 0x0000000800000000)
  region size 2048K, 10 young (20480K), 0 survivors (0K)
 Metaspace       used 4937K, capacity 7966K, committed 8320K, reserved 1056768K
  class space    used 323K, capacity 617K, committed 640K, reserved 1048576K

Heap Regions: E=young(eden), S=young(survivor), O=old, HS=humongous(starts), HC=humongous(continues), CS=collection set, F=free, OA=open archive, CA=closed archive, TAMS=top-at-mark-start (previous, next)
|   0|0x0000000702e00000, 0x0000000702e00000, 0x0000000703000000|  0%| F|  |TAMS 0x0000000702e00000, 0x0000000702e00000| Untracked 
|   1|0x0000000703000000, 0x0000000703000000, 0x0000000703200000|  0%| F|  |TAMS 0x0000000703000000, 0x0000000703000000| Untracked 
|   2|0x0000000703200000, 0x0000000703200000, 0x0000000703400000|  0%| F|  |TAMS 0x0000000703200000, 0x0000000703200000| Untracked 
|   3|0x0000000703400000, 0x0000000703400000, 0x0000000703600000|  0%| F|  |TAMS 0x0000000703400000, 0x0000000703400000| Untracked 
|   4|0x0000000703600000, 0x0000000703600000, 0x0000000703800000|  0%| F|  |TAMS 0x0000000703600000, 0x0000000703600000| Untracked 
|   5|0x0000000703800000, 0x0000000703800000, 0x0000000703a00000|  0%| F|  |TAMS 0x0000000703800000, 0x0000000703800000| Untracked 
|   6|0x0000000703a00000, 0x0000000703a00000, 0x0000000703c00000|  0%| F|  |TAMS 0x0000000703a00000, 0x0000000703a00000| Untracked 
|   7|0x0000000703c00000, 0x0000000703c00000, 0x0000000703e00000|  0%| F|  |TAMS 0x0000000703c00000, 0x0000000703c00000| Untracked 
|   8|0x0000000703e00000, 0x0000000703e00000, 0x0000000704000000|  0%| F|  |TAMS 0x0000000703e00000, 0x0000000703e00000| Untracked 
|   9|0x0000000704000000, 0x0000000704000000, 0x0000000704200000|  0%| F|  |TAMS 0x0000000704000000, 0x0000000704000000| Untracked 
|  10|0x0000000704200000, 0x0000000704200000, 0x0000000704400000|  0%| F|  |TAMS 0x0000000704200000, 0x0000000704200000| Untracked 
|  11|0x0000000704400000, 0x0000000704400000, 0x0000000704600000|  0%| F|  |TAMS 0x0000000704400000, 0x0000000704400000| Untracked 
|  12|0x0000000704600000, 0x0000000704600000, 0x0000000704800000|  0%| F|  |TAMS 0x0000000704600000, 0x0000000704600000| Untracked 
|  13|0x0000000704800000, 0x0000000704800000, 0x0000000704a00000|  0%| F|  |TAMS 0x0000000704800000, 0x0000000704800000| Untracked 
|  14|0x0000000704a00000, 0x0000000704a00000, 0x0000000704c00000|  0%| F|  |TAMS 0x0000000704a00000, 0x0000000704a00000| Untracked 
|  15|0x0000000704c00000, 0x0000000704c00000, 0x0000000704e00000|  0%| F|  |TAMS 0x0000000704c00000, 0x0000000704c00000| Untracked 
|  16|0x0000000704e00000, 0x0000000704e00000, 0x0000000705000000|  0%| F|  |TAMS 0x0000000704e00000, 0x0000000704e00000| Untracked 
|  17|0x0000000705000000, 0x0000000705000000, 0x0000000705200000|  0%| F|  |TAMS 0x0000000705000000, 0x0000000705000000| Untracked 
|  18|0x0000000705200000, 0x0000000705200000, 0x0000000705400000|  0%| F|  |TAMS 0x0000000705200000, 0x0000000705200000| Untracked 
|  19|0x0000000705400000, 0x0000000705400000, 0x0000000705600000|  0%| F|  |TAMS 0x0000000705400000, 0x0000000705400000| Untracked 
|  20|0x0000000705600000, 0x0000000705600000, 0x0000000705800000|  0%| F|  |TAMS 0x0000000705600000, 0x0000000705600000| Untracked 
|  21|0x0000000705800000, 0x0000000705800000, 0x0000000705a00000|  0%| F|  |TAMS 0x0000000705800000, 0x0000000705800000| Untracked 
|  22|0x0000000705a00000, 0x0000000705a00000, 0x0000000705c00000|  0%| F|  |TAMS 0x0000000705a00000, 0x0000000705a00000| Untracked 
|  23|0x0000000705c00000, 0x0000000705c00000, 0x0000000705e00000|  0%| F|  |TAMS 0x0000000705c00000, 0x0000000705c00000| Untracked 
|  24|0x0000000705e00000, 0x0000000705e00000, 0x0000000706000000|  0%| F|  |TAMS 0x0000000705e00000, 0x0000000705e00000| Untracked 
|  25|0x0000000706000000, 0x0000000706000000, 0x0000000706200000|  0%| F|  |TAMS 0x0000000706000000, 0x0000000706000000| Untracked 
|  26|0x0000000706200000, 0x0000000706200000, 0x0000000706400000|  0%| F|  |TAMS 0x0000000706200000, 0x0000000706200000| Untracked 
|  27|0x0000000706400000, 0x0000000706400000, 0x0000000706600000|  0%| F|  |TAMS 0x0000000706400000, 0x0000000706400000| Untracked 
|  28|0x0000000706600000, 0x0000000706600000, 0x0000000706800000|  0%| F|  |TAMS 0x0000000706600000, 0x0000000706600000| Untracked 
|  29|0x0000000706800000, 0x0000000706800000, 0x0000000706a00000|  0%| F|  |TAMS 0x0000000706800000, 0x0000000706800000| Untracked 
|  30|0x0000000706a00000, 0x0000000706a00000, 0x0000000706c00000|  0%| F|  |TAMS 0x0000000706a00000, 0x0000000706a00000| Untracked 
|  31|0x0000000706c00000, 0x0000000706c00000, 0x0000000706e00000|  0%| F|  |TAMS 0x0000000706c00000, 0x0000000706c00000| Untracked 
|  32|0x0000000706e00000, 0x0000000706e00000, 0x0000000707000000|  0%| F|  |TAMS 0x0000000706e00000, 0x0000000706e00000| Untracked 
|  33|0x0000000707000000, 0x0000000707000000, 0x0000000707200000|  0%| F|  |TAMS 0x0000000707000000, 0x0000000707000000| Untracked 
|  34|0x0000000707200000, 0x0000000707200000, 0x0000000707400000|  0%| F|  |TAMS 0x0000000707200000, 0x0000000707200000| Untracked 
|  35|0x0000000707400000, 0x0000000707400000, 0x0000000707600000|  0%| F|  |TAMS 0x0000000707400000, 0x0000000707400000| Untracked 
|  36|0x0000000707600000, 0x0000000707600000, 0x0000000707800000|  0%| F|  |TAMS 0x0000000707600000, 0x0000000707600000| Untracked 
|  37|0x0000000707800000, 0x0000000707800000, 0x0000000707a00000|  0%| F|  |TAMS 0x0000000707800000, 0x0000000707800000| Untracked 
|  38|0x0000000707a00000, 0x0000000707a00000, 0x0000000707c00000|  0%| F|  |TAMS 0x0000000707a00000, 0x0000000707a00000| Untracked 
|  39|0x0000000707c00000, 0x0000000707c00000, 0x0000000707e00000|  0%| F|  |TAMS 0x0000000707c00000, 0x0000000707c00000| Untracked 
|  40|0x0000000707e00000, 0x0000000707e00000, 0x0000000708000000|  0%| F|  |TAMS 0x0000000707e00000, 0x0000000707e00000| Untracked 
|  41|0x0000000708000000, 0x0000000708000000, 0x0000000708200000|  0%| F|  |TAMS 0x0000000708000000, 0x0000000708000000| Untracked 
|  42|0x0000000708200000, 0x0000000708200000, 0x0000000708400000|  0%| F|  |TAMS 0x0000000708200000, 0x0000000708200000| Untracked 
|  43|0x0000000708400000, 0x0000000708400000, 0x0000000708600000|  0%| F|  |TAMS 0x0000000708400000, 0x0000000708400000| Untracked 
|  44|0x0000000708600000, 0x0000000708600000, 0x0000000708800000|  0%| F|  |TAMS 0x0000000708600000, 0x0000000708600000| Untracked 
|  45|0x0000000708800000, 0x0000000708800000, 0x0000000708a00000|  0%| F|  |TAMS 0x0000000708800000, 0x0000000708800000| Untracked 
|  46|0x0000000708a00000, 0x0000000708a00000, 0x0000000708c00000|  0%| F|  |TAMS 0x0000000708a00000, 0x0000000708a00000| Untracked 
|  47|0x0000000708c00000, 0x0000000708c00000, 0x0000000708e00000|  0%| F|  |TAMS 0x0000000708c00000, 0x0000000708c00000| Untracked 
|  48|0x0000000708e00000, 0x0000000708e00000, 0x0000000709000000|  0%| F|  |TAMS 0x0000000708e00000, 0x0000000708e00000| Untracked 
|  49|0x0000000709000000, 0x0000000709000000, 0x0000000709200000|  0%| F|  |TAMS 0x0000000709000000, 0x0000000709000000| Untracked 
|  50|0x0000000709200000, 0x0000000709200000, 0x0000000709400000|  0%| F|  |TAMS 0x0000000709200000, 0x0000000709200000| Untracked 
|  51|0x0000000709400000, 0x0000000709400000, 0x0000000709600000|  0%| F|  |TAMS 0x0000000709400000, 0x0000000709400000| Untracked 
|  52|0x0000000709600000, 0x0000000709600000, 0x0000000709800000|  0%| F|  |TAMS 0x0000000709600000, 0x0000000709600000| Untracked 
|  53|0x0000000709800000, 0x0000000709800000, 0x0000000709a00000|  0%| F|  |TAMS 0x0000000709800000, 0x0000000709800000| Untracked 
|  54|0x0000000709a00000, 0x0000000709a00000, 0x0000000709c00000|  0%| F|  |TAMS 0x0000000709a00000, 0x0000000709a00000| Untracked 
|  55|0x0000000709c00000, 0x0000000709c00000, 0x0000000709e00000|  0%| F|  |TAMS 0x0000000709c00000, 0x0000000709c00000| Untracked 
|  56|0x0000000709e00000, 0x0000000709e00000, 0x000000070a000000|  0%| F|  |TAMS 0x0000000709e00000, 0x0000000709e00000| Untracked 
|  57|0x000000070a000000, 0x000000070a000000, 0x000000070a200000|  0%| F|  |TAMS 0x000000070a000000, 0x000000070a000000| Untracked 
|  58|0x000000070a200000, 0x000000070a200000, 0x000000070a400000|  0%| F|  |TAMS 0x000000070a200000, 0x000000070a200000| Untracked 
|  59|0x000000070a400000, 0x000000070a400000, 0x000000070a600000|  0%| F|  |TAMS 0x000000070a400000, 0x000000070a400000| Untracked 
|  60|0x000000070a600000, 0x000000070a600000, 0x000000070a800000|  0%| F|  |TAMS 0x000000070a600000, 0x000000070a600000| Untracked 
|  61|0x000000070a800000, 0x000000070a800000, 0x000000070aa00000|  0%| F|  |TAMS 0x000000070a800000, 0x000000070a800000| Untracked 
|  62|0x000000070aa00000, 0x000000070aa00000, 0x000000070ac00000|  0%| F|  |TAMS 0x000000070aa00000, 0x000000070aa00000| Untracked 
|  63|0x000000070ac00000, 0x000000070ac00000, 0x000000070ae00000|  0%| F|  |TAMS 0x000000070ac00000, 0x000000070ac00000| Untracked 
|  64|0x000000070ae00000, 0x000000070ae00000, 0x000000070b000000|  0%| F|  |TAMS 0x000000070ae00000, 0x000000070ae00000| Untracked 
|  65|0x000000070b000000, 0x000000070b000000, 0x000000070b200000|  0%| F|  |TAMS 0x000000070b000000, 0x000000070b000000| Untracked 
|  66|0x000000070b200000, 0x000000070b200000, 0x000000070b400000|  0%| F|  |TAMS 0x000000070b200000, 0x000000070b200000| Untracked 
|  67|0x000000070b400000, 0x000000070b400000, 0x000000070b600000|  0%| F|  |TAMS 0x000000070b400000, 0x000000070b400000| Untracked 
|  68|0x000000070b600000, 0x000000070b600000, 0x000000070b800000|  0%| F|  |TAMS 0x000000070b600000, 0x000000070b600000| Untracked 
|  69|0x000000070b800000, 0x000000070b800000, 0x000000070ba00000|  0%| F|  |TAMS 0x000000070b800000, 0x000000070b800000| Untracked 
|  70|0x000000070ba00000, 0x000000070ba00000, 0x000000070bc00000|  0%| F|  |TAMS 0x000000070ba00000, 0x000000070ba00000| Untracked 
|  71|0x000000070bc00000, 0x000000070bc00000, 0x000000070be00000|  0%| F|  |TAMS 0x000000070bc00000, 0x000000070bc00000| Untracked 
|  72|0x000000070be00000, 0x000000070be00000, 0x000000070c000000|  0%| F|  |TAMS 0x000000070be00000, 0x000000070be00000| Untracked 
|  73|0x000000070c000000, 0x000000070c000000, 0x000000070c200000|  0%| F|  |TAMS 0x000000070c000000, 0x000000070c000000| Untracked 
|  74|0x000000070c200000, 0x000000070c200000, 0x000000070c400000|  0%| F|  |TAMS 0x000000070c200000, 0x000000070c200000| Untracked 
|  75|0x000000070c400000, 0x000000070c400000, 0x000000070c600000|  0%| F|  |TAMS 0x000000070c400000, 0x000000070c400000| Untracked 
|  76|0x000000070c600000, 0x000000070c600000, 0x000000070c800000|  0%| F|  |TAMS 0x000000070c600000, 0x000000070c600000| Untracked 
|  77|0x000000070c800000, 0x000000070c800000, 0x000000070ca00000|  0%| F|  |TAMS 0x000000070c800000, 0x000000070c800000| Untracked 
|  78|0x000000070ca00000, 0x000000070ca00000, 0x000000070cc00000|  0%| F|  |TAMS 0x000000070ca00000, 0x000000070ca00000| Untracked 
|  79|0x000000070cc00000, 0x000000070cc00000, 0x000000070ce00000|  0%| F|  |TAMS 0x000000070cc00000, 0x000000070cc00000| Untracked 
|  80|0x000000070ce00000, 0x000000070ce00000, 0x000000070d000000|  0%| F|  |TAMS 0x000000070ce00000, 0x000000070ce00000| Untracked 
|  81|0x000000070d000000, 0x000000070d000000, 0x000000070d200000|  0%| F|  |TAMS 0x000000070d000000, 0x000000070d000000| Untracked 
|  82|0x000000070d200000, 0x000000070d200000, 0x000000070d400000|  0%| F|  |TAMS 0x000000070d200000, 0x000000070d200000| Untracked 
|  83|0x000000070d400000, 0x000000070d400000, 0x000000070d600000|  0%| F|  |TAMS 0x000000070d400000, 0x000000070d400000| Untracked 
|  84|0x000000070d600000, 0x000000070d600000, 0x000000070d800000|  0%| F|  |TAMS 0x000000070d600000, 0x000000070d600000| Untracked 
|  85|0x000000070d800000, 0x000000070d800000, 0x000000070da00000|  0%| F|  |TAMS 0x000000070d800000, 0x000000070d800000| Untracked 
|  86|0x000000070da00000, 0x000000070da00000, 0x000000070dc00000|  0%| F|  |TAMS 0x000000070da00000, 0x000000070da00000| Untracked 
|  87|0x000000070dc00000, 0x000000070dc00000, 0x000000070de00000|  0%| F|  |TAMS 0x000000070dc00000, 0x000000070dc00000| Untracked 
|  88|0x000000070de00000, 0x000000070de00000, 0x000000070e000000|  0%| F|  |TAMS 0x000000070de00000, 0x000000070de00000| Untracked 
|  89|0x000000070e000000, 0x000000070e000000, 0x000000070e200000|  0%| F|  |TAMS 0x000000070e000000, 0x000000070e000000| Untracked 
|  90|0x000000070e200000, 0x000000070e200000, 0x000000070e400000|  0%| F|  |TAMS 0x000000070e200000, 0x000000070e200000| Untracked 
|  91|0x000000070e400000, 0x000000070e400000, 0x000000070e600000|  0%| F|  |TAMS 0x000000070e400000, 0x000000070e400000| Untracked 
|  92|0x000000070e600000, 0x000000070e600000, 0x000000070e800000|  0%| F|  |TAMS 0x000000070e600000, 0x000000070e600000| Untracked 
|  93|0x000000070e800000, 0x000000070e800000, 0x000000070ea00000|  0%| F|  |TAMS 0x000000070e800000, 0x000000070e800000| Untracked 
|  94|0x000000070ea00000, 0x000000070ea00000, 0x000000070ec00000|  0%| F|  |TAMS 0x000000070ea00000, 0x000000070ea00000| Untracked 
|  95|0x000000070ec00000, 0x000000070ec00000, 0x000000070ee00000|  0%| F|  |TAMS 0x000000070ec00000, 0x000000070ec00000| Untracked 
|  96|0x000000070ee00000, 0x000000070ee00000, 0x000000070f000000|  0%| F|  |TAMS 0x000000070ee00000, 0x000000070ee00000| Untracked 
|  97|0x000000070f000000, 0x000000070f000000, 0x000000070f200000|  0%| F|  |TAMS 0x000000070f000000, 0x000000070f000000| Untracked 
|  98|0x000000070f200000, 0x000000070f200000, 0x000000070f400000|  0%| F|  |TAMS 0x000000070f200000, 0x000000070f200000| Untracked 
|  99|0x000000070f400000, 0x000000070f400000, 0x000000070f600000|  0%| F|  |TAMS 0x000000070f400000, 0x000000070f400000| Untracked 
| 100|0x000000070f600000, 0x000000070f600000, 0x000000070f800000|  0%| F|  |TAMS 0x000000070f600000, 0x000000070f600000| Untracked 
| 101|0x000000070f800000, 0x000000070f800000, 0x000000070fa00000|  0%| F|  |TAMS 0x000000070f800000, 0x000000070f800000| Untracked 
| 102|0x000000070fa00000, 0x000000070fa00000, 0x000000070fc00000|  0%| F|  |TAMS 0x000000070fa00000, 0x000000070fa00000| Untracked 
| 103|0x000000070fc00000, 0x000000070fc00000, 0x000000070fe00000|  0%| F|  |TAMS 0x000000070fc00000, 0x000000070fc00000| Untracked 
| 104|0x000000070fe00000, 0x000000070fe00000, 0x0000000710000000|  0%| F|  |TAMS 0x000000070fe00000, 0x000000070fe00000| Untracked 
| 105|0x0000000710000000, 0x0000000710000000, 0x0000000710200000|  0%| F|  |TAMS 0x0000000710000000, 0x0000000710000000| Untracked 
| 106|0x0000000710200000, 0x0000000710200000, 0x0000000710400000|  0%| F|  |TAMS 0x0000000710200000, 0x0000000710200000| Untracked 
| 107|0x0000000710400000, 0x0000000710400000, 0x0000000710600000|  0%| F|  |TAMS 0x0000000710400000, 0x0000000710400000| Untracked 
| 108|0x0000000710600000, 0x0000000710600000, 0x0000000710800000|  0%| F|  |TAMS 0x0000000710600000, 0x0000000710600000| Untracked 
| 109|0x0000000710800000, 0x0000000710800000, 0x0000000710a00000|  0%| F|  |TAMS 0x0000000710800000, 0x0000000710800000| Untracked 
| 110|0x0000000710a00000, 0x0000000710a00000, 0x0000000710c00000|  0%| F|  |TAMS 0x0000000710a00000, 0x0000000710a00000| Untracked 
| 111|0x0000000710c00000, 0x0000000710c00000, 0x0000000710e00000|  0%| F|  |TAMS 0x0000000710c00000, 0x0000000710c00000| Untracked 
| 112|0x0000000710e00000, 0x0000000710e00000, 0x0000000711000000|  0%| F|  |TAMS 0x0000000710e00000, 0x0000000710e00000| Untracked 
| 113|0x0000000711000000, 0x0000000711000000, 0x0000000711200000|  0%| F|  |TAMS 0x0000000711000000, 0x0000000711000000| Untracked 
| 114|0x0000000711200000, 0x0000000711200000, 0x0000000711400000|  0%| F|  |TAMS 0x0000000711200000, 0x0000000711200000| Untracked 
| 115|0x0000000711400000, 0x0000000711400000, 0x0000000711600000|  0%| F|  |TAMS 0x0000000711400000, 0x0000000711400000| Untracked 
| 116|0x0000000711600000, 0x0000000711600000, 0x0000000711800000|  0%| F|  |TAMS 0x0000000711600000, 0x0000000711600000| Untracked 
| 117|0x0000000711800000, 0x0000000711871258, 0x0000000711a00000| 22%| E|  |TAMS 0x0000000711800000, 0x0000000711800000| Complete 
| 118|0x0000000711a00000, 0x0000000711c00000, 0x0000000711c00000|100%| E|CS|TAMS 0x0000000711a00000, 0x0000000711a00000| Complete 
| 119|0x0000000711c00000, 0x0000000711e00000, 0x0000000711e00000|100%| E|CS|TAMS 0x0000000711c00000, 0x0000000711c00000| Complete 
| 120|0x0000000711e00000, 0x0000000712000000, 0x0000000712000000|100%| E|CS|TAMS 0x0000000711e00000, 0x0000000711e00000| Complete 
| 121|0x0000000712000000, 0x0000000712200000, 0x0000000712200000|100%| E|CS|TAMS 0x0000000712000000, 0x0000000712000000| Complete 
| 122|0x0000000712200000, 0x0000000712400000, 0x0000000712400000|100%| E|CS|TAMS 0x0000000712200000, 0x0000000712200000| Complete 
| 123|0x0000000712400000, 0x0000000712600000, 0x0000000712600000|100%| E|CS|TAMS 0x0000000712400000, 0x0000000712400000| Complete 
| 124|0x0000000712600000, 0x0000000712800000, 0x0000000712800000|100%| E|CS|TAMS 0x0000000712600000, 0x0000000712600000| Complete 
| 125|0x0000000712800000, 0x0000000712a00000, 0x0000000712a00000|100%| E|CS|TAMS 0x0000000712800000, 0x0000000712800000| Complete 
| 126|0x0000000712a00000, 0x0000000712c00000, 0x0000000712c00000|100%| E|CS|TAMS 0x0000000712a00000, 0x0000000712a00000| Complete 

Card table byte_map: [0x000001cc9b030000,0x000001cc9b820000] _byte_map_base: 0x000001cc97819000

Marking Bits (Prev, Next): (CMBitMap*) 0x000001cc830542c0, (CMBitMap*) 0x000001cc83054300
 Prev Bits: [0x000001cc9c010000, 0x000001cc9ff58000)
 Next Bits: [0x000001cc9ff60000, 0x000001cca3ea8000)

Polling page: 0x000001cc80de0000

Metaspace:

Usage:
  Non-class:      7.18 MB capacity,     4.51 MB ( 63%) used,     2.67 MB ( 37%) free+waste,     3.56 KB ( <1%) overhead. 
      Class:    617.00 KB capacity,   323.87 KB ( 52%) used,   292.32 KB ( 47%) free+waste,   832 bytes ( <1%) overhead. 
       Both:      7.78 MB capacity,     4.82 MB ( 62%) used,     2.95 MB ( 38%) free+waste,     4.38 KB ( <1%) overhead. 

Virtual space:
  Non-class space:        8.00 MB reserved,       7.50 MB ( 94%) committed 
      Class space:        1.00 GB reserved,     640.00 KB ( <1%) committed 
             Both:        1.01 GB reserved,       8.13 MB ( <1%) committed 

Chunk freelists:
   Non-Class:  139.00 KB
       Class:  23.00 KB
        Both:  162.00 KB

MaxMetaspaceSize: 17179869184.00 GB
CompressedClassSpaceSize: 1.00 GB

CodeHeap 'non-profiled nmethods': size=120000Kb used=575Kb max_used=575Kb free=119424Kb
 bounds [0x000001cc92fe0000, 0x000001cc93250000, 0x000001cc9a510000]
CodeHeap 'profiled nmethods': size=120000Kb used=2084Kb max_used=2084Kb free=117915Kb
 bounds [0x000001cc8bab0000, 0x000001cc8bd20000, 0x000001cc92fe0000]
CodeHeap 'non-nmethods': size=5760Kb used=1286Kb max_used=1338Kb free=4473Kb
 bounds [0x000001cc8b510000, 0x000001cc8b780000, 0x000001cc8bab0000]
 total_blobs=1818 nmethods=1240 adapters=491
 compilation: enabled
              stopped_count=0, restarted_count=0
 full_count=0

Compilation events (20 events):
Event: 43.210 Thread 0x000001cca7150220 1231   !   4       java.nio.ByteBuffer::put (248 bytes)
Event: 43.220 Thread 0x000001cca7150220 nmethod 1231 0x000001cc9306c110 code [0x000001cc9306c2c0, 0x000001cc9306c6b8]
Event: 43.226 Thread 0x000001cca7150220 1232       4       java.nio.HeapByteBuffer::put (12 bytes)
Event: 43.235 Thread 0x000001cca7150220 nmethod 1232 0x000001cc9306cc90 code [0x000001cc9306ce20, 0x000001cc9306d2d8]
Event: 45.110 Thread 0x000001cca7150220 1233       4       org.lwjgl.opengl.Display::getPixelScaleFactor (9 bytes)
Event: 45.111 Thread 0x000001cca7150220 nmethod 1233 0x000001cc9306d910 code [0x000001cc9306daa0, 0x000001cc9306daf8]
Event: 45.593 Thread 0x000001cca7150220 1234       4       java.nio.ByteBuffer::limit (6 bytes)
Event: 45.598 Thread 0x000001cca7150220 nmethod 1234 0x000001cc9306dc10 code [0x000001cc9306dda0, 0x000001cc9306de98]
Event: 45.745 Thread 0x000001cca7150220 1235       4       com.badlogic.gdx.math.Vector3::crs (62 bytes)
Event: 45.747 Thread 0x000001cca7150220 nmethod 1235 0x000001cc9306e010 code [0x000001cc9306e180, 0x000001cc9306e238]
Event: 45.760 Thread 0x000001cca7150220 1236  s    4       org.lwjgl.opengl.EventQueue::copyEvents (77 bytes)
Event: 45.778 Thread 0x000001cca7150220 nmethod 1236 0x000001cc9306e310 code [0x000001cc9306e4e0, 0x000001cc9306ed98]
Event: 49.161 Thread 0x000001cca7150dc0 1237       3       org.lwjgl.opengl.WindowsDisplay::handleKeyButton (93 bytes)
Event: 49.162 Thread 0x000001cca7150dc0 nmethod 1237 0x000001cc8bcb8290 code [0x000001cc8bcb8440, 0x000001cc8bcb86e8]
Event: 50.160 Thread 0x000001cca7150dc0 1238       3       com.badlogic.gdx.graphics.glutils.ShapeRenderer::end (15 bytes)
Event: 50.162 Thread 0x000001cca7150dc0 nmethod 1238 0x000001cc8bcb8810 code [0x000001cc8bcb89c0, 0x000001cc8bcb8bc8]
Event: 50.162 Thread 0x000001cca7150dc0 1239       3       com.badlogic.gdx.graphics.glutils.ImmediateModeRenderer20::end (5 bytes)
Event: 50.162 Thread 0x000001cca7150dc0 nmethod 1239 0x000001cc8bcb8d10 code [0x000001cc8bcb8ec0, 0x000001cc8bcb8fe8]
Event: 50.445 Thread 0x000001cca7150220 1240       4       com.badlogic.gdx.backends.lwjgl.LwjglGL20::glBufferData (113 bytes)
Event: 50.453 Thread 0x000001cca7150220 nmethod 1240 0x000001cc9306f690 code [0x000001cc9306f820, 0x000001cc9306fa08]

GC Heap History (0 events):
No events

Deoptimization events (20 events):
Event: 1.152 Thread 0x000001cca78bb470 DEOPT PACKING pc=0x000001cc8bc05e87 sp=0x000000add37ff040
Event: 1.152 Thread 0x000001cca78bb470 DEOPT UNPACKING pc=0x000001cc8b55e23f sp=0x000000add37fe468 mode 0
Event: 1.167 Thread 0x000001cca78bb470 DEOPT PACKING pc=0x000001cc8bc05e87 sp=0x000000add37ff040
Event: 1.167 Thread 0x000001cca78bb470 DEOPT UNPACKING pc=0x000001cc8b55e23f sp=0x000000add37fe468 mode 0
Event: 1.182 Thread 0x000001cca78bb470 DEOPT PACKING pc=0x000001cc8bc05e87 sp=0x000000add37ff040
Event: 1.182 Thread 0x000001cca78bb470 DEOPT UNPACKING pc=0x000001cc8b55e23f sp=0x000000add37fe468 mode 0
Event: 1.198 Thread 0x000001cca78bb470 DEOPT PACKING pc=0x000001cc8bc05e87 sp=0x000000add37ff040
Event: 1.198 Thread 0x000001cca78bb470 DEOPT UNPACKING pc=0x000001cc8b55e23f sp=0x000000add37fe468 mode 0
Event: 1.230 Thread 0x000001cca78bb470 DEOPT PACKING pc=0x000001cc8bc05e87 sp=0x000000add37ff040
Event: 1.230 Thread 0x000001cca78bb470 DEOPT UNPACKING pc=0x000001cc8b55e23f sp=0x000000add37fe468 mode 0
Event: 1.248 Thread 0x000001cca78bb470 DEOPT PACKING pc=0x000001cc8bc05e87 sp=0x000000add37ff040
Event: 1.248 Thread 0x000001cca78bb470 DEOPT UNPACKING pc=0x000001cc8b55e23f sp=0x000000add37fe468 mode 0
Event: 1.264 Thread 0x000001cca78bb470 DEOPT PACKING pc=0x000001cc8bc05e87 sp=0x000000add37ff040
Event: 1.264 Thread 0x000001cca78bb470 DEOPT UNPACKING pc=0x000001cc8b55e23f sp=0x000000add37fe468 mode 0
Event: 1.284 Thread 0x000001cca78bb470 DEOPT PACKING pc=0x000001cc8bc05e87 sp=0x000000add37ff040
Event: 1.284 Thread 0x000001cca78bb470 DEOPT UNPACKING pc=0x000001cc8b55e23f sp=0x000000add37fe468 mode 0
Event: 50.077 Thread 0x000001cca78bb470 Uncommon trap: trap_request=0xffffff45 fr.pc=0x000001cc9302a680 relative=0x00000000000000e0
Event: 50.077 Thread 0x000001cca78bb470 Uncommon trap: reason=unstable_if action=reinterpret pc=0x000001cc9302a680 method=com.badlogic.gdx.graphics.glutils.ShapeRenderer.check(Lcom/badlogic/gdx/graphics/glutils/ShapeRenderer$ShapeType;Lcom/badlogic/gdx/graphics/glutils/ShapeRenderer$ShapeType;I
Event: 50.078 Thread 0x000001cca78bb470 DEOPT PACKING pc=0x000001cc9302a680 sp=0x000000add37fef80
Event: 50.078 Thread 0x000001cca78bb470 DEOPT UNPACKING pc=0x000001cc8b55e42f sp=0x000000add37fef20 mode 2

Classes unloaded (0 events):
No events

Classes redefined (0 events):
No events

Internal exceptions (0 events):
No events

Events (20 events):
Event: 1.330 Loaded shared library C:\Users\StefanieZuccarini\AppData\Local\Temp\libgdxStefanieZuccarini\1cecf4f6\lwjgl64.dll
Event: 1.345 Loaded shared library C:\Users\StefanieZuccarini\AppData\Local\Temp\libgdxStefanieZuccarini\1cecf4f6\lwjgl64.dll
Event: 1.347 Loaded shared library C:\Users\StefanieZuccarini\AppData\Local\Temp\libgdxStefanieZuccarini\1cecf4f6\lwjgl64.dll
Event: 1.514 Loaded shared library C:\Users\StefanieZuccarini\AppData\Local\Temp\libgdxStefanieZuccarini\1cecf4f6\lwjgl64.dll
Event: 2.047 Loaded shared library C:\Users\StefanieZuccarini\AppData\Local\Temp\libgdxStefanieZuccarini\1cecf4f6\lwjgl64.dll
Event: 2.065 Loaded shared library C:\Users\StefanieZuccarini\AppData\Local\Temp\libgdxStefanieZuccarini\1cecf4f6\lwjgl64.dll
Event: 2.271 Loaded shared library C:\Users\StefanieZuccarini\AppData\Local\Temp\libgdxStefanieZuccarini\1cecf4f6\lwjgl64.dll
Event: 2.577 Loaded shared library C:\Program Files\Zulu\zulu-15\bin\java.dll
Event: 2.598 Loaded shared library C:\Users\StefanieZuccarini\AppData\Local\Temp\libgdxStefanieZuccarini\1cecf4f6\lwjgl64.dll
Event: 2.698 Loaded shared library C:\Users\StefanieZuccarini\AppData\Local\Temp\libgdxStefanieZuccarini\1cecf4f6\lwjgl64.dll
Event: 3.112 Loaded shared library C:\Users\StefanieZuccarini\AppData\Local\Temp\libgdxStefanieZuccarini\1cecf4f6\lwjgl64.dll
Event: 3.831 Loaded shared library C:\Users\StefanieZuccarini\AppData\Local\Temp\libgdxStefanieZuccarini\1cecf4f6\lwjgl64.dll
Event: 3.833 Loaded shared library C:\Users\StefanieZuccarini\AppData\Local\Temp\libgdxStefanieZuccarini\1cecf4f6\lwjgl64.dll
Event: 4.198 Loaded shared library C:\Users\StefanieZuccarini\AppData\Local\Temp\libgdxStefanieZuccarini\1cecf4f6\lwjgl64.dll
Event: 5.210 Loaded shared library C:\Users\StefanieZuccarini\AppData\Local\Temp\libgdxStefanieZuccarini\1cecf4f6\lwjgl64.dll
Event: 5.265 Loaded shared library C:\Users\StefanieZuccarini\AppData\Local\Temp\libgdxStefanieZuccarini\1cecf4f6\lwjgl64.dll
Event: 9.484 Loaded shared library C:\Users\StefanieZuccarini\AppData\Local\Temp\libgdxStefanieZuccarini\e1cd32f8\gdx64.dll
Event: 9.495 Loaded shared library C:\Users\StefanieZuccarini\AppData\Local\Temp\libgdxStefanieZuccarini\1cecf4f6\lwjgl64.dll
Event: 9.498 Loaded shared library C:\Users\StefanieZuccarini\AppData\Local\Temp\libgdxStefanieZuccarini\1cecf4f6\lwjgl64.dll
Event: 30.061 Loaded shared library C:\Users\StefanieZuccarini\AppData\Local\Temp\libgdxStefanieZuccarini\1cecf4f6\lwjgl64.dll


Dynamic libraries:
0x00007ff7eff90000 - 0x00007ff7eff9d000 	C:\Program Files\Zulu\zulu-15\bin\java.exe
0x00007ffb2fe00000 - 0x00007ffb2fff0000 	C:\Windows\SYSTEM32\ntdll.dll
0x00007ffb2e5c0000 - 0x00007ffb2e672000 	C:\Windows\System32\KERNEL32.DLL
0x00007ffb2d090000 - 0x00007ffb2d335000 	C:\Windows\System32\KERNELBASE.dll
0x00007ffb2ce40000 - 0x00007ffb2cf3a000 	C:\Windows\System32\ucrtbase.dll
0x00007ffb29370000 - 0x00007ffb29388000 	C:\Program Files\Zulu\zulu-15\bin\jli.dll
0x00007ffb26b00000 - 0x00007ffb26b15000 	C:\Program Files\Zulu\zulu-15\bin\VCRUNTIME140.dll
0x00007ffb2e6a0000 - 0x00007ffb2e834000 	C:\Windows\System32\USER32.dll
0x00007ffb02d20000 - 0x00007ffb02fa4000 	C:\Windows\WinSxS\amd64_microsoft.windows.common-controls_6595b64144ccf1df_6.0.18362.1139_none_9e7bf2d3e4605ac6\COMCTL32.dll
0x00007ffb2d600000 - 0x00007ffb2d621000 	C:\Windows\System32\win32u.dll
0x00007ffb2e520000 - 0x00007ffb2e5be000 	C:\Windows\System32\msvcrt.dll
0x00007ffb2fa60000 - 0x00007ffb2fa86000 	C:\Windows\System32\GDI32.dll
0x00007ffb2ef30000 - 0x00007ffb2f265000 	C:\Windows\System32\combase.dll
0x00007ffb2d460000 - 0x00007ffb2d5f6000 	C:\Windows\System32\gdi32full.dll
0x00007ffb2fa90000 - 0x00007ffb2fbb0000 	C:\Windows\System32\RPCRT4.dll
0x00007ffb2d3c0000 - 0x00007ffb2d45e000 	C:\Windows\System32\msvcp_win.dll
0x00007ffb2d340000 - 0x00007ffb2d3c0000 	C:\Windows\System32\bcryptPrimitives.dll
0x00007ffb2f490000 - 0x00007ffb2f4be000 	C:\Windows\System32\IMM32.DLL
0x00007ffb20600000 - 0x00007ffb2069b000 	C:\Program Files\Zulu\zulu-15\bin\msvcp140.dll
0x00007ffac08f0000 - 0x00007ffac1482000 	C:\Program Files\Zulu\zulu-15\bin\server\jvm.dll
0x00007ffb2e000000 - 0x00007ffb2e0a3000 	C:\Windows\System32\ADVAPI32.dll
0x00007ffb2fd10000 - 0x00007ffb2fda7000 	C:\Windows\System32\sechost.dll
0x00007ffb2e3e0000 - 0x00007ffb2e3e8000 	C:\Windows\System32\PSAPI.DLL
0x00007ffb08570000 - 0x00007ffb08579000 	C:\Windows\SYSTEM32\WSOCK32.dll
0x00007ffb29590000 - 0x00007ffb295b4000 	C:\Windows\SYSTEM32\WINMM.dll
0x00007ffb207f0000 - 0x00007ffb207fa000 	C:\Windows\SYSTEM32\VERSION.dll
0x00007ffb2f270000 - 0x00007ffb2f2df000 	C:\Windows\System32\WS2_32.dll
0x00007ffb29560000 - 0x00007ffb2958d000 	C:\Windows\SYSTEM32\winmmbase.dll
0x00007ffb2d6e0000 - 0x00007ffb2d72a000 	C:\Windows\System32\cfgmgr32.dll
0x00007ffb2cd20000 - 0x00007ffb2cd31000 	C:\Windows\System32\kernel.appcore.dll
0x00007ffb29350000 - 0x00007ffb2935a000 	C:\Program Files\Zulu\zulu-15\bin\jimage.dll
0x00007ffb28c20000 - 0x00007ffb28e14000 	C:\Windows\SYSTEM32\DBGHELP.DLL
0x00007ffb06180000 - 0x00007ffb061aa000 	C:\Windows\SYSTEM32\dbgcore.DLL
0x00007ffb205d0000 - 0x00007ffb205f5000 	C:\Program Files\Zulu\zulu-15\bin\java.dll
0x00007ffb2e840000 - 0x00007ffb2ef27000 	C:\Windows\System32\SHELL32.dll
0x00007ffb2e3f0000 - 0x00007ffb2e499000 	C:\Windows\System32\shcore.dll
0x00007ffb2d730000 - 0x00007ffb2deb0000 	C:\Windows\System32\windows.storage.dll
0x00007ffb2ccd0000 - 0x00007ffb2ccf3000 	C:\Windows\System32\profapi.dll
0x00007ffb2cd40000 - 0x00007ffb2cd8a000 	C:\Windows\System32\powrprof.dll
0x00007ffb2ccc0000 - 0x00007ffb2ccd0000 	C:\Windows\System32\UMPDC.dll
0x00007ffb2e0b0000 - 0x00007ffb2e102000 	C:\Windows\System32\shlwapi.dll
0x00007ffb2d690000 - 0x00007ffb2d6a7000 	C:\Windows\System32\cryptsp.dll
0x00007ffb20d50000 - 0x00007ffb20d69000 	C:\Program Files\Zulu\zulu-15\bin\net.dll
0x00007ffb274d0000 - 0x00007ffb275c0000 	C:\Windows\SYSTEM32\WINHTTP.dll
0x00007ffb2c510000 - 0x00007ffb2c577000 	C:\Windows\system32\mswsock.dll
0x00007ffb20700000 - 0x00007ffb20712000 	C:\Program Files\Zulu\zulu-15\bin\nio.dll
0x00007ffb205b0000 - 0x00007ffb205c8000 	C:\Program Files\Zulu\zulu-15\bin\zip.dll
0x000000006e700000 - 0x000000006e72a000 	C:\Users\StefanieZuccarini\AppData\Local\Temp\libgdxStefanieZuccarini\e1cd32f8\gdx64.dll
0x00007ffb29290000 - 0x00007ffb292a0000 	C:\Program Files\Zulu\zulu-15\bin\verify.dll
0x0000000180000000 - 0x0000000180053000 	C:\Users\StefanieZuccarini\AppData\Local\Temp\libgdxStefanieZuccarini\1cecf4f6\lwjgl64.dll
0x00007ffaef7f0000 - 0x00007ffaef946000 	C:\Windows\SYSTEM32\OPENGL32.dll
0x00007ffaf94c0000 - 0x00007ffaf94ec000 	C:\Windows\SYSTEM32\GLU32.dll
0x00007ffb2b6a0000 - 0x00007ffb2b6c0000 	C:\Windows\SYSTEM32\dxcore.dll
0x000001cc82f00000 - 0x000001cc82f64000 	C:\Users\STEFAN~1\AppData\Local\Temp\libgdxStefanieZuccarini\1cecf4f6\OpenAL64.dll
0x00007ffb2fbb0000 - 0x00007ffb2fd07000 	C:\Windows\System32\ole32.dll
0x00007ffb2ac90000 - 0x00007ffb2ad29000 	C:\Windows\system32\uxtheme.dll
0x00007ffb2e1e0000 - 0x00007ffb2e282000 	C:\Windows\System32\clbcatq.dll
0x00007ffb14240000 - 0x00007ffb142d9000 	C:\Windows\SYSTEM32\dsound.dll
0x00007ffb19040000 - 0x00007ffb190b2000 	C:\Windows\System32\MMDevApi.dll
0x00007ffb2cab0000 - 0x00007ffb2cada000 	C:\Windows\System32\DEVOBJ.dll
0x00007ffb12830000 - 0x00007ffb1298d000 	C:\Windows\SYSTEM32\AUDIOSES.DLL
0x00007ffb2f930000 - 0x00007ffb2f9f5000 	C:\Windows\System32\OLEAUT32.dll
0x00007ffb27ef0000 - 0x00007ffb28043000 	C:\Windows\SYSTEM32\wintypes.dll
0x00007ffb27420000 - 0x00007ffb274ce000 	C:\Windows\SYSTEM32\mscms.dll
0x00007ffb2cbe0000 - 0x00007ffb2cc05000 	C:\Windows\SYSTEM32\USERENV.dll
0x00007ffb27400000 - 0x00007ffb27417000 	C:\Windows\SYSTEM32\ColorAdapterClient.dll
0x00007ffb21ba0000 - 0x00007ffb21bba000 	C:\Windows\System32\Windows.Internal.Graphics.Display.DisplayColorManagement.dll
0x00007ffb2e290000 - 0x00007ffb2e3c5000 	C:\Windows\System32\MSCTF.dll
0x00007ffb20010000 - 0x00007ffb200ae000 	C:\Windows\System32\TextInputFramework.dll
0x00007ffb281a0000 - 0x00007ffb284ca000 	C:\Windows\System32\CoreUIComponents.dll
0x00007ffb2a860000 - 0x00007ffb2a934000 	C:\Windows\System32\CoreMessaging.dll
0x00007ffb2bba0000 - 0x00007ffb2bbd1000 	C:\Windows\SYSTEM32\ntmarta.dll
0x00007ffb1a960000 - 0x00007ffb1ac07000 	C:\Windows\System32\iertutil.dll
0x00007ffa92e30000 - 0x00007ffa93d47000 	C:\Windows\System32\DriverStore\FileRepository\iigd_dch.inf_amd64_dc945736c722f2b5\ig9icd64.dll
0x00007ffb2b290000 - 0x00007ffb2b2bd000 	C:\Windows\system32\dwmapi.dll
0x00007ffb2b730000 - 0x00007ffb2b81b000 	C:\Windows\system32\dxgi.dll
0x00007ffb20f80000 - 0x00007ffb21124000 	C:\Windows\System32\DriverStore\FileRepository\iigd_dch.inf_amd64_dc945736c722f2b5\igdgmm64.dll
0x00007ffb140f0000 - 0x00007ffb14133000 	C:\Windows\SYSTEM32\icm32.dll
0x00007ffae8250000 - 0x00007ffae85ab000 	C:\Windows\System32\DriverStore\FileRepository\iigd_dch.inf_amd64_dc945736c722f2b5\igdml64.dll
0x00007ffb1c3d0000 - 0x00007ffb1e9d1000 	C:\Windows\System32\DriverStore\FileRepository\iigd_dch.inf_amd64_dc945736c722f2b5\igc64.dll
0x0000000066b00000 - 0x0000000066b5b000 	C:\Users\StefanieZuccarini\AppData\Local\Temp\libgdxStefanieZuccarini\a14961b7\gdx-box2d64.dll

dbghelp: loaded successfully - version: 4.0.5 - missing functions: none
symbol engine: initialized successfully - sym options: 0x614 - pdb path: .;C:\Program Files\Zulu\zulu-15\bin;C:\Windows\SYSTEM32;C:\Windows\WinSxS\amd64_microsoft.windows.common-controls_6595b64144ccf1df_6.0.18362.1139_none_9e7bf2d3e4605ac6;C:\Program Files\Zulu\zulu-15\bin\server;C:\Users\StefanieZuccarini\AppData\Local\Temp\libgdxStefanieZuccarini\e1cd32f8;C:\Users\StefanieZuccarini\AppData\Local\Temp\libgdxStefanieZuccarini\1cecf4f6;C:\Users\STEFAN~1\AppData\Local\Temp\libgdxStefanieZuccarini\1cecf4f6;C:\Windows\System32\DriverStore\FileRepository\iigd_dch.inf_amd64_dc945736c722f2b5;C:\Users\StefanieZuccarini\AppData\Local\Temp\libgdxStefanieZuccarini\a14961b7

VM Arguments:
jvm_args: -Dfile.encoding=windows-1252 -Duser.country=CA -Duser.language=en -Duser.variant 
java_command: com.mygdx.game.desktop.DesktopLauncher
java_class_path (initial): C:\Users\StefanieZuccarini\Documents\GitHub\PortalGame\PortalGame\desktop\build\classes\java\main;C:\Users\StefanieZuccarini\Documents\GitHub\PortalGame\PortalGame\desktop\build\resources\main;C:\Users\StefanieZuccarini\.gradle\caches\modules-2\files-2.1\com.badlogicgames.gdx\gdx-tools\1.10.0\d699cf4953fb42a071c7c3feb9b5c45601aa6a4b\gdx-tools-1.10.0.jar;C:\Users\StefanieZuccarini\.gradle\caches\modules-2\files-2.1\com.badlogicgames.gdx\gdx-backend-lwjgl\1.10.0\58ff89d9e4fd8a82591367f187d606e781cacc05\gdx-backend-lwjgl-1.10.0.jar;C:\Users\StefanieZuccarini\.gradle\caches\modules-2\files-2.1\com.badlogicgames.gdx\gdx-platform\1.10.0\9a8fa793d2fd6d360afc6c9e4c1f5583da263b88\gdx-platform-1.10.0-natives-desktop.jar;C:\Users\StefanieZuccarini\.gradle\caches\modules-2\files-2.1\com.badlogicgames.gdx\gdx-box2d-platform\1.10.0\588c4191c5a64ed39365e71484aa37d81c38eb5e\gdx-box2d-platform-1.10.0-natives-desktop.jar;C:\Users\StefanieZuccarini\.gradle\caches\modules-2\files-2.1\com.badlogicgames.gdx\gdx-bullet-platform\1.10.0\ce92e8dfc762523d769cbc50853163c03bf98cf1\gdx-bullet-platform-1.10.0-natives-desktop.jar;C:\Users\StefanieZuccarini\.gradle\caches\modules-2\files-2.1\com.badlogicgames.gdx\gdx-freetype-platform\1.10.0\6e5d28752759e69384f12e4569d2c884ff71352f\gdx-freetype-platform-1.10.0-natives-desktop.jar;C:\Users\StefanieZuccarini\Documents\GitHub\PortalGame\PortalGame\core\build\libs\core-1.0.jar;C:\Users\StefanieZuccarini\.gradle\caches\modules-2\files-2.1\com.badlogicgames.gdx\gdx-backend-headless\1.10.0\990eadbb431197c5b9b816d1659c772e0268e65\gdx-backend-headless-1.10.0.jar;C:\Users\StefanieZuccarini\.gradle\caches\modules-2\files-2.1\com.badlogicgames.gdx\gdx-freetype\1.10.0\de1d0d5c1e92e8d91364256fd6b7bb279d3e9859\gdx-freetype-1.10.0.jar;C:\Users\StefanieZuccarini\.gradle\caches\modules-2\files-2.1\com.badlogicgames.box2dlights\box2dlights\1.5\6902dbcd250c95a27973aa24a147a95b3828d348\box2dlights-1.5.jar;C:\Users\StefanieZuccarini\.gradle\
Launcher Type: SUN_STANDARD

[Global flags]
     intx CICompilerCount                          = 4                                         {product} {ergonomic}
     uint ConcGCThreads                            = 2                                         {product} {ergonomic}
     uint G1ConcRefinementThreads                  = 8                                         {product} {ergonomic}
   size_t G1HeapRegionSize                         = 2097152                                   {product} {ergonomic}
    uintx GCDrainStackTargetSize                   = 64                                        {product} {ergonomic}
   size_t InitialHeapSize                          = 266338304                                 {product} {ergonomic}
   size_t MarkStackSize                            = 4194304                                   {product} {ergonomic}
   size_t MaxHeapSize                              = 4246732800                                {product} {ergonomic}
   size_t MaxNewSize                               = 2548039680                                {product} {ergonomic}
   size_t MinHeapDeltaBytes                        = 2097152                                   {product} {ergonomic}
   size_t MinHeapSize                              = 8388608                                   {product} {ergonomic}
    uintx NonNMethodCodeHeapSize                   = 5839372                                {pd product} {ergonomic}
    uintx NonProfiledCodeHeapSize                  = 122909434                              {pd product} {ergonomic}
    uintx ProfiledCodeHeapSize                     = 122909434                              {pd product} {ergonomic}
    uintx ReservedCodeCacheSize                    = 251658240                              {pd product} {ergonomic}
     bool SegmentedCodeCache                       = true                                      {product} {ergonomic}
   size_t SoftMaxHeapSize                          = 4246732800                             {manageable} {ergonomic}
     bool UseCompressedClassPointers               = true                                 {lp64_product} {ergonomic}
     bool UseCompressedOops                        = true                                 {lp64_product} {ergonomic}
     bool UseG1GC                                  = true                                      {product} {ergonomic}
     bool UseLargePagesIndividualAllocation        = false                                  {pd product} {ergonomic}

Logging:
Log output configuration:
 #0: stdout all=warning uptime,level,tags
 #1: stderr all=off uptime,level,tags

Environment Variables:
PATH=C:\Program Files\Zulu\zulu-15\bin\;C:\Program Files\Common Files\Oracle\Java\javapath;C:\Program Files (x86)\Common Files\Oracle\Java\javapath;C:\Windows\system32;C:\Windows;C:\Windows\System32\Wbem;C:\Windows\System32\WindowsPowerShell\v1.0\;C:\Windows\System32\OpenSSH\;C:\Program Files\Git\cmd;C:\Users\StefanieZuccarini\AppData\Local\Microsoft\WindowsApps;C:\Program Files\JetBrains\IntelliJ IDEA Community Edition 2021.3\bin;;C:\Users\StefanieZuccarini\AppData\Local\GitHubDesktop\bin
USERNAME=StefanieZuccarini
OS=Windows_NT
PROCESSOR_IDENTIFIER=Intel64 Family 6 Model 142 Stepping 12, GenuineIntel



---------------  S Y S T E M  ---------------

OS:
 Windows 10 , 64 bit Build 18362 (10.0.18362.1110)
OS uptime: 5 days 4:18 hours

CPU: total 8 (initial active 8) (4 cores per cpu, 2 threads per core) family 6 model 142 stepping 12 microcode 0xca, cmov, cx8, fxsr, mmx, sse, sse2, sse3, ssse3, sse4.1, sse4.2, popcnt, vzeroupper, avx, avx2, aes, clmul, erms, 3dnowpref, lzcnt, ht, tsc, tscinvbit, bmi1, bmi2, adx, fma, clflush, clflushopt

Memory: 4k page, system-wide physical 16198M (5274M free)
TotalPageFile size 20038M (AvailPageFile size 8331M)
current process WorkingSet (physical memory assigned to process): 174M, peak: 196M
current process commit charge ("private bytes"): 425M, peak: 449M

vm_info: OpenJDK 64-Bit Server VM (15.0.5+3-MTS) for windows-amd64 JRE (15.0.5+3-MTS) (Zulu15.36+13-CA), built on Oct  8 2021 11:07:26 by "zulu_re" with MS VC++ 15.9 (VS2017)

END.
