#
# A fatal error has been detected by the Java Runtime Environment:
#
#  EXCEPTION_ACCESS_VIOLATION (0xc0000005) at pc=0x0000000066b0cfa7, pid=4452, tid=27120
#
# JRE version: OpenJDK Runtime Environment Zulu15.36+13-CA (15.0.5+3) (build 15.0.5+3-MTS)
# Java VM: OpenJDK 64-Bit Server VM Zulu15.36+13-CA (15.0.5+3-MTS, mixed mode, sharing, tiered, compressed oops, g1 gc, windows-amd64)
# Problematic frame:
# C  [gdx-box2d64.dll+0xcfa7]
#
# No core dump will be written. Minidumps are not enabled by default on client versions of Windows
#
# If you would like to submit a bug report, please visit:
#   http://www.azul.com/support/
# The crash happened outside the Java Virtual Machine in native code.
# See problematic frame for where to report the bug.
#

---------------  S U M M A R Y ------------

Command Line: -Dfile.encoding=windows-1252 -Duser.country=CA -Duser.language=en -Duser.variant com.mygdx.game.desktop.DesktopLauncher

Host: Intel(R) Core(TM) i7-10700F CPU @ 2.90GHz, 16 cores, 15G,  Windows 10 , 64 bit Build 19041 (10.0.19041.1348)
Time: Tue Dec 21 14:27:58 2021 Eastern Standard Time elapsed time: 9.933246 seconds (0d 0h 0m 9s)

---------------  T H R E A D  ---------------

Current thread (0x000002a8c9a830a0):  JavaThread "LWJGL Application" [_thread_in_native, id=27120, stack(0x000000c14c300000,0x000000c14c400000)]

Stack: [0x000000c14c300000,0x000000c14c400000],  sp=0x000000c14c3fe850,  free space=1018k
Native frames: (J=compiled Java code, j=interpreted, Vv=VM code, C=native code)
C  [gdx-box2d64.dll+0xcfa7]

Java frames: (J=compiled Java code, j=interpreted, Vv=VM code)
j  com.badlogic.gdx.physics.box2d.World.jniDestroyBody(JJ)V+0
j  com.badlogic.gdx.physics.box2d.World.destroyBody(Lcom/badlogic/gdx/physics/box2d/Body;)V+42
j  com.mygdx.game.Entity.dispose()V+8
j  com.mygdx.game.MyGdxGame.dispose()V+82
j  com.badlogic.gdx.backends.lwjgl.LwjglApplication.mainLoop()V+924
j  com.badlogic.gdx.backends.lwjgl.LwjglApplication$1.run()V+27
v  ~StubRoutines::call_stub

siginfo: EXCEPTION_ACCESS_VIOLATION (0xc0000005), reading address 0x0000000000000008


Register to memory mapping:

RIP=0x0000000066b0cfa7 gdx-box2d64.dll
RAX=0x0 is NULL
RBX=0x000002a8cafae4e0 points into unknown readable memory: 0x000002a8d20a0080 | 80 00 0a d2 a8 02 00 00
RCX=0x0000000000000036 is an unknown value
RDX=0x000002a8d20a0320 points into unknown readable memory: 0x000002a841200000 | 00 00 20 41 a8 02 00 00
RSP=0x000000c14c3fe850 is pointing into the stack for thread: 0x000002a8c9a830a0
RBP=0x000002a8caf1c340 points into unknown readable memory: 0x000002a8a2200150 | 50 01 20 a2 a8 02 00 00
RSI=0x000002a8caf355e0 points into unknown readable memory: 0x000000000000000c | 0c 00 00 00 00 00 00 00
RDI=0x000002a8cafae4e0 points into unknown readable memory: 0x000002a8d20a0080 | 80 00 0a d2 a8 02 00 00
R8 =0x000002a8caf6fe50 points into unknown readable memory: 0x0000003600000002 | 02 00 00 00 36 00 00 00
R9 =0x000002a8caf6fe50 points into unknown readable memory: 0x0000003600000002 | 02 00 00 00 36 00 00 00
R10=0x000002a8ac9cf148 is at code_begin+1000 in an Interpreter codelet
method entry point (kind = native)  [0x000002a8ac9ced60, 0x000002a8ac9cf7e0]  2688 bytes
R11=0x0000000000000102 is an unknown value
R12=0x0 is NULL
R13={method} {0x000002a8c8f73ab0} 'jniDestroyBody' '(JJ)V' in 'com/badlogic/gdx/physics/box2d/World'
R14=0x000000c14c3fea98 is pointing into the stack for thread: 0x000002a8c9a830a0
R15=0x000002a8c9a830a0 is a thread


Registers:
RAX=0x0000000000000000, RBX=0x000002a8cafae4e0, RCX=0x0000000000000036, RDX=0x000002a8d20a0320
RSP=0x000000c14c3fe850, RBP=0x000002a8caf1c340, RSI=0x000002a8caf355e0, RDI=0x000002a8cafae4e0
R8 =0x000002a8caf6fe50, R9 =0x000002a8caf6fe50, R10=0x000002a8ac9cf148, R11=0x0000000000000102
R12=0x0000000000000000, R13=0x000002a8c8f73aa8, R14=0x000000c14c3fea98, R15=0x000002a8c9a830a0
RIP=0x0000000066b0cfa7, EFLAGS=0x0000000000010202

Top of Stack: (sp=0x000000c14c3fe850)
0x000000c14c3fe850:   0000000000000000 0000000000000100
0x000000c14c3fe860:   0000000000000000 000000c14c3feb18
0x000000c14c3fe870:   0000000000000000 000002a8cafae4e0
0x000000c14c3fe880:   000002a8caf355e0 000002a8caf6fe50
0x000000c14c3fe890:   000002a8caf6f910 0000000066b1f39f
0x000000c14c3fe8a0:   000002a8c9a83000 0000000000000000
0x000000c14c3fe8b0:   00007ffbcfebb548 0000000800406240
0x000000c14c3fe8c0:   000000000000000e 0000000000000000
0x000000c14c3fe8d0:   000002a8caf1c340 000002a8caf6fe50
0x000000c14c3fe8e0:   000002a8caf355e0 0000000066b215d3
0x000000c14c3fe8f0:   000002a8c9184630 0000002800000003
0x000000c14c3fe900:   000000c14c3fea58 000002a8c9a830a0
0x000000c14c3fe910:   000002a8caf1c340 000002a8caf6fe50
0x000000c14c3fe920:   000000000000051f 000000c14c3fea58
0x000000c14c3fe930:   0000000000000000 0000000066b26a9d
0x000000c14c3fe940:   000000c14c3fea58 00007ffbcf93e3d7 

Instructions: (pc=0x0000000066b0cfa7)
0x0000000066b0cea7:   e0 05 48 8d 04 d0 48 8d 15 8c 34 04 00 48 01 d0
0x0000000066b0ceb7:   4c 8b 10 4d 85 d2 0f 84 8e 00 00 00 80 78 10 00
0x0000000066b0cec7:   4c 89 b4 24 80 00 00 00 75 1f 41 89 e9 4d 89 e8
0x0000000066b0ced7:   89 fa 4c 89 e1 48 83 c4 20 5b 5e 5f 5d 41 5c 41
0x0000000066b0cee7:   5d 41 5e 49 ff e2 0f 1f 00 41 89 f9 4d 89 e0 89
0x0000000066b0cef7:   ea 4c 89 e9 eb df 0f 1f 00 48 8d 15 79 50 03 00
0x0000000066b0cf07:   48 8d 0d 12 51 03 00 41 b8 51 00 00 00 e8 b7 96
0x0000000066b0cf17:   02 00 e9 7f ff ff ff 66 90 48 8d 15 59 50 03 00
0x0000000066b0cf27:   48 8d 0d c2 50 03 00 41 b8 50 00 00 00 e8 97 96
0x0000000066b0cf37:   02 00 e9 5a ff ff ff 66 90 e8 fb fc ff ff c6 05
0x0000000066b0cf47:   d4 33 04 00 01 e9 2d ff ff ff 31 c0 48 83 c4 20
0x0000000066b0cf57:   5b 5e 5f 5d 41 5c 41 5d 41 5e c3 0f 1f 40 00 66
0x0000000066b0cf67:   2e 0f 1f 84 00 00 00 00 00 55 57 56 53 48 83 ec
0x0000000066b0cf77:   28 80 3d a1 33 04 00 00 48 89 cf 48 89 d5 0f 84
0x0000000066b0cf87:   f5 00 00 00 8b 8f b4 00 00 00 48 8b 47 60 48 8b
0x0000000066b0cf97:   57 68 85 c9 7e 06 80 78 3a 00 74 50 48 8b 40 18
0x0000000066b0cfa7:   48 63 58 08 48 8b 42 18 8b 70 08 85 db 0f 88 8a
0x0000000066b0cfb7:   00 00 00 83 fe 03 0f 8f 81 00 00 00 48 63 c6 48
0x0000000066b0cfc7:   89 f9 48 8d 14 40 48 8d 04 5b 48 c1 e0 05 48 8d
0x0000000066b0cfd7:   04 d0 48 8d 15 60 33 04 00 48 8b 44 02 08 48 89
0x0000000066b0cfe7:   ea 48 83 c4 28 5b 5e 5f 5d 48 ff e0 80 7a 3a 00
0x0000000066b0cff7:   75 aa 4c 8b 40 10 41 0f b7 48 04 f6 c1 02 75 13
0x0000000066b0d007:   83 c9 02 41 c7 80 ac 00 00 00 00 00 00 00 66 41
0x0000000066b0d017:   89 48 04 4c 8b 42 10 41 0f b7 48 04 f6 c1 02 0f
0x0000000066b0d027:   85 77 ff ff ff 83 c9 02 41 c7 80 ac 00 00 00 00
0x0000000066b0d037:   00 00 00 66 41 89 48 04 e9 5f ff ff ff 48 8d 15
0x0000000066b0d047:   35 4f 03 00 48 8d 0d 16 50 03 00 41 b8 77 00 00
0x0000000066b0d057:   00 e8 73 95 02 00 48 8d 15 1c 4f 03 00 48 8d 0d
0x0000000066b0d067:   fd 4f 03 00 41 b8 78 00 00 00 e8 5a 95 02 00 e9
0x0000000066b0d077:   48 ff ff ff 0f 1f 44 00 00 48 8d 15 f9 4e 03 00
0x0000000066b0d087:   48 8d 0d bd 4f 03 00 41 b8 67 00 00 00 e8 37 95
0x0000000066b0d097:   02 00 e9 ed fe ff ff 66 90 48 83 ec 38 48 8d 05 


Stack slot to memory mapping:
stack at sp + 0 slots: 0x0 is NULL
stack at sp + 1 slots: 0x0000000000000100 is an unknown value
stack at sp + 2 slots: 0x0 is NULL
stack at sp + 3 slots: 0x000000c14c3feb18 is pointing into the stack for thread: 0x000002a8c9a830a0
stack at sp + 4 slots: 0x0 is NULL
stack at sp + 5 slots: 0x000002a8cafae4e0 points into unknown readable memory: 0x000002a8d20a0080 | 80 00 0a d2 a8 02 00 00
stack at sp + 6 slots: 0x000002a8caf355e0 points into unknown readable memory: 0x000000000000000c | 0c 00 00 00 00 00 00 00
stack at sp + 7 slots: 0x000002a8caf6fe50 points into unknown readable memory: 0x0000003600000002 | 02 00 00 00 36 00 00 00


---------------  P R O C E S S  ---------------

Threads class SMR info:
_java_thread_list=0x000002a8cda16ea0, length=14, elements={
0x000002a8c9113960, 0x000002a8c9114cd0, 0x000002a8c9131650, 0x000002a8c9134110,
0x000002a8c9135360, 0x000002a8c913bac0, 0x000002a8c9141060, 0x000002a8c914b790,
0x000002a8c9288ac0, 0x000002a8c928bb10, 0x000002a8c9a830a0, 0x000002a8a449ff00,
0x000002a8cdc4a550, 0x000002a8c9a2c000
}

Java Threads: ( => current thread )
  0x000002a8c9113960 JavaThread "Reference Handler" daemon [_thread_blocked, id=11540, stack(0x000000c14b400000,0x000000c14b500000)]
  0x000002a8c9114cd0 JavaThread "Finalizer" daemon [_thread_blocked, id=2776, stack(0x000000c14b500000,0x000000c14b600000)]
  0x000002a8c9131650 JavaThread "Signal Dispatcher" daemon [_thread_blocked, id=17248, stack(0x000000c14b600000,0x000000c14b700000)]
  0x000002a8c9134110 JavaThread "Attach Listener" daemon [_thread_blocked, id=22860, stack(0x000000c14b700000,0x000000c14b800000)]
  0x000002a8c9135360 JavaThread "Service Thread" daemon [_thread_blocked, id=30196, stack(0x000000c14b800000,0x000000c14b900000)]
  0x000002a8c913bac0 JavaThread "C2 CompilerThread0" daemon [_thread_blocked, id=30660, stack(0x000000c14b900000,0x000000c14ba00000)]
  0x000002a8c9141060 JavaThread "C1 CompilerThread0" daemon [_thread_blocked, id=336, stack(0x000000c14ba00000,0x000000c14bb00000)]
  0x000002a8c914b790 JavaThread "Sweeper thread" daemon [_thread_blocked, id=18712, stack(0x000000c14bb00000,0x000000c14bc00000)]
  0x000002a8c9288ac0 JavaThread "Notification Thread" daemon [_thread_blocked, id=9748, stack(0x000000c14be00000,0x000000c14bf00000)]
  0x000002a8c928bb10 JavaThread "Common-Cleaner" daemon [_thread_blocked, id=4224, stack(0x000000c14c000000,0x000000c14c100000)]
=>0x000002a8c9a830a0 JavaThread "LWJGL Application" [_thread_in_native, id=27120, stack(0x000000c14c300000,0x000000c14c400000)]
  0x000002a8a449ff00 JavaThread "DestroyJavaVM" [_thread_blocked, id=1636, stack(0x000000c14ad00000,0x000000c14ae00000)]
  0x000002a8cdc4a550 JavaThread "LWJGL Timer" daemon [_thread_blocked, id=7388, stack(0x000000c14cd00000,0x000000c14ce00000)]
  0x000002a8c9a2c000 JavaThread "C1 CompilerThread1" daemon [_thread_blocked, id=11104, stack(0x000000c14bc00000,0x000000c14bd00000)]

Other Threads:
  0x000002a8c890e830 VMThread "VM Thread" [stack: 0x000000c14b300000,0x000000c14b400000] [id=25860]
  0x000002a8c92893a0 WatcherThread [stack: 0x000000c14bf00000,0x000000c14c000000] [id=7228]
  0x000002a8a44f30e0 GCTaskThread "GC Thread#0" [stack: 0x000000c14ae00000,0x000000c14af00000] [id=21940]
  0x000002a8a4505040 ConcurrentGCThread "G1 Main Marker" [stack: 0x000000c14af00000,0x000000c14b000000] [id=9432]
  0x000002a8a45064f0 ConcurrentGCThread "G1 Conc#0" [stack: 0x000000c14b000000,0x000000c14b100000] [id=19476]
  0x000002a8c87940e0 ConcurrentGCThread "G1 Refine#0" [stack: 0x000000c14b100000,0x000000c14b200000] [id=20680]
  0x000002a8c8794c00 ConcurrentGCThread "G1 Young RemSet Sampling" [stack: 0x000000c14b200000,0x000000c14b300000] [id=13256]

Threads with active compile tasks:

VM state: not at safepoint (normal execution)

VM Mutex/Monitor currently owned by a thread: None

Heap address: 0x0000000703800000, size: 4040 MB, Compressed Oops mode: Zero based, Oop shift amount: 3
CDS archive(s) mapped at: [0x0000000800000000-0x0000000800b50000-0x0000000800b50000), size 11862016, SharedBaseAddress: 0x0000000800000000, ArchiveRelocationMode: 0.
Compressed class space mapped at: 0x0000000800b50000-0x0000000840b50000, size: 1073741824
Narrow klass base: 0x0000000800000000, Narrow klass shift: 3, Narrow klass range: 0x100000000

GC Precious Log:
 CPUs: 16 total, 16 available
 Memory: 16154M
 Large Page Support: Disabled
 NUMA Support: Disabled
 Compressed Oops: Enabled (Zero based)
 Heap Region Size: 2M
 Heap Min Capacity: 8M
 Heap Initial Capacity: 254M
 Heap Max Capacity: 4040M
 Pre-touch: Disabled
 Parallel Workers: 13
 Concurrent Workers: 3
 Concurrent Refinement Workers: 13
 Periodic GC: Disabled

Heap:
 garbage-first heap   total 260096K, used 16384K [0x0000000703800000, 0x0000000800000000)
  region size 2048K, 9 young (18432K), 0 survivors (0K)
 Metaspace       used 4955K, capacity 7966K, committed 8320K, reserved 1056768K
  class space    used 323K, capacity 617K, committed 640K, reserved 1048576K

Heap Regions: E=young(eden), S=young(survivor), O=old, HS=humongous(starts), HC=humongous(continues), CS=collection set, F=free, OA=open archive, CA=closed archive, TAMS=top-at-mark-start (previous, next)
|   0|0x0000000703800000, 0x0000000703800000, 0x0000000703a00000|  0%| F|  |TAMS 0x0000000703800000, 0x0000000703800000| Untracked 
|   1|0x0000000703a00000, 0x0000000703a00000, 0x0000000703c00000|  0%| F|  |TAMS 0x0000000703a00000, 0x0000000703a00000| Untracked 
|   2|0x0000000703c00000, 0x0000000703c00000, 0x0000000703e00000|  0%| F|  |TAMS 0x0000000703c00000, 0x0000000703c00000| Untracked 
|   3|0x0000000703e00000, 0x0000000703e00000, 0x0000000704000000|  0%| F|  |TAMS 0x0000000703e00000, 0x0000000703e00000| Untracked 
|   4|0x0000000704000000, 0x0000000704000000, 0x0000000704200000|  0%| F|  |TAMS 0x0000000704000000, 0x0000000704000000| Untracked 
|   5|0x0000000704200000, 0x0000000704200000, 0x0000000704400000|  0%| F|  |TAMS 0x0000000704200000, 0x0000000704200000| Untracked 
|   6|0x0000000704400000, 0x0000000704400000, 0x0000000704600000|  0%| F|  |TAMS 0x0000000704400000, 0x0000000704400000| Untracked 
|   7|0x0000000704600000, 0x0000000704600000, 0x0000000704800000|  0%| F|  |TAMS 0x0000000704600000, 0x0000000704600000| Untracked 
|   8|0x0000000704800000, 0x0000000704800000, 0x0000000704a00000|  0%| F|  |TAMS 0x0000000704800000, 0x0000000704800000| Untracked 
|   9|0x0000000704a00000, 0x0000000704a00000, 0x0000000704c00000|  0%| F|  |TAMS 0x0000000704a00000, 0x0000000704a00000| Untracked 
|  10|0x0000000704c00000, 0x0000000704c00000, 0x0000000704e00000|  0%| F|  |TAMS 0x0000000704c00000, 0x0000000704c00000| Untracked 
|  11|0x0000000704e00000, 0x0000000704e00000, 0x0000000705000000|  0%| F|  |TAMS 0x0000000704e00000, 0x0000000704e00000| Untracked 
|  12|0x0000000705000000, 0x0000000705000000, 0x0000000705200000|  0%| F|  |TAMS 0x0000000705000000, 0x0000000705000000| Untracked 
|  13|0x0000000705200000, 0x0000000705200000, 0x0000000705400000|  0%| F|  |TAMS 0x0000000705200000, 0x0000000705200000| Untracked 
|  14|0x0000000705400000, 0x0000000705400000, 0x0000000705600000|  0%| F|  |TAMS 0x0000000705400000, 0x0000000705400000| Untracked 
|  15|0x0000000705600000, 0x0000000705600000, 0x0000000705800000|  0%| F|  |TAMS 0x0000000705600000, 0x0000000705600000| Untracked 
|  16|0x0000000705800000, 0x0000000705800000, 0x0000000705a00000|  0%| F|  |TAMS 0x0000000705800000, 0x0000000705800000| Untracked 
|  17|0x0000000705a00000, 0x0000000705a00000, 0x0000000705c00000|  0%| F|  |TAMS 0x0000000705a00000, 0x0000000705a00000| Untracked 
|  18|0x0000000705c00000, 0x0000000705c00000, 0x0000000705e00000|  0%| F|  |TAMS 0x0000000705c00000, 0x0000000705c00000| Untracked 
|  19|0x0000000705e00000, 0x0000000705e00000, 0x0000000706000000|  0%| F|  |TAMS 0x0000000705e00000, 0x0000000705e00000| Untracked 
|  20|0x0000000706000000, 0x0000000706000000, 0x0000000706200000|  0%| F|  |TAMS 0x0000000706000000, 0x0000000706000000| Untracked 
|  21|0x0000000706200000, 0x0000000706200000, 0x0000000706400000|  0%| F|  |TAMS 0x0000000706200000, 0x0000000706200000| Untracked 
|  22|0x0000000706400000, 0x0000000706400000, 0x0000000706600000|  0%| F|  |TAMS 0x0000000706400000, 0x0000000706400000| Untracked 
|  23|0x0000000706600000, 0x0000000706600000, 0x0000000706800000|  0%| F|  |TAMS 0x0000000706600000, 0x0000000706600000| Untracked 
|  24|0x0000000706800000, 0x0000000706800000, 0x0000000706a00000|  0%| F|  |TAMS 0x0000000706800000, 0x0000000706800000| Untracked 
|  25|0x0000000706a00000, 0x0000000706a00000, 0x0000000706c00000|  0%| F|  |TAMS 0x0000000706a00000, 0x0000000706a00000| Untracked 
|  26|0x0000000706c00000, 0x0000000706c00000, 0x0000000706e00000|  0%| F|  |TAMS 0x0000000706c00000, 0x0000000706c00000| Untracked 
|  27|0x0000000706e00000, 0x0000000706e00000, 0x0000000707000000|  0%| F|  |TAMS 0x0000000706e00000, 0x0000000706e00000| Untracked 
|  28|0x0000000707000000, 0x0000000707000000, 0x0000000707200000|  0%| F|  |TAMS 0x0000000707000000, 0x0000000707000000| Untracked 
|  29|0x0000000707200000, 0x0000000707200000, 0x0000000707400000|  0%| F|  |TAMS 0x0000000707200000, 0x0000000707200000| Untracked 
|  30|0x0000000707400000, 0x0000000707400000, 0x0000000707600000|  0%| F|  |TAMS 0x0000000707400000, 0x0000000707400000| Untracked 
|  31|0x0000000707600000, 0x0000000707600000, 0x0000000707800000|  0%| F|  |TAMS 0x0000000707600000, 0x0000000707600000| Untracked 
|  32|0x0000000707800000, 0x0000000707800000, 0x0000000707a00000|  0%| F|  |TAMS 0x0000000707800000, 0x0000000707800000| Untracked 
|  33|0x0000000707a00000, 0x0000000707a00000, 0x0000000707c00000|  0%| F|  |TAMS 0x0000000707a00000, 0x0000000707a00000| Untracked 
|  34|0x0000000707c00000, 0x0000000707c00000, 0x0000000707e00000|  0%| F|  |TAMS 0x0000000707c00000, 0x0000000707c00000| Untracked 
|  35|0x0000000707e00000, 0x0000000707e00000, 0x0000000708000000|  0%| F|  |TAMS 0x0000000707e00000, 0x0000000707e00000| Untracked 
|  36|0x0000000708000000, 0x0000000708000000, 0x0000000708200000|  0%| F|  |TAMS 0x0000000708000000, 0x0000000708000000| Untracked 
|  37|0x0000000708200000, 0x0000000708200000, 0x0000000708400000|  0%| F|  |TAMS 0x0000000708200000, 0x0000000708200000| Untracked 
|  38|0x0000000708400000, 0x0000000708400000, 0x0000000708600000|  0%| F|  |TAMS 0x0000000708400000, 0x0000000708400000| Untracked 
|  39|0x0000000708600000, 0x0000000708600000, 0x0000000708800000|  0%| F|  |TAMS 0x0000000708600000, 0x0000000708600000| Untracked 
|  40|0x0000000708800000, 0x0000000708800000, 0x0000000708a00000|  0%| F|  |TAMS 0x0000000708800000, 0x0000000708800000| Untracked 
|  41|0x0000000708a00000, 0x0000000708a00000, 0x0000000708c00000|  0%| F|  |TAMS 0x0000000708a00000, 0x0000000708a00000| Untracked 
|  42|0x0000000708c00000, 0x0000000708c00000, 0x0000000708e00000|  0%| F|  |TAMS 0x0000000708c00000, 0x0000000708c00000| Untracked 
|  43|0x0000000708e00000, 0x0000000708e00000, 0x0000000709000000|  0%| F|  |TAMS 0x0000000708e00000, 0x0000000708e00000| Untracked 
|  44|0x0000000709000000, 0x0000000709000000, 0x0000000709200000|  0%| F|  |TAMS 0x0000000709000000, 0x0000000709000000| Untracked 
|  45|0x0000000709200000, 0x0000000709200000, 0x0000000709400000|  0%| F|  |TAMS 0x0000000709200000, 0x0000000709200000| Untracked 
|  46|0x0000000709400000, 0x0000000709400000, 0x0000000709600000|  0%| F|  |TAMS 0x0000000709400000, 0x0000000709400000| Untracked 
|  47|0x0000000709600000, 0x0000000709600000, 0x0000000709800000|  0%| F|  |TAMS 0x0000000709600000, 0x0000000709600000| Untracked 
|  48|0x0000000709800000, 0x0000000709800000, 0x0000000709a00000|  0%| F|  |TAMS 0x0000000709800000, 0x0000000709800000| Untracked 
|  49|0x0000000709a00000, 0x0000000709a00000, 0x0000000709c00000|  0%| F|  |TAMS 0x0000000709a00000, 0x0000000709a00000| Untracked 
|  50|0x0000000709c00000, 0x0000000709c00000, 0x0000000709e00000|  0%| F|  |TAMS 0x0000000709c00000, 0x0000000709c00000| Untracked 
|  51|0x0000000709e00000, 0x0000000709e00000, 0x000000070a000000|  0%| F|  |TAMS 0x0000000709e00000, 0x0000000709e00000| Untracked 
|  52|0x000000070a000000, 0x000000070a000000, 0x000000070a200000|  0%| F|  |TAMS 0x000000070a000000, 0x000000070a000000| Untracked 
|  53|0x000000070a200000, 0x000000070a200000, 0x000000070a400000|  0%| F|  |TAMS 0x000000070a200000, 0x000000070a200000| Untracked 
|  54|0x000000070a400000, 0x000000070a400000, 0x000000070a600000|  0%| F|  |TAMS 0x000000070a400000, 0x000000070a400000| Untracked 
|  55|0x000000070a600000, 0x000000070a600000, 0x000000070a800000|  0%| F|  |TAMS 0x000000070a600000, 0x000000070a600000| Untracked 
|  56|0x000000070a800000, 0x000000070a800000, 0x000000070aa00000|  0%| F|  |TAMS 0x000000070a800000, 0x000000070a800000| Untracked 
|  57|0x000000070aa00000, 0x000000070aa00000, 0x000000070ac00000|  0%| F|  |TAMS 0x000000070aa00000, 0x000000070aa00000| Untracked 
|  58|0x000000070ac00000, 0x000000070ac00000, 0x000000070ae00000|  0%| F|  |TAMS 0x000000070ac00000, 0x000000070ac00000| Untracked 
|  59|0x000000070ae00000, 0x000000070ae00000, 0x000000070b000000|  0%| F|  |TAMS 0x000000070ae00000, 0x000000070ae00000| Untracked 
|  60|0x000000070b000000, 0x000000070b000000, 0x000000070b200000|  0%| F|  |TAMS 0x000000070b000000, 0x000000070b000000| Untracked 
|  61|0x000000070b200000, 0x000000070b200000, 0x000000070b400000|  0%| F|  |TAMS 0x000000070b200000, 0x000000070b200000| Untracked 
|  62|0x000000070b400000, 0x000000070b400000, 0x000000070b600000|  0%| F|  |TAMS 0x000000070b400000, 0x000000070b400000| Untracked 
|  63|0x000000070b600000, 0x000000070b600000, 0x000000070b800000|  0%| F|  |TAMS 0x000000070b600000, 0x000000070b600000| Untracked 
|  64|0x000000070b800000, 0x000000070b800000, 0x000000070ba00000|  0%| F|  |TAMS 0x000000070b800000, 0x000000070b800000| Untracked 
|  65|0x000000070ba00000, 0x000000070ba00000, 0x000000070bc00000|  0%| F|  |TAMS 0x000000070ba00000, 0x000000070ba00000| Untracked 
|  66|0x000000070bc00000, 0x000000070bc00000, 0x000000070be00000|  0%| F|  |TAMS 0x000000070bc00000, 0x000000070bc00000| Untracked 
|  67|0x000000070be00000, 0x000000070be00000, 0x000000070c000000|  0%| F|  |TAMS 0x000000070be00000, 0x000000070be00000| Untracked 
|  68|0x000000070c000000, 0x000000070c000000, 0x000000070c200000|  0%| F|  |TAMS 0x000000070c000000, 0x000000070c000000| Untracked 
|  69|0x000000070c200000, 0x000000070c200000, 0x000000070c400000|  0%| F|  |TAMS 0x000000070c200000, 0x000000070c200000| Untracked 
|  70|0x000000070c400000, 0x000000070c400000, 0x000000070c600000|  0%| F|  |TAMS 0x000000070c400000, 0x000000070c400000| Untracked 
|  71|0x000000070c600000, 0x000000070c600000, 0x000000070c800000|  0%| F|  |TAMS 0x000000070c600000, 0x000000070c600000| Untracked 
|  72|0x000000070c800000, 0x000000070c800000, 0x000000070ca00000|  0%| F|  |TAMS 0x000000070c800000, 0x000000070c800000| Untracked 
|  73|0x000000070ca00000, 0x000000070ca00000, 0x000000070cc00000|  0%| F|  |TAMS 0x000000070ca00000, 0x000000070ca00000| Untracked 
|  74|0x000000070cc00000, 0x000000070cc00000, 0x000000070ce00000|  0%| F|  |TAMS 0x000000070cc00000, 0x000000070cc00000| Untracked 
|  75|0x000000070ce00000, 0x000000070ce00000, 0x000000070d000000|  0%| F|  |TAMS 0x000000070ce00000, 0x000000070ce00000| Untracked 
|  76|0x000000070d000000, 0x000000070d000000, 0x000000070d200000|  0%| F|  |TAMS 0x000000070d000000, 0x000000070d000000| Untracked 
|  77|0x000000070d200000, 0x000000070d200000, 0x000000070d400000|  0%| F|  |TAMS 0x000000070d200000, 0x000000070d200000| Untracked 
|  78|0x000000070d400000, 0x000000070d400000, 0x000000070d600000|  0%| F|  |TAMS 0x000000070d400000, 0x000000070d400000| Untracked 
|  79|0x000000070d600000, 0x000000070d600000, 0x000000070d800000|  0%| F|  |TAMS 0x000000070d600000, 0x000000070d600000| Untracked 
|  80|0x000000070d800000, 0x000000070d800000, 0x000000070da00000|  0%| F|  |TAMS 0x000000070d800000, 0x000000070d800000| Untracked 
|  81|0x000000070da00000, 0x000000070da00000, 0x000000070dc00000|  0%| F|  |TAMS 0x000000070da00000, 0x000000070da00000| Untracked 
|  82|0x000000070dc00000, 0x000000070dc00000, 0x000000070de00000|  0%| F|  |TAMS 0x000000070dc00000, 0x000000070dc00000| Untracked 
|  83|0x000000070de00000, 0x000000070de00000, 0x000000070e000000|  0%| F|  |TAMS 0x000000070de00000, 0x000000070de00000| Untracked 
|  84|0x000000070e000000, 0x000000070e000000, 0x000000070e200000|  0%| F|  |TAMS 0x000000070e000000, 0x000000070e000000| Untracked 
|  85|0x000000070e200000, 0x000000070e200000, 0x000000070e400000|  0%| F|  |TAMS 0x000000070e200000, 0x000000070e200000| Untracked 
|  86|0x000000070e400000, 0x000000070e400000, 0x000000070e600000|  0%| F|  |TAMS 0x000000070e400000, 0x000000070e400000| Untracked 
|  87|0x000000070e600000, 0x000000070e600000, 0x000000070e800000|  0%| F|  |TAMS 0x000000070e600000, 0x000000070e600000| Untracked 
|  88|0x000000070e800000, 0x000000070e800000, 0x000000070ea00000|  0%| F|  |TAMS 0x000000070e800000, 0x000000070e800000| Untracked 
|  89|0x000000070ea00000, 0x000000070ea00000, 0x000000070ec00000|  0%| F|  |TAMS 0x000000070ea00000, 0x000000070ea00000| Untracked 
|  90|0x000000070ec00000, 0x000000070ec00000, 0x000000070ee00000|  0%| F|  |TAMS 0x000000070ec00000, 0x000000070ec00000| Untracked 
|  91|0x000000070ee00000, 0x000000070ee00000, 0x000000070f000000|  0%| F|  |TAMS 0x000000070ee00000, 0x000000070ee00000| Untracked 
|  92|0x000000070f000000, 0x000000070f000000, 0x000000070f200000|  0%| F|  |TAMS 0x000000070f000000, 0x000000070f000000| Untracked 
|  93|0x000000070f200000, 0x000000070f200000, 0x000000070f400000|  0%| F|  |TAMS 0x000000070f200000, 0x000000070f200000| Untracked 
|  94|0x000000070f400000, 0x000000070f400000, 0x000000070f600000|  0%| F|  |TAMS 0x000000070f400000, 0x000000070f400000| Untracked 
|  95|0x000000070f600000, 0x000000070f600000, 0x000000070f800000|  0%| F|  |TAMS 0x000000070f600000, 0x000000070f600000| Untracked 
|  96|0x000000070f800000, 0x000000070f800000, 0x000000070fa00000|  0%| F|  |TAMS 0x000000070f800000, 0x000000070f800000| Untracked 
|  97|0x000000070fa00000, 0x000000070fa00000, 0x000000070fc00000|  0%| F|  |TAMS 0x000000070fa00000, 0x000000070fa00000| Untracked 
|  98|0x000000070fc00000, 0x000000070fc00000, 0x000000070fe00000|  0%| F|  |TAMS 0x000000070fc00000, 0x000000070fc00000| Untracked 
|  99|0x000000070fe00000, 0x000000070fe00000, 0x0000000710000000|  0%| F|  |TAMS 0x000000070fe00000, 0x000000070fe00000| Untracked 
| 100|0x0000000710000000, 0x0000000710000000, 0x0000000710200000|  0%| F|  |TAMS 0x0000000710000000, 0x0000000710000000| Untracked 
| 101|0x0000000710200000, 0x0000000710200000, 0x0000000710400000|  0%| F|  |TAMS 0x0000000710200000, 0x0000000710200000| Untracked 
| 102|0x0000000710400000, 0x0000000710400000, 0x0000000710600000|  0%| F|  |TAMS 0x0000000710400000, 0x0000000710400000| Untracked 
| 103|0x0000000710600000, 0x0000000710600000, 0x0000000710800000|  0%| F|  |TAMS 0x0000000710600000, 0x0000000710600000| Untracked 
| 104|0x0000000710800000, 0x0000000710800000, 0x0000000710a00000|  0%| F|  |TAMS 0x0000000710800000, 0x0000000710800000| Untracked 
| 105|0x0000000710a00000, 0x0000000710a00000, 0x0000000710c00000|  0%| F|  |TAMS 0x0000000710a00000, 0x0000000710a00000| Untracked 
| 106|0x0000000710c00000, 0x0000000710c00000, 0x0000000710e00000|  0%| F|  |TAMS 0x0000000710c00000, 0x0000000710c00000| Untracked 
| 107|0x0000000710e00000, 0x0000000710e00000, 0x0000000711000000|  0%| F|  |TAMS 0x0000000710e00000, 0x0000000710e00000| Untracked 
| 108|0x0000000711000000, 0x0000000711000000, 0x0000000711200000|  0%| F|  |TAMS 0x0000000711000000, 0x0000000711000000| Untracked 
| 109|0x0000000711200000, 0x0000000711200000, 0x0000000711400000|  0%| F|  |TAMS 0x0000000711200000, 0x0000000711200000| Untracked 
| 110|0x0000000711400000, 0x0000000711400000, 0x0000000711600000|  0%| F|  |TAMS 0x0000000711400000, 0x0000000711400000| Untracked 
| 111|0x0000000711600000, 0x0000000711600000, 0x0000000711800000|  0%| F|  |TAMS 0x0000000711600000, 0x0000000711600000| Untracked 
| 112|0x0000000711800000, 0x0000000711800000, 0x0000000711a00000|  0%| F|  |TAMS 0x0000000711800000, 0x0000000711800000| Untracked 
| 113|0x0000000711a00000, 0x0000000711a00000, 0x0000000711c00000|  0%| F|  |TAMS 0x0000000711a00000, 0x0000000711a00000| Untracked 
| 114|0x0000000711c00000, 0x0000000711c00000, 0x0000000711e00000|  0%| F|  |TAMS 0x0000000711c00000, 0x0000000711c00000| Untracked 
| 115|0x0000000711e00000, 0x0000000711e00000, 0x0000000712000000|  0%| F|  |TAMS 0x0000000711e00000, 0x0000000711e00000| Untracked 
| 116|0x0000000712000000, 0x0000000712000000, 0x0000000712200000|  0%| F|  |TAMS 0x0000000712000000, 0x0000000712000000| Untracked 
| 117|0x0000000712200000, 0x0000000712200000, 0x0000000712400000|  0%| F|  |TAMS 0x0000000712200000, 0x0000000712200000| Untracked 
| 118|0x0000000712400000, 0x0000000712600000, 0x0000000712600000|100%| E|  |TAMS 0x0000000712400000, 0x0000000712400000| Complete 
| 119|0x0000000712600000, 0x0000000712800000, 0x0000000712800000|100%| E|CS|TAMS 0x0000000712600000, 0x0000000712600000| Complete 
| 120|0x0000000712800000, 0x0000000712a00000, 0x0000000712a00000|100%| E|CS|TAMS 0x0000000712800000, 0x0000000712800000| Complete 
| 121|0x0000000712a00000, 0x0000000712c00000, 0x0000000712c00000|100%| E|CS|TAMS 0x0000000712a00000, 0x0000000712a00000| Complete 
| 122|0x0000000712c00000, 0x0000000712e00000, 0x0000000712e00000|100%| E|CS|TAMS 0x0000000712c00000, 0x0000000712c00000| Complete 
| 123|0x0000000712e00000, 0x0000000713000000, 0x0000000713000000|100%| E|CS|TAMS 0x0000000712e00000, 0x0000000712e00000| Complete 
| 124|0x0000000713000000, 0x0000000713200000, 0x0000000713200000|100%| E|CS|TAMS 0x0000000713000000, 0x0000000713000000| Complete 
| 125|0x0000000713200000, 0x0000000713400000, 0x0000000713400000|100%| E|CS|TAMS 0x0000000713200000, 0x0000000713200000| Complete 
| 126|0x0000000713400000, 0x0000000713600000, 0x0000000713600000|100%| E|CS|TAMS 0x0000000713400000, 0x0000000713400000| Complete 

Card table byte_map: [0x000002a8bca40000,0x000002a8bd230000] _byte_map_base: 0x000002a8b9224000

Marking Bits (Prev, Next): (CMBitMap*) 0x000002a8a44f4960, (CMBitMap*) 0x000002a8a44f49a0
 Prev Bits: [0x000002a8bda20000, 0x000002a8c1940000)
 Next Bits: [0x000002a8c1940000, 0x000002a8c5860000)

Polling page: 0x000002a8a3c80000

Metaspace:

Usage:
  Non-class:      7.18 MB capacity,     4.52 MB ( 63%) used,     2.65 MB ( 37%) free+waste,     3.56 KB ( <1%) overhead. 
      Class:    617.00 KB capacity,   323.42 KB ( 52%) used,   292.77 KB ( 47%) free+waste,   832 bytes ( <1%) overhead. 
       Both:      7.78 MB capacity,     4.84 MB ( 62%) used,     2.94 MB ( 38%) free+waste,     4.38 KB ( <1%) overhead. 

Virtual space:
  Non-class space:        8.00 MB reserved,       7.50 MB ( 94%) committed 
      Class space:        1.00 GB reserved,     640.00 KB ( <1%) committed 
             Both:        1.01 GB reserved,       8.13 MB ( <1%) committed 

Chunk freelists:
   Non-Class:  139.00 KB
       Class:  23.00 KB
        Both:  162.00 KB

MaxMetaspaceSize: 17179869184.00 GB
CompressedClassSpaceSize: 1.00 GB

CodeHeap 'non-profiled nmethods': size=119168Kb used=369Kb max_used=369Kb free=118798Kb
 bounds [0x000002a8b4560000, 0x000002a8b47d0000, 0x000002a8bb9c0000]
CodeHeap 'profiled nmethods': size=119104Kb used=2196Kb max_used=2196Kb free=116907Kb
 bounds [0x000002a8ad110000, 0x000002a8ad380000, 0x000002a8b4560000]
CodeHeap 'non-nmethods': size=7488Kb used=1850Kb max_used=2994Kb free=5637Kb
 bounds [0x000002a8ac9c0000, 0x000002a8accb0000, 0x000002a8ad110000]
 total_blobs=1836 nmethods=1257 adapters=491
 compilation: enabled
              stopped_count=0, restarted_count=0
 full_count=0

Compilation events (20 events):
Event: 9.495 Thread 0x000002a8c9141060 1247       3       java.nio.HeapByteBuffer::get (18 bytes)
Event: 9.495 Thread 0x000002a8c9141060 nmethod 1247 0x000002a8ad331a10 code [0x000002a8ad331be0, 0x000002a8ad332018]
Event: 9.528 Thread 0x000002a8c9a2c000 1248       3       java.nio.HeapByteBuffer::put (20 bytes)
Event: 9.528 Thread 0x000002a8c9141060 1249       3       jdk.internal.misc.Unsafe::convEndian (16 bytes)
Event: 9.528 Thread 0x000002a8c9141060 nmethod 1249 0x000002a8ad332210 code [0x000002a8ad3323c0, 0x000002a8ad332528]
Event: 9.528 Thread 0x000002a8c9141060 1250       3       java.lang.Long::reverseBytes (46 bytes)
Event: 9.528 Thread 0x000002a8c9141060 nmethod 1250 0x000002a8ad332610 code [0x000002a8ad3327a0, 0x000002a8ad3328f8]
Event: 9.528 Thread 0x000002a8c9a2c000 nmethod 1248 0x000002a8ad332990 code [0x000002a8ad332b60, 0x000002a8ad332fb8]
Event: 9.661 Thread 0x000002a8c913bac0 1251       4       java.nio.FloatBuffer::limit (6 bytes)
Event: 9.661 Thread 0x000002a8c913bac0 nmethod 1251 0x000002a8b45bb510 code [0x000002a8b45bb6a0, 0x000002a8b45bb778]
Event: 9.761 Thread 0x000002a8c913bac0 1252       4       com.badlogic.gdx.utils.BufferUtils::copy (45 bytes)
Event: 9.763 Thread 0x000002a8c913bac0 nmethod 1252 0x000002a8b45bb890 code [0x000002a8b45bba40, 0x000002a8b45bbda8]
Event: 9.795 Thread 0x000002a8c9141060 1253       3       com.badlogic.gdx.utils.IntArray::addAll (70 bytes)
Event: 9.795 Thread 0x000002a8c9a2c000 1254       3       com.badlogic.gdx.graphics.g2d.Sprite::draw (18 bytes)
Event: 9.795 Thread 0x000002a8c9141060 nmethod 1253 0x000002a8ad333190 code [0x000002a8ad333380, 0x000002a8ad3337d8]
Event: 9.795 Thread 0x000002a8c9141060 1255       3       com.badlogic.gdx.graphics.g2d.Sprite::getVertices (386 bytes)
Event: 9.795 Thread 0x000002a8c9a2c000 nmethod 1254 0x000002a8ad333990 code [0x000002a8ad333b40, 0x000002a8ad333d58]
Event: 9.795 Thread 0x000002a8c9a2c000 1256       3       com.badlogic.gdx.physics.box2d.World::step (12 bytes)
Event: 9.795 Thread 0x000002a8c9a2c000 nmethod 1256 0x000002a8ad333e90 code [0x000002a8ad334040, 0x000002a8ad334188]
Event: 9.795 Thread 0x000002a8c9141060 nmethod 1255 0x000002a8ad334290 code [0x000002a8ad3344e0, 0x000002a8ad334db8]

GC Heap History (0 events):
No events

Deoptimization events (20 events):
Event: 1.020 Thread 0x000002a8c9a830a0 DEOPT PACKING pc=0x000002a8ad231c99 sp=0x000000c14c3fe3e0
Event: 1.020 Thread 0x000002a8c9a830a0 DEOPT UNPACKING pc=0x000002a8aca0e23f sp=0x000000c14c3fda38 mode 0
Event: 1.025 Thread 0x000002a8c9a830a0 Uncommon trap: trap_request=0xffffff45 fr.pc=0x000002a8b458bea4 relative=0x0000000000000104
Event: 1.025 Thread 0x000002a8c9a830a0 Uncommon trap: reason=unstable_if action=reinterpret pc=0x000002a8b458bea4 method=com.badlogic.gdx.utils.IntMap.locateKey(I)I @ 29 c2
Event: 1.025 Thread 0x000002a8c9a830a0 DEOPT PACKING pc=0x000002a8b458bea4 sp=0x000000c14c3fe650
Event: 1.025 Thread 0x000002a8c9a830a0 DEOPT UNPACKING pc=0x000002a8aca0e42f sp=0x000000c14c3fe5e0 mode 2
Event: 1.367 Thread 0x000002a8c9a830a0 DEOPT PACKING pc=0x000002a8ad285787 sp=0x000000c14c3fe950
Event: 1.367 Thread 0x000002a8c9a830a0 DEOPT UNPACKING pc=0x000002a8aca0e23f sp=0x000000c14c3fdd78 mode 0
Event: 1.401 Thread 0x000002a8c9a830a0 DEOPT PACKING pc=0x000002a8ad285787 sp=0x000000c14c3fe950
Event: 1.401 Thread 0x000002a8c9a830a0 DEOPT UNPACKING pc=0x000002a8aca0e23f sp=0x000000c14c3fdd78 mode 0
Event: 1.417 Thread 0x000002a8c9a830a0 DEOPT PACKING pc=0x000002a8ad285787 sp=0x000000c14c3fe950
Event: 1.417 Thread 0x000002a8c9a830a0 DEOPT UNPACKING pc=0x000002a8aca0e23f sp=0x000000c14c3fdd78 mode 0
Event: 1.450 Thread 0x000002a8c9a830a0 DEOPT PACKING pc=0x000002a8ad285787 sp=0x000000c14c3fe950
Event: 1.450 Thread 0x000002a8c9a830a0 DEOPT UNPACKING pc=0x000002a8aca0e23f sp=0x000000c14c3fdd78 mode 0
Event: 1.468 Thread 0x000002a8c9a830a0 DEOPT PACKING pc=0x000002a8ad285787 sp=0x000000c14c3fe950
Event: 1.468 Thread 0x000002a8c9a830a0 DEOPT UNPACKING pc=0x000002a8aca0e23f sp=0x000000c14c3fdd78 mode 0
Event: 1.500 Thread 0x000002a8c9a830a0 DEOPT PACKING pc=0x000002a8ad285787 sp=0x000000c14c3fe950
Event: 1.500 Thread 0x000002a8c9a830a0 DEOPT UNPACKING pc=0x000002a8aca0e23f sp=0x000000c14c3fdd78 mode 0
Event: 7.893 Thread 0x000002a8c9a830a0 DEOPT PACKING pc=0x000002a8ad305452 sp=0x000000c14c3fea70
Event: 7.893 Thread 0x000002a8c9a830a0 DEOPT UNPACKING pc=0x000002a8aca0e23f sp=0x000000c14c3fdff0 mode 0

Classes unloaded (0 events):
No events

Classes redefined (0 events):
No events

Internal exceptions (1 events):
Event: 0.526 Thread 0x000002a8c9a830a0 Exception <a 'org/lwjgl/LWJGLException'{0x0000000712e8ef90}: Failed to set device gamma.> (0x0000000712e8ef90) 
thrown [./src/hotspot/share/prims/jni.cpp, line 599]

Events (20 events):
Event: 2.618 Loaded shared library C:\Users\dougl\AppData\Local\Temp\libgdxdougl\1cecf4f6\lwjgl64.dll
Event: 2.717 Loaded shared library C:\Users\dougl\.jdks\azul-15.0.5\bin\java.dll
Event: 3.268 Loaded shared library C:\Users\dougl\AppData\Local\Temp\libgdxdougl\1cecf4f6\lwjgl64.dll
Event: 3.268 Loaded shared library C:\Users\dougl\AppData\Local\Temp\libgdxdougl\1cecf4f6\lwjgl64.dll
Event: 3.917 Thread 0x000002a8cd892530 Thread exited: 0x000002a8cd892530
Event: 3.984 Loaded shared library C:\Users\dougl\AppData\Local\Temp\libgdxdougl\1cecf4f6\lwjgl64.dll
Event: 3.984 Loaded shared library C:\Users\dougl\AppData\Local\Temp\libgdxdougl\1cecf4f6\lwjgl64.dll
Event: 4.517 Thread 0x000002a8c924fbb0 Thread exited: 0x000002a8c924fbb0
Event: 5.134 Thread 0x000002a8c924d690 Thread exited: 0x000002a8c924d690
Event: 5.351 Loaded shared library C:\Users\dougl\AppData\Local\Temp\libgdxdougl\1cecf4f6\lwjgl64.dll
Event: 7.501 Loaded shared library C:\Users\dougl\AppData\Local\Temp\libgdxdougl\e1cd32f8\gdx64.dll
Event: 7.502 Thread 0x000002a8c9a2c000 Thread added: 0x000002a8c9a2c000
Event: 7.502 Loaded shared library C:\Users\dougl\AppData\Local\Temp\libgdxdougl\1cecf4f6\lwjgl64.dll
Event: 7.502 Loaded shared library C:\Users\dougl\AppData\Local\Temp\libgdxdougl\1cecf4f6\lwjgl64.dll
Event: 7.615 Thread 0x000002a8c94ff720 Thread added: 0x000002a8c94ff720
Event: 7.615 Thread 0x000002a8c94ffc30 Thread added: 0x000002a8c94ffc30
Event: 7.727 Loaded shared library C:\Users\dougl\.jdks\azul-15.0.5\bin\java.dll
Event: 8.117 Loaded shared library C:\Users\dougl\.jdks\azul-15.0.5\bin\java.dll
Event: 9.495 Thread 0x000002a8c94ffc30 Thread exited: 0x000002a8c94ffc30
Event: 9.495 Thread 0x000002a8c94ff720 Thread exited: 0x000002a8c94ff720


Dynamic libraries:
0x00007ff617b90000 - 0x00007ff617b9d000 	C:\Users\dougl\.jdks\azul-15.0.5\bin\java.exe
0x00007ffc92c10000 - 0x00007ffc92e05000 	C:\Windows\SYSTEM32\ntdll.dll
0x00007ffc92ab0000 - 0x00007ffc92b6e000 	C:\Windows\System32\KERNEL32.DLL
0x00007ffc905c0000 - 0x00007ffc90888000 	C:\Windows\System32\KERNELBASE.dll
0x00007ffc90b60000 - 0x00007ffc90c60000 	C:\Windows\System32\ucrtbase.dll
0x00007ffc6fc30000 - 0x00007ffc6fc45000 	C:\Users\dougl\.jdks\azul-15.0.5\bin\VCRUNTIME140.dll
0x00007ffc6d030000 - 0x00007ffc6d048000 	C:\Users\dougl\.jdks\azul-15.0.5\bin\jli.dll
0x00007ffc911b0000 - 0x00007ffc91351000 	C:\Windows\System32\USER32.dll
0x00007ffc7b9f0000 - 0x00007ffc7bc8a000 	C:\Windows\WinSxS\amd64_microsoft.windows.common-controls_6595b64144ccf1df_6.0.19041.1110_none_60b5254171f9507e\COMCTL32.dll
0x00007ffc90890000 - 0x00007ffc908b2000 	C:\Windows\System32\win32u.dll
0x00007ffc91b80000 - 0x00007ffc91c1e000 	C:\Windows\System32\msvcrt.dll
0x00007ffc91b50000 - 0x00007ffc91b7b000 	C:\Windows\System32\GDI32.dll
0x00007ffc908c0000 - 0x00007ffc909cb000 	C:\Windows\System32\gdi32full.dll
0x00007ffc903e0000 - 0x00007ffc9047d000 	C:\Windows\System32\msvcp_win.dll
0x00007ffc91850000 - 0x00007ffc91880000 	C:\Windows\System32\IMM32.DLL
0x00007ffc5b7e0000 - 0x00007ffc5b87b000 	C:\Users\dougl\.jdks\azul-15.0.5\bin\msvcp140.dll
0x00007ffbcf610000 - 0x00007ffbd01a2000 	C:\Users\dougl\.jdks\azul-15.0.5\bin\server\jvm.dll
0x00007ffc91880000 - 0x00007ffc9192c000 	C:\Windows\System32\ADVAPI32.dll
0x00007ffc91c50000 - 0x00007ffc91ceb000 	C:\Windows\System32\sechost.dll
0x00007ffc92980000 - 0x00007ffc92aaa000 	C:\Windows\System32\RPCRT4.dll
0x00007ffc91b30000 - 0x00007ffc91b38000 	C:\Windows\System32\PSAPI.DLL
0x00007ffc8cc10000 - 0x00007ffc8cc19000 	C:\Windows\SYSTEM32\WSOCK32.dll
0x00007ffc89390000 - 0x00007ffc8939a000 	C:\Windows\SYSTEM32\VERSION.dll
0x00007ffc86710000 - 0x00007ffc86737000 	C:\Windows\SYSTEM32\WINMM.dll
0x00007ffc91090000 - 0x00007ffc910fb000 	C:\Windows\System32\WS2_32.dll
0x00007ffc8e430000 - 0x00007ffc8e442000 	C:\Windows\SYSTEM32\kernel.appcore.dll
0x00007ffc79e00000 - 0x00007ffc79e0a000 	C:\Users\dougl\.jdks\azul-15.0.5\bin\jimage.dll
0x00007ffc8dfd0000 - 0x00007ffc8e1b4000 	C:\Windows\SYSTEM32\DBGHELP.DLL
0x00007ffc78330000 - 0x00007ffc7835c000 	C:\Windows\SYSTEM32\dbgcore.DLL
0x00007ffc90530000 - 0x00007ffc905b3000 	C:\Windows\System32\bcryptPrimitives.dll
0x00007ffc6bc00000 - 0x00007ffc6bc25000 	C:\Users\dougl\.jdks\azul-15.0.5\bin\java.dll
0x00007ffc91dc0000 - 0x00007ffc924ff000 	C:\Windows\System32\SHELL32.dll
0x00007ffc8e450000 - 0x00007ffc8ebe0000 	C:\Windows\SYSTEM32\windows.storage.dll
0x00007ffc91440000 - 0x00007ffc91795000 	C:\Windows\System32\combase.dll
0x00007ffc8fd80000 - 0x00007ffc8fdae000 	C:\Windows\SYSTEM32\Wldp.dll
0x00007ffc917a0000 - 0x00007ffc9184d000 	C:\Windows\System32\SHCORE.dll
0x00007ffc92b70000 - 0x00007ffc92bc5000 	C:\Windows\System32\shlwapi.dll
0x00007ffc90270000 - 0x00007ffc9028f000 	C:\Windows\SYSTEM32\profapi.dll
0x00007ffc6b080000 - 0x00007ffc6b099000 	C:\Users\dougl\.jdks\azul-15.0.5\bin\net.dll
0x00007ffc82250000 - 0x00007ffc8235c000 	C:\Windows\SYSTEM32\WINHTTP.dll
0x00007ffc8fae0000 - 0x00007ffc8fb4a000 	C:\Windows\system32\mswsock.dll
0x00007ffc6af70000 - 0x00007ffc6af82000 	C:\Users\dougl\.jdks\azul-15.0.5\bin\nio.dll
0x00007ffc6aec0000 - 0x00007ffc6aed8000 	C:\Users\dougl\.jdks\azul-15.0.5\bin\zip.dll
0x000000006e700000 - 0x000000006e72a000 	C:\Users\dougl\AppData\Local\Temp\libgdxdougl\e1cd32f8\gdx64.dll
0x00007ffc79dd0000 - 0x00007ffc79de0000 	C:\Users\dougl\.jdks\azul-15.0.5\bin\verify.dll
0x0000000180000000 - 0x0000000180053000 	C:\Users\dougl\AppData\Local\Temp\libgdxdougl\1cecf4f6\lwjgl64.dll
0x00007ffbf8bd0000 - 0x00007ffbf8cf5000 	C:\Windows\SYSTEM32\OPENGL32.dll
0x00007ffc763b0000 - 0x00007ffc763dc000 	C:\Windows\SYSTEM32\GLU32.dll
0x000002a8c9e10000 - 0x000002a8c9e74000 	C:\Users\dougl\AppData\Local\Temp\libgdxdougl\1cecf4f6\OpenAL64.dll
0x00007ffc90cc0000 - 0x00007ffc90dea000 	C:\Windows\System32\ole32.dll
0x00007ffc8d920000 - 0x00007ffc8d9be000 	C:\Windows\system32\uxtheme.dll
0x00007ffbf1630000 - 0x00007ffbf172c000 	C:\ProgramData\A-Volute\DellInc.AlienwareSoundCenter\Modules\ScheduledModules\x64\DellInc.AlienwareSoundCenterDevProps2.dll
0x00007ffbf1730000 - 0x00007ffbf17dd000 	C:\ProgramData\A-Volute\DellInc.AlienwareSoundCenter\Modules\ScheduledModules\x64\NahimicOSD.dll
0x00007ffbf37e0000 - 0x00007ffbf3801000 	C:\ProgramData\A-Volute\DellInc.AlienwareSoundCenter\Modules\ScheduledModules\x64\ProductInfo.dll
0x00007ffc91100000 - 0x00007ffc911a9000 	C:\Windows\System32\clbcatq.dll
0x00007ffc8ab30000 - 0x00007ffc8abb5000 	C:\Windows\System32\MMDevApi.dll
0x00007ffc900d0000 - 0x00007ffc90104000 	C:\Windows\System32\DEVOBJ.dll
0x00007ffc90330000 - 0x00007ffc9037e000 	C:\Windows\System32\cfgmgr32.dll
0x00007ffc8ac90000 - 0x00007ffc8ae11000 	C:\Windows\SYSTEM32\AudioSes.dll
0x00007ffc91cf0000 - 0x00007ffc91dbd000 	C:\Windows\System32\OLEAUT32.dll
0x00007ffc8f8f0000 - 0x00007ffc8f93b000 	C:\Windows\SYSTEM32\powrprof.dll
0x00007ffc8f760000 - 0x00007ffc8f772000 	C:\Windows\SYSTEM32\UMPDC.dll
0x00007ffc8b690000 - 0x00007ffc8b786000 	C:\Windows\SYSTEM32\PropSys.dll
0x00007ffc82d80000 - 0x00007ffc82e1c000 	C:\Windows\SYSTEM32\dsound.dll
0x00007ffc82b00000 - 0x00007ffc82b26000 	C:\Windows\SYSTEM32\winmmbase.dll
0x00007ffc8dab0000 - 0x00007ffc8dac4000 	C:\Windows\SYSTEM32\resourcepolicyclient.dll
0x00007ffc89560000 - 0x00007ffc8960e000 	C:\Windows\SYSTEM32\mscms.dll
0x00007ffc901f0000 - 0x00007ffc9021e000 	C:\Windows\SYSTEM32\USERENV.dll
0x00007ffc8a050000 - 0x00007ffc8a061000 	C:\Windows\SYSTEM32\ColorAdapterClient.dll
0x00007ffc91a10000 - 0x00007ffc91b25000 	C:\Windows\System32\MSCTF.dll
0x00007ffc6ef60000 - 0x00007ffc6f059000 	C:\Windows\SYSTEM32\textinputframework.dll
0x00007ffc8d010000 - 0x00007ffc8d36e000 	C:\Windows\System32\CoreUIComponents.dll
0x00007ffc8d370000 - 0x00007ffc8d462000 	C:\Windows\System32\CoreMessaging.dll
0x00007ffc8f140000 - 0x00007ffc8f173000 	C:\Windows\SYSTEM32\ntmarta.dll
0x00007ffc8bb40000 - 0x00007ffc8bc94000 	C:\Windows\SYSTEM32\wintypes.dll
0x00007ffc78360000 - 0x00007ffc783c6000 	C:\Windows\system32\Oleacc.dll
0x00007ffc8a3b0000 - 0x00007ffc8a4a9000 	C:\Windows\System32\AppXDeploymentClient.dll
0x00007ffba9b70000 - 0x00007ffbac687000 	C:\Windows\System32\DriverStore\FileRepository\nvddi.inf_amd64_825a4c41796dab48\nvoglv64.dll
0x00007ffc92500000 - 0x00007ffc92972000 	C:\Windows\System32\SETUPAPI.dll
0x00007ffc90b30000 - 0x00007ffc90b57000 	C:\Windows\System32\bcrypt.dll
0x00007ffc8b850000 - 0x00007ffc8b864000 	C:\Windows\SYSTEM32\WTSAPI32.dll
0x00007ffc8ff10000 - 0x00007ffc8ff22000 	C:\Windows\SYSTEM32\msasn1.dll
0x00007ffc89120000 - 0x00007ffc89151000 	C:\Windows\SYSTEM32\cryptnet.dll
0x00007ffc909d0000 - 0x00007ffc90b26000 	C:\Windows\System32\CRYPT32.dll
0x00007ffc87920000 - 0x00007ffc87a6a000 	C:\Windows\SYSTEM32\drvstore.dll
0x00007ffc8fcf0000 - 0x00007ffc8fcfc000 	C:\Windows\SYSTEM32\cryptbase.dll
0x00007ffc90380000 - 0x00007ffc903e0000 	C:\Windows\System32\WINTRUST.dll
0x00007ffc8b2b0000 - 0x00007ffc8b2eb000 	C:\Windows\SYSTEM32\dxcore.dll
0x00007ffc582a0000 - 0x00007ffc58563000 	C:\Windows\system32\nvspcap64.dll
0x00007ffc8dbb0000 - 0x00007ffc8dbdf000 	C:\Windows\SYSTEM32\dwmapi.dll
0x00007ffc89090000 - 0x00007ffc890d3000 	C:\Windows\SYSTEM32\icm32.dll
0x00007ffc8f0e0000 - 0x00007ffc8f13a000 	C:\Windows\SYSTEM32\WINSTA.dll
0x00007ffc81890000 - 0x00007ffc81a5e000 	C:\Windows\SYSTEM32\d3d9.dll
0x00007ffc91c20000 - 0x00007ffc91c3d000 	C:\Windows\System32\imagehlp.dll
0x00007ffc8fcd0000 - 0x00007ffc8fce8000 	C:\Windows\SYSTEM32\CRYPTSP.dll
0x00007ffc8f3f0000 - 0x00007ffc8f424000 	C:\Windows\system32\rsaenh.dll
0x0000000066b00000 - 0x0000000066b5b000 	C:\Users\dougl\AppData\Local\Temp\libgdxdougl\a14961b7\gdx-box2d64.dll

dbghelp: loaded successfully - version: 4.0.5 - missing functions: none
symbol engine: initialized successfully - sym options: 0x614 - pdb path: .;C:\Users\dougl\.jdks\azul-15.0.5\bin;C:\Windows\SYSTEM32;C:\Windows\WinSxS\amd64_microsoft.windows.common-controls_6595b64144ccf1df_6.0.19041.1110_none_60b5254171f9507e;C:\Users\dougl\.jdks\azul-15.0.5\bin\server;C:\Users\dougl\AppData\Local\Temp\libgdxdougl\e1cd32f8;C:\Users\dougl\AppData\Local\Temp\libgdxdougl\1cecf4f6;C:\ProgramData\A-Volute\DellInc.AlienwareSoundCenter\Modules\ScheduledModules\x64;C:\Windows\System32\DriverStore\FileRepository\nvddi.inf_amd64_825a4c41796dab48;C:\Users\dougl\AppData\Local\Temp\libgdxdougl\a14961b7

VM Arguments:
jvm_args: -Dfile.encoding=windows-1252 -Duser.country=CA -Duser.language=en -Duser.variant 
java_command: com.mygdx.game.desktop.DesktopLauncher
java_class_path (initial): D:\Documents\GitHub\PortalGame\PortalGame\desktop\build\classes\java\main;D:\Documents\GitHub\PortalGame\PortalGame\desktop\build\resources\main;C:\Users\dougl\.gradle\caches\modules-2\files-2.1\com.badlogicgames.gdx\gdx-tools\1.10.0\d699cf4953fb42a071c7c3feb9b5c45601aa6a4b\gdx-tools-1.10.0.jar;C:\Users\dougl\.gradle\caches\modules-2\files-2.1\com.badlogicgames.gdx\gdx-backend-lwjgl\1.10.0\58ff89d9e4fd8a82591367f187d606e781cacc05\gdx-backend-lwjgl-1.10.0.jar;C:\Users\dougl\.gradle\caches\modules-2\files-2.1\com.badlogicgames.gdx\gdx-platform\1.10.0\9a8fa793d2fd6d360afc6c9e4c1f5583da263b88\gdx-platform-1.10.0-natives-desktop.jar;C:\Users\dougl\.gradle\caches\modules-2\files-2.1\com.badlogicgames.gdx\gdx-box2d-platform\1.10.0\588c4191c5a64ed39365e71484aa37d81c38eb5e\gdx-box2d-platform-1.10.0-natives-desktop.jar;C:\Users\dougl\.gradle\caches\modules-2\files-2.1\com.badlogicgames.gdx\gdx-bullet-platform\1.10.0\ce92e8dfc762523d769cbc50853163c03bf98cf1\gdx-bullet-platform-1.10.0-natives-desktop.jar;C:\Users\dougl\.gradle\caches\modules-2\files-2.1\com.badlogicgames.gdx\gdx-freetype-platform\1.10.0\6e5d28752759e69384f12e4569d2c884ff71352f\gdx-freetype-platform-1.10.0-natives-desktop.jar;D:\Documents\GitHub\PortalGame\PortalGame\core\build\libs\core-1.0.jar;C:\Users\dougl\.gradle\caches\modules-2\files-2.1\com.badlogicgames.gdx\gdx-backend-headless\1.10.0\990eadbb431197c5b9b816d1659c772e0268e65\gdx-backend-headless-1.10.0.jar;C:\Users\dougl\.gradle\caches\modules-2\files-2.1\com.badlogicgames.gdx\gdx-freetype\1.10.0\de1d0d5c1e92e8d91364256fd6b7bb279d3e9859\gdx-freetype-1.10.0.jar;C:\Users\dougl\.gradle\caches\modules-2\files-2.1\com.badlogicgames.box2dlights\box2dlights\1.5\6902dbcd250c95a27973aa24a147a95b3828d348\box2dlights-1.5.jar;C:\Users\dougl\.gradle\caches\modules-2\files-2.1\com.badlogicgames.gdx\gdx-box2d\1.10.0\b3a3c0f00b90716238835434d0ae8985604c37f8\gdx-box2d-1.10.0.jar;C:\Users\dougl\.gradle\caches\modules-2\files-2.1\com.badlogicga
Launcher Type: SUN_STANDARD

[Global flags]
     intx CICompilerCount                          = 12                                        {product} {ergonomic}
     uint ConcGCThreads                            = 3                                         {product} {ergonomic}
     uint G1ConcRefinementThreads                  = 13                                        {product} {ergonomic}
   size_t G1HeapRegionSize                         = 2097152                                   {product} {ergonomic}
    uintx GCDrainStackTargetSize                   = 64                                        {product} {ergonomic}
   size_t InitialHeapSize                          = 266338304                                 {product} {ergonomic}
   size_t MarkStackSize                            = 4194304                                   {product} {ergonomic}
   size_t MaxHeapSize                              = 4236247040                                {product} {ergonomic}
   size_t MaxNewSize                               = 2541748224                                {product} {ergonomic}
   size_t MinHeapDeltaBytes                        = 2097152                                   {product} {ergonomic}
   size_t MinHeapSize                              = 8388608                                   {product} {ergonomic}
    uintx NonNMethodCodeHeapSize                   = 7602480                                {pd product} {ergonomic}
    uintx NonProfiledCodeHeapSize                  = 122027880                              {pd product} {ergonomic}
    uintx ProfiledCodeHeapSize                     = 122027880                              {pd product} {ergonomic}
    uintx ReservedCodeCacheSize                    = 251658240                              {pd product} {ergonomic}
     bool SegmentedCodeCache                       = true                                      {product} {ergonomic}
   size_t SoftMaxHeapSize                          = 4236247040                             {manageable} {ergonomic}
     bool UseCompressedClassPointers               = true                                 {lp64_product} {ergonomic}
     bool UseCompressedOops                        = true                                 {lp64_product} {ergonomic}
     bool UseG1GC                                  = true                                      {product} {ergonomic}
     bool UseLargePagesIndividualAllocation        = false                                  {pd product} {ergonomic}

Logging:
Log output configuration:
 #0: stdout all=warning uptime,level,tags
 #1: stderr all=off uptime,level,tags

Environment Variables:
PATH=C:\Program Files (x86)\Common Files\Oracle\Java\javapath;C:\Windows\system32;C:\Windows;C:\Windows\System32\Wbem;C:\Windows\System32\WindowsPowerShell\v1.0\;C:\Windows\System32\OpenSSH\;C:\Program Files\NVIDIA Corporation\NVIDIA NvDLISR;C:\Program Files\dotnet\;C:\Program Files\Git\cmd;C:\ProgramData\chocolatey\bin;C:\Program Files (x86)\NVIDIA Corporation\PhysX\Common;C:\msys64\mingw64\bin;C:\Users\dougl\AppData\Local\Microsoft\WindowsApps;C:\Users\dougl\AppData\Local\Programs\Microsoft VS Code\bin;C:\Users\dougl\.dotnet\tools;C:\Users\dougl\AppData\Local\GitHubDesktop\bin;D:\Apps\IntelliJ IDEA\IntelliJ IDEA Community Edition 2021.3\bin;
USERNAME=dougl
OS=Windows_NT
PROCESSOR_IDENTIFIER=Intel64 Family 6 Model 165 Stepping 5, GenuineIntel



---------------  S Y S T E M  ---------------

OS:
 Windows 10 , 64 bit Build 19041 (10.0.19041.1348)
OS uptime: 3 days 15:11 hours

CPU: total 16 (initial active 16) (8 cores per cpu, 2 threads per core) family 6 model 165 stepping 5 microcode 0xec, cmov, cx8, fxsr, mmx, sse, sse2, sse3, ssse3, sse4.1, sse4.2, popcnt, vzeroupper, avx, avx2, aes, clmul, erms, 3dnowpref, lzcnt, ht, tsc, tscinvbit, bmi1, bmi2, adx, fma, clflush, clflushopt

Memory: 4k page, system-wide physical 16154M (3820M free)
TotalPageFile size 31002M (AvailPageFile size 8853M)
current process WorkingSet (physical memory assigned to process): 114M, peak: 126M
current process commit charge ("private bytes"): 448M, peak: 461M

vm_info: OpenJDK 64-Bit Server VM (15.0.5+3-MTS) for windows-amd64 JRE (15.0.5+3-MTS) (Zulu15.36+13-CA), built on Oct  8 2021 11:07:26 by "zulu_re" with MS VC++ 15.9 (VS2017)

END.
