#
# A fatal error has been detected by the Java Runtime Environment:
#
#  EXCEPTION_ACCESS_VIOLATION (0xc0000005) at pc=0x0000000066b0cfa7, pid=17488, tid=17376
#
# JRE version: OpenJDK Runtime Environment Zulu15.36+13-CA (15.0.5+3) (build 15.0.5+3-MTS)
# Java VM: OpenJDK 64-Bit Server VM Zulu15.36+13-CA (15.0.5+3-MTS, mixed mode, sharing, tiered, compressed oops, g1 gc, windows-amd64)
# Problematic frame:
# C  [gdx-box2d64.dll+0xcfa7]
#
# No core dump will be written. Minidumps are not enabled by default on client versions of Windows
#
# If you would like to submit a bug report, please visit:
#   http://www.azul.com/support/
# The crash happened outside the Java Virtual Machine in native code.
# See problematic frame for where to report the bug.
#

---------------  S U M M A R Y ------------

Command Line: -Dfile.encoding=windows-1252 -Duser.country=CA -Duser.language=en -Duser.variant com.mygdx.game.desktop.DesktopLauncher

Host: Intel(R) Core(TM) i7-8665U CPU @ 1.90GHz, 8 cores, 15G,  Windows 10 , 64 bit Build 18362 (10.0.18362.1110)
Time: Thu Jan  6 09:35:26 2022 Eastern Standard Time elapsed time: 41.246184 seconds (0d 0h 0m 41s)

---------------  T H R E A D  ---------------

Current thread (0x000001dcb3896010):  JavaThread "LWJGL Application" [_thread_in_native, id=17376, stack(0x000000873c100000,0x000000873c200000)]

Stack: [0x000000873c100000,0x000000873c200000],  sp=0x000000873c1ff2d0,  free space=1020k
Native frames: (J=compiled Java code, j=interpreted, Vv=VM code, C=native code)
C  [gdx-box2d64.dll+0xcfa7]

Java frames: (J=compiled Java code, j=interpreted, Vv=VM code)
j  com.badlogic.gdx.physics.box2d.World.jniDestroyBody(JJ)V+0
j  com.badlogic.gdx.physics.box2d.World.destroyBody(Lcom/badlogic/gdx/physics/box2d/Body;)V+42
j  com.mygdx.game.Entity.dispose()V+16
j  com.mygdx.game.MyGdxGame.dispose()V+82
j  com.badlogic.gdx.backends.lwjgl.LwjglApplication.mainLoop()V+924
j  com.badlogic.gdx.backends.lwjgl.LwjglApplication$1.run()V+27
v  ~StubRoutines::call_stub

siginfo: EXCEPTION_ACCESS_VIOLATION (0xc0000005), reading address 0x0000000000000008


Register to memory mapping:

RIP=0x0000000066b0cfa7 gdx-box2d64.dll
RAX=0x0 is NULL
RBX=0x000001dcc2b67bd0 points into unknown readable memory: 0x0000000066b48700 | 00 87 b4 66 00 00 00 00
RCX=0x0 is NULL
RDX=0x000001dcb45964d0 points into unknown readable memory: 0x000001dc41200000 | 00 00 20 41 dc 01 00 00
RSP=0x000000873c1ff2d0 is pointing into the stack for thread: 0x000001dcb3896010
RBP=0x000001dcb453e600 points into unknown readable memory: 0x000001dc8d040150 | 50 01 04 8d dc 01 00 00
RSI=0x000001dcb45578a0 points into unknown readable memory: 0x0000000000000010 | 10 00 00 00 00 00 00 00
RDI=0x000001dcc2b67bd0 points into unknown readable memory: 0x0000000066b48700 | 00 87 b4 66 00 00 00 00
R8 =0x000001dcb453e600 points into unknown readable memory: 0x000001dc8d040150 | 50 01 04 8d dc 01 00 00
R9 =0x000001dcb4592b20 points into unknown readable memory: 0x0000003600000002 | 02 00 00 00 36 00 00 00
R10=0x000001dc9753f148 is at code_begin+1000 in an Interpreter codelet
method entry point (kind = native)  [0x000001dc9753ed60, 0x000001dc9753f7e0]  2688 bytes
R11=0x0000000000000102 is an unknown value
R12=0x0 is NULL
R13={method} {0x000001dcb2fc8680} 'jniDestroyBody' '(JJ)V' in 'com/badlogic/gdx/physics/box2d/World'
R14=0x000000873c1ff518 is pointing into the stack for thread: 0x000001dcb3896010
R15=0x000001dcb3896010 is a thread


Registers:
RAX=0x0000000000000000, RBX=0x000001dcc2b67bd0, RCX=0x0000000000000000, RDX=0x000001dcb45964d0
RSP=0x000000873c1ff2d0, RBP=0x000001dcb453e600, RSI=0x000001dcb45578a0, RDI=0x000001dcc2b67bd0
R8 =0x000001dcb453e600, R9 =0x000001dcb4592b20, R10=0x000001dc9753f148, R11=0x0000000000000102
R12=0x0000000000000000, R13=0x000001dcb2fc8678, R14=0x000000873c1ff518, R15=0x000001dcb3896010
RIP=0x0000000066b0cfa7, EFLAGS=0x0000000000010246

Top of Stack: (sp=0x000000873c1ff2d0)
0x000000873c1ff2d0:   0000000000000000 0000000000000100
0x000000873c1ff2e0:   0000000000000000 000000873c1ff598
0x000000873c1ff2f0:   0000000000000000 000001dcc2b67bd0
0x000000873c1ff300:   000001dcb45578a0 000001dcb4592b20
0x000000873c1ff310:   000001dcb4592220 0000000066b1f39f
0x000000873c1ff320:   000001dcb3896000 0000000000000000
0x000000873c1ff330:   00007ff9ff2cb548 0000000800406240
0x000000873c1ff340:   000000000000000e 000001dcc2b67b30
0x000000873c1ff350:   000001dcb453e600 000001dcb4592b20
0x000000873c1ff360:   000001dcb45578a0 0000000066b215d3
0x000000873c1ff370:   000001dcb318a290 0000002800000003
0x000000873c1ff380:   000000873c1ff4d8 000001dcb3896010
0x000000873c1ff390:   000001dcb453e600 000001dcb4592b20
0x000000873c1ff3a0:   000001dc9753a1aa 000000873c1ff4d8
0x000000873c1ff3b0:   0000000000000000 0000000066b26a9d
0x000000873c1ff3c0:   000000873c1ff4d8 00007ff9fed4e3d7 

Instructions: (pc=0x0000000066b0cfa7)
0x0000000066b0cea7:   e0 05 48 8d 04 d0 48 8d 15 8c 34 04 00 48 01 d0
0x0000000066b0ceb7:   4c 8b 10 4d 85 d2 0f 84 8e 00 00 00 80 78 10 00
0x0000000066b0cec7:   4c 89 b4 24 80 00 00 00 75 1f 41 89 e9 4d 89 e8
0x0000000066b0ced7:   89 fa 4c 89 e1 48 83 c4 20 5b 5e 5f 5d 41 5c 41
0x0000000066b0cee7:   5d 41 5e 49 ff e2 0f 1f 00 41 89 f9 4d 89 e0 89
0x0000000066b0cef7:   ea 4c 89 e9 eb df 0f 1f 00 48 8d 15 79 50 03 00
0x0000000066b0cf07:   48 8d 0d 12 51 03 00 41 b8 51 00 00 00 e8 b7 96
0x0000000066b0cf17:   02 00 e9 7f ff ff ff 66 90 48 8d 15 59 50 03 00
0x0000000066b0cf27:   48 8d 0d c2 50 03 00 41 b8 50 00 00 00 e8 97 96
0x0000000066b0cf37:   02 00 e9 5a ff ff ff 66 90 e8 fb fc ff ff c6 05
0x0000000066b0cf47:   d4 33 04 00 01 e9 2d ff ff ff 31 c0 48 83 c4 20
0x0000000066b0cf57:   5b 5e 5f 5d 41 5c 41 5d 41 5e c3 0f 1f 40 00 66
0x0000000066b0cf67:   2e 0f 1f 84 00 00 00 00 00 55 57 56 53 48 83 ec
0x0000000066b0cf77:   28 80 3d a1 33 04 00 00 48 89 cf 48 89 d5 0f 84
0x0000000066b0cf87:   f5 00 00 00 8b 8f b4 00 00 00 48 8b 47 60 48 8b
0x0000000066b0cf97:   57 68 85 c9 7e 06 80 78 3a 00 74 50 48 8b 40 18
0x0000000066b0cfa7:   48 63 58 08 48 8b 42 18 8b 70 08 85 db 0f 88 8a
0x0000000066b0cfb7:   00 00 00 83 fe 03 0f 8f 81 00 00 00 48 63 c6 48
0x0000000066b0cfc7:   89 f9 48 8d 14 40 48 8d 04 5b 48 c1 e0 05 48 8d
0x0000000066b0cfd7:   04 d0 48 8d 15 60 33 04 00 48 8b 44 02 08 48 89
0x0000000066b0cfe7:   ea 48 83 c4 28 5b 5e 5f 5d 48 ff e0 80 7a 3a 00
0x0000000066b0cff7:   75 aa 4c 8b 40 10 41 0f b7 48 04 f6 c1 02 75 13
0x0000000066b0d007:   83 c9 02 41 c7 80 ac 00 00 00 00 00 00 00 66 41
0x0000000066b0d017:   89 48 04 4c 8b 42 10 41 0f b7 48 04 f6 c1 02 0f
0x0000000066b0d027:   85 77 ff ff ff 83 c9 02 41 c7 80 ac 00 00 00 00
0x0000000066b0d037:   00 00 00 66 41 89 48 04 e9 5f ff ff ff 48 8d 15
0x0000000066b0d047:   35 4f 03 00 48 8d 0d 16 50 03 00 41 b8 77 00 00
0x0000000066b0d057:   00 e8 73 95 02 00 48 8d 15 1c 4f 03 00 48 8d 0d
0x0000000066b0d067:   fd 4f 03 00 41 b8 78 00 00 00 e8 5a 95 02 00 e9
0x0000000066b0d077:   48 ff ff ff 0f 1f 44 00 00 48 8d 15 f9 4e 03 00
0x0000000066b0d087:   48 8d 0d bd 4f 03 00 41 b8 67 00 00 00 e8 37 95
0x0000000066b0d097:   02 00 e9 ed fe ff ff 66 90 48 83 ec 38 48 8d 05 


Stack slot to memory mapping:
stack at sp + 0 slots: 0x0 is NULL
stack at sp + 1 slots: 0x0000000000000100 is an unknown value
stack at sp + 2 slots: 0x0 is NULL
stack at sp + 3 slots: 0x000000873c1ff598 is pointing into the stack for thread: 0x000001dcb3896010
stack at sp + 4 slots: 0x0 is NULL
stack at sp + 5 slots: 0x000001dcc2b67bd0 points into unknown readable memory: 0x0000000066b48700 | 00 87 b4 66 00 00 00 00
stack at sp + 6 slots: 0x000001dcb45578a0 points into unknown readable memory: 0x0000000000000010 | 10 00 00 00 00 00 00 00
stack at sp + 7 slots: 0x000001dcb4592b20 points into unknown readable memory: 0x0000003600000002 | 02 00 00 00 36 00 00 00


---------------  P R O C E S S  ---------------

Threads class SMR info:
_java_thread_list=0x000001dcb3d42510, length=13, elements={
0x000001dcb295b980, 0x000001dcb295e560, 0x000001dcb31786d0, 0x000001dcb317b190,
0x000001dcb317bc40, 0x000001dcb317e280, 0x000001dcb3185780, 0x000001dcb3186910,
0x000001dcb32a6bd0, 0x000001dcb32b5b90, 0x000001dcb3896010, 0x000001dc8f024070,
0x000001dcc015db00
}

Java Threads: ( => current thread )
  0x000001dcb295b980 JavaThread "Reference Handler" daemon [_thread_blocked, id=7808, stack(0x000000873b400000,0x000000873b500000)]
  0x000001dcb295e560 JavaThread "Finalizer" daemon [_thread_blocked, id=18324, stack(0x000000873b500000,0x000000873b600000)]
  0x000001dcb31786d0 JavaThread "Signal Dispatcher" daemon [_thread_blocked, id=18856, stack(0x000000873b600000,0x000000873b700000)]
  0x000001dcb317b190 JavaThread "Attach Listener" daemon [_thread_blocked, id=2164, stack(0x000000873b700000,0x000000873b800000)]
  0x000001dcb317bc40 JavaThread "Service Thread" daemon [_thread_blocked, id=9096, stack(0x000000873b800000,0x000000873b900000)]
  0x000001dcb317e280 JavaThread "C2 CompilerThread0" daemon [_thread_blocked, id=10380, stack(0x000000873b900000,0x000000873ba00000)]
  0x000001dcb3185780 JavaThread "C1 CompilerThread0" daemon [_thread_blocked, id=11404, stack(0x000000873ba00000,0x000000873bb00000)]
  0x000001dcb3186910 JavaThread "Sweeper thread" daemon [_thread_blocked, id=12356, stack(0x000000873bb00000,0x000000873bc00000)]
  0x000001dcb32a6bd0 JavaThread "Notification Thread" daemon [_thread_blocked, id=20008, stack(0x000000873bc00000,0x000000873bd00000)]
  0x000001dcb32b5b90 JavaThread "Common-Cleaner" daemon [_thread_blocked, id=2560, stack(0x000000873be00000,0x000000873bf00000)]
=>0x000001dcb3896010 JavaThread "LWJGL Application" [_thread_in_native, id=17376, stack(0x000000873c100000,0x000000873c200000)]
  0x000001dc8f024070 JavaThread "DestroyJavaVM" [_thread_blocked, id=19140, stack(0x000000873ad00000,0x000000873ae00000)]
  0x000001dcc015db00 JavaThread "LWJGL Timer" daemon [_thread_blocked, id=19032, stack(0x000000873c800000,0x000000873c900000)]

Other Threads:
  0x000001dcb2959960 VMThread "VM Thread" [stack: 0x000000873b300000,0x000000873b400000] [id=2716]
  0x000001dcb32a7840 WatcherThread [stack: 0x000000873bd00000,0x000000873be00000] [id=10468]
  0x000001dc8f072390 GCTaskThread "GC Thread#0" [stack: 0x000000873ae00000,0x000000873af00000] [id=10752]
  0x000001dcb3c79bc0 GCTaskThread "GC Thread#1" [stack: 0x000000873c900000,0x000000873ca00000] [id=13196]
  0x000001dcb3c79ef0 GCTaskThread "GC Thread#2" [stack: 0x000000873ca00000,0x000000873cb00000] [id=9020]
  0x000001dcb3c7a550 GCTaskThread "GC Thread#3" [stack: 0x000000873cb00000,0x000000873cc00000] [id=20020]
  0x000001dcb3c7a220 GCTaskThread "GC Thread#4" [stack: 0x000000873cc00000,0x000000873cd00000] [id=9780]
  0x000001dcb3c79230 GCTaskThread "GC Thread#5" [stack: 0x000000873cd00000,0x000000873ce00000] [id=9112]
  0x000001dc8f084200 ConcurrentGCThread "G1 Main Marker" [stack: 0x000000873af00000,0x000000873b000000] [id=7200]
  0x000001dc8f084df0 ConcurrentGCThread "G1 Conc#0" [stack: 0x000000873b000000,0x000000873b100000] [id=18952]
  0x000001dc8f0dd680 ConcurrentGCThread "G1 Refine#0" [stack: 0x000000873b100000,0x000000873b200000] [id=12112]
  0x000001dcc011e890 ConcurrentGCThread "G1 Refine#1" [stack: 0x000000873ce00000,0x000000873cf00000] [id=2764]
  0x000001dcb27e2790 ConcurrentGCThread "G1 Young RemSet Sampling" [stack: 0x000000873b200000,0x000000873b300000] [id=13580]

Threads with active compile tasks:

VM state: not at safepoint (normal execution)

VM Mutex/Monitor currently owned by a thread: None

Heap address: 0x0000000702e00000, size: 4050 MB, Compressed Oops mode: Zero based, Oop shift amount: 3
CDS archive(s) mapped at: [0x0000000800000000-0x0000000800b50000-0x0000000800b50000), size 11862016, SharedBaseAddress: 0x0000000800000000, ArchiveRelocationMode: 0.
Compressed class space mapped at: 0x0000000800b50000-0x0000000840b50000, size: 1073741824
Narrow klass base: 0x0000000800000000, Narrow klass shift: 3, Narrow klass range: 0x100000000

GC Precious Log:
 CPUs: 8 total, 8 available
 Memory: 16198M
 Large Page Support: Disabled
 NUMA Support: Disabled
 Compressed Oops: Enabled (Zero based)
 Heap Region Size: 2M
 Heap Min Capacity: 8M
 Heap Initial Capacity: 254M
 Heap Max Capacity: 4050M
 Pre-touch: Disabled
 Parallel Workers: 8
 Concurrent Workers: 2
 Concurrent Refinement Workers: 8
 Periodic GC: Disabled

Heap:
 garbage-first heap   total 260096K, used 12980K [0x0000000702e00000, 0x0000000800000000)
  region size 2048K, 6 young (12288K), 2 survivors (4096K)
 Metaspace       used 4973K, capacity 8030K, committed 8320K, reserved 1056768K
  class space    used 326K, capacity 617K, committed 640K, reserved 1048576K

Heap Regions: E=young(eden), S=young(survivor), O=old, HS=humongous(starts), HC=humongous(continues), CS=collection set, F=free, OA=open archive, CA=closed archive, TAMS=top-at-mark-start (previous, next)
|   0|0x0000000702e00000, 0x0000000703000000, 0x0000000703000000|100%| O|  |TAMS 0x0000000702e00000, 0x0000000702e00000| Untracked 
|   1|0x0000000703000000, 0x00000007030ad200, 0x0000000703200000| 33%| O|  |TAMS 0x0000000703000000, 0x0000000703000000| Untracked 
|   2|0x0000000703200000, 0x0000000703200000, 0x0000000703400000|  0%| F|  |TAMS 0x0000000703200000, 0x0000000703200000| Untracked 
|   3|0x0000000703400000, 0x0000000703400000, 0x0000000703600000|  0%| F|  |TAMS 0x0000000703400000, 0x0000000703400000| Untracked 
|   4|0x0000000703600000, 0x0000000703600000, 0x0000000703800000|  0%| F|  |TAMS 0x0000000703600000, 0x0000000703600000| Untracked 
|   5|0x0000000703800000, 0x0000000703800000, 0x0000000703a00000|  0%| F|  |TAMS 0x0000000703800000, 0x0000000703800000| Untracked 
|   6|0x0000000703a00000, 0x0000000703a00000, 0x0000000703c00000|  0%| F|  |TAMS 0x0000000703a00000, 0x0000000703a00000| Untracked 
|   7|0x0000000703c00000, 0x0000000703c00000, 0x0000000703e00000|  0%| F|  |TAMS 0x0000000703c00000, 0x0000000703c00000| Untracked 
|   8|0x0000000703e00000, 0x0000000703e00000, 0x0000000704000000|  0%| F|  |TAMS 0x0000000703e00000, 0x0000000703e00000| Untracked 
|   9|0x0000000704000000, 0x0000000704000000, 0x0000000704200000|  0%| F|  |TAMS 0x0000000704000000, 0x0000000704000000| Untracked 
|  10|0x0000000704200000, 0x0000000704200000, 0x0000000704400000|  0%| F|  |TAMS 0x0000000704200000, 0x0000000704200000| Untracked 
|  11|0x0000000704400000, 0x0000000704400000, 0x0000000704600000|  0%| F|  |TAMS 0x0000000704400000, 0x0000000704400000| Untracked 
|  12|0x0000000704600000, 0x0000000704600000, 0x0000000704800000|  0%| F|  |TAMS 0x0000000704600000, 0x0000000704600000| Untracked 
|  13|0x0000000704800000, 0x0000000704800000, 0x0000000704a00000|  0%| F|  |TAMS 0x0000000704800000, 0x0000000704800000| Untracked 
|  14|0x0000000704a00000, 0x0000000704a00000, 0x0000000704c00000|  0%| F|  |TAMS 0x0000000704a00000, 0x0000000704a00000| Untracked 
|  15|0x0000000704c00000, 0x0000000704c00000, 0x0000000704e00000|  0%| F|  |TAMS 0x0000000704c00000, 0x0000000704c00000| Untracked 
|  16|0x0000000704e00000, 0x0000000704e00000, 0x0000000705000000|  0%| F|  |TAMS 0x0000000704e00000, 0x0000000704e00000| Untracked 
|  17|0x0000000705000000, 0x0000000705000000, 0x0000000705200000|  0%| F|  |TAMS 0x0000000705000000, 0x0000000705000000| Untracked 
|  18|0x0000000705200000, 0x0000000705200000, 0x0000000705400000|  0%| F|  |TAMS 0x0000000705200000, 0x0000000705200000| Untracked 
|  19|0x0000000705400000, 0x0000000705400000, 0x0000000705600000|  0%| F|  |TAMS 0x0000000705400000, 0x0000000705400000| Untracked 
|  20|0x0000000705600000, 0x0000000705600000, 0x0000000705800000|  0%| F|  |TAMS 0x0000000705600000, 0x0000000705600000| Untracked 
|  21|0x0000000705800000, 0x0000000705800000, 0x0000000705a00000|  0%| F|  |TAMS 0x0000000705800000, 0x0000000705800000| Untracked 
|  22|0x0000000705a00000, 0x0000000705a00000, 0x0000000705c00000|  0%| F|  |TAMS 0x0000000705a00000, 0x0000000705a00000| Untracked 
|  23|0x0000000705c00000, 0x0000000705c00000, 0x0000000705e00000|  0%| F|  |TAMS 0x0000000705c00000, 0x0000000705c00000| Untracked 
|  24|0x0000000705e00000, 0x0000000705e00000, 0x0000000706000000|  0%| F|  |TAMS 0x0000000705e00000, 0x0000000705e00000| Untracked 
|  25|0x0000000706000000, 0x0000000706000000, 0x0000000706200000|  0%| F|  |TAMS 0x0000000706000000, 0x0000000706000000| Untracked 
|  26|0x0000000706200000, 0x0000000706200000, 0x0000000706400000|  0%| F|  |TAMS 0x0000000706200000, 0x0000000706200000| Untracked 
|  27|0x0000000706400000, 0x0000000706400000, 0x0000000706600000|  0%| F|  |TAMS 0x0000000706400000, 0x0000000706400000| Untracked 
|  28|0x0000000706600000, 0x0000000706600000, 0x0000000706800000|  0%| F|  |TAMS 0x0000000706600000, 0x0000000706600000| Untracked 
|  29|0x0000000706800000, 0x0000000706800000, 0x0000000706a00000|  0%| F|  |TAMS 0x0000000706800000, 0x0000000706800000| Untracked 
|  30|0x0000000706a00000, 0x0000000706a00000, 0x0000000706c00000|  0%| F|  |TAMS 0x0000000706a00000, 0x0000000706a00000| Untracked 
|  31|0x0000000706c00000, 0x0000000706c00000, 0x0000000706e00000|  0%| F|  |TAMS 0x0000000706c00000, 0x0000000706c00000| Untracked 
|  32|0x0000000706e00000, 0x0000000706e00000, 0x0000000707000000|  0%| F|  |TAMS 0x0000000706e00000, 0x0000000706e00000| Untracked 
|  33|0x0000000707000000, 0x0000000707000000, 0x0000000707200000|  0%| F|  |TAMS 0x0000000707000000, 0x0000000707000000| Untracked 
|  34|0x0000000707200000, 0x0000000707200000, 0x0000000707400000|  0%| F|  |TAMS 0x0000000707200000, 0x0000000707200000| Untracked 
|  35|0x0000000707400000, 0x0000000707400000, 0x0000000707600000|  0%| F|  |TAMS 0x0000000707400000, 0x0000000707400000| Untracked 
|  36|0x0000000707600000, 0x0000000707600000, 0x0000000707800000|  0%| F|  |TAMS 0x0000000707600000, 0x0000000707600000| Untracked 
|  37|0x0000000707800000, 0x0000000707800000, 0x0000000707a00000|  0%| F|  |TAMS 0x0000000707800000, 0x0000000707800000| Untracked 
|  38|0x0000000707a00000, 0x0000000707a00000, 0x0000000707c00000|  0%| F|  |TAMS 0x0000000707a00000, 0x0000000707a00000| Untracked 
|  39|0x0000000707c00000, 0x0000000707c00000, 0x0000000707e00000|  0%| F|  |TAMS 0x0000000707c00000, 0x0000000707c00000| Untracked 
|  40|0x0000000707e00000, 0x0000000707e00000, 0x0000000708000000|  0%| F|  |TAMS 0x0000000707e00000, 0x0000000707e00000| Untracked 
|  41|0x0000000708000000, 0x0000000708000000, 0x0000000708200000|  0%| F|  |TAMS 0x0000000708000000, 0x0000000708000000| Untracked 
|  42|0x0000000708200000, 0x0000000708200000, 0x0000000708400000|  0%| F|  |TAMS 0x0000000708200000, 0x0000000708200000| Untracked 
|  43|0x0000000708400000, 0x0000000708400000, 0x0000000708600000|  0%| F|  |TAMS 0x0000000708400000, 0x0000000708400000| Untracked 
|  44|0x0000000708600000, 0x0000000708600000, 0x0000000708800000|  0%| F|  |TAMS 0x0000000708600000, 0x0000000708600000| Untracked 
|  45|0x0000000708800000, 0x0000000708800000, 0x0000000708a00000|  0%| F|  |TAMS 0x0000000708800000, 0x0000000708800000| Untracked 
|  46|0x0000000708a00000, 0x0000000708a00000, 0x0000000708c00000|  0%| F|  |TAMS 0x0000000708a00000, 0x0000000708a00000| Untracked 
|  47|0x0000000708c00000, 0x0000000708c00000, 0x0000000708e00000|  0%| F|  |TAMS 0x0000000708c00000, 0x0000000708c00000| Untracked 
|  48|0x0000000708e00000, 0x0000000708e00000, 0x0000000709000000|  0%| F|  |TAMS 0x0000000708e00000, 0x0000000708e00000| Untracked 
|  49|0x0000000709000000, 0x0000000709000000, 0x0000000709200000|  0%| F|  |TAMS 0x0000000709000000, 0x0000000709000000| Untracked 
|  50|0x0000000709200000, 0x0000000709200000, 0x0000000709400000|  0%| F|  |TAMS 0x0000000709200000, 0x0000000709200000| Untracked 
|  51|0x0000000709400000, 0x0000000709400000, 0x0000000709600000|  0%| F|  |TAMS 0x0000000709400000, 0x0000000709400000| Untracked 
|  52|0x0000000709600000, 0x0000000709600000, 0x0000000709800000|  0%| F|  |TAMS 0x0000000709600000, 0x0000000709600000| Untracked 
|  53|0x0000000709800000, 0x0000000709800000, 0x0000000709a00000|  0%| F|  |TAMS 0x0000000709800000, 0x0000000709800000| Untracked 
|  54|0x0000000709a00000, 0x0000000709a00000, 0x0000000709c00000|  0%| F|  |TAMS 0x0000000709a00000, 0x0000000709a00000| Untracked 
|  55|0x0000000709c00000, 0x0000000709c00000, 0x0000000709e00000|  0%| F|  |TAMS 0x0000000709c00000, 0x0000000709c00000| Untracked 
|  56|0x0000000709e00000, 0x0000000709e00000, 0x000000070a000000|  0%| F|  |TAMS 0x0000000709e00000, 0x0000000709e00000| Untracked 
|  57|0x000000070a000000, 0x000000070a000000, 0x000000070a200000|  0%| F|  |TAMS 0x000000070a000000, 0x000000070a000000| Untracked 
|  58|0x000000070a200000, 0x000000070a200000, 0x000000070a400000|  0%| F|  |TAMS 0x000000070a200000, 0x000000070a200000| Untracked 
|  59|0x000000070a400000, 0x000000070a400000, 0x000000070a600000|  0%| F|  |TAMS 0x000000070a400000, 0x000000070a400000| Untracked 
|  60|0x000000070a600000, 0x000000070a600000, 0x000000070a800000|  0%| F|  |TAMS 0x000000070a600000, 0x000000070a600000| Untracked 
|  61|0x000000070a800000, 0x000000070a800000, 0x000000070aa00000|  0%| F|  |TAMS 0x000000070a800000, 0x000000070a800000| Untracked 
|  62|0x000000070aa00000, 0x000000070aa00000, 0x000000070ac00000|  0%| F|  |TAMS 0x000000070aa00000, 0x000000070aa00000| Untracked 
|  63|0x000000070ac00000, 0x000000070ac00000, 0x000000070ae00000|  0%| F|  |TAMS 0x000000070ac00000, 0x000000070ac00000| Untracked 
|  64|0x000000070ae00000, 0x000000070ae00000, 0x000000070b000000|  0%| F|  |TAMS 0x000000070ae00000, 0x000000070ae00000| Untracked 
|  65|0x000000070b000000, 0x000000070b000000, 0x000000070b200000|  0%| F|  |TAMS 0x000000070b000000, 0x000000070b000000| Untracked 
|  66|0x000000070b200000, 0x000000070b200000, 0x000000070b400000|  0%| F|  |TAMS 0x000000070b200000, 0x000000070b200000| Untracked 
|  67|0x000000070b400000, 0x000000070b400000, 0x000000070b600000|  0%| F|  |TAMS 0x000000070b400000, 0x000000070b400000| Untracked 
|  68|0x000000070b600000, 0x000000070b600000, 0x000000070b800000|  0%| F|  |TAMS 0x000000070b600000, 0x000000070b600000| Untracked 
|  69|0x000000070b800000, 0x000000070b800000, 0x000000070ba00000|  0%| F|  |TAMS 0x000000070b800000, 0x000000070b800000| Untracked 
|  70|0x000000070ba00000, 0x000000070ba00000, 0x000000070bc00000|  0%| F|  |TAMS 0x000000070ba00000, 0x000000070ba00000| Untracked 
|  71|0x000000070bc00000, 0x000000070bc00000, 0x000000070be00000|  0%| F|  |TAMS 0x000000070bc00000, 0x000000070bc00000| Untracked 
|  72|0x000000070be00000, 0x000000070be00000, 0x000000070c000000|  0%| F|  |TAMS 0x000000070be00000, 0x000000070be00000| Untracked 
|  73|0x000000070c000000, 0x000000070c000000, 0x000000070c200000|  0%| F|  |TAMS 0x000000070c000000, 0x000000070c000000| Untracked 
|  74|0x000000070c200000, 0x000000070c200000, 0x000000070c400000|  0%| F|  |TAMS 0x000000070c200000, 0x000000070c200000| Untracked 
|  75|0x000000070c400000, 0x000000070c400000, 0x000000070c600000|  0%| F|  |TAMS 0x000000070c400000, 0x000000070c400000| Untracked 
|  76|0x000000070c600000, 0x000000070c600000, 0x000000070c800000|  0%| F|  |TAMS 0x000000070c600000, 0x000000070c600000| Untracked 
|  77|0x000000070c800000, 0x000000070c800000, 0x000000070ca00000|  0%| F|  |TAMS 0x000000070c800000, 0x000000070c800000| Untracked 
|  78|0x000000070ca00000, 0x000000070ca00000, 0x000000070cc00000|  0%| F|  |TAMS 0x000000070ca00000, 0x000000070ca00000| Untracked 
|  79|0x000000070cc00000, 0x000000070cc00000, 0x000000070ce00000|  0%| F|  |TAMS 0x000000070cc00000, 0x000000070cc00000| Untracked 
|  80|0x000000070ce00000, 0x000000070ce00000, 0x000000070d000000|  0%| F|  |TAMS 0x000000070ce00000, 0x000000070ce00000| Untracked 
|  81|0x000000070d000000, 0x000000070d000000, 0x000000070d200000|  0%| F|  |TAMS 0x000000070d000000, 0x000000070d000000| Untracked 
|  82|0x000000070d200000, 0x000000070d200000, 0x000000070d400000|  0%| F|  |TAMS 0x000000070d200000, 0x000000070d200000| Untracked 
|  83|0x000000070d400000, 0x000000070d400000, 0x000000070d600000|  0%| F|  |TAMS 0x000000070d400000, 0x000000070d400000| Untracked 
|  84|0x000000070d600000, 0x000000070d600000, 0x000000070d800000|  0%| F|  |TAMS 0x000000070d600000, 0x000000070d600000| Untracked 
|  85|0x000000070d800000, 0x000000070d800000, 0x000000070da00000|  0%| F|  |TAMS 0x000000070d800000, 0x000000070d800000| Untracked 
|  86|0x000000070da00000, 0x000000070da00000, 0x000000070dc00000|  0%| F|  |TAMS 0x000000070da00000, 0x000000070da00000| Untracked 
|  87|0x000000070dc00000, 0x000000070dc00000, 0x000000070de00000|  0%| F|  |TAMS 0x000000070dc00000, 0x000000070dc00000| Untracked 
|  88|0x000000070de00000, 0x000000070de00000, 0x000000070e000000|  0%| F|  |TAMS 0x000000070de00000, 0x000000070de00000| Untracked 
|  89|0x000000070e000000, 0x000000070e000000, 0x000000070e200000|  0%| F|  |TAMS 0x000000070e000000, 0x000000070e000000| Untracked 
|  90|0x000000070e200000, 0x000000070e200000, 0x000000070e400000|  0%| F|  |TAMS 0x000000070e200000, 0x000000070e200000| Untracked 
|  91|0x000000070e400000, 0x000000070e400000, 0x000000070e600000|  0%| F|  |TAMS 0x000000070e400000, 0x000000070e400000| Untracked 
|  92|0x000000070e600000, 0x000000070e600000, 0x000000070e800000|  0%| F|  |TAMS 0x000000070e600000, 0x000000070e600000| Untracked 
|  93|0x000000070e800000, 0x000000070e800000, 0x000000070ea00000|  0%| F|  |TAMS 0x000000070e800000, 0x000000070e800000| Untracked 
|  94|0x000000070ea00000, 0x000000070ea00000, 0x000000070ec00000|  0%| F|  |TAMS 0x000000070ea00000, 0x000000070ea00000| Untracked 
|  95|0x000000070ec00000, 0x000000070ec00000, 0x000000070ee00000|  0%| F|  |TAMS 0x000000070ec00000, 0x000000070ec00000| Untracked 
|  96|0x000000070ee00000, 0x000000070ee00000, 0x000000070f000000|  0%| F|  |TAMS 0x000000070ee00000, 0x000000070ee00000| Untracked 
|  97|0x000000070f000000, 0x000000070f000000, 0x000000070f200000|  0%| F|  |TAMS 0x000000070f000000, 0x000000070f000000| Untracked 
|  98|0x000000070f200000, 0x000000070f200000, 0x000000070f400000|  0%| F|  |TAMS 0x000000070f200000, 0x000000070f200000| Untracked 
|  99|0x000000070f400000, 0x000000070f400000, 0x000000070f600000|  0%| F|  |TAMS 0x000000070f400000, 0x000000070f400000| Untracked 
| 100|0x000000070f600000, 0x000000070f600000, 0x000000070f800000|  0%| F|  |TAMS 0x000000070f600000, 0x000000070f600000| Untracked 
| 101|0x000000070f800000, 0x000000070f800000, 0x000000070fa00000|  0%| F|  |TAMS 0x000000070f800000, 0x000000070f800000| Untracked 
| 102|0x000000070fa00000, 0x000000070fa00000, 0x000000070fc00000|  0%| F|  |TAMS 0x000000070fa00000, 0x000000070fa00000| Untracked 
| 103|0x000000070fc00000, 0x000000070fc00000, 0x000000070fe00000|  0%| F|  |TAMS 0x000000070fc00000, 0x000000070fc00000| Untracked 
| 104|0x000000070fe00000, 0x000000070fe00000, 0x0000000710000000|  0%| F|  |TAMS 0x000000070fe00000, 0x000000070fe00000| Untracked 
| 105|0x0000000710000000, 0x0000000710000000, 0x0000000710200000|  0%| F|  |TAMS 0x0000000710000000, 0x0000000710000000| Untracked 
| 106|0x0000000710200000, 0x0000000710200000, 0x0000000710400000|  0%| F|  |TAMS 0x0000000710200000, 0x0000000710200000| Untracked 
| 107|0x0000000710400000, 0x0000000710400000, 0x0000000710600000|  0%| F|  |TAMS 0x0000000710400000, 0x0000000710400000| Untracked 
| 108|0x0000000710600000, 0x0000000710600000, 0x0000000710800000|  0%| F|  |TAMS 0x0000000710600000, 0x0000000710600000| Untracked 
| 109|0x0000000710800000, 0x0000000710800000, 0x0000000710a00000|  0%| F|  |TAMS 0x0000000710800000, 0x0000000710800000| Untracked 
| 110|0x0000000710a00000, 0x0000000710a00000, 0x0000000710c00000|  0%| F|  |TAMS 0x0000000710a00000, 0x0000000710a00000| Untracked 
| 111|0x0000000710c00000, 0x0000000710c00000, 0x0000000710e00000|  0%| F|  |TAMS 0x0000000710c00000, 0x0000000710c00000| Untracked 
| 112|0x0000000710e00000, 0x0000000710e00000, 0x0000000711000000|  0%| F|  |TAMS 0x0000000710e00000, 0x0000000710e00000| Untracked 
| 113|0x0000000711000000, 0x0000000711000000, 0x0000000711200000|  0%| F|  |TAMS 0x0000000711000000, 0x0000000711000000| Untracked 
| 114|0x0000000711200000, 0x0000000711400000, 0x0000000711400000|100%| S|CS|TAMS 0x0000000711200000, 0x0000000711200000| Complete 
| 115|0x0000000711400000, 0x0000000711600000, 0x0000000711600000|100%| S|CS|TAMS 0x0000000711400000, 0x0000000711400000| Complete 
| 116|0x0000000711600000, 0x0000000711600000, 0x0000000711800000|  0%| F|  |TAMS 0x0000000711600000, 0x0000000711600000| Untracked 
| 117|0x0000000711800000, 0x0000000711800000, 0x0000000711a00000|  0%| F|  |TAMS 0x0000000711800000, 0x0000000711800000| Untracked 
| 118|0x0000000711a00000, 0x0000000711a00000, 0x0000000711c00000|  0%| F|  |TAMS 0x0000000711a00000, 0x0000000711a00000| Untracked 
| 119|0x0000000711c00000, 0x0000000711c00000, 0x0000000711e00000|  0%| F|  |TAMS 0x0000000711c00000, 0x0000000711c00000| Untracked 
| 120|0x0000000711e00000, 0x0000000711e00000, 0x0000000712000000|  0%| F|  |TAMS 0x0000000711e00000, 0x0000000711e00000| Untracked 
| 121|0x0000000712000000, 0x0000000712000000, 0x0000000712200000|  0%| F|  |TAMS 0x0000000712000000, 0x0000000712000000| Untracked 
| 122|0x0000000712200000, 0x0000000712200000, 0x0000000712400000|  0%| F|  |TAMS 0x0000000712200000, 0x0000000712200000| Untracked 
| 123|0x0000000712400000, 0x0000000712525ae8, 0x0000000712600000| 57%| E|  |TAMS 0x0000000712400000, 0x0000000712400000| Complete 
| 124|0x0000000712600000, 0x0000000712800000, 0x0000000712800000|100%| E|CS|TAMS 0x0000000712600000, 0x0000000712600000| Complete 
| 125|0x0000000712800000, 0x0000000712a00000, 0x0000000712a00000|100%| E|CS|TAMS 0x0000000712800000, 0x0000000712800000| Complete 
| 126|0x0000000712a00000, 0x0000000712c00000, 0x0000000712c00000|100%| E|CS|TAMS 0x0000000712a00000, 0x0000000712a00000| Complete 

Card table byte_map: [0x000001dca7060000,0x000001dca7850000] _byte_map_base: 0x000001dca3849000

Marking Bits (Prev, Next): (CMBitMap*) 0x000001dc8f073b90, (CMBitMap*) 0x000001dc8f073bd0
 Prev Bits: [0x000001dca8040000, 0x000001dcabf88000)
 Next Bits: [0x000001dcabf90000, 0x000001dcafed8000)

Polling page: 0x000001dc8cfc0000

Metaspace:

Usage:
  Non-class:      7.24 MB capacity,     4.54 MB ( 63%) used,     2.70 MB ( 37%) free+waste,     3.63 KB ( <1%) overhead. 
      Class:    617.00 KB capacity,   326.30 KB ( 53%) used,   289.89 KB ( 47%) free+waste,   832 bytes ( <1%) overhead. 
       Both:      7.84 MB capacity,     4.86 MB ( 62%) used,     2.98 MB ( 38%) free+waste,     4.44 KB ( <1%) overhead. 

Virtual space:
  Non-class space:        8.00 MB reserved,       7.50 MB ( 94%) committed 
      Class space:        1.00 GB reserved,     640.00 KB ( <1%) committed 
             Both:        1.01 GB reserved,       8.13 MB ( <1%) committed 

Chunk freelists:
   Non-Class:  139.00 KB
       Class:  23.00 KB
        Both:  162.00 KB

MaxMetaspaceSize: 17179869184.00 GB
CompressedClassSpaceSize: 1.00 GB

CodeHeap 'non-profiled nmethods': size=120000Kb used=608Kb max_used=608Kb free=119392Kb
 bounds [0x000001dc9f000000, 0x000001dc9f270000, 0x000001dca6530000]
CodeHeap 'profiled nmethods': size=120000Kb used=2143Kb max_used=2143Kb free=117856Kb
 bounds [0x000001dc97ad0000, 0x000001dc97d40000, 0x000001dc9f000000]
CodeHeap 'non-nmethods': size=5760Kb used=1284Kb max_used=1336Kb free=4475Kb
 bounds [0x000001dc97530000, 0x000001dc977a0000, 0x000001dc97ad0000]
 total_blobs=1869 nmethods=1291 adapters=491
 compilation: enabled
              stopped_count=0, restarted_count=0
 full_count=0

Compilation events (20 events):
Event: 23.669 Thread 0x000001dcb317e280 1282       4       com.mygdx.game.Laser::render (89 bytes)
Event: 23.679 Thread 0x000001dcb317e280 nmethod 1282 0x000001dc9f090910 code [0x000001dc9f090b20, 0x000001dc9f090e10]
Event: 24.202 Thread 0x000001dcb317e280 1283       4       com.badlogic.gdx.graphics.g2d.SpriteBatch::begin (65 bytes)
Event: 24.229 Thread 0x000001dcb317e280 nmethod 1283 0x000001dc9f091190 code [0x000001dc9f091420, 0x000001dc9f0924f0]
Event: 24.670 Thread 0x000001dcb317e280 1284       4       org.lwjgl.opengl.WindowsDisplayPeerInfo::doUnlock (1 bytes)
Event: 24.671 Thread 0x000001dcb317e280 nmethod 1284 0x000001dc9f093690 code [0x000001dc9f093800, 0x000001dc9f093858]
Event: 24.736 Thread 0x000001dcb317e280 1285       4       com.badlogic.gdx.graphics.g2d.SpriteBatch::end (66 bytes)
Event: 24.742 Thread 0x000001dcb317e280 nmethod 1285 0x000001dc9f093990 code [0x000001dc9f093b60, 0x000001dc9f093e88]
Event: 25.619 Thread 0x000001dcb3185780 1286       3       com.badlogic.gdx.physics.box2d.Contact::getFixtureA (22 bytes)
Event: 25.620 Thread 0x000001dcb3185780 nmethod 1286 0x000001dc97ce7790 code [0x000001dc97ce7940, 0x000001dc97ce7bd8]
Event: 26.836 Thread 0x000001dcb317e280 1287       4       com.badlogic.gdx.math.Matrix4::det (444 bytes)
Event: 26.844 Thread 0x000001dcb317e280 nmethod 1287 0x000001dc9f094210 code [0x000001dc9f094380, 0x000001dc9f0945f8]
Event: 27.936 Thread 0x000001dcb317e280 1288       4       com.badlogic.gdx.graphics.glutils.ShapeRenderer::rectLine (494 bytes)
Event: 27.958 Thread 0x000001dcb317e280 nmethod 1288 0x000001dc9f094690 code [0x000001dc9f094880, 0x000001dc9f095438]
Event: 30.918 Thread 0x000001dcb317e280 1289       4       jdk.internal.misc.Unsafe::copyMemory (33 bytes)
Event: 30.924 Thread 0x000001dcb317e280 nmethod 1289 0x000001dc9f095a90 code [0x000001dc9f095c20, 0x000001dc9f095f78]
Event: 31.286 Thread 0x000001dcb317e280 1290       4       com.badlogic.gdx.backends.lwjgl.LwjglGL20::glBufferData (113 bytes)
Event: 31.291 Thread 0x000001dcb317e280 nmethod 1290 0x000001dc9f096310 code [0x000001dc9f0964a0, 0x000001dc9f096688]
Event: 37.537 Thread 0x000001dcb317e280 1291       4       com.badlogic.gdx.maps.tiled.renderers.BatchTiledMapRenderer::render (55 bytes)
Event: 37.571 Thread 0x000001dcb317e280 nmethod 1291 0x000001dc9f096910 code [0x000001dc9f096b60, 0x000001dc9f097580]

GC Heap History (2 events):
Event: 9.303 GC heap before
{Heap before GC invocations=0 (full 0):
 garbage-first heap   total 260096K, used 20480K [0x0000000702e00000, 0x0000000800000000)
  region size 2048K, 11 young (22528K), 0 survivors (0K)
 Metaspace       used 4886K, capacity 7902K, committed 8064K, reserved 1056768K
  class space    used 325K, capacity 617K, committed 640K, reserved 1048576K
}
Event: 9.314 GC heap after
{Heap after GC invocations=1 (full 0):
 garbage-first heap   total 260096K, used 6836K [0x0000000702e00000, 0x0000000800000000)
  region size 2048K, 2 young (4096K), 2 survivors (4096K)
 Metaspace       used 4886K, capacity 7902K, committed 8064K, reserved 1056768K
  class space    used 325K, capacity 617K, committed 640K, reserved 1048576K
}

Deoptimization events (20 events):
Event: 1.469 Thread 0x000001dcb3896010 DEOPT PACKING pc=0x000001dc97c29907 sp=0x000000873c1ff3b0
Event: 1.469 Thread 0x000001dcb3896010 DEOPT UNPACKING pc=0x000001dc9757e23f sp=0x000000873c1fe7d8 mode 0
Event: 1.487 Thread 0x000001dcb3896010 DEOPT PACKING pc=0x000001dc97c29907 sp=0x000000873c1ff3b0
Event: 1.487 Thread 0x000001dcb3896010 DEOPT UNPACKING pc=0x000001dc9757e23f sp=0x000000873c1fe7d8 mode 0
Event: 1.503 Thread 0x000001dcb3896010 DEOPT PACKING pc=0x000001dc97c29907 sp=0x000000873c1ff3b0
Event: 1.503 Thread 0x000001dcb3896010 DEOPT UNPACKING pc=0x000001dc9757e23f sp=0x000000873c1fe7d8 mode 0
Event: 1.618 Thread 0x000001dcb3896010 DEOPT PACKING pc=0x000001dc97c45912 sp=0x000000873c1ff4d0
Event: 1.618 Thread 0x000001dcb3896010 DEOPT UNPACKING pc=0x000001dc9757e23f sp=0x000000873c1fea58 mode 0
Event: 1.634 Thread 0x000001dcb3896010 DEOPT PACKING pc=0x000001dc97c45912 sp=0x000000873c1ff4d0
Event: 1.634 Thread 0x000001dcb3896010 DEOPT UNPACKING pc=0x000001dc9757e23f sp=0x000000873c1fea58 mode 0
Event: 1.683 Thread 0x000001dcb3896010 DEOPT PACKING pc=0x000001dc97c45912 sp=0x000000873c1ff4d0
Event: 1.683 Thread 0x000001dcb3896010 DEOPT UNPACKING pc=0x000001dc9757e23f sp=0x000000873c1fea58 mode 0
Event: 1.685 Thread 0x000001dcb3896010 DEOPT PACKING pc=0x000001dc97c438c0 sp=0x000000873c1ff4c0
Event: 1.685 Thread 0x000001dcb3896010 DEOPT UNPACKING pc=0x000001dc9757e23f sp=0x000000873c1fea58 mode 0
Event: 1.700 Thread 0x000001dcb3896010 DEOPT PACKING pc=0x000001dc97c45912 sp=0x000000873c1ff4d0
Event: 1.700 Thread 0x000001dcb3896010 DEOPT UNPACKING pc=0x000001dc9757e23f sp=0x000000873c1fea58 mode 0
Event: 1.717 Thread 0x000001dcb3896010 DEOPT PACKING pc=0x000001dc97c45912 sp=0x000000873c1ff4d0
Event: 1.717 Thread 0x000001dcb3896010 DEOPT UNPACKING pc=0x000001dc9757e23f sp=0x000000873c1fea58 mode 0
Event: 1.734 Thread 0x000001dcb3896010 DEOPT PACKING pc=0x000001dc97c45912 sp=0x000000873c1ff4d0
Event: 1.734 Thread 0x000001dcb3896010 DEOPT UNPACKING pc=0x000001dc9757e23f sp=0x000000873c1fea58 mode 0

Classes unloaded (0 events):
No events

Classes redefined (0 events):
No events

Internal exceptions (0 events):
No events

Events (20 events):
Event: 1.636 Loaded shared library C:\Users\StefanieZuccarini\AppData\Local\Temp\libgdxStefanieZuccarini\1cecf4f6\lwjgl64.dll
Event: 1.637 Loaded shared library C:\Users\StefanieZuccarini\AppData\Local\Temp\libgdxStefanieZuccarini\1cecf4f6\lwjgl64.dll
Event: 1.802 Loaded shared library C:\Users\StefanieZuccarini\AppData\Local\Temp\libgdxStefanieZuccarini\1cecf4f6\lwjgl64.dll
Event: 1.881 Loaded shared library C:\Program Files\Zulu\zulu-15\bin\java.dll
Event: 2.070 Loaded shared library C:\Users\StefanieZuccarini\AppData\Local\Temp\libgdxStefanieZuccarini\1cecf4f6\lwjgl64.dll
Event: 2.252 Loaded shared library C:\Users\StefanieZuccarini\AppData\Local\Temp\libgdxStefanieZuccarini\1cecf4f6\lwjgl64.dll
Event: 2.487 Loaded shared library C:\Users\StefanieZuccarini\AppData\Local\Temp\libgdxStefanieZuccarini\1cecf4f6\lwjgl64.dll
Event: 2.488 Loaded shared library C:\Users\StefanieZuccarini\AppData\Local\Temp\libgdxStefanieZuccarini\1cecf4f6\lwjgl64.dll
Event: 2.553 Loaded shared library C:\Users\StefanieZuccarini\AppData\Local\Temp\libgdxStefanieZuccarini\1cecf4f6\lwjgl64.dll
Event: 2.868 Loaded shared library C:\Program Files\Zulu\zulu-15\bin\java.dll
Event: 3.402 Loaded shared library C:\Users\StefanieZuccarini\AppData\Local\Temp\libgdxStefanieZuccarini\1cecf4f6\lwjgl64.dll
Event: 3.404 Loaded shared library C:\Users\StefanieZuccarini\AppData\Local\Temp\libgdxStefanieZuccarini\1cecf4f6\lwjgl64.dll
Event: 4.269 Loaded shared library C:\Users\StefanieZuccarini\AppData\Local\Temp\libgdxStefanieZuccarini\1cecf4f6\lwjgl64.dll
Event: 4.270 Loaded shared library C:\Users\StefanieZuccarini\AppData\Local\Temp\libgdxStefanieZuccarini\1cecf4f6\lwjgl64.dll
Event: 5.502 Loaded shared library C:\Users\StefanieZuccarini\AppData\Local\Temp\libgdxStefanieZuccarini\1cecf4f6\lwjgl64.dll
Event: 9.302 Executing VM operation: G1CollectForAllocation
Event: 9.314 Executing VM operation: G1CollectForAllocation done
Event: 9.772 Loaded shared library C:\Users\StefanieZuccarini\AppData\Local\Temp\libgdxStefanieZuccarini\e1cd32f8\gdx64.dll
Event: 9.787 Loaded shared library C:\Users\StefanieZuccarini\AppData\Local\Temp\libgdxStefanieZuccarini\1cecf4f6\lwjgl64.dll
Event: 9.790 Loaded shared library C:\Users\StefanieZuccarini\AppData\Local\Temp\libgdxStefanieZuccarini\1cecf4f6\lwjgl64.dll


Dynamic libraries:
0x00007ff78a560000 - 0x00007ff78a56d000 	C:\Program Files\Zulu\zulu-15\bin\java.exe
0x00007ffa899a0000 - 0x00007ffa89b90000 	C:\Windows\SYSTEM32\ntdll.dll
0x00007ffa892d0000 - 0x00007ffa89382000 	C:\Windows\System32\KERNEL32.DLL
0x00007ffa875f0000 - 0x00007ffa87895000 	C:\Windows\System32\KERNELBASE.dll
0x00007ffa874a0000 - 0x00007ffa8759a000 	C:\Windows\System32\ucrtbase.dll
0x00007ffa785e0000 - 0x00007ffa785f8000 	C:\Program Files\Zulu\zulu-15\bin\jli.dll
0x00007ffa776e0000 - 0x00007ffa776f5000 	C:\Program Files\Zulu\zulu-15\bin\VCRUNTIME140.dll
0x00007ffa87a50000 - 0x00007ffa87be4000 	C:\Windows\System32\USER32.dll
0x00007ffa87a20000 - 0x00007ffa87a41000 	C:\Windows\System32\win32u.dll
0x00007ffa667b0000 - 0x00007ffa66a34000 	C:\Windows\WinSxS\amd64_microsoft.windows.common-controls_6595b64144ccf1df_6.0.18362.1139_none_9e7bf2d3e4605ac6\COMCTL32.dll
0x00007ffa89140000 - 0x00007ffa89166000 	C:\Windows\System32\GDI32.dll
0x00007ffa87f00000 - 0x00007ffa87f9e000 	C:\Windows\System32\msvcrt.dll
0x00007ffa871b0000 - 0x00007ffa87346000 	C:\Windows\System32\gdi32full.dll
0x00007ffa878a0000 - 0x00007ffa8793e000 	C:\Windows\System32\msvcp_win.dll
0x00007ffa881e0000 - 0x00007ffa88515000 	C:\Windows\System32\combase.dll
0x00007ffa88870000 - 0x00007ffa88990000 	C:\Windows\System32\RPCRT4.dll
0x00007ffa87940000 - 0x00007ffa879c0000 	C:\Windows\System32\bcryptPrimitives.dll
0x00007ffa887a0000 - 0x00007ffa887ce000 	C:\Windows\System32\IMM32.DLL
0x00007ffa4c8c0000 - 0x00007ffa4c95b000 	C:\Program Files\Zulu\zulu-15\bin\msvcp140.dll
0x00007ff9fea20000 - 0x00007ff9ff5b2000 	C:\Program Files\Zulu\zulu-15\bin\server\jvm.dll
0x00007ffa88990000 - 0x00007ffa88a33000 	C:\Windows\System32\ADVAPI32.dll
0x00007ffa887d0000 - 0x00007ffa88867000 	C:\Windows\System32\sechost.dll
0x00007ffa89130000 - 0x00007ffa89138000 	C:\Windows\System32\PSAPI.DLL
0x00007ffa7d320000 - 0x00007ffa7d32a000 	C:\Windows\SYSTEM32\VERSION.dll
0x00007ffa83190000 - 0x00007ffa831b4000 	C:\Windows\SYSTEM32\WINMM.dll
0x00007ffa6f4d0000 - 0x00007ffa6f4d9000 	C:\Windows\SYSTEM32\WSOCK32.dll
0x00007ffa89170000 - 0x00007ffa891df000 	C:\Windows\System32\WS2_32.dll
0x00007ffa83160000 - 0x00007ffa8318d000 	C:\Windows\SYSTEM32\winmmbase.dll
0x00007ffa875a0000 - 0x00007ffa875ea000 	C:\Windows\System32\cfgmgr32.dll
0x00007ffa868e0000 - 0x00007ffa868f1000 	C:\Windows\System32\kernel.appcore.dll
0x00007ffa787e0000 - 0x00007ffa787ea000 	C:\Program Files\Zulu\zulu-15\bin\jimage.dll
0x00007ffa6bef0000 - 0x00007ffa6c0e4000 	C:\Windows\SYSTEM32\DBGHELP.DLL
0x00007ffa6aae0000 - 0x00007ffa6ab0a000 	C:\Windows\SYSTEM32\dbgcore.DLL
0x00007ffa76a20000 - 0x00007ffa76a45000 	C:\Program Files\Zulu\zulu-15\bin\java.dll
0x00007ffa88a40000 - 0x00007ffa89127000 	C:\Windows\System32\SHELL32.dll
0x00007ffa87cc0000 - 0x00007ffa87d69000 	C:\Windows\System32\shcore.dll
0x00007ffa86a00000 - 0x00007ffa87180000 	C:\Windows\System32\windows.storage.dll
0x00007ffa86900000 - 0x00007ffa86923000 	C:\Windows\System32\profapi.dll
0x00007ffa86870000 - 0x00007ffa868ba000 	C:\Windows\System32\powrprof.dll
0x00007ffa86860000 - 0x00007ffa86870000 	C:\Windows\System32\UMPDC.dll
0x00007ffa88740000 - 0x00007ffa88792000 	C:\Windows\System32\shlwapi.dll
0x00007ffa86930000 - 0x00007ffa86947000 	C:\Windows\System32\cryptsp.dll
0x00007ffa77660000 - 0x00007ffa77679000 	C:\Program Files\Zulu\zulu-15\bin\net.dll
0x00007ffa81ba0000 - 0x00007ffa81c90000 	C:\Windows\SYSTEM32\WINHTTP.dll
0x00007ffa860b0000 - 0x00007ffa86117000 	C:\Windows\system32\mswsock.dll
0x00007ffa773e0000 - 0x00007ffa773f2000 	C:\Program Files\Zulu\zulu-15\bin\nio.dll
0x00007ffa74850000 - 0x00007ffa74868000 	C:\Program Files\Zulu\zulu-15\bin\zip.dll
0x000000006e700000 - 0x000000006e72a000 	C:\Users\StefanieZuccarini\AppData\Local\Temp\libgdxStefanieZuccarini\e1cd32f8\gdx64.dll
0x00007ffa78700000 - 0x00007ffa78710000 	C:\Program Files\Zulu\zulu-15\bin\verify.dll
0x0000000180000000 - 0x0000000180053000 	C:\Users\StefanieZuccarini\AppData\Local\Temp\libgdxStefanieZuccarini\1cecf4f6\lwjgl64.dll
0x00007ffa46d40000 - 0x00007ffa46e96000 	C:\Windows\SYSTEM32\OPENGL32.dll
0x00007ffa50920000 - 0x00007ffa5094c000 	C:\Windows\SYSTEM32\GLU32.dll
0x00007ffa85240000 - 0x00007ffa85260000 	C:\Windows\SYSTEM32\dxcore.dll
0x000001dcb3e60000 - 0x000001dcb3ec4000 	C:\Users\STEFAN~1\AppData\Local\Temp\libgdxStefanieZuccarini\1cecf4f6\OpenAL64.dll
0x00007ffa89800000 - 0x00007ffa89957000 	C:\Windows\System32\ole32.dll
0x00007ffa84830000 - 0x00007ffa848c9000 	C:\Windows\system32\uxtheme.dll
0x00007ffa88520000 - 0x00007ffa885c2000 	C:\Windows\System32\clbcatq.dll
0x00007ffa4c820000 - 0x00007ffa4c8b9000 	C:\Windows\SYSTEM32\dsound.dll
0x00007ffa7c400000 - 0x00007ffa7c472000 	C:\Windows\System32\MMDevApi.dll
0x00007ffa86650000 - 0x00007ffa8667a000 	C:\Windows\System32\DEVOBJ.dll
0x00007ffa79710000 - 0x00007ffa7986d000 	C:\Windows\SYSTEM32\AUDIOSES.DLL
0x00007ffa87e30000 - 0x00007ffa87ef5000 	C:\Windows\System32\OLEAUT32.dll
0x00007ffa81da0000 - 0x00007ffa81ef3000 	C:\Windows\SYSTEM32\wintypes.dll
0x00007ffa81230000 - 0x00007ffa812de000 	C:\Windows\SYSTEM32\mscms.dll
0x00007ffa86780000 - 0x00007ffa867a5000 	C:\Windows\SYSTEM32\USERENV.dll
0x00007ffa81210000 - 0x00007ffa81227000 	C:\Windows\SYSTEM32\ColorAdapterClient.dll
0x00007ffa826c0000 - 0x00007ffa826da000 	C:\Windows\System32\Windows.Internal.Graphics.Display.DisplayColorManagement.dll
0x00007ffa885d0000 - 0x00007ffa88705000 	C:\Windows\System32\MSCTF.dll
0x00007ffa6eae0000 - 0x00007ffa6eb7e000 	C:\Windows\System32\TextInputFramework.dll
0x00007ffa81f00000 - 0x00007ffa8222a000 	C:\Windows\System32\CoreUIComponents.dll
0x00007ffa84460000 - 0x00007ffa84534000 	C:\Windows\System32\CoreMessaging.dll
0x00007ffa85730000 - 0x00007ffa85761000 	C:\Windows\SYSTEM32\ntmarta.dll
0x00007ffa6c0f0000 - 0x00007ffa6c397000 	C:\Windows\System32\iertutil.dll
0x00007ff9f7c40000 - 0x00007ff9f8b57000 	C:\Windows\System32\DriverStore\FileRepository\iigd_dch.inf_amd64_dc945736c722f2b5\ig9icd64.dll
0x00007ffa84bb0000 - 0x00007ffa84bdd000 	C:\Windows\system32\dwmapi.dll
0x00007ffa852d0000 - 0x00007ffa853bb000 	C:\Windows\system32\dxgi.dll
0x00007ffa7c250000 - 0x00007ffa7c3f4000 	C:\Windows\System32\DriverStore\FileRepository\iigd_dch.inf_amd64_dc945736c722f2b5\igdgmm64.dll
0x00007ffa4f760000 - 0x00007ffa4f7a3000 	C:\Windows\SYSTEM32\icm32.dll
0x00007ffa29e60000 - 0x00007ffa2a1bb000 	C:\Windows\System32\DriverStore\FileRepository\iigd_dch.inf_amd64_dc945736c722f2b5\igdml64.dll
0x00007ffa79c40000 - 0x00007ffa7c241000 	C:\Windows\System32\DriverStore\FileRepository\iigd_dch.inf_amd64_dc945736c722f2b5\igc64.dll
0x0000000066b00000 - 0x0000000066b5b000 	C:\Users\StefanieZuccarini\AppData\Local\Temp\libgdxStefanieZuccarini\a14961b7\gdx-box2d64.dll

dbghelp: loaded successfully - version: 4.0.5 - missing functions: none
symbol engine: initialized successfully - sym options: 0x614 - pdb path: .;C:\Program Files\Zulu\zulu-15\bin;C:\Windows\SYSTEM32;C:\Windows\WinSxS\amd64_microsoft.windows.common-controls_6595b64144ccf1df_6.0.18362.1139_none_9e7bf2d3e4605ac6;C:\Program Files\Zulu\zulu-15\bin\server;C:\Users\StefanieZuccarini\AppData\Local\Temp\libgdxStefanieZuccarini\e1cd32f8;C:\Users\StefanieZuccarini\AppData\Local\Temp\libgdxStefanieZuccarini\1cecf4f6;C:\Users\STEFAN~1\AppData\Local\Temp\libgdxStefanieZuccarini\1cecf4f6;C:\Windows\System32\DriverStore\FileRepository\iigd_dch.inf_amd64_dc945736c722f2b5;C:\Users\StefanieZuccarini\AppData\Local\Temp\libgdxStefanieZuccarini\a14961b7

VM Arguments:
jvm_args: -Dfile.encoding=windows-1252 -Duser.country=CA -Duser.language=en -Duser.variant 
java_command: com.mygdx.game.desktop.DesktopLauncher
java_class_path (initial): C:\Users\StefanieZuccarini\Documents\GitHub\PortalGame\PortalGame\desktop\build\classes\java\main;C:\Users\StefanieZuccarini\Documents\GitHub\PortalGame\PortalGame\desktop\build\resources\main;C:\Users\StefanieZuccarini\.gradle\caches\modules-2\files-2.1\com.badlogicgames.gdx\gdx-tools\1.10.0\d699cf4953fb42a071c7c3feb9b5c45601aa6a4b\gdx-tools-1.10.0.jar;C:\Users\StefanieZuccarini\.gradle\caches\modules-2\files-2.1\com.badlogicgames.gdx\gdx-backend-lwjgl\1.10.0\58ff89d9e4fd8a82591367f187d606e781cacc05\gdx-backend-lwjgl-1.10.0.jar;C:\Users\StefanieZuccarini\.gradle\caches\modules-2\files-2.1\com.badlogicgames.gdx\gdx-platform\1.10.0\9a8fa793d2fd6d360afc6c9e4c1f5583da263b88\gdx-platform-1.10.0-natives-desktop.jar;C:\Users\StefanieZuccarini\.gradle\caches\modules-2\files-2.1\com.badlogicgames.gdx\gdx-box2d-platform\1.10.0\588c4191c5a64ed39365e71484aa37d81c38eb5e\gdx-box2d-platform-1.10.0-natives-desktop.jar;C:\Users\StefanieZuccarini\.gradle\caches\modules-2\files-2.1\com.badlogicgames.gdx\gdx-bullet-platform\1.10.0\ce92e8dfc762523d769cbc50853163c03bf98cf1\gdx-bullet-platform-1.10.0-natives-desktop.jar;C:\Users\StefanieZuccarini\.gradle\caches\modules-2\files-2.1\com.badlogicgames.gdx\gdx-freetype-platform\1.10.0\6e5d28752759e69384f12e4569d2c884ff71352f\gdx-freetype-platform-1.10.0-natives-desktop.jar;C:\Users\StefanieZuccarini\Documents\GitHub\PortalGame\PortalGame\core\build\libs\core-1.0.jar;C:\Users\StefanieZuccarini\.gradle\caches\modules-2\files-2.1\com.badlogicgames.gdx\gdx-backend-headless\1.10.0\990eadbb431197c5b9b816d1659c772e0268e65\gdx-backend-headless-1.10.0.jar;C:\Users\StefanieZuccarini\.gradle\caches\modules-2\files-2.1\com.badlogicgames.gdx\gdx-freetype\1.10.0\de1d0d5c1e92e8d91364256fd6b7bb279d3e9859\gdx-freetype-1.10.0.jar;C:\Users\StefanieZuccarini\.gradle\caches\modules-2\files-2.1\com.badlogicgames.box2dlights\box2dlights\1.5\6902dbcd250c95a27973aa24a147a95b3828d348\box2dlights-1.5.jar;C:\Users\StefanieZuccarini\.gradle\
Launcher Type: SUN_STANDARD

[Global flags]
     intx CICompilerCount                          = 4                                         {product} {ergonomic}
     uint ConcGCThreads                            = 2                                         {product} {ergonomic}
     uint G1ConcRefinementThreads                  = 8                                         {product} {ergonomic}
   size_t G1HeapRegionSize                         = 2097152                                   {product} {ergonomic}
    uintx GCDrainStackTargetSize                   = 64                                        {product} {ergonomic}
   size_t InitialHeapSize                          = 266338304                                 {product} {ergonomic}
   size_t MarkStackSize                            = 4194304                                   {product} {ergonomic}
   size_t MaxHeapSize                              = 4246732800                                {product} {ergonomic}
   size_t MaxNewSize                               = 2548039680                                {product} {ergonomic}
   size_t MinHeapDeltaBytes                        = 2097152                                   {product} {ergonomic}
   size_t MinHeapSize                              = 8388608                                   {product} {ergonomic}
    uintx NonNMethodCodeHeapSize                   = 5839372                                {pd product} {ergonomic}
    uintx NonProfiledCodeHeapSize                  = 122909434                              {pd product} {ergonomic}
    uintx ProfiledCodeHeapSize                     = 122909434                              {pd product} {ergonomic}
    uintx ReservedCodeCacheSize                    = 251658240                              {pd product} {ergonomic}
     bool SegmentedCodeCache                       = true                                      {product} {ergonomic}
   size_t SoftMaxHeapSize                          = 4246732800                             {manageable} {ergonomic}
     bool UseCompressedClassPointers               = true                                 {lp64_product} {ergonomic}
     bool UseCompressedOops                        = true                                 {lp64_product} {ergonomic}
     bool UseG1GC                                  = true                                      {product} {ergonomic}
     bool UseLargePagesIndividualAllocation        = false                                  {pd product} {ergonomic}

Logging:
Log output configuration:
 #0: stdout all=warning uptime,level,tags
 #1: stderr all=off uptime,level,tags

Environment Variables:
PATH=C:\Program Files\Zulu\zulu-15\bin\;C:\Program Files\Common Files\Oracle\Java\javapath;C:\Program Files (x86)\Common Files\Oracle\Java\javapath;C:\Windows\system32;C:\Windows;C:\Windows\System32\Wbem;C:\Windows\System32\WindowsPowerShell\v1.0\;C:\Windows\System32\OpenSSH\;C:\Program Files\Git\cmd;C:\Users\StefanieZuccarini\AppData\Local\Microsoft\WindowsApps;C:\Program Files\JetBrains\IntelliJ IDEA Community Edition 2021.3\bin;;C:\Users\StefanieZuccarini\AppData\Local\GitHubDesktop\bin
USERNAME=StefanieZuccarini
OS=Windows_NT
PROCESSOR_IDENTIFIER=Intel64 Family 6 Model 142 Stepping 12, GenuineIntel



---------------  S Y S T E M  ---------------

OS:
 Windows 10 , 64 bit Build 18362 (10.0.18362.1110)
OS uptime: 1 days 16:29 hours

CPU: total 8 (initial active 8) (4 cores per cpu, 2 threads per core) family 6 model 142 stepping 12 microcode 0xca, cmov, cx8, fxsr, mmx, sse, sse2, sse3, ssse3, sse4.1, sse4.2, popcnt, vzeroupper, avx, avx2, aes, clmul, erms, 3dnowpref, lzcnt, ht, tsc, tscinvbit, bmi1, bmi2, adx, fma, clflush, clflushopt

Memory: 4k page, system-wide physical 16198M (7108M free)
TotalPageFile size 20166M (AvailPageFile size 9094M)
current process WorkingSet (physical memory assigned to process): 200M, peak: 224M
current process commit charge ("private bytes"): 462M, peak: 487M

vm_info: OpenJDK 64-Bit Server VM (15.0.5+3-MTS) for windows-amd64 JRE (15.0.5+3-MTS) (Zulu15.36+13-CA), built on Oct  8 2021 11:07:26 by "zulu_re" with MS VC++ 15.9 (VS2017)

END.
