#
# A fatal error has been detected by the Java Runtime Environment:
#
#  EXCEPTION_ACCESS_VIOLATION (0xc0000005) at pc=0x0000000066b21110, pid=16256, tid=23112
#
# JRE version: OpenJDK Runtime Environment Zulu15.36+13-CA (15.0.5+3) (build 15.0.5+3-MTS)
# Java VM: OpenJDK 64-Bit Server VM Zulu15.36+13-CA (15.0.5+3-MTS, mixed mode, sharing, tiered, compressed oops, g1 gc, windows-amd64)
# Problematic frame:
# C  [gdx-box2d64.dll+0x21110]
#
# No core dump will be written. Minidumps are not enabled by default on client versions of Windows
#
# If you would like to submit a bug report, please visit:
#   http://www.azul.com/support/
# The crash happened outside the Java Virtual Machine in native code.
# See problematic frame for where to report the bug.
#

---------------  S U M M A R Y ------------

Command Line: -Dfile.encoding=windows-1252 -Duser.country=CA -Duser.language=en -Duser.variant com.mygdx.game.desktop.DesktopLauncher

Host: 11th Gen Intel(R) Core(TM) i5-1135G7 @ 2.40GHz, 8 cores, 7G,  Windows 10 , 64 bit Build 19041 (10.0.19041.1348)
Time: Wed Jan 19 08:45:27 2022 Eastern Standard Time elapsed time: 16.538440 seconds (0d 0h 0m 16s)

---------------  T H R E A D  ---------------

Current thread (0x0000014b5522fa60):  JavaThread "LWJGL Application" [_thread_in_native, id=23112, stack(0x00000035bc800000,0x00000035bc900000)]

Stack: [0x00000035bc800000,0x00000035bc900000],  sp=0x00000035bc8ff008,  free space=1020k
Native frames: (J=compiled Java code, j=interpreted, Vv=VM code, C=native code)
C  [gdx-box2d64.dll+0x21110]

Java frames: (J=compiled Java code, j=interpreted, Vv=VM code)
j  com.badlogic.gdx.physics.box2d.World.jniDestroyBody(JJ)V+0
j  com.badlogic.gdx.physics.box2d.World.destroyBody(Lcom/badlogic/gdx/physics/box2d/Body;)V+42
j  com.mygdx.game.Entity.dispose()V+16
j  com.mygdx.game.MyGdxGame.dispose()V+82
j  com.badlogic.gdx.backends.lwjgl.LwjglApplication.mainLoop()V+924
j  com.badlogic.gdx.backends.lwjgl.LwjglApplication$1.run()V+27
v  ~StubRoutines::call_stub

siginfo: EXCEPTION_ACCESS_VIOLATION (0xc0000005), writing address 0x0000014b567509a8


Register to memory mapping:

RIP=0x0000000066b21110 gdx-box2d64.dll
RAX=0x0000000066b48840 gdx-box2d64.dll
RBX=0x0000014b567376a0 points into unknown readable memory: 0x0000014b5d970080 | 80 00 97 5d 4b 01 00 00
RCX=0x0000014b567376a0 points into unknown readable memory: 0x0000014b5d970080 | 80 00 97 5d 4b 01 00 00
RDX=0x00000035bc8ff030 is pointing into the stack for thread: 0x0000014b5522fa60
RSP=0x00000035bc8ff008 is pointing into the stack for thread: 0x0000014b5522fa60
RBP=0x00000035bc8ff128 is pointing into the stack for thread: 0x0000014b5522fa60
RSI=0x0000014b56768610 is an unknown value
RDI=0x0000014b3d99a1aa is at code_begin+2346 in an Interpreter codelet
invoke return entry points  [0x0000014b3d999880, 0x0000014b3d99a280]  2560 bytes
R8 =0x0000014b567376a0 points into unknown readable memory: 0x0000014b5d970080 | 80 00 97 5d 4b 01 00 00
R9 =0x0000014b56768610 is an unknown value
R10=0x0000014b3d99f148 is at code_begin+1000 in an Interpreter codelet
method entry point (kind = native)  [0x0000014b3d99ed60, 0x0000014b3d99f7e0]  2688 bytes
R11=0x0000000000000102 is an unknown value
R12=0x0 is NULL
R13={method} {0x0000014b547f4440} 'jniDestroyBody' '(JJ)V' in 'com/badlogic/gdx/physics/box2d/World'
R14=0x00000035bc8ff168 is pointing into the stack for thread: 0x0000014b5522fa60
R15=0x0000014b5522fa60 is a thread


Registers:
RAX=0x0000000066b48840, RBX=0x0000014b567376a0, RCX=0x0000014b567376a0, RDX=0x00000035bc8ff030
RSP=0x00000035bc8ff008, RBP=0x00000035bc8ff128, RSI=0x0000014b56768610, RDI=0x0000014b3d99a1aa
R8 =0x0000014b567376a0, R9 =0x0000014b56768610, R10=0x0000014b3d99f148, R11=0x0000000000000102
R12=0x0000000000000000, R13=0x0000014b547f4438, R14=0x00000035bc8ff168, R15=0x0000014b5522fa60
RIP=0x0000000066b21110, EFLAGS=0x0000000000010202

Top of Stack: (sp=0x00000035bc8ff008)
0x00000035bc8ff008:   0000000066b26a85 00000035bc8ff128
0x00000035bc8ff018:   00007ffc76fae3d7 00000035bc8ff040
0x00000035bc8ff028:   0000014b552227c0 0000000066b487e0
0x00000035bc8ff038:   0000014b5522fd88 00000035bc8ff168
0x00000035bc8ff048:   0000014b5522fa60 0000000066b48840
0x00000035bc8ff058:   0000014b5522fd88 00000035bc8ff168
0x00000035bc8ff068:   0000014b547f4438 0000014b547f4438
0x00000035bc8ff078:   0000014b547f4438 0000000000000158
0x00000035bc8ff088:   0000014b3d99f177 0000014b547f4438
0x00000035bc8ff098:   0000014b5522fa60 0000014b3d99a1aa
0x00000035bc8ff0a8:   0000014b3d99ee5c 0000014b547f4438
0x00000035bc8ff0b8:   0000000000000158 0000014b54863260
0x00000035bc8ff0c8:   0000014b33370000 0000014b3d99a1aa
0x00000035bc8ff0d8:   0000014b3d99ee16 00000035bc8ff0e0
0x00000035bc8ff0e8:   0000014b547f4438 00000035bc8ff168
0x00000035bc8ff0f8:   0000014b548074d0 0000000000000000 

Instructions: (pc=0x0000000066b21110)
0x0000000066b21010:   01 00 00 00 00 00 48 c7 83 78 93 01 00 00 00 00
0x0000000066b21020:   00 48 83 c4 20 5b 5e 5f c3 48 89 c6 48 89 d9 e8
0x0000000066b21030:   ec aa fe ff 48 89 f1 e8 74 50 01 00 48 89 c7 48
0x0000000066b21040:   89 f1 e8 39 b4 fe ff 48 89 fe eb e0 0f 1f 40 00
0x0000000066b21050:   57 56 53 48 83 ec 20 48 8b 81 20 93 01 00 48 89
0x0000000066b21060:   ce 48 85 c0 74 3d 66 2e 0f 1f 84 00 00 00 00 00
0x0000000066b21070:   48 8b 48 70 48 8b 78 68 48 85 c9 74 1e 0f 1f 00
0x0000000066b21080:   c7 41 30 00 00 00 00 48 89 f2 48 8b 59 08 e8 fd
0x0000000066b21090:   e7 ff ff 48 85 db 48 89 d9 75 e5 48 85 ff 48 89
0x0000000066b210a0:   f8 75 cd 48 8d 8e a0 92 01 00 e8 31 25 fe ff 48
0x0000000066b210b0:   8d 8e 80 00 00 00 e8 c5 b3 fe ff 48 89 f1 48 83
0x0000000066b210c0:   c4 20 5b 5e 5f e9 56 aa fe ff 48 8d 8e a0 92 01
0x0000000066b210d0:   00 48 89 c3 e8 07 25 fe ff 48 8d 8e 80 00 00 00
0x0000000066b210e0:   e8 9b b3 fe ff 48 89 f1 e8 33 aa fe ff 48 89 d9
0x0000000066b210f0:   e8 bb 4f 01 00 48 89 c3 eb eb 48 89 c3 eb da 90
0x0000000066b21100:   48 89 91 48 93 01 00 c3 0f 1f 84 00 00 00 00 00
0x0000000066b21110:   48 89 91 08 93 01 00 c3 0f 1f 84 00 00 00 00 00
0x0000000066b21120:   48 89 91 10 93 01 00 c3 0f 1f 84 00 00 00 00 00
0x0000000066b21130:   48 89 91 50 93 01 00 c3 0f 1f 84 00 00 00 00 00
0x0000000066b21140:   57 56 53 48 83 ec 20 f6 81 98 92 01 00 02 48 89
0x0000000066b21150:   ce 48 89 d7 75 5a ba b8 00 00 00 48 89 f1 e8 fd
0x0000000066b21160:   a9 fe ff 48 85 c0 48 89 c3 74 0e 49 89 f0 48 89
0x0000000066b21170:   fa 48 89 c1 e8 97 ce ff ff 48 8b 86 20 93 01 00
0x0000000066b21180:   48 c7 43 60 00 00 00 00 48 85 c0 48 89 43 68 74
0x0000000066b21190:   04 48 89 58 60 83 86 30 93 01 00 01 48 89 d8 48
0x0000000066b211a0:   89 9e 20 93 01 00 48 83 c4 20 5b 5e 5f c3 66 90
0x0000000066b211b0:   48 8d 15 39 37 02 00 48 8d 0d 90 37 02 00 41 b8
0x0000000066b211c0:   6d 00 00 00 e8 07 54 01 00 31 c0 f6 86 98 92 01
0x0000000066b211d0:   00 02 74 82 48 83 c4 20 5b 5e 5f c3 0f 1f 40 00
0x0000000066b211e0:   56 53 48 83 ec 28 f6 81 98 92 01 00 02 48 89 cb
0x0000000066b211f0:   48 89 d6 0f 85 f7 00 00 00 48 89 f1 48 89 da e8
0x0000000066b21200:   6c 28 ff ff 48 89 c1 48 c7 40 10 00 00 00 00 48 


Stack slot to memory mapping:
stack at sp + 0 slots: 0x0000000066b26a85 gdx-box2d64.dll
stack at sp + 1 slots: 0x00000035bc8ff128 is pointing into the stack for thread: 0x0000014b5522fa60
stack at sp + 2 slots: 0x00007ffc76fae3d7 jvm.dll
stack at sp + 3 slots: 0x00000035bc8ff040 is pointing into the stack for thread: 0x0000014b5522fa60
stack at sp + 4 slots: 0x0000014b552227c0 points into unknown readable memory: 0x0000000000000002 | 02 00 00 00 00 00 00 00
stack at sp + 5 slots: 0x0000000066b487e0 gdx-box2d64.dll
stack at sp + 6 slots: 0x0000014b5522fd88 points into unknown readable memory: 0x00007ffc776a6fb0 | b0 6f 6a 77 fc 7f 00 00
stack at sp + 7 slots: 0x00000035bc8ff168 is pointing into the stack for thread: 0x0000014b5522fa60


---------------  P R O C E S S  ---------------

Threads class SMR info:
_java_thread_list=0x0000014b5ca2bbc0, length=13, elements={
0x0000014b5415e0b0, 0x0000014b54160c90, 0x0000014b54177190, 0x0000014b54177a50,
0x0000014b54178b10, 0x0000014b541798f0, 0x0000014b5417b3f0, 0x0000014b5417e2f0,
0x0000014b54ba9d20, 0x0000014b54bb7170, 0x0000014b5522fa60, 0x0000014b3546dd40,
0x0000014b5cc197d0
}

Java Threads: ( => current thread )
  0x0000014b5415e0b0 JavaThread "Reference Handler" daemon [_thread_blocked, id=13284, stack(0x00000035bb900000,0x00000035bba00000)]
  0x0000014b54160c90 JavaThread "Finalizer" daemon [_thread_blocked, id=19808, stack(0x00000035bba00000,0x00000035bbb00000)]
  0x0000014b54177190 JavaThread "Signal Dispatcher" daemon [_thread_blocked, id=4680, stack(0x00000035bbb00000,0x00000035bbc00000)]
  0x0000014b54177a50 JavaThread "Attach Listener" daemon [_thread_blocked, id=19420, stack(0x00000035bbc00000,0x00000035bbd00000)]
  0x0000014b54178b10 JavaThread "Service Thread" daemon [_thread_blocked, id=2476, stack(0x00000035bbd00000,0x00000035bbe00000)]
  0x0000014b541798f0 JavaThread "C2 CompilerThread0" daemon [_thread_blocked, id=3020, stack(0x00000035bbe00000,0x00000035bbf00000)]
  0x0000014b5417b3f0 JavaThread "C1 CompilerThread0" daemon [_thread_blocked, id=24232, stack(0x00000035bbf00000,0x00000035bc000000)]
  0x0000014b5417e2f0 JavaThread "Sweeper thread" daemon [_thread_blocked, id=13208, stack(0x00000035bc000000,0x00000035bc100000)]
  0x0000014b54ba9d20 JavaThread "Notification Thread" daemon [_thread_blocked, id=10184, stack(0x00000035bc100000,0x00000035bc200000)]
  0x0000014b54bb7170 JavaThread "Common-Cleaner" daemon [_thread_blocked, id=24560, stack(0x00000035bc300000,0x00000035bc400000)]
=>0x0000014b5522fa60 JavaThread "LWJGL Application" [_thread_in_native, id=23112, stack(0x00000035bc800000,0x00000035bc900000)]
  0x0000014b3546dd40 JavaThread "DestroyJavaVM" [_thread_blocked, id=22808, stack(0x00000035bb200000,0x00000035bb300000)]
  0x0000014b5cc197d0 JavaThread "LWJGL Timer" daemon [_thread_blocked, id=5100, stack(0x00000035bcd00000,0x00000035bce00000)]

Other Threads:
  0x0000014b5415a820 VMThread "VM Thread" [stack: 0x00000035bb800000,0x00000035bb900000] [id=21792]
  0x0000014b54baf440 WatcherThread [stack: 0x00000035bc200000,0x00000035bc300000] [id=12228]
  0x0000014b354af2f0 GCTaskThread "GC Thread#0" [stack: 0x00000035bb300000,0x00000035bb400000] [id=6364]
  0x0000014b354c0e10 ConcurrentGCThread "G1 Main Marker" [stack: 0x00000035bb400000,0x00000035bb500000] [id=2632]
  0x0000014b354c1a00 ConcurrentGCThread "G1 Conc#0" [stack: 0x00000035bb500000,0x00000035bb600000] [id=5380]
  0x0000014b3554c880 ConcurrentGCThread "G1 Refine#0" [stack: 0x00000035bb600000,0x00000035bb700000] [id=7900]
  0x0000014b3554e330 ConcurrentGCThread "G1 Young RemSet Sampling" [stack: 0x00000035bb700000,0x00000035bb800000] [id=22812]

Threads with active compile tasks:

VM state: not at safepoint (normal execution)

VM Mutex/Monitor currently owned by a thread: None

Heap address: 0x0000000083200000, size: 1998 MB, Compressed Oops mode: 32-bit
CDS archive(s) mapped at: [0x0000000800000000-0x0000000800b50000-0x0000000800b50000), size 11862016, SharedBaseAddress: 0x0000000800000000, ArchiveRelocationMode: 0.
Compressed class space mapped at: 0x0000000800b50000-0x0000000840b50000, size: 1073741824
Narrow klass base: 0x0000000800000000, Narrow klass shift: 3, Narrow klass range: 0x100000000

GC Precious Log:
 CPUs: 8 total, 8 available
 Memory: 7987M
 Large Page Support: Disabled
 NUMA Support: Disabled
 Compressed Oops: Enabled (32-bit)
 Heap Region Size: 1M
 Heap Min Capacity: 8M
 Heap Initial Capacity: 126M
 Heap Max Capacity: 1998M
 Pre-touch: Disabled
 Parallel Workers: 8
 Concurrent Workers: 2
 Concurrent Refinement Workers: 8
 Periodic GC: Disabled

Heap:
 garbage-first heap   total 129024K, used 16384K [0x0000000083200000, 0x0000000100000000)
  region size 1024K, 18 young (18432K), 0 survivors (0K)
 Metaspace       used 5058K, capacity 8062K, committed 8448K, reserved 1056768K
  class space    used 333K, capacity 649K, committed 768K, reserved 1048576K

Heap Regions: E=young(eden), S=young(survivor), O=old, HS=humongous(starts), HC=humongous(continues), CS=collection set, F=free, OA=open archive, CA=closed archive, TAMS=top-at-mark-start (previous, next)
|   0|0x0000000083200000, 0x0000000083200000, 0x0000000083300000|  0%| F|  |TAMS 0x0000000083200000, 0x0000000083200000| Untracked 
|   1|0x0000000083300000, 0x0000000083300000, 0x0000000083400000|  0%| F|  |TAMS 0x0000000083300000, 0x0000000083300000| Untracked 
|   2|0x0000000083400000, 0x0000000083400000, 0x0000000083500000|  0%| F|  |TAMS 0x0000000083400000, 0x0000000083400000| Untracked 
|   3|0x0000000083500000, 0x0000000083500000, 0x0000000083600000|  0%| F|  |TAMS 0x0000000083500000, 0x0000000083500000| Untracked 
|   4|0x0000000083600000, 0x0000000083600000, 0x0000000083700000|  0%| F|  |TAMS 0x0000000083600000, 0x0000000083600000| Untracked 
|   5|0x0000000083700000, 0x0000000083700000, 0x0000000083800000|  0%| F|  |TAMS 0x0000000083700000, 0x0000000083700000| Untracked 
|   6|0x0000000083800000, 0x0000000083800000, 0x0000000083900000|  0%| F|  |TAMS 0x0000000083800000, 0x0000000083800000| Untracked 
|   7|0x0000000083900000, 0x0000000083900000, 0x0000000083a00000|  0%| F|  |TAMS 0x0000000083900000, 0x0000000083900000| Untracked 
|   8|0x0000000083a00000, 0x0000000083a00000, 0x0000000083b00000|  0%| F|  |TAMS 0x0000000083a00000, 0x0000000083a00000| Untracked 
|   9|0x0000000083b00000, 0x0000000083b00000, 0x0000000083c00000|  0%| F|  |TAMS 0x0000000083b00000, 0x0000000083b00000| Untracked 
|  10|0x0000000083c00000, 0x0000000083c00000, 0x0000000083d00000|  0%| F|  |TAMS 0x0000000083c00000, 0x0000000083c00000| Untracked 
|  11|0x0000000083d00000, 0x0000000083d00000, 0x0000000083e00000|  0%| F|  |TAMS 0x0000000083d00000, 0x0000000083d00000| Untracked 
|  12|0x0000000083e00000, 0x0000000083e00000, 0x0000000083f00000|  0%| F|  |TAMS 0x0000000083e00000, 0x0000000083e00000| Untracked 
|  13|0x0000000083f00000, 0x0000000083f00000, 0x0000000084000000|  0%| F|  |TAMS 0x0000000083f00000, 0x0000000083f00000| Untracked 
|  14|0x0000000084000000, 0x0000000084000000, 0x0000000084100000|  0%| F|  |TAMS 0x0000000084000000, 0x0000000084000000| Untracked 
|  15|0x0000000084100000, 0x0000000084100000, 0x0000000084200000|  0%| F|  |TAMS 0x0000000084100000, 0x0000000084100000| Untracked 
|  16|0x0000000084200000, 0x0000000084200000, 0x0000000084300000|  0%| F|  |TAMS 0x0000000084200000, 0x0000000084200000| Untracked 
|  17|0x0000000084300000, 0x0000000084300000, 0x0000000084400000|  0%| F|  |TAMS 0x0000000084300000, 0x0000000084300000| Untracked 
|  18|0x0000000084400000, 0x0000000084400000, 0x0000000084500000|  0%| F|  |TAMS 0x0000000084400000, 0x0000000084400000| Untracked 
|  19|0x0000000084500000, 0x0000000084500000, 0x0000000084600000|  0%| F|  |TAMS 0x0000000084500000, 0x0000000084500000| Untracked 
|  20|0x0000000084600000, 0x0000000084600000, 0x0000000084700000|  0%| F|  |TAMS 0x0000000084600000, 0x0000000084600000| Untracked 
|  21|0x0000000084700000, 0x0000000084700000, 0x0000000084800000|  0%| F|  |TAMS 0x0000000084700000, 0x0000000084700000| Untracked 
|  22|0x0000000084800000, 0x0000000084800000, 0x0000000084900000|  0%| F|  |TAMS 0x0000000084800000, 0x0000000084800000| Untracked 
|  23|0x0000000084900000, 0x0000000084900000, 0x0000000084a00000|  0%| F|  |TAMS 0x0000000084900000, 0x0000000084900000| Untracked 
|  24|0x0000000084a00000, 0x0000000084a00000, 0x0000000084b00000|  0%| F|  |TAMS 0x0000000084a00000, 0x0000000084a00000| Untracked 
|  25|0x0000000084b00000, 0x0000000084b00000, 0x0000000084c00000|  0%| F|  |TAMS 0x0000000084b00000, 0x0000000084b00000| Untracked 
|  26|0x0000000084c00000, 0x0000000084c00000, 0x0000000084d00000|  0%| F|  |TAMS 0x0000000084c00000, 0x0000000084c00000| Untracked 
|  27|0x0000000084d00000, 0x0000000084d00000, 0x0000000084e00000|  0%| F|  |TAMS 0x0000000084d00000, 0x0000000084d00000| Untracked 
|  28|0x0000000084e00000, 0x0000000084e00000, 0x0000000084f00000|  0%| F|  |TAMS 0x0000000084e00000, 0x0000000084e00000| Untracked 
|  29|0x0000000084f00000, 0x0000000084f00000, 0x0000000085000000|  0%| F|  |TAMS 0x0000000084f00000, 0x0000000084f00000| Untracked 
|  30|0x0000000085000000, 0x0000000085000000, 0x0000000085100000|  0%| F|  |TAMS 0x0000000085000000, 0x0000000085000000| Untracked 
|  31|0x0000000085100000, 0x0000000085100000, 0x0000000085200000|  0%| F|  |TAMS 0x0000000085100000, 0x0000000085100000| Untracked 
|  32|0x0000000085200000, 0x0000000085200000, 0x0000000085300000|  0%| F|  |TAMS 0x0000000085200000, 0x0000000085200000| Untracked 
|  33|0x0000000085300000, 0x0000000085300000, 0x0000000085400000|  0%| F|  |TAMS 0x0000000085300000, 0x0000000085300000| Untracked 
|  34|0x0000000085400000, 0x0000000085400000, 0x0000000085500000|  0%| F|  |TAMS 0x0000000085400000, 0x0000000085400000| Untracked 
|  35|0x0000000085500000, 0x0000000085500000, 0x0000000085600000|  0%| F|  |TAMS 0x0000000085500000, 0x0000000085500000| Untracked 
|  36|0x0000000085600000, 0x0000000085600000, 0x0000000085700000|  0%| F|  |TAMS 0x0000000085600000, 0x0000000085600000| Untracked 
|  37|0x0000000085700000, 0x0000000085700000, 0x0000000085800000|  0%| F|  |TAMS 0x0000000085700000, 0x0000000085700000| Untracked 
|  38|0x0000000085800000, 0x0000000085800000, 0x0000000085900000|  0%| F|  |TAMS 0x0000000085800000, 0x0000000085800000| Untracked 
|  39|0x0000000085900000, 0x0000000085900000, 0x0000000085a00000|  0%| F|  |TAMS 0x0000000085900000, 0x0000000085900000| Untracked 
|  40|0x0000000085a00000, 0x0000000085a00000, 0x0000000085b00000|  0%| F|  |TAMS 0x0000000085a00000, 0x0000000085a00000| Untracked 
|  41|0x0000000085b00000, 0x0000000085b00000, 0x0000000085c00000|  0%| F|  |TAMS 0x0000000085b00000, 0x0000000085b00000| Untracked 
|  42|0x0000000085c00000, 0x0000000085c00000, 0x0000000085d00000|  0%| F|  |TAMS 0x0000000085c00000, 0x0000000085c00000| Untracked 
|  43|0x0000000085d00000, 0x0000000085d00000, 0x0000000085e00000|  0%| F|  |TAMS 0x0000000085d00000, 0x0000000085d00000| Untracked 
|  44|0x0000000085e00000, 0x0000000085e00000, 0x0000000085f00000|  0%| F|  |TAMS 0x0000000085e00000, 0x0000000085e00000| Untracked 
|  45|0x0000000085f00000, 0x0000000085f00000, 0x0000000086000000|  0%| F|  |TAMS 0x0000000085f00000, 0x0000000085f00000| Untracked 
|  46|0x0000000086000000, 0x0000000086000000, 0x0000000086100000|  0%| F|  |TAMS 0x0000000086000000, 0x0000000086000000| Untracked 
|  47|0x0000000086100000, 0x0000000086100000, 0x0000000086200000|  0%| F|  |TAMS 0x0000000086100000, 0x0000000086100000| Untracked 
|  48|0x0000000086200000, 0x0000000086200000, 0x0000000086300000|  0%| F|  |TAMS 0x0000000086200000, 0x0000000086200000| Untracked 
|  49|0x0000000086300000, 0x0000000086300000, 0x0000000086400000|  0%| F|  |TAMS 0x0000000086300000, 0x0000000086300000| Untracked 
|  50|0x0000000086400000, 0x0000000086400000, 0x0000000086500000|  0%| F|  |TAMS 0x0000000086400000, 0x0000000086400000| Untracked 
|  51|0x0000000086500000, 0x0000000086500000, 0x0000000086600000|  0%| F|  |TAMS 0x0000000086500000, 0x0000000086500000| Untracked 
|  52|0x0000000086600000, 0x0000000086600000, 0x0000000086700000|  0%| F|  |TAMS 0x0000000086600000, 0x0000000086600000| Untracked 
|  53|0x0000000086700000, 0x0000000086700000, 0x0000000086800000|  0%| F|  |TAMS 0x0000000086700000, 0x0000000086700000| Untracked 
|  54|0x0000000086800000, 0x0000000086800000, 0x0000000086900000|  0%| F|  |TAMS 0x0000000086800000, 0x0000000086800000| Untracked 
|  55|0x0000000086900000, 0x0000000086900000, 0x0000000086a00000|  0%| F|  |TAMS 0x0000000086900000, 0x0000000086900000| Untracked 
|  56|0x0000000086a00000, 0x0000000086a00000, 0x0000000086b00000|  0%| F|  |TAMS 0x0000000086a00000, 0x0000000086a00000| Untracked 
|  57|0x0000000086b00000, 0x0000000086b00000, 0x0000000086c00000|  0%| F|  |TAMS 0x0000000086b00000, 0x0000000086b00000| Untracked 
|  58|0x0000000086c00000, 0x0000000086c00000, 0x0000000086d00000|  0%| F|  |TAMS 0x0000000086c00000, 0x0000000086c00000| Untracked 
|  59|0x0000000086d00000, 0x0000000086d00000, 0x0000000086e00000|  0%| F|  |TAMS 0x0000000086d00000, 0x0000000086d00000| Untracked 
|  60|0x0000000086e00000, 0x0000000086e00000, 0x0000000086f00000|  0%| F|  |TAMS 0x0000000086e00000, 0x0000000086e00000| Untracked 
|  61|0x0000000086f00000, 0x0000000086f00000, 0x0000000087000000|  0%| F|  |TAMS 0x0000000086f00000, 0x0000000086f00000| Untracked 
|  62|0x0000000087000000, 0x0000000087000000, 0x0000000087100000|  0%| F|  |TAMS 0x0000000087000000, 0x0000000087000000| Untracked 
|  63|0x0000000087100000, 0x0000000087100000, 0x0000000087200000|  0%| F|  |TAMS 0x0000000087100000, 0x0000000087100000| Untracked 
|  64|0x0000000087200000, 0x0000000087200000, 0x0000000087300000|  0%| F|  |TAMS 0x0000000087200000, 0x0000000087200000| Untracked 
|  65|0x0000000087300000, 0x0000000087300000, 0x0000000087400000|  0%| F|  |TAMS 0x0000000087300000, 0x0000000087300000| Untracked 
|  66|0x0000000087400000, 0x0000000087400000, 0x0000000087500000|  0%| F|  |TAMS 0x0000000087400000, 0x0000000087400000| Untracked 
|  67|0x0000000087500000, 0x0000000087500000, 0x0000000087600000|  0%| F|  |TAMS 0x0000000087500000, 0x0000000087500000| Untracked 
|  68|0x0000000087600000, 0x0000000087600000, 0x0000000087700000|  0%| F|  |TAMS 0x0000000087600000, 0x0000000087600000| Untracked 
|  69|0x0000000087700000, 0x0000000087700000, 0x0000000087800000|  0%| F|  |TAMS 0x0000000087700000, 0x0000000087700000| Untracked 
|  70|0x0000000087800000, 0x0000000087800000, 0x0000000087900000|  0%| F|  |TAMS 0x0000000087800000, 0x0000000087800000| Untracked 
|  71|0x0000000087900000, 0x0000000087900000, 0x0000000087a00000|  0%| F|  |TAMS 0x0000000087900000, 0x0000000087900000| Untracked 
|  72|0x0000000087a00000, 0x0000000087a00000, 0x0000000087b00000|  0%| F|  |TAMS 0x0000000087a00000, 0x0000000087a00000| Untracked 
|  73|0x0000000087b00000, 0x0000000087b00000, 0x0000000087c00000|  0%| F|  |TAMS 0x0000000087b00000, 0x0000000087b00000| Untracked 
|  74|0x0000000087c00000, 0x0000000087c00000, 0x0000000087d00000|  0%| F|  |TAMS 0x0000000087c00000, 0x0000000087c00000| Untracked 
|  75|0x0000000087d00000, 0x0000000087d00000, 0x0000000087e00000|  0%| F|  |TAMS 0x0000000087d00000, 0x0000000087d00000| Untracked 
|  76|0x0000000087e00000, 0x0000000087e00000, 0x0000000087f00000|  0%| F|  |TAMS 0x0000000087e00000, 0x0000000087e00000| Untracked 
|  77|0x0000000087f00000, 0x0000000087f00000, 0x0000000088000000|  0%| F|  |TAMS 0x0000000087f00000, 0x0000000087f00000| Untracked 
|  78|0x0000000088000000, 0x0000000088000000, 0x0000000088100000|  0%| F|  |TAMS 0x0000000088000000, 0x0000000088000000| Untracked 
|  79|0x0000000088100000, 0x0000000088100000, 0x0000000088200000|  0%| F|  |TAMS 0x0000000088100000, 0x0000000088100000| Untracked 
|  80|0x0000000088200000, 0x0000000088200000, 0x0000000088300000|  0%| F|  |TAMS 0x0000000088200000, 0x0000000088200000| Untracked 
|  81|0x0000000088300000, 0x0000000088300000, 0x0000000088400000|  0%| F|  |TAMS 0x0000000088300000, 0x0000000088300000| Untracked 
|  82|0x0000000088400000, 0x0000000088400000, 0x0000000088500000|  0%| F|  |TAMS 0x0000000088400000, 0x0000000088400000| Untracked 
|  83|0x0000000088500000, 0x0000000088500000, 0x0000000088600000|  0%| F|  |TAMS 0x0000000088500000, 0x0000000088500000| Untracked 
|  84|0x0000000088600000, 0x0000000088600000, 0x0000000088700000|  0%| F|  |TAMS 0x0000000088600000, 0x0000000088600000| Untracked 
|  85|0x0000000088700000, 0x0000000088700000, 0x0000000088800000|  0%| F|  |TAMS 0x0000000088700000, 0x0000000088700000| Untracked 
|  86|0x0000000088800000, 0x0000000088800000, 0x0000000088900000|  0%| F|  |TAMS 0x0000000088800000, 0x0000000088800000| Untracked 
|  87|0x0000000088900000, 0x0000000088900000, 0x0000000088a00000|  0%| F|  |TAMS 0x0000000088900000, 0x0000000088900000| Untracked 
|  88|0x0000000088a00000, 0x0000000088a00000, 0x0000000088b00000|  0%| F|  |TAMS 0x0000000088a00000, 0x0000000088a00000| Untracked 
|  89|0x0000000088b00000, 0x0000000088b00000, 0x0000000088c00000|  0%| F|  |TAMS 0x0000000088b00000, 0x0000000088b00000| Untracked 
|  90|0x0000000088c00000, 0x0000000088c00000, 0x0000000088d00000|  0%| F|  |TAMS 0x0000000088c00000, 0x0000000088c00000| Untracked 
|  91|0x0000000088d00000, 0x0000000088d00000, 0x0000000088e00000|  0%| F|  |TAMS 0x0000000088d00000, 0x0000000088d00000| Untracked 
|  92|0x0000000088e00000, 0x0000000088e00000, 0x0000000088f00000|  0%| F|  |TAMS 0x0000000088e00000, 0x0000000088e00000| Untracked 
|  93|0x0000000088f00000, 0x0000000088f00000, 0x0000000089000000|  0%| F|  |TAMS 0x0000000088f00000, 0x0000000088f00000| Untracked 
|  94|0x0000000089000000, 0x0000000089000000, 0x0000000089100000|  0%| F|  |TAMS 0x0000000089000000, 0x0000000089000000| Untracked 
|  95|0x0000000089100000, 0x0000000089100000, 0x0000000089200000|  0%| F|  |TAMS 0x0000000089100000, 0x0000000089100000| Untracked 
|  96|0x0000000089200000, 0x0000000089200000, 0x0000000089300000|  0%| F|  |TAMS 0x0000000089200000, 0x0000000089200000| Untracked 
|  97|0x0000000089300000, 0x0000000089300000, 0x0000000089400000|  0%| F|  |TAMS 0x0000000089300000, 0x0000000089300000| Untracked 
|  98|0x0000000089400000, 0x0000000089400000, 0x0000000089500000|  0%| F|  |TAMS 0x0000000089400000, 0x0000000089400000| Untracked 
|  99|0x0000000089500000, 0x0000000089500000, 0x0000000089600000|  0%| F|  |TAMS 0x0000000089500000, 0x0000000089500000| Untracked 
| 100|0x0000000089600000, 0x0000000089600000, 0x0000000089700000|  0%| F|  |TAMS 0x0000000089600000, 0x0000000089600000| Untracked 
| 101|0x0000000089700000, 0x0000000089700000, 0x0000000089800000|  0%| F|  |TAMS 0x0000000089700000, 0x0000000089700000| Untracked 
| 102|0x0000000089800000, 0x0000000089800000, 0x0000000089900000|  0%| F|  |TAMS 0x0000000089800000, 0x0000000089800000| Untracked 
| 103|0x0000000089900000, 0x0000000089900000, 0x0000000089a00000|  0%| F|  |TAMS 0x0000000089900000, 0x0000000089900000| Untracked 
| 104|0x0000000089a00000, 0x0000000089a00000, 0x0000000089b00000|  0%| F|  |TAMS 0x0000000089a00000, 0x0000000089a00000| Untracked 
| 105|0x0000000089b00000, 0x0000000089b00000, 0x0000000089c00000|  0%| F|  |TAMS 0x0000000089b00000, 0x0000000089b00000| Untracked 
| 106|0x0000000089c00000, 0x0000000089c00000, 0x0000000089d00000|  0%| F|  |TAMS 0x0000000089c00000, 0x0000000089c00000| Untracked 
| 107|0x0000000089d00000, 0x0000000089d00000, 0x0000000089e00000|  0%| F|  |TAMS 0x0000000089d00000, 0x0000000089d00000| Untracked 
| 108|0x0000000089e00000, 0x0000000089e76440, 0x0000000089f00000| 46%| E|  |TAMS 0x0000000089e00000, 0x0000000089e00000| Complete 
| 109|0x0000000089f00000, 0x000000008a000000, 0x000000008a000000|100%| E|CS|TAMS 0x0000000089f00000, 0x0000000089f00000| Complete 
| 110|0x000000008a000000, 0x000000008a100000, 0x000000008a100000|100%| E|CS|TAMS 0x000000008a000000, 0x000000008a000000| Complete 
| 111|0x000000008a100000, 0x000000008a200000, 0x000000008a200000|100%| E|  |TAMS 0x000000008a100000, 0x000000008a100000| Complete 
| 112|0x000000008a200000, 0x000000008a300000, 0x000000008a300000|100%| E|CS|TAMS 0x000000008a200000, 0x000000008a200000| Complete 
| 113|0x000000008a300000, 0x000000008a400000, 0x000000008a400000|100%| E|CS|TAMS 0x000000008a300000, 0x000000008a300000| Complete 
| 114|0x000000008a400000, 0x000000008a500000, 0x000000008a500000|100%| E|CS|TAMS 0x000000008a400000, 0x000000008a400000| Complete 
| 115|0x000000008a500000, 0x000000008a600000, 0x000000008a600000|100%| E|CS|TAMS 0x000000008a500000, 0x000000008a500000| Complete 
| 116|0x000000008a600000, 0x000000008a700000, 0x000000008a700000|100%| E|CS|TAMS 0x000000008a600000, 0x000000008a600000| Complete 
| 117|0x000000008a700000, 0x000000008a800000, 0x000000008a800000|100%| E|CS|TAMS 0x000000008a700000, 0x000000008a700000| Complete 
| 118|0x000000008a800000, 0x000000008a900000, 0x000000008a900000|100%| E|CS|TAMS 0x000000008a800000, 0x000000008a800000| Complete 
| 119|0x000000008a900000, 0x000000008aa00000, 0x000000008aa00000|100%| E|CS|TAMS 0x000000008a900000, 0x000000008a900000| Complete 
| 120|0x000000008aa00000, 0x000000008ab00000, 0x000000008ab00000|100%| E|CS|TAMS 0x000000008aa00000, 0x000000008aa00000| Complete 
| 121|0x000000008ab00000, 0x000000008ac00000, 0x000000008ac00000|100%| E|CS|TAMS 0x000000008ab00000, 0x000000008ab00000| Complete 
| 122|0x000000008ac00000, 0x000000008ad00000, 0x000000008ad00000|100%| E|CS|TAMS 0x000000008ac00000, 0x000000008ac00000| Complete 
| 123|0x000000008ad00000, 0x000000008ae00000, 0x000000008ae00000|100%| E|CS|TAMS 0x000000008ad00000, 0x000000008ad00000| Complete 
| 124|0x000000008ae00000, 0x000000008af00000, 0x000000008af00000|100%| E|CS|TAMS 0x000000008ae00000, 0x000000008ae00000| Complete 
| 125|0x000000008af00000, 0x000000008b000000, 0x000000008b000000|100%| E|CS|TAMS 0x000000008af00000, 0x000000008af00000| Complete 

Card table byte_map: [0x0000014b4d0b0000,0x0000014b4d4a0000] _byte_map_base: 0x0000014b4cc97000

Marking Bits (Prev, Next): (CMBitMap*) 0x0000014b354b0af0, (CMBitMap*) 0x0000014b354b0b30
 Prev Bits: [0x0000014b4d890000, 0x0000014b4f7c8000)
 Next Bits: [0x0000014b4f7d0000, 0x0000014b51708000)

Polling page: 0x0000014b34c50000

Metaspace:

Usage:
  Non-class:      7.24 MB capacity,     4.61 MB ( 64%) used,     2.62 MB ( 36%) free+waste,     3.63 KB ( <1%) overhead. 
      Class:    649.00 KB capacity,   333.84 KB ( 51%) used,   314.28 KB ( 48%) free+waste,   896 bytes ( <1%) overhead. 
       Both:      7.87 MB capacity,     4.94 MB ( 63%) used,     2.93 MB ( 37%) free+waste,     4.50 KB ( <1%) overhead. 

Virtual space:
  Non-class space:        8.00 MB reserved,       7.50 MB ( 94%) committed 
      Class space:        1.00 GB reserved,     768.00 KB ( <1%) committed 
             Both:        1.01 GB reserved,       8.25 MB ( <1%) committed 

Chunk freelists:
   Non-Class:  139.00 KB
       Class:  23.00 KB
        Both:  162.00 KB

MaxMetaspaceSize: 17179869184.00 GB
CompressedClassSpaceSize: 1.00 GB

CodeHeap 'non-profiled nmethods': size=120000Kb used=507Kb max_used=507Kb free=119492Kb
 bounds [0x0000014b45460000, 0x0000014b456d0000, 0x0000014b4c990000]
CodeHeap 'profiled nmethods': size=120000Kb used=2218Kb max_used=2218Kb free=117781Kb
 bounds [0x0000014b3df30000, 0x0000014b3e1a0000, 0x0000014b45460000]
CodeHeap 'non-nmethods': size=5760Kb used=1298Kb max_used=1326Kb free=4461Kb
 bounds [0x0000014b3d990000, 0x0000014b3dc00000, 0x0000014b3df30000]
 total_blobs=1875 nmethods=1294 adapters=494
 compilation: enabled
              stopped_count=0, restarted_count=0
 full_count=0

Compilation events (20 events):
Event: 12.187 Thread 0x0000014b5417b3f0 nmethod 1284 0x0000014b3e159b10 code [0x0000014b3e159ce0, 0x0000014b3e159ef8]
Event: 12.187 Thread 0x0000014b5417b3f0 1285       3       com.badlogic.gdx.math.Vector2::len (25 bytes)
Event: 12.187 Thread 0x0000014b5417b3f0 nmethod 1285 0x0000014b3e159f90 code [0x0000014b3e15a120, 0x0000014b3e15a258]
Event: 12.187 Thread 0x0000014b5417b3f0 1286       3       com.mygdx.game.Renderer::endRender (8 bytes)
Event: 12.187 Thread 0x0000014b5417b3f0 nmethod 1286 0x0000014b3e15a310 code [0x0000014b3e15a4c0, 0x0000014b3e15a5e8]
Event: 12.985 Thread 0x0000014b541798f0 1287       4       org.lwjgl.opengl.GL11::glDepthMask (19 bytes)
Event: 12.986 Thread 0x0000014b541798f0 nmethod 1287 0x0000014b454dcb10 code [0x0000014b454dcca0, 0x0000014b454dcda8]
Event: 13.217 Thread 0x0000014b541798f0 1288       4       com.badlogic.gdx.math.Matrix4::idt (124 bytes)
Event: 13.218 Thread 0x0000014b541798f0 nmethod 1288 0x0000014b454dcf10 code [0x0000014b454dd080, 0x0000014b454dd158]
Event: 14.200 Thread 0x0000014b541798f0 1289       4       java.util.HashMap::get (19 bytes)
Event: 14.204 Thread 0x0000014b541798f0 nmethod 1289 0x0000014b454dd210 code [0x0000014b454dd3c0, 0x0000014b454dd978]
Event: 14.309 Thread 0x0000014b5417b3f0 1290       3       org.lwjgl.opengl.WindowsKeyboard::isKeyPressed (13 bytes)
Event: 14.309 Thread 0x0000014b5417b3f0 nmethod 1290 0x0000014b3e15a690 code [0x0000014b3e15a820, 0x0000014b3e15a958]
Event: 15.677 Thread 0x0000014b541798f0 1291       4       java.nio.ByteBuffer::flip (7 bytes)
Event: 15.678 Thread 0x0000014b541798f0 nmethod 1291 0x0000014b454ddd10 code [0x0000014b454dde80, 0x0000014b454ddef8]
Event: 15.761 Thread 0x0000014b541798f0 1292       4       java.nio.ByteBuffer::position (8 bytes)
Event: 15.762 Thread 0x0000014b541798f0 nmethod 1292 0x0000014b454de010 code [0x0000014b454de180, 0x0000014b454de238]
Event: 16.427 Thread 0x0000014b541798f0 1293   !   4       java.nio.DirectIntBufferU::put (36 bytes)
Event: 16.428 Thread 0x0000014b541798f0 nmethod 1293 0x0000014b454de310 code [0x0000014b454de480, 0x0000014b454de558]
Event: 16.532 Thread 0x0000014b541798f0 1294       4       java.io.WinNTFileSystem::normalize (143 bytes)

GC Heap History (0 events):
No events

Deoptimization events (20 events):
Event: 1.650 Thread 0x0000014b5522fa60 DEOPT PACKING pc=0x0000014b3e0839b9 sp=0x00000035bc8fef80
Event: 1.650 Thread 0x0000014b5522fa60 DEOPT UNPACKING pc=0x0000014b3d9df6cf sp=0x00000035bc8fe3a8 mode 0
Event: 1.667 Thread 0x0000014b5522fa60 DEOPT PACKING pc=0x0000014b3e0839b9 sp=0x00000035bc8fef80
Event: 1.667 Thread 0x0000014b5522fa60 DEOPT UNPACKING pc=0x0000014b3d9df6cf sp=0x00000035bc8fe3a8 mode 0
Event: 1.668 Thread 0x0000014b5522fa60 DEOPT PACKING pc=0x0000014b3e0839b9 sp=0x00000035bc8fef80
Event: 1.668 Thread 0x0000014b5522fa60 DEOPT UNPACKING pc=0x0000014b3d9df6cf sp=0x00000035bc8fe3a8 mode 0
Event: 1.783 Thread 0x0000014b5522fa60 DEOPT PACKING pc=0x0000014b3e097112 sp=0x00000035bc8ff120
Event: 1.783 Thread 0x0000014b5522fa60 DEOPT UNPACKING pc=0x0000014b3d9df6cf sp=0x00000035bc8fe6a8 mode 0
Event: 1.815 Thread 0x0000014b5522fa60 DEOPT PACKING pc=0x0000014b3e097112 sp=0x00000035bc8ff120
Event: 1.815 Thread 0x0000014b5522fa60 DEOPT UNPACKING pc=0x0000014b3d9df6cf sp=0x00000035bc8fe6a8 mode 0
Event: 1.832 Thread 0x0000014b5522fa60 DEOPT PACKING pc=0x0000014b3e097112 sp=0x00000035bc8ff120
Event: 1.832 Thread 0x0000014b5522fa60 DEOPT UNPACKING pc=0x0000014b3d9df6cf sp=0x00000035bc8fe6a8 mode 0
Event: 1.848 Thread 0x0000014b5522fa60 DEOPT PACKING pc=0x0000014b3e097112 sp=0x00000035bc8ff120
Event: 1.848 Thread 0x0000014b5522fa60 DEOPT UNPACKING pc=0x0000014b3d9df6cf sp=0x00000035bc8fe6a8 mode 0
Event: 1.882 Thread 0x0000014b5522fa60 DEOPT PACKING pc=0x0000014b3e097112 sp=0x00000035bc8ff120
Event: 1.882 Thread 0x0000014b5522fa60 DEOPT UNPACKING pc=0x0000014b3d9df6cf sp=0x00000035bc8fe6a8 mode 0
Event: 1.898 Thread 0x0000014b5522fa60 DEOPT PACKING pc=0x0000014b3e097112 sp=0x00000035bc8ff120
Event: 1.898 Thread 0x0000014b5522fa60 DEOPT UNPACKING pc=0x0000014b3d9df6cf sp=0x00000035bc8fe6a8 mode 0
Event: 1.916 Thread 0x0000014b5522fa60 DEOPT PACKING pc=0x0000014b3e097112 sp=0x00000035bc8ff120
Event: 1.916 Thread 0x0000014b5522fa60 DEOPT UNPACKING pc=0x0000014b3d9df6cf sp=0x00000035bc8fe6a8 mode 0

Classes unloaded (0 events):
No events

Classes redefined (0 events):
No events

Internal exceptions (0 events):
No events

Events (20 events):
Event: 1.918 Loaded shared library C:\Users\spenc\AppData\Local\Temp\libgdxspenc\1cecf4f6\lwjgl64.dll
Event: 2.100 Loaded shared library C:\Users\spenc\AppData\Local\Temp\libgdxspenc\1cecf4f6\lwjgl64.dll
Event: 2.205 Loaded shared library C:\Program Files\Zulu\zulu-15\bin\java.dll
Event: 2.318 Loaded shared library C:\Users\spenc\AppData\Local\Temp\libgdxspenc\1cecf4f6\lwjgl64.dll
Event: 2.484 Loaded shared library C:\Users\spenc\AppData\Local\Temp\libgdxspenc\1cecf4f6\lwjgl64.dll
Event: 2.507 Executing VM operation: HandshakeAllThreads
Event: 2.507 Executing VM operation: HandshakeAllThreads done
Event: 2.701 Loaded shared library C:\Users\spenc\AppData\Local\Temp\libgdxspenc\1cecf4f6\lwjgl64.dll
Event: 2.702 Loaded shared library C:\Users\spenc\AppData\Local\Temp\libgdxspenc\1cecf4f6\lwjgl64.dll
Event: 2.801 Loaded shared library C:\Users\spenc\AppData\Local\Temp\libgdxspenc\1cecf4f6\lwjgl64.dll
Event: 3.117 Loaded shared library C:\Program Files\Zulu\zulu-15\bin\java.dll
Event: 3.118 Loaded shared library C:\Users\spenc\AppData\Local\Temp\libgdxspenc\1cecf4f6\lwjgl64.dll
Event: 3.118 Loaded shared library C:\Users\spenc\AppData\Local\Temp\libgdxspenc\1cecf4f6\lwjgl64.dll
Event: 3.768 Loaded shared library C:\Users\spenc\AppData\Local\Temp\libgdxspenc\1cecf4f6\lwjgl64.dll
Event: 3.768 Loaded shared library C:\Users\spenc\AppData\Local\Temp\libgdxspenc\1cecf4f6\lwjgl64.dll
Event: 5.750 Loaded shared library C:\Users\spenc\AppData\Local\Temp\libgdxspenc\1cecf4f6\lwjgl64.dll
Event: 9.466 Loaded shared library C:\Users\spenc\AppData\Local\Temp\libgdxspenc\1cecf4f6\lwjgl64.dll
Event: 10.017 Loaded shared library C:\Users\spenc\AppData\Local\Temp\libgdxspenc\e1cd32f8\gdx64.dll
Event: 10.033 Loaded shared library C:\Users\spenc\AppData\Local\Temp\libgdxspenc\1cecf4f6\lwjgl64.dll
Event: 10.034 Loaded shared library C:\Users\spenc\AppData\Local\Temp\libgdxspenc\1cecf4f6\lwjgl64.dll


Dynamic libraries:
0x00007ff673420000 - 0x00007ff67342d000 	C:\Program Files\Zulu\zulu-15\bin\java.exe
0x00007ffce0190000 - 0x00007ffce0385000 	C:\Windows\SYSTEM32\ntdll.dll
0x00007ffcde3e0000 - 0x00007ffcde49e000 	C:\Windows\System32\KERNEL32.DLL
0x00007ffcddae0000 - 0x00007ffcddda8000 	C:\Windows\System32\KERNELBASE.dll
0x00007ffcde0d0000 - 0x00007ffcde1d0000 	C:\Windows\System32\ucrtbase.dll
0x00007ffca78a0000 - 0x00007ffca78b8000 	C:\Program Files\Zulu\zulu-15\bin\jli.dll
0x00007ffca7880000 - 0x00007ffca7895000 	C:\Program Files\Zulu\zulu-15\bin\VCRUNTIME140.dll
0x00007ffcdee30000 - 0x00007ffcdefd1000 	C:\Windows\System32\USER32.dll
0x00007ffcddab0000 - 0x00007ffcddad2000 	C:\Windows\System32\win32u.dll
0x00007ffcde9f0000 - 0x00007ffcdea1b000 	C:\Windows\System32\GDI32.dll
0x00007ffcc6c60000 - 0x00007ffcc6efa000 	C:\Windows\WinSxS\amd64_microsoft.windows.common-controls_6595b64144ccf1df_6.0.19041.1110_none_60b5254171f9507e\COMCTL32.dll
0x00007ffcdd8f0000 - 0x00007ffcdd9fd000 	C:\Windows\System32\gdi32full.dll
0x00007ffce0000000 - 0x00007ffce009e000 	C:\Windows\System32\msvcrt.dll
0x00007ffcde030000 - 0x00007ffcde0cd000 	C:\Windows\System32\msvcp_win.dll
0x00007ffce00a0000 - 0x00007ffce00d0000 	C:\Windows\System32\IMM32.DLL
0x00007ffc82b40000 - 0x00007ffc82bdb000 	C:\Program Files\Zulu\zulu-15\bin\msvcp140.dll
0x00007ffc76c80000 - 0x00007ffc77812000 	C:\Program Files\Zulu\zulu-15\bin\server\jvm.dll
0x00007ffcdf710000 - 0x00007ffcdf7bc000 	C:\Windows\System32\ADVAPI32.dll
0x00007ffcde8a0000 - 0x00007ffcde93b000 	C:\Windows\System32\sechost.dll
0x00007ffcde4a0000 - 0x00007ffcde5ca000 	C:\Windows\System32\RPCRT4.dll
0x00007ffcdee00000 - 0x00007ffcdee08000 	C:\Windows\System32\PSAPI.DLL
0x00007ffc6c6c0000 - 0x00007ffc6c6c9000 	C:\Windows\SYSTEM32\WSOCK32.dll
0x00007ffccf0e0000 - 0x00007ffccf0ea000 	C:\Windows\SYSTEM32\VERSION.dll
0x00007ffcbb800000 - 0x00007ffcbb827000 	C:\Windows\SYSTEM32\WINMM.dll
0x00007ffce00d0000 - 0x00007ffce013b000 	C:\Windows\System32\WS2_32.dll
0x00007ffcdc120000 - 0x00007ffcdc132000 	C:\Windows\SYSTEM32\kernel.appcore.dll
0x00007ffcd6890000 - 0x00007ffcd689a000 	C:\Program Files\Zulu\zulu-15\bin\jimage.dll
0x00007ffcdb2d0000 - 0x00007ffcdb4b4000 	C:\Windows\SYSTEM32\DBGHELP.DLL
0x00007ffcc3ca0000 - 0x00007ffcc3ccc000 	C:\Windows\SYSTEM32\dbgcore.DLL
0x00007ffcddf70000 - 0x00007ffcddff2000 	C:\Windows\System32\bcryptPrimitives.dll
0x00007ffca5e80000 - 0x00007ffca5ea5000 	C:\Program Files\Zulu\zulu-15\bin\java.dll
0x00007ffcdf820000 - 0x00007ffcdff64000 	C:\Windows\System32\SHELL32.dll
0x00007ffcdb970000 - 0x00007ffcdc104000 	C:\Windows\SYSTEM32\windows.storage.dll
0x00007ffcdea20000 - 0x00007ffcded75000 	C:\Windows\System32\combase.dll
0x00007ffcdd2f0000 - 0x00007ffcdd31e000 	C:\Windows\SYSTEM32\Wldp.dll
0x00007ffcdf460000 - 0x00007ffcdf50d000 	C:\Windows\System32\SHCORE.dll
0x00007ffcdf650000 - 0x00007ffcdf6a5000 	C:\Windows\System32\shlwapi.dll
0x00007ffcdd7e0000 - 0x00007ffcdd7ff000 	C:\Windows\SYSTEM32\profapi.dll
0x00007ffca7860000 - 0x00007ffca7879000 	C:\Program Files\Zulu\zulu-15\bin\net.dll
0x00007ffcd4720000 - 0x00007ffcd482c000 	C:\Windows\SYSTEM32\WINHTTP.dll
0x00007ffcdd050000 - 0x00007ffcdd0ba000 	C:\Windows\system32\mswsock.dll
0x00007ffca5e60000 - 0x00007ffca5e72000 	C:\Program Files\Zulu\zulu-15\bin\nio.dll
0x00007ffc93df0000 - 0x00007ffc93e08000 	C:\Program Files\Zulu\zulu-15\bin\zip.dll
0x000000006e700000 - 0x000000006e72a000 	C:\Users\spenc\AppData\Local\Temp\libgdxspenc\e1cd32f8\gdx64.dll
0x00007ffcae5c0000 - 0x00007ffcae5d0000 	C:\Program Files\Zulu\zulu-15\bin\verify.dll
0x0000000180000000 - 0x0000000180053000 	C:\Users\spenc\AppData\Local\Temp\libgdxspenc\1cecf4f6\lwjgl64.dll
0x00007ffc9f620000 - 0x00007ffc9f745000 	C:\Windows\SYSTEM32\OPENGL32.dll
0x00007ffca0ab0000 - 0x00007ffca0adc000 	C:\Windows\SYSTEM32\GLU32.dll
0x0000014b556d0000 - 0x0000014b55734000 	C:\Users\spenc\AppData\Local\Temp\libgdxspenc\1cecf4f6\OpenAL64.dll
0x00007ffcdf520000 - 0x00007ffcdf64a000 	C:\Windows\System32\ole32.dll
0x00007ffcd7210000 - 0x00007ffcd72ae000 	C:\Windows\system32\uxtheme.dll
0x00007ffcde940000 - 0x00007ffcde9e9000 	C:\Windows\System32\clbcatq.dll
0x00007ffc82270000 - 0x00007ffc8230c000 	C:\Windows\SYSTEM32\dsound.dll
0x00007ffcdce10000 - 0x00007ffcdce5b000 	C:\Windows\SYSTEM32\powrprof.dll
0x00007ffcc3b10000 - 0x00007ffcc3b36000 	C:\Windows\SYSTEM32\winmmbase.dll
0x00007ffcdccd0000 - 0x00007ffcdcce2000 	C:\Windows\SYSTEM32\UMPDC.dll
0x00007ffcd2640000 - 0x00007ffcd26c5000 	C:\Windows\System32\MMDevApi.dll
0x00007ffcdd640000 - 0x00007ffcdd674000 	C:\Windows\System32\DEVOBJ.dll
0x00007ffcdd8a0000 - 0x00007ffcdd8ee000 	C:\Windows\System32\cfgmgr32.dll
0x00007ffcd2740000 - 0x00007ffcd28c1000 	C:\Windows\SYSTEM32\AUDIOSES.DLL
0x00007ffcde5d0000 - 0x00007ffcde69d000 	C:\Windows\System32\OLEAUT32.dll
0x00007ffcdb030000 - 0x00007ffcdb044000 	C:\Windows\SYSTEM32\resourcepolicyclient.dll
0x00007ffcd3c60000 - 0x00007ffcd3d0e000 	C:\Windows\SYSTEM32\mscms.dll
0x00007ffcdd7a0000 - 0x00007ffcdd7ce000 	C:\Windows\SYSTEM32\USERENV.dll
0x00007ffcd3a50000 - 0x00007ffcd3a61000 	C:\Windows\SYSTEM32\ColorAdapterClient.dll
0x00007ffccfd30000 - 0x00007ffccfd74000 	C:\Windows\System32\Windows.Internal.Graphics.Display.DisplayColorManagement.dll
0x00007ffcde6a0000 - 0x00007ffcde7b5000 	C:\Windows\System32\MSCTF.dll
0x00007ffccec60000 - 0x00007ffcced59000 	C:\Windows\SYSTEM32\textinputframework.dll
0x00007ffcd6060000 - 0x00007ffcd63be000 	C:\Windows\System32\CoreUIComponents.dll
0x00007ffcd6740000 - 0x00007ffcd6832000 	C:\Windows\System32\CoreMessaging.dll
0x00007ffcd4ba0000 - 0x00007ffcd4cf4000 	C:\Windows\SYSTEM32\wintypes.dll
0x00007ffcdc5d0000 - 0x00007ffcdc603000 	C:\Windows\SYSTEM32\ntmarta.dll
0x00007ffcd1f90000 - 0x00007ffcd1ff6000 	C:\Windows\system32\Oleacc.dll
0x00007ffcd1460000 - 0x00007ffcd1559000 	C:\Windows\System32\AppXDeploymentClient.dll
0x00007ffc50100000 - 0x00007ffc51106000 	C:\Windows\System32\DriverStore\FileRepository\iigd_dch.inf_amd64_fe923c94e9ba883c\igxelpicd64.dll
0x00007ffcdb000000 - 0x00007ffcdb02f000 	C:\Windows\system32\dwmapi.dll
0x00007ffcdc190000 - 0x00007ffcdc284000 	C:\Windows\system32\dxgi.dll
0x00007ffc76600000 - 0x00007ffc76a9e000 	C:\Windows\System32\DriverStore\FileRepository\iigd_dch.inf_amd64_fe923c94e9ba883c\igdml64.dll
0x00007ffccb800000 - 0x00007ffccbbc1000 	C:\Windows\System32\DriverStore\FileRepository\iigd_dch.inf_amd64_fe923c94e9ba883c\igdgmm64.dll
0x00007ffc93d20000 - 0x00007ffc93d63000 	C:\Windows\SYSTEM32\icm32.dll
0x00007ffcc8300000 - 0x00007ffccb560000 	C:\Windows\System32\DriverStore\FileRepository\iigd_dch.inf_amd64_fe923c94e9ba883c\igc64.dll
0x0000000066b00000 - 0x0000000066b5b000 	C:\Users\spenc\AppData\Local\Temp\libgdxspenc\a14961b7\gdx-box2d64.dll

dbghelp: loaded successfully - version: 4.0.5 - missing functions: none
symbol engine: initialized successfully - sym options: 0x614 - pdb path: .;C:\Program Files\Zulu\zulu-15\bin;C:\Windows\SYSTEM32;C:\Windows\WinSxS\amd64_microsoft.windows.common-controls_6595b64144ccf1df_6.0.19041.1110_none_60b5254171f9507e;C:\Program Files\Zulu\zulu-15\bin\server;C:\Users\spenc\AppData\Local\Temp\libgdxspenc\e1cd32f8;C:\Users\spenc\AppData\Local\Temp\libgdxspenc\1cecf4f6;C:\Windows\System32\DriverStore\FileRepository\iigd_dch.inf_amd64_fe923c94e9ba883c;C:\Users\spenc\AppData\Local\Temp\libgdxspenc\a14961b7

VM Arguments:
jvm_args: -Dfile.encoding=windows-1252 -Duser.country=CA -Duser.language=en -Duser.variant 
java_command: com.mygdx.game.desktop.DesktopLauncher
java_class_path (initial): C:\Users\spenc\OneDrive\Documents\GitHub\PortalGame\PortalGame\desktop\build\classes\java\main;C:\Users\spenc\OneDrive\Documents\GitHub\PortalGame\PortalGame\desktop\build\resources\main;C:\Users\spenc\.gradle\caches\modules-2\files-2.1\com.badlogicgames.gdx\gdx-tools\1.10.0\d699cf4953fb42a071c7c3feb9b5c45601aa6a4b\gdx-tools-1.10.0.jar;C:\Users\spenc\.gradle\caches\modules-2\files-2.1\com.badlogicgames.gdx\gdx-backend-lwjgl\1.10.0\58ff89d9e4fd8a82591367f187d606e781cacc05\gdx-backend-lwjgl-1.10.0.jar;C:\Users\spenc\.gradle\caches\modules-2\files-2.1\com.badlogicgames.gdx\gdx-platform\1.10.0\9a8fa793d2fd6d360afc6c9e4c1f5583da263b88\gdx-platform-1.10.0-natives-desktop.jar;C:\Users\spenc\.gradle\caches\modules-2\files-2.1\com.badlogicgames.gdx\gdx-box2d-platform\1.10.0\588c4191c5a64ed39365e71484aa37d81c38eb5e\gdx-box2d-platform-1.10.0-natives-desktop.jar;C:\Users\spenc\.gradle\caches\modules-2\files-2.1\com.badlogicgames.gdx\gdx-bullet-platform\1.10.0\ce92e8dfc762523d769cbc50853163c03bf98cf1\gdx-bullet-platform-1.10.0-natives-desktop.jar;C:\Users\spenc\.gradle\caches\modules-2\files-2.1\com.badlogicgames.gdx\gdx-freetype-platform\1.10.0\6e5d28752759e69384f12e4569d2c884ff71352f\gdx-freetype-platform-1.10.0-natives-desktop.jar;C:\Users\spenc\OneDrive\Documents\GitHub\PortalGame\PortalGame\core\build\libs\core-1.0.jar;C:\Users\spenc\.gradle\caches\modules-2\files-2.1\com.badlogicgames.gdx\gdx-backend-headless\1.10.0\990eadbb431197c5b9b816d1659c772e0268e65\gdx-backend-headless-1.10.0.jar;C:\Users\spenc\.gradle\caches\modules-2\files-2.1\com.badlogicgames.gdx\gdx-freetype\1.10.0\de1d0d5c1e92e8d91364256fd6b7bb279d3e9859\gdx-freetype-1.10.0.jar;C:\Users\spenc\.gradle\caches\modules-2\files-2.1\com.badlogicgames.box2dlights\box2dlights\1.5\6902dbcd250c95a27973aa24a147a95b3828d348\box2dlights-1.5.jar;C:\Users\spenc\.gradle\caches\modules-2\files-2.1\com.badlogicgames.gdx\gdx-box2d\1.10.0\b3a3c0f00b90716238835434d0ae8985604c37f8\gdx-box2d-1.10.0.jar;C
Launcher Type: SUN_STANDARD

[Global flags]
     intx CICompilerCount                          = 4                                         {product} {ergonomic}
     uint ConcGCThreads                            = 2                                         {product} {ergonomic}
     uint G1ConcRefinementThreads                  = 8                                         {product} {ergonomic}
   size_t G1HeapRegionSize                         = 1048576                                   {product} {ergonomic}
    uintx GCDrainStackTargetSize                   = 64                                        {product} {ergonomic}
   size_t InitialHeapSize                          = 132120576                                 {product} {ergonomic}
   size_t MarkStackSize                            = 4194304                                   {product} {ergonomic}
   size_t MaxHeapSize                              = 2095054848                                {product} {ergonomic}
   size_t MaxNewSize                               = 1256194048                                {product} {ergonomic}
   size_t MinHeapDeltaBytes                        = 1048576                                   {product} {ergonomic}
   size_t MinHeapSize                              = 8388608                                   {product} {ergonomic}
    uintx NonNMethodCodeHeapSize                   = 5839372                                {pd product} {ergonomic}
    uintx NonProfiledCodeHeapSize                  = 122909434                              {pd product} {ergonomic}
    uintx ProfiledCodeHeapSize                     = 122909434                              {pd product} {ergonomic}
    uintx ReservedCodeCacheSize                    = 251658240                              {pd product} {ergonomic}
     bool SegmentedCodeCache                       = true                                      {product} {ergonomic}
   size_t SoftMaxHeapSize                          = 2095054848                             {manageable} {ergonomic}
     bool UseCompressedClassPointers               = true                                 {lp64_product} {ergonomic}
     bool UseCompressedOops                        = true                                 {lp64_product} {ergonomic}
     bool UseG1GC                                  = true                                      {product} {ergonomic}
     bool UseLargePagesIndividualAllocation        = false                                  {pd product} {ergonomic}

Logging:
Log output configuration:
 #0: stdout all=warning uptime,level,tags
 #1: stderr all=off uptime,level,tags

Environment Variables:
JAVA_HOME=C:\Program Files\Java\jdk1.8.0_311
PATH=C:\Program Files\Zulu\zulu-15\bin\;C:\Program Files (x86)\Common Files\Oracle\Java\javapath;C:\Windows\system32;C:\Windows;C:\Windows\System32\Wbem;C:\Windows\System32\WindowsPowerShell\v1.0\;C:\Windows\System32\OpenSSH\;C:\Program Files\Git\cmd;C:\Users\spenc\AppData\Local\Microsoft\WindowsApps;C:\Users\spenc\AppData\Local\GitHubDesktop\bin;C:\Program Files\JetBrains\IntelliJ IDEA Community Edition 2021.3\bin;
USERNAME=spenc
OS=Windows_NT
PROCESSOR_IDENTIFIER=Intel64 Family 6 Model 140 Stepping 1, GenuineIntel



---------------  S Y S T E M  ---------------

OS:
 Windows 10 , 64 bit Build 19041 (10.0.19041.1348)
OS uptime: 4 days 9:50 hours

CPU: total 8 (initial active 8) (4 cores per cpu, 2 threads per core) family 6 model 140 stepping 1 microcode 0x78, cmov, cx8, fxsr, mmx, sse, sse2, sse3, ssse3, sse4.1, sse4.2, popcnt, vzeroupper, avx, avx2, aes, clmul, erms, 3dnowpref, lzcnt, ht, tsc, tscinvbit, bmi1, bmi2, adx, avx512f, avx512dq, avx512cd, avx512bw, avx512vl, avx512_vpopcntdq, avx512_vpclmulqdq, avx512_vbmi, avx512_vbmi2, avx512_vaes, avx512_vnni, sha, fma, clflush, clflushopt, clwb

Memory: 4k page, system-wide physical 7987M (642M free)
TotalPageFile size 23347M (AvailPageFile size 12093M)
current process WorkingSet (physical memory assigned to process): 172M, peak: 197M
current process commit charge ("private bytes"): 295M, peak: 320M

vm_info: OpenJDK 64-Bit Server VM (15.0.5+3-MTS) for windows-amd64 JRE (15.0.5+3-MTS) (Zulu15.36+13-CA), built on Oct  8 2021 11:07:26 by "zulu_re" with MS VC++ 15.9 (VS2017)

END.
