#
# A fatal error has been detected by the Java Runtime Environment:
#
#  EXCEPTION_ACCESS_VIOLATION (0xc0000005) at pc=0x0000000066b1fcd9, pid=26664, tid=26240
#
# JRE version: OpenJDK Runtime Environment Zulu15.36+13-CA (15.0.5+3) (build 15.0.5+3-MTS)
# Java VM: OpenJDK 64-Bit Server VM Zulu15.36+13-CA (15.0.5+3-MTS, mixed mode, sharing, tiered, compressed oops, g1 gc, windows-amd64)
# Problematic frame:
# C  [gdx-box2d64.dll+0x1fcd9]
#
# No core dump will be written. Minidumps are not enabled by default on client versions of Windows
#
# If you would like to submit a bug report, please visit:
#   http://www.azul.com/support/
# The crash happened outside the Java Virtual Machine in native code.
# See problematic frame for where to report the bug.
#

---------------  S U M M A R Y ------------

Command Line: -Dfile.encoding=windows-1252 -Duser.country=CA -Duser.language=en -Duser.variant com.mygdx.game.desktop.DesktopLauncher

Host: Intel(R) Core(TM) i7-10700F CPU @ 2.90GHz, 16 cores, 15G,  Windows 10 , 64 bit Build 19041 (10.0.19041.1348)
Time: Mon Dec 20 23:02:10 2021 Eastern Standard Time elapsed time: 13.994705 seconds (0d 0h 0m 13s)

---------------  T H R E A D  ---------------

Current thread (0x00000179c2193cc0):  JavaThread "LWJGL Application" [_thread_in_native, id=26240, stack(0x000000791f400000,0x000000791f500000)]

Stack: [0x000000791f400000,0x000000791f500000],  sp=0x000000791f4fec18,  free space=1019k
Native frames: (J=compiled Java code, j=interpreted, Vv=VM code, C=native code)
C  [gdx-box2d64.dll+0x1fcd9]

Java frames: (J=compiled Java code, j=interpreted, Vv=VM code)
j  com.badlogic.gdx.physics.box2d.Fixture.jniSetSensor(JZ)V+0
j  com.badlogic.gdx.physics.box2d.Fixture.setSensor(Z)V+6
j  com.mygdx.game.Portal.reset(Lcom/badlogic/gdx/physics/box2d/World;Lcom/badlogic/gdx/physics/box2d/Fixture;)V+118
j  com.mygdx.game.Portals.setPortal(Lcom/badlogic/gdx/physics/box2d/World;ILcom/badlogic/gdx/math/Vector2;Lcom/badlogic/gdx/math/Vector2;ZLcom/badlogic/gdx/physics/box2d/Fixture;)V+80
j  com.mygdx.game.Player.shootPortal(I)V+300
j  com.mygdx.game.Player.access$400(Lcom/mygdx/game/Player;I)V+2
j  com.mygdx.game.Player$2.touchDown(IIII)Z+21
J 1231 c1 com.badlogic.gdx.InputEventQueue.drain(Lcom/badlogic/gdx/InputProcessor;)V (379 bytes) @ 0x00000179a5ab98b4 [0x00000179a5ab8de0+0x0000000000000ad4]
J 1230 c1 com.badlogic.gdx.backends.lwjgl.DefaultLwjglInput.processEvents()V (12 bytes) @ 0x00000179a5abb5dc [0x00000179a5abb540+0x000000000000009c]
j  com.badlogic.gdx.backends.lwjgl.LwjglApplication.mainLoop()V+663
j  com.badlogic.gdx.backends.lwjgl.LwjglApplication$1.run()V+27
v  ~StubRoutines::call_stub

siginfo: EXCEPTION_ACCESS_VIOLATION (0xc0000005), reading address 0x0000000000000004


Register to memory mapping:

RIP=0x0000000066b1fcd9 gdx-box2d64.dll
RAX=0x0000000066b25fd0 gdx-box2d64.dll
RBX={method} {0x00000179c168bea0} 'jniSetSensor' '(JZ)V' in 'com/badlogic/gdx/physics/box2d/Fixture'
RCX=0x00000179ca7d0320 points into unknown readable memory: 0x00000179ca7d0380 | 80 03 7d ca 79 01 00 00
RDX=0x0 is NULL
RSP=0x000000791f4fec18 is pointing into the stack for thread: 0x00000179c2193cc0
RBP=0x000000791f4fecb0 is pointing into the stack for thread: 0x00000179c2193cc0
RSI=0x0000000000000158 is an unknown value
RDI=0x0000000000000b02 is an unknown value
R8 =0x0 is NULL
R9 =0x0 is NULL
R10=0x00000179a515f148 is at code_begin+1000 in an Interpreter codelet
method entry point (kind = native)  [0x00000179a515ed60, 0x00000179a515f7e0]  2688 bytes
R11=0x0000000000000102 is an unknown value
R12=0x0 is NULL
R13={method} {0x00000179c168bea0} 'jniSetSensor' '(JZ)V' in 'com/badlogic/gdx/physics/box2d/Fixture'
R14=0x000000791f4fece8 is pointing into the stack for thread: 0x00000179c2193cc0
R15=0x00000179c2193cc0 is a thread


Registers:
RAX=0x0000000066b25fd0, RBX=0x00000179c168be98, RCX=0x00000179ca7d0320, RDX=0x0000000000000000
RSP=0x000000791f4fec18, RBP=0x000000791f4fecb0, RSI=0x0000000000000158, RDI=0x0000000000000b02
R8 =0x0000000000000000, R9 =0x0000000000000000, R10=0x00000179a515f148, R11=0x0000000000000102
R12=0x0000000000000000, R13=0x00000179c168be98, R14=0x000000791f4fece8, R15=0x00000179c2193cc0
RIP=0x0000000066b1fcd9, EFLAGS=0x0000000000010202

Top of Stack: (sp=0x000000791f4fec18)
0x000000791f4fec18:   00000179a515f177 000000791f4fec20
0x000000791f4fec28:   00000179c1618078 000000791f4fec80
0x000000791f4fec38:   00000179c1628c30 0000000000000000
0x000000791f4fec48:   0000000712b37960 00000179c16180b0
0x000000791f4fec58:   0000000000000000 000000791f4fec78
0x000000791f4fec68:   000000791f4fec68 0000000000000000
0x000000791f4fec78:   000000791f4fece8 00000179c1690ce8
0x000000791f4fec88:   0000000000000000 0000000712797300
0x000000791f4fec98:   00000179c168be98 0000000000000000
0x000000791f4feca8:   000000791f4fecd0 000000791f4fed38
0x000000791f4fecb8:   00000179a515a1aa 0000000000000000
0x000000791f4fecc8:   00000179a515c218 0000000000000000
0x000000791f4fecd8:   00000179ca7d0320 0000000000000000
0x000000791f4fece8:   0000000712513790 000000791f4fecf0
0x000000791f4fecf8:   00000179c168bdde 000000791f4fed50
0x000000791f4fed08:   00000179c1690ce8 0000000000000000 

Instructions: (pc=0x0000000066b1fcd9)
0x0000000066b1fbd9:   11 4b 08 f3 0f 10 45 04 f3 0f 10 4d 00 f3 0f 5c
0x0000000066b1fbe9:   47 04 f3 0f 5c 0f f3 0f 11 44 24 34 f3 0f 11 4c
0x0000000066b1fbf9:   24 30 e8 00 3b fe ff 44 39 6e 30 0f 8f 46 ff ff
0x0000000066b1fc09:   ff 48 83 c4 68 5b 5e 5f 5d 41 5c 41 5d 41 5e 41
0x0000000066b1fc19:   5f c3 90 0f 1f 40 00 55 57 56 53 48 83 ec 28 48
0x0000000066b1fc29:   89 cb 48 8b 49 10 48 85 c9 74 6b 48 8b 81 88 00
0x0000000066b1fc39:   00 00 48 85 c0 75 11 eb 26 48 39 5a 68 74 13 48
0x0000000066b1fc49:   8b 40 18 48 85 c0 74 17 48 8b 50 08 48 39 5a 60
0x0000000066b1fc59:   75 e7 48 8b 40 18 83 4a 08 08 48 85 c0 75 e9 48
0x0000000066b1fc69:   8b 69 58 48 85 ed 74 2e 8b 43 30 48 81 c5 a0 92
0x0000000066b1fc79:   01 00 85 c0 7e 20 31 ff 31 f6 48 8b 43 28 48 89
0x0000000066b1fc89:   e9 83 c6 01 8b 54 38 1c 48 83 c7 20 e8 96 3a fe
0x0000000066b1fc99:   ff 39 73 30 7f e4 48 83 c4 28 5b 5e 5f 5d c3 0f
0x0000000066b1fca9:   1f 84 00 00 00 00 00 8b 02 89 41 34 0f b7 42 04
0x0000000066b1fcb9:   66 89 41 38 e9 5e ff ff ff 0f 1f 40 00 66 2e 0f
0x0000000066b1fcc9:   1f 84 00 00 00 00 00 38 51 3a 74 23 4c 8b 41 10
0x0000000066b1fcd9:   41 0f b7 40 04 a8 02 75 13 83 c8 02 41 c7 80 ac
0x0000000066b1fce9:   00 00 00 00 00 00 00 66 41 89 40 04 88 51 3a f3
0x0000000066b1fcf9:   c3 66 0f 1f 44 00 00 55 57 56 53 48 83 ec 28 48
0x0000000066b1fd09:   89 cb 48 8d 0d 96 46 02 00 89 d5 e8 07 c7 fe ff
0x0000000066b1fd19:   66 0f ef c0 48 8d 0d 9a 46 02 00 f3 0f 5a 43 20
0x0000000066b1fd29:   66 0f 28 c8 66 48 0f 7e c2 e8 e9 c6 fe ff 66 0f
0x0000000066b1fd39:   ef c0 48 8d 0d 9e 46 02 00 f3 0f 5a 43 24 66 0f
0x0000000066b1fd49:   28 c8 66 48 0f 7e c2 e8 cb c6 fe ff 66 0f ef c0
0x0000000066b1fd59:   48 8d 0d 9f 46 02 00 f3 0f 5a 03 66 48 0f 7e c2
0x0000000066b1fd69:   66 0f 28 c8 e8 ae c6 fe ff 0f b6 53 3a 48 8d 0d
0x0000000066b1fd79:   9d 46 02 00 e8 9e c6 fe ff 0f b7 53 34 48 8d 0d
0x0000000066b1fd89:   ab 46 02 00 e8 8e c6 fe ff 0f b7 53 36 48 8d 0d
0x0000000066b1fd99:   cb 46 02 00 e8 7e c6 fe ff 0f bf 53 38 48 8d 0d
0x0000000066b1fda9:   e3 46 02 00 e8 6e c6 fe ff 48 8b 5b 18 8b 43 08
0x0000000066b1fdb9:   83 f8 01 0f 84 3e 02 00 00 0f 82 d8 01 00 00 83
0x0000000066b1fdc9:   f8 02 0f 84 03 01 00 00 83 f8 03 0f 85 b6 01 00 


Stack slot to memory mapping:
stack at sp + 0 slots: 0x00000179a515f177 is at code_begin+1047 in an Interpreter codelet
method entry point (kind = native)  [0x00000179a515ed60, 0x00000179a515f7e0]  2688 bytes
stack at sp + 1 slots: 0x000000791f4fec20 is pointing into the stack for thread: 0x00000179c2193cc0
stack at sp + 2 slots: 0x00000179c1618078 is pointing into metadata
stack at sp + 3 slots: 0x000000791f4fec80 is pointing into the stack for thread: 0x00000179c2193cc0
stack at sp + 4 slots: 0x00000179c1628c30 is pointing into metadata
stack at sp + 5 slots: 0x0 is NULL
stack at sp + 6 slots: 0x0000000712b37960 is an oop: java.lang.Class 
{0x0000000712b37960} - klass: 'java/lang/Class'
stack at sp + 7 slots: {method} {0x00000179c16180b8} 'reset' '(Ljava/lang/Object;)V' in 'com/badlogic/gdx/utils/Pool'


---------------  P R O C E S S  ---------------

Threads class SMR info:
_java_thread_list=0x00000179c62c95b0, length=13, elements={
0x00000179c17b99c0, 0x00000179c0faa4f0, 0x00000179c17cf680, 0x00000179c17d1f50,
0x00000179c17d2910, 0x00000179c17d36b0, 0x00000179c17d9a80, 0x00000179c17eac40,
0x00000179c1905460, 0x00000179c1912e10, 0x00000179c2193cc0, 0x000001799cc33c90,
0x00000179c6265950
}

Java Threads: ( => current thread )
  0x00000179c17b99c0 JavaThread "Reference Handler" daemon [_thread_blocked, id=20652, stack(0x000000791e500000,0x000000791e600000)]
  0x00000179c0faa4f0 JavaThread "Finalizer" daemon [_thread_blocked, id=29124, stack(0x000000791e600000,0x000000791e700000)]
  0x00000179c17cf680 JavaThread "Signal Dispatcher" daemon [_thread_blocked, id=18316, stack(0x000000791e700000,0x000000791e800000)]
  0x00000179c17d1f50 JavaThread "Attach Listener" daemon [_thread_blocked, id=14936, stack(0x000000791e800000,0x000000791e900000)]
  0x00000179c17d2910 JavaThread "Service Thread" daemon [_thread_blocked, id=16604, stack(0x000000791e900000,0x000000791ea00000)]
  0x00000179c17d36b0 JavaThread "C2 CompilerThread0" daemon [_thread_blocked, id=26724, stack(0x000000791ea00000,0x000000791eb00000)]
  0x00000179c17d9a80 JavaThread "C1 CompilerThread0" daemon [_thread_blocked, id=636, stack(0x000000791eb00000,0x000000791ec00000)]
  0x00000179c17eac40 JavaThread "Sweeper thread" daemon [_thread_blocked, id=8272, stack(0x000000791ec00000,0x000000791ed00000)]
  0x00000179c1905460 JavaThread "Notification Thread" daemon [_thread_blocked, id=8760, stack(0x000000791ef00000,0x000000791f000000)]
  0x00000179c1912e10 JavaThread "Common-Cleaner" daemon [_thread_blocked, id=23000, stack(0x000000791f100000,0x000000791f200000)]
=>0x00000179c2193cc0 JavaThread "LWJGL Application" [_thread_in_native, id=26240, stack(0x000000791f400000,0x000000791f500000)]
  0x000001799cc33c90 JavaThread "DestroyJavaVM" [_thread_blocked, id=7996, stack(0x000000791de00000,0x000000791df00000)]
  0x00000179c6265950 JavaThread "LWJGL Timer" daemon [_thread_blocked, id=11660, stack(0x000000791fe00000,0x000000791ff00000)]

Other Threads:
  0x00000179c17b8230 VMThread "VM Thread" [stack: 0x000000791e400000,0x000000791e500000] [id=30076]
  0x00000179c1905930 WatcherThread [stack: 0x000000791f000000,0x000000791f100000] [id=14104]
  0x000001799cc81e80 GCTaskThread "GC Thread#0" [stack: 0x000000791df00000,0x000000791e000000] [id=24836]
  0x000001799cc93de0 ConcurrentGCThread "G1 Main Marker" [stack: 0x000000791e000000,0x000000791e100000] [id=28232]
  0x000001799cc94a50 ConcurrentGCThread "G1 Conc#0" [stack: 0x000000791e100000,0x000000791e200000] [id=29272]
  0x00000179c0e340e0 ConcurrentGCThread "G1 Refine#0" [stack: 0x000000791e200000,0x000000791e300000] [id=26044]
  0x00000179c0e34b10 ConcurrentGCThread "G1 Young RemSet Sampling" [stack: 0x000000791e300000,0x000000791e400000] [id=30616]

Threads with active compile tasks:

VM state: not at safepoint (normal execution)

VM Mutex/Monitor currently owned by a thread: None

Heap address: 0x0000000703800000, size: 4040 MB, Compressed Oops mode: Zero based, Oop shift amount: 3
CDS archive(s) mapped at: [0x0000000800000000-0x0000000800b50000-0x0000000800b50000), size 11862016, SharedBaseAddress: 0x0000000800000000, ArchiveRelocationMode: 0.
Compressed class space mapped at: 0x0000000800b50000-0x0000000840b50000, size: 1073741824
Narrow klass base: 0x0000000800000000, Narrow klass shift: 3, Narrow klass range: 0x100000000

GC Precious Log:
 CPUs: 16 total, 16 available
 Memory: 16154M
 Large Page Support: Disabled
 NUMA Support: Disabled
 Compressed Oops: Enabled (Zero based)
 Heap Region Size: 2M
 Heap Min Capacity: 8M
 Heap Initial Capacity: 254M
 Heap Max Capacity: 4040M
 Pre-touch: Disabled
 Parallel Workers: 13
 Concurrent Workers: 3
 Concurrent Refinement Workers: 13
 Periodic GC: Disabled

Heap:
 garbage-first heap   total 260096K, used 16384K [0x0000000703800000, 0x0000000800000000)
  region size 2048K, 9 young (18432K), 0 survivors (0K)
 Metaspace       used 4967K, capacity 7966K, committed 8320K, reserved 1056768K
  class space    used 322K, capacity 617K, committed 640K, reserved 1048576K

Heap Regions: E=young(eden), S=young(survivor), O=old, HS=humongous(starts), HC=humongous(continues), CS=collection set, F=free, OA=open archive, CA=closed archive, TAMS=top-at-mark-start (previous, next)
|   0|0x0000000703800000, 0x0000000703800000, 0x0000000703a00000|  0%| F|  |TAMS 0x0000000703800000, 0x0000000703800000| Untracked 
|   1|0x0000000703a00000, 0x0000000703a00000, 0x0000000703c00000|  0%| F|  |TAMS 0x0000000703a00000, 0x0000000703a00000| Untracked 
|   2|0x0000000703c00000, 0x0000000703c00000, 0x0000000703e00000|  0%| F|  |TAMS 0x0000000703c00000, 0x0000000703c00000| Untracked 
|   3|0x0000000703e00000, 0x0000000703e00000, 0x0000000704000000|  0%| F|  |TAMS 0x0000000703e00000, 0x0000000703e00000| Untracked 
|   4|0x0000000704000000, 0x0000000704000000, 0x0000000704200000|  0%| F|  |TAMS 0x0000000704000000, 0x0000000704000000| Untracked 
|   5|0x0000000704200000, 0x0000000704200000, 0x0000000704400000|  0%| F|  |TAMS 0x0000000704200000, 0x0000000704200000| Untracked 
|   6|0x0000000704400000, 0x0000000704400000, 0x0000000704600000|  0%| F|  |TAMS 0x0000000704400000, 0x0000000704400000| Untracked 
|   7|0x0000000704600000, 0x0000000704600000, 0x0000000704800000|  0%| F|  |TAMS 0x0000000704600000, 0x0000000704600000| Untracked 
|   8|0x0000000704800000, 0x0000000704800000, 0x0000000704a00000|  0%| F|  |TAMS 0x0000000704800000, 0x0000000704800000| Untracked 
|   9|0x0000000704a00000, 0x0000000704a00000, 0x0000000704c00000|  0%| F|  |TAMS 0x0000000704a00000, 0x0000000704a00000| Untracked 
|  10|0x0000000704c00000, 0x0000000704c00000, 0x0000000704e00000|  0%| F|  |TAMS 0x0000000704c00000, 0x0000000704c00000| Untracked 
|  11|0x0000000704e00000, 0x0000000704e00000, 0x0000000705000000|  0%| F|  |TAMS 0x0000000704e00000, 0x0000000704e00000| Untracked 
|  12|0x0000000705000000, 0x0000000705000000, 0x0000000705200000|  0%| F|  |TAMS 0x0000000705000000, 0x0000000705000000| Untracked 
|  13|0x0000000705200000, 0x0000000705200000, 0x0000000705400000|  0%| F|  |TAMS 0x0000000705200000, 0x0000000705200000| Untracked 
|  14|0x0000000705400000, 0x0000000705400000, 0x0000000705600000|  0%| F|  |TAMS 0x0000000705400000, 0x0000000705400000| Untracked 
|  15|0x0000000705600000, 0x0000000705600000, 0x0000000705800000|  0%| F|  |TAMS 0x0000000705600000, 0x0000000705600000| Untracked 
|  16|0x0000000705800000, 0x0000000705800000, 0x0000000705a00000|  0%| F|  |TAMS 0x0000000705800000, 0x0000000705800000| Untracked 
|  17|0x0000000705a00000, 0x0000000705a00000, 0x0000000705c00000|  0%| F|  |TAMS 0x0000000705a00000, 0x0000000705a00000| Untracked 
|  18|0x0000000705c00000, 0x0000000705c00000, 0x0000000705e00000|  0%| F|  |TAMS 0x0000000705c00000, 0x0000000705c00000| Untracked 
|  19|0x0000000705e00000, 0x0000000705e00000, 0x0000000706000000|  0%| F|  |TAMS 0x0000000705e00000, 0x0000000705e00000| Untracked 
|  20|0x0000000706000000, 0x0000000706000000, 0x0000000706200000|  0%| F|  |TAMS 0x0000000706000000, 0x0000000706000000| Untracked 
|  21|0x0000000706200000, 0x0000000706200000, 0x0000000706400000|  0%| F|  |TAMS 0x0000000706200000, 0x0000000706200000| Untracked 
|  22|0x0000000706400000, 0x0000000706400000, 0x0000000706600000|  0%| F|  |TAMS 0x0000000706400000, 0x0000000706400000| Untracked 
|  23|0x0000000706600000, 0x0000000706600000, 0x0000000706800000|  0%| F|  |TAMS 0x0000000706600000, 0x0000000706600000| Untracked 
|  24|0x0000000706800000, 0x0000000706800000, 0x0000000706a00000|  0%| F|  |TAMS 0x0000000706800000, 0x0000000706800000| Untracked 
|  25|0x0000000706a00000, 0x0000000706a00000, 0x0000000706c00000|  0%| F|  |TAMS 0x0000000706a00000, 0x0000000706a00000| Untracked 
|  26|0x0000000706c00000, 0x0000000706c00000, 0x0000000706e00000|  0%| F|  |TAMS 0x0000000706c00000, 0x0000000706c00000| Untracked 
|  27|0x0000000706e00000, 0x0000000706e00000, 0x0000000707000000|  0%| F|  |TAMS 0x0000000706e00000, 0x0000000706e00000| Untracked 
|  28|0x0000000707000000, 0x0000000707000000, 0x0000000707200000|  0%| F|  |TAMS 0x0000000707000000, 0x0000000707000000| Untracked 
|  29|0x0000000707200000, 0x0000000707200000, 0x0000000707400000|  0%| F|  |TAMS 0x0000000707200000, 0x0000000707200000| Untracked 
|  30|0x0000000707400000, 0x0000000707400000, 0x0000000707600000|  0%| F|  |TAMS 0x0000000707400000, 0x0000000707400000| Untracked 
|  31|0x0000000707600000, 0x0000000707600000, 0x0000000707800000|  0%| F|  |TAMS 0x0000000707600000, 0x0000000707600000| Untracked 
|  32|0x0000000707800000, 0x0000000707800000, 0x0000000707a00000|  0%| F|  |TAMS 0x0000000707800000, 0x0000000707800000| Untracked 
|  33|0x0000000707a00000, 0x0000000707a00000, 0x0000000707c00000|  0%| F|  |TAMS 0x0000000707a00000, 0x0000000707a00000| Untracked 
|  34|0x0000000707c00000, 0x0000000707c00000, 0x0000000707e00000|  0%| F|  |TAMS 0x0000000707c00000, 0x0000000707c00000| Untracked 
|  35|0x0000000707e00000, 0x0000000707e00000, 0x0000000708000000|  0%| F|  |TAMS 0x0000000707e00000, 0x0000000707e00000| Untracked 
|  36|0x0000000708000000, 0x0000000708000000, 0x0000000708200000|  0%| F|  |TAMS 0x0000000708000000, 0x0000000708000000| Untracked 
|  37|0x0000000708200000, 0x0000000708200000, 0x0000000708400000|  0%| F|  |TAMS 0x0000000708200000, 0x0000000708200000| Untracked 
|  38|0x0000000708400000, 0x0000000708400000, 0x0000000708600000|  0%| F|  |TAMS 0x0000000708400000, 0x0000000708400000| Untracked 
|  39|0x0000000708600000, 0x0000000708600000, 0x0000000708800000|  0%| F|  |TAMS 0x0000000708600000, 0x0000000708600000| Untracked 
|  40|0x0000000708800000, 0x0000000708800000, 0x0000000708a00000|  0%| F|  |TAMS 0x0000000708800000, 0x0000000708800000| Untracked 
|  41|0x0000000708a00000, 0x0000000708a00000, 0x0000000708c00000|  0%| F|  |TAMS 0x0000000708a00000, 0x0000000708a00000| Untracked 
|  42|0x0000000708c00000, 0x0000000708c00000, 0x0000000708e00000|  0%| F|  |TAMS 0x0000000708c00000, 0x0000000708c00000| Untracked 
|  43|0x0000000708e00000, 0x0000000708e00000, 0x0000000709000000|  0%| F|  |TAMS 0x0000000708e00000, 0x0000000708e00000| Untracked 
|  44|0x0000000709000000, 0x0000000709000000, 0x0000000709200000|  0%| F|  |TAMS 0x0000000709000000, 0x0000000709000000| Untracked 
|  45|0x0000000709200000, 0x0000000709200000, 0x0000000709400000|  0%| F|  |TAMS 0x0000000709200000, 0x0000000709200000| Untracked 
|  46|0x0000000709400000, 0x0000000709400000, 0x0000000709600000|  0%| F|  |TAMS 0x0000000709400000, 0x0000000709400000| Untracked 
|  47|0x0000000709600000, 0x0000000709600000, 0x0000000709800000|  0%| F|  |TAMS 0x0000000709600000, 0x0000000709600000| Untracked 
|  48|0x0000000709800000, 0x0000000709800000, 0x0000000709a00000|  0%| F|  |TAMS 0x0000000709800000, 0x0000000709800000| Untracked 
|  49|0x0000000709a00000, 0x0000000709a00000, 0x0000000709c00000|  0%| F|  |TAMS 0x0000000709a00000, 0x0000000709a00000| Untracked 
|  50|0x0000000709c00000, 0x0000000709c00000, 0x0000000709e00000|  0%| F|  |TAMS 0x0000000709c00000, 0x0000000709c00000| Untracked 
|  51|0x0000000709e00000, 0x0000000709e00000, 0x000000070a000000|  0%| F|  |TAMS 0x0000000709e00000, 0x0000000709e00000| Untracked 
|  52|0x000000070a000000, 0x000000070a000000, 0x000000070a200000|  0%| F|  |TAMS 0x000000070a000000, 0x000000070a000000| Untracked 
|  53|0x000000070a200000, 0x000000070a200000, 0x000000070a400000|  0%| F|  |TAMS 0x000000070a200000, 0x000000070a200000| Untracked 
|  54|0x000000070a400000, 0x000000070a400000, 0x000000070a600000|  0%| F|  |TAMS 0x000000070a400000, 0x000000070a400000| Untracked 
|  55|0x000000070a600000, 0x000000070a600000, 0x000000070a800000|  0%| F|  |TAMS 0x000000070a600000, 0x000000070a600000| Untracked 
|  56|0x000000070a800000, 0x000000070a800000, 0x000000070aa00000|  0%| F|  |TAMS 0x000000070a800000, 0x000000070a800000| Untracked 
|  57|0x000000070aa00000, 0x000000070aa00000, 0x000000070ac00000|  0%| F|  |TAMS 0x000000070aa00000, 0x000000070aa00000| Untracked 
|  58|0x000000070ac00000, 0x000000070ac00000, 0x000000070ae00000|  0%| F|  |TAMS 0x000000070ac00000, 0x000000070ac00000| Untracked 
|  59|0x000000070ae00000, 0x000000070ae00000, 0x000000070b000000|  0%| F|  |TAMS 0x000000070ae00000, 0x000000070ae00000| Untracked 
|  60|0x000000070b000000, 0x000000070b000000, 0x000000070b200000|  0%| F|  |TAMS 0x000000070b000000, 0x000000070b000000| Untracked 
|  61|0x000000070b200000, 0x000000070b200000, 0x000000070b400000|  0%| F|  |TAMS 0x000000070b200000, 0x000000070b200000| Untracked 
|  62|0x000000070b400000, 0x000000070b400000, 0x000000070b600000|  0%| F|  |TAMS 0x000000070b400000, 0x000000070b400000| Untracked 
|  63|0x000000070b600000, 0x000000070b600000, 0x000000070b800000|  0%| F|  |TAMS 0x000000070b600000, 0x000000070b600000| Untracked 
|  64|0x000000070b800000, 0x000000070b800000, 0x000000070ba00000|  0%| F|  |TAMS 0x000000070b800000, 0x000000070b800000| Untracked 
|  65|0x000000070ba00000, 0x000000070ba00000, 0x000000070bc00000|  0%| F|  |TAMS 0x000000070ba00000, 0x000000070ba00000| Untracked 
|  66|0x000000070bc00000, 0x000000070bc00000, 0x000000070be00000|  0%| F|  |TAMS 0x000000070bc00000, 0x000000070bc00000| Untracked 
|  67|0x000000070be00000, 0x000000070be00000, 0x000000070c000000|  0%| F|  |TAMS 0x000000070be00000, 0x000000070be00000| Untracked 
|  68|0x000000070c000000, 0x000000070c000000, 0x000000070c200000|  0%| F|  |TAMS 0x000000070c000000, 0x000000070c000000| Untracked 
|  69|0x000000070c200000, 0x000000070c200000, 0x000000070c400000|  0%| F|  |TAMS 0x000000070c200000, 0x000000070c200000| Untracked 
|  70|0x000000070c400000, 0x000000070c400000, 0x000000070c600000|  0%| F|  |TAMS 0x000000070c400000, 0x000000070c400000| Untracked 
|  71|0x000000070c600000, 0x000000070c600000, 0x000000070c800000|  0%| F|  |TAMS 0x000000070c600000, 0x000000070c600000| Untracked 
|  72|0x000000070c800000, 0x000000070c800000, 0x000000070ca00000|  0%| F|  |TAMS 0x000000070c800000, 0x000000070c800000| Untracked 
|  73|0x000000070ca00000, 0x000000070ca00000, 0x000000070cc00000|  0%| F|  |TAMS 0x000000070ca00000, 0x000000070ca00000| Untracked 
|  74|0x000000070cc00000, 0x000000070cc00000, 0x000000070ce00000|  0%| F|  |TAMS 0x000000070cc00000, 0x000000070cc00000| Untracked 
|  75|0x000000070ce00000, 0x000000070ce00000, 0x000000070d000000|  0%| F|  |TAMS 0x000000070ce00000, 0x000000070ce00000| Untracked 
|  76|0x000000070d000000, 0x000000070d000000, 0x000000070d200000|  0%| F|  |TAMS 0x000000070d000000, 0x000000070d000000| Untracked 
|  77|0x000000070d200000, 0x000000070d200000, 0x000000070d400000|  0%| F|  |TAMS 0x000000070d200000, 0x000000070d200000| Untracked 
|  78|0x000000070d400000, 0x000000070d400000, 0x000000070d600000|  0%| F|  |TAMS 0x000000070d400000, 0x000000070d400000| Untracked 
|  79|0x000000070d600000, 0x000000070d600000, 0x000000070d800000|  0%| F|  |TAMS 0x000000070d600000, 0x000000070d600000| Untracked 
|  80|0x000000070d800000, 0x000000070d800000, 0x000000070da00000|  0%| F|  |TAMS 0x000000070d800000, 0x000000070d800000| Untracked 
|  81|0x000000070da00000, 0x000000070da00000, 0x000000070dc00000|  0%| F|  |TAMS 0x000000070da00000, 0x000000070da00000| Untracked 
|  82|0x000000070dc00000, 0x000000070dc00000, 0x000000070de00000|  0%| F|  |TAMS 0x000000070dc00000, 0x000000070dc00000| Untracked 
|  83|0x000000070de00000, 0x000000070de00000, 0x000000070e000000|  0%| F|  |TAMS 0x000000070de00000, 0x000000070de00000| Untracked 
|  84|0x000000070e000000, 0x000000070e000000, 0x000000070e200000|  0%| F|  |TAMS 0x000000070e000000, 0x000000070e000000| Untracked 
|  85|0x000000070e200000, 0x000000070e200000, 0x000000070e400000|  0%| F|  |TAMS 0x000000070e200000, 0x000000070e200000| Untracked 
|  86|0x000000070e400000, 0x000000070e400000, 0x000000070e600000|  0%| F|  |TAMS 0x000000070e400000, 0x000000070e400000| Untracked 
|  87|0x000000070e600000, 0x000000070e600000, 0x000000070e800000|  0%| F|  |TAMS 0x000000070e600000, 0x000000070e600000| Untracked 
|  88|0x000000070e800000, 0x000000070e800000, 0x000000070ea00000|  0%| F|  |TAMS 0x000000070e800000, 0x000000070e800000| Untracked 
|  89|0x000000070ea00000, 0x000000070ea00000, 0x000000070ec00000|  0%| F|  |TAMS 0x000000070ea00000, 0x000000070ea00000| Untracked 
|  90|0x000000070ec00000, 0x000000070ec00000, 0x000000070ee00000|  0%| F|  |TAMS 0x000000070ec00000, 0x000000070ec00000| Untracked 
|  91|0x000000070ee00000, 0x000000070ee00000, 0x000000070f000000|  0%| F|  |TAMS 0x000000070ee00000, 0x000000070ee00000| Untracked 
|  92|0x000000070f000000, 0x000000070f000000, 0x000000070f200000|  0%| F|  |TAMS 0x000000070f000000, 0x000000070f000000| Untracked 
|  93|0x000000070f200000, 0x000000070f200000, 0x000000070f400000|  0%| F|  |TAMS 0x000000070f200000, 0x000000070f200000| Untracked 
|  94|0x000000070f400000, 0x000000070f400000, 0x000000070f600000|  0%| F|  |TAMS 0x000000070f400000, 0x000000070f400000| Untracked 
|  95|0x000000070f600000, 0x000000070f600000, 0x000000070f800000|  0%| F|  |TAMS 0x000000070f600000, 0x000000070f600000| Untracked 
|  96|0x000000070f800000, 0x000000070f800000, 0x000000070fa00000|  0%| F|  |TAMS 0x000000070f800000, 0x000000070f800000| Untracked 
|  97|0x000000070fa00000, 0x000000070fa00000, 0x000000070fc00000|  0%| F|  |TAMS 0x000000070fa00000, 0x000000070fa00000| Untracked 
|  98|0x000000070fc00000, 0x000000070fc00000, 0x000000070fe00000|  0%| F|  |TAMS 0x000000070fc00000, 0x000000070fc00000| Untracked 
|  99|0x000000070fe00000, 0x000000070fe00000, 0x0000000710000000|  0%| F|  |TAMS 0x000000070fe00000, 0x000000070fe00000| Untracked 
| 100|0x0000000710000000, 0x0000000710000000, 0x0000000710200000|  0%| F|  |TAMS 0x0000000710000000, 0x0000000710000000| Untracked 
| 101|0x0000000710200000, 0x0000000710200000, 0x0000000710400000|  0%| F|  |TAMS 0x0000000710200000, 0x0000000710200000| Untracked 
| 102|0x0000000710400000, 0x0000000710400000, 0x0000000710600000|  0%| F|  |TAMS 0x0000000710400000, 0x0000000710400000| Untracked 
| 103|0x0000000710600000, 0x0000000710600000, 0x0000000710800000|  0%| F|  |TAMS 0x0000000710600000, 0x0000000710600000| Untracked 
| 104|0x0000000710800000, 0x0000000710800000, 0x0000000710a00000|  0%| F|  |TAMS 0x0000000710800000, 0x0000000710800000| Untracked 
| 105|0x0000000710a00000, 0x0000000710a00000, 0x0000000710c00000|  0%| F|  |TAMS 0x0000000710a00000, 0x0000000710a00000| Untracked 
| 106|0x0000000710c00000, 0x0000000710c00000, 0x0000000710e00000|  0%| F|  |TAMS 0x0000000710c00000, 0x0000000710c00000| Untracked 
| 107|0x0000000710e00000, 0x0000000710e00000, 0x0000000711000000|  0%| F|  |TAMS 0x0000000710e00000, 0x0000000710e00000| Untracked 
| 108|0x0000000711000000, 0x0000000711000000, 0x0000000711200000|  0%| F|  |TAMS 0x0000000711000000, 0x0000000711000000| Untracked 
| 109|0x0000000711200000, 0x0000000711200000, 0x0000000711400000|  0%| F|  |TAMS 0x0000000711200000, 0x0000000711200000| Untracked 
| 110|0x0000000711400000, 0x0000000711400000, 0x0000000711600000|  0%| F|  |TAMS 0x0000000711400000, 0x0000000711400000| Untracked 
| 111|0x0000000711600000, 0x0000000711600000, 0x0000000711800000|  0%| F|  |TAMS 0x0000000711600000, 0x0000000711600000| Untracked 
| 112|0x0000000711800000, 0x0000000711800000, 0x0000000711a00000|  0%| F|  |TAMS 0x0000000711800000, 0x0000000711800000| Untracked 
| 113|0x0000000711a00000, 0x0000000711a00000, 0x0000000711c00000|  0%| F|  |TAMS 0x0000000711a00000, 0x0000000711a00000| Untracked 
| 114|0x0000000711c00000, 0x0000000711c00000, 0x0000000711e00000|  0%| F|  |TAMS 0x0000000711c00000, 0x0000000711c00000| Untracked 
| 115|0x0000000711e00000, 0x0000000711e00000, 0x0000000712000000|  0%| F|  |TAMS 0x0000000711e00000, 0x0000000711e00000| Untracked 
| 116|0x0000000712000000, 0x0000000712000000, 0x0000000712200000|  0%| F|  |TAMS 0x0000000712000000, 0x0000000712000000| Untracked 
| 117|0x0000000712200000, 0x0000000712200000, 0x0000000712400000|  0%| F|  |TAMS 0x0000000712200000, 0x0000000712200000| Untracked 
| 118|0x0000000712400000, 0x00000007125f37f8, 0x0000000712600000| 97%| E|  |TAMS 0x0000000712400000, 0x0000000712400000| Complete 
| 119|0x0000000712600000, 0x0000000712800000, 0x0000000712800000|100%| E|CS|TAMS 0x0000000712600000, 0x0000000712600000| Complete 
| 120|0x0000000712800000, 0x0000000712a00000, 0x0000000712a00000|100%| E|CS|TAMS 0x0000000712800000, 0x0000000712800000| Complete 
| 121|0x0000000712a00000, 0x0000000712c00000, 0x0000000712c00000|100%| E|CS|TAMS 0x0000000712a00000, 0x0000000712a00000| Complete 
| 122|0x0000000712c00000, 0x0000000712e00000, 0x0000000712e00000|100%| E|CS|TAMS 0x0000000712c00000, 0x0000000712c00000| Complete 
| 123|0x0000000712e00000, 0x0000000713000000, 0x0000000713000000|100%| E|CS|TAMS 0x0000000712e00000, 0x0000000712e00000| Complete 
| 124|0x0000000713000000, 0x0000000713200000, 0x0000000713200000|100%| E|CS|TAMS 0x0000000713000000, 0x0000000713000000| Complete 
| 125|0x0000000713200000, 0x0000000713400000, 0x0000000713400000|100%| E|CS|TAMS 0x0000000713200000, 0x0000000713200000| Complete 
| 126|0x0000000713400000, 0x0000000713600000, 0x0000000713600000|100%| E|CS|TAMS 0x0000000713400000, 0x0000000713400000| Complete 

Card table byte_map: [0x00000179b51c0000,0x00000179b59b0000] _byte_map_base: 0x00000179b19a4000

Marking Bits (Prev, Next): (CMBitMap*) 0x000001799cc83700, (CMBitMap*) 0x000001799cc83740
 Prev Bits: [0x00000179b61a0000, 0x00000179ba0c0000)
 Next Bits: [0x00000179ba0c0000, 0x00000179bdfe0000)

Polling page: 0x000001799ac30000

Metaspace:

Usage:
  Non-class:      7.18 MB capacity,     4.54 MB ( 63%) used,     2.64 MB ( 37%) free+waste,     3.56 KB ( <1%) overhead. 
      Class:    617.00 KB capacity,   322.88 KB ( 52%) used,   293.30 KB ( 48%) free+waste,   832 bytes ( <1%) overhead. 
       Both:      7.78 MB capacity,     4.85 MB ( 62%) used,     2.92 MB ( 38%) free+waste,     4.38 KB ( <1%) overhead. 

Virtual space:
  Non-class space:        8.00 MB reserved,       7.50 MB ( 94%) committed 
      Class space:        1.00 GB reserved,     640.00 KB ( <1%) committed 
             Both:        1.01 GB reserved,       8.13 MB ( <1%) committed 

Chunk freelists:
   Non-Class:  139.00 KB
       Class:  23.00 KB
        Both:  162.00 KB

MaxMetaspaceSize: 17179869184.00 GB
CompressedClassSpaceSize: 1.00 GB

CodeHeap 'non-profiled nmethods': size=119168Kb used=392Kb max_used=392Kb free=118775Kb
 bounds [0x00000179accf0000, 0x00000179acf60000, 0x00000179b4150000]
CodeHeap 'profiled nmethods': size=119104Kb used=2240Kb max_used=2240Kb free=116863Kb
 bounds [0x00000179a58a0000, 0x00000179a5b10000, 0x00000179accf0000]
CodeHeap 'non-nmethods': size=7488Kb used=1286Kb max_used=2994Kb free=6201Kb
 bounds [0x00000179a5150000, 0x00000179a5440000, 0x00000179a58a0000]
 total_blobs=1869 nmethods=1291 adapters=491
 compilation: enabled
              stopped_count=0, restarted_count=0
 full_count=0

Compilation events (20 events):
Event: 11.889 Thread 0x00000179c17d9a80 1281       3       org.lwjgl.opengl.WindowsMouse::putMouseEventWithCoords (61 bytes)
Event: 11.890 Thread 0x00000179c17d9a80 nmethod 1281 0x00000179a5acd990 code [0x00000179a5acdbc0, 0x00000179a5ace3c8]
Event: 11.973 Thread 0x00000179c17d36b0 1282       4       java.nio.ByteBuffer::flip (7 bytes)
Event: 11.974 Thread 0x00000179c17d36b0 nmethod 1282 0x00000179acd4e510 code [0x00000179acd4e680, 0x00000179acd4e6f8]
Event: 13.007 Thread 0x00000179c17d9a80 1283       3       com.badlogic.gdx.backends.lwjgl.DefaultLwjglInput::toGdxButton (36 bytes)
Event: 13.007 Thread 0x00000179c17d9a80 nmethod 1283 0x00000179a5ace710 code [0x00000179a5ace8c0, 0x00000179a5aceb58]
Event: 13.007 Thread 0x00000179c17d9a80 1284   !   3       org.lwjgl.input.Mouse::getEventNanoseconds (17 bytes)
Event: 13.007 Thread 0x00000179c17d9a80 nmethod 1284 0x00000179a5acec10 code [0x00000179a5aceda0, 0x00000179a5acef18]
Event: 13.024 Thread 0x00000179c17d9a80 1285  s    3       com.badlogic.gdx.InputEventQueue::mouseMoved (83 bytes)
Event: 13.024 Thread 0x00000179c17d9a80 nmethod 1285 0x00000179a5acf010 code [0x00000179a5acf240, 0x00000179a5acf7c8]
Event: 13.207 Thread 0x00000179c17d36b0 1286       4       com.badlogic.gdx.graphics.g2d.SpriteBatch::flush (193 bytes)
Event: 13.215 Thread 0x00000179c17d36b0 nmethod 1286 0x00000179acd4e810 code [0x00000179acd4ea80, 0x00000179acd4f870]
Event: 13.574 Thread 0x00000179c17d9a80 1287       3       org.lwjgl.opengl.WindowsMouse::handleMouseMoved (100 bytes)
Event: 13.574 Thread 0x00000179c17d9a80 nmethod 1287 0x00000179a5acfb10 code [0x00000179a5acfcc0, 0x00000179a5acff78]
Event: 13.790 Thread 0x00000179c17d36b0 1288       4       com.badlogic.gdx.math.Vector3::sub (23 bytes)
Event: 13.791 Thread 0x00000179c17d36b0 nmethod 1288 0x00000179acd50910 code [0x00000179acd50a80, 0x00000179acd50b18]
Event: 13.807 Thread 0x00000179c17d36b0 1289       4       com.badlogic.gdx.physics.box2d.Box2DDebugRenderer::renderBody (102 bytes)
Event: 13.811 Thread 0x00000179c17d36b0 nmethod 1289 0x00000179acd50c10 code [0x00000179acd50e20, 0x00000179acd513b0]
Event: 13.824 Thread 0x00000179c17d36b0 1290       4       com.badlogic.gdx.utils.LongMap$Values::next (78 bytes)
Event: 13.826 Thread 0x00000179c17d36b0 nmethod 1290 0x00000179acd51a90 code [0x00000179acd51c20, 0x00000179acd51eb8]

GC Heap History (0 events):
No events

Deoptimization events (20 events):
Event: 0.920 Thread 0x00000179c2193cc0 DEOPT PACKING pc=0x00000179a59d046f sp=0x000000791f4fe970
Event: 0.920 Thread 0x00000179c2193cc0 DEOPT UNPACKING pc=0x00000179a519e23f sp=0x000000791f4fdf88 mode 0
Event: 0.925 Thread 0x00000179c2193cc0 Uncommon trap: trap_request=0xffffff45 fr.pc=0x00000179acd1cf24 relative=0x0000000000000104
Event: 0.925 Thread 0x00000179c2193cc0 Uncommon trap: reason=unstable_if action=reinterpret pc=0x00000179acd1cf24 method=com.badlogic.gdx.utils.IntMap.locateKey(I)I @ 29 c2
Event: 0.925 Thread 0x00000179c2193cc0 DEOPT PACKING pc=0x00000179acd1cf24 sp=0x000000791f4feba0
Event: 0.925 Thread 0x00000179c2193cc0 DEOPT UNPACKING pc=0x00000179a519e42f sp=0x000000791f4feb30 mode 2
Event: 1.209 Thread 0x00000179c2193cc0 DEOPT PACKING pc=0x00000179a5a14187 sp=0x000000791f4feea0
Event: 1.209 Thread 0x00000179c2193cc0 DEOPT UNPACKING pc=0x00000179a519e23f sp=0x000000791f4fe2c8 mode 0
Event: 1.242 Thread 0x00000179c2193cc0 DEOPT PACKING pc=0x00000179a5a14187 sp=0x000000791f4feea0
Event: 1.242 Thread 0x00000179c2193cc0 DEOPT UNPACKING pc=0x00000179a519e23f sp=0x000000791f4fe2c8 mode 0
Event: 1.259 Thread 0x00000179c2193cc0 DEOPT PACKING pc=0x00000179a5a14187 sp=0x000000791f4feea0
Event: 1.259 Thread 0x00000179c2193cc0 DEOPT UNPACKING pc=0x00000179a519e23f sp=0x000000791f4fe2c8 mode 0
Event: 1.292 Thread 0x00000179c2193cc0 DEOPT PACKING pc=0x00000179a5a14187 sp=0x000000791f4feea0
Event: 1.292 Thread 0x00000179c2193cc0 DEOPT UNPACKING pc=0x00000179a519e23f sp=0x000000791f4fe2c8 mode 0
Event: 1.310 Thread 0x00000179c2193cc0 DEOPT PACKING pc=0x00000179a5a14187 sp=0x000000791f4feea0
Event: 1.310 Thread 0x00000179c2193cc0 DEOPT UNPACKING pc=0x00000179a519e23f sp=0x000000791f4fe2c8 mode 0
Event: 1.342 Thread 0x00000179c2193cc0 DEOPT PACKING pc=0x00000179a5a14187 sp=0x000000791f4feea0
Event: 1.342 Thread 0x00000179c2193cc0 DEOPT UNPACKING pc=0x00000179a519e23f sp=0x000000791f4fe2c8 mode 0
Event: 7.672 Thread 0x00000179c2193cc0 DEOPT PACKING pc=0x00000179a5aaa252 sp=0x000000791f4fefc0
Event: 7.672 Thread 0x00000179c2193cc0 DEOPT UNPACKING pc=0x00000179a519e23f sp=0x000000791f4fe540 mode 0

Classes unloaded (0 events):
No events

Classes redefined (0 events):
No events

Internal exceptions (1 events):
Event: 0.492 Thread 0x00000179c2193cc0 Exception <a 'org/lwjgl/LWJGLException'{0x0000000712e8f580}: Failed to set device gamma.> (0x0000000712e8f580) 
thrown [./src/hotspot/share/prims/jni.cpp, line 599]

Events (20 events):
Event: 2.277 Loaded shared library C:\Users\dougl\AppData\Local\Temp\libgdxdougl\1cecf4f6\lwjgl64.dll
Event: 2.559 Loaded shared library C:\Users\dougl\.jdks\azul-15.0.5\bin\java.dll
Event: 2.692 Loaded shared library C:\Users\dougl\AppData\Local\Temp\libgdxdougl\1cecf4f6\lwjgl64.dll
Event: 3.109 Loaded shared library C:\Users\dougl\AppData\Local\Temp\libgdxdougl\1cecf4f6\lwjgl64.dll
Event: 3.110 Loaded shared library C:\Users\dougl\AppData\Local\Temp\libgdxdougl\1cecf4f6\lwjgl64.dll
Event: 4.576 Loaded shared library C:\Users\dougl\AppData\Local\Temp\libgdxdougl\1cecf4f6\lwjgl64.dll
Event: 4.577 Loaded shared library C:\Users\dougl\AppData\Local\Temp\libgdxdougl\1cecf4f6\lwjgl64.dll
Event: 4.876 Thread 0x00000179c601bf20 Thread exited: 0x00000179c601bf20
Event: 5.193 Loaded shared library C:\Users\dougl\AppData\Local\Temp\libgdxdougl\1cecf4f6\lwjgl64.dll
Event: 6.959 Thread 0x00000179c18f2cb0 Thread exited: 0x00000179c18f2cb0
Event: 6.959 Thread 0x000001799cd0daf0 Thread exited: 0x000001799cd0daf0
Event: 7.343 Loaded shared library C:\Users\dougl\AppData\Local\Temp\libgdxdougl\e1cd32f8\gdx64.dll
Event: 7.343 Loaded shared library C:\Users\dougl\AppData\Local\Temp\libgdxdougl\1cecf4f6\lwjgl64.dll
Event: 7.344 Loaded shared library C:\Users\dougl\AppData\Local\Temp\libgdxdougl\1cecf4f6\lwjgl64.dll
Event: 7.360 Thread 0x00000179c18f2cb0 Thread added: 0x00000179c18f2cb0
Event: 7.360 Thread 0x00000179c63bd800 Thread added: 0x00000179c63bd800
Event: 7.790 Loaded shared library C:\Users\dougl\AppData\Local\Temp\libgdxdougl\1cecf4f6\lwjgl64.dll
Event: 7.827 Loaded shared library C:\Users\dougl\.jdks\azul-15.0.5\bin\java.dll
Event: 8.839 Thread 0x00000179c18f2cb0 Thread exited: 0x00000179c18f2cb0
Event: 8.839 Thread 0x00000179c63bd800 Thread exited: 0x00000179c63bd800


Dynamic libraries:
0x00007ff666ba0000 - 0x00007ff666bad000 	C:\Users\dougl\.jdks\azul-15.0.5\bin\java.exe
0x00007ffc92c10000 - 0x00007ffc92e05000 	C:\Windows\SYSTEM32\ntdll.dll
0x00007ffc92ab0000 - 0x00007ffc92b6e000 	C:\Windows\System32\KERNEL32.DLL
0x00007ffc905c0000 - 0x00007ffc90888000 	C:\Windows\System32\KERNELBASE.dll
0x00007ffc722c0000 - 0x00007ffc722d5000 	C:\Users\dougl\.jdks\azul-15.0.5\bin\VCRUNTIME140.dll
0x00007ffc90b60000 - 0x00007ffc90c60000 	C:\Windows\System32\ucrtbase.dll
0x00007ffc722a0000 - 0x00007ffc722b8000 	C:\Users\dougl\.jdks\azul-15.0.5\bin\jli.dll
0x00007ffc911b0000 - 0x00007ffc91351000 	C:\Windows\System32\USER32.dll
0x00007ffc7b9f0000 - 0x00007ffc7bc8a000 	C:\Windows\WinSxS\amd64_microsoft.windows.common-controls_6595b64144ccf1df_6.0.19041.1110_none_60b5254171f9507e\COMCTL32.dll
0x00007ffc90890000 - 0x00007ffc908b2000 	C:\Windows\System32\win32u.dll
0x00007ffc91b80000 - 0x00007ffc91c1e000 	C:\Windows\System32\msvcrt.dll
0x00007ffc91b50000 - 0x00007ffc91b7b000 	C:\Windows\System32\GDI32.dll
0x00007ffc908c0000 - 0x00007ffc909cb000 	C:\Windows\System32\gdi32full.dll
0x00007ffc903e0000 - 0x00007ffc9047d000 	C:\Windows\System32\msvcp_win.dll
0x00007ffc91850000 - 0x00007ffc91880000 	C:\Windows\System32\IMM32.DLL
0x00007ffc6f0d0000 - 0x00007ffc6f16b000 	C:\Users\dougl\.jdks\azul-15.0.5\bin\msvcp140.dll
0x00007ffbd8780000 - 0x00007ffbd9312000 	C:\Users\dougl\.jdks\azul-15.0.5\bin\server\jvm.dll
0x00007ffc91880000 - 0x00007ffc9192c000 	C:\Windows\System32\ADVAPI32.dll
0x00007ffc91c50000 - 0x00007ffc91ceb000 	C:\Windows\System32\sechost.dll
0x00007ffc92980000 - 0x00007ffc92aaa000 	C:\Windows\System32\RPCRT4.dll
0x00007ffc91b30000 - 0x00007ffc91b38000 	C:\Windows\System32\PSAPI.DLL
0x00007ffc79ef0000 - 0x00007ffc79ef9000 	C:\Windows\SYSTEM32\WSOCK32.dll
0x00007ffc86710000 - 0x00007ffc86737000 	C:\Windows\SYSTEM32\WINMM.dll
0x00007ffc89390000 - 0x00007ffc8939a000 	C:\Windows\SYSTEM32\VERSION.dll
0x00007ffc91090000 - 0x00007ffc910fb000 	C:\Windows\System32\WS2_32.dll
0x00007ffc8e430000 - 0x00007ffc8e442000 	C:\Windows\SYSTEM32\kernel.appcore.dll
0x00007ffc8cc10000 - 0x00007ffc8cc1a000 	C:\Users\dougl\.jdks\azul-15.0.5\bin\jimage.dll
0x00007ffc8dfd0000 - 0x00007ffc8e1b4000 	C:\Windows\SYSTEM32\DBGHELP.DLL
0x00007ffc78330000 - 0x00007ffc7835c000 	C:\Windows\SYSTEM32\dbgcore.DLL
0x00007ffc90530000 - 0x00007ffc905b3000 	C:\Windows\System32\bcryptPrimitives.dll
0x00007ffc71a30000 - 0x00007ffc71a55000 	C:\Users\dougl\.jdks\azul-15.0.5\bin\java.dll
0x00007ffc91dc0000 - 0x00007ffc924ff000 	C:\Windows\System32\SHELL32.dll
0x00007ffc8e450000 - 0x00007ffc8ebe0000 	C:\Windows\SYSTEM32\windows.storage.dll
0x00007ffc91440000 - 0x00007ffc91795000 	C:\Windows\System32\combase.dll
0x00007ffc8fd80000 - 0x00007ffc8fdae000 	C:\Windows\SYSTEM32\Wldp.dll
0x00007ffc917a0000 - 0x00007ffc9184d000 	C:\Windows\System32\SHCORE.dll
0x00007ffc92b70000 - 0x00007ffc92bc5000 	C:\Windows\System32\shlwapi.dll
0x00007ffc90270000 - 0x00007ffc9028f000 	C:\Windows\SYSTEM32\profapi.dll
0x00007ffc71c90000 - 0x00007ffc71ca9000 	C:\Users\dougl\.jdks\azul-15.0.5\bin\net.dll
0x00007ffc82250000 - 0x00007ffc8235c000 	C:\Windows\SYSTEM32\WINHTTP.dll
0x00007ffc8fae0000 - 0x00007ffc8fb4a000 	C:\Windows\system32\mswsock.dll
0x00007ffc71b40000 - 0x00007ffc71b52000 	C:\Users\dougl\.jdks\azul-15.0.5\bin\nio.dll
0x00007ffc71910000 - 0x00007ffc71928000 	C:\Users\dougl\.jdks\azul-15.0.5\bin\zip.dll
0x000000006e700000 - 0x000000006e72a000 	C:\Users\dougl\AppData\Local\Temp\libgdxdougl\e1cd32f8\gdx64.dll
0x00007ffc7aef0000 - 0x00007ffc7af00000 	C:\Users\dougl\.jdks\azul-15.0.5\bin\verify.dll
0x0000000180000000 - 0x0000000180053000 	C:\Users\dougl\AppData\Local\Temp\libgdxdougl\1cecf4f6\lwjgl64.dll
0x00007ffbf8bd0000 - 0x00007ffbf8cf5000 	C:\Windows\SYSTEM32\OPENGL32.dll
0x00007ffc763b0000 - 0x00007ffc763dc000 	C:\Windows\SYSTEM32\GLU32.dll
0x00000179c2530000 - 0x00000179c2594000 	C:\Users\dougl\AppData\Local\Temp\libgdxdougl\1cecf4f6\OpenAL64.dll
0x00007ffc90cc0000 - 0x00007ffc90dea000 	C:\Windows\System32\ole32.dll
0x00007ffc8d920000 - 0x00007ffc8d9be000 	C:\Windows\system32\uxtheme.dll
0x00007ffbf1630000 - 0x00007ffbf172c000 	C:\ProgramData\A-Volute\DellInc.AlienwareSoundCenter\Modules\ScheduledModules\x64\DellInc.AlienwareSoundCenterDevProps2.dll
0x00007ffbf1730000 - 0x00007ffbf17dd000 	C:\ProgramData\A-Volute\DellInc.AlienwareSoundCenter\Modules\ScheduledModules\x64\NahimicOSD.dll
0x00007ffbf37e0000 - 0x00007ffbf3801000 	C:\ProgramData\A-Volute\DellInc.AlienwareSoundCenter\Modules\ScheduledModules\x64\ProductInfo.dll
0x00007ffc91100000 - 0x00007ffc911a9000 	C:\Windows\System32\clbcatq.dll
0x00007ffc8ab30000 - 0x00007ffc8abb5000 	C:\Windows\System32\MMDevApi.dll
0x00007ffc900d0000 - 0x00007ffc90104000 	C:\Windows\System32\DEVOBJ.dll
0x00007ffc90330000 - 0x00007ffc9037e000 	C:\Windows\System32\cfgmgr32.dll
0x00007ffc8ac90000 - 0x00007ffc8ae11000 	C:\Windows\SYSTEM32\AudioSes.dll
0x00007ffc91cf0000 - 0x00007ffc91dbd000 	C:\Windows\System32\OLEAUT32.dll
0x00007ffc8f8f0000 - 0x00007ffc8f93b000 	C:\Windows\SYSTEM32\powrprof.dll
0x00007ffc8f760000 - 0x00007ffc8f772000 	C:\Windows\SYSTEM32\UMPDC.dll
0x00007ffc8b690000 - 0x00007ffc8b786000 	C:\Windows\SYSTEM32\PropSys.dll
0x00007ffc82d80000 - 0x00007ffc82e1c000 	C:\Windows\SYSTEM32\dsound.dll
0x00007ffc82b00000 - 0x00007ffc82b26000 	C:\Windows\SYSTEM32\winmmbase.dll
0x00007ffc8dab0000 - 0x00007ffc8dac4000 	C:\Windows\SYSTEM32\resourcepolicyclient.dll
0x00007ffc89560000 - 0x00007ffc8960e000 	C:\Windows\SYSTEM32\mscms.dll
0x00007ffc8a050000 - 0x00007ffc8a061000 	C:\Windows\SYSTEM32\ColorAdapterClient.dll
0x00007ffc901f0000 - 0x00007ffc9021e000 	C:\Windows\SYSTEM32\USERENV.dll
0x00007ffc91a10000 - 0x00007ffc91b25000 	C:\Windows\System32\MSCTF.dll
0x00007ffc6ef60000 - 0x00007ffc6f059000 	C:\Windows\SYSTEM32\textinputframework.dll
0x00007ffc8d010000 - 0x00007ffc8d36e000 	C:\Windows\System32\CoreUIComponents.dll
0x00007ffc8d370000 - 0x00007ffc8d462000 	C:\Windows\System32\CoreMessaging.dll
0x00007ffc8bb40000 - 0x00007ffc8bc94000 	C:\Windows\SYSTEM32\wintypes.dll
0x00007ffc8f140000 - 0x00007ffc8f173000 	C:\Windows\SYSTEM32\ntmarta.dll
0x00007ffc78360000 - 0x00007ffc783c6000 	C:\Windows\system32\Oleacc.dll
0x00007ffc8a3b0000 - 0x00007ffc8a4a9000 	C:\Windows\System32\AppXDeploymentClient.dll
0x00007ffba9b70000 - 0x00007ffbac687000 	C:\Windows\System32\DriverStore\FileRepository\nvddi.inf_amd64_825a4c41796dab48\nvoglv64.dll
0x00007ffc92500000 - 0x00007ffc92972000 	C:\Windows\System32\SETUPAPI.dll
0x00007ffc90b30000 - 0x00007ffc90b57000 	C:\Windows\System32\bcrypt.dll
0x00007ffc8b850000 - 0x00007ffc8b864000 	C:\Windows\SYSTEM32\WTSAPI32.dll
0x00007ffc8ff10000 - 0x00007ffc8ff22000 	C:\Windows\SYSTEM32\msasn1.dll
0x00007ffc89120000 - 0x00007ffc89151000 	C:\Windows\SYSTEM32\cryptnet.dll
0x00007ffc909d0000 - 0x00007ffc90b26000 	C:\Windows\System32\CRYPT32.dll
0x00007ffc87920000 - 0x00007ffc87a6a000 	C:\Windows\SYSTEM32\drvstore.dll
0x00007ffc8fcf0000 - 0x00007ffc8fcfc000 	C:\Windows\SYSTEM32\cryptbase.dll
0x00007ffc90380000 - 0x00007ffc903e0000 	C:\Windows\System32\WINTRUST.dll
0x00007ffc8b2b0000 - 0x00007ffc8b2eb000 	C:\Windows\SYSTEM32\dxcore.dll
0x00007ffc582a0000 - 0x00007ffc58563000 	C:\Windows\system32\nvspcap64.dll
0x00007ffc8dbb0000 - 0x00007ffc8dbdf000 	C:\Windows\SYSTEM32\dwmapi.dll
0x00007ffc89090000 - 0x00007ffc890d3000 	C:\Windows\SYSTEM32\icm32.dll
0x00007ffc8f0e0000 - 0x00007ffc8f13a000 	C:\Windows\SYSTEM32\WINSTA.dll
0x00007ffc81890000 - 0x00007ffc81a5e000 	C:\Windows\SYSTEM32\d3d9.dll
0x00007ffc91c20000 - 0x00007ffc91c3d000 	C:\Windows\System32\imagehlp.dll
0x00007ffc8fcd0000 - 0x00007ffc8fce8000 	C:\Windows\SYSTEM32\CRYPTSP.dll
0x00007ffc8f3f0000 - 0x00007ffc8f424000 	C:\Windows\system32\rsaenh.dll
0x0000000066b00000 - 0x0000000066b5b000 	C:\Users\dougl\AppData\Local\Temp\libgdxdougl\a14961b7\gdx-box2d64.dll

dbghelp: loaded successfully - version: 4.0.5 - missing functions: none
symbol engine: initialized successfully - sym options: 0x614 - pdb path: .;C:\Users\dougl\.jdks\azul-15.0.5\bin;C:\Windows\SYSTEM32;C:\Windows\WinSxS\amd64_microsoft.windows.common-controls_6595b64144ccf1df_6.0.19041.1110_none_60b5254171f9507e;C:\Users\dougl\.jdks\azul-15.0.5\bin\server;C:\Users\dougl\AppData\Local\Temp\libgdxdougl\e1cd32f8;C:\Users\dougl\AppData\Local\Temp\libgdxdougl\1cecf4f6;C:\ProgramData\A-Volute\DellInc.AlienwareSoundCenter\Modules\ScheduledModules\x64;C:\Windows\System32\DriverStore\FileRepository\nvddi.inf_amd64_825a4c41796dab48;C:\Users\dougl\AppData\Local\Temp\libgdxdougl\a14961b7

VM Arguments:
jvm_args: -Dfile.encoding=windows-1252 -Duser.country=CA -Duser.language=en -Duser.variant 
java_command: com.mygdx.game.desktop.DesktopLauncher
java_class_path (initial): D:\Documents\GitHub\PortalGame\PortalGame\desktop\build\classes\java\main;D:\Documents\GitHub\PortalGame\PortalGame\desktop\build\resources\main;C:\Users\dougl\.gradle\caches\modules-2\files-2.1\com.badlogicgames.gdx\gdx-tools\1.10.0\d699cf4953fb42a071c7c3feb9b5c45601aa6a4b\gdx-tools-1.10.0.jar;C:\Users\dougl\.gradle\caches\modules-2\files-2.1\com.badlogicgames.gdx\gdx-backend-lwjgl\1.10.0\58ff89d9e4fd8a82591367f187d606e781cacc05\gdx-backend-lwjgl-1.10.0.jar;C:\Users\dougl\.gradle\caches\modules-2\files-2.1\com.badlogicgames.gdx\gdx-platform\1.10.0\9a8fa793d2fd6d360afc6c9e4c1f5583da263b88\gdx-platform-1.10.0-natives-desktop.jar;C:\Users\dougl\.gradle\caches\modules-2\files-2.1\com.badlogicgames.gdx\gdx-box2d-platform\1.10.0\588c4191c5a64ed39365e71484aa37d81c38eb5e\gdx-box2d-platform-1.10.0-natives-desktop.jar;C:\Users\dougl\.gradle\caches\modules-2\files-2.1\com.badlogicgames.gdx\gdx-bullet-platform\1.10.0\ce92e8dfc762523d769cbc50853163c03bf98cf1\gdx-bullet-platform-1.10.0-natives-desktop.jar;C:\Users\dougl\.gradle\caches\modules-2\files-2.1\com.badlogicgames.gdx\gdx-freetype-platform\1.10.0\6e5d28752759e69384f12e4569d2c884ff71352f\gdx-freetype-platform-1.10.0-natives-desktop.jar;D:\Documents\GitHub\PortalGame\PortalGame\core\build\libs\core-1.0.jar;C:\Users\dougl\.gradle\caches\modules-2\files-2.1\com.badlogicgames.gdx\gdx-backend-headless\1.10.0\990eadbb431197c5b9b816d1659c772e0268e65\gdx-backend-headless-1.10.0.jar;C:\Users\dougl\.gradle\caches\modules-2\files-2.1\com.badlogicgames.gdx\gdx-freetype\1.10.0\de1d0d5c1e92e8d91364256fd6b7bb279d3e9859\gdx-freetype-1.10.0.jar;C:\Users\dougl\.gradle\caches\modules-2\files-2.1\com.badlogicgames.box2dlights\box2dlights\1.5\6902dbcd250c95a27973aa24a147a95b3828d348\box2dlights-1.5.jar;C:\Users\dougl\.gradle\caches\modules-2\files-2.1\com.badlogicgames.gdx\gdx-box2d\1.10.0\b3a3c0f00b90716238835434d0ae8985604c37f8\gdx-box2d-1.10.0.jar;C:\Users\dougl\.gradle\caches\modules-2\files-2.1\com.badlogicga
Launcher Type: SUN_STANDARD

[Global flags]
     intx CICompilerCount                          = 12                                        {product} {ergonomic}
     uint ConcGCThreads                            = 3                                         {product} {ergonomic}
     uint G1ConcRefinementThreads                  = 13                                        {product} {ergonomic}
   size_t G1HeapRegionSize                         = 2097152                                   {product} {ergonomic}
    uintx GCDrainStackTargetSize                   = 64                                        {product} {ergonomic}
   size_t InitialHeapSize                          = 266338304                                 {product} {ergonomic}
   size_t MarkStackSize                            = 4194304                                   {product} {ergonomic}
   size_t MaxHeapSize                              = 4236247040                                {product} {ergonomic}
   size_t MaxNewSize                               = 2541748224                                {product} {ergonomic}
   size_t MinHeapDeltaBytes                        = 2097152                                   {product} {ergonomic}
   size_t MinHeapSize                              = 8388608                                   {product} {ergonomic}
    uintx NonNMethodCodeHeapSize                   = 7602480                                {pd product} {ergonomic}
    uintx NonProfiledCodeHeapSize                  = 122027880                              {pd product} {ergonomic}
    uintx ProfiledCodeHeapSize                     = 122027880                              {pd product} {ergonomic}
    uintx ReservedCodeCacheSize                    = 251658240                              {pd product} {ergonomic}
     bool SegmentedCodeCache                       = true                                      {product} {ergonomic}
   size_t SoftMaxHeapSize                          = 4236247040                             {manageable} {ergonomic}
     bool UseCompressedClassPointers               = true                                 {lp64_product} {ergonomic}
     bool UseCompressedOops                        = true                                 {lp64_product} {ergonomic}
     bool UseG1GC                                  = true                                      {product} {ergonomic}
     bool UseLargePagesIndividualAllocation        = false                                  {pd product} {ergonomic}

Logging:
Log output configuration:
 #0: stdout all=warning uptime,level,tags
 #1: stderr all=off uptime,level,tags

Environment Variables:
PATH=C:\Program Files (x86)\Common Files\Oracle\Java\javapath;C:\Windows\system32;C:\Windows;C:\Windows\System32\Wbem;C:\Windows\System32\WindowsPowerShell\v1.0\;C:\Windows\System32\OpenSSH\;C:\Program Files\NVIDIA Corporation\NVIDIA NvDLISR;C:\Program Files\dotnet\;C:\Program Files\Git\cmd;C:\ProgramData\chocolatey\bin;C:\Program Files (x86)\NVIDIA Corporation\PhysX\Common;C:\msys64\mingw64\bin;C:\Users\dougl\AppData\Local\Microsoft\WindowsApps;C:\Users\dougl\AppData\Local\Programs\Microsoft VS Code\bin;C:\Users\dougl\.dotnet\tools;C:\Users\dougl\AppData\Local\GitHubDesktop\bin;D:\Apps\IntelliJ IDEA\IntelliJ IDEA Community Edition 2021.3\bin;
USERNAME=dougl
OS=Windows_NT
PROCESSOR_IDENTIFIER=Intel64 Family 6 Model 165 Stepping 5, GenuineIntel



---------------  S Y S T E M  ---------------

OS:
 Windows 10 , 64 bit Build 19041 (10.0.19041.1348)
OS uptime: 2 days 23:45 hours

CPU: total 16 (initial active 16) (8 cores per cpu, 2 threads per core) family 6 model 165 stepping 5 microcode 0xec, cmov, cx8, fxsr, mmx, sse, sse2, sse3, ssse3, sse4.1, sse4.2, popcnt, vzeroupper, avx, avx2, aes, clmul, erms, 3dnowpref, lzcnt, ht, tsc, tscinvbit, bmi1, bmi2, adx, fma, clflush, clflushopt

Memory: 4k page, system-wide physical 16154M (3316M free)
TotalPageFile size 31002M (AvailPageFile size 8535M)
current process WorkingSet (physical memory assigned to process): 111M, peak: 126M
current process commit charge ("private bytes"): 446M, peak: 462M

vm_info: OpenJDK 64-Bit Server VM (15.0.5+3-MTS) for windows-amd64 JRE (15.0.5+3-MTS) (Zulu15.36+13-CA), built on Oct  8 2021 11:07:26 by "zulu_re" with MS VC++ 15.9 (VS2017)

END.
