#
# A fatal error has been detected by the Java Runtime Environment:
#
#  EXCEPTION_ACCESS_VIOLATION (0xc0000005) at pc=0x0000000066b2154e, pid=4916, tid=29896
#
# JRE version: OpenJDK Runtime Environment Zulu15.36+13-CA (15.0.5+3) (build 15.0.5+3-MTS)
# Java VM: OpenJDK 64-Bit Server VM Zulu15.36+13-CA (15.0.5+3-MTS, mixed mode, sharing, tiered, compressed oops, g1 gc, windows-amd64)
# Problematic frame:
# C  [gdx-box2d64.dll+0x2154e]
#
# No core dump will be written. Minidumps are not enabled by default on client versions of Windows
#
# If you would like to submit a bug report, please visit:
#   http://www.azul.com/support/
# The crash happened outside the Java Virtual Machine in native code.
# See problematic frame for where to report the bug.
#

---------------  S U M M A R Y ------------

Command Line: -Dfile.encoding=windows-1252 -Duser.country=CA -Duser.language=en -Duser.variant com.mygdx.game.desktop.DesktopLauncher

Host: Intel(R) Core(TM) i7-10700F CPU @ 2.90GHz, 16 cores, 15G,  Windows 10 , 64 bit Build 19041 (10.0.19041.1348)
Time: Tue Dec 21 15:13:01 2021 Eastern Standard Time elapsed time: 6.613331 seconds (0d 0h 0m 6s)

---------------  T H R E A D  ---------------

Current thread (0x000001fee55e26e0):  JavaThread "LWJGL Application" [_thread_in_native, id=29896, stack(0x0000000726300000,0x0000000726400000)]

Stack: [0x0000000726300000,0x0000000726400000],  sp=0x00000007263fece0,  free space=1019k
Native frames: (J=compiled Java code, j=interpreted, Vv=VM code, C=native code)
C  [gdx-box2d64.dll+0x2154e]

Java frames: (J=compiled Java code, j=interpreted, Vv=VM code)
j  com.badlogic.gdx.physics.box2d.World.jniDestroyBody(JJ)V+0
j  com.badlogic.gdx.physics.box2d.World.destroyBody(Lcom/badlogic/gdx/physics/box2d/Body;)V+42
j  com.mygdx.game.Entity.dispose()V+8
j  com.mygdx.game.MyGdxGame.dispose()V+82
j  com.badlogic.gdx.backends.lwjgl.LwjglApplication.mainLoop()V+924
j  com.badlogic.gdx.backends.lwjgl.LwjglApplication$1.run()V+27
v  ~StubRoutines::call_stub

siginfo: EXCEPTION_ACCESS_VIOLATION (0xc0000005), reading address 0x000001fee6a34fb8


Register to memory mapping:

RIP=0x0000000066b2154e gdx-box2d64.dll
RAX=0x0000000000000008 is an unknown value
RBX=0x000001fee6a1bd20 points into unknown readable memory: 0x000001febe020150 | 50 01 02 be fe 01 00 00
RCX=0x000001fee6a1bd20 points into unknown readable memory: 0x000001febe020150 | 50 01 02 be fe 01 00 00
RDX=0x000001fee6a6fac0 points into unknown readable memory: 0x0000003600000002 | 02 00 00 00 36 00 00 00
RSP=0x00000007263fece0 is pointing into the stack for thread: 0x000001fee55e26e0
RBP=0x00000007263fee48 is pointing into the stack for thread: 0x000001fee55e26e0
RSI=0x000001fee6a1bd20 points into unknown readable memory: 0x000001febe020150 | 50 01 02 be fe 01 00 00
RDI=0x000001fee6a6fac0 points into unknown readable memory: 0x0000003600000002 | 02 00 00 00 36 00 00 00
R8 =0x000001fee6a1bd20 points into unknown readable memory: 0x000001febe020150 | 50 01 02 be fe 01 00 00
R9 =0x000001fee6a6fac0 points into unknown readable memory: 0x0000003600000002 | 02 00 00 00 36 00 00 00
R10=0x000001fec851f148 is at code_begin+1000 in an Interpreter codelet
method entry point (kind = native)  [0x000001fec851ed60, 0x000001fec851f7e0]  2688 bytes
R11=0x0000000000000102 is an unknown value
R12=0x0 is NULL
R13={method} {0x000001fee4ac3ab0} 'jniDestroyBody' '(JJ)V' in 'com/badlogic/gdx/physics/box2d/World'
R14=0x00000007263fee88 is pointing into the stack for thread: 0x000001fee55e26e0
R15=0x000001fee55e26e0 is a thread


Registers:
RAX=0x0000000000000008, RBX=0x000001fee6a1bd20, RCX=0x000001fee6a1bd20, RDX=0x000001fee6a6fac0
RSP=0x00000007263fece0, RBP=0x00000007263fee48, RSI=0x000001fee6a1bd20, RDI=0x000001fee6a6fac0
R8 =0x000001fee6a1bd20, R9 =0x000001fee6a6fac0, R10=0x000001fec851f148, R11=0x0000000000000102
R12=0x0000000000000000, R13=0x000001fee4ac3aa8, R14=0x00000007263fee88, R15=0x000001fee55e26e0
RIP=0x0000000066b2154e, EFLAGS=0x0000000000010202

Top of Stack: (sp=0x00000007263fece0)
0x00000007263fece0:   000001fee4d400c0 0000002800000003
0x00000007263fecf0:   00000007263fee48 000001fee55e26e0
0x00000007263fed00:   000001fee6a1bd20 000001fee6a6fac0
0x00000007263fed10:   00000000000001d0 00000007263fee48
0x00000007263fed20:   0000000000000000 0000000066b26a9d
0x00000007263fed30:   00000007263fee48 00007ffbcf93e3d7
0x00000007263fed40:   00000007263fed60 000001fee4f670b0
0x00000007263fed50:   0000000066b487e0 000001fee55e2a08
0x00000007263fed60:   00000007263fee88 000001fee55e26e0
0x00000007263fed70:   0000000066b48840 000001fee55e2a08
0x00000007263fed80:   00000007263fee88 000001fee4ac3aa8
0x00000007263fed90:   000001fee4ac3aa8 000001fee4ac3aa8
0x00000007263feda0:   0000000000000148 000001fec851f177
0x00000007263fedb0:   000001fee4ac3aa8 000001fee55e26e0
0x00000007263fedc0:   00000000000001d0 000001fec851ee5c
0x00000007263fedd0:   000001fee4ac3aa8 0000000000000148 

Instructions: (pc=0x0000000066b2154e)
0x0000000066b2144e:   1f 00 48 8b 40 18 48 85 c0 74 16 48 3b 30 75 f2
0x0000000066b2145e:   48 8b 50 08 48 8b 40 18 83 4a 08 08 48 85 c0 75
0x0000000066b2146e:   ea 48 83 c4 20 5b 5e 5f 5d 41 5c c3 66 0f 1f 44
0x0000000066b2147e:   00 00 83 c8 02 c7 85 ac 00 00 00 00 00 00 00 66
0x0000000066b2148e:   89 45 04 e9 04 ff ff ff 66 2e 0f 1f 84 00 00 00
0x0000000066b2149e:   00 00 48 8d 15 49 34 02 00 48 8d 0d a0 34 02 00
0x0000000066b214ae:   41 b8 12 01 00 00 e8 17 51 01 00 f6 87 98 92 01
0x0000000066b214be:   00 02 0f 84 77 fe ff ff 48 83 c4 20 5b 5e 5f 5d
0x0000000066b214ce:   41 5c c3 48 89 97 28 93 01 00 e9 90 fe ff ff 0f
0x0000000066b214de:   1f 00 48 89 96 80 00 00 00 e9 dd fe ff ff 0f 1f
0x0000000066b214ee:   40 00 48 89 95 80 00 00 00 e9 0c ff ff ff 0f 1f
0x0000000066b214fe:   40 00 48 8d 15 e9 33 02 00 48 8d 0d 54 34 02 00
0x0000000066b2150e:   41 b8 5a 01 00 00 e8 b7 50 01 00 8b 87 34 93 01
0x0000000066b2151e:   00 e9 0d ff ff ff 66 90 66 2e 0f 1f 84 00 00 00
0x0000000066b2152e:   00 00 41 54 55 57 56 53 48 83 ec 20 8b 81 30 93
0x0000000066b2153e:   01 00 48 89 ce 48 89 d7 85 c0 0f 8e 93 01 00 00
0x0000000066b2154e:   f6 86 98 92 01 00 02 0f 85 55 01 00 00 48 8b 9f
0x0000000066b2155e:   80 00 00 00 48 85 db 74 3e 66 0f 1f 84 00 00 00
0x0000000066b2156e:   00 00 48 8b 8e 48 93 01 00 48 8b 6b 18 48 85 c9
0x0000000066b2157e:   74 0a 48 8b 01 48 8b 53 08 ff 50 10 48 8b 53 08
0x0000000066b2158e:   48 89 f1 48 89 eb e8 87 fd ff ff 48 85 ed 48 89
0x0000000066b2159e:   af 80 00 00 00 75 cb 48 8b 87 88 00 00 00 48 c7
0x0000000066b215ae:   87 80 00 00 00 00 00 00 00 48 8d ae a0 92 01 00
0x0000000066b215be:   48 85 c0 74 18 48 8b 58 18 48 8b 50 08 48 89 e9
0x0000000066b215ce:   e8 0d dd ff ff 48 85 db 48 89 d8 75 e8 48 8b 5f
0x0000000066b215de:   70 48 c7 87 88 00 00 00 00 00 00 00 4c 8d a6 a0
0x0000000066b215ee:   92 01 00 48 85 db 74 5a 66 2e 0f 1f 84 00 00 00
0x0000000066b215fe:   00 00 48 8b 8e 48 93 01 00 48 8b 6b 08 48 85 c9
0x0000000066b2160e:   74 09 48 8b 01 48 89 da ff 50 18 48 89 d9 4c 89
0x0000000066b2161e:   e2 e8 7c e4 ff ff 48 89 d9 48 89 f2 e8 61 e2 ff
0x0000000066b2162e:   ff 48 89 da 41 b8 48 00 00 00 48 89 f1 e8 60 a7
0x0000000066b2163e:   fe ff 83 6f 78 01 48 85 ed 48 89 6f 70 48 89 eb 


Stack slot to memory mapping:
stack at sp + 0 slots: 0x000001fee4d400c0 points into unknown readable memory: 0x00007ffbcfe01b08 | 08 1b e0 cf fb 7f 00 00
stack at sp + 1 slots: 0x0000002800000003 is an unknown value
stack at sp + 2 slots: 0x00000007263fee48 is pointing into the stack for thread: 0x000001fee55e26e0
stack at sp + 3 slots: 0x000001fee55e26e0 is a thread
stack at sp + 4 slots: 0x000001fee6a1bd20 points into unknown readable memory: 0x000001febe020150 | 50 01 02 be fe 01 00 00
stack at sp + 5 slots: 0x000001fee6a6fac0 points into unknown readable memory: 0x0000003600000002 | 02 00 00 00 36 00 00 00
stack at sp + 6 slots: 0x00000000000001d0 is an unknown value
stack at sp + 7 slots: 0x00000007263fee48 is pointing into the stack for thread: 0x000001fee55e26e0


---------------  P R O C E S S  ---------------

Threads class SMR info:
_java_thread_list=0x000001fee9925ff0, length=13, elements={
0x000001fee4c69910, 0x000001fee4c6bfe0, 0x000001fee4c81ba0, 0x000001fee4c84470,
0x000001fee4c84f20, 0x000001fee4c89200, 0x000001fee4c93d20, 0x000001fee4c95730,
0x000001fee4dd5af0, 0x000001fee4dd8cd0, 0x000001fee55e26e0, 0x000001febffef600,
0x000001fee9b7c330
}

Java Threads: ( => current thread )
  0x000001fee4c69910 JavaThread "Reference Handler" daemon [_thread_blocked, id=27872, stack(0x0000000725a00000,0x0000000725b00000)]
  0x000001fee4c6bfe0 JavaThread "Finalizer" daemon [_thread_blocked, id=9996, stack(0x0000000725b00000,0x0000000725c00000)]
  0x000001fee4c81ba0 JavaThread "Signal Dispatcher" daemon [_thread_blocked, id=24324, stack(0x0000000725c00000,0x0000000725d00000)]
  0x000001fee4c84470 JavaThread "Attach Listener" daemon [_thread_blocked, id=21892, stack(0x0000000725d00000,0x0000000725e00000)]
  0x000001fee4c84f20 JavaThread "Service Thread" daemon [_thread_blocked, id=29984, stack(0x0000000725e00000,0x0000000725f00000)]
  0x000001fee4c89200 JavaThread "C2 CompilerThread0" daemon [_thread_blocked, id=25796, stack(0x0000000725f00000,0x0000000726000000)]
  0x000001fee4c93d20 JavaThread "C1 CompilerThread0" daemon [_thread_blocked, id=18204, stack(0x0000000726000000,0x0000000726100000)]
  0x000001fee4c95730 JavaThread "Sweeper thread" daemon [_thread_blocked, id=12372, stack(0x0000000726100000,0x0000000726200000)]
  0x000001fee4dd5af0 JavaThread "Notification Thread" daemon [_thread_blocked, id=30132, stack(0x0000000726400000,0x0000000726500000)]
  0x000001fee4dd8cd0 JavaThread "Common-Cleaner" daemon [_thread_blocked, id=30328, stack(0x0000000726600000,0x0000000726700000)]
=>0x000001fee55e26e0 JavaThread "LWJGL Application" [_thread_in_native, id=29896, stack(0x0000000726300000,0x0000000726400000)]
  0x000001febffef600 JavaThread "DestroyJavaVM" [_thread_blocked, id=15840, stack(0x0000000725300000,0x0000000725400000)]
  0x000001fee9b7c330 JavaThread "LWJGL Timer" daemon [_thread_blocked, id=10688, stack(0x0000000727400000,0x0000000727500000)]

Other Threads:
  0x000001fee4c68090 VMThread "VM Thread" [stack: 0x0000000725900000,0x0000000725a00000] [id=23028]
  0x000001fee4dd5fc0 WatcherThread [stack: 0x0000000726500000,0x0000000726600000] [id=1448]
  0x000001fec00427e0 GCTaskThread "GC Thread#0" [stack: 0x0000000725400000,0x0000000725500000] [id=2836]
  0x000001fec0054740 ConcurrentGCThread "G1 Main Marker" [stack: 0x0000000725500000,0x0000000725600000] [id=24772]
  0x000001fec0055bf0 ConcurrentGCThread "G1 Conc#0" [stack: 0x0000000725600000,0x0000000725700000] [id=25748]
  0x000001fec00c1b60 ConcurrentGCThread "G1 Refine#0" [stack: 0x0000000725700000,0x0000000725800000] [id=30288]
  0x000001fec00c3a90 ConcurrentGCThread "G1 Young RemSet Sampling" [stack: 0x0000000725800000,0x0000000725900000] [id=26756]

Threads with active compile tasks:

VM state: not at safepoint (normal execution)

VM Mutex/Monitor currently owned by a thread: None

Heap address: 0x00000004d7a00000, size: 4040 MB, Compressed Oops mode: Zero based, Oop shift amount: 3
CDS archive(s) mapped at: [0x0000000800000000-0x0000000800b50000-0x0000000800b50000), size 11862016, SharedBaseAddress: 0x0000000800000000, ArchiveRelocationMode: 0.
Compressed class space mapped at: 0x0000000800b50000-0x0000000840b50000, size: 1073741824
Narrow klass base: 0x0000000800000000, Narrow klass shift: 3, Narrow klass range: 0x100000000

GC Precious Log:
 CPUs: 16 total, 16 available
 Memory: 16154M
 Large Page Support: Disabled
 NUMA Support: Disabled
 Compressed Oops: Enabled (Zero based)
 Heap Region Size: 2M
 Heap Min Capacity: 8M
 Heap Initial Capacity: 254M
 Heap Max Capacity: 4040M
 Pre-touch: Disabled
 Parallel Workers: 13
 Concurrent Workers: 3
 Concurrent Refinement Workers: 13
 Periodic GC: Disabled

Heap:
 garbage-first heap   total 260096K, used 18432K [0x00000004d7a00000, 0x00000005d4200000)
  region size 2048K, 10 young (20480K), 0 survivors (0K)
 Metaspace       used 4883K, capacity 7838K, committed 8064K, reserved 1056768K
  class space    used 324K, capacity 617K, committed 640K, reserved 1048576K

Heap Regions: E=young(eden), S=young(survivor), O=old, HS=humongous(starts), HC=humongous(continues), CS=collection set, F=free, OA=open archive, CA=closed archive, TAMS=top-at-mark-start (previous, next)
|   0|0x00000004d7a00000, 0x00000004d7a00000, 0x00000004d7c00000|  0%| F|  |TAMS 0x00000004d7a00000, 0x00000004d7a00000| Untracked 
|   1|0x00000004d7c00000, 0x00000004d7c00000, 0x00000004d7e00000|  0%| F|  |TAMS 0x00000004d7c00000, 0x00000004d7c00000| Untracked 
|   2|0x00000004d7e00000, 0x00000004d7e00000, 0x00000004d8000000|  0%| F|  |TAMS 0x00000004d7e00000, 0x00000004d7e00000| Untracked 
|   3|0x00000004d8000000, 0x00000004d8000000, 0x00000004d8200000|  0%| F|  |TAMS 0x00000004d8000000, 0x00000004d8000000| Untracked 
|   4|0x00000004d8200000, 0x00000004d8200000, 0x00000004d8400000|  0%| F|  |TAMS 0x00000004d8200000, 0x00000004d8200000| Untracked 
|   5|0x00000004d8400000, 0x00000004d8400000, 0x00000004d8600000|  0%| F|  |TAMS 0x00000004d8400000, 0x00000004d8400000| Untracked 
|   6|0x00000004d8600000, 0x00000004d8600000, 0x00000004d8800000|  0%| F|  |TAMS 0x00000004d8600000, 0x00000004d8600000| Untracked 
|   7|0x00000004d8800000, 0x00000004d8800000, 0x00000004d8a00000|  0%| F|  |TAMS 0x00000004d8800000, 0x00000004d8800000| Untracked 
|   8|0x00000004d8a00000, 0x00000004d8a00000, 0x00000004d8c00000|  0%| F|  |TAMS 0x00000004d8a00000, 0x00000004d8a00000| Untracked 
|   9|0x00000004d8c00000, 0x00000004d8c00000, 0x00000004d8e00000|  0%| F|  |TAMS 0x00000004d8c00000, 0x00000004d8c00000| Untracked 
|  10|0x00000004d8e00000, 0x00000004d8e00000, 0x00000004d9000000|  0%| F|  |TAMS 0x00000004d8e00000, 0x00000004d8e00000| Untracked 
|  11|0x00000004d9000000, 0x00000004d9000000, 0x00000004d9200000|  0%| F|  |TAMS 0x00000004d9000000, 0x00000004d9000000| Untracked 
|  12|0x00000004d9200000, 0x00000004d9200000, 0x00000004d9400000|  0%| F|  |TAMS 0x00000004d9200000, 0x00000004d9200000| Untracked 
|  13|0x00000004d9400000, 0x00000004d9400000, 0x00000004d9600000|  0%| F|  |TAMS 0x00000004d9400000, 0x00000004d9400000| Untracked 
|  14|0x00000004d9600000, 0x00000004d9600000, 0x00000004d9800000|  0%| F|  |TAMS 0x00000004d9600000, 0x00000004d9600000| Untracked 
|  15|0x00000004d9800000, 0x00000004d9800000, 0x00000004d9a00000|  0%| F|  |TAMS 0x00000004d9800000, 0x00000004d9800000| Untracked 
|  16|0x00000004d9a00000, 0x00000004d9a00000, 0x00000004d9c00000|  0%| F|  |TAMS 0x00000004d9a00000, 0x00000004d9a00000| Untracked 
|  17|0x00000004d9c00000, 0x00000004d9c00000, 0x00000004d9e00000|  0%| F|  |TAMS 0x00000004d9c00000, 0x00000004d9c00000| Untracked 
|  18|0x00000004d9e00000, 0x00000004d9e00000, 0x00000004da000000|  0%| F|  |TAMS 0x00000004d9e00000, 0x00000004d9e00000| Untracked 
|  19|0x00000004da000000, 0x00000004da000000, 0x00000004da200000|  0%| F|  |TAMS 0x00000004da000000, 0x00000004da000000| Untracked 
|  20|0x00000004da200000, 0x00000004da200000, 0x00000004da400000|  0%| F|  |TAMS 0x00000004da200000, 0x00000004da200000| Untracked 
|  21|0x00000004da400000, 0x00000004da400000, 0x00000004da600000|  0%| F|  |TAMS 0x00000004da400000, 0x00000004da400000| Untracked 
|  22|0x00000004da600000, 0x00000004da600000, 0x00000004da800000|  0%| F|  |TAMS 0x00000004da600000, 0x00000004da600000| Untracked 
|  23|0x00000004da800000, 0x00000004da800000, 0x00000004daa00000|  0%| F|  |TAMS 0x00000004da800000, 0x00000004da800000| Untracked 
|  24|0x00000004daa00000, 0x00000004daa00000, 0x00000004dac00000|  0%| F|  |TAMS 0x00000004daa00000, 0x00000004daa00000| Untracked 
|  25|0x00000004dac00000, 0x00000004dac00000, 0x00000004dae00000|  0%| F|  |TAMS 0x00000004dac00000, 0x00000004dac00000| Untracked 
|  26|0x00000004dae00000, 0x00000004dae00000, 0x00000004db000000|  0%| F|  |TAMS 0x00000004dae00000, 0x00000004dae00000| Untracked 
|  27|0x00000004db000000, 0x00000004db000000, 0x00000004db200000|  0%| F|  |TAMS 0x00000004db000000, 0x00000004db000000| Untracked 
|  28|0x00000004db200000, 0x00000004db200000, 0x00000004db400000|  0%| F|  |TAMS 0x00000004db200000, 0x00000004db200000| Untracked 
|  29|0x00000004db400000, 0x00000004db400000, 0x00000004db600000|  0%| F|  |TAMS 0x00000004db400000, 0x00000004db400000| Untracked 
|  30|0x00000004db600000, 0x00000004db600000, 0x00000004db800000|  0%| F|  |TAMS 0x00000004db600000, 0x00000004db600000| Untracked 
|  31|0x00000004db800000, 0x00000004db800000, 0x00000004dba00000|  0%| F|  |TAMS 0x00000004db800000, 0x00000004db800000| Untracked 
|  32|0x00000004dba00000, 0x00000004dba00000, 0x00000004dbc00000|  0%| F|  |TAMS 0x00000004dba00000, 0x00000004dba00000| Untracked 
|  33|0x00000004dbc00000, 0x00000004dbc00000, 0x00000004dbe00000|  0%| F|  |TAMS 0x00000004dbc00000, 0x00000004dbc00000| Untracked 
|  34|0x00000004dbe00000, 0x00000004dbe00000, 0x00000004dc000000|  0%| F|  |TAMS 0x00000004dbe00000, 0x00000004dbe00000| Untracked 
|  35|0x00000004dc000000, 0x00000004dc000000, 0x00000004dc200000|  0%| F|  |TAMS 0x00000004dc000000, 0x00000004dc000000| Untracked 
|  36|0x00000004dc200000, 0x00000004dc200000, 0x00000004dc400000|  0%| F|  |TAMS 0x00000004dc200000, 0x00000004dc200000| Untracked 
|  37|0x00000004dc400000, 0x00000004dc400000, 0x00000004dc600000|  0%| F|  |TAMS 0x00000004dc400000, 0x00000004dc400000| Untracked 
|  38|0x00000004dc600000, 0x00000004dc600000, 0x00000004dc800000|  0%| F|  |TAMS 0x00000004dc600000, 0x00000004dc600000| Untracked 
|  39|0x00000004dc800000, 0x00000004dc800000, 0x00000004dca00000|  0%| F|  |TAMS 0x00000004dc800000, 0x00000004dc800000| Untracked 
|  40|0x00000004dca00000, 0x00000004dca00000, 0x00000004dcc00000|  0%| F|  |TAMS 0x00000004dca00000, 0x00000004dca00000| Untracked 
|  41|0x00000004dcc00000, 0x00000004dcc00000, 0x00000004dce00000|  0%| F|  |TAMS 0x00000004dcc00000, 0x00000004dcc00000| Untracked 
|  42|0x00000004dce00000, 0x00000004dce00000, 0x00000004dd000000|  0%| F|  |TAMS 0x00000004dce00000, 0x00000004dce00000| Untracked 
|  43|0x00000004dd000000, 0x00000004dd000000, 0x00000004dd200000|  0%| F|  |TAMS 0x00000004dd000000, 0x00000004dd000000| Untracked 
|  44|0x00000004dd200000, 0x00000004dd200000, 0x00000004dd400000|  0%| F|  |TAMS 0x00000004dd200000, 0x00000004dd200000| Untracked 
|  45|0x00000004dd400000, 0x00000004dd400000, 0x00000004dd600000|  0%| F|  |TAMS 0x00000004dd400000, 0x00000004dd400000| Untracked 
|  46|0x00000004dd600000, 0x00000004dd600000, 0x00000004dd800000|  0%| F|  |TAMS 0x00000004dd600000, 0x00000004dd600000| Untracked 
|  47|0x00000004dd800000, 0x00000004dd800000, 0x00000004dda00000|  0%| F|  |TAMS 0x00000004dd800000, 0x00000004dd800000| Untracked 
|  48|0x00000004dda00000, 0x00000004dda00000, 0x00000004ddc00000|  0%| F|  |TAMS 0x00000004dda00000, 0x00000004dda00000| Untracked 
|  49|0x00000004ddc00000, 0x00000004ddc00000, 0x00000004dde00000|  0%| F|  |TAMS 0x00000004ddc00000, 0x00000004ddc00000| Untracked 
|  50|0x00000004dde00000, 0x00000004dde00000, 0x00000004de000000|  0%| F|  |TAMS 0x00000004dde00000, 0x00000004dde00000| Untracked 
|  51|0x00000004de000000, 0x00000004de000000, 0x00000004de200000|  0%| F|  |TAMS 0x00000004de000000, 0x00000004de000000| Untracked 
|  52|0x00000004de200000, 0x00000004de200000, 0x00000004de400000|  0%| F|  |TAMS 0x00000004de200000, 0x00000004de200000| Untracked 
|  53|0x00000004de400000, 0x00000004de400000, 0x00000004de600000|  0%| F|  |TAMS 0x00000004de400000, 0x00000004de400000| Untracked 
|  54|0x00000004de600000, 0x00000004de600000, 0x00000004de800000|  0%| F|  |TAMS 0x00000004de600000, 0x00000004de600000| Untracked 
|  55|0x00000004de800000, 0x00000004de800000, 0x00000004dea00000|  0%| F|  |TAMS 0x00000004de800000, 0x00000004de800000| Untracked 
|  56|0x00000004dea00000, 0x00000004dea00000, 0x00000004dec00000|  0%| F|  |TAMS 0x00000004dea00000, 0x00000004dea00000| Untracked 
|  57|0x00000004dec00000, 0x00000004dec00000, 0x00000004dee00000|  0%| F|  |TAMS 0x00000004dec00000, 0x00000004dec00000| Untracked 
|  58|0x00000004dee00000, 0x00000004dee00000, 0x00000004df000000|  0%| F|  |TAMS 0x00000004dee00000, 0x00000004dee00000| Untracked 
|  59|0x00000004df000000, 0x00000004df000000, 0x00000004df200000|  0%| F|  |TAMS 0x00000004df000000, 0x00000004df000000| Untracked 
|  60|0x00000004df200000, 0x00000004df200000, 0x00000004df400000|  0%| F|  |TAMS 0x00000004df200000, 0x00000004df200000| Untracked 
|  61|0x00000004df400000, 0x00000004df400000, 0x00000004df600000|  0%| F|  |TAMS 0x00000004df400000, 0x00000004df400000| Untracked 
|  62|0x00000004df600000, 0x00000004df600000, 0x00000004df800000|  0%| F|  |TAMS 0x00000004df600000, 0x00000004df600000| Untracked 
|  63|0x00000004df800000, 0x00000004df800000, 0x00000004dfa00000|  0%| F|  |TAMS 0x00000004df800000, 0x00000004df800000| Untracked 
|  64|0x00000004dfa00000, 0x00000004dfa00000, 0x00000004dfc00000|  0%| F|  |TAMS 0x00000004dfa00000, 0x00000004dfa00000| Untracked 
|  65|0x00000004dfc00000, 0x00000004dfc00000, 0x00000004dfe00000|  0%| F|  |TAMS 0x00000004dfc00000, 0x00000004dfc00000| Untracked 
|  66|0x00000004dfe00000, 0x00000004dfe00000, 0x00000004e0000000|  0%| F|  |TAMS 0x00000004dfe00000, 0x00000004dfe00000| Untracked 
|  67|0x00000004e0000000, 0x00000004e0000000, 0x00000004e0200000|  0%| F|  |TAMS 0x00000004e0000000, 0x00000004e0000000| Untracked 
|  68|0x00000004e0200000, 0x00000004e0200000, 0x00000004e0400000|  0%| F|  |TAMS 0x00000004e0200000, 0x00000004e0200000| Untracked 
|  69|0x00000004e0400000, 0x00000004e0400000, 0x00000004e0600000|  0%| F|  |TAMS 0x00000004e0400000, 0x00000004e0400000| Untracked 
|  70|0x00000004e0600000, 0x00000004e0600000, 0x00000004e0800000|  0%| F|  |TAMS 0x00000004e0600000, 0x00000004e0600000| Untracked 
|  71|0x00000004e0800000, 0x00000004e0800000, 0x00000004e0a00000|  0%| F|  |TAMS 0x00000004e0800000, 0x00000004e0800000| Untracked 
|  72|0x00000004e0a00000, 0x00000004e0a00000, 0x00000004e0c00000|  0%| F|  |TAMS 0x00000004e0a00000, 0x00000004e0a00000| Untracked 
|  73|0x00000004e0c00000, 0x00000004e0c00000, 0x00000004e0e00000|  0%| F|  |TAMS 0x00000004e0c00000, 0x00000004e0c00000| Untracked 
|  74|0x00000004e0e00000, 0x00000004e0e00000, 0x00000004e1000000|  0%| F|  |TAMS 0x00000004e0e00000, 0x00000004e0e00000| Untracked 
|  75|0x00000004e1000000, 0x00000004e1000000, 0x00000004e1200000|  0%| F|  |TAMS 0x00000004e1000000, 0x00000004e1000000| Untracked 
|  76|0x00000004e1200000, 0x00000004e1200000, 0x00000004e1400000|  0%| F|  |TAMS 0x00000004e1200000, 0x00000004e1200000| Untracked 
|  77|0x00000004e1400000, 0x00000004e1400000, 0x00000004e1600000|  0%| F|  |TAMS 0x00000004e1400000, 0x00000004e1400000| Untracked 
|  78|0x00000004e1600000, 0x00000004e1600000, 0x00000004e1800000|  0%| F|  |TAMS 0x00000004e1600000, 0x00000004e1600000| Untracked 
|  79|0x00000004e1800000, 0x00000004e1800000, 0x00000004e1a00000|  0%| F|  |TAMS 0x00000004e1800000, 0x00000004e1800000| Untracked 
|  80|0x00000004e1a00000, 0x00000004e1a00000, 0x00000004e1c00000|  0%| F|  |TAMS 0x00000004e1a00000, 0x00000004e1a00000| Untracked 
|  81|0x00000004e1c00000, 0x00000004e1c00000, 0x00000004e1e00000|  0%| F|  |TAMS 0x00000004e1c00000, 0x00000004e1c00000| Untracked 
|  82|0x00000004e1e00000, 0x00000004e1e00000, 0x00000004e2000000|  0%| F|  |TAMS 0x00000004e1e00000, 0x00000004e1e00000| Untracked 
|  83|0x00000004e2000000, 0x00000004e2000000, 0x00000004e2200000|  0%| F|  |TAMS 0x00000004e2000000, 0x00000004e2000000| Untracked 
|  84|0x00000004e2200000, 0x00000004e2200000, 0x00000004e2400000|  0%| F|  |TAMS 0x00000004e2200000, 0x00000004e2200000| Untracked 
|  85|0x00000004e2400000, 0x00000004e2400000, 0x00000004e2600000|  0%| F|  |TAMS 0x00000004e2400000, 0x00000004e2400000| Untracked 
|  86|0x00000004e2600000, 0x00000004e2600000, 0x00000004e2800000|  0%| F|  |TAMS 0x00000004e2600000, 0x00000004e2600000| Untracked 
|  87|0x00000004e2800000, 0x00000004e2800000, 0x00000004e2a00000|  0%| F|  |TAMS 0x00000004e2800000, 0x00000004e2800000| Untracked 
|  88|0x00000004e2a00000, 0x00000004e2a00000, 0x00000004e2c00000|  0%| F|  |TAMS 0x00000004e2a00000, 0x00000004e2a00000| Untracked 
|  89|0x00000004e2c00000, 0x00000004e2c00000, 0x00000004e2e00000|  0%| F|  |TAMS 0x00000004e2c00000, 0x00000004e2c00000| Untracked 
|  90|0x00000004e2e00000, 0x00000004e2e00000, 0x00000004e3000000|  0%| F|  |TAMS 0x00000004e2e00000, 0x00000004e2e00000| Untracked 
|  91|0x00000004e3000000, 0x00000004e3000000, 0x00000004e3200000|  0%| F|  |TAMS 0x00000004e3000000, 0x00000004e3000000| Untracked 
|  92|0x00000004e3200000, 0x00000004e3200000, 0x00000004e3400000|  0%| F|  |TAMS 0x00000004e3200000, 0x00000004e3200000| Untracked 
|  93|0x00000004e3400000, 0x00000004e3400000, 0x00000004e3600000|  0%| F|  |TAMS 0x00000004e3400000, 0x00000004e3400000| Untracked 
|  94|0x00000004e3600000, 0x00000004e3600000, 0x00000004e3800000|  0%| F|  |TAMS 0x00000004e3600000, 0x00000004e3600000| Untracked 
|  95|0x00000004e3800000, 0x00000004e3800000, 0x00000004e3a00000|  0%| F|  |TAMS 0x00000004e3800000, 0x00000004e3800000| Untracked 
|  96|0x00000004e3a00000, 0x00000004e3a00000, 0x00000004e3c00000|  0%| F|  |TAMS 0x00000004e3a00000, 0x00000004e3a00000| Untracked 
|  97|0x00000004e3c00000, 0x00000004e3c00000, 0x00000004e3e00000|  0%| F|  |TAMS 0x00000004e3c00000, 0x00000004e3c00000| Untracked 
|  98|0x00000004e3e00000, 0x00000004e3e00000, 0x00000004e4000000|  0%| F|  |TAMS 0x00000004e3e00000, 0x00000004e3e00000| Untracked 
|  99|0x00000004e4000000, 0x00000004e4000000, 0x00000004e4200000|  0%| F|  |TAMS 0x00000004e4000000, 0x00000004e4000000| Untracked 
| 100|0x00000004e4200000, 0x00000004e4200000, 0x00000004e4400000|  0%| F|  |TAMS 0x00000004e4200000, 0x00000004e4200000| Untracked 
| 101|0x00000004e4400000, 0x00000004e4400000, 0x00000004e4600000|  0%| F|  |TAMS 0x00000004e4400000, 0x00000004e4400000| Untracked 
| 102|0x00000004e4600000, 0x00000004e4600000, 0x00000004e4800000|  0%| F|  |TAMS 0x00000004e4600000, 0x00000004e4600000| Untracked 
| 103|0x00000004e4800000, 0x00000004e4800000, 0x00000004e4a00000|  0%| F|  |TAMS 0x00000004e4800000, 0x00000004e4800000| Untracked 
| 104|0x00000004e4a00000, 0x00000004e4a00000, 0x00000004e4c00000|  0%| F|  |TAMS 0x00000004e4a00000, 0x00000004e4a00000| Untracked 
| 105|0x00000004e4c00000, 0x00000004e4c00000, 0x00000004e4e00000|  0%| F|  |TAMS 0x00000004e4c00000, 0x00000004e4c00000| Untracked 
| 106|0x00000004e4e00000, 0x00000004e4e00000, 0x00000004e5000000|  0%| F|  |TAMS 0x00000004e4e00000, 0x00000004e4e00000| Untracked 
| 107|0x00000004e5000000, 0x00000004e5000000, 0x00000004e5200000|  0%| F|  |TAMS 0x00000004e5000000, 0x00000004e5000000| Untracked 
| 108|0x00000004e5200000, 0x00000004e5200000, 0x00000004e5400000|  0%| F|  |TAMS 0x00000004e5200000, 0x00000004e5200000| Untracked 
| 109|0x00000004e5400000, 0x00000004e5400000, 0x00000004e5600000|  0%| F|  |TAMS 0x00000004e5400000, 0x00000004e5400000| Untracked 
| 110|0x00000004e5600000, 0x00000004e5600000, 0x00000004e5800000|  0%| F|  |TAMS 0x00000004e5600000, 0x00000004e5600000| Untracked 
| 111|0x00000004e5800000, 0x00000004e5800000, 0x00000004e5a00000|  0%| F|  |TAMS 0x00000004e5800000, 0x00000004e5800000| Untracked 
| 112|0x00000004e5a00000, 0x00000004e5a00000, 0x00000004e5c00000|  0%| F|  |TAMS 0x00000004e5a00000, 0x00000004e5a00000| Untracked 
| 113|0x00000004e5c00000, 0x00000004e5c00000, 0x00000004e5e00000|  0%| F|  |TAMS 0x00000004e5c00000, 0x00000004e5c00000| Untracked 
| 114|0x00000004e5e00000, 0x00000004e5e00000, 0x00000004e6000000|  0%| F|  |TAMS 0x00000004e5e00000, 0x00000004e5e00000| Untracked 
| 115|0x00000004e6000000, 0x00000004e6000000, 0x00000004e6200000|  0%| F|  |TAMS 0x00000004e6000000, 0x00000004e6000000| Untracked 
| 116|0x00000004e6200000, 0x00000004e6200000, 0x00000004e6400000|  0%| F|  |TAMS 0x00000004e6200000, 0x00000004e6200000| Untracked 
| 117|0x00000004e6400000, 0x00000004e6471250, 0x00000004e6600000| 22%| E|  |TAMS 0x00000004e6400000, 0x00000004e6400000| Complete 
| 118|0x00000004e6600000, 0x00000004e6800000, 0x00000004e6800000|100%| E|CS|TAMS 0x00000004e6600000, 0x00000004e6600000| Complete 
| 119|0x00000004e6800000, 0x00000004e6a00000, 0x00000004e6a00000|100%| E|CS|TAMS 0x00000004e6800000, 0x00000004e6800000| Complete 
| 120|0x00000004e6a00000, 0x00000004e6c00000, 0x00000004e6c00000|100%| E|CS|TAMS 0x00000004e6a00000, 0x00000004e6a00000| Complete 
| 121|0x00000004e6c00000, 0x00000004e6e00000, 0x00000004e6e00000|100%| E|CS|TAMS 0x00000004e6c00000, 0x00000004e6c00000| Complete 
| 122|0x00000004e6e00000, 0x00000004e7000000, 0x00000004e7000000|100%| E|CS|TAMS 0x00000004e6e00000, 0x00000004e6e00000| Complete 
| 123|0x00000004e7000000, 0x00000004e7200000, 0x00000004e7200000|100%| E|CS|TAMS 0x00000004e7000000, 0x00000004e7000000| Complete 
| 124|0x00000004e7200000, 0x00000004e7400000, 0x00000004e7400000|100%| E|CS|TAMS 0x00000004e7200000, 0x00000004e7200000| Complete 
| 125|0x00000004e7400000, 0x00000004e7600000, 0x00000004e7600000|100%| E|CS|TAMS 0x00000004e7400000, 0x00000004e7400000| Complete 
| 126|0x00000004e7600000, 0x00000004e7800000, 0x00000004e7800000|100%| E|CS|TAMS 0x00000004e7600000, 0x00000004e7600000| Complete 

Card table byte_map: [0x000001fed8580000,0x000001fed8d70000] _byte_map_base: 0x000001fed5ec3000

Marking Bits (Prev, Next): (CMBitMap*) 0x000001fec0044060, (CMBitMap*) 0x000001fec00440a0
 Prev Bits: [0x000001fed9560000, 0x000001fedd480000)
 Next Bits: [0x000001fedd480000, 0x000001fee13a0000)

Polling page: 0x000001febde60000

Metaspace:

Usage:
  Non-class:      7.05 MB capacity,     4.45 MB ( 63%) used,     2.60 MB ( 37%) free+waste,     3.44 KB ( <1%) overhead. 
      Class:    617.00 KB capacity,   324.52 KB ( 53%) used,   291.67 KB ( 47%) free+waste,   832 bytes ( <1%) overhead. 
       Both:      7.65 MB capacity,     4.77 MB ( 62%) used,     2.88 MB ( 38%) free+waste,     4.25 KB ( <1%) overhead. 

Virtual space:
  Non-class space:        8.00 MB reserved,       7.25 MB ( 91%) committed 
      Class space:        1.00 GB reserved,     640.00 KB ( <1%) committed 
             Both:        1.01 GB reserved,       7.88 MB ( <1%) committed 

Chunk freelists:
   Non-Class:  139.00 KB
       Class:  23.00 KB
        Both:  162.00 KB

MaxMetaspaceSize: 17179869184.00 GB
CompressedClassSpaceSize: 1.00 GB

CodeHeap 'non-profiled nmethods': size=119168Kb used=355Kb max_used=355Kb free=118812Kb
 bounds [0x000001fed00b0000, 0x000001fed0320000, 0x000001fed7510000]
CodeHeap 'profiled nmethods': size=119104Kb used=1943Kb max_used=1943Kb free=117160Kb
 bounds [0x000001fec8c60000, 0x000001fec8ed0000, 0x000001fed00b0000]
CodeHeap 'non-nmethods': size=7488Kb used=1284Kb max_used=2996Kb free=6203Kb
 bounds [0x000001fec8510000, 0x000001fec8870000, 0x000001fec8c60000]
 total_blobs=1709 nmethods=1130 adapters=492
 compilation: enabled
              stopped_count=0, restarted_count=0
 full_count=0

Compilation events (20 events):
Event: 5.978 Thread 0x000001fee5432e50 1120       3       org.lwjgl.opengl.GL11::glDrawArrays (24 bytes)
Event: 5.979 Thread 0x000001fee5432e50 nmethod 1120 0x000001fec8e3eb10 code [0x000001fec8e3ed20, 0x000001fec8e3f478]
Event: 6.061 Thread 0x000001fee4c89200 1121       4       java.nio.MappedByteBuffer::position (6 bytes)
Event: 6.062 Thread 0x000001fee4c89200 nmethod 1121 0x000001fed0107d10 code [0x000001fed0107e80, 0x000001fed0107f58]
Event: 6.078 Thread 0x000001fee4c93d20 1122       3       com.badlogic.gdx.maps.tiled.renderers.BatchTiledMapRenderer::render (47 bytes)
Event: 6.078 Thread 0x000001fee4c93d20 nmethod 1122 0x000001fec8e3f790 code [0x000001fec8e3f9e0, 0x000001fec8e40458]
Event: 6.191 Thread 0x000001fee4c89200 1123   !   4       org.lwjgl.opengl.Display::isCreated (17 bytes)
Event: 6.191 Thread 0x000001fee4c89200 nmethod 1123 0x000001fed0108090 code [0x000001fed0108220, 0x000001fed0108398]
Event: 6.525 Thread 0x000001fee4c89200 1124       4       java.nio.ByteBuffer::position (8 bytes)
Event: 6.526 Thread 0x000001fee4c89200 nmethod 1124 0x000001fed0108410 code [0x000001fed0108580, 0x000001fed0108638]
Event: 6.528 Thread 0x000001fee4c93d20 1125       3       com.badlogic.gdx.math.Matrix4::setToOrtho (191 bytes)
Event: 6.528 Thread 0x000001fee4c93d20 nmethod 1125 0x000001fec8e40790 code [0x000001fec8e409a0, 0x000001fec8e40d98]
Event: 6.541 Thread 0x000001fee4c89200 1126       4       java.nio.HeapByteBuffer::ix (7 bytes)
Event: 6.541 Thread 0x000001fee4c93d20 1127       3       com.badlogic.gdx.backends.lwjgl.DefaultLwjglInput::updateKeyboard (293 bytes)
Event: 6.541 Thread 0x000001fee4c89200 nmethod 1126 0x000001fed0108710 code [0x000001fed0108880, 0x000001fed01088f8]
Event: 6.543 Thread 0x000001fee4c93d20 nmethod 1127 0x000001fec8e41010 code [0x000001fec8e41440, 0x000001fec8e43078]
Event: 6.595 Thread 0x000001fee4c93d20 1128       3       com.badlogic.gdx.physics.box2d.Body::setLinearVelocity (11 bytes)
Event: 6.595 Thread 0x000001fee4c93d20 nmethod 1128 0x000001fec8e43f10 code [0x000001fec8e440c0, 0x000001fec8e441e8]
Event: 6.595 Thread 0x000001fee4c93d20 1130       3       com.badlogic.gdx.physics.box2d.Box2DDebugRenderer::renderBodies (194 bytes)
Event: 6.595 Thread 0x000001fee4c93d20 nmethod 1130 0x000001fec8e44290 code [0x000001fec8e44600, 0x000001fec8e457f8]

GC Heap History (0 events):
No events

Deoptimization events (20 events):
Event: 2.945 Thread 0x000001fee55e26e0 DEOPT PACKING pc=0x000001fec8dcf187 sp=0x00000007263fed40
Event: 2.945 Thread 0x000001fee55e26e0 DEOPT UNPACKING pc=0x000001fec855e23f sp=0x00000007263fe168 mode 0
Event: 2.978 Thread 0x000001fee55e26e0 DEOPT PACKING pc=0x000001fec8dcf187 sp=0x00000007263fed40
Event: 2.978 Thread 0x000001fee55e26e0 DEOPT UNPACKING pc=0x000001fec855e23f sp=0x00000007263fe168 mode 0
Event: 3.008 Thread 0x000001fee55e26e0 DEOPT PACKING pc=0x000001fec8dcf187 sp=0x00000007263fed40
Event: 3.009 Thread 0x000001fee55e26e0 DEOPT UNPACKING pc=0x000001fec855e23f sp=0x00000007263fe168 mode 0
Event: 3.028 Thread 0x000001fee55e26e0 DEOPT PACKING pc=0x000001fec8dcf187 sp=0x00000007263fed40
Event: 3.028 Thread 0x000001fee55e26e0 DEOPT UNPACKING pc=0x000001fec855e23f sp=0x00000007263fe168 mode 0
Event: 3.124 Thread 0x000001fee55e26e0 DEOPT PACKING pc=0x000001fec8de07e2 sp=0x00000007263fee40
Event: 3.124 Thread 0x000001fee55e26e0 DEOPT UNPACKING pc=0x000001fec855e23f sp=0x00000007263fe3c8 mode 0
Event: 3.141 Thread 0x000001fee55e26e0 DEOPT PACKING pc=0x000001fec8de07e2 sp=0x00000007263fee40
Event: 3.141 Thread 0x000001fee55e26e0 DEOPT UNPACKING pc=0x000001fec855e23f sp=0x00000007263fe3c8 mode 0
Event: 3.174 Thread 0x000001fee55e26e0 DEOPT PACKING pc=0x000001fec8de07e2 sp=0x00000007263fee40
Event: 3.174 Thread 0x000001fee55e26e0 DEOPT UNPACKING pc=0x000001fec855e23f sp=0x00000007263fe3c8 mode 0
Event: 3.191 Thread 0x000001fee55e26e0 DEOPT PACKING pc=0x000001fec8de07e2 sp=0x00000007263fee40
Event: 3.191 Thread 0x000001fee55e26e0 DEOPT UNPACKING pc=0x000001fec855e23f sp=0x00000007263fe3c8 mode 0
Event: 3.224 Thread 0x000001fee55e26e0 DEOPT PACKING pc=0x000001fec8de07e2 sp=0x00000007263fee40
Event: 3.224 Thread 0x000001fee55e26e0 DEOPT UNPACKING pc=0x000001fec855e23f sp=0x00000007263fe3c8 mode 0
Event: 3.240 Thread 0x000001fee55e26e0 DEOPT PACKING pc=0x000001fec8de07e2 sp=0x00000007263fee40
Event: 3.241 Thread 0x000001fee55e26e0 DEOPT UNPACKING pc=0x000001fec855e23f sp=0x00000007263fe3c8 mode 0

Classes unloaded (0 events):
No events

Classes redefined (0 events):
No events

Internal exceptions (1 events):
Event: 2.133 Thread 0x000001fee55e26e0 Exception <a 'org/lwjgl/LWJGLException'{0x00000004e7053770}: Failed to set device gamma.> (0x00000004e7053770) 
thrown [./src/hotspot/share/prims/jni.cpp, line 599]

Events (20 events):
Event: 3.287 Loaded shared library C:\Users\dougl\.jdks\azul-15.0.5\bin\java.dll
Event: 3.495 Loaded shared library C:\Users\dougl\AppData\Local\Temp\libgdxdougl\1cecf4f6\lwjgl64.dll
Event: 3.512 Loaded shared library C:\Users\dougl\AppData\Local\Temp\libgdxdougl\1cecf4f6\lwjgl64.dll
Event: 3.526 Loaded shared library C:\Users\dougl\AppData\Local\Temp\libgdxdougl\1cecf4f6\lwjgl64.dll
Event: 3.527 Loaded shared library C:\Users\dougl\AppData\Local\Temp\libgdxdougl\1cecf4f6\lwjgl64.dll
Event: 3.729 Loaded shared library C:\Users\dougl\AppData\Local\Temp\libgdxdougl\1cecf4f6\lwjgl64.dll
Event: 3.845 Loaded shared library C:\Users\dougl\AppData\Local\Temp\libgdxdougl\1cecf4f6\lwjgl64.dll
Event: 3.846 Loaded shared library C:\Users\dougl\AppData\Local\Temp\libgdxdougl\1cecf4f6\lwjgl64.dll
Event: 3.859 loading class jdk/internal/math/FDBigInteger
Event: 3.859 loading class jdk/internal/math/FDBigInteger done
Event: 3.962 Loaded shared library C:\Users\dougl\AppData\Local\Temp\libgdxdougl\1cecf4f6\lwjgl64.dll
Event: 3.963 Loaded shared library C:\Users\dougl\AppData\Local\Temp\libgdxdougl\1cecf4f6\lwjgl64.dll
Event: 4.258 Loaded shared library C:\Users\dougl\.jdks\azul-15.0.5\bin\java.dll
Event: 4.795 Loaded shared library C:\Users\dougl\AppData\Local\Temp\libgdxdougl\1cecf4f6\lwjgl64.dll
Event: 4.796 Loaded shared library C:\Users\dougl\AppData\Local\Temp\libgdxdougl\1cecf4f6\lwjgl64.dll
Event: 5.079 Loaded shared library C:\Users\dougl\AppData\Local\Temp\libgdxdougl\1cecf4f6\lwjgl64.dll
Event: 5.079 Loaded shared library C:\Users\dougl\AppData\Local\Temp\libgdxdougl\1cecf4f6\lwjgl64.dll
Event: 6.525 Thread 0x000001fee5432e50 Thread exited: 0x000001fee5432e50
Event: 6.525 Thread 0x000001fee5432940 Thread exited: 0x000001fee5432940
Event: 6.525 Thread 0x000001fee5432430 Thread exited: 0x000001fee5432430


Dynamic libraries:
0x00007ff617b90000 - 0x00007ff617b9d000 	C:\Users\dougl\.jdks\azul-15.0.5\bin\java.exe
0x00007ffc92c10000 - 0x00007ffc92e05000 	C:\Windows\SYSTEM32\ntdll.dll
0x00007ffc92ab0000 - 0x00007ffc92b6e000 	C:\Windows\System32\KERNEL32.DLL
0x00007ffc905c0000 - 0x00007ffc90888000 	C:\Windows\System32\KERNELBASE.dll
0x00007ffc6fc30000 - 0x00007ffc6fc45000 	C:\Users\dougl\.jdks\azul-15.0.5\bin\VCRUNTIME140.dll
0x00007ffc90b60000 - 0x00007ffc90c60000 	C:\Windows\System32\ucrtbase.dll
0x00007ffc6d030000 - 0x00007ffc6d048000 	C:\Users\dougl\.jdks\azul-15.0.5\bin\jli.dll
0x00007ffc911b0000 - 0x00007ffc91351000 	C:\Windows\System32\USER32.dll
0x00007ffc7b9f0000 - 0x00007ffc7bc8a000 	C:\Windows\WinSxS\amd64_microsoft.windows.common-controls_6595b64144ccf1df_6.0.19041.1110_none_60b5254171f9507e\COMCTL32.dll
0x00007ffc90890000 - 0x00007ffc908b2000 	C:\Windows\System32\win32u.dll
0x00007ffc91b80000 - 0x00007ffc91c1e000 	C:\Windows\System32\msvcrt.dll
0x00007ffc91b50000 - 0x00007ffc91b7b000 	C:\Windows\System32\GDI32.dll
0x00007ffc908c0000 - 0x00007ffc909cb000 	C:\Windows\System32\gdi32full.dll
0x00007ffc903e0000 - 0x00007ffc9047d000 	C:\Windows\System32\msvcp_win.dll
0x00007ffc91850000 - 0x00007ffc91880000 	C:\Windows\System32\IMM32.DLL
0x00007ffc5b7e0000 - 0x00007ffc5b87b000 	C:\Users\dougl\.jdks\azul-15.0.5\bin\msvcp140.dll
0x00007ffbcf610000 - 0x00007ffbd01a2000 	C:\Users\dougl\.jdks\azul-15.0.5\bin\server\jvm.dll
0x00007ffc91880000 - 0x00007ffc9192c000 	C:\Windows\System32\ADVAPI32.dll
0x00007ffc91c50000 - 0x00007ffc91ceb000 	C:\Windows\System32\sechost.dll
0x00007ffc92980000 - 0x00007ffc92aaa000 	C:\Windows\System32\RPCRT4.dll
0x00007ffc91b30000 - 0x00007ffc91b38000 	C:\Windows\System32\PSAPI.DLL
0x00007ffc86710000 - 0x00007ffc86737000 	C:\Windows\SYSTEM32\WINMM.dll
0x00007ffc89390000 - 0x00007ffc8939a000 	C:\Windows\SYSTEM32\VERSION.dll
0x00007ffc8cc10000 - 0x00007ffc8cc19000 	C:\Windows\SYSTEM32\WSOCK32.dll
0x00007ffc91090000 - 0x00007ffc910fb000 	C:\Windows\System32\WS2_32.dll
0x00007ffc8e430000 - 0x00007ffc8e442000 	C:\Windows\SYSTEM32\kernel.appcore.dll
0x00007ffc79e00000 - 0x00007ffc79e0a000 	C:\Users\dougl\.jdks\azul-15.0.5\bin\jimage.dll
0x00007ffc8dfd0000 - 0x00007ffc8e1b4000 	C:\Windows\SYSTEM32\DBGHELP.DLL
0x00007ffc78330000 - 0x00007ffc7835c000 	C:\Windows\SYSTEM32\dbgcore.DLL
0x00007ffc90530000 - 0x00007ffc905b3000 	C:\Windows\System32\bcryptPrimitives.dll
0x00007ffc6bc00000 - 0x00007ffc6bc25000 	C:\Users\dougl\.jdks\azul-15.0.5\bin\java.dll
0x00007ffc91dc0000 - 0x00007ffc924ff000 	C:\Windows\System32\SHELL32.dll
0x00007ffc8e450000 - 0x00007ffc8ebe0000 	C:\Windows\SYSTEM32\windows.storage.dll
0x00007ffc91440000 - 0x00007ffc91795000 	C:\Windows\System32\combase.dll
0x00007ffc8fd80000 - 0x00007ffc8fdae000 	C:\Windows\SYSTEM32\Wldp.dll
0x00007ffc917a0000 - 0x00007ffc9184d000 	C:\Windows\System32\SHCORE.dll
0x00007ffc92b70000 - 0x00007ffc92bc5000 	C:\Windows\System32\shlwapi.dll
0x00007ffc90270000 - 0x00007ffc9028f000 	C:\Windows\SYSTEM32\profapi.dll
0x00007ffc6b080000 - 0x00007ffc6b099000 	C:\Users\dougl\.jdks\azul-15.0.5\bin\net.dll
0x00007ffc82250000 - 0x00007ffc8235c000 	C:\Windows\SYSTEM32\WINHTTP.dll
0x00007ffc8fae0000 - 0x00007ffc8fb4a000 	C:\Windows\system32\mswsock.dll
0x00007ffc6af70000 - 0x00007ffc6af82000 	C:\Users\dougl\.jdks\azul-15.0.5\bin\nio.dll
0x00007ffc6aec0000 - 0x00007ffc6aed8000 	C:\Users\dougl\.jdks\azul-15.0.5\bin\zip.dll
0x000000006e700000 - 0x000000006e72a000 	C:\Users\dougl\AppData\Local\Temp\libgdxdougl\e1cd32f8\gdx64.dll
0x00007ffc79dd0000 - 0x00007ffc79de0000 	C:\Users\dougl\.jdks\azul-15.0.5\bin\verify.dll
0x0000000180000000 - 0x0000000180053000 	C:\Users\dougl\AppData\Local\Temp\libgdxdougl\1cecf4f6\lwjgl64.dll
0x00007ffbf8bd0000 - 0x00007ffbf8cf5000 	C:\Windows\SYSTEM32\OPENGL32.dll
0x00007ffc763b0000 - 0x00007ffc763dc000 	C:\Windows\SYSTEM32\GLU32.dll
0x000001febff10000 - 0x000001febff74000 	C:\Users\dougl\AppData\Local\Temp\libgdxdougl\1cecf4f6\OpenAL64.dll
0x00007ffc90cc0000 - 0x00007ffc90dea000 	C:\Windows\System32\ole32.dll
0x00007ffc8d920000 - 0x00007ffc8d9be000 	C:\Windows\system32\uxtheme.dll
0x00007ffbf1630000 - 0x00007ffbf172c000 	C:\ProgramData\A-Volute\DellInc.AlienwareSoundCenter\Modules\ScheduledModules\x64\DellInc.AlienwareSoundCenterDevProps2.dll
0x00007ffbf1730000 - 0x00007ffbf17dd000 	C:\ProgramData\A-Volute\DellInc.AlienwareSoundCenter\Modules\ScheduledModules\x64\NahimicOSD.dll
0x00007ffbf37e0000 - 0x00007ffbf3801000 	C:\ProgramData\A-Volute\DellInc.AlienwareSoundCenter\Modules\ScheduledModules\x64\ProductInfo.dll
0x00007ffc91100000 - 0x00007ffc911a9000 	C:\Windows\System32\clbcatq.dll
0x00007ffc8ab30000 - 0x00007ffc8abb5000 	C:\Windows\System32\MMDevApi.dll
0x00007ffc900d0000 - 0x00007ffc90104000 	C:\Windows\System32\DEVOBJ.dll
0x00007ffc90330000 - 0x00007ffc9037e000 	C:\Windows\System32\cfgmgr32.dll
0x00007ffc8ac90000 - 0x00007ffc8ae11000 	C:\Windows\SYSTEM32\AudioSes.dll
0x00007ffc91cf0000 - 0x00007ffc91dbd000 	C:\Windows\System32\OLEAUT32.dll
0x00007ffc8f8f0000 - 0x00007ffc8f93b000 	C:\Windows\SYSTEM32\powrprof.dll
0x00007ffc8f760000 - 0x00007ffc8f772000 	C:\Windows\SYSTEM32\UMPDC.dll
0x00007ffc8b690000 - 0x00007ffc8b786000 	C:\Windows\SYSTEM32\PropSys.dll
0x00007ffc82d80000 - 0x00007ffc82e1c000 	C:\Windows\SYSTEM32\dsound.dll
0x00007ffc82b00000 - 0x00007ffc82b26000 	C:\Windows\SYSTEM32\winmmbase.dll
0x00007ffc8dab0000 - 0x00007ffc8dac4000 	C:\Windows\SYSTEM32\resourcepolicyclient.dll
0x00007ffc89560000 - 0x00007ffc8960e000 	C:\Windows\SYSTEM32\mscms.dll
0x00007ffc901f0000 - 0x00007ffc9021e000 	C:\Windows\SYSTEM32\USERENV.dll
0x00007ffc8a050000 - 0x00007ffc8a061000 	C:\Windows\SYSTEM32\ColorAdapterClient.dll
0x00007ffc91a10000 - 0x00007ffc91b25000 	C:\Windows\System32\MSCTF.dll
0x00007ffc6ef60000 - 0x00007ffc6f059000 	C:\Windows\SYSTEM32\textinputframework.dll
0x00007ffc8d370000 - 0x00007ffc8d462000 	C:\Windows\System32\CoreMessaging.dll
0x00007ffc8d010000 - 0x00007ffc8d36e000 	C:\Windows\System32\CoreUIComponents.dll
0x00007ffc8f140000 - 0x00007ffc8f173000 	C:\Windows\SYSTEM32\ntmarta.dll
0x00007ffc8bb40000 - 0x00007ffc8bc94000 	C:\Windows\SYSTEM32\wintypes.dll
0x00007ffc78360000 - 0x00007ffc783c6000 	C:\Windows\system32\Oleacc.dll
0x00007ffc8a3b0000 - 0x00007ffc8a4a9000 	C:\Windows\System32\AppXDeploymentClient.dll
0x00007ffba9b70000 - 0x00007ffbac687000 	C:\Windows\System32\DriverStore\FileRepository\nvddi.inf_amd64_825a4c41796dab48\nvoglv64.dll
0x00007ffc92500000 - 0x00007ffc92972000 	C:\Windows\System32\SETUPAPI.dll
0x00007ffc90b30000 - 0x00007ffc90b57000 	C:\Windows\System32\bcrypt.dll
0x00007ffc8b850000 - 0x00007ffc8b864000 	C:\Windows\SYSTEM32\WTSAPI32.dll
0x00007ffc8ff10000 - 0x00007ffc8ff22000 	C:\Windows\SYSTEM32\msasn1.dll
0x00007ffc89120000 - 0x00007ffc89151000 	C:\Windows\SYSTEM32\cryptnet.dll
0x00007ffc909d0000 - 0x00007ffc90b26000 	C:\Windows\System32\CRYPT32.dll
0x00007ffc87920000 - 0x00007ffc87a6a000 	C:\Windows\SYSTEM32\drvstore.dll
0x00007ffc8fcf0000 - 0x00007ffc8fcfc000 	C:\Windows\SYSTEM32\cryptbase.dll
0x00007ffc90380000 - 0x00007ffc903e0000 	C:\Windows\System32\WINTRUST.dll
0x00007ffc8b2b0000 - 0x00007ffc8b2eb000 	C:\Windows\SYSTEM32\dxcore.dll
0x00007ffc582a0000 - 0x00007ffc58563000 	C:\Windows\system32\nvspcap64.dll
0x00007ffc8dbb0000 - 0x00007ffc8dbdf000 	C:\Windows\SYSTEM32\dwmapi.dll
0x00007ffc89090000 - 0x00007ffc890d3000 	C:\Windows\SYSTEM32\icm32.dll
0x00007ffc8f0e0000 - 0x00007ffc8f13a000 	C:\Windows\SYSTEM32\WINSTA.dll
0x00007ffc81890000 - 0x00007ffc81a5e000 	C:\Windows\SYSTEM32\d3d9.dll
0x00007ffc91c20000 - 0x00007ffc91c3d000 	C:\Windows\System32\imagehlp.dll
0x00007ffc8fcd0000 - 0x00007ffc8fce8000 	C:\Windows\SYSTEM32\CRYPTSP.dll
0x00007ffc8f3f0000 - 0x00007ffc8f424000 	C:\Windows\system32\rsaenh.dll
0x0000000066b00000 - 0x0000000066b5b000 	C:\Users\dougl\AppData\Local\Temp\libgdxdougl\a14961b7\gdx-box2d64.dll

dbghelp: loaded successfully - version: 4.0.5 - missing functions: none
symbol engine: initialized successfully - sym options: 0x614 - pdb path: .;C:\Users\dougl\.jdks\azul-15.0.5\bin;C:\Windows\SYSTEM32;C:\Windows\WinSxS\amd64_microsoft.windows.common-controls_6595b64144ccf1df_6.0.19041.1110_none_60b5254171f9507e;C:\Users\dougl\.jdks\azul-15.0.5\bin\server;C:\Users\dougl\AppData\Local\Temp\libgdxdougl\e1cd32f8;C:\Users\dougl\AppData\Local\Temp\libgdxdougl\1cecf4f6;C:\ProgramData\A-Volute\DellInc.AlienwareSoundCenter\Modules\ScheduledModules\x64;C:\Windows\System32\DriverStore\FileRepository\nvddi.inf_amd64_825a4c41796dab48;C:\Users\dougl\AppData\Local\Temp\libgdxdougl\a14961b7

VM Arguments:
jvm_args: -Dfile.encoding=windows-1252 -Duser.country=CA -Duser.language=en -Duser.variant 
java_command: com.mygdx.game.desktop.DesktopLauncher
java_class_path (initial): D:\Documents\GitHub\PortalGame\PortalGame\desktop\build\classes\java\main;D:\Documents\GitHub\PortalGame\PortalGame\desktop\build\resources\main;C:\Users\dougl\.gradle\caches\modules-2\files-2.1\com.badlogicgames.gdx\gdx-tools\1.10.0\d699cf4953fb42a071c7c3feb9b5c45601aa6a4b\gdx-tools-1.10.0.jar;C:\Users\dougl\.gradle\caches\modules-2\files-2.1\com.badlogicgames.gdx\gdx-backend-lwjgl\1.10.0\58ff89d9e4fd8a82591367f187d606e781cacc05\gdx-backend-lwjgl-1.10.0.jar;C:\Users\dougl\.gradle\caches\modules-2\files-2.1\com.badlogicgames.gdx\gdx-platform\1.10.0\9a8fa793d2fd6d360afc6c9e4c1f5583da263b88\gdx-platform-1.10.0-natives-desktop.jar;C:\Users\dougl\.gradle\caches\modules-2\files-2.1\com.badlogicgames.gdx\gdx-box2d-platform\1.10.0\588c4191c5a64ed39365e71484aa37d81c38eb5e\gdx-box2d-platform-1.10.0-natives-desktop.jar;C:\Users\dougl\.gradle\caches\modules-2\files-2.1\com.badlogicgames.gdx\gdx-bullet-platform\1.10.0\ce92e8dfc762523d769cbc50853163c03bf98cf1\gdx-bullet-platform-1.10.0-natives-desktop.jar;C:\Users\dougl\.gradle\caches\modules-2\files-2.1\com.badlogicgames.gdx\gdx-freetype-platform\1.10.0\6e5d28752759e69384f12e4569d2c884ff71352f\gdx-freetype-platform-1.10.0-natives-desktop.jar;D:\Documents\GitHub\PortalGame\PortalGame\core\build\libs\core-1.0.jar;C:\Users\dougl\.gradle\caches\modules-2\files-2.1\com.badlogicgames.gdx\gdx-backend-headless\1.10.0\990eadbb431197c5b9b816d1659c772e0268e65\gdx-backend-headless-1.10.0.jar;C:\Users\dougl\.gradle\caches\modules-2\files-2.1\com.badlogicgames.gdx\gdx-freetype\1.10.0\de1d0d5c1e92e8d91364256fd6b7bb279d3e9859\gdx-freetype-1.10.0.jar;C:\Users\dougl\.gradle\caches\modules-2\files-2.1\com.badlogicgames.box2dlights\box2dlights\1.5\6902dbcd250c95a27973aa24a147a95b3828d348\box2dlights-1.5.jar;C:\Users\dougl\.gradle\caches\modules-2\files-2.1\com.badlogicgames.gdx\gdx-box2d\1.10.0\b3a3c0f00b90716238835434d0ae8985604c37f8\gdx-box2d-1.10.0.jar;C:\Users\dougl\.gradle\caches\modules-2\files-2.1\com.badlogicga
Launcher Type: SUN_STANDARD

[Global flags]
     intx CICompilerCount                          = 12                                        {product} {ergonomic}
     uint ConcGCThreads                            = 3                                         {product} {ergonomic}
     uint G1ConcRefinementThreads                  = 13                                        {product} {ergonomic}
   size_t G1HeapRegionSize                         = 2097152                                   {product} {ergonomic}
    uintx GCDrainStackTargetSize                   = 64                                        {product} {ergonomic}
   size_t InitialHeapSize                          = 266338304                                 {product} {ergonomic}
   size_t MarkStackSize                            = 4194304                                   {product} {ergonomic}
   size_t MaxHeapSize                              = 4236247040                                {product} {ergonomic}
   size_t MaxNewSize                               = 2541748224                                {product} {ergonomic}
   size_t MinHeapDeltaBytes                        = 2097152                                   {product} {ergonomic}
   size_t MinHeapSize                              = 8388608                                   {product} {ergonomic}
    uintx NonNMethodCodeHeapSize                   = 7602480                                {pd product} {ergonomic}
    uintx NonProfiledCodeHeapSize                  = 122027880                              {pd product} {ergonomic}
    uintx ProfiledCodeHeapSize                     = 122027880                              {pd product} {ergonomic}
    uintx ReservedCodeCacheSize                    = 251658240                              {pd product} {ergonomic}
     bool SegmentedCodeCache                       = true                                      {product} {ergonomic}
   size_t SoftMaxHeapSize                          = 4236247040                             {manageable} {ergonomic}
     bool UseCompressedClassPointers               = true                                 {lp64_product} {ergonomic}
     bool UseCompressedOops                        = true                                 {lp64_product} {ergonomic}
     bool UseG1GC                                  = true                                      {product} {ergonomic}
     bool UseLargePagesIndividualAllocation        = false                                  {pd product} {ergonomic}

Logging:
Log output configuration:
 #0: stdout all=warning uptime,level,tags
 #1: stderr all=off uptime,level,tags

Environment Variables:
PATH=C:\Program Files (x86)\Common Files\Oracle\Java\javapath;C:\Windows\system32;C:\Windows;C:\Windows\System32\Wbem;C:\Windows\System32\WindowsPowerShell\v1.0\;C:\Windows\System32\OpenSSH\;C:\Program Files\NVIDIA Corporation\NVIDIA NvDLISR;C:\Program Files\dotnet\;C:\Program Files\Git\cmd;C:\ProgramData\chocolatey\bin;C:\Program Files (x86)\NVIDIA Corporation\PhysX\Common;C:\msys64\mingw64\bin;C:\Users\dougl\AppData\Local\Microsoft\WindowsApps;C:\Users\dougl\AppData\Local\Programs\Microsoft VS Code\bin;C:\Users\dougl\.dotnet\tools;C:\Users\dougl\AppData\Local\GitHubDesktop\bin;D:\Apps\IntelliJ IDEA\IntelliJ IDEA Community Edition 2021.3\bin;
USERNAME=dougl
OS=Windows_NT
PROCESSOR_IDENTIFIER=Intel64 Family 6 Model 165 Stepping 5, GenuineIntel



---------------  S Y S T E M  ---------------

OS:
 Windows 10 , 64 bit Build 19041 (10.0.19041.1348)
OS uptime: 3 days 15:56 hours

CPU: total 16 (initial active 16) (8 cores per cpu, 2 threads per core) family 6 model 165 stepping 5 microcode 0xec, cmov, cx8, fxsr, mmx, sse, sse2, sse3, ssse3, sse4.1, sse4.2, popcnt, vzeroupper, avx, avx2, aes, clmul, erms, 3dnowpref, lzcnt, ht, tsc, tscinvbit, bmi1, bmi2, adx, fma, clflush, clflushopt

Memory: 4k page, system-wide physical 16154M (3735M free)
TotalPageFile size 31002M (AvailPageFile size 8318M)
current process WorkingSet (physical memory assigned to process): 116M, peak: 132M
current process commit charge ("private bytes"): 452M, peak: 467M

vm_info: OpenJDK 64-Bit Server VM (15.0.5+3-MTS) for windows-amd64 JRE (15.0.5+3-MTS) (Zulu15.36+13-CA), built on Oct  8 2021 11:07:26 by "zulu_re" with MS VC++ 15.9 (VS2017)

END.
