#
# A fatal error has been detected by the Java Runtime Environment:
#
#  EXCEPTION_ACCESS_VIOLATION (0xc0000005) at pc=0x0000000066b1f8ac, pid=3348, tid=25748
#
# JRE version: OpenJDK Runtime Environment Zulu15.36+13-CA (15.0.5+3) (build 15.0.5+3-MTS)
# Java VM: OpenJDK 64-Bit Server VM Zulu15.36+13-CA (15.0.5+3-MTS, mixed mode, sharing, tiered, compressed oops, g1 gc, windows-amd64)
# Problematic frame:
# C  [gdx-box2d64.dll+0x1f8ac]
#
# No core dump will be written. Minidumps are not enabled by default on client versions of Windows
#
# If you would like to submit a bug report, please visit:
#   http://www.azul.com/support/
# The crash happened outside the Java Virtual Machine in native code.
# See problematic frame for where to report the bug.
#

---------------  S U M M A R Y ------------

Command Line: -Dfile.encoding=windows-1252 -Duser.country=CA -Duser.language=en -Duser.variant com.mygdx.game.desktop.DesktopLauncher

Host: Intel(R) Core(TM) i7-10700F CPU @ 2.90GHz, 16 cores, 15G,  Windows 10 , 64 bit Build 19041 (10.0.19041.1348)
Time: Tue Dec 21 14:31:48 2021 Eastern Standard Time elapsed time: 16.329548 seconds (0d 0h 0m 16s)

---------------  T H R E A D  ---------------

Current thread (0x000001a3f30e5330):  JavaThread "LWJGL Application" [_thread_in_native, id=25748, stack(0x0000006061a00000,0x0000006061b00000)]

Stack: [0x0000006061a00000,0x0000006061b00000],  sp=0x0000006061afec60,  free space=1019k
Native frames: (J=compiled Java code, j=interpreted, Vv=VM code, C=native code)
C  [gdx-box2d64.dll+0x1f8ac]

Java frames: (J=compiled Java code, j=interpreted, Vv=VM code)
j  com.badlogic.gdx.physics.box2d.World.jniDestroyBody(JJ)V+0
j  com.badlogic.gdx.physics.box2d.World.destroyBody(Lcom/badlogic/gdx/physics/box2d/Body;)V+42
j  com.mygdx.game.Entity.dispose()V+8
j  com.mygdx.game.MyGdxGame.dispose()V+82
j  com.badlogic.gdx.backends.lwjgl.LwjglApplication.mainLoop()V+924
j  com.badlogic.gdx.backends.lwjgl.LwjglApplication$1.run()V+27
v  ~StubRoutines::call_stub

siginfo: EXCEPTION_ACCESS_VIOLATION (0xc0000005), reading address 0x0000000000000000


Register to memory mapping:

RIP=0x0000000066b1f8ac gdx-box2d64.dll
RAX=0x0 is NULL
RBX=0x000001a3fb5d0320 points into unknown readable memory: 0x000001a341200000 | 00 00 20 41 a3 01 00 00
RCX=0x0 is NULL
RDX=0x000001a3f441c340 points into unknown readable memory: 0x000001a3cbb00150 | 50 01 b0 cb a3 01 00 00
RSP=0x0000006061afec60 is pointing into the stack for thread: 0x000001a3f30e5330
RBP=0x0 is NULL
RSI=0x000001a3f441c340 points into unknown readable memory: 0x000001a3cbb00150 | 50 01 b0 cb a3 01 00 00
RDI=0x000001a3f441c340 points into unknown readable memory: 0x000001a3cbb00150 | 50 01 b0 cb a3 01 00 00
R8 =0x000001a3f441c340 points into unknown readable memory: 0x000001a3cbb00150 | 50 01 b0 cb a3 01 00 00
R9 =0x000001a3f446fe50 points into unknown readable memory: 0x0000003600000002 | 02 00 00 00 36 00 00 00
R10=0x000001a3d5fff148 is at code_begin+1000 in an Interpreter codelet
method entry point (kind = native)  [0x000001a3d5ffed60, 0x000001a3d5fff7e0]  2688 bytes
R11=0x0000000000000102 is an unknown value
R12=0x000001a3f44355e0 points into unknown readable memory: 0x000000000000000a | 0a 00 00 00 00 00 00 00
R13={method} {0x000001a3f2583ab0} 'jniDestroyBody' '(JJ)V' in 'com/badlogic/gdx/physics/box2d/World'
R14=0x0000006061afee48 is pointing into the stack for thread: 0x000001a3f30e5330
R15=0x000001a3f30e5330 is a thread


Registers:
RAX=0x0000000000000000, RBX=0x000001a3fb5d0320, RCX=0x0000000000000000, RDX=0x000001a3f441c340
RSP=0x0000006061afec60, RBP=0x0000000000000000, RSI=0x000001a3f441c340, RDI=0x000001a3f441c340
R8 =0x000001a3f441c340, R9 =0x000001a3f446fe50, R10=0x000001a3d5fff148, R11=0x0000000000000102
R12=0x000001a3f44355e0, R13=0x000001a3f2583aa8, R14=0x0000006061afee48, R15=0x000001a3f30e5330
RIP=0x0000000066b1f8ac, EFLAGS=0x0000000000010246

Top of Stack: (sp=0x0000006061afec60)
0x0000006061afec60:   00007ffbcfebb548 0000000800406240
0x0000006061afec70:   000001a3fb5d0320 000001a3f441c340
0x0000006061afec80:   000001a3fb5d0320 000001a3f441c340
0x0000006061afec90:   000001a3f446fe50 0000000066b2162f
0x0000006061afeca0:   000001a3f1f0ed40 0000002800000003
0x0000006061afecb0:   0000006061afee08 000001a3f30e5330
0x0000006061afecc0:   000001a3f441c340 000001a3f446fe50
0x0000006061afecd0:   0000000000000961 0000006061afee08
0x0000006061afece0:   0000000000000000 0000000066b26a9d
0x0000006061afecf0:   0000006061afee08 00007ffbcf93e3d7
0x0000006061afed00:   0000006061afed20 000001a3f30ee350
0x0000006061afed10:   0000000066b487e0 000001a3f30e5658
0x0000006061afed20:   0000006061afee48 000001a3f30e5330
0x0000006061afed30:   0000000066b48840 000001a3f30e5658
0x0000006061afed40:   0000006061afee48 000001a3f2583aa8
0x0000006061afed50:   000001a3f2583aa8 000001a3f2583aa8 

Instructions: (pc=0x0000000066b1f8ac)
0x0000000066b1f7ac:   41 08 00 00 00 00 48 c7 41 28 00 00 00 00 c7 41
0x0000000066b1f7bc:   30 00 00 00 00 48 c7 41 18 00 00 00 00 c7 01 00
0x0000000066b1f7cc:   00 00 00 c3 55 57 56 53 48 83 ec 28 49 8b 41 08
0x0000000066b1f7dc:   f3 41 0f 10 41 10 48 89 cb 48 89 d5 f3 0f 11 41
0x0000000066b1f7ec:   20 4c 89 ce 48 89 41 40 41 8b 41 1e f3 41 0f 10
0x0000000066b1f7fc:   41 14 f3 0f 11 41 24 4c 89 41 10 48 c7 41 08 00
0x0000000066b1f80c:   00 00 00 89 41 34 41 0f b7 41 22 66 89 41 38 41
0x0000000066b1f81c:   0f b6 41 1c 88 41 3a 49 8b 09 48 8b 01 ff 50 10
0x0000000066b1f82c:   48 8b 10 48 89 c1 48 89 43 18 ff 52 18 89 c2 89
0x0000000066b1f83c:   c7 48 89 e9 c1 e2 05 e8 18 c3 fe ff 85 ff 48 89
0x0000000066b1f84c:   43 28 7e 27 8d 4f ff 48 8d 50 10 48 c1 e1 05 48
0x0000000066b1f85c:   8d 44 08 30 48 c7 02 00 00 00 00 c7 42 0c ff ff
0x0000000066b1f86c:   ff ff 48 83 c2 20 48 39 c2 75 e9 f3 0f 10 46 18
0x0000000066b1f87c:   c7 43 30 00 00 00 00 f3 0f 11 03 48 83 c4 28 5b
0x0000000066b1f88c:   5e 5f 5d c3 57 56 53 48 83 ec 20 8b 41 30 48 89
0x0000000066b1f89c:   cb 48 89 d7 85 c0 0f 85 a8 00 00 00 48 8b 4b 18
0x0000000066b1f8ac:   48 8b 01 ff 50 18 48 8b 53 28 c1 e0 05 48 89 f9
0x0000000066b1f8bc:   41 89 c0 e8 dc c4 fe ff 48 8b 73 18 48 c7 43 28
0x0000000066b1f8cc:   00 00 00 00 8b 46 08 83 f8 01 0f 84 94 00 00 00
0x0000000066b1f8dc:   0f 82 be 00 00 00 83 f8 02 74 39 83 f8 03 0f 85
0x0000000066b1f8ec:   e0 00 00 00 48 8b 06 48 89 f1 ff 10 41 b8 30 00
0x0000000066b1f8fc:   00 00 48 89 f2 48 89 f9 e8 97 c4 fe ff 48 c7 43
0x0000000066b1f90c:   18 00 00 00 00 48 83 c4 20 5b 5e 5f c3 0f 1f 80
0x0000000066b1f91c:   00 00 00 00 48 8b 06 48 89 f1 ff 10 41 b8 a0 00
0x0000000066b1f92c:   00 00 48 89 f2 48 89 f9 e8 67 c4 fe ff 48 c7 43
0x0000000066b1f93c:   18 00 00 00 00 48 83 c4 20 5b 5e 5f c3 0f 1f 80
0x0000000066b1f94c:   00 00 00 00 48 8d 15 d9 49 02 00 48 8d 0d 32 4a
0x0000000066b1f95c:   02 00 41 b8 48 00 00 00 e8 67 6c 01 00 e9 3a ff
0x0000000066b1f96c:   ff ff 66 90 48 8b 06 48 89 f1 ff 10 41 b8 38 00
0x0000000066b1f97c:   00 00 48 89 f2 48 89 f9 e8 17 c4 fe ff 48 c7 43
0x0000000066b1f98c:   18 00 00 00 00 48 83 c4 20 5b 5e 5f c3 0f 1f 80
0x0000000066b1f99c:   00 00 00 00 48 8b 06 48 89 f1 ff 10 41 b8 18 00 


Stack slot to memory mapping:
stack at sp + 0 slots: 0x00007ffbcfebb548 jvm.dll
stack at sp + 1 slots: 0x0000000800406240 is pointing into metadata
stack at sp + 2 slots: 0x000001a3fb5d0320 points into unknown readable memory: 0x000001a341200000 | 00 00 20 41 a3 01 00 00
stack at sp + 3 slots: 0x000001a3f441c340 points into unknown readable memory: 0x000001a3cbb00150 | 50 01 b0 cb a3 01 00 00
stack at sp + 4 slots: 0x000001a3fb5d0320 points into unknown readable memory: 0x000001a341200000 | 00 00 20 41 a3 01 00 00
stack at sp + 5 slots: 0x000001a3f441c340 points into unknown readable memory: 0x000001a3cbb00150 | 50 01 b0 cb a3 01 00 00
stack at sp + 6 slots: 0x000001a3f446fe50 points into unknown readable memory: 0x0000003600000002 | 02 00 00 00 36 00 00 00
stack at sp + 7 slots: 0x0000000066b2162f gdx-box2d64.dll


---------------  P R O C E S S  ---------------

Threads class SMR info:
_java_thread_list=0x000001a3f764d170, length=13, elements={
0x000001a3f1ecf940, 0x000001a3f1ed2520, 0x000001a3f1eeb9a0, 0x000001a3f1eec450,
0x000001a3f1eecf00, 0x000001a3f1ef21f0, 0x000001a3f1efada0, 0x000001a3f1f0d060,
0x000001a3f28eaff0, 0x000001a3f28f01a0, 0x000001a3f30e5330, 0x000001a3cdad3b70,
0x000001a3f7611270
}

Java Threads: ( => current thread )
  0x000001a3f1ecf940 JavaThread "Reference Handler" daemon [_thread_blocked, id=15324, stack(0x0000006060b00000,0x0000006060c00000)]
  0x000001a3f1ed2520 JavaThread "Finalizer" daemon [_thread_blocked, id=28248, stack(0x0000006060c00000,0x0000006060d00000)]
  0x000001a3f1eeb9a0 JavaThread "Signal Dispatcher" daemon [_thread_blocked, id=16640, stack(0x0000006060d00000,0x0000006060e00000)]
  0x000001a3f1eec450 JavaThread "Attach Listener" daemon [_thread_blocked, id=14640, stack(0x0000006060e00000,0x0000006060f00000)]
  0x000001a3f1eecf00 JavaThread "Service Thread" daemon [_thread_blocked, id=13388, stack(0x0000006060f00000,0x0000006061000000)]
  0x000001a3f1ef21f0 JavaThread "C2 CompilerThread0" daemon [_thread_blocked, id=29028, stack(0x0000006061000000,0x0000006061100000)]
  0x000001a3f1efada0 JavaThread "C1 CompilerThread0" daemon [_thread_blocked, id=22244, stack(0x0000006061100000,0x0000006061200000)]
  0x000001a3f1f0d060 JavaThread "Sweeper thread" daemon [_thread_blocked, id=22756, stack(0x0000006061200000,0x0000006061300000)]
  0x000001a3f28eaff0 JavaThread "Notification Thread" daemon [_thread_blocked, id=26544, stack(0x0000006061500000,0x0000006061600000)]
  0x000001a3f28f01a0 JavaThread "Common-Cleaner" daemon [_thread_blocked, id=4828, stack(0x0000006061700000,0x0000006061800000)]
=>0x000001a3f30e5330 JavaThread "LWJGL Application" [_thread_in_native, id=25748, stack(0x0000006061a00000,0x0000006061b00000)]
  0x000001a3cdad3b70 JavaThread "DestroyJavaVM" [_thread_blocked, id=6616, stack(0x0000006060400000,0x0000006060500000)]
  0x000001a3f7611270 JavaThread "LWJGL Timer" daemon [_thread_blocked, id=16720, stack(0x0000006062600000,0x0000006062700000)]

Other Threads:
  0x000001a3f1ece2a0 VMThread "VM Thread" [stack: 0x0000006060a00000,0x0000006060b00000] [id=18540]
  0x000001a3f28ed4d0 WatcherThread [stack: 0x0000006061600000,0x0000006061700000] [id=21464]
  0x000001a3cdb21cf0 GCTaskThread "GC Thread#0" [stack: 0x0000006060500000,0x0000006060600000] [id=29636]
  0x000001a3cdb32c40 ConcurrentGCThread "G1 Main Marker" [stack: 0x0000006060600000,0x0000006060700000] [id=26408]
  0x000001a3cdb35fb0 ConcurrentGCThread "G1 Conc#0" [stack: 0x0000006060700000,0x0000006060800000] [id=22636]
  0x000001a3f1dc3170 ConcurrentGCThread "G1 Refine#0" [stack: 0x0000006060800000,0x0000006060900000] [id=5628]
  0x000001a3f1dc4ac0 ConcurrentGCThread "G1 Young RemSet Sampling" [stack: 0x0000006060900000,0x0000006060a00000] [id=3404]

Threads with active compile tasks:

VM state: not at safepoint (normal execution)

VM Mutex/Monitor currently owned by a thread: None

Heap address: 0x0000000703800000, size: 4040 MB, Compressed Oops mode: Zero based, Oop shift amount: 3
CDS archive(s) mapped at: [0x0000000800000000-0x0000000800b50000-0x0000000800b50000), size 11862016, SharedBaseAddress: 0x0000000800000000, ArchiveRelocationMode: 0.
Compressed class space mapped at: 0x0000000800b50000-0x0000000840b50000, size: 1073741824
Narrow klass base: 0x0000000800000000, Narrow klass shift: 3, Narrow klass range: 0x100000000

GC Precious Log:
 CPUs: 16 total, 16 available
 Memory: 16154M
 Large Page Support: Disabled
 NUMA Support: Disabled
 Compressed Oops: Enabled (Zero based)
 Heap Region Size: 2M
 Heap Min Capacity: 8M
 Heap Initial Capacity: 254M
 Heap Max Capacity: 4040M
 Pre-touch: Disabled
 Parallel Workers: 13
 Concurrent Workers: 3
 Concurrent Refinement Workers: 13
 Periodic GC: Disabled

Heap:
 garbage-first heap   total 260096K, used 16384K [0x0000000703800000, 0x0000000800000000)
  region size 2048K, 9 young (18432K), 0 survivors (0K)
 Metaspace       used 4974K, capacity 7966K, committed 8320K, reserved 1056768K
  class space    used 323K, capacity 617K, committed 640K, reserved 1048576K

Heap Regions: E=young(eden), S=young(survivor), O=old, HS=humongous(starts), HC=humongous(continues), CS=collection set, F=free, OA=open archive, CA=closed archive, TAMS=top-at-mark-start (previous, next)
|   0|0x0000000703800000, 0x0000000703800000, 0x0000000703a00000|  0%| F|  |TAMS 0x0000000703800000, 0x0000000703800000| Untracked 
|   1|0x0000000703a00000, 0x0000000703a00000, 0x0000000703c00000|  0%| F|  |TAMS 0x0000000703a00000, 0x0000000703a00000| Untracked 
|   2|0x0000000703c00000, 0x0000000703c00000, 0x0000000703e00000|  0%| F|  |TAMS 0x0000000703c00000, 0x0000000703c00000| Untracked 
|   3|0x0000000703e00000, 0x0000000703e00000, 0x0000000704000000|  0%| F|  |TAMS 0x0000000703e00000, 0x0000000703e00000| Untracked 
|   4|0x0000000704000000, 0x0000000704000000, 0x0000000704200000|  0%| F|  |TAMS 0x0000000704000000, 0x0000000704000000| Untracked 
|   5|0x0000000704200000, 0x0000000704200000, 0x0000000704400000|  0%| F|  |TAMS 0x0000000704200000, 0x0000000704200000| Untracked 
|   6|0x0000000704400000, 0x0000000704400000, 0x0000000704600000|  0%| F|  |TAMS 0x0000000704400000, 0x0000000704400000| Untracked 
|   7|0x0000000704600000, 0x0000000704600000, 0x0000000704800000|  0%| F|  |TAMS 0x0000000704600000, 0x0000000704600000| Untracked 
|   8|0x0000000704800000, 0x0000000704800000, 0x0000000704a00000|  0%| F|  |TAMS 0x0000000704800000, 0x0000000704800000| Untracked 
|   9|0x0000000704a00000, 0x0000000704a00000, 0x0000000704c00000|  0%| F|  |TAMS 0x0000000704a00000, 0x0000000704a00000| Untracked 
|  10|0x0000000704c00000, 0x0000000704c00000, 0x0000000704e00000|  0%| F|  |TAMS 0x0000000704c00000, 0x0000000704c00000| Untracked 
|  11|0x0000000704e00000, 0x0000000704e00000, 0x0000000705000000|  0%| F|  |TAMS 0x0000000704e00000, 0x0000000704e00000| Untracked 
|  12|0x0000000705000000, 0x0000000705000000, 0x0000000705200000|  0%| F|  |TAMS 0x0000000705000000, 0x0000000705000000| Untracked 
|  13|0x0000000705200000, 0x0000000705200000, 0x0000000705400000|  0%| F|  |TAMS 0x0000000705200000, 0x0000000705200000| Untracked 
|  14|0x0000000705400000, 0x0000000705400000, 0x0000000705600000|  0%| F|  |TAMS 0x0000000705400000, 0x0000000705400000| Untracked 
|  15|0x0000000705600000, 0x0000000705600000, 0x0000000705800000|  0%| F|  |TAMS 0x0000000705600000, 0x0000000705600000| Untracked 
|  16|0x0000000705800000, 0x0000000705800000, 0x0000000705a00000|  0%| F|  |TAMS 0x0000000705800000, 0x0000000705800000| Untracked 
|  17|0x0000000705a00000, 0x0000000705a00000, 0x0000000705c00000|  0%| F|  |TAMS 0x0000000705a00000, 0x0000000705a00000| Untracked 
|  18|0x0000000705c00000, 0x0000000705c00000, 0x0000000705e00000|  0%| F|  |TAMS 0x0000000705c00000, 0x0000000705c00000| Untracked 
|  19|0x0000000705e00000, 0x0000000705e00000, 0x0000000706000000|  0%| F|  |TAMS 0x0000000705e00000, 0x0000000705e00000| Untracked 
|  20|0x0000000706000000, 0x0000000706000000, 0x0000000706200000|  0%| F|  |TAMS 0x0000000706000000, 0x0000000706000000| Untracked 
|  21|0x0000000706200000, 0x0000000706200000, 0x0000000706400000|  0%| F|  |TAMS 0x0000000706200000, 0x0000000706200000| Untracked 
|  22|0x0000000706400000, 0x0000000706400000, 0x0000000706600000|  0%| F|  |TAMS 0x0000000706400000, 0x0000000706400000| Untracked 
|  23|0x0000000706600000, 0x0000000706600000, 0x0000000706800000|  0%| F|  |TAMS 0x0000000706600000, 0x0000000706600000| Untracked 
|  24|0x0000000706800000, 0x0000000706800000, 0x0000000706a00000|  0%| F|  |TAMS 0x0000000706800000, 0x0000000706800000| Untracked 
|  25|0x0000000706a00000, 0x0000000706a00000, 0x0000000706c00000|  0%| F|  |TAMS 0x0000000706a00000, 0x0000000706a00000| Untracked 
|  26|0x0000000706c00000, 0x0000000706c00000, 0x0000000706e00000|  0%| F|  |TAMS 0x0000000706c00000, 0x0000000706c00000| Untracked 
|  27|0x0000000706e00000, 0x0000000706e00000, 0x0000000707000000|  0%| F|  |TAMS 0x0000000706e00000, 0x0000000706e00000| Untracked 
|  28|0x0000000707000000, 0x0000000707000000, 0x0000000707200000|  0%| F|  |TAMS 0x0000000707000000, 0x0000000707000000| Untracked 
|  29|0x0000000707200000, 0x0000000707200000, 0x0000000707400000|  0%| F|  |TAMS 0x0000000707200000, 0x0000000707200000| Untracked 
|  30|0x0000000707400000, 0x0000000707400000, 0x0000000707600000|  0%| F|  |TAMS 0x0000000707400000, 0x0000000707400000| Untracked 
|  31|0x0000000707600000, 0x0000000707600000, 0x0000000707800000|  0%| F|  |TAMS 0x0000000707600000, 0x0000000707600000| Untracked 
|  32|0x0000000707800000, 0x0000000707800000, 0x0000000707a00000|  0%| F|  |TAMS 0x0000000707800000, 0x0000000707800000| Untracked 
|  33|0x0000000707a00000, 0x0000000707a00000, 0x0000000707c00000|  0%| F|  |TAMS 0x0000000707a00000, 0x0000000707a00000| Untracked 
|  34|0x0000000707c00000, 0x0000000707c00000, 0x0000000707e00000|  0%| F|  |TAMS 0x0000000707c00000, 0x0000000707c00000| Untracked 
|  35|0x0000000707e00000, 0x0000000707e00000, 0x0000000708000000|  0%| F|  |TAMS 0x0000000707e00000, 0x0000000707e00000| Untracked 
|  36|0x0000000708000000, 0x0000000708000000, 0x0000000708200000|  0%| F|  |TAMS 0x0000000708000000, 0x0000000708000000| Untracked 
|  37|0x0000000708200000, 0x0000000708200000, 0x0000000708400000|  0%| F|  |TAMS 0x0000000708200000, 0x0000000708200000| Untracked 
|  38|0x0000000708400000, 0x0000000708400000, 0x0000000708600000|  0%| F|  |TAMS 0x0000000708400000, 0x0000000708400000| Untracked 
|  39|0x0000000708600000, 0x0000000708600000, 0x0000000708800000|  0%| F|  |TAMS 0x0000000708600000, 0x0000000708600000| Untracked 
|  40|0x0000000708800000, 0x0000000708800000, 0x0000000708a00000|  0%| F|  |TAMS 0x0000000708800000, 0x0000000708800000| Untracked 
|  41|0x0000000708a00000, 0x0000000708a00000, 0x0000000708c00000|  0%| F|  |TAMS 0x0000000708a00000, 0x0000000708a00000| Untracked 
|  42|0x0000000708c00000, 0x0000000708c00000, 0x0000000708e00000|  0%| F|  |TAMS 0x0000000708c00000, 0x0000000708c00000| Untracked 
|  43|0x0000000708e00000, 0x0000000708e00000, 0x0000000709000000|  0%| F|  |TAMS 0x0000000708e00000, 0x0000000708e00000| Untracked 
|  44|0x0000000709000000, 0x0000000709000000, 0x0000000709200000|  0%| F|  |TAMS 0x0000000709000000, 0x0000000709000000| Untracked 
|  45|0x0000000709200000, 0x0000000709200000, 0x0000000709400000|  0%| F|  |TAMS 0x0000000709200000, 0x0000000709200000| Untracked 
|  46|0x0000000709400000, 0x0000000709400000, 0x0000000709600000|  0%| F|  |TAMS 0x0000000709400000, 0x0000000709400000| Untracked 
|  47|0x0000000709600000, 0x0000000709600000, 0x0000000709800000|  0%| F|  |TAMS 0x0000000709600000, 0x0000000709600000| Untracked 
|  48|0x0000000709800000, 0x0000000709800000, 0x0000000709a00000|  0%| F|  |TAMS 0x0000000709800000, 0x0000000709800000| Untracked 
|  49|0x0000000709a00000, 0x0000000709a00000, 0x0000000709c00000|  0%| F|  |TAMS 0x0000000709a00000, 0x0000000709a00000| Untracked 
|  50|0x0000000709c00000, 0x0000000709c00000, 0x0000000709e00000|  0%| F|  |TAMS 0x0000000709c00000, 0x0000000709c00000| Untracked 
|  51|0x0000000709e00000, 0x0000000709e00000, 0x000000070a000000|  0%| F|  |TAMS 0x0000000709e00000, 0x0000000709e00000| Untracked 
|  52|0x000000070a000000, 0x000000070a000000, 0x000000070a200000|  0%| F|  |TAMS 0x000000070a000000, 0x000000070a000000| Untracked 
|  53|0x000000070a200000, 0x000000070a200000, 0x000000070a400000|  0%| F|  |TAMS 0x000000070a200000, 0x000000070a200000| Untracked 
|  54|0x000000070a400000, 0x000000070a400000, 0x000000070a600000|  0%| F|  |TAMS 0x000000070a400000, 0x000000070a400000| Untracked 
|  55|0x000000070a600000, 0x000000070a600000, 0x000000070a800000|  0%| F|  |TAMS 0x000000070a600000, 0x000000070a600000| Untracked 
|  56|0x000000070a800000, 0x000000070a800000, 0x000000070aa00000|  0%| F|  |TAMS 0x000000070a800000, 0x000000070a800000| Untracked 
|  57|0x000000070aa00000, 0x000000070aa00000, 0x000000070ac00000|  0%| F|  |TAMS 0x000000070aa00000, 0x000000070aa00000| Untracked 
|  58|0x000000070ac00000, 0x000000070ac00000, 0x000000070ae00000|  0%| F|  |TAMS 0x000000070ac00000, 0x000000070ac00000| Untracked 
|  59|0x000000070ae00000, 0x000000070ae00000, 0x000000070b000000|  0%| F|  |TAMS 0x000000070ae00000, 0x000000070ae00000| Untracked 
|  60|0x000000070b000000, 0x000000070b000000, 0x000000070b200000|  0%| F|  |TAMS 0x000000070b000000, 0x000000070b000000| Untracked 
|  61|0x000000070b200000, 0x000000070b200000, 0x000000070b400000|  0%| F|  |TAMS 0x000000070b200000, 0x000000070b200000| Untracked 
|  62|0x000000070b400000, 0x000000070b400000, 0x000000070b600000|  0%| F|  |TAMS 0x000000070b400000, 0x000000070b400000| Untracked 
|  63|0x000000070b600000, 0x000000070b600000, 0x000000070b800000|  0%| F|  |TAMS 0x000000070b600000, 0x000000070b600000| Untracked 
|  64|0x000000070b800000, 0x000000070b800000, 0x000000070ba00000|  0%| F|  |TAMS 0x000000070b800000, 0x000000070b800000| Untracked 
|  65|0x000000070ba00000, 0x000000070ba00000, 0x000000070bc00000|  0%| F|  |TAMS 0x000000070ba00000, 0x000000070ba00000| Untracked 
|  66|0x000000070bc00000, 0x000000070bc00000, 0x000000070be00000|  0%| F|  |TAMS 0x000000070bc00000, 0x000000070bc00000| Untracked 
|  67|0x000000070be00000, 0x000000070be00000, 0x000000070c000000|  0%| F|  |TAMS 0x000000070be00000, 0x000000070be00000| Untracked 
|  68|0x000000070c000000, 0x000000070c000000, 0x000000070c200000|  0%| F|  |TAMS 0x000000070c000000, 0x000000070c000000| Untracked 
|  69|0x000000070c200000, 0x000000070c200000, 0x000000070c400000|  0%| F|  |TAMS 0x000000070c200000, 0x000000070c200000| Untracked 
|  70|0x000000070c400000, 0x000000070c400000, 0x000000070c600000|  0%| F|  |TAMS 0x000000070c400000, 0x000000070c400000| Untracked 
|  71|0x000000070c600000, 0x000000070c600000, 0x000000070c800000|  0%| F|  |TAMS 0x000000070c600000, 0x000000070c600000| Untracked 
|  72|0x000000070c800000, 0x000000070c800000, 0x000000070ca00000|  0%| F|  |TAMS 0x000000070c800000, 0x000000070c800000| Untracked 
|  73|0x000000070ca00000, 0x000000070ca00000, 0x000000070cc00000|  0%| F|  |TAMS 0x000000070ca00000, 0x000000070ca00000| Untracked 
|  74|0x000000070cc00000, 0x000000070cc00000, 0x000000070ce00000|  0%| F|  |TAMS 0x000000070cc00000, 0x000000070cc00000| Untracked 
|  75|0x000000070ce00000, 0x000000070ce00000, 0x000000070d000000|  0%| F|  |TAMS 0x000000070ce00000, 0x000000070ce00000| Untracked 
|  76|0x000000070d000000, 0x000000070d000000, 0x000000070d200000|  0%| F|  |TAMS 0x000000070d000000, 0x000000070d000000| Untracked 
|  77|0x000000070d200000, 0x000000070d200000, 0x000000070d400000|  0%| F|  |TAMS 0x000000070d200000, 0x000000070d200000| Untracked 
|  78|0x000000070d400000, 0x000000070d400000, 0x000000070d600000|  0%| F|  |TAMS 0x000000070d400000, 0x000000070d400000| Untracked 
|  79|0x000000070d600000, 0x000000070d600000, 0x000000070d800000|  0%| F|  |TAMS 0x000000070d600000, 0x000000070d600000| Untracked 
|  80|0x000000070d800000, 0x000000070d800000, 0x000000070da00000|  0%| F|  |TAMS 0x000000070d800000, 0x000000070d800000| Untracked 
|  81|0x000000070da00000, 0x000000070da00000, 0x000000070dc00000|  0%| F|  |TAMS 0x000000070da00000, 0x000000070da00000| Untracked 
|  82|0x000000070dc00000, 0x000000070dc00000, 0x000000070de00000|  0%| F|  |TAMS 0x000000070dc00000, 0x000000070dc00000| Untracked 
|  83|0x000000070de00000, 0x000000070de00000, 0x000000070e000000|  0%| F|  |TAMS 0x000000070de00000, 0x000000070de00000| Untracked 
|  84|0x000000070e000000, 0x000000070e000000, 0x000000070e200000|  0%| F|  |TAMS 0x000000070e000000, 0x000000070e000000| Untracked 
|  85|0x000000070e200000, 0x000000070e200000, 0x000000070e400000|  0%| F|  |TAMS 0x000000070e200000, 0x000000070e200000| Untracked 
|  86|0x000000070e400000, 0x000000070e400000, 0x000000070e600000|  0%| F|  |TAMS 0x000000070e400000, 0x000000070e400000| Untracked 
|  87|0x000000070e600000, 0x000000070e600000, 0x000000070e800000|  0%| F|  |TAMS 0x000000070e600000, 0x000000070e600000| Untracked 
|  88|0x000000070e800000, 0x000000070e800000, 0x000000070ea00000|  0%| F|  |TAMS 0x000000070e800000, 0x000000070e800000| Untracked 
|  89|0x000000070ea00000, 0x000000070ea00000, 0x000000070ec00000|  0%| F|  |TAMS 0x000000070ea00000, 0x000000070ea00000| Untracked 
|  90|0x000000070ec00000, 0x000000070ec00000, 0x000000070ee00000|  0%| F|  |TAMS 0x000000070ec00000, 0x000000070ec00000| Untracked 
|  91|0x000000070ee00000, 0x000000070ee00000, 0x000000070f000000|  0%| F|  |TAMS 0x000000070ee00000, 0x000000070ee00000| Untracked 
|  92|0x000000070f000000, 0x000000070f000000, 0x000000070f200000|  0%| F|  |TAMS 0x000000070f000000, 0x000000070f000000| Untracked 
|  93|0x000000070f200000, 0x000000070f200000, 0x000000070f400000|  0%| F|  |TAMS 0x000000070f200000, 0x000000070f200000| Untracked 
|  94|0x000000070f400000, 0x000000070f400000, 0x000000070f600000|  0%| F|  |TAMS 0x000000070f400000, 0x000000070f400000| Untracked 
|  95|0x000000070f600000, 0x000000070f600000, 0x000000070f800000|  0%| F|  |TAMS 0x000000070f600000, 0x000000070f600000| Untracked 
|  96|0x000000070f800000, 0x000000070f800000, 0x000000070fa00000|  0%| F|  |TAMS 0x000000070f800000, 0x000000070f800000| Untracked 
|  97|0x000000070fa00000, 0x000000070fa00000, 0x000000070fc00000|  0%| F|  |TAMS 0x000000070fa00000, 0x000000070fa00000| Untracked 
|  98|0x000000070fc00000, 0x000000070fc00000, 0x000000070fe00000|  0%| F|  |TAMS 0x000000070fc00000, 0x000000070fc00000| Untracked 
|  99|0x000000070fe00000, 0x000000070fe00000, 0x0000000710000000|  0%| F|  |TAMS 0x000000070fe00000, 0x000000070fe00000| Untracked 
| 100|0x0000000710000000, 0x0000000710000000, 0x0000000710200000|  0%| F|  |TAMS 0x0000000710000000, 0x0000000710000000| Untracked 
| 101|0x0000000710200000, 0x0000000710200000, 0x0000000710400000|  0%| F|  |TAMS 0x0000000710200000, 0x0000000710200000| Untracked 
| 102|0x0000000710400000, 0x0000000710400000, 0x0000000710600000|  0%| F|  |TAMS 0x0000000710400000, 0x0000000710400000| Untracked 
| 103|0x0000000710600000, 0x0000000710600000, 0x0000000710800000|  0%| F|  |TAMS 0x0000000710600000, 0x0000000710600000| Untracked 
| 104|0x0000000710800000, 0x0000000710800000, 0x0000000710a00000|  0%| F|  |TAMS 0x0000000710800000, 0x0000000710800000| Untracked 
| 105|0x0000000710a00000, 0x0000000710a00000, 0x0000000710c00000|  0%| F|  |TAMS 0x0000000710a00000, 0x0000000710a00000| Untracked 
| 106|0x0000000710c00000, 0x0000000710c00000, 0x0000000710e00000|  0%| F|  |TAMS 0x0000000710c00000, 0x0000000710c00000| Untracked 
| 107|0x0000000710e00000, 0x0000000710e00000, 0x0000000711000000|  0%| F|  |TAMS 0x0000000710e00000, 0x0000000710e00000| Untracked 
| 108|0x0000000711000000, 0x0000000711000000, 0x0000000711200000|  0%| F|  |TAMS 0x0000000711000000, 0x0000000711000000| Untracked 
| 109|0x0000000711200000, 0x0000000711200000, 0x0000000711400000|  0%| F|  |TAMS 0x0000000711200000, 0x0000000711200000| Untracked 
| 110|0x0000000711400000, 0x0000000711400000, 0x0000000711600000|  0%| F|  |TAMS 0x0000000711400000, 0x0000000711400000| Untracked 
| 111|0x0000000711600000, 0x0000000711600000, 0x0000000711800000|  0%| F|  |TAMS 0x0000000711600000, 0x0000000711600000| Untracked 
| 112|0x0000000711800000, 0x0000000711800000, 0x0000000711a00000|  0%| F|  |TAMS 0x0000000711800000, 0x0000000711800000| Untracked 
| 113|0x0000000711a00000, 0x0000000711a00000, 0x0000000711c00000|  0%| F|  |TAMS 0x0000000711a00000, 0x0000000711a00000| Untracked 
| 114|0x0000000711c00000, 0x0000000711c00000, 0x0000000711e00000|  0%| F|  |TAMS 0x0000000711c00000, 0x0000000711c00000| Untracked 
| 115|0x0000000711e00000, 0x0000000711e00000, 0x0000000712000000|  0%| F|  |TAMS 0x0000000711e00000, 0x0000000711e00000| Untracked 
| 116|0x0000000712000000, 0x0000000712000000, 0x0000000712200000|  0%| F|  |TAMS 0x0000000712000000, 0x0000000712000000| Untracked 
| 117|0x0000000712200000, 0x0000000712200000, 0x0000000712400000|  0%| F|  |TAMS 0x0000000712200000, 0x0000000712200000| Untracked 
| 118|0x0000000712400000, 0x0000000712576210, 0x0000000712600000| 73%| E|  |TAMS 0x0000000712400000, 0x0000000712400000| Complete 
| 119|0x0000000712600000, 0x0000000712800000, 0x0000000712800000|100%| E|CS|TAMS 0x0000000712600000, 0x0000000712600000| Complete 
| 120|0x0000000712800000, 0x0000000712a00000, 0x0000000712a00000|100%| E|CS|TAMS 0x0000000712800000, 0x0000000712800000| Complete 
| 121|0x0000000712a00000, 0x0000000712c00000, 0x0000000712c00000|100%| E|CS|TAMS 0x0000000712a00000, 0x0000000712a00000| Complete 
| 122|0x0000000712c00000, 0x0000000712e00000, 0x0000000712e00000|100%| E|CS|TAMS 0x0000000712c00000, 0x0000000712c00000| Complete 
| 123|0x0000000712e00000, 0x0000000713000000, 0x0000000713000000|100%| E|CS|TAMS 0x0000000712e00000, 0x0000000712e00000| Complete 
| 124|0x0000000713000000, 0x0000000713200000, 0x0000000713200000|100%| E|CS|TAMS 0x0000000713000000, 0x0000000713000000| Complete 
| 125|0x0000000713200000, 0x0000000713400000, 0x0000000713400000|100%| E|CS|TAMS 0x0000000713200000, 0x0000000713200000| Complete 
| 126|0x0000000713400000, 0x0000000713600000, 0x0000000713600000|100%| E|CS|TAMS 0x0000000713400000, 0x0000000713400000| Complete 

Card table byte_map: [0x000001a3e6060000,0x000001a3e6850000] _byte_map_base: 0x000001a3e2844000

Marking Bits (Prev, Next): (CMBitMap*) 0x000001a3cdb22560, (CMBitMap*) 0x000001a3cdb225a0
 Prev Bits: [0x000001a3e7040000, 0x000001a3eaf60000)
 Next Bits: [0x000001a3eaf60000, 0x000001a3eee80000)

Polling page: 0x000001a3cba20000

Metaspace:

Usage:
  Non-class:      7.18 MB capacity,     4.54 MB ( 63%) used,     2.63 MB ( 37%) free+waste,     3.56 KB ( <1%) overhead. 
      Class:    617.00 KB capacity,   323.42 KB ( 52%) used,   292.77 KB ( 47%) free+waste,   832 bytes ( <1%) overhead. 
       Both:      7.78 MB capacity,     4.86 MB ( 62%) used,     2.92 MB ( 37%) free+waste,     4.38 KB ( <1%) overhead. 

Virtual space:
  Non-class space:        8.00 MB reserved,       7.50 MB ( 94%) committed 
      Class space:        1.00 GB reserved,     640.00 KB ( <1%) committed 
             Both:        1.01 GB reserved,       8.13 MB ( <1%) committed 

Chunk freelists:
   Non-Class:  139.00 KB
       Class:  23.00 KB
        Both:  162.00 KB

MaxMetaspaceSize: 17179869184.00 GB
CompressedClassSpaceSize: 1.00 GB

CodeHeap 'non-profiled nmethods': size=119168Kb used=470Kb max_used=470Kb free=118698Kb
 bounds [0x000001a3ddb90000, 0x000001a3dde00000, 0x000001a3e4ff0000]
CodeHeap 'profiled nmethods': size=119104Kb used=2219Kb max_used=2219Kb free=116884Kb
 bounds [0x000001a3d6740000, 0x000001a3d69b0000, 0x000001a3ddb90000]
CodeHeap 'non-nmethods': size=7488Kb used=1286Kb max_used=2998Kb free=6202Kb
 bounds [0x000001a3d5ff0000, 0x000001a3d62f0000, 0x000001a3d6740000]
 total_blobs=1875 nmethods=1297 adapters=491
 compilation: enabled
              stopped_count=0, restarted_count=0
 full_count=0

Compilation events (20 events):
Event: 12.289 Thread 0x000001a3f1ef21f0 1287       4       com.badlogic.gdx.physics.box2d.Box2DDebugRenderer::renderBody (102 bytes)
Event: 12.294 Thread 0x000001a3f1ef21f0 nmethod 1287 0x000001a3ddbf4d10 code [0x000001a3ddbf4f20, 0x000001a3ddbf54d0]
Event: 12.587 Thread 0x000001a3f1efada0 1288       3       org.lwjgl.opengl.WindowsDisplay::shouldGrab (26 bytes)
Event: 12.587 Thread 0x000001a3f1efada0 nmethod 1288 0x000001a3d696a790 code [0x000001a3d696a940, 0x000001a3d696ac18]
Event: 13.287 Thread 0x000001a3f1ef21f0 1290       4       com.badlogic.gdx.graphics.g2d.SpriteBatch::flush (193 bytes)
Event: 13.295 Thread 0x000001a3f1ef21f0 nmethod 1290 0x000001a3ddbf6010 code [0x000001a3ddbf6280, 0x000001a3ddbf6ea0]
Event: 13.537 Thread 0x000001a3f1ef21f0 1291       4       java.nio.ByteBuffer::position (8 bytes)
Event: 13.537 Thread 0x000001a3f1ef21f0 nmethod 1291 0x000001a3ddbf7e10 code [0x000001a3ddbf7f80, 0x000001a3ddbf8038]
Event: 13.870 Thread 0x000001a3f1ef21f0 1292       4       com.badlogic.gdx.math.Vector3::sub (23 bytes)
Event: 13.871 Thread 0x000001a3f1ef21f0 nmethod 1292 0x000001a3ddbf8110 code [0x000001a3ddbf8280, 0x000001a3ddbf8318]
Event: 14.554 Thread 0x000001a3f1ef21f0 1293       4       com.badlogic.gdx.graphics.Mesh::render (341 bytes)
Event: 14.620 Thread 0x000001a3f1ef21f0 nmethod 1293 0x000001a3ddbf8410 code [0x000001a3ddbf8800, 0x000001a3ddbfc7b0]
Event: 14.620 Thread 0x000001a3f1ef21f0 1294       4       com.badlogic.gdx.graphics.Mesh::unbind (63 bytes)
Event: 14.643 Thread 0x000001a3f1ef21f0 nmethod 1294 0x000001a3ddbffe90 code [0x000001a3ddc00120, 0x000001a3ddc01c30]
Event: 15.587 Thread 0x000001a3f1ef21f0 1295       4       jdk.internal.misc.Unsafe::checkOffset (32 bytes)
Event: 15.587 Thread 0x000001a3f1ef21f0 nmethod 1295 0x000001a3ddc03310 code [0x000001a3ddc03480, 0x000001a3ddc03518]
Event: 15.604 Thread 0x000001a3f1ef21f0 1296       4       com.badlogic.gdx.graphics.glutils.VertexArray::bind (347 bytes)
Event: 15.616 Thread 0x000001a3f1ef21f0 nmethod 1296 0x000001a3ddc03610 code [0x000001a3ddc03820, 0x000001a3ddc046c8]
Event: 15.720 Thread 0x000001a3f1ef21f0 1297   !   4       java.nio.DirectIntBufferU::put (36 bytes)
Event: 15.720 Thread 0x000001a3f1ef21f0 nmethod 1297 0x000001a3ddc05490 code [0x000001a3ddc05600, 0x000001a3ddc056d8]

GC Heap History (0 events):
No events

Deoptimization events (20 events):
Event: 1.333 Thread 0x000001a3f30e5330 DEOPT PACKING pc=0x000001a3d68af007 sp=0x0000006061afed00
Event: 1.333 Thread 0x000001a3f30e5330 DEOPT UNPACKING pc=0x000001a3d603e23f sp=0x0000006061afe128 mode 0
Event: 1.366 Thread 0x000001a3f30e5330 DEOPT PACKING pc=0x000001a3d68af007 sp=0x0000006061afed00
Event: 1.366 Thread 0x000001a3f30e5330 DEOPT UNPACKING pc=0x000001a3d603e23f sp=0x0000006061afe128 mode 0
Event: 1.387 Thread 0x000001a3f30e5330 DEOPT PACKING pc=0x000001a3d68af007 sp=0x0000006061afed00
Event: 1.387 Thread 0x000001a3f30e5330 DEOPT UNPACKING pc=0x000001a3d603e23f sp=0x0000006061afe128 mode 0
Event: 1.416 Thread 0x000001a3f30e5330 DEOPT PACKING pc=0x000001a3d68af007 sp=0x0000006061afed00
Event: 1.416 Thread 0x000001a3f30e5330 DEOPT UNPACKING pc=0x000001a3d603e23f sp=0x0000006061afe128 mode 0
Event: 1.436 Thread 0x000001a3f30e5330 DEOPT PACKING pc=0x000001a3d68bce40 sp=0x0000006061afedf0
Event: 1.436 Thread 0x000001a3f30e5330 DEOPT UNPACKING pc=0x000001a3d603e23f sp=0x0000006061afe388 mode 0
Event: 1.453 Thread 0x000001a3f30e5330 DEOPT PACKING pc=0x000001a3d68bee62 sp=0x0000006061afee00
Event: 1.454 Thread 0x000001a3f30e5330 DEOPT UNPACKING pc=0x000001a3d603e23f sp=0x0000006061afe388 mode 0
Event: 1.503 Thread 0x000001a3f30e5330 DEOPT PACKING pc=0x000001a3d68bee62 sp=0x0000006061afee00
Event: 1.503 Thread 0x000001a3f30e5330 DEOPT UNPACKING pc=0x000001a3d603e23f sp=0x0000006061afe388 mode 0
Event: 1.536 Thread 0x000001a3f30e5330 DEOPT PACKING pc=0x000001a3d68bee62 sp=0x0000006061afee00
Event: 1.536 Thread 0x000001a3f30e5330 DEOPT UNPACKING pc=0x000001a3d603e23f sp=0x0000006061afe388 mode 0
Event: 1.587 Thread 0x000001a3f30e5330 DEOPT PACKING pc=0x000001a3d68bee62 sp=0x0000006061afee00
Event: 1.587 Thread 0x000001a3f30e5330 DEOPT UNPACKING pc=0x000001a3d603e23f sp=0x0000006061afe388 mode 0
Event: 1.619 Thread 0x000001a3f30e5330 DEOPT PACKING pc=0x000001a3d68bee62 sp=0x0000006061afee00
Event: 1.619 Thread 0x000001a3f30e5330 DEOPT UNPACKING pc=0x000001a3d603e23f sp=0x0000006061afe388 mode 0

Classes unloaded (0 events):
No events

Classes redefined (0 events):
No events

Internal exceptions (1 events):
Event: 0.540 Thread 0x000001a3f30e5330 Exception <a 'org/lwjgl/LWJGLException'{0x0000000712e8fa38}: Failed to set device gamma.> (0x0000000712e8fa38) 
thrown [./src/hotspot/share/prims/jni.cpp, line 599]

Events (20 events):
Event: 2.317 Loaded shared library C:\Users\dougl\AppData\Local\Temp\libgdxdougl\1cecf4f6\lwjgl64.dll
Event: 2.318 Loaded shared library C:\Users\dougl\AppData\Local\Temp\libgdxdougl\1cecf4f6\lwjgl64.dll
Event: 2.600 Loaded shared library C:\Users\dougl\AppData\Local\Temp\libgdxdougl\1cecf4f6\lwjgl64.dll
Event: 2.601 Loaded shared library C:\Users\dougl\AppData\Local\Temp\libgdxdougl\1cecf4f6\lwjgl64.dll
Event: 2.637 Loaded shared library C:\Users\dougl\.jdks\azul-15.0.5\bin\java.dll
Event: 3.183 Loaded shared library C:\Users\dougl\AppData\Local\Temp\libgdxdougl\1cecf4f6\lwjgl64.dll
Event: 3.184 Loaded shared library C:\Users\dougl\AppData\Local\Temp\libgdxdougl\1cecf4f6\lwjgl64.dll
Event: 3.950 Loaded shared library C:\Users\dougl\.jdks\azul-15.0.5\bin\java.dll
Event: 5.233 Loaded shared library C:\Users\dougl\AppData\Local\Temp\libgdxdougl\1cecf4f6\lwjgl64.dll
Event: 5.234 Loaded shared library C:\Users\dougl\AppData\Local\Temp\libgdxdougl\1cecf4f6\lwjgl64.dll
Event: 5.270 Loaded shared library C:\Users\dougl\AppData\Local\Temp\libgdxdougl\1cecf4f6\lwjgl64.dll
Event: 5.983 Thread 0x000001a3f6e39a50 Thread exited: 0x000001a3f6e39a50
Event: 5.983 Thread 0x000001a3f27a09a0 Thread exited: 0x000001a3f27a09a0
Event: 5.983 Thread 0x000001a3f27a0490 Thread exited: 0x000001a3f27a0490
Event: 7.417 Loaded shared library C:\Users\dougl\AppData\Local\Temp\libgdxdougl\e1cd32f8\gdx64.dll
Event: 7.420 Loaded shared library C:\Users\dougl\AppData\Local\Temp\libgdxdougl\1cecf4f6\lwjgl64.dll
Event: 7.421 Loaded shared library C:\Users\dougl\AppData\Local\Temp\libgdxdougl\1cecf4f6\lwjgl64.dll
Event: 7.437 Thread 0x000001a3f6e43bc0 Thread added: 0x000001a3f6e43bc0
Event: 8.920 Loaded shared library C:\Users\dougl\AppData\Local\Temp\libgdxdougl\1cecf4f6\lwjgl64.dll
Event: 9.487 Thread 0x000001a3f6e43bc0 Thread exited: 0x000001a3f6e43bc0


Dynamic libraries:
0x00007ff617b90000 - 0x00007ff617b9d000 	C:\Users\dougl\.jdks\azul-15.0.5\bin\java.exe
0x00007ffc92c10000 - 0x00007ffc92e05000 	C:\Windows\SYSTEM32\ntdll.dll
0x00007ffc92ab0000 - 0x00007ffc92b6e000 	C:\Windows\System32\KERNEL32.DLL
0x00007ffc905c0000 - 0x00007ffc90888000 	C:\Windows\System32\KERNELBASE.dll
0x00007ffc6d030000 - 0x00007ffc6d048000 	C:\Users\dougl\.jdks\azul-15.0.5\bin\jli.dll
0x00007ffc6fc30000 - 0x00007ffc6fc45000 	C:\Users\dougl\.jdks\azul-15.0.5\bin\VCRUNTIME140.dll
0x00007ffc90b60000 - 0x00007ffc90c60000 	C:\Windows\System32\ucrtbase.dll
0x00007ffc911b0000 - 0x00007ffc91351000 	C:\Windows\System32\USER32.dll
0x00007ffc7b9f0000 - 0x00007ffc7bc8a000 	C:\Windows\WinSxS\amd64_microsoft.windows.common-controls_6595b64144ccf1df_6.0.19041.1110_none_60b5254171f9507e\COMCTL32.dll
0x00007ffc90890000 - 0x00007ffc908b2000 	C:\Windows\System32\win32u.dll
0x00007ffc91b80000 - 0x00007ffc91c1e000 	C:\Windows\System32\msvcrt.dll
0x00007ffc91b50000 - 0x00007ffc91b7b000 	C:\Windows\System32\GDI32.dll
0x00007ffc908c0000 - 0x00007ffc909cb000 	C:\Windows\System32\gdi32full.dll
0x00007ffc903e0000 - 0x00007ffc9047d000 	C:\Windows\System32\msvcp_win.dll
0x00007ffc91850000 - 0x00007ffc91880000 	C:\Windows\System32\IMM32.DLL
0x00007ffc5b7e0000 - 0x00007ffc5b87b000 	C:\Users\dougl\.jdks\azul-15.0.5\bin\msvcp140.dll
0x00007ffbcf610000 - 0x00007ffbd01a2000 	C:\Users\dougl\.jdks\azul-15.0.5\bin\server\jvm.dll
0x00007ffc91880000 - 0x00007ffc9192c000 	C:\Windows\System32\ADVAPI32.dll
0x00007ffc91c50000 - 0x00007ffc91ceb000 	C:\Windows\System32\sechost.dll
0x00007ffc92980000 - 0x00007ffc92aaa000 	C:\Windows\System32\RPCRT4.dll
0x00007ffc91b30000 - 0x00007ffc91b38000 	C:\Windows\System32\PSAPI.DLL
0x00007ffc8cc10000 - 0x00007ffc8cc19000 	C:\Windows\SYSTEM32\WSOCK32.dll
0x00007ffc86710000 - 0x00007ffc86737000 	C:\Windows\SYSTEM32\WINMM.dll
0x00007ffc89390000 - 0x00007ffc8939a000 	C:\Windows\SYSTEM32\VERSION.dll
0x00007ffc91090000 - 0x00007ffc910fb000 	C:\Windows\System32\WS2_32.dll
0x00007ffc8e430000 - 0x00007ffc8e442000 	C:\Windows\SYSTEM32\kernel.appcore.dll
0x00007ffc79e00000 - 0x00007ffc79e0a000 	C:\Users\dougl\.jdks\azul-15.0.5\bin\jimage.dll
0x00007ffc8dfd0000 - 0x00007ffc8e1b4000 	C:\Windows\SYSTEM32\DBGHELP.DLL
0x00007ffc78330000 - 0x00007ffc7835c000 	C:\Windows\SYSTEM32\dbgcore.DLL
0x00007ffc90530000 - 0x00007ffc905b3000 	C:\Windows\System32\bcryptPrimitives.dll
0x00007ffc6bc00000 - 0x00007ffc6bc25000 	C:\Users\dougl\.jdks\azul-15.0.5\bin\java.dll
0x00007ffc91dc0000 - 0x00007ffc924ff000 	C:\Windows\System32\SHELL32.dll
0x00007ffc8e450000 - 0x00007ffc8ebe0000 	C:\Windows\SYSTEM32\windows.storage.dll
0x00007ffc91440000 - 0x00007ffc91795000 	C:\Windows\System32\combase.dll
0x00007ffc8fd80000 - 0x00007ffc8fdae000 	C:\Windows\SYSTEM32\Wldp.dll
0x00007ffc917a0000 - 0x00007ffc9184d000 	C:\Windows\System32\SHCORE.dll
0x00007ffc92b70000 - 0x00007ffc92bc5000 	C:\Windows\System32\shlwapi.dll
0x00007ffc90270000 - 0x00007ffc9028f000 	C:\Windows\SYSTEM32\profapi.dll
0x00007ffc6b080000 - 0x00007ffc6b099000 	C:\Users\dougl\.jdks\azul-15.0.5\bin\net.dll
0x00007ffc82250000 - 0x00007ffc8235c000 	C:\Windows\SYSTEM32\WINHTTP.dll
0x00007ffc8fae0000 - 0x00007ffc8fb4a000 	C:\Windows\system32\mswsock.dll
0x00007ffc6af70000 - 0x00007ffc6af82000 	C:\Users\dougl\.jdks\azul-15.0.5\bin\nio.dll
0x00007ffc6aec0000 - 0x00007ffc6aed8000 	C:\Users\dougl\.jdks\azul-15.0.5\bin\zip.dll
0x000000006e700000 - 0x000000006e72a000 	C:\Users\dougl\AppData\Local\Temp\libgdxdougl\e1cd32f8\gdx64.dll
0x00007ffc79dd0000 - 0x00007ffc79de0000 	C:\Users\dougl\.jdks\azul-15.0.5\bin\verify.dll
0x0000000180000000 - 0x0000000180053000 	C:\Users\dougl\AppData\Local\Temp\libgdxdougl\1cecf4f6\lwjgl64.dll
0x00007ffbf8bd0000 - 0x00007ffbf8cf5000 	C:\Windows\SYSTEM32\OPENGL32.dll
0x00007ffc763b0000 - 0x00007ffc763dc000 	C:\Windows\SYSTEM32\GLU32.dll
0x000001a3cd9f0000 - 0x000001a3cda54000 	C:\Users\dougl\AppData\Local\Temp\libgdxdougl\1cecf4f6\OpenAL64.dll
0x00007ffc90cc0000 - 0x00007ffc90dea000 	C:\Windows\System32\ole32.dll
0x00007ffc8d920000 - 0x00007ffc8d9be000 	C:\Windows\system32\uxtheme.dll
0x00007ffbf1630000 - 0x00007ffbf172c000 	C:\ProgramData\A-Volute\DellInc.AlienwareSoundCenter\Modules\ScheduledModules\x64\DellInc.AlienwareSoundCenterDevProps2.dll
0x00007ffbf1730000 - 0x00007ffbf17dd000 	C:\ProgramData\A-Volute\DellInc.AlienwareSoundCenter\Modules\ScheduledModules\x64\NahimicOSD.dll
0x00007ffbf37e0000 - 0x00007ffbf3801000 	C:\ProgramData\A-Volute\DellInc.AlienwareSoundCenter\Modules\ScheduledModules\x64\ProductInfo.dll
0x00007ffc91100000 - 0x00007ffc911a9000 	C:\Windows\System32\clbcatq.dll
0x00007ffc8ab30000 - 0x00007ffc8abb5000 	C:\Windows\System32\MMDevApi.dll
0x00007ffc900d0000 - 0x00007ffc90104000 	C:\Windows\System32\DEVOBJ.dll
0x00007ffc90330000 - 0x00007ffc9037e000 	C:\Windows\System32\cfgmgr32.dll
0x00007ffc8ac90000 - 0x00007ffc8ae11000 	C:\Windows\SYSTEM32\AudioSes.dll
0x00007ffc91cf0000 - 0x00007ffc91dbd000 	C:\Windows\System32\OLEAUT32.dll
0x00007ffc8f8f0000 - 0x00007ffc8f93b000 	C:\Windows\SYSTEM32\powrprof.dll
0x00007ffc8f760000 - 0x00007ffc8f772000 	C:\Windows\SYSTEM32\UMPDC.dll
0x00007ffc8b690000 - 0x00007ffc8b786000 	C:\Windows\SYSTEM32\PropSys.dll
0x00007ffc82d80000 - 0x00007ffc82e1c000 	C:\Windows\SYSTEM32\dsound.dll
0x00007ffc82b00000 - 0x00007ffc82b26000 	C:\Windows\SYSTEM32\winmmbase.dll
0x00007ffc8dab0000 - 0x00007ffc8dac4000 	C:\Windows\SYSTEM32\resourcepolicyclient.dll
0x00007ffc89560000 - 0x00007ffc8960e000 	C:\Windows\SYSTEM32\mscms.dll
0x00007ffc901f0000 - 0x00007ffc9021e000 	C:\Windows\SYSTEM32\USERENV.dll
0x00007ffc8a050000 - 0x00007ffc8a061000 	C:\Windows\SYSTEM32\ColorAdapterClient.dll
0x00007ffc91a10000 - 0x00007ffc91b25000 	C:\Windows\System32\MSCTF.dll
0x00007ffc6ef60000 - 0x00007ffc6f059000 	C:\Windows\SYSTEM32\textinputframework.dll
0x00007ffc8d370000 - 0x00007ffc8d462000 	C:\Windows\System32\CoreMessaging.dll
0x00007ffc8d010000 - 0x00007ffc8d36e000 	C:\Windows\System32\CoreUIComponents.dll
0x00007ffc8f140000 - 0x00007ffc8f173000 	C:\Windows\SYSTEM32\ntmarta.dll
0x00007ffc8bb40000 - 0x00007ffc8bc94000 	C:\Windows\SYSTEM32\wintypes.dll
0x00007ffc78360000 - 0x00007ffc783c6000 	C:\Windows\system32\Oleacc.dll
0x00007ffc8a3b0000 - 0x00007ffc8a4a9000 	C:\Windows\System32\AppXDeploymentClient.dll
0x00007ffba9b70000 - 0x00007ffbac687000 	C:\Windows\System32\DriverStore\FileRepository\nvddi.inf_amd64_825a4c41796dab48\nvoglv64.dll
0x00007ffc92500000 - 0x00007ffc92972000 	C:\Windows\System32\SETUPAPI.dll
0x00007ffc90b30000 - 0x00007ffc90b57000 	C:\Windows\System32\bcrypt.dll
0x00007ffc8b850000 - 0x00007ffc8b864000 	C:\Windows\SYSTEM32\WTSAPI32.dll
0x00007ffc8ff10000 - 0x00007ffc8ff22000 	C:\Windows\SYSTEM32\msasn1.dll
0x00007ffc89120000 - 0x00007ffc89151000 	C:\Windows\SYSTEM32\cryptnet.dll
0x00007ffc909d0000 - 0x00007ffc90b26000 	C:\Windows\System32\CRYPT32.dll
0x00007ffc87920000 - 0x00007ffc87a6a000 	C:\Windows\SYSTEM32\drvstore.dll
0x00007ffc8fcf0000 - 0x00007ffc8fcfc000 	C:\Windows\SYSTEM32\cryptbase.dll
0x00007ffc90380000 - 0x00007ffc903e0000 	C:\Windows\System32\WINTRUST.dll
0x00007ffc8b2b0000 - 0x00007ffc8b2eb000 	C:\Windows\SYSTEM32\dxcore.dll
0x00007ffc582a0000 - 0x00007ffc58563000 	C:\Windows\system32\nvspcap64.dll
0x00007ffc8dbb0000 - 0x00007ffc8dbdf000 	C:\Windows\SYSTEM32\dwmapi.dll
0x00007ffc89090000 - 0x00007ffc890d3000 	C:\Windows\SYSTEM32\icm32.dll
0x00007ffc8f0e0000 - 0x00007ffc8f13a000 	C:\Windows\SYSTEM32\WINSTA.dll
0x00007ffc81890000 - 0x00007ffc81a5e000 	C:\Windows\SYSTEM32\d3d9.dll
0x00007ffc91c20000 - 0x00007ffc91c3d000 	C:\Windows\System32\imagehlp.dll
0x00007ffc8fcd0000 - 0x00007ffc8fce8000 	C:\Windows\SYSTEM32\CRYPTSP.dll
0x00007ffc8f3f0000 - 0x00007ffc8f424000 	C:\Windows\system32\rsaenh.dll
0x0000000066b00000 - 0x0000000066b5b000 	C:\Users\dougl\AppData\Local\Temp\libgdxdougl\a14961b7\gdx-box2d64.dll

dbghelp: loaded successfully - version: 4.0.5 - missing functions: none
symbol engine: initialized successfully - sym options: 0x614 - pdb path: .;C:\Users\dougl\.jdks\azul-15.0.5\bin;C:\Windows\SYSTEM32;C:\Windows\WinSxS\amd64_microsoft.windows.common-controls_6595b64144ccf1df_6.0.19041.1110_none_60b5254171f9507e;C:\Users\dougl\.jdks\azul-15.0.5\bin\server;C:\Users\dougl\AppData\Local\Temp\libgdxdougl\e1cd32f8;C:\Users\dougl\AppData\Local\Temp\libgdxdougl\1cecf4f6;C:\ProgramData\A-Volute\DellInc.AlienwareSoundCenter\Modules\ScheduledModules\x64;C:\Windows\System32\DriverStore\FileRepository\nvddi.inf_amd64_825a4c41796dab48;C:\Users\dougl\AppData\Local\Temp\libgdxdougl\a14961b7

VM Arguments:
jvm_args: -Dfile.encoding=windows-1252 -Duser.country=CA -Duser.language=en -Duser.variant 
java_command: com.mygdx.game.desktop.DesktopLauncher
java_class_path (initial): D:\Documents\GitHub\PortalGame\PortalGame\desktop\build\classes\java\main;D:\Documents\GitHub\PortalGame\PortalGame\desktop\build\resources\main;C:\Users\dougl\.gradle\caches\modules-2\files-2.1\com.badlogicgames.gdx\gdx-tools\1.10.0\d699cf4953fb42a071c7c3feb9b5c45601aa6a4b\gdx-tools-1.10.0.jar;C:\Users\dougl\.gradle\caches\modules-2\files-2.1\com.badlogicgames.gdx\gdx-backend-lwjgl\1.10.0\58ff89d9e4fd8a82591367f187d606e781cacc05\gdx-backend-lwjgl-1.10.0.jar;C:\Users\dougl\.gradle\caches\modules-2\files-2.1\com.badlogicgames.gdx\gdx-platform\1.10.0\9a8fa793d2fd6d360afc6c9e4c1f5583da263b88\gdx-platform-1.10.0-natives-desktop.jar;C:\Users\dougl\.gradle\caches\modules-2\files-2.1\com.badlogicgames.gdx\gdx-box2d-platform\1.10.0\588c4191c5a64ed39365e71484aa37d81c38eb5e\gdx-box2d-platform-1.10.0-natives-desktop.jar;C:\Users\dougl\.gradle\caches\modules-2\files-2.1\com.badlogicgames.gdx\gdx-bullet-platform\1.10.0\ce92e8dfc762523d769cbc50853163c03bf98cf1\gdx-bullet-platform-1.10.0-natives-desktop.jar;C:\Users\dougl\.gradle\caches\modules-2\files-2.1\com.badlogicgames.gdx\gdx-freetype-platform\1.10.0\6e5d28752759e69384f12e4569d2c884ff71352f\gdx-freetype-platform-1.10.0-natives-desktop.jar;D:\Documents\GitHub\PortalGame\PortalGame\core\build\libs\core-1.0.jar;C:\Users\dougl\.gradle\caches\modules-2\files-2.1\com.badlogicgames.gdx\gdx-backend-headless\1.10.0\990eadbb431197c5b9b816d1659c772e0268e65\gdx-backend-headless-1.10.0.jar;C:\Users\dougl\.gradle\caches\modules-2\files-2.1\com.badlogicgames.gdx\gdx-freetype\1.10.0\de1d0d5c1e92e8d91364256fd6b7bb279d3e9859\gdx-freetype-1.10.0.jar;C:\Users\dougl\.gradle\caches\modules-2\files-2.1\com.badlogicgames.box2dlights\box2dlights\1.5\6902dbcd250c95a27973aa24a147a95b3828d348\box2dlights-1.5.jar;C:\Users\dougl\.gradle\caches\modules-2\files-2.1\com.badlogicgames.gdx\gdx-box2d\1.10.0\b3a3c0f00b90716238835434d0ae8985604c37f8\gdx-box2d-1.10.0.jar;C:\Users\dougl\.gradle\caches\modules-2\files-2.1\com.badlogicga
Launcher Type: SUN_STANDARD

[Global flags]
     intx CICompilerCount                          = 12                                        {product} {ergonomic}
     uint ConcGCThreads                            = 3                                         {product} {ergonomic}
     uint G1ConcRefinementThreads                  = 13                                        {product} {ergonomic}
   size_t G1HeapRegionSize                         = 2097152                                   {product} {ergonomic}
    uintx GCDrainStackTargetSize                   = 64                                        {product} {ergonomic}
   size_t InitialHeapSize                          = 266338304                                 {product} {ergonomic}
   size_t MarkStackSize                            = 4194304                                   {product} {ergonomic}
   size_t MaxHeapSize                              = 4236247040                                {product} {ergonomic}
   size_t MaxNewSize                               = 2541748224                                {product} {ergonomic}
   size_t MinHeapDeltaBytes                        = 2097152                                   {product} {ergonomic}
   size_t MinHeapSize                              = 8388608                                   {product} {ergonomic}
    uintx NonNMethodCodeHeapSize                   = 7602480                                {pd product} {ergonomic}
    uintx NonProfiledCodeHeapSize                  = 122027880                              {pd product} {ergonomic}
    uintx ProfiledCodeHeapSize                     = 122027880                              {pd product} {ergonomic}
    uintx ReservedCodeCacheSize                    = 251658240                              {pd product} {ergonomic}
     bool SegmentedCodeCache                       = true                                      {product} {ergonomic}
   size_t SoftMaxHeapSize                          = 4236247040                             {manageable} {ergonomic}
     bool UseCompressedClassPointers               = true                                 {lp64_product} {ergonomic}
     bool UseCompressedOops                        = true                                 {lp64_product} {ergonomic}
     bool UseG1GC                                  = true                                      {product} {ergonomic}
     bool UseLargePagesIndividualAllocation        = false                                  {pd product} {ergonomic}

Logging:
Log output configuration:
 #0: stdout all=warning uptime,level,tags
 #1: stderr all=off uptime,level,tags

Environment Variables:
PATH=C:\Program Files (x86)\Common Files\Oracle\Java\javapath;C:\Windows\system32;C:\Windows;C:\Windows\System32\Wbem;C:\Windows\System32\WindowsPowerShell\v1.0\;C:\Windows\System32\OpenSSH\;C:\Program Files\NVIDIA Corporation\NVIDIA NvDLISR;C:\Program Files\dotnet\;C:\Program Files\Git\cmd;C:\ProgramData\chocolatey\bin;C:\Program Files (x86)\NVIDIA Corporation\PhysX\Common;C:\msys64\mingw64\bin;C:\Users\dougl\AppData\Local\Microsoft\WindowsApps;C:\Users\dougl\AppData\Local\Programs\Microsoft VS Code\bin;C:\Users\dougl\.dotnet\tools;C:\Users\dougl\AppData\Local\GitHubDesktop\bin;D:\Apps\IntelliJ IDEA\IntelliJ IDEA Community Edition 2021.3\bin;
USERNAME=dougl
OS=Windows_NT
PROCESSOR_IDENTIFIER=Intel64 Family 6 Model 165 Stepping 5, GenuineIntel



---------------  S Y S T E M  ---------------

OS:
 Windows 10 , 64 bit Build 19041 (10.0.19041.1348)
OS uptime: 3 days 15:14 hours

CPU: total 16 (initial active 16) (8 cores per cpu, 2 threads per core) family 6 model 165 stepping 5 microcode 0xec, cmov, cx8, fxsr, mmx, sse, sse2, sse3, ssse3, sse4.1, sse4.2, popcnt, vzeroupper, avx, avx2, aes, clmul, erms, 3dnowpref, lzcnt, ht, tsc, tscinvbit, bmi1, bmi2, adx, fma, clflush, clflushopt

Memory: 4k page, system-wide physical 16154M (3900M free)
TotalPageFile size 31002M (AvailPageFile size 8721M)
current process WorkingSet (physical memory assigned to process): 112M, peak: 132M
current process commit charge ("private bytes"): 448M, peak: 468M

vm_info: OpenJDK 64-Bit Server VM (15.0.5+3-MTS) for windows-amd64 JRE (15.0.5+3-MTS) (Zulu15.36+13-CA), built on Oct  8 2021 11:07:26 by "zulu_re" with MS VC++ 15.9 (VS2017)

END.
