#
# A fatal error has been detected by the Java Runtime Environment:
#
#  EXCEPTION_ACCESS_VIOLATION (0xc0000005) at pc=0x0000000066b1f8ac, pid=24332, tid=23440
#
# JRE version: OpenJDK Runtime Environment Zulu15.36+13-CA (15.0.5+3) (build 15.0.5+3-MTS)
# Java VM: OpenJDK 64-Bit Server VM Zulu15.36+13-CA (15.0.5+3-MTS, mixed mode, sharing, tiered, compressed oops, g1 gc, windows-amd64)
# Problematic frame:
# C  [gdx-box2d64.dll+0x1f8ac]
#
# No core dump will be written. Minidumps are not enabled by default on client versions of Windows
#
# If you would like to submit a bug report, please visit:
#   http://www.azul.com/support/
# The crash happened outside the Java Virtual Machine in native code.
# See problematic frame for where to report the bug.
#

---------------  S U M M A R Y ------------

Command Line: -Dfile.encoding=windows-1252 -Duser.country=CA -Duser.language=en -Duser.variant com.mygdx.game.desktop.DesktopLauncher

Host: 11th Gen Intel(R) Core(TM) i5-1135G7 @ 2.40GHz, 8 cores, 7G,  Windows 10 , 64 bit Build 19041 (10.0.19041.1348)
Time: Mon Jan  3 21:51:41 2022 Eastern Standard Time elapsed time: 81.997527 seconds (0d 0h 1m 21s)

---------------  T H R E A D  ---------------

Current thread (0x000001eacac86e50):  JavaThread "LWJGL Application" [_thread_in_native, id=23440, stack(0x00000021fe100000,0x00000021fe200000)]

Stack: [0x00000021fe100000,0x00000021fe200000],  sp=0x00000021fe1feff0,  free space=1019k
Native frames: (J=compiled Java code, j=interpreted, Vv=VM code, C=native code)
C  [gdx-box2d64.dll+0x1f8ac]

Java frames: (J=compiled Java code, j=interpreted, Vv=VM code)
j  com.badlogic.gdx.physics.box2d.World.jniDestroyBody(JJ)V+0
j  com.badlogic.gdx.physics.box2d.World.destroyBody(Lcom/badlogic/gdx/physics/box2d/Body;)V+42
j  com.mygdx.game.Entity.dispose()V+8
j  com.mygdx.game.MyGdxGame.dispose()V+82
j  com.badlogic.gdx.backends.lwjgl.LwjglApplication.mainLoop()V+924
j  com.badlogic.gdx.backends.lwjgl.LwjglApplication$1.run()V+27
v  ~StubRoutines::call_stub

siginfo: EXCEPTION_ACCESS_VIOLATION (0xc0000005), reading address 0x0000000000000000


Register to memory mapping:

RIP=0x0000000066b1f8ac gdx-box2d64.dll
RAX=0x0 is NULL
RBX=0x000001eacc21eec0 points into unknown readable memory: 0x000001ea41200000 | 00 00 20 41 ea 01 00 00
RCX=0x0 is NULL
RDX=0x000001eacc1c7090 points into unknown readable memory: 0x000001eaa91a0150 | 50 01 1a a9 ea 01 00 00
RSP=0x00000021fe1feff0 is pointing into the stack for thread: 0x000001eacac86e50
RBP=0x0 is NULL
RSI=0x000001eacc1c7090 points into unknown readable memory: 0x000001eaa91a0150 | 50 01 1a a9 ea 01 00 00
RDI=0x000001eacc1c7090 points into unknown readable memory: 0x000001eaa91a0150 | 50 01 1a a9 ea 01 00 00
R8 =0x000001eacc1c7090 points into unknown readable memory: 0x000001eaa91a0150 | 50 01 1a a9 ea 01 00 00
R9 =0x000001eacc21b390 points into unknown readable memory: 0x0000003600000002 | 02 00 00 00 36 00 00 00
R10=0x000001eab2d9f148 is at code_begin+1000 in an Interpreter codelet
method entry point (kind = native)  [0x000001eab2d9ed60, 0x000001eab2d9f7e0]  2688 bytes
R11=0x0000000000000102 is an unknown value
R12=0x000001eacc1e0330 points into unknown readable memory: 0x0000000000000010 | 10 00 00 00 00 00 00 00
R13={method} {0x000001eaca3c6d90} 'jniDestroyBody' '(JJ)V' in 'com/badlogic/gdx/physics/box2d/World'
R14=0x00000021fe1ff1d8 is pointing into the stack for thread: 0x000001eacac86e50
R15=0x000001eacac86e50 is a thread


Registers:
RAX=0x0000000000000000, RBX=0x000001eacc21eec0, RCX=0x0000000000000000, RDX=0x000001eacc1c7090
RSP=0x00000021fe1feff0, RBP=0x0000000000000000, RSI=0x000001eacc1c7090, RDI=0x000001eacc1c7090
R8 =0x000001eacc1c7090, R9 =0x000001eacc21b390, R10=0x000001eab2d9f148, R11=0x0000000000000102
R12=0x000001eacc1e0330, R13=0x000001eaca3c6d88, R14=0x00000021fe1ff1d8, R15=0x000001eacac86e50
RIP=0x0000000066b1f8ac, EFLAGS=0x0000000000010246

Top of Stack: (sp=0x00000021fe1feff0)
0x00000021fe1feff0:   0000000000000000 0000000000000000
0x00000021fe1ff000:   000001eacc21eec0 000001eacc1c7090
0x00000021fe1ff010:   000001eacc21eec0 000001eacc1c7090
0x00000021fe1ff020:   000001eacc21b390 0000000066b2162f
0x00000021fe1ff030:   000001eacac86e50 00000021fe1ff2b8
0x00000021fe1ff040:   000001eaca195258 0000000000000000
0x00000021fe1ff050:   000001eacc1c7090 000001eacc21b390
0x00000021fe1ff060:   000000000003df4e 00000021fe1ff198
0x00000021fe1ff070:   0000000000000000 0000000066b26a9d
0x00000021fe1ff080:   000001eac9d103e0 00000000000003d8
0x00000021fe1ff090:   00000021fe1ff308 00000021fe1ff2b8
0x00000021fe1ff0a0:   0000000066b487e0 000001eacac87178
0x00000021fe1ff0b0:   00000021fe1ff1d8 0000000000000000
0x00000021fe1ff0c0:   0000000066b48840 000001eacac87178
0x00000021fe1ff0d0:   00000021fe1ff1d8 00007ffa9e10eca4
0x00000021fe1ff0e0:   000001eaca195270 000001eaca3c6d88 

Instructions: (pc=0x0000000066b1f8ac)
0x0000000066b1f7ac:   41 08 00 00 00 00 48 c7 41 28 00 00 00 00 c7 41
0x0000000066b1f7bc:   30 00 00 00 00 48 c7 41 18 00 00 00 00 c7 01 00
0x0000000066b1f7cc:   00 00 00 c3 55 57 56 53 48 83 ec 28 49 8b 41 08
0x0000000066b1f7dc:   f3 41 0f 10 41 10 48 89 cb 48 89 d5 f3 0f 11 41
0x0000000066b1f7ec:   20 4c 89 ce 48 89 41 40 41 8b 41 1e f3 41 0f 10
0x0000000066b1f7fc:   41 14 f3 0f 11 41 24 4c 89 41 10 48 c7 41 08 00
0x0000000066b1f80c:   00 00 00 89 41 34 41 0f b7 41 22 66 89 41 38 41
0x0000000066b1f81c:   0f b6 41 1c 88 41 3a 49 8b 09 48 8b 01 ff 50 10
0x0000000066b1f82c:   48 8b 10 48 89 c1 48 89 43 18 ff 52 18 89 c2 89
0x0000000066b1f83c:   c7 48 89 e9 c1 e2 05 e8 18 c3 fe ff 85 ff 48 89
0x0000000066b1f84c:   43 28 7e 27 8d 4f ff 48 8d 50 10 48 c1 e1 05 48
0x0000000066b1f85c:   8d 44 08 30 48 c7 02 00 00 00 00 c7 42 0c ff ff
0x0000000066b1f86c:   ff ff 48 83 c2 20 48 39 c2 75 e9 f3 0f 10 46 18
0x0000000066b1f87c:   c7 43 30 00 00 00 00 f3 0f 11 03 48 83 c4 28 5b
0x0000000066b1f88c:   5e 5f 5d c3 57 56 53 48 83 ec 20 8b 41 30 48 89
0x0000000066b1f89c:   cb 48 89 d7 85 c0 0f 85 a8 00 00 00 48 8b 4b 18
0x0000000066b1f8ac:   48 8b 01 ff 50 18 48 8b 53 28 c1 e0 05 48 89 f9
0x0000000066b1f8bc:   41 89 c0 e8 dc c4 fe ff 48 8b 73 18 48 c7 43 28
0x0000000066b1f8cc:   00 00 00 00 8b 46 08 83 f8 01 0f 84 94 00 00 00
0x0000000066b1f8dc:   0f 82 be 00 00 00 83 f8 02 74 39 83 f8 03 0f 85
0x0000000066b1f8ec:   e0 00 00 00 48 8b 06 48 89 f1 ff 10 41 b8 30 00
0x0000000066b1f8fc:   00 00 48 89 f2 48 89 f9 e8 97 c4 fe ff 48 c7 43
0x0000000066b1f90c:   18 00 00 00 00 48 83 c4 20 5b 5e 5f c3 0f 1f 80
0x0000000066b1f91c:   00 00 00 00 48 8b 06 48 89 f1 ff 10 41 b8 a0 00
0x0000000066b1f92c:   00 00 48 89 f2 48 89 f9 e8 67 c4 fe ff 48 c7 43
0x0000000066b1f93c:   18 00 00 00 00 48 83 c4 20 5b 5e 5f c3 0f 1f 80
0x0000000066b1f94c:   00 00 00 00 48 8d 15 d9 49 02 00 48 8d 0d 32 4a
0x0000000066b1f95c:   02 00 41 b8 48 00 00 00 e8 67 6c 01 00 e9 3a ff
0x0000000066b1f96c:   ff ff 66 90 48 8b 06 48 89 f1 ff 10 41 b8 38 00
0x0000000066b1f97c:   00 00 48 89 f2 48 89 f9 e8 17 c4 fe ff 48 c7 43
0x0000000066b1f98c:   18 00 00 00 00 48 83 c4 20 5b 5e 5f c3 0f 1f 80
0x0000000066b1f99c:   00 00 00 00 48 8b 06 48 89 f1 ff 10 41 b8 18 00 


Stack slot to memory mapping:
stack at sp + 0 slots: 0x0 is NULL
stack at sp + 1 slots: 0x0 is NULL
stack at sp + 2 slots: 0x000001eacc21eec0 points into unknown readable memory: 0x000001ea41200000 | 00 00 20 41 ea 01 00 00
stack at sp + 3 slots: 0x000001eacc1c7090 points into unknown readable memory: 0x000001eaa91a0150 | 50 01 1a a9 ea 01 00 00
stack at sp + 4 slots: 0x000001eacc21eec0 points into unknown readable memory: 0x000001ea41200000 | 00 00 20 41 ea 01 00 00
stack at sp + 5 slots: 0x000001eacc1c7090 points into unknown readable memory: 0x000001eaa91a0150 | 50 01 1a a9 ea 01 00 00
stack at sp + 6 slots: 0x000001eacc21b390 points into unknown readable memory: 0x0000003600000002 | 02 00 00 00 36 00 00 00
stack at sp + 7 slots: 0x0000000066b2162f gdx-box2d64.dll


---------------  P R O C E S S  ---------------

Threads class SMR info:
_java_thread_list=0x000001ead34a80c0, length=13, elements={
0x000001eac9cecfe0, 0x000001eac9cf1bd0, 0x000001eac9d091a0, 0x000001eac9d09c50,
0x000001eac9d0aea0, 0x000001eac9d0d4a0, 0x000001eac9d0e040, 0x000001eac9d0f2d0,
0x000001eaca742170, 0x000001eaca753d20, 0x000001eacac86e50, 0x000001eaa9080750,
0x000001ead2ffbb70
}

Java Threads: ( => current thread )
  0x000001eac9cecfe0 JavaThread "Reference Handler" daemon [_thread_blocked, id=38492, stack(0x00000021fd300000,0x00000021fd400000)]
  0x000001eac9cf1bd0 JavaThread "Finalizer" daemon [_thread_blocked, id=33368, stack(0x00000021fd400000,0x00000021fd500000)]
  0x000001eac9d091a0 JavaThread "Signal Dispatcher" daemon [_thread_blocked, id=36024, stack(0x00000021fd500000,0x00000021fd600000)]
  0x000001eac9d09c50 JavaThread "Attach Listener" daemon [_thread_blocked, id=37328, stack(0x00000021fd600000,0x00000021fd700000)]
  0x000001eac9d0aea0 JavaThread "Service Thread" daemon [_thread_blocked, id=30200, stack(0x00000021fd700000,0x00000021fd800000)]
  0x000001eac9d0d4a0 JavaThread "C2 CompilerThread0" daemon [_thread_blocked, id=7656, stack(0x00000021fd800000,0x00000021fd900000)]
  0x000001eac9d0e040 JavaThread "C1 CompilerThread0" daemon [_thread_blocked, id=4944, stack(0x00000021fd900000,0x00000021fda00000)]
  0x000001eac9d0f2d0 JavaThread "Sweeper thread" daemon [_thread_blocked, id=34660, stack(0x00000021fda00000,0x00000021fdb00000)]
  0x000001eaca742170 JavaThread "Notification Thread" daemon [_thread_blocked, id=34396, stack(0x00000021fdb00000,0x00000021fdc00000)]
  0x000001eaca753d20 JavaThread "Common-Cleaner" daemon [_thread_blocked, id=15196, stack(0x00000021fdd00000,0x00000021fde00000)]
=>0x000001eacac86e50 JavaThread "LWJGL Application" [_thread_in_native, id=23440, stack(0x00000021fe100000,0x00000021fe200000)]
  0x000001eaa9080750 JavaThread "DestroyJavaVM" [_thread_blocked, id=37428, stack(0x00000021fcc00000,0x00000021fcd00000)]
  0x000001ead2ffbb70 JavaThread "LWJGL Timer" daemon [_thread_blocked, id=38380, stack(0x00000021fe500000,0x00000021fe600000)]

Other Threads:
  0x000001eac9ce97a0 VMThread "VM Thread" [stack: 0x00000021fd200000,0x00000021fd300000] [id=7944]
  0x000001eaca742640 WatcherThread [stack: 0x00000021fdc00000,0x00000021fdd00000] [id=13360]
  0x000001eaa90bedd0 GCTaskThread "GC Thread#0" [stack: 0x00000021fcd00000,0x00000021fce00000] [id=37256]
  0x000001eaa90d0a70 ConcurrentGCThread "G1 Main Marker" [stack: 0x00000021fce00000,0x00000021fcf00000] [id=30768]
  0x000001eaa90d1f20 ConcurrentGCThread "G1 Conc#0" [stack: 0x00000021fcf00000,0x00000021fd000000] [id=21568]
  0x000001eaa915aa50 ConcurrentGCThread "G1 Refine#0" [stack: 0x00000021fd000000,0x00000021fd100000] [id=33152]
  0x000001eaa915b6d0 ConcurrentGCThread "G1 Young RemSet Sampling" [stack: 0x00000021fd100000,0x00000021fd200000] [id=37128]

Threads with active compile tasks:

VM state: not at safepoint (normal execution)

VM Mutex/Monitor currently owned by a thread: None

Heap address: 0x0000000083200000, size: 1998 MB, Compressed Oops mode: 32-bit
CDS archive(s) mapped at: [0x0000000800000000-0x0000000800b50000-0x0000000800b50000), size 11862016, SharedBaseAddress: 0x0000000800000000, ArchiveRelocationMode: 0.
Compressed class space mapped at: 0x0000000800b50000-0x0000000840b50000, size: 1073741824
Narrow klass base: 0x0000000800000000, Narrow klass shift: 3, Narrow klass range: 0x100000000

GC Precious Log:
 CPUs: 8 total, 8 available
 Memory: 7987M
 Large Page Support: Disabled
 NUMA Support: Disabled
 Compressed Oops: Enabled (32-bit)
 Heap Region Size: 1M
 Heap Min Capacity: 8M
 Heap Initial Capacity: 126M
 Heap Max Capacity: 1998M
 Pre-touch: Disabled
 Parallel Workers: 8
 Concurrent Workers: 2
 Concurrent Refinement Workers: 8
 Periodic GC: Disabled

Heap:
 garbage-first heap   total 129024K, used 19456K [0x0000000083200000, 0x0000000100000000)
  region size 1024K, 21 young (21504K), 0 survivors (0K)
 Metaspace       used 4985K, capacity 8030K, committed 8320K, reserved 1056768K
  class space    used 327K, capacity 617K, committed 640K, reserved 1048576K

Heap Regions: E=young(eden), S=young(survivor), O=old, HS=humongous(starts), HC=humongous(continues), CS=collection set, F=free, OA=open archive, CA=closed archive, TAMS=top-at-mark-start (previous, next)
|   0|0x0000000083200000, 0x0000000083200000, 0x0000000083300000|  0%| F|  |TAMS 0x0000000083200000, 0x0000000083200000| Untracked 
|   1|0x0000000083300000, 0x0000000083300000, 0x0000000083400000|  0%| F|  |TAMS 0x0000000083300000, 0x0000000083300000| Untracked 
|   2|0x0000000083400000, 0x0000000083400000, 0x0000000083500000|  0%| F|  |TAMS 0x0000000083400000, 0x0000000083400000| Untracked 
|   3|0x0000000083500000, 0x0000000083500000, 0x0000000083600000|  0%| F|  |TAMS 0x0000000083500000, 0x0000000083500000| Untracked 
|   4|0x0000000083600000, 0x0000000083600000, 0x0000000083700000|  0%| F|  |TAMS 0x0000000083600000, 0x0000000083600000| Untracked 
|   5|0x0000000083700000, 0x0000000083700000, 0x0000000083800000|  0%| F|  |TAMS 0x0000000083700000, 0x0000000083700000| Untracked 
|   6|0x0000000083800000, 0x0000000083800000, 0x0000000083900000|  0%| F|  |TAMS 0x0000000083800000, 0x0000000083800000| Untracked 
|   7|0x0000000083900000, 0x0000000083900000, 0x0000000083a00000|  0%| F|  |TAMS 0x0000000083900000, 0x0000000083900000| Untracked 
|   8|0x0000000083a00000, 0x0000000083a00000, 0x0000000083b00000|  0%| F|  |TAMS 0x0000000083a00000, 0x0000000083a00000| Untracked 
|   9|0x0000000083b00000, 0x0000000083b00000, 0x0000000083c00000|  0%| F|  |TAMS 0x0000000083b00000, 0x0000000083b00000| Untracked 
|  10|0x0000000083c00000, 0x0000000083c00000, 0x0000000083d00000|  0%| F|  |TAMS 0x0000000083c00000, 0x0000000083c00000| Untracked 
|  11|0x0000000083d00000, 0x0000000083d00000, 0x0000000083e00000|  0%| F|  |TAMS 0x0000000083d00000, 0x0000000083d00000| Untracked 
|  12|0x0000000083e00000, 0x0000000083e00000, 0x0000000083f00000|  0%| F|  |TAMS 0x0000000083e00000, 0x0000000083e00000| Untracked 
|  13|0x0000000083f00000, 0x0000000083f00000, 0x0000000084000000|  0%| F|  |TAMS 0x0000000083f00000, 0x0000000083f00000| Untracked 
|  14|0x0000000084000000, 0x0000000084000000, 0x0000000084100000|  0%| F|  |TAMS 0x0000000084000000, 0x0000000084000000| Untracked 
|  15|0x0000000084100000, 0x0000000084100000, 0x0000000084200000|  0%| F|  |TAMS 0x0000000084100000, 0x0000000084100000| Untracked 
|  16|0x0000000084200000, 0x0000000084200000, 0x0000000084300000|  0%| F|  |TAMS 0x0000000084200000, 0x0000000084200000| Untracked 
|  17|0x0000000084300000, 0x0000000084300000, 0x0000000084400000|  0%| F|  |TAMS 0x0000000084300000, 0x0000000084300000| Untracked 
|  18|0x0000000084400000, 0x0000000084400000, 0x0000000084500000|  0%| F|  |TAMS 0x0000000084400000, 0x0000000084400000| Untracked 
|  19|0x0000000084500000, 0x0000000084500000, 0x0000000084600000|  0%| F|  |TAMS 0x0000000084500000, 0x0000000084500000| Untracked 
|  20|0x0000000084600000, 0x0000000084600000, 0x0000000084700000|  0%| F|  |TAMS 0x0000000084600000, 0x0000000084600000| Untracked 
|  21|0x0000000084700000, 0x0000000084700000, 0x0000000084800000|  0%| F|  |TAMS 0x0000000084700000, 0x0000000084700000| Untracked 
|  22|0x0000000084800000, 0x0000000084800000, 0x0000000084900000|  0%| F|  |TAMS 0x0000000084800000, 0x0000000084800000| Untracked 
|  23|0x0000000084900000, 0x0000000084900000, 0x0000000084a00000|  0%| F|  |TAMS 0x0000000084900000, 0x0000000084900000| Untracked 
|  24|0x0000000084a00000, 0x0000000084a00000, 0x0000000084b00000|  0%| F|  |TAMS 0x0000000084a00000, 0x0000000084a00000| Untracked 
|  25|0x0000000084b00000, 0x0000000084b00000, 0x0000000084c00000|  0%| F|  |TAMS 0x0000000084b00000, 0x0000000084b00000| Untracked 
|  26|0x0000000084c00000, 0x0000000084c00000, 0x0000000084d00000|  0%| F|  |TAMS 0x0000000084c00000, 0x0000000084c00000| Untracked 
|  27|0x0000000084d00000, 0x0000000084d00000, 0x0000000084e00000|  0%| F|  |TAMS 0x0000000084d00000, 0x0000000084d00000| Untracked 
|  28|0x0000000084e00000, 0x0000000084e00000, 0x0000000084f00000|  0%| F|  |TAMS 0x0000000084e00000, 0x0000000084e00000| Untracked 
|  29|0x0000000084f00000, 0x0000000084f00000, 0x0000000085000000|  0%| F|  |TAMS 0x0000000084f00000, 0x0000000084f00000| Untracked 
|  30|0x0000000085000000, 0x0000000085000000, 0x0000000085100000|  0%| F|  |TAMS 0x0000000085000000, 0x0000000085000000| Untracked 
|  31|0x0000000085100000, 0x0000000085100000, 0x0000000085200000|  0%| F|  |TAMS 0x0000000085100000, 0x0000000085100000| Untracked 
|  32|0x0000000085200000, 0x0000000085200000, 0x0000000085300000|  0%| F|  |TAMS 0x0000000085200000, 0x0000000085200000| Untracked 
|  33|0x0000000085300000, 0x0000000085300000, 0x0000000085400000|  0%| F|  |TAMS 0x0000000085300000, 0x0000000085300000| Untracked 
|  34|0x0000000085400000, 0x0000000085400000, 0x0000000085500000|  0%| F|  |TAMS 0x0000000085400000, 0x0000000085400000| Untracked 
|  35|0x0000000085500000, 0x0000000085500000, 0x0000000085600000|  0%| F|  |TAMS 0x0000000085500000, 0x0000000085500000| Untracked 
|  36|0x0000000085600000, 0x0000000085600000, 0x0000000085700000|  0%| F|  |TAMS 0x0000000085600000, 0x0000000085600000| Untracked 
|  37|0x0000000085700000, 0x0000000085700000, 0x0000000085800000|  0%| F|  |TAMS 0x0000000085700000, 0x0000000085700000| Untracked 
|  38|0x0000000085800000, 0x0000000085800000, 0x0000000085900000|  0%| F|  |TAMS 0x0000000085800000, 0x0000000085800000| Untracked 
|  39|0x0000000085900000, 0x0000000085900000, 0x0000000085a00000|  0%| F|  |TAMS 0x0000000085900000, 0x0000000085900000| Untracked 
|  40|0x0000000085a00000, 0x0000000085a00000, 0x0000000085b00000|  0%| F|  |TAMS 0x0000000085a00000, 0x0000000085a00000| Untracked 
|  41|0x0000000085b00000, 0x0000000085b00000, 0x0000000085c00000|  0%| F|  |TAMS 0x0000000085b00000, 0x0000000085b00000| Untracked 
|  42|0x0000000085c00000, 0x0000000085c00000, 0x0000000085d00000|  0%| F|  |TAMS 0x0000000085c00000, 0x0000000085c00000| Untracked 
|  43|0x0000000085d00000, 0x0000000085d00000, 0x0000000085e00000|  0%| F|  |TAMS 0x0000000085d00000, 0x0000000085d00000| Untracked 
|  44|0x0000000085e00000, 0x0000000085e00000, 0x0000000085f00000|  0%| F|  |TAMS 0x0000000085e00000, 0x0000000085e00000| Untracked 
|  45|0x0000000085f00000, 0x0000000085f00000, 0x0000000086000000|  0%| F|  |TAMS 0x0000000085f00000, 0x0000000085f00000| Untracked 
|  46|0x0000000086000000, 0x0000000086000000, 0x0000000086100000|  0%| F|  |TAMS 0x0000000086000000, 0x0000000086000000| Untracked 
|  47|0x0000000086100000, 0x0000000086100000, 0x0000000086200000|  0%| F|  |TAMS 0x0000000086100000, 0x0000000086100000| Untracked 
|  48|0x0000000086200000, 0x0000000086200000, 0x0000000086300000|  0%| F|  |TAMS 0x0000000086200000, 0x0000000086200000| Untracked 
|  49|0x0000000086300000, 0x0000000086300000, 0x0000000086400000|  0%| F|  |TAMS 0x0000000086300000, 0x0000000086300000| Untracked 
|  50|0x0000000086400000, 0x0000000086400000, 0x0000000086500000|  0%| F|  |TAMS 0x0000000086400000, 0x0000000086400000| Untracked 
|  51|0x0000000086500000, 0x0000000086500000, 0x0000000086600000|  0%| F|  |TAMS 0x0000000086500000, 0x0000000086500000| Untracked 
|  52|0x0000000086600000, 0x0000000086600000, 0x0000000086700000|  0%| F|  |TAMS 0x0000000086600000, 0x0000000086600000| Untracked 
|  53|0x0000000086700000, 0x0000000086700000, 0x0000000086800000|  0%| F|  |TAMS 0x0000000086700000, 0x0000000086700000| Untracked 
|  54|0x0000000086800000, 0x0000000086800000, 0x0000000086900000|  0%| F|  |TAMS 0x0000000086800000, 0x0000000086800000| Untracked 
|  55|0x0000000086900000, 0x0000000086900000, 0x0000000086a00000|  0%| F|  |TAMS 0x0000000086900000, 0x0000000086900000| Untracked 
|  56|0x0000000086a00000, 0x0000000086a00000, 0x0000000086b00000|  0%| F|  |TAMS 0x0000000086a00000, 0x0000000086a00000| Untracked 
|  57|0x0000000086b00000, 0x0000000086b00000, 0x0000000086c00000|  0%| F|  |TAMS 0x0000000086b00000, 0x0000000086b00000| Untracked 
|  58|0x0000000086c00000, 0x0000000086c00000, 0x0000000086d00000|  0%| F|  |TAMS 0x0000000086c00000, 0x0000000086c00000| Untracked 
|  59|0x0000000086d00000, 0x0000000086d00000, 0x0000000086e00000|  0%| F|  |TAMS 0x0000000086d00000, 0x0000000086d00000| Untracked 
|  60|0x0000000086e00000, 0x0000000086e00000, 0x0000000086f00000|  0%| F|  |TAMS 0x0000000086e00000, 0x0000000086e00000| Untracked 
|  61|0x0000000086f00000, 0x0000000086f00000, 0x0000000087000000|  0%| F|  |TAMS 0x0000000086f00000, 0x0000000086f00000| Untracked 
|  62|0x0000000087000000, 0x0000000087000000, 0x0000000087100000|  0%| F|  |TAMS 0x0000000087000000, 0x0000000087000000| Untracked 
|  63|0x0000000087100000, 0x0000000087100000, 0x0000000087200000|  0%| F|  |TAMS 0x0000000087100000, 0x0000000087100000| Untracked 
|  64|0x0000000087200000, 0x0000000087200000, 0x0000000087300000|  0%| F|  |TAMS 0x0000000087200000, 0x0000000087200000| Untracked 
|  65|0x0000000087300000, 0x0000000087300000, 0x0000000087400000|  0%| F|  |TAMS 0x0000000087300000, 0x0000000087300000| Untracked 
|  66|0x0000000087400000, 0x0000000087400000, 0x0000000087500000|  0%| F|  |TAMS 0x0000000087400000, 0x0000000087400000| Untracked 
|  67|0x0000000087500000, 0x0000000087500000, 0x0000000087600000|  0%| F|  |TAMS 0x0000000087500000, 0x0000000087500000| Untracked 
|  68|0x0000000087600000, 0x0000000087600000, 0x0000000087700000|  0%| F|  |TAMS 0x0000000087600000, 0x0000000087600000| Untracked 
|  69|0x0000000087700000, 0x0000000087700000, 0x0000000087800000|  0%| F|  |TAMS 0x0000000087700000, 0x0000000087700000| Untracked 
|  70|0x0000000087800000, 0x0000000087800000, 0x0000000087900000|  0%| F|  |TAMS 0x0000000087800000, 0x0000000087800000| Untracked 
|  71|0x0000000087900000, 0x0000000087900000, 0x0000000087a00000|  0%| F|  |TAMS 0x0000000087900000, 0x0000000087900000| Untracked 
|  72|0x0000000087a00000, 0x0000000087a00000, 0x0000000087b00000|  0%| F|  |TAMS 0x0000000087a00000, 0x0000000087a00000| Untracked 
|  73|0x0000000087b00000, 0x0000000087b00000, 0x0000000087c00000|  0%| F|  |TAMS 0x0000000087b00000, 0x0000000087b00000| Untracked 
|  74|0x0000000087c00000, 0x0000000087c00000, 0x0000000087d00000|  0%| F|  |TAMS 0x0000000087c00000, 0x0000000087c00000| Untracked 
|  75|0x0000000087d00000, 0x0000000087d00000, 0x0000000087e00000|  0%| F|  |TAMS 0x0000000087d00000, 0x0000000087d00000| Untracked 
|  76|0x0000000087e00000, 0x0000000087e00000, 0x0000000087f00000|  0%| F|  |TAMS 0x0000000087e00000, 0x0000000087e00000| Untracked 
|  77|0x0000000087f00000, 0x0000000087f00000, 0x0000000088000000|  0%| F|  |TAMS 0x0000000087f00000, 0x0000000087f00000| Untracked 
|  78|0x0000000088000000, 0x0000000088000000, 0x0000000088100000|  0%| F|  |TAMS 0x0000000088000000, 0x0000000088000000| Untracked 
|  79|0x0000000088100000, 0x0000000088100000, 0x0000000088200000|  0%| F|  |TAMS 0x0000000088100000, 0x0000000088100000| Untracked 
|  80|0x0000000088200000, 0x0000000088200000, 0x0000000088300000|  0%| F|  |TAMS 0x0000000088200000, 0x0000000088200000| Untracked 
|  81|0x0000000088300000, 0x0000000088300000, 0x0000000088400000|  0%| F|  |TAMS 0x0000000088300000, 0x0000000088300000| Untracked 
|  82|0x0000000088400000, 0x0000000088400000, 0x0000000088500000|  0%| F|  |TAMS 0x0000000088400000, 0x0000000088400000| Untracked 
|  83|0x0000000088500000, 0x0000000088500000, 0x0000000088600000|  0%| F|  |TAMS 0x0000000088500000, 0x0000000088500000| Untracked 
|  84|0x0000000088600000, 0x0000000088600000, 0x0000000088700000|  0%| F|  |TAMS 0x0000000088600000, 0x0000000088600000| Untracked 
|  85|0x0000000088700000, 0x0000000088700000, 0x0000000088800000|  0%| F|  |TAMS 0x0000000088700000, 0x0000000088700000| Untracked 
|  86|0x0000000088800000, 0x0000000088800000, 0x0000000088900000|  0%| F|  |TAMS 0x0000000088800000, 0x0000000088800000| Untracked 
|  87|0x0000000088900000, 0x0000000088900000, 0x0000000088a00000|  0%| F|  |TAMS 0x0000000088900000, 0x0000000088900000| Untracked 
|  88|0x0000000088a00000, 0x0000000088a00000, 0x0000000088b00000|  0%| F|  |TAMS 0x0000000088a00000, 0x0000000088a00000| Untracked 
|  89|0x0000000088b00000, 0x0000000088b00000, 0x0000000088c00000|  0%| F|  |TAMS 0x0000000088b00000, 0x0000000088b00000| Untracked 
|  90|0x0000000088c00000, 0x0000000088c00000, 0x0000000088d00000|  0%| F|  |TAMS 0x0000000088c00000, 0x0000000088c00000| Untracked 
|  91|0x0000000088d00000, 0x0000000088d00000, 0x0000000088e00000|  0%| F|  |TAMS 0x0000000088d00000, 0x0000000088d00000| Untracked 
|  92|0x0000000088e00000, 0x0000000088e00000, 0x0000000088f00000|  0%| F|  |TAMS 0x0000000088e00000, 0x0000000088e00000| Untracked 
|  93|0x0000000088f00000, 0x0000000088f00000, 0x0000000089000000|  0%| F|  |TAMS 0x0000000088f00000, 0x0000000088f00000| Untracked 
|  94|0x0000000089000000, 0x0000000089000000, 0x0000000089100000|  0%| F|  |TAMS 0x0000000089000000, 0x0000000089000000| Untracked 
|  95|0x0000000089100000, 0x0000000089100000, 0x0000000089200000|  0%| F|  |TAMS 0x0000000089100000, 0x0000000089100000| Untracked 
|  96|0x0000000089200000, 0x0000000089200000, 0x0000000089300000|  0%| F|  |TAMS 0x0000000089200000, 0x0000000089200000| Untracked 
|  97|0x0000000089300000, 0x0000000089300000, 0x0000000089400000|  0%| F|  |TAMS 0x0000000089300000, 0x0000000089300000| Untracked 
|  98|0x0000000089400000, 0x0000000089400000, 0x0000000089500000|  0%| F|  |TAMS 0x0000000089400000, 0x0000000089400000| Untracked 
|  99|0x0000000089500000, 0x0000000089500000, 0x0000000089600000|  0%| F|  |TAMS 0x0000000089500000, 0x0000000089500000| Untracked 
| 100|0x0000000089600000, 0x0000000089600000, 0x0000000089700000|  0%| F|  |TAMS 0x0000000089600000, 0x0000000089600000| Untracked 
| 101|0x0000000089700000, 0x0000000089700000, 0x0000000089800000|  0%| F|  |TAMS 0x0000000089700000, 0x0000000089700000| Untracked 
| 102|0x0000000089800000, 0x0000000089800000, 0x0000000089900000|  0%| F|  |TAMS 0x0000000089800000, 0x0000000089800000| Untracked 
| 103|0x0000000089900000, 0x0000000089900000, 0x0000000089a00000|  0%| F|  |TAMS 0x0000000089900000, 0x0000000089900000| Untracked 
| 104|0x0000000089a00000, 0x0000000089a00000, 0x0000000089b00000|  0%| F|  |TAMS 0x0000000089a00000, 0x0000000089a00000| Untracked 
| 105|0x0000000089b00000, 0x0000000089b76440, 0x0000000089c00000| 46%| E|  |TAMS 0x0000000089b00000, 0x0000000089b00000| Complete 
| 106|0x0000000089c00000, 0x0000000089d00000, 0x0000000089d00000|100%| E|CS|TAMS 0x0000000089c00000, 0x0000000089c00000| Complete 
| 107|0x0000000089d00000, 0x0000000089e00000, 0x0000000089e00000|100%| E|CS|TAMS 0x0000000089d00000, 0x0000000089d00000| Complete 
| 108|0x0000000089e00000, 0x0000000089f00000, 0x0000000089f00000|100%| E|CS|TAMS 0x0000000089e00000, 0x0000000089e00000| Complete 
| 109|0x0000000089f00000, 0x000000008a000000, 0x000000008a000000|100%| E|CS|TAMS 0x0000000089f00000, 0x0000000089f00000| Complete 
| 110|0x000000008a000000, 0x000000008a100000, 0x000000008a100000|100%| E|  |TAMS 0x000000008a000000, 0x000000008a000000| Complete 
| 111|0x000000008a100000, 0x000000008a200000, 0x000000008a200000|100%| E|CS|TAMS 0x000000008a100000, 0x000000008a100000| Complete 
| 112|0x000000008a200000, 0x000000008a300000, 0x000000008a300000|100%| E|CS|TAMS 0x000000008a200000, 0x000000008a200000| Complete 
| 113|0x000000008a300000, 0x000000008a400000, 0x000000008a400000|100%| E|CS|TAMS 0x000000008a300000, 0x000000008a300000| Complete 
| 114|0x000000008a400000, 0x000000008a500000, 0x000000008a500000|100%| E|CS|TAMS 0x000000008a400000, 0x000000008a400000| Complete 
| 115|0x000000008a500000, 0x000000008a600000, 0x000000008a600000|100%| E|CS|TAMS 0x000000008a500000, 0x000000008a500000| Complete 
| 116|0x000000008a600000, 0x000000008a700000, 0x000000008a700000|100%| E|CS|TAMS 0x000000008a600000, 0x000000008a600000| Complete 
| 117|0x000000008a700000, 0x000000008a800000, 0x000000008a800000|100%| E|CS|TAMS 0x000000008a700000, 0x000000008a700000| Complete 
| 118|0x000000008a800000, 0x000000008a900000, 0x000000008a900000|100%| E|CS|TAMS 0x000000008a800000, 0x000000008a800000| Complete 
| 119|0x000000008a900000, 0x000000008aa00000, 0x000000008aa00000|100%| E|CS|TAMS 0x000000008a900000, 0x000000008a900000| Complete 
| 120|0x000000008aa00000, 0x000000008ab00000, 0x000000008ab00000|100%| E|CS|TAMS 0x000000008aa00000, 0x000000008aa00000| Complete 
| 121|0x000000008ab00000, 0x000000008ac00000, 0x000000008ac00000|100%| E|CS|TAMS 0x000000008ab00000, 0x000000008ab00000| Complete 
| 122|0x000000008ac00000, 0x000000008ad00000, 0x000000008ad00000|100%| E|CS|TAMS 0x000000008ac00000, 0x000000008ac00000| Complete 
| 123|0x000000008ad00000, 0x000000008ae00000, 0x000000008ae00000|100%| E|CS|TAMS 0x000000008ad00000, 0x000000008ad00000| Complete 
| 124|0x000000008ae00000, 0x000000008af00000, 0x000000008af00000|100%| E|CS|TAMS 0x000000008ae00000, 0x000000008ae00000| Complete 
| 125|0x000000008af00000, 0x000000008b000000, 0x000000008b000000|100%| E|CS|TAMS 0x000000008af00000, 0x000000008af00000| Complete 

Card table byte_map: [0x000001eac2be0000,0x000001eac2fd0000] _byte_map_base: 0x000001eac27c7000

Marking Bits (Prev, Next): (CMBitMap*) 0x000001eaa90c0650, (CMBitMap*) 0x000001eaa90c0690
 Prev Bits: [0x000001eac33c0000, 0x000001eac52f8000)
 Next Bits: [0x000001eac5300000, 0x000001eac7238000)

Polling page: 0x000001eaa9160000

Metaspace:

Usage:
  Non-class:      7.24 MB capacity,     4.55 MB ( 63%) used,     2.69 MB ( 37%) free+waste,     3.63 KB ( <1%) overhead. 
      Class:    617.00 KB capacity,   327.19 KB ( 53%) used,   289.00 KB ( 47%) free+waste,   832 bytes ( <1%) overhead. 
       Both:      7.84 MB capacity,     4.87 MB ( 62%) used,     2.97 MB ( 38%) free+waste,     4.44 KB ( <1%) overhead. 

Virtual space:
  Non-class space:        8.00 MB reserved,       7.50 MB ( 94%) committed 
      Class space:        1.00 GB reserved,     640.00 KB ( <1%) committed 
             Both:        1.01 GB reserved,       8.13 MB ( <1%) committed 

Chunk freelists:
   Non-Class:  139.00 KB
       Class:  23.00 KB
        Both:  162.00 KB

MaxMetaspaceSize: 17179869184.00 GB
CompressedClassSpaceSize: 1.00 GB

CodeHeap 'non-profiled nmethods': size=120000Kb used=683Kb max_used=683Kb free=119316Kb
 bounds [0x000001eaba860000, 0x000001eabaad0000, 0x000001eac1d90000]
CodeHeap 'profiled nmethods': size=120000Kb used=2170Kb max_used=2170Kb free=117829Kb
 bounds [0x000001eab3330000, 0x000001eab35a0000, 0x000001eaba860000]
CodeHeap 'non-nmethods': size=5760Kb used=1296Kb max_used=1329Kb free=4463Kb
 bounds [0x000001eab2d90000, 0x000001eab3000000, 0x000001eab3330000]
 total_blobs=1932 nmethods=1354 adapters=491
 compilation: enabled
              stopped_count=0, restarted_count=0
 full_count=0

Compilation events (20 events):
Event: 71.137 Thread 0x000001eac9d0d4a0 1345       4       java.lang.Long::reverseBytes (46 bytes)
Event: 71.138 Thread 0x000001eac9d0d4a0 nmethod 1345 0x000001eaba907b10 code [0x000001eaba907c80, 0x000001eaba907d18]
Event: 71.969 Thread 0x000001eac9d0d4a0 1346       4       com.badlogic.gdx.utils.Array::ensureCapacity (75 bytes)
Event: 71.969 Thread 0x000001eac9d0d4a0 nmethod 1346 0x000001eaba907e10 code [0x000001eaba907f80, 0x000001eaba908038]
Event: 72.386 Thread 0x000001eac9d0e040 1347       3       com.badlogic.gdx.physics.box2d.Box2DDebugRenderer::renderBodies (194 bytes)
Event: 72.386 Thread 0x000001eac9d0d4a0 1348       4       com.badlogic.gdx.physics.box2d.World::getBodies (47 bytes)
Event: 72.387 Thread 0x000001eac9d0e040 nmethod 1347 0x000001eab354ca90 code [0x000001eab354cde0, 0x000001eab354def8]
Event: 72.399 Thread 0x000001eac9d0d4a0 nmethod 1348 0x000001eaba908110 code [0x000001eaba908320, 0x000001eaba908de8]
Event: 72.536 Thread 0x000001eac9d0d4a0 1349       4       com.mygdx.game.CollisionListener::preSolve (1 bytes)
Event: 72.536 Thread 0x000001eac9d0d4a0 nmethod 1349 0x000001eaba909510 code [0x000001eaba909680, 0x000001eaba9096d8]
Event: 74.803 Thread 0x000001eac9d0d4a0 1350       4       com.mygdx.game.CollisionListener::postSolve (1 bytes)
Event: 74.803 Thread 0x000001eac9d0d4a0 nmethod 1350 0x000001eaba909810 code [0x000001eaba909980, 0x000001eaba9099d8]
Event: 75.836 Thread 0x000001eac9d0e040 1351       3       com.badlogic.gdx.physics.box2d.Fixture::getFilterData (68 bytes)
Event: 75.836 Thread 0x000001eac9d0e040 nmethod 1351 0x000001eab354e590 code [0x000001eab354e740, 0x000001eab354e968]
Event: 76.819 Thread 0x000001eac9d0e040 1352       1       com.mygdx.game.Portal::getSurface (5 bytes)
Event: 76.819 Thread 0x000001eac9d0e040 nmethod 1352 0x000001eaba909b10 code [0x000001eaba909ca0, 0x000001eaba909d58]
Event: 80.926 Thread 0x000001eac9d0d4a0 1353       4       org.lwjgl.opengl.Display::getHeight (30 bytes)
Event: 80.927 Thread 0x000001eac9d0d4a0 nmethod 1353 0x000001eaba909e10 code [0x000001eaba909fa0, 0x000001eaba90a178]
Event: 81.726 Thread 0x000001eac9d0d4a0 1354   !   4       org.lwjgl.input.Mouse::next (235 bytes)
Event: 81.729 Thread 0x000001eac9d0d4a0 nmethod 1354 0x000001eaba90a290 code [0x000001eaba90a440, 0x000001eaba90a9b8]

GC Heap History (0 events):
No events

Deoptimization events (20 events):
Event: 1.442 Thread 0x000001eacac86e50 DEOPT PACKING pc=0x000001eab3480a20 sp=0x00000021fe1ff180
Event: 1.442 Thread 0x000001eacac86e50 DEOPT UNPACKING pc=0x000001eab2ddf6cf sp=0x00000021fe1fe718 mode 0
Event: 1.474 Thread 0x000001eacac86e50 DEOPT PACKING pc=0x000001eab3484a52 sp=0x00000021fe1ff190
Event: 1.474 Thread 0x000001eacac86e50 DEOPT UNPACKING pc=0x000001eab2ddf6cf sp=0x00000021fe1fe718 mode 0
Event: 4.008 Thread 0x000001eacac86e50 Uncommon trap: trap_request=0xffffff45 fr.pc=0x000001eaba8b22ec relative=0x00000000000000cc
Event: 4.008 Thread 0x000001eacac86e50 Uncommon trap: reason=unstable_if action=reinterpret pc=0x000001eaba8b22ec method=com.badlogic.gdx.graphics.glutils.ShapeRenderer.check(Lcom/badlogic/gdx/graphics/glutils/ShapeRenderer$ShapeType;Lcom/badlogic/gdx/graphics/glutils/ShapeRenderer$ShapeType;I
Event: 4.008 Thread 0x000001eacac86e50 DEOPT PACKING pc=0x000001eaba8b22ec sp=0x00000021fe1ff070
Event: 4.008 Thread 0x000001eacac86e50 DEOPT UNPACKING pc=0x000001eab2d9852f sp=0x00000021fe1ff010 mode 2
Event: 67.303 Thread 0x000001eacac86e50 Uncommon trap: trap_request=0xffffff45 fr.pc=0x000001eaba8eb24c relative=0x000000000000012c
Event: 67.303 Thread 0x000001eacac86e50 Uncommon trap: reason=unstable_if action=reinterpret pc=0x000001eaba8eb24c method=com.badlogic.gdx.utils.LongMap.locateKey(J)I @ 22 c2
Event: 67.303 Thread 0x000001eacac86e50 DEOPT PACKING pc=0x000001eaba8eb24c sp=0x00000021fe1feda0
Event: 67.303 Thread 0x000001eacac86e50 DEOPT UNPACKING pc=0x000001eab2d9852f sp=0x00000021fe1fed30 mode 2
Event: 67.304 Thread 0x000001eacac86e50 Uncommon trap: trap_request=0xffffff45 fr.pc=0x000001eaba8c1b94 relative=0x0000000000000e54
Event: 67.304 Thread 0x000001eacac86e50 Uncommon trap: reason=unstable_if action=reinterpret pc=0x000001eaba8c1b94 method=com.badlogic.gdx.physics.box2d.Fixture.getShape()Lcom/badlogic/gdx/physics/box2d/Shape; @ 4 c2
Event: 67.304 Thread 0x000001eacac86e50 DEOPT PACKING pc=0x000001eaba8c1b94 sp=0x00000021fe1ff120
Event: 67.304 Thread 0x000001eacac86e50 DEOPT UNPACKING pc=0x000001eab2d9852f sp=0x00000021fe1ff040 mode 2
Event: 71.569 Thread 0x000001eacac86e50 Uncommon trap: trap_request=0xffffff45 fr.pc=0x000001eaba8e0f60 relative=0x0000000000005f60
Event: 71.569 Thread 0x000001eacac86e50 Uncommon trap: reason=unstable_if action=reinterpret pc=0x000001eaba8e0f60 method=com.badlogic.gdx.utils.Array.iterator()Lcom/badlogic/gdx/utils/Array$ArrayIterator; @ 20 c2
Event: 71.569 Thread 0x000001eacac86e50 DEOPT PACKING pc=0x000001eaba8e0f60 sp=0x00000021fe1ff180
Event: 71.569 Thread 0x000001eacac86e50 DEOPT UNPACKING pc=0x000001eab2d9852f sp=0x00000021fe1ff0c8 mode 2

Classes unloaded (0 events):
No events

Classes redefined (0 events):
No events

Internal exceptions (4 events):
Event: 0.312 Thread 0x000001eacac86e50 Exception <a 'org/lwjgl/LWJGLException'{0x000000008aa932c8}: Failed to set device gamma.> (0x000000008aa932c8) 
thrown [./src/hotspot/share/prims/jni.cpp, line 599]
Event: 67.304 Thread 0x000001eacac86e50 Implicit null exception at 0x000001eaba8c0dda to 0x000001eaba8c1b88
Event: 71.569 Thread 0x000001eacac86e50 Implicit null exception at 0x000001eaba8dbeb3 to 0x000001eaba8e0f30
Event: 80.027 Thread 0x000001eacac86e50 Exception <a 'org/lwjgl/LWJGLException'{0x0000000089b2a458}: Failed to set device gamma.> (0x0000000089b2a458) 
thrown [./src/hotspot/share/prims/jni.cpp, line 599]

Events (20 events):
Event: 1.509 Loaded shared library C:\Users\spenc\AppData\Local\Temp\libgdxspenc\1cecf4f6\lwjgl64.dll
Event: 1.526 Loaded shared library C:\Users\spenc\AppData\Local\Temp\libgdxspenc\1cecf4f6\lwjgl64.dll
Event: 1.526 Loaded shared library C:\Users\spenc\AppData\Local\Temp\libgdxspenc\1cecf4f6\lwjgl64.dll
Event: 1.703 Loaded shared library C:\Program Files\Zulu\zulu-15\bin\java.dll
Event: 1.876 Loaded shared library C:\Users\spenc\AppData\Local\Temp\libgdxspenc\1cecf4f6\lwjgl64.dll
Event: 2.226 Loaded shared library C:\Users\spenc\AppData\Local\Temp\libgdxspenc\1cecf4f6\lwjgl64.dll
Event: 2.526 Loaded shared library C:\Users\spenc\AppData\Local\Temp\libgdxspenc\1cecf4f6\lwjgl64.dll
Event: 2.759 Loaded shared library C:\Program Files\Zulu\zulu-15\bin\java.dll
Event: 2.943 Loaded shared library C:\Users\spenc\AppData\Local\Temp\libgdxspenc\1cecf4f6\lwjgl64.dll
Event: 2.943 Loaded shared library C:\Users\spenc\AppData\Local\Temp\libgdxspenc\1cecf4f6\lwjgl64.dll
Event: 2.944 Loaded shared library C:\Users\spenc\AppData\Local\Temp\libgdxspenc\1cecf4f6\lwjgl64.dll
Event: 3.292 Loaded shared library C:\Users\spenc\AppData\Local\Temp\libgdxspenc\1cecf4f6\lwjgl64.dll
Event: 3.293 Loaded shared library C:\Users\spenc\AppData\Local\Temp\libgdxspenc\1cecf4f6\lwjgl64.dll
Event: 3.477 Loaded shared library C:\Users\spenc\AppData\Local\Temp\libgdxspenc\1cecf4f6\lwjgl64.dll
Event: 4.359 Loaded shared library C:\Users\spenc\AppData\Local\Temp\libgdxspenc\1cecf4f6\lwjgl64.dll
Event: 5.392 Loaded shared library C:\Users\spenc\AppData\Local\Temp\libgdxspenc\1cecf4f6\lwjgl64.dll
Event: 9.659 Loaded shared library C:\Users\spenc\AppData\Local\Temp\libgdxspenc\e1cd32f8\gdx64.dll
Event: 9.675 Loaded shared library C:\Users\spenc\AppData\Local\Temp\libgdxspenc\1cecf4f6\lwjgl64.dll
Event: 9.676 Loaded shared library C:\Users\spenc\AppData\Local\Temp\libgdxspenc\1cecf4f6\lwjgl64.dll
Event: 21.420 Loaded shared library C:\Users\spenc\AppData\Local\Temp\libgdxspenc\1cecf4f6\lwjgl64.dll


Dynamic libraries:
0x00007ff62ba30000 - 0x00007ff62ba3d000 	C:\Program Files\Zulu\zulu-15\bin\java.exe
0x00007ffb0eff0000 - 0x00007ffb0f1e5000 	C:\Windows\SYSTEM32\ntdll.dll
0x00007ffb0e010000 - 0x00007ffb0e0ce000 	C:\Windows\System32\KERNEL32.DLL
0x00007ffb0caa0000 - 0x00007ffb0cd68000 	C:\Windows\System32\KERNELBASE.dll
0x00007ffb0ce40000 - 0x00007ffb0cf40000 	C:\Windows\System32\ucrtbase.dll
0x00007ffae5930000 - 0x00007ffae5945000 	C:\Program Files\Zulu\zulu-15\bin\VCRUNTIME140.dll
0x00007ffae3c50000 - 0x00007ffae3c68000 	C:\Program Files\Zulu\zulu-15\bin\jli.dll
0x00007ffb0de60000 - 0x00007ffb0e001000 	C:\Windows\System32\USER32.dll
0x00007ffb0c910000 - 0x00007ffb0c932000 	C:\Windows\System32\win32u.dll
0x00007ffaf5a40000 - 0x00007ffaf5cda000 	C:\Windows\WinSxS\amd64_microsoft.windows.common-controls_6595b64144ccf1df_6.0.19041.1110_none_60b5254171f9507e\COMCTL32.dll
0x00007ffb0de20000 - 0x00007ffb0de4b000 	C:\Windows\System32\GDI32.dll
0x00007ffb0d0d0000 - 0x00007ffb0d16e000 	C:\Windows\System32\msvcrt.dll
0x00007ffb0c7b0000 - 0x00007ffb0c8bd000 	C:\Windows\System32\gdi32full.dll
0x00007ffb0cd70000 - 0x00007ffb0ce0d000 	C:\Windows\System32\msvcp_win.dll
0x00007ffb0ef80000 - 0x00007ffb0efb0000 	C:\Windows\System32\IMM32.DLL
0x00007ffae31d0000 - 0x00007ffae326b000 	C:\Program Files\Zulu\zulu-15\bin\msvcp140.dll
0x00007ffa9dde0000 - 0x00007ffa9e972000 	C:\Program Files\Zulu\zulu-15\bin\server\jvm.dll
0x00007ffb0e1a0000 - 0x00007ffb0e24c000 	C:\Windows\System32\ADVAPI32.dll
0x00007ffb0e450000 - 0x00007ffb0e4eb000 	C:\Windows\System32\sechost.dll
0x00007ffb0e320000 - 0x00007ffb0e44a000 	C:\Windows\System32\RPCRT4.dll
0x00007ffb0e0d0000 - 0x00007ffb0e0d8000 	C:\Windows\System32\PSAPI.DLL
0x00007ffaf8f40000 - 0x00007ffaf8f4a000 	C:\Windows\SYSTEM32\VERSION.dll
0x00007ffa974a0000 - 0x00007ffa974a9000 	C:\Windows\SYSTEM32\WSOCK32.dll
0x00007ffae7d00000 - 0x00007ffae7d27000 	C:\Windows\SYSTEM32\WINMM.dll
0x00007ffb0e4f0000 - 0x00007ffb0e55b000 	C:\Windows\System32\WS2_32.dll
0x00007ffb0af80000 - 0x00007ffb0af92000 	C:\Windows\SYSTEM32\kernel.appcore.dll
0x00007ffb071a0000 - 0x00007ffb071aa000 	C:\Program Files\Zulu\zulu-15\bin\jimage.dll
0x00007ffb0a350000 - 0x00007ffb0a534000 	C:\Windows\SYSTEM32\DBGHELP.DLL
0x00007ffaf0b40000 - 0x00007ffaf0b6c000 	C:\Windows\SYSTEM32\dbgcore.DLL
0x00007ffb0cfa0000 - 0x00007ffb0d022000 	C:\Windows\System32\bcryptPrimitives.dll
0x00007ffae3bc0000 - 0x00007ffae3be5000 	C:\Program Files\Zulu\zulu-15\bin\java.dll
0x00007ffb0d620000 - 0x00007ffb0dd64000 	C:\Windows\System32\SHELL32.dll
0x00007ffb0a7d0000 - 0x00007ffb0af64000 	C:\Windows\SYSTEM32\windows.storage.dll
0x00007ffb0d170000 - 0x00007ffb0d4c5000 	C:\Windows\System32\combase.dll
0x00007ffb0c150000 - 0x00007ffb0c17e000 	C:\Windows\SYSTEM32\Wldp.dll
0x00007ffb0dd70000 - 0x00007ffb0de1d000 	C:\Windows\System32\SHCORE.dll
0x00007ffb0d4d0000 - 0x00007ffb0d525000 	C:\Windows\System32\shlwapi.dll
0x00007ffb0c640000 - 0x00007ffb0c65f000 	C:\Windows\SYSTEM32\profapi.dll
0x00007ffae3c30000 - 0x00007ffae3c49000 	C:\Program Files\Zulu\zulu-15\bin\net.dll
0x00007ffb06d40000 - 0x00007ffb06e4c000 	C:\Windows\SYSTEM32\WINHTTP.dll
0x00007ffb0beb0000 - 0x00007ffb0bf1a000 	C:\Windows\system32\mswsock.dll
0x00007ffae3a30000 - 0x00007ffae3a42000 	C:\Program Files\Zulu\zulu-15\bin\nio.dll
0x00007ffae3a10000 - 0x00007ffae3a28000 	C:\Program Files\Zulu\zulu-15\bin\zip.dll
0x000000006e700000 - 0x000000006e72a000 	C:\Users\spenc\AppData\Local\Temp\libgdxspenc\e1cd32f8\gdx64.dll
0x00007ffb05cb0000 - 0x00007ffb05cc0000 	C:\Program Files\Zulu\zulu-15\bin\verify.dll
0x0000000180000000 - 0x0000000180053000 	C:\Users\spenc\AppData\Local\Temp\libgdxspenc\1cecf4f6\lwjgl64.dll
0x00007ffad4dd0000 - 0x00007ffad4ef5000 	C:\Windows\SYSTEM32\OPENGL32.dll
0x00007ffad56f0000 - 0x00007ffad571c000 	C:\Windows\SYSTEM32\GLU32.dll
0x000001eacb2c0000 - 0x000001eacb324000 	C:\Users\spenc\AppData\Local\Temp\libgdxspenc\1cecf4f6\OpenAL64.dll
0x00007ffb0e6e0000 - 0x00007ffb0e80a000 	C:\Windows\System32\ole32.dll
0x00007ffb09c80000 - 0x00007ffb09d1e000 	C:\Windows\system32\uxtheme.dll
0x00007ffb0eed0000 - 0x00007ffb0ef79000 	C:\Windows\System32\clbcatq.dll
0x00007ffae2d60000 - 0x00007ffae2dfc000 	C:\Windows\SYSTEM32\dsound.dll
0x00007ffb0bc70000 - 0x00007ffb0bcbb000 	C:\Windows\SYSTEM32\powrprof.dll
0x00007ffaf09a0000 - 0x00007ffaf09c6000 	C:\Windows\SYSTEM32\winmmbase.dll
0x00007ffb0bb30000 - 0x00007ffb0bb42000 	C:\Windows\SYSTEM32\UMPDC.dll
0x00007ffaffc30000 - 0x00007ffaffcb5000 	C:\Windows\System32\MMDevApi.dll
0x00007ffb0c4a0000 - 0x00007ffb0c4d4000 	C:\Windows\System32\DEVOBJ.dll
0x00007ffb0c8c0000 - 0x00007ffb0c90e000 	C:\Windows\System32\cfgmgr32.dll
0x00007ffaffd40000 - 0x00007ffaffec1000 	C:\Windows\SYSTEM32\AUDIOSES.DLL
0x00007ffb0e250000 - 0x00007ffb0e31d000 	C:\Windows\System32\OLEAUT32.dll
0x00007ffb09e50000 - 0x00007ffb09e64000 	C:\Windows\SYSTEM32\resourcepolicyclient.dll
0x00007ffb05e90000 - 0x00007ffb05f3e000 	C:\Windows\SYSTEM32\mscms.dll
0x00007ffb0c600000 - 0x00007ffb0c62e000 	C:\Windows\SYSTEM32\USERENV.dll
0x00007ffb05e70000 - 0x00007ffb05e81000 	C:\Windows\SYSTEM32\ColorAdapterClient.dll
0x00007ffb0e5c0000 - 0x00007ffb0e6d5000 	C:\Windows\System32\MSCTF.dll
0x00007ffafc260000 - 0x00007ffafc359000 	C:\Windows\SYSTEM32\textinputframework.dll
0x00007ffb095b0000 - 0x00007ffb096a2000 	C:\Windows\System32\CoreMessaging.dll
0x00007ffb09250000 - 0x00007ffb095ae000 	C:\Windows\System32\CoreUIComponents.dll
0x00007ffb0b3f0000 - 0x00007ffb0b423000 	C:\Windows\SYSTEM32\ntmarta.dll
0x00007ffb08950000 - 0x00007ffb08aa4000 	C:\Windows\SYSTEM32\wintypes.dll
0x00007ffadd780000 - 0x00007ffadd7e6000 	C:\Windows\system32\Oleacc.dll
0x00007ffb00080000 - 0x00007ffb00179000 	C:\Windows\System32\AppXDeploymentClient.dll
0x00007ffa7aca0000 - 0x00007ffa7bca6000 	C:\Windows\System32\DriverStore\FileRepository\iigd_dch.inf_amd64_fe923c94e9ba883c\igxelpicd64.dll
0x00007ffb09e70000 - 0x00007ffb09e9f000 	C:\Windows\system32\dwmapi.dll
0x00007ffb0aff0000 - 0x00007ffb0b0e4000 	C:\Windows\system32\dxgi.dll
0x00007ffaa2600000 - 0x00007ffaa2a9e000 	C:\Windows\System32\DriverStore\FileRepository\iigd_dch.inf_amd64_fe923c94e9ba883c\igdml64.dll
0x00007ffafc790000 - 0x00007ffafcb51000 	C:\Windows\System32\DriverStore\FileRepository\iigd_dch.inf_amd64_fe923c94e9ba883c\igdgmm64.dll
0x00007ffae5680000 - 0x00007ffae56c3000 	C:\Windows\SYSTEM32\icm32.dll
0x00007ffaf5ce0000 - 0x00007ffaf8f40000 	C:\Windows\System32\DriverStore\FileRepository\iigd_dch.inf_amd64_fe923c94e9ba883c\igc64.dll
0x0000000066b00000 - 0x0000000066b5b000 	C:\Users\spenc\AppData\Local\Temp\libgdxspenc\a14961b7\gdx-box2d64.dll

dbghelp: loaded successfully - version: 4.0.5 - missing functions: none
symbol engine: initialized successfully - sym options: 0x614 - pdb path: .;C:\Program Files\Zulu\zulu-15\bin;C:\Windows\SYSTEM32;C:\Windows\WinSxS\amd64_microsoft.windows.common-controls_6595b64144ccf1df_6.0.19041.1110_none_60b5254171f9507e;C:\Program Files\Zulu\zulu-15\bin\server;C:\Users\spenc\AppData\Local\Temp\libgdxspenc\e1cd32f8;C:\Users\spenc\AppData\Local\Temp\libgdxspenc\1cecf4f6;C:\Windows\System32\DriverStore\FileRepository\iigd_dch.inf_amd64_fe923c94e9ba883c;C:\Users\spenc\AppData\Local\Temp\libgdxspenc\a14961b7

VM Arguments:
jvm_args: -Dfile.encoding=windows-1252 -Duser.country=CA -Duser.language=en -Duser.variant 
java_command: com.mygdx.game.desktop.DesktopLauncher
java_class_path (initial): C:\Users\spenc\OneDrive\Documents\GitHub\PortalGame\PortalGame\desktop\build\classes\java\main;C:\Users\spenc\OneDrive\Documents\GitHub\PortalGame\PortalGame\desktop\build\resources\main;C:\Users\spenc\.gradle\caches\modules-2\files-2.1\com.badlogicgames.gdx\gdx-tools\1.10.0\d699cf4953fb42a071c7c3feb9b5c45601aa6a4b\gdx-tools-1.10.0.jar;C:\Users\spenc\.gradle\caches\modules-2\files-2.1\com.badlogicgames.gdx\gdx-backend-lwjgl\1.10.0\58ff89d9e4fd8a82591367f187d606e781cacc05\gdx-backend-lwjgl-1.10.0.jar;C:\Users\spenc\.gradle\caches\modules-2\files-2.1\com.badlogicgames.gdx\gdx-platform\1.10.0\9a8fa793d2fd6d360afc6c9e4c1f5583da263b88\gdx-platform-1.10.0-natives-desktop.jar;C:\Users\spenc\.gradle\caches\modules-2\files-2.1\com.badlogicgames.gdx\gdx-box2d-platform\1.10.0\588c4191c5a64ed39365e71484aa37d81c38eb5e\gdx-box2d-platform-1.10.0-natives-desktop.jar;C:\Users\spenc\.gradle\caches\modules-2\files-2.1\com.badlogicgames.gdx\gdx-bullet-platform\1.10.0\ce92e8dfc762523d769cbc50853163c03bf98cf1\gdx-bullet-platform-1.10.0-natives-desktop.jar;C:\Users\spenc\.gradle\caches\modules-2\files-2.1\com.badlogicgames.gdx\gdx-freetype-platform\1.10.0\6e5d28752759e69384f12e4569d2c884ff71352f\gdx-freetype-platform-1.10.0-natives-desktop.jar;C:\Users\spenc\OneDrive\Documents\GitHub\PortalGame\PortalGame\core\build\libs\core-1.0.jar;C:\Users\spenc\.gradle\caches\modules-2\files-2.1\com.badlogicgames.gdx\gdx-backend-headless\1.10.0\990eadbb431197c5b9b816d1659c772e0268e65\gdx-backend-headless-1.10.0.jar;C:\Users\spenc\.gradle\caches\modules-2\files-2.1\com.badlogicgames.gdx\gdx-freetype\1.10.0\de1d0d5c1e92e8d91364256fd6b7bb279d3e9859\gdx-freetype-1.10.0.jar;C:\Users\spenc\.gradle\caches\modules-2\files-2.1\com.badlogicgames.box2dlights\box2dlights\1.5\6902dbcd250c95a27973aa24a147a95b3828d348\box2dlights-1.5.jar;C:\Users\spenc\.gradle\caches\modules-2\files-2.1\com.badlogicgames.gdx\gdx-box2d\1.10.0\b3a3c0f00b90716238835434d0ae8985604c37f8\gdx-box2d-1.10.0.jar;C
Launcher Type: SUN_STANDARD

[Global flags]
     intx CICompilerCount                          = 4                                         {product} {ergonomic}
     uint ConcGCThreads                            = 2                                         {product} {ergonomic}
     uint G1ConcRefinementThreads                  = 8                                         {product} {ergonomic}
   size_t G1HeapRegionSize                         = 1048576                                   {product} {ergonomic}
    uintx GCDrainStackTargetSize                   = 64                                        {product} {ergonomic}
   size_t InitialHeapSize                          = 132120576                                 {product} {ergonomic}
   size_t MarkStackSize                            = 4194304                                   {product} {ergonomic}
   size_t MaxHeapSize                              = 2095054848                                {product} {ergonomic}
   size_t MaxNewSize                               = 1256194048                                {product} {ergonomic}
   size_t MinHeapDeltaBytes                        = 1048576                                   {product} {ergonomic}
   size_t MinHeapSize                              = 8388608                                   {product} {ergonomic}
    uintx NonNMethodCodeHeapSize                   = 5839372                                {pd product} {ergonomic}
    uintx NonProfiledCodeHeapSize                  = 122909434                              {pd product} {ergonomic}
    uintx ProfiledCodeHeapSize                     = 122909434                              {pd product} {ergonomic}
    uintx ReservedCodeCacheSize                    = 251658240                              {pd product} {ergonomic}
     bool SegmentedCodeCache                       = true                                      {product} {ergonomic}
   size_t SoftMaxHeapSize                          = 2095054848                             {manageable} {ergonomic}
     bool UseCompressedClassPointers               = true                                 {lp64_product} {ergonomic}
     bool UseCompressedOops                        = true                                 {lp64_product} {ergonomic}
     bool UseG1GC                                  = true                                      {product} {ergonomic}
     bool UseLargePagesIndividualAllocation        = false                                  {pd product} {ergonomic}

Logging:
Log output configuration:
 #0: stdout all=warning uptime,level,tags
 #1: stderr all=off uptime,level,tags

Environment Variables:
JAVA_HOME=C:\Program Files\Java\jdk1.8.0_311
PATH=C:\Program Files\Zulu\zulu-15\bin\;C:\Program Files (x86)\Common Files\Oracle\Java\javapath;C:\Windows\system32;C:\Windows;C:\Windows\System32\Wbem;C:\Windows\System32\WindowsPowerShell\v1.0\;C:\Windows\System32\OpenSSH\;C:\Program Files\Git\cmd;C:\Users\spenc\AppData\Local\Microsoft\WindowsApps;C:\Users\spenc\AppData\Local\GitHubDesktop\bin;C:\Program Files\JetBrains\IntelliJ IDEA Community Edition 2021.3\bin;
USERNAME=spenc
OS=Windows_NT
PROCESSOR_IDENTIFIER=Intel64 Family 6 Model 140 Stepping 1, GenuineIntel



---------------  S Y S T E M  ---------------

OS:
 Windows 10 , 64 bit Build 19041 (10.0.19041.1348)
OS uptime: 12 days 7:33 hours

CPU: total 8 (initial active 8) (4 cores per cpu, 2 threads per core) family 6 model 140 stepping 1 microcode 0x78, cmov, cx8, fxsr, mmx, sse, sse2, sse3, ssse3, sse4.1, sse4.2, popcnt, vzeroupper, avx, avx2, aes, clmul, erms, 3dnowpref, lzcnt, ht, tsc, tscinvbit, bmi1, bmi2, adx, avx512f, avx512dq, avx512cd, avx512bw, avx512vl, avx512_vpopcntdq, avx512_vpclmulqdq, avx512_vbmi, avx512_vbmi2, avx512_vaes, avx512_vnni, sha, fma, clflush, clflushopt, clwb

Memory: 4k page, system-wide physical 7987M (696M free)
TotalPageFile size 30824M (AvailPageFile size 11366M)
current process WorkingSet (physical memory assigned to process): 168M, peak: 189M
current process commit charge ("private bytes"): 288M, peak: 313M

vm_info: OpenJDK 64-Bit Server VM (15.0.5+3-MTS) for windows-amd64 JRE (15.0.5+3-MTS) (Zulu15.36+13-CA), built on Oct  8 2021 11:07:26 by "zulu_re" with MS VC++ 15.9 (VS2017)

END.
