#
# A fatal error has been detected by the Java Runtime Environment:
#
#  EXCEPTION_ACCESS_VIOLATION (0xc0000005) at pc=0x0000000066b0cfa7, pid=23008, tid=8612
#
# JRE version: OpenJDK Runtime Environment Zulu15.36+13-CA (15.0.5+3) (build 15.0.5+3-MTS)
# Java VM: OpenJDK 64-Bit Server VM Zulu15.36+13-CA (15.0.5+3-MTS, mixed mode, sharing, tiered, compressed oops, g1 gc, windows-amd64)
# Problematic frame:
# C  [gdx-box2d64.dll+0xcfa7]
#
# No core dump will be written. Minidumps are not enabled by default on client versions of Windows
#
# If you would like to submit a bug report, please visit:
#   http://www.azul.com/support/
# The crash happened outside the Java Virtual Machine in native code.
# See problematic frame for where to report the bug.
#

---------------  S U M M A R Y ------------

Command Line: -Dfile.encoding=windows-1252 -Duser.country=CA -Duser.language=en -Duser.variant com.mygdx.game.desktop.DesktopLauncher

Host: 11th Gen Intel(R) Core(TM) i5-1135G7 @ 2.40GHz, 8 cores, 7G,  Windows 10 , 64 bit Build 19041 (10.0.19041.1348)
Time: Thu Jan 20 09:24:35 2022 Eastern Standard Time elapsed time: 23.932706 seconds (0d 0h 0m 23s)

---------------  T H R E A D  ---------------

Current thread (0x00000164228360a0):  JavaThread "LWJGL Application" [_thread_in_native, id=8612, stack(0x00000027fb700000,0x00000027fb800000)]

Stack: [0x00000027fb700000,0x00000027fb800000],  sp=0x00000027fb7fefc0,  free space=1019k
Native frames: (J=compiled Java code, j=interpreted, Vv=VM code, C=native code)
C  [gdx-box2d64.dll+0xcfa7]

Java frames: (J=compiled Java code, j=interpreted, Vv=VM code)
j  com.badlogic.gdx.physics.box2d.World.jniDestroyBody(JJ)V+0
j  com.badlogic.gdx.physics.box2d.World.destroyBody(Lcom/badlogic/gdx/physics/box2d/Body;)V+42
j  com.mygdx.game.Entity.dispose()V+16
j  com.mygdx.game.MyGdxGame.dispose()V+82
j  com.badlogic.gdx.backends.lwjgl.LwjglApplication.mainLoop()V+924
j  com.badlogic.gdx.backends.lwjgl.LwjglApplication$1.run()V+27
v  ~StubRoutines::call_stub

siginfo: EXCEPTION_ACCESS_VIOLATION (0xc0000005), reading address 0x0000000000000008


Register to memory mapping:

RIP=0x0000000066b0cfa7 gdx-box2d64.dll
RAX=0x0 is NULL
RBX=0x000001642c3e4420 points into unknown readable memory: 0x0000000066b48700 | 00 87 b4 66 00 00 00 00
RCX=0x0000000000000036 is an unknown value
RDX=0x0000016423f6c140 points into unknown readable memory: 0x0000016441200000 | 00 00 20 41 64 01 00 00
RSP=0x00000027fb7fefc0 is pointing into the stack for thread: 0x00000164228360a0
RBP=0x0000016423f376a0 points into unknown readable memory: 0x0000016400da0150 | 50 01 da 00 64 01 00 00
RSI=0x0000016423f50940 points into unknown readable memory: 0x0000000000000010 | 10 00 00 00 00 00 00 00
RDI=0x000001642c3e4420 points into unknown readable memory: 0x0000000066b48700 | 00 87 b4 66 00 00 00 00
R8 =0x0000016423f68610 points into unknown readable memory: 0x0000003600000002 | 02 00 00 00 36 00 00 00
R9 =0x0000000000000004 is an unknown value
R10=0x0000016422b0fb10 points into unknown readable memory: 0x0000001e00000003 | 03 00 00 00 1e 00 00 00
R11=0x00000027fb7fefb0 is pointing into the stack for thread: 0x00000164228360a0
R12=0x0 is NULL
R13={method} {0x00000164221145a8} 'jniDestroyBody' '(JJ)V' in 'com/badlogic/gdx/physics/box2d/World'
R14=0x00000027fb7ff208 is pointing into the stack for thread: 0x00000164228360a0
R15=0x00000164228360a0 is a thread


Registers:
RAX=0x0000000000000000, RBX=0x000001642c3e4420, RCX=0x0000000000000036, RDX=0x0000016423f6c140
RSP=0x00000027fb7fefc0, RBP=0x0000016423f376a0, RSI=0x0000016423f50940, RDI=0x000001642c3e4420
R8 =0x0000016423f68610, R9 =0x0000000000000004, R10=0x0000016422b0fb10, R11=0x00000027fb7fefb0
R12=0x0000000000000000, R13=0x00000164221145a0, R14=0x00000027fb7ff208, R15=0x00000164228360a0
RIP=0x0000000066b0cfa7, EFLAGS=0x0000000000010202

Top of Stack: (sp=0x00000027fb7fefc0)
0x00000027fb7fefc0:   0000000000000000 0000000066b3d36c
0x00000027fb7fefd0:   000001642c3e4420 0000016423f680d0
0x00000027fb7fefe0:   0000016423f50940 000001642c3e4420
0x00000027fb7feff0:   0000016423f50940 0000016423f68610
0x00000027fb7ff000:   0000016423f680d0 0000000066b1f39f
0x00000027fb7ff010:   0000016422836000 0000000000000000
0x00000027fb7ff020:   00007ffc6a02b548 000001642c3e4420
0x00000027fb7ff030:   000000000000000e 0000000000000000
0x00000027fb7ff040:   0000016423f376a0 0000016423f68610
0x00000027fb7ff050:   0000016423f50940 0000000066b215d3
0x00000027fb7ff060:   0000016421aa99e0 0000002800000003
0x00000027fb7ff070:   00000027fb7ff1c8 00000164228360a0
0x00000027fb7ff080:   0000016423f376a0 0000016423f68610
0x00000027fb7ff090:   0000000000046910 00000027fb7ff1c8
0x00000027fb7ff0a0:   0000000000000000 0000000066b26a9d
0x00000027fb7ff0b0:   00000027fb7ff1c8 00007ffc69aae3d7 

Instructions: (pc=0x0000000066b0cfa7)
0x0000000066b0cea7:   e0 05 48 8d 04 d0 48 8d 15 8c 34 04 00 48 01 d0
0x0000000066b0ceb7:   4c 8b 10 4d 85 d2 0f 84 8e 00 00 00 80 78 10 00
0x0000000066b0cec7:   4c 89 b4 24 80 00 00 00 75 1f 41 89 e9 4d 89 e8
0x0000000066b0ced7:   89 fa 4c 89 e1 48 83 c4 20 5b 5e 5f 5d 41 5c 41
0x0000000066b0cee7:   5d 41 5e 49 ff e2 0f 1f 00 41 89 f9 4d 89 e0 89
0x0000000066b0cef7:   ea 4c 89 e9 eb df 0f 1f 00 48 8d 15 79 50 03 00
0x0000000066b0cf07:   48 8d 0d 12 51 03 00 41 b8 51 00 00 00 e8 b7 96
0x0000000066b0cf17:   02 00 e9 7f ff ff ff 66 90 48 8d 15 59 50 03 00
0x0000000066b0cf27:   48 8d 0d c2 50 03 00 41 b8 50 00 00 00 e8 97 96
0x0000000066b0cf37:   02 00 e9 5a ff ff ff 66 90 e8 fb fc ff ff c6 05
0x0000000066b0cf47:   d4 33 04 00 01 e9 2d ff ff ff 31 c0 48 83 c4 20
0x0000000066b0cf57:   5b 5e 5f 5d 41 5c 41 5d 41 5e c3 0f 1f 40 00 66
0x0000000066b0cf67:   2e 0f 1f 84 00 00 00 00 00 55 57 56 53 48 83 ec
0x0000000066b0cf77:   28 80 3d a1 33 04 00 00 48 89 cf 48 89 d5 0f 84
0x0000000066b0cf87:   f5 00 00 00 8b 8f b4 00 00 00 48 8b 47 60 48 8b
0x0000000066b0cf97:   57 68 85 c9 7e 06 80 78 3a 00 74 50 48 8b 40 18
0x0000000066b0cfa7:   48 63 58 08 48 8b 42 18 8b 70 08 85 db 0f 88 8a
0x0000000066b0cfb7:   00 00 00 83 fe 03 0f 8f 81 00 00 00 48 63 c6 48
0x0000000066b0cfc7:   89 f9 48 8d 14 40 48 8d 04 5b 48 c1 e0 05 48 8d
0x0000000066b0cfd7:   04 d0 48 8d 15 60 33 04 00 48 8b 44 02 08 48 89
0x0000000066b0cfe7:   ea 48 83 c4 28 5b 5e 5f 5d 48 ff e0 80 7a 3a 00
0x0000000066b0cff7:   75 aa 4c 8b 40 10 41 0f b7 48 04 f6 c1 02 75 13
0x0000000066b0d007:   83 c9 02 41 c7 80 ac 00 00 00 00 00 00 00 66 41
0x0000000066b0d017:   89 48 04 4c 8b 42 10 41 0f b7 48 04 f6 c1 02 0f
0x0000000066b0d027:   85 77 ff ff ff 83 c9 02 41 c7 80 ac 00 00 00 00
0x0000000066b0d037:   00 00 00 66 41 89 48 04 e9 5f ff ff ff 48 8d 15
0x0000000066b0d047:   35 4f 03 00 48 8d 0d 16 50 03 00 41 b8 77 00 00
0x0000000066b0d057:   00 e8 73 95 02 00 48 8d 15 1c 4f 03 00 48 8d 0d
0x0000000066b0d067:   fd 4f 03 00 41 b8 78 00 00 00 e8 5a 95 02 00 e9
0x0000000066b0d077:   48 ff ff ff 0f 1f 44 00 00 48 8d 15 f9 4e 03 00
0x0000000066b0d087:   48 8d 0d bd 4f 03 00 41 b8 67 00 00 00 e8 37 95
0x0000000066b0d097:   02 00 e9 ed fe ff ff 66 90 48 83 ec 38 48 8d 05 


Stack slot to memory mapping:
stack at sp + 0 slots: 0x0 is NULL
stack at sp + 1 slots: 0x0000000066b3d36c gdx-box2d64.dll
stack at sp + 2 slots: 0x000001642c3e4420 points into unknown readable memory: 0x0000000066b48700 | 00 87 b4 66 00 00 00 00
stack at sp + 3 slots: 0x0000016423f680d0 points into unknown readable memory: 0x0000002600000000 | 00 00 00 00 26 00 00 00
stack at sp + 4 slots: 0x0000016423f50940 points into unknown readable memory: 0x0000000000000010 | 10 00 00 00 00 00 00 00
stack at sp + 5 slots: 0x000001642c3e4420 points into unknown readable memory: 0x0000000066b48700 | 00 87 b4 66 00 00 00 00
stack at sp + 6 slots: 0x0000016423f50940 points into unknown readable memory: 0x0000000000000010 | 10 00 00 00 00 00 00 00
stack at sp + 7 slots: 0x0000016423f68610 points into unknown readable memory: 0x0000003600000002 | 02 00 00 00 36 00 00 00


---------------  P R O C E S S  ---------------

Threads class SMR info:
_java_thread_list=0x000001642a1d7060, length=13, elements={
0x0000016421a3e4b0, 0x0000016421a42fb0, 0x0000016421a5d630, 0x0000016421a5dff0,
0x0000016421a5e9b0, 0x0000016421a61380, 0x0000016421a66290, 0x0000016421a66c90,
0x0000016422494f00, 0x00000164224996f0, 0x00000164228360a0, 0x0000016402d71100,
0x00000164225580f0
}

Java Threads: ( => current thread )
  0x0000016421a3e4b0 JavaThread "Reference Handler" daemon [_thread_blocked, id=13424, stack(0x00000027fa800000,0x00000027fa900000)]
  0x0000016421a42fb0 JavaThread "Finalizer" daemon [_thread_blocked, id=19936, stack(0x00000027fa900000,0x00000027faa00000)]
  0x0000016421a5d630 JavaThread "Signal Dispatcher" daemon [_thread_blocked, id=21924, stack(0x00000027faa00000,0x00000027fab00000)]
  0x0000016421a5dff0 JavaThread "Attach Listener" daemon [_thread_blocked, id=14880, stack(0x00000027fab00000,0x00000027fac00000)]
  0x0000016421a5e9b0 JavaThread "Service Thread" daemon [_thread_blocked, id=19928, stack(0x00000027fac00000,0x00000027fad00000)]
  0x0000016421a61380 JavaThread "C2 CompilerThread0" daemon [_thread_blocked, id=4308, stack(0x00000027fad00000,0x00000027fae00000)]
  0x0000016421a66290 JavaThread "C1 CompilerThread0" daemon [_thread_blocked, id=10356, stack(0x00000027fae00000,0x00000027faf00000)]
  0x0000016421a66c90 JavaThread "Sweeper thread" daemon [_thread_blocked, id=4648, stack(0x00000027faf00000,0x00000027fb000000)]
  0x0000016422494f00 JavaThread "Notification Thread" daemon [_thread_blocked, id=22688, stack(0x00000027fb000000,0x00000027fb100000)]
  0x00000164224996f0 JavaThread "Common-Cleaner" daemon [_thread_blocked, id=22292, stack(0x00000027fb200000,0x00000027fb300000)]
=>0x00000164228360a0 JavaThread "LWJGL Application" [_thread_in_native, id=8612, stack(0x00000027fb700000,0x00000027fb800000)]
  0x0000016402d71100 JavaThread "DestroyJavaVM" [_thread_blocked, id=15776, stack(0x00000027fa100000,0x00000027fa200000)]
  0x00000164225580f0 JavaThread "LWJGL Timer" daemon [_thread_blocked, id=18292, stack(0x00000027fbc00000,0x00000027fbd00000)]

Other Threads:
  0x0000016421a3cd20 VMThread "VM Thread" [stack: 0x00000027fa700000,0x00000027fa800000] [id=17744]
  0x00000164224953d0 WatcherThread [stack: 0x00000027fb100000,0x00000027fb200000] [id=22616]
  0x0000016402db00c0 GCTaskThread "GC Thread#0" [stack: 0x00000027fa200000,0x00000027fa300000] [id=4572]
  0x0000016402dc4850 ConcurrentGCThread "G1 Main Marker" [stack: 0x00000027fa300000,0x00000027fa400000] [id=14080]
  0x0000016402dc5830 ConcurrentGCThread "G1 Conc#0" [stack: 0x00000027fa400000,0x00000027fa500000] [id=16792]
  0x00000164218c0490 ConcurrentGCThread "G1 Refine#0" [stack: 0x00000027fa500000,0x00000027fa600000] [id=12112]
  0x00000164218c0be0 ConcurrentGCThread "G1 Young RemSet Sampling" [stack: 0x00000027fa600000,0x00000027fa700000] [id=19152]

Threads with active compile tasks:

VM state: not at safepoint (normal execution)

VM Mutex/Monitor currently owned by a thread: None

Heap address: 0x0000000083200000, size: 1998 MB, Compressed Oops mode: 32-bit
CDS archive(s) mapped at: [0x0000000800000000-0x0000000800b50000-0x0000000800b50000), size 11862016, SharedBaseAddress: 0x0000000800000000, ArchiveRelocationMode: 0.
Compressed class space mapped at: 0x0000000800b50000-0x0000000840b50000, size: 1073741824
Narrow klass base: 0x0000000800000000, Narrow klass shift: 3, Narrow klass range: 0x100000000

GC Precious Log:
 CPUs: 8 total, 8 available
 Memory: 7987M
 Large Page Support: Disabled
 NUMA Support: Disabled
 Compressed Oops: Enabled (32-bit)
 Heap Region Size: 1M
 Heap Min Capacity: 8M
 Heap Initial Capacity: 126M
 Heap Max Capacity: 1998M
 Pre-touch: Disabled
 Parallel Workers: 8
 Concurrent Workers: 2
 Concurrent Refinement Workers: 8
 Periodic GC: Disabled

Heap:
 garbage-first heap   total 129024K, used 21504K [0x0000000083200000, 0x0000000100000000)
  region size 1024K, 23 young (23552K), 0 survivors (0K)
 Metaspace       used 5115K, capacity 8062K, committed 8448K, reserved 1056768K
  class space    used 335K, capacity 649K, committed 768K, reserved 1048576K

Heap Regions: E=young(eden), S=young(survivor), O=old, HS=humongous(starts), HC=humongous(continues), CS=collection set, F=free, OA=open archive, CA=closed archive, TAMS=top-at-mark-start (previous, next)
|   0|0x0000000083200000, 0x0000000083200000, 0x0000000083300000|  0%| F|  |TAMS 0x0000000083200000, 0x0000000083200000| Untracked 
|   1|0x0000000083300000, 0x0000000083300000, 0x0000000083400000|  0%| F|  |TAMS 0x0000000083300000, 0x0000000083300000| Untracked 
|   2|0x0000000083400000, 0x0000000083400000, 0x0000000083500000|  0%| F|  |TAMS 0x0000000083400000, 0x0000000083400000| Untracked 
|   3|0x0000000083500000, 0x0000000083500000, 0x0000000083600000|  0%| F|  |TAMS 0x0000000083500000, 0x0000000083500000| Untracked 
|   4|0x0000000083600000, 0x0000000083600000, 0x0000000083700000|  0%| F|  |TAMS 0x0000000083600000, 0x0000000083600000| Untracked 
|   5|0x0000000083700000, 0x0000000083700000, 0x0000000083800000|  0%| F|  |TAMS 0x0000000083700000, 0x0000000083700000| Untracked 
|   6|0x0000000083800000, 0x0000000083800000, 0x0000000083900000|  0%| F|  |TAMS 0x0000000083800000, 0x0000000083800000| Untracked 
|   7|0x0000000083900000, 0x0000000083900000, 0x0000000083a00000|  0%| F|  |TAMS 0x0000000083900000, 0x0000000083900000| Untracked 
|   8|0x0000000083a00000, 0x0000000083a00000, 0x0000000083b00000|  0%| F|  |TAMS 0x0000000083a00000, 0x0000000083a00000| Untracked 
|   9|0x0000000083b00000, 0x0000000083b00000, 0x0000000083c00000|  0%| F|  |TAMS 0x0000000083b00000, 0x0000000083b00000| Untracked 
|  10|0x0000000083c00000, 0x0000000083c00000, 0x0000000083d00000|  0%| F|  |TAMS 0x0000000083c00000, 0x0000000083c00000| Untracked 
|  11|0x0000000083d00000, 0x0000000083d00000, 0x0000000083e00000|  0%| F|  |TAMS 0x0000000083d00000, 0x0000000083d00000| Untracked 
|  12|0x0000000083e00000, 0x0000000083e00000, 0x0000000083f00000|  0%| F|  |TAMS 0x0000000083e00000, 0x0000000083e00000| Untracked 
|  13|0x0000000083f00000, 0x0000000083f00000, 0x0000000084000000|  0%| F|  |TAMS 0x0000000083f00000, 0x0000000083f00000| Untracked 
|  14|0x0000000084000000, 0x0000000084000000, 0x0000000084100000|  0%| F|  |TAMS 0x0000000084000000, 0x0000000084000000| Untracked 
|  15|0x0000000084100000, 0x0000000084100000, 0x0000000084200000|  0%| F|  |TAMS 0x0000000084100000, 0x0000000084100000| Untracked 
|  16|0x0000000084200000, 0x0000000084200000, 0x0000000084300000|  0%| F|  |TAMS 0x0000000084200000, 0x0000000084200000| Untracked 
|  17|0x0000000084300000, 0x0000000084300000, 0x0000000084400000|  0%| F|  |TAMS 0x0000000084300000, 0x0000000084300000| Untracked 
|  18|0x0000000084400000, 0x0000000084400000, 0x0000000084500000|  0%| F|  |TAMS 0x0000000084400000, 0x0000000084400000| Untracked 
|  19|0x0000000084500000, 0x0000000084500000, 0x0000000084600000|  0%| F|  |TAMS 0x0000000084500000, 0x0000000084500000| Untracked 
|  20|0x0000000084600000, 0x0000000084600000, 0x0000000084700000|  0%| F|  |TAMS 0x0000000084600000, 0x0000000084600000| Untracked 
|  21|0x0000000084700000, 0x0000000084700000, 0x0000000084800000|  0%| F|  |TAMS 0x0000000084700000, 0x0000000084700000| Untracked 
|  22|0x0000000084800000, 0x0000000084800000, 0x0000000084900000|  0%| F|  |TAMS 0x0000000084800000, 0x0000000084800000| Untracked 
|  23|0x0000000084900000, 0x0000000084900000, 0x0000000084a00000|  0%| F|  |TAMS 0x0000000084900000, 0x0000000084900000| Untracked 
|  24|0x0000000084a00000, 0x0000000084a00000, 0x0000000084b00000|  0%| F|  |TAMS 0x0000000084a00000, 0x0000000084a00000| Untracked 
|  25|0x0000000084b00000, 0x0000000084b00000, 0x0000000084c00000|  0%| F|  |TAMS 0x0000000084b00000, 0x0000000084b00000| Untracked 
|  26|0x0000000084c00000, 0x0000000084c00000, 0x0000000084d00000|  0%| F|  |TAMS 0x0000000084c00000, 0x0000000084c00000| Untracked 
|  27|0x0000000084d00000, 0x0000000084d00000, 0x0000000084e00000|  0%| F|  |TAMS 0x0000000084d00000, 0x0000000084d00000| Untracked 
|  28|0x0000000084e00000, 0x0000000084e00000, 0x0000000084f00000|  0%| F|  |TAMS 0x0000000084e00000, 0x0000000084e00000| Untracked 
|  29|0x0000000084f00000, 0x0000000084f00000, 0x0000000085000000|  0%| F|  |TAMS 0x0000000084f00000, 0x0000000084f00000| Untracked 
|  30|0x0000000085000000, 0x0000000085000000, 0x0000000085100000|  0%| F|  |TAMS 0x0000000085000000, 0x0000000085000000| Untracked 
|  31|0x0000000085100000, 0x0000000085100000, 0x0000000085200000|  0%| F|  |TAMS 0x0000000085100000, 0x0000000085100000| Untracked 
|  32|0x0000000085200000, 0x0000000085200000, 0x0000000085300000|  0%| F|  |TAMS 0x0000000085200000, 0x0000000085200000| Untracked 
|  33|0x0000000085300000, 0x0000000085300000, 0x0000000085400000|  0%| F|  |TAMS 0x0000000085300000, 0x0000000085300000| Untracked 
|  34|0x0000000085400000, 0x0000000085400000, 0x0000000085500000|  0%| F|  |TAMS 0x0000000085400000, 0x0000000085400000| Untracked 
|  35|0x0000000085500000, 0x0000000085500000, 0x0000000085600000|  0%| F|  |TAMS 0x0000000085500000, 0x0000000085500000| Untracked 
|  36|0x0000000085600000, 0x0000000085600000, 0x0000000085700000|  0%| F|  |TAMS 0x0000000085600000, 0x0000000085600000| Untracked 
|  37|0x0000000085700000, 0x0000000085700000, 0x0000000085800000|  0%| F|  |TAMS 0x0000000085700000, 0x0000000085700000| Untracked 
|  38|0x0000000085800000, 0x0000000085800000, 0x0000000085900000|  0%| F|  |TAMS 0x0000000085800000, 0x0000000085800000| Untracked 
|  39|0x0000000085900000, 0x0000000085900000, 0x0000000085a00000|  0%| F|  |TAMS 0x0000000085900000, 0x0000000085900000| Untracked 
|  40|0x0000000085a00000, 0x0000000085a00000, 0x0000000085b00000|  0%| F|  |TAMS 0x0000000085a00000, 0x0000000085a00000| Untracked 
|  41|0x0000000085b00000, 0x0000000085b00000, 0x0000000085c00000|  0%| F|  |TAMS 0x0000000085b00000, 0x0000000085b00000| Untracked 
|  42|0x0000000085c00000, 0x0000000085c00000, 0x0000000085d00000|  0%| F|  |TAMS 0x0000000085c00000, 0x0000000085c00000| Untracked 
|  43|0x0000000085d00000, 0x0000000085d00000, 0x0000000085e00000|  0%| F|  |TAMS 0x0000000085d00000, 0x0000000085d00000| Untracked 
|  44|0x0000000085e00000, 0x0000000085e00000, 0x0000000085f00000|  0%| F|  |TAMS 0x0000000085e00000, 0x0000000085e00000| Untracked 
|  45|0x0000000085f00000, 0x0000000085f00000, 0x0000000086000000|  0%| F|  |TAMS 0x0000000085f00000, 0x0000000085f00000| Untracked 
|  46|0x0000000086000000, 0x0000000086000000, 0x0000000086100000|  0%| F|  |TAMS 0x0000000086000000, 0x0000000086000000| Untracked 
|  47|0x0000000086100000, 0x0000000086100000, 0x0000000086200000|  0%| F|  |TAMS 0x0000000086100000, 0x0000000086100000| Untracked 
|  48|0x0000000086200000, 0x0000000086200000, 0x0000000086300000|  0%| F|  |TAMS 0x0000000086200000, 0x0000000086200000| Untracked 
|  49|0x0000000086300000, 0x0000000086300000, 0x0000000086400000|  0%| F|  |TAMS 0x0000000086300000, 0x0000000086300000| Untracked 
|  50|0x0000000086400000, 0x0000000086400000, 0x0000000086500000|  0%| F|  |TAMS 0x0000000086400000, 0x0000000086400000| Untracked 
|  51|0x0000000086500000, 0x0000000086500000, 0x0000000086600000|  0%| F|  |TAMS 0x0000000086500000, 0x0000000086500000| Untracked 
|  52|0x0000000086600000, 0x0000000086600000, 0x0000000086700000|  0%| F|  |TAMS 0x0000000086600000, 0x0000000086600000| Untracked 
|  53|0x0000000086700000, 0x0000000086700000, 0x0000000086800000|  0%| F|  |TAMS 0x0000000086700000, 0x0000000086700000| Untracked 
|  54|0x0000000086800000, 0x0000000086800000, 0x0000000086900000|  0%| F|  |TAMS 0x0000000086800000, 0x0000000086800000| Untracked 
|  55|0x0000000086900000, 0x0000000086900000, 0x0000000086a00000|  0%| F|  |TAMS 0x0000000086900000, 0x0000000086900000| Untracked 
|  56|0x0000000086a00000, 0x0000000086a00000, 0x0000000086b00000|  0%| F|  |TAMS 0x0000000086a00000, 0x0000000086a00000| Untracked 
|  57|0x0000000086b00000, 0x0000000086b00000, 0x0000000086c00000|  0%| F|  |TAMS 0x0000000086b00000, 0x0000000086b00000| Untracked 
|  58|0x0000000086c00000, 0x0000000086c00000, 0x0000000086d00000|  0%| F|  |TAMS 0x0000000086c00000, 0x0000000086c00000| Untracked 
|  59|0x0000000086d00000, 0x0000000086d00000, 0x0000000086e00000|  0%| F|  |TAMS 0x0000000086d00000, 0x0000000086d00000| Untracked 
|  60|0x0000000086e00000, 0x0000000086e00000, 0x0000000086f00000|  0%| F|  |TAMS 0x0000000086e00000, 0x0000000086e00000| Untracked 
|  61|0x0000000086f00000, 0x0000000086f00000, 0x0000000087000000|  0%| F|  |TAMS 0x0000000086f00000, 0x0000000086f00000| Untracked 
|  62|0x0000000087000000, 0x0000000087000000, 0x0000000087100000|  0%| F|  |TAMS 0x0000000087000000, 0x0000000087000000| Untracked 
|  63|0x0000000087100000, 0x0000000087100000, 0x0000000087200000|  0%| F|  |TAMS 0x0000000087100000, 0x0000000087100000| Untracked 
|  64|0x0000000087200000, 0x0000000087200000, 0x0000000087300000|  0%| F|  |TAMS 0x0000000087200000, 0x0000000087200000| Untracked 
|  65|0x0000000087300000, 0x0000000087300000, 0x0000000087400000|  0%| F|  |TAMS 0x0000000087300000, 0x0000000087300000| Untracked 
|  66|0x0000000087400000, 0x0000000087400000, 0x0000000087500000|  0%| F|  |TAMS 0x0000000087400000, 0x0000000087400000| Untracked 
|  67|0x0000000087500000, 0x0000000087500000, 0x0000000087600000|  0%| F|  |TAMS 0x0000000087500000, 0x0000000087500000| Untracked 
|  68|0x0000000087600000, 0x0000000087600000, 0x0000000087700000|  0%| F|  |TAMS 0x0000000087600000, 0x0000000087600000| Untracked 
|  69|0x0000000087700000, 0x0000000087700000, 0x0000000087800000|  0%| F|  |TAMS 0x0000000087700000, 0x0000000087700000| Untracked 
|  70|0x0000000087800000, 0x0000000087800000, 0x0000000087900000|  0%| F|  |TAMS 0x0000000087800000, 0x0000000087800000| Untracked 
|  71|0x0000000087900000, 0x0000000087900000, 0x0000000087a00000|  0%| F|  |TAMS 0x0000000087900000, 0x0000000087900000| Untracked 
|  72|0x0000000087a00000, 0x0000000087a00000, 0x0000000087b00000|  0%| F|  |TAMS 0x0000000087a00000, 0x0000000087a00000| Untracked 
|  73|0x0000000087b00000, 0x0000000087b00000, 0x0000000087c00000|  0%| F|  |TAMS 0x0000000087b00000, 0x0000000087b00000| Untracked 
|  74|0x0000000087c00000, 0x0000000087c00000, 0x0000000087d00000|  0%| F|  |TAMS 0x0000000087c00000, 0x0000000087c00000| Untracked 
|  75|0x0000000087d00000, 0x0000000087d00000, 0x0000000087e00000|  0%| F|  |TAMS 0x0000000087d00000, 0x0000000087d00000| Untracked 
|  76|0x0000000087e00000, 0x0000000087e00000, 0x0000000087f00000|  0%| F|  |TAMS 0x0000000087e00000, 0x0000000087e00000| Untracked 
|  77|0x0000000087f00000, 0x0000000087f00000, 0x0000000088000000|  0%| F|  |TAMS 0x0000000087f00000, 0x0000000087f00000| Untracked 
|  78|0x0000000088000000, 0x0000000088000000, 0x0000000088100000|  0%| F|  |TAMS 0x0000000088000000, 0x0000000088000000| Untracked 
|  79|0x0000000088100000, 0x0000000088100000, 0x0000000088200000|  0%| F|  |TAMS 0x0000000088100000, 0x0000000088100000| Untracked 
|  80|0x0000000088200000, 0x0000000088200000, 0x0000000088300000|  0%| F|  |TAMS 0x0000000088200000, 0x0000000088200000| Untracked 
|  81|0x0000000088300000, 0x0000000088300000, 0x0000000088400000|  0%| F|  |TAMS 0x0000000088300000, 0x0000000088300000| Untracked 
|  82|0x0000000088400000, 0x0000000088400000, 0x0000000088500000|  0%| F|  |TAMS 0x0000000088400000, 0x0000000088400000| Untracked 
|  83|0x0000000088500000, 0x0000000088500000, 0x0000000088600000|  0%| F|  |TAMS 0x0000000088500000, 0x0000000088500000| Untracked 
|  84|0x0000000088600000, 0x0000000088600000, 0x0000000088700000|  0%| F|  |TAMS 0x0000000088600000, 0x0000000088600000| Untracked 
|  85|0x0000000088700000, 0x0000000088700000, 0x0000000088800000|  0%| F|  |TAMS 0x0000000088700000, 0x0000000088700000| Untracked 
|  86|0x0000000088800000, 0x0000000088800000, 0x0000000088900000|  0%| F|  |TAMS 0x0000000088800000, 0x0000000088800000| Untracked 
|  87|0x0000000088900000, 0x0000000088900000, 0x0000000088a00000|  0%| F|  |TAMS 0x0000000088900000, 0x0000000088900000| Untracked 
|  88|0x0000000088a00000, 0x0000000088a00000, 0x0000000088b00000|  0%| F|  |TAMS 0x0000000088a00000, 0x0000000088a00000| Untracked 
|  89|0x0000000088b00000, 0x0000000088b00000, 0x0000000088c00000|  0%| F|  |TAMS 0x0000000088b00000, 0x0000000088b00000| Untracked 
|  90|0x0000000088c00000, 0x0000000088c00000, 0x0000000088d00000|  0%| F|  |TAMS 0x0000000088c00000, 0x0000000088c00000| Untracked 
|  91|0x0000000088d00000, 0x0000000088d00000, 0x0000000088e00000|  0%| F|  |TAMS 0x0000000088d00000, 0x0000000088d00000| Untracked 
|  92|0x0000000088e00000, 0x0000000088e00000, 0x0000000088f00000|  0%| F|  |TAMS 0x0000000088e00000, 0x0000000088e00000| Untracked 
|  93|0x0000000088f00000, 0x0000000088f00000, 0x0000000089000000|  0%| F|  |TAMS 0x0000000088f00000, 0x0000000088f00000| Untracked 
|  94|0x0000000089000000, 0x0000000089000000, 0x0000000089100000|  0%| F|  |TAMS 0x0000000089000000, 0x0000000089000000| Untracked 
|  95|0x0000000089100000, 0x0000000089100000, 0x0000000089200000|  0%| F|  |TAMS 0x0000000089100000, 0x0000000089100000| Untracked 
|  96|0x0000000089200000, 0x0000000089200000, 0x0000000089300000|  0%| F|  |TAMS 0x0000000089200000, 0x0000000089200000| Untracked 
|  97|0x0000000089300000, 0x0000000089300000, 0x0000000089400000|  0%| F|  |TAMS 0x0000000089300000, 0x0000000089300000| Untracked 
|  98|0x0000000089400000, 0x0000000089400000, 0x0000000089500000|  0%| F|  |TAMS 0x0000000089400000, 0x0000000089400000| Untracked 
|  99|0x0000000089500000, 0x0000000089500000, 0x0000000089600000|  0%| F|  |TAMS 0x0000000089500000, 0x0000000089500000| Untracked 
| 100|0x0000000089600000, 0x0000000089600000, 0x0000000089700000|  0%| F|  |TAMS 0x0000000089600000, 0x0000000089600000| Untracked 
| 101|0x0000000089700000, 0x0000000089700000, 0x0000000089800000|  0%| F|  |TAMS 0x0000000089700000, 0x0000000089700000| Untracked 
| 102|0x0000000089800000, 0x0000000089800000, 0x0000000089900000|  0%| F|  |TAMS 0x0000000089800000, 0x0000000089800000| Untracked 
| 103|0x0000000089900000, 0x00000000899ec090, 0x0000000089a00000| 92%| E|  |TAMS 0x0000000089900000, 0x0000000089900000| Complete 
| 104|0x0000000089a00000, 0x0000000089b00000, 0x0000000089b00000|100%| E|CS|TAMS 0x0000000089a00000, 0x0000000089a00000| Complete 
| 105|0x0000000089b00000, 0x0000000089c00000, 0x0000000089c00000|100%| E|CS|TAMS 0x0000000089b00000, 0x0000000089b00000| Complete 
| 106|0x0000000089c00000, 0x0000000089d00000, 0x0000000089d00000|100%| E|CS|TAMS 0x0000000089c00000, 0x0000000089c00000| Complete 
| 107|0x0000000089d00000, 0x0000000089e00000, 0x0000000089e00000|100%| E|CS|TAMS 0x0000000089d00000, 0x0000000089d00000| Complete 
| 108|0x0000000089e00000, 0x0000000089f00000, 0x0000000089f00000|100%| E|  |TAMS 0x0000000089e00000, 0x0000000089e00000| Complete 
| 109|0x0000000089f00000, 0x000000008a000000, 0x000000008a000000|100%| E|CS|TAMS 0x0000000089f00000, 0x0000000089f00000| Complete 
| 110|0x000000008a000000, 0x000000008a100000, 0x000000008a100000|100%| E|CS|TAMS 0x000000008a000000, 0x000000008a000000| Complete 
| 111|0x000000008a100000, 0x000000008a200000, 0x000000008a200000|100%| E|CS|TAMS 0x000000008a100000, 0x000000008a100000| Complete 
| 112|0x000000008a200000, 0x000000008a300000, 0x000000008a300000|100%| E|CS|TAMS 0x000000008a200000, 0x000000008a200000| Complete 
| 113|0x000000008a300000, 0x000000008a400000, 0x000000008a400000|100%| E|CS|TAMS 0x000000008a300000, 0x000000008a300000| Complete 
| 114|0x000000008a400000, 0x000000008a500000, 0x000000008a500000|100%| E|CS|TAMS 0x000000008a400000, 0x000000008a400000| Complete 
| 115|0x000000008a500000, 0x000000008a600000, 0x000000008a600000|100%| E|CS|TAMS 0x000000008a500000, 0x000000008a500000| Complete 
| 116|0x000000008a600000, 0x000000008a700000, 0x000000008a700000|100%| E|CS|TAMS 0x000000008a600000, 0x000000008a600000| Complete 
| 117|0x000000008a700000, 0x000000008a800000, 0x000000008a800000|100%| E|CS|TAMS 0x000000008a700000, 0x000000008a700000| Complete 
| 118|0x000000008a800000, 0x000000008a900000, 0x000000008a900000|100%| E|CS|TAMS 0x000000008a800000, 0x000000008a800000| Complete 
| 119|0x000000008a900000, 0x000000008aa00000, 0x000000008aa00000|100%| E|CS|TAMS 0x000000008a900000, 0x000000008a900000| Complete 
| 120|0x000000008aa00000, 0x000000008ab00000, 0x000000008ab00000|100%| E|CS|TAMS 0x000000008aa00000, 0x000000008aa00000| Complete 
| 121|0x000000008ab00000, 0x000000008ac00000, 0x000000008ac00000|100%| E|CS|TAMS 0x000000008ab00000, 0x000000008ab00000| Complete 
| 122|0x000000008ac00000, 0x000000008ad00000, 0x000000008ad00000|100%| E|CS|TAMS 0x000000008ac00000, 0x000000008ac00000| Complete 
| 123|0x000000008ad00000, 0x000000008ae00000, 0x000000008ae00000|100%| E|CS|TAMS 0x000000008ad00000, 0x000000008ad00000| Complete 
| 124|0x000000008ae00000, 0x000000008af00000, 0x000000008af00000|100%| E|CS|TAMS 0x000000008ae00000, 0x000000008ae00000| Complete 
| 125|0x000000008af00000, 0x000000008b000000, 0x000000008b000000|100%| E|CS|TAMS 0x000000008af00000, 0x000000008af00000| Complete 

Card table byte_map: [0x000001641a9c0000,0x000001641adb0000] _byte_map_base: 0x000001641a5a7000

Marking Bits (Prev, Next): (CMBitMap*) 0x0000016402db4530, (CMBitMap*) 0x0000016402db4570
 Prev Bits: [0x000001641b1a0000, 0x000001641d0d8000)
 Next Bits: [0x000001641d0e0000, 0x000001641f018000)

Polling page: 0x0000016400d10000

Metaspace:

Usage:
  Non-class:      7.24 MB capacity,     4.67 MB ( 64%) used,     2.57 MB ( 35%) free+waste,     3.63 KB ( <1%) overhead. 
      Class:    649.00 KB capacity,   335.13 KB ( 52%) used,   312.99 KB ( 48%) free+waste,   896 bytes ( <1%) overhead. 
       Both:      7.87 MB capacity,     5.00 MB ( 63%) used,     2.87 MB ( 36%) free+waste,     4.50 KB ( <1%) overhead. 

Virtual space:
  Non-class space:        8.00 MB reserved,       7.50 MB ( 94%) committed 
      Class space:        1.00 GB reserved,     768.00 KB ( <1%) committed 
             Both:        1.01 GB reserved,       8.25 MB ( <1%) committed 

Chunk freelists:
   Non-Class:  139.00 KB
       Class:  23.00 KB
        Both:  162.00 KB

MaxMetaspaceSize: 17179869184.00 GB
CompressedClassSpaceSize: 1.00 GB

CodeHeap 'non-profiled nmethods': size=120000Kb used=644Kb max_used=644Kb free=119355Kb
 bounds [0x0000016412d60000, 0x0000016412fd0000, 0x000001641a290000]
CodeHeap 'profiled nmethods': size=120000Kb used=2433Kb max_used=2433Kb free=117566Kb
 bounds [0x000001640b830000, 0x000001640baa0000, 0x0000016412d60000]
CodeHeap 'non-nmethods': size=5760Kb used=1300Kb max_used=1331Kb free=4459Kb
 bounds [0x000001640b290000, 0x000001640b500000, 0x000001640b830000]
 total_blobs=1945 nmethods=1363 adapters=495
 compilation: enabled
              stopped_count=0, restarted_count=0
 full_count=0

Compilation events (20 events):
Event: 21.382 Thread 0x0000016421a61380 1354       4       java.util.HashMap::put (13 bytes)
Event: 21.383 Thread 0x0000016421a61380 nmethod 1354 0x0000016412dfe590 code [0x0000016412dfe720, 0x0000016412dfe848]
Event: 21.714 Thread 0x0000016421a61380 1355       4       java.util.ArrayList::grow (60 bytes)
Event: 21.717 Thread 0x0000016421a61380 nmethod 1355 0x0000016412dfe990 code [0x0000016412dfeb20, 0x0000016412dfeec8]
Event: 22.614 Thread 0x0000016421a61380 1356       4       com.badlogic.gdx.math.Matrix4::setToOrtho (191 bytes)
Event: 22.615 Thread 0x0000016421a61380 nmethod 1356 0x0000016412dff090 code [0x0000016412dff260, 0x0000016412dff3d8]
Event: 22.682 Thread 0x0000016421a61380 1357       4       org.lwjgl.opengl.WindowsDisplayPeerInfo::doLockAndInitHandle (1 bytes)
Event: 22.682 Thread 0x0000016421a61380 nmethod 1357 0x0000016412dff510 code [0x0000016412dff680, 0x0000016412dff6d8]
Event: 22.747 Thread 0x0000016421a61380 1358       4       jdk.internal.math.FloatingDecimal::getBinaryToASCIIConverter (163 bytes)
Event: 22.750 Thread 0x0000016421a61380 nmethod 1358 0x0000016412dff810 code [0x0000016412dff9c0, 0x0000016412dffd08]
Event: 22.764 Thread 0x0000016421a61380 1359       4       org.lwjgl.opengl.Display::wasResized (4 bytes)
Event: 22.764 Thread 0x0000016421a61380 nmethod 1359 0x0000016412e00090 code [0x0000016412e00200, 0x0000016412e00258]
Event: 22.814 Thread 0x0000016421a61380 1360       4       java.lang.AbstractStringBuilder::checkRange (63 bytes)
Event: 22.815 Thread 0x0000016421a61380 nmethod 1360 0x0000016412e00390 code [0x0000016412e00500, 0x0000016412e00598]
Event: 23.032 Thread 0x0000016421a61380 1361       4       org.lwjgl.opengl.GL11::glDisable (19 bytes)
Event: 23.033 Thread 0x0000016421a61380 nmethod 1361 0x0000016412e00690 code [0x0000016412e00820, 0x0000016412e00928]
Event: 23.664 Thread 0x0000016421a61380 1362       4       java.nio.HeapByteBuffer::compact (85 bytes)
Event: 23.667 Thread 0x0000016421a61380 nmethod 1362 0x0000016412e00a90 code [0x0000016412e00c20, 0x0000016412e00e38]
Event: 23.797 Thread 0x0000016421a61380 1363       4       java.nio.ByteBuffer::flip (5 bytes)
Event: 23.798 Thread 0x0000016421a61380 nmethod 1363 0x0000016412e01090 code [0x0000016412e01200, 0x0000016412e01298]

GC Heap History (0 events):
No events

Deoptimization events (20 events):
Event: 1.547 Thread 0x00000164228360a0 DEOPT PACKING pc=0x000001640b9a4cb9 sp=0x00000027fb7ff020
Event: 1.547 Thread 0x00000164228360a0 DEOPT UNPACKING pc=0x000001640b2df6cf sp=0x00000027fb7fe448 mode 0
Event: 1.565 Thread 0x00000164228360a0 DEOPT PACKING pc=0x000001640b9a4cb9 sp=0x00000027fb7ff020
Event: 1.565 Thread 0x00000164228360a0 DEOPT UNPACKING pc=0x000001640b2df6cf sp=0x00000027fb7fe448 mode 0
Event: 1.566 Thread 0x00000164228360a0 DEOPT PACKING pc=0x000001640b9a4cb9 sp=0x00000027fb7ff020
Event: 1.566 Thread 0x00000164228360a0 DEOPT UNPACKING pc=0x000001640b2df6cf sp=0x00000027fb7fe448 mode 0
Event: 1.830 Thread 0x00000164228360a0 DEOPT PACKING pc=0x000001640b9d2582 sp=0x00000027fb7ff1c0
Event: 1.830 Thread 0x00000164228360a0 DEOPT UNPACKING pc=0x000001640b2df6cf sp=0x00000027fb7fe748 mode 0
Event: 1.879 Thread 0x00000164228360a0 DEOPT PACKING pc=0x000001640b9d2582 sp=0x00000027fb7ff1c0
Event: 1.879 Thread 0x00000164228360a0 DEOPT UNPACKING pc=0x000001640b2df6cf sp=0x00000027fb7fe748 mode 0
Event: 1.881 Thread 0x00000164228360a0 DEOPT PACKING pc=0x000001640b9d0520 sp=0x00000027fb7ff1b0
Event: 1.881 Thread 0x00000164228360a0 DEOPT UNPACKING pc=0x000001640b2df6cf sp=0x00000027fb7fe748 mode 0
Event: 1.913 Thread 0x00000164228360a0 DEOPT PACKING pc=0x000001640b9d2582 sp=0x00000027fb7ff1c0
Event: 1.913 Thread 0x00000164228360a0 DEOPT UNPACKING pc=0x000001640b2df6cf sp=0x00000027fb7fe748 mode 0
Event: 1.929 Thread 0x00000164228360a0 DEOPT PACKING pc=0x000001640b9d2582 sp=0x00000027fb7ff1c0
Event: 1.929 Thread 0x00000164228360a0 DEOPT UNPACKING pc=0x000001640b2df6cf sp=0x00000027fb7fe748 mode 0
Event: 1.963 Thread 0x00000164228360a0 DEOPT PACKING pc=0x000001640b9d2582 sp=0x00000027fb7ff1c0
Event: 1.963 Thread 0x00000164228360a0 DEOPT UNPACKING pc=0x000001640b2df6cf sp=0x00000027fb7fe748 mode 0
Event: 1.981 Thread 0x00000164228360a0 DEOPT PACKING pc=0x000001640b9d2582 sp=0x00000027fb7ff1c0
Event: 1.981 Thread 0x00000164228360a0 DEOPT UNPACKING pc=0x000001640b2df6cf sp=0x00000027fb7fe748 mode 0

Classes unloaded (0 events):
No events

Classes redefined (0 events):
No events

Internal exceptions (0 events):
No events

Events (20 events):
Event: 1.783 Loaded shared library C:\Users\spenc\AppData\Local\Temp\libgdxspenc\1cecf4f6\lwjgl64.dll
Event: 1.784 Loaded shared library C:\Users\spenc\AppData\Local\Temp\libgdxspenc\1cecf4f6\lwjgl64.dll
Event: 1.901 Loaded shared library C:\Users\spenc\AppData\Local\Temp\libgdxspenc\1cecf4f6\lwjgl64.dll
Event: 1.947 Thread 0x0000016422f4a610 Thread exited: 0x0000016422f4a610
Event: 1.965 Loaded shared library C:\Users\spenc\AppData\Local\Temp\libgdxspenc\1cecf4f6\lwjgl64.dll
Event: 2.135 Loaded shared library C:\Program Files\Zulu\zulu-15\bin\java.dll
Event: 2.215 Loaded shared library C:\Users\spenc\AppData\Local\Temp\libgdxspenc\1cecf4f6\lwjgl64.dll
Event: 2.383 Loaded shared library C:\Users\spenc\AppData\Local\Temp\libgdxspenc\1cecf4f6\lwjgl64.dll
Event: 2.599 Loaded shared library C:\Users\spenc\AppData\Local\Temp\libgdxspenc\1cecf4f6\lwjgl64.dll
Event: 2.599 Loaded shared library C:\Users\spenc\AppData\Local\Temp\libgdxspenc\1cecf4f6\lwjgl64.dll
Event: 2.698 Loaded shared library C:\Users\spenc\AppData\Local\Temp\libgdxspenc\1cecf4f6\lwjgl64.dll
Event: 2.965 Loaded shared library C:\Users\spenc\AppData\Local\Temp\libgdxspenc\1cecf4f6\lwjgl64.dll
Event: 2.966 Loaded shared library C:\Users\spenc\AppData\Local\Temp\libgdxspenc\1cecf4f6\lwjgl64.dll
Event: 3.014 Loaded shared library C:\Program Files\Zulu\zulu-15\bin\java.dll
Event: 3.548 Loaded shared library C:\Users\spenc\AppData\Local\Temp\libgdxspenc\1cecf4f6\lwjgl64.dll
Event: 3.549 Loaded shared library C:\Users\spenc\AppData\Local\Temp\libgdxspenc\1cecf4f6\lwjgl64.dll
Event: 5.648 Loaded shared library C:\Users\spenc\AppData\Local\Temp\libgdxspenc\1cecf4f6\lwjgl64.dll
Event: 9.916 Loaded shared library C:\Users\spenc\AppData\Local\Temp\libgdxspenc\e1cd32f8\gdx64.dll
Event: 9.931 Loaded shared library C:\Users\spenc\AppData\Local\Temp\libgdxspenc\1cecf4f6\lwjgl64.dll
Event: 9.932 Loaded shared library C:\Users\spenc\AppData\Local\Temp\libgdxspenc\1cecf4f6\lwjgl64.dll


Dynamic libraries:
0x00007ff7095b0000 - 0x00007ff7095bd000 	C:\Program Files\Zulu\zulu-15\bin\java.exe
0x00007ffce0190000 - 0x00007ffce0385000 	C:\Windows\SYSTEM32\ntdll.dll
0x00007ffcde3e0000 - 0x00007ffcde49e000 	C:\Windows\System32\KERNEL32.DLL
0x00007ffcddae0000 - 0x00007ffcddda8000 	C:\Windows\System32\KERNELBASE.dll
0x00007ffcde0d0000 - 0x00007ffcde1d0000 	C:\Windows\System32\ucrtbase.dll
0x00007ffcc63d0000 - 0x00007ffcc63e5000 	C:\Program Files\Zulu\zulu-15\bin\VCRUNTIME140.dll
0x00007ffcb6510000 - 0x00007ffcb6528000 	C:\Program Files\Zulu\zulu-15\bin\jli.dll
0x00007ffcdee30000 - 0x00007ffcdefd1000 	C:\Windows\System32\USER32.dll
0x00007ffcddab0000 - 0x00007ffcddad2000 	C:\Windows\System32\win32u.dll
0x00007ffcde9f0000 - 0x00007ffcdea1b000 	C:\Windows\System32\GDI32.dll
0x00007ffcc6c60000 - 0x00007ffcc6efa000 	C:\Windows\WinSxS\amd64_microsoft.windows.common-controls_6595b64144ccf1df_6.0.19041.1110_none_60b5254171f9507e\COMCTL32.dll
0x00007ffcdd8f0000 - 0x00007ffcdd9fd000 	C:\Windows\System32\gdi32full.dll
0x00007ffce0000000 - 0x00007ffce009e000 	C:\Windows\System32\msvcrt.dll
0x00007ffcde030000 - 0x00007ffcde0cd000 	C:\Windows\System32\msvcp_win.dll
0x00007ffce00a0000 - 0x00007ffce00d0000 	C:\Windows\System32\IMM32.DLL
0x00007ffc7d7a0000 - 0x00007ffc7d83b000 	C:\Program Files\Zulu\zulu-15\bin\msvcp140.dll
0x00007ffc69780000 - 0x00007ffc6a312000 	C:\Program Files\Zulu\zulu-15\bin\server\jvm.dll
0x00007ffcdf710000 - 0x00007ffcdf7bc000 	C:\Windows\System32\ADVAPI32.dll
0x00007ffcde8a0000 - 0x00007ffcde93b000 	C:\Windows\System32\sechost.dll
0x00007ffcde4a0000 - 0x00007ffcde5ca000 	C:\Windows\System32\RPCRT4.dll
0x00007ffcdee00000 - 0x00007ffcdee08000 	C:\Windows\System32\PSAPI.DLL
0x00007ffc6c6c0000 - 0x00007ffc6c6c9000 	C:\Windows\SYSTEM32\WSOCK32.dll
0x00007ffcbb800000 - 0x00007ffcbb827000 	C:\Windows\SYSTEM32\WINMM.dll
0x00007ffccf0e0000 - 0x00007ffccf0ea000 	C:\Windows\SYSTEM32\VERSION.dll
0x00007ffce00d0000 - 0x00007ffce013b000 	C:\Windows\System32\WS2_32.dll
0x00007ffcdc120000 - 0x00007ffcdc132000 	C:\Windows\SYSTEM32\kernel.appcore.dll
0x00007ffccf100000 - 0x00007ffccf10a000 	C:\Program Files\Zulu\zulu-15\bin\jimage.dll
0x00007ffcdb2d0000 - 0x00007ffcdb4b4000 	C:\Windows\SYSTEM32\DBGHELP.DLL
0x00007ffcc3ca0000 - 0x00007ffcc3ccc000 	C:\Windows\SYSTEM32\dbgcore.DLL
0x00007ffcddf70000 - 0x00007ffcddff2000 	C:\Windows\System32\bcryptPrimitives.dll
0x00007ffcb64e0000 - 0x00007ffcb6505000 	C:\Program Files\Zulu\zulu-15\bin\java.dll
0x00007ffcdf820000 - 0x00007ffcdff64000 	C:\Windows\System32\SHELL32.dll
0x00007ffcdb970000 - 0x00007ffcdc104000 	C:\Windows\SYSTEM32\windows.storage.dll
0x00007ffcdea20000 - 0x00007ffcded75000 	C:\Windows\System32\combase.dll
0x00007ffcdd2f0000 - 0x00007ffcdd31e000 	C:\Windows\SYSTEM32\Wldp.dll
0x00007ffcdf460000 - 0x00007ffcdf50d000 	C:\Windows\System32\SHCORE.dll
0x00007ffcdf650000 - 0x00007ffcdf6a5000 	C:\Windows\System32\shlwapi.dll
0x00007ffcdd7e0000 - 0x00007ffcdd7ff000 	C:\Windows\SYSTEM32\profapi.dll
0x00007ffcaeea0000 - 0x00007ffcaeeb9000 	C:\Program Files\Zulu\zulu-15\bin\net.dll
0x00007ffcd4720000 - 0x00007ffcd482c000 	C:\Windows\SYSTEM32\WINHTTP.dll
0x00007ffcdd050000 - 0x00007ffcdd0ba000 	C:\Windows\system32\mswsock.dll
0x00007ffcaee80000 - 0x00007ffcaee92000 	C:\Program Files\Zulu\zulu-15\bin\nio.dll
0x00007ffcaee60000 - 0x00007ffcaee78000 	C:\Program Files\Zulu\zulu-15\bin\zip.dll
0x000000006e700000 - 0x000000006e72a000 	C:\Users\spenc\AppData\Local\Temp\libgdxspenc\e1cd32f8\gdx64.dll
0x00007ffcc6780000 - 0x00007ffcc6790000 	C:\Program Files\Zulu\zulu-15\bin\verify.dll
0x0000000180000000 - 0x0000000180053000 	C:\Users\spenc\AppData\Local\Temp\libgdxspenc\1cecf4f6\lwjgl64.dll
0x00007ffc9f620000 - 0x00007ffc9f745000 	C:\Windows\SYSTEM32\OPENGL32.dll
0x00007ffca0ab0000 - 0x00007ffca0adc000 	C:\Windows\SYSTEM32\GLU32.dll
0x0000016422fb0000 - 0x0000016423014000 	C:\Users\spenc\AppData\Local\Temp\libgdxspenc\1cecf4f6\OpenAL64.dll
0x00007ffcdf520000 - 0x00007ffcdf64a000 	C:\Windows\System32\ole32.dll
0x00007ffcd7210000 - 0x00007ffcd72ae000 	C:\Windows\system32\uxtheme.dll
0x00007ffcde940000 - 0x00007ffcde9e9000 	C:\Windows\System32\clbcatq.dll
0x00007ffc7d1e0000 - 0x00007ffc7d27c000 	C:\Windows\SYSTEM32\dsound.dll
0x00007ffcdce10000 - 0x00007ffcdce5b000 	C:\Windows\SYSTEM32\powrprof.dll
0x00007ffcc3b10000 - 0x00007ffcc3b36000 	C:\Windows\SYSTEM32\winmmbase.dll
0x00007ffcdccd0000 - 0x00007ffcdcce2000 	C:\Windows\SYSTEM32\UMPDC.dll
0x00007ffcd2640000 - 0x00007ffcd26c5000 	C:\Windows\System32\MMDevApi.dll
0x00007ffcdd640000 - 0x00007ffcdd674000 	C:\Windows\System32\DEVOBJ.dll
0x00007ffcdd8a0000 - 0x00007ffcdd8ee000 	C:\Windows\System32\cfgmgr32.dll
0x00007ffcd2740000 - 0x00007ffcd28c1000 	C:\Windows\SYSTEM32\AUDIOSES.DLL
0x00007ffcde5d0000 - 0x00007ffcde69d000 	C:\Windows\System32\OLEAUT32.dll
0x00007ffcdb030000 - 0x00007ffcdb044000 	C:\Windows\SYSTEM32\resourcepolicyclient.dll
0x00007ffcd3c60000 - 0x00007ffcd3d0e000 	C:\Windows\SYSTEM32\mscms.dll
0x00007ffcd3a50000 - 0x00007ffcd3a61000 	C:\Windows\SYSTEM32\ColorAdapterClient.dll
0x00007ffcdd7a0000 - 0x00007ffcdd7ce000 	C:\Windows\SYSTEM32\USERENV.dll
0x00007ffccfd30000 - 0x00007ffccfd74000 	C:\Windows\System32\Windows.Internal.Graphics.Display.DisplayColorManagement.dll
0x00007ffcde6a0000 - 0x00007ffcde7b5000 	C:\Windows\System32\MSCTF.dll
0x00007ffccec60000 - 0x00007ffcced59000 	C:\Windows\SYSTEM32\textinputframework.dll
0x00007ffcd6060000 - 0x00007ffcd63be000 	C:\Windows\System32\CoreUIComponents.dll
0x00007ffcd6740000 - 0x00007ffcd6832000 	C:\Windows\System32\CoreMessaging.dll
0x00007ffcdc5d0000 - 0x00007ffcdc603000 	C:\Windows\SYSTEM32\ntmarta.dll
0x00007ffcd4ba0000 - 0x00007ffcd4cf4000 	C:\Windows\SYSTEM32\wintypes.dll
0x00007ffcd1f90000 - 0x00007ffcd1ff6000 	C:\Windows\system32\Oleacc.dll
0x00007ffcd1460000 - 0x00007ffcd1559000 	C:\Windows\System32\AppXDeploymentClient.dll
0x00007ffc50100000 - 0x00007ffc51106000 	C:\Windows\System32\DriverStore\FileRepository\iigd_dch.inf_amd64_fe923c94e9ba883c\igxelpicd64.dll
0x00007ffcdb000000 - 0x00007ffcdb02f000 	C:\Windows\system32\dwmapi.dll
0x00007ffcdc190000 - 0x00007ffcdc284000 	C:\Windows\system32\dxgi.dll
0x00007ffc76120000 - 0x00007ffc765be000 	C:\Windows\System32\DriverStore\FileRepository\iigd_dch.inf_amd64_fe923c94e9ba883c\igdml64.dll
0x00007ffccb800000 - 0x00007ffccbbc1000 	C:\Windows\System32\DriverStore\FileRepository\iigd_dch.inf_amd64_fe923c94e9ba883c\igdgmm64.dll
0x00007ffc93d20000 - 0x00007ffc93d63000 	C:\Windows\SYSTEM32\icm32.dll
0x00007ffcc8300000 - 0x00007ffccb560000 	C:\Windows\System32\DriverStore\FileRepository\iigd_dch.inf_amd64_fe923c94e9ba883c\igc64.dll
0x0000000066b00000 - 0x0000000066b5b000 	C:\Users\spenc\AppData\Local\Temp\libgdxspenc\a14961b7\gdx-box2d64.dll

dbghelp: loaded successfully - version: 4.0.5 - missing functions: none
symbol engine: initialized successfully - sym options: 0x614 - pdb path: .;C:\Program Files\Zulu\zulu-15\bin;C:\Windows\SYSTEM32;C:\Windows\WinSxS\amd64_microsoft.windows.common-controls_6595b64144ccf1df_6.0.19041.1110_none_60b5254171f9507e;C:\Program Files\Zulu\zulu-15\bin\server;C:\Users\spenc\AppData\Local\Temp\libgdxspenc\e1cd32f8;C:\Users\spenc\AppData\Local\Temp\libgdxspenc\1cecf4f6;C:\Windows\System32\DriverStore\FileRepository\iigd_dch.inf_amd64_fe923c94e9ba883c;C:\Users\spenc\AppData\Local\Temp\libgdxspenc\a14961b7

VM Arguments:
jvm_args: -Dfile.encoding=windows-1252 -Duser.country=CA -Duser.language=en -Duser.variant 
java_command: com.mygdx.game.desktop.DesktopLauncher
java_class_path (initial): C:\Users\spenc\OneDrive\Documents\GitHub\PortalGame\PortalGame\desktop\build\classes\java\main;C:\Users\spenc\OneDrive\Documents\GitHub\PortalGame\PortalGame\desktop\build\resources\main;C:\Users\spenc\.gradle\caches\modules-2\files-2.1\com.badlogicgames.gdx\gdx-tools\1.10.0\d699cf4953fb42a071c7c3feb9b5c45601aa6a4b\gdx-tools-1.10.0.jar;C:\Users\spenc\.gradle\caches\modules-2\files-2.1\com.badlogicgames.gdx\gdx-backend-lwjgl\1.10.0\58ff89d9e4fd8a82591367f187d606e781cacc05\gdx-backend-lwjgl-1.10.0.jar;C:\Users\spenc\.gradle\caches\modules-2\files-2.1\com.badlogicgames.gdx\gdx-platform\1.10.0\9a8fa793d2fd6d360afc6c9e4c1f5583da263b88\gdx-platform-1.10.0-natives-desktop.jar;C:\Users\spenc\.gradle\caches\modules-2\files-2.1\com.badlogicgames.gdx\gdx-box2d-platform\1.10.0\588c4191c5a64ed39365e71484aa37d81c38eb5e\gdx-box2d-platform-1.10.0-natives-desktop.jar;C:\Users\spenc\.gradle\caches\modules-2\files-2.1\com.badlogicgames.gdx\gdx-bullet-platform\1.10.0\ce92e8dfc762523d769cbc50853163c03bf98cf1\gdx-bullet-platform-1.10.0-natives-desktop.jar;C:\Users\spenc\.gradle\caches\modules-2\files-2.1\com.badlogicgames.gdx\gdx-freetype-platform\1.10.0\6e5d28752759e69384f12e4569d2c884ff71352f\gdx-freetype-platform-1.10.0-natives-desktop.jar;C:\Users\spenc\OneDrive\Documents\GitHub\PortalGame\PortalGame\core\build\libs\core-1.0.jar;C:\Users\spenc\.gradle\caches\modules-2\files-2.1\com.badlogicgames.gdx\gdx-backend-headless\1.10.0\990eadbb431197c5b9b816d1659c772e0268e65\gdx-backend-headless-1.10.0.jar;C:\Users\spenc\.gradle\caches\modules-2\files-2.1\com.badlogicgames.gdx\gdx-freetype\1.10.0\de1d0d5c1e92e8d91364256fd6b7bb279d3e9859\gdx-freetype-1.10.0.jar;C:\Users\spenc\.gradle\caches\modules-2\files-2.1\com.badlogicgames.box2dlights\box2dlights\1.5\6902dbcd250c95a27973aa24a147a95b3828d348\box2dlights-1.5.jar;C:\Users\spenc\.gradle\caches\modules-2\files-2.1\com.badlogicgames.gdx\gdx-box2d\1.10.0\b3a3c0f00b90716238835434d0ae8985604c37f8\gdx-box2d-1.10.0.jar;C
Launcher Type: SUN_STANDARD

[Global flags]
     intx CICompilerCount                          = 4                                         {product} {ergonomic}
     uint ConcGCThreads                            = 2                                         {product} {ergonomic}
     uint G1ConcRefinementThreads                  = 8                                         {product} {ergonomic}
   size_t G1HeapRegionSize                         = 1048576                                   {product} {ergonomic}
    uintx GCDrainStackTargetSize                   = 64                                        {product} {ergonomic}
   size_t InitialHeapSize                          = 132120576                                 {product} {ergonomic}
   size_t MarkStackSize                            = 4194304                                   {product} {ergonomic}
   size_t MaxHeapSize                              = 2095054848                                {product} {ergonomic}
   size_t MaxNewSize                               = 1256194048                                {product} {ergonomic}
   size_t MinHeapDeltaBytes                        = 1048576                                   {product} {ergonomic}
   size_t MinHeapSize                              = 8388608                                   {product} {ergonomic}
    uintx NonNMethodCodeHeapSize                   = 5839372                                {pd product} {ergonomic}
    uintx NonProfiledCodeHeapSize                  = 122909434                              {pd product} {ergonomic}
    uintx ProfiledCodeHeapSize                     = 122909434                              {pd product} {ergonomic}
    uintx ReservedCodeCacheSize                    = 251658240                              {pd product} {ergonomic}
     bool SegmentedCodeCache                       = true                                      {product} {ergonomic}
   size_t SoftMaxHeapSize                          = 2095054848                             {manageable} {ergonomic}
     bool UseCompressedClassPointers               = true                                 {lp64_product} {ergonomic}
     bool UseCompressedOops                        = true                                 {lp64_product} {ergonomic}
     bool UseG1GC                                  = true                                      {product} {ergonomic}
     bool UseLargePagesIndividualAllocation        = false                                  {pd product} {ergonomic}

Logging:
Log output configuration:
 #0: stdout all=warning uptime,level,tags
 #1: stderr all=off uptime,level,tags

Environment Variables:
JAVA_HOME=C:\Program Files\Java\jdk1.8.0_311
PATH=C:\Program Files\Zulu\zulu-15\bin\;C:\Program Files (x86)\Common Files\Oracle\Java\javapath;C:\Windows\system32;C:\Windows;C:\Windows\System32\Wbem;C:\Windows\System32\WindowsPowerShell\v1.0\;C:\Windows\System32\OpenSSH\;C:\Program Files\Git\cmd;C:\Users\spenc\AppData\Local\Microsoft\WindowsApps;C:\Users\spenc\AppData\Local\GitHubDesktop\bin;C:\Program Files\JetBrains\IntelliJ IDEA Community Edition 2021.3\bin;
USERNAME=spenc
OS=Windows_NT
PROCESSOR_IDENTIFIER=Intel64 Family 6 Model 140 Stepping 1, GenuineIntel



---------------  S Y S T E M  ---------------

OS:
 Windows 10 , 64 bit Build 19041 (10.0.19041.1348)
OS uptime: 5 days 10:29 hours

CPU: total 8 (initial active 8) (4 cores per cpu, 2 threads per core) family 6 model 140 stepping 1 microcode 0x78, cmov, cx8, fxsr, mmx, sse, sse2, sse3, ssse3, sse4.1, sse4.2, popcnt, vzeroupper, avx, avx2, aes, clmul, erms, 3dnowpref, lzcnt, ht, tsc, tscinvbit, bmi1, bmi2, adx, avx512f, avx512dq, avx512cd, avx512bw, avx512vl, avx512_vpopcntdq, avx512_vpclmulqdq, avx512_vbmi, avx512_vbmi2, avx512_vaes, avx512_vnni, sha, fma, clflush, clflushopt, clwb

Memory: 4k page, system-wide physical 7987M (735M free)
TotalPageFile size 23347M (AvailPageFile size 11000M)
current process WorkingSet (physical memory assigned to process): 191M, peak: 213M
current process commit charge ("private bytes"): 306M, peak: 331M

vm_info: OpenJDK 64-Bit Server VM (15.0.5+3-MTS) for windows-amd64 JRE (15.0.5+3-MTS) (Zulu15.36+13-CA), built on Oct  8 2021 11:07:26 by "zulu_re" with MS VC++ 15.9 (VS2017)

END.
