#
# A fatal error has been detected by the Java Runtime Environment:
#
#  EXCEPTION_ACCESS_VIOLATION (0xc0000005) at pc=0x0000000066b2155b, pid=15536, tid=3816
#
# JRE version: OpenJDK Runtime Environment JBR-11.0.13.7-1751.19-jcef (11.0.13+7) (build 11.0.13+7-b1751.19)
# Java VM: OpenJDK 64-Bit Server VM JBR-11.0.13.7-1751.19-jcef (11.0.13+7-b1751.19, mixed mode, tiered, compressed oops, g1 gc, windows-amd64)
# Problematic frame:
# C  [gdx-box2d64.dll+0x2155b]
#
# No core dump will be written. Minidumps are not enabled by default on client versions of Windows
#
# If you would like to submit a bug report, please visit:
#   https://bugreport.java.com/bugreport/crash.jsp
# The crash happened outside the Java Virtual Machine in native code.
# See problematic frame for where to report the bug.
#

---------------  S U M M A R Y ------------

Command Line: -Dfile.encoding=windows-1252 -Duser.country=CA -Duser.language=en -Duser.variant com.mygdx.game.desktop.DesktopLauncher

Host: Intel(R) Core(TM) i7-10700F CPU @ 2.90GHz, 16 cores, 15G,  Windows 10 , 64 bit Build 19041 (10.0.19041.1348)
Time: Tue Jan 18 11:49:48 2022 Eastern Standard Time elapsed time: 36.023121 seconds (0d 0h 0m 36s)

---------------  T H R E A D  ---------------

Current thread (0x000001ee3cf6c000):  JavaThread "LWJGL Application" [_thread_in_native, id=3816, stack(0x000000cb0d400000,0x000000cb0d500000)]

Stack: [0x000000cb0d400000,0x000000cb0d500000],  sp=0x000000cb0d4feef0,  free space=1019k
Native frames: (J=compiled Java code, j=interpreted, Vv=VM code, C=native code)
C  [gdx-box2d64.dll+0x2155b]

Java frames: (J=compiled Java code, j=interpreted, Vv=VM code)
j  com.badlogic.gdx.physics.box2d.World.jniDestroyBody(JJ)V+0
j  com.badlogic.gdx.physics.box2d.World.destroyBody(Lcom/badlogic/gdx/physics/box2d/Body;)V+42
j  com.mygdx.game.Entity.dispose()V+16
j  com.mygdx.game.MyGdxGame.dispose()V+82
j  com.badlogic.gdx.backends.lwjgl.LwjglApplication.mainLoop()V+924
j  com.badlogic.gdx.backends.lwjgl.LwjglApplication$1.run()V+27
v  ~StubRoutines::call_stub

siginfo: EXCEPTION_ACCESS_VIOLATION (0xc0000005), reading address 0x000001ee3e8fd0c0


Register to memory mapping:

RIP=0x0000000066b2155b gdx-box2d64.dll
RAX=0x000000000000000f is an unknown value
RBX=0x000001ee3e8cc0d0 points into unknown readable memory: 0x000001ee42020080 | 80 00 02 42 ee 01 00 00
RCX=0x000001ee3e8cc0d0 points into unknown readable memory: 0x000001ee42020080 | 80 00 02 42 ee 01 00 00
RDX=0x000001ee3e8fd040 is an unknown value
RSP=0x000000cb0d4feef0 is pointing into the stack for thread: 0x000001ee3cf6c000
RBP=0x000000cb0d4ff058 is pointing into the stack for thread: 0x000001ee3cf6c000
RSI=0x000001ee3e8cc0d0 points into unknown readable memory: 0x000001ee42020080 | 80 00 02 42 ee 01 00 00
RDI=0x000001ee3e8fd040 is an unknown value
R8 =0x000001ee3e8cc0d0 points into unknown readable memory: 0x000001ee42020080 | 80 00 02 42 ee 01 00 00
R9 =0x000001ee3e8fd040 is an unknown value
R10=0x000001ee2036f748 is at code_begin+1000 in an Interpreter codelet
method entry point (kind = native)  [0x000001ee2036f360, 0x000001ee2036fe00]  2720 bytes
R11=0x0000000000000102 is an unknown value
R12=0x0 is NULL
R13={method} {0x000001ee45775948} 'jniDestroyBody' '(JJ)V' in 'com/badlogic/gdx/physics/box2d/World'
R14=0x000000cb0d4ff098 is pointing into the stack for thread: 0x000001ee3cf6c000
R15=0x000001ee3cf6c000 is a thread


Registers:
RAX=0x000000000000000f, RBX=0x000001ee3e8cc0d0, RCX=0x000001ee3e8cc0d0, RDX=0x000001ee3e8fd040
RSP=0x000000cb0d4feef0, RBP=0x000000cb0d4ff058, RSI=0x000001ee3e8cc0d0, RDI=0x000001ee3e8fd040
R8 =0x000001ee3e8cc0d0, R9 =0x000001ee3e8fd040, R10=0x000001ee2036f748, R11=0x0000000000000102
R12=0x0000000000000000, R13=0x000001ee45775940, R14=0x000000cb0d4ff098, R15=0x000001ee3cf6c000
RIP=0x0000000066b2155b, EFLAGS=0x0000000000010246

Top of Stack: (sp=0x000000cb0d4feef0)
0x000000cb0d4feef0:   00000008000c9900 000001ee45807858
0x000000cb0d4fef00:   00000000000000b6 000001ee3ccae800
0x000000cb0d4fef10:   000001ee3e8cc0d0 000001ee3e8fd040
0x000000cb0d4fef20:   0000000000191df8 000000cb0d4ff058
0x000000cb0d4fef30:   0000000000000000 0000000066b26a9d
0x000000cb0d4fef40:   000000013cf60000 00007ffcf5c57963
0x000000cb0d4fef50:   0000000000001000 00007ffcf5acd240
0x000000cb0d4fef60:   0000000066b487e0 000001ee3cf6c348
0x000000cb0d4fef70:   000000cb0d4ff098 000001ee3ccae800
0x000000cb0d4fef80:   0000000066b48840 000001ee3cf6c348
0x000000cb0d4fef90:   000000cb0d4ff098 000001ee3cf6c000
0x000000cb0d4fefa0:   000000cb0d4ff110 000001ee45775940
0x000000cb0d4fefb0:   0000000000000000 000001ee2036f777
0x000000cb0d4fefc0:   000000cb0d4ff168 000000cb0d4ff110
0x000000cb0d4fefd0:   000001ee45807858 000001ee3cf6c000
0x000000cb0d4fefe0:   00000008000bd8a8 00000008000bd8a8 

Instructions: (pc=0x0000000066b2155b)
0x0000000066b2145b:   30 75 f2 48 8b 50 08 48 8b 40 18 83 4a 08 08 48
0x0000000066b2146b:   85 c0 75 ea 48 83 c4 20 5b 5e 5f 5d 41 5c c3 66
0x0000000066b2147b:   0f 1f 44 00 00 83 c8 02 c7 85 ac 00 00 00 00 00
0x0000000066b2148b:   00 00 66 89 45 04 e9 04 ff ff ff 66 2e 0f 1f 84
0x0000000066b2149b:   00 00 00 00 00 48 8d 15 49 34 02 00 48 8d 0d a0
0x0000000066b214ab:   34 02 00 41 b8 12 01 00 00 e8 17 51 01 00 f6 87
0x0000000066b214bb:   98 92 01 00 02 0f 84 77 fe ff ff 48 83 c4 20 5b
0x0000000066b214cb:   5e 5f 5d 41 5c c3 48 89 97 28 93 01 00 e9 90 fe
0x0000000066b214db:   ff ff 0f 1f 00 48 89 96 80 00 00 00 e9 dd fe ff
0x0000000066b214eb:   ff 0f 1f 40 00 48 89 95 80 00 00 00 e9 0c ff ff
0x0000000066b214fb:   ff 0f 1f 40 00 48 8d 15 e9 33 02 00 48 8d 0d 54
0x0000000066b2150b:   34 02 00 41 b8 5a 01 00 00 e8 b7 50 01 00 8b 87
0x0000000066b2151b:   34 93 01 00 e9 0d ff ff ff 66 90 66 2e 0f 1f 84
0x0000000066b2152b:   00 00 00 00 00 41 54 55 57 56 53 48 83 ec 20 8b
0x0000000066b2153b:   81 30 93 01 00 48 89 ce 48 89 d7 85 c0 0f 8e 93
0x0000000066b2154b:   01 00 00 f6 86 98 92 01 00 02 0f 85 55 01 00 00
0x0000000066b2155b:   48 8b 9f 80 00 00 00 48 85 db 74 3e 66 0f 1f 84
0x0000000066b2156b:   00 00 00 00 00 48 8b 8e 48 93 01 00 48 8b 6b 18
0x0000000066b2157b:   48 85 c9 74 0a 48 8b 01 48 8b 53 08 ff 50 10 48
0x0000000066b2158b:   8b 53 08 48 89 f1 48 89 eb e8 87 fd ff ff 48 85
0x0000000066b2159b:   ed 48 89 af 80 00 00 00 75 cb 48 8b 87 88 00 00
0x0000000066b215ab:   00 48 c7 87 80 00 00 00 00 00 00 00 48 8d ae a0
0x0000000066b215bb:   92 01 00 48 85 c0 74 18 48 8b 58 18 48 8b 50 08
0x0000000066b215cb:   48 89 e9 e8 0d dd ff ff 48 85 db 48 89 d8 75 e8
0x0000000066b215db:   48 8b 5f 70 48 c7 87 88 00 00 00 00 00 00 00 4c
0x0000000066b215eb:   8d a6 a0 92 01 00 48 85 db 74 5a 66 2e 0f 1f 84
0x0000000066b215fb:   00 00 00 00 00 48 8b 8e 48 93 01 00 48 8b 6b 08
0x0000000066b2160b:   48 85 c9 74 09 48 8b 01 48 89 da ff 50 18 48 89
0x0000000066b2161b:   d9 4c 89 e2 e8 7c e4 ff ff 48 89 d9 48 89 f2 e8
0x0000000066b2162b:   61 e2 ff ff 48 89 da 41 b8 48 00 00 00 48 89 f1
0x0000000066b2163b:   e8 60 a7 fe ff 83 6f 78 01 48 85 ed 48 89 6f 70
0x0000000066b2164b:   48 89 eb 75 b0 48 8b 47 60 48 c7 47 70 00 00 00 


Stack slot to memory mapping:
stack at sp + 0 slots: 0x00000008000c9900 is a pointer to class: 
com.mygdx.game.Entity {0x00000008000c9908}
stack at sp + 1 slots: 0x000001ee45807858 is pointing into metadata
stack at sp + 2 slots: 0x00000000000000b6 is an unknown value
stack at sp + 3 slots: 0x000001ee3ccae800 points into unknown readable memory: 0x0000000000000000 | 00 00 00 00 00 00 00 00
stack at sp + 4 slots: 0x000001ee3e8cc0d0 points into unknown readable memory: 0x000001ee42020080 | 80 00 02 42 ee 01 00 00
stack at sp + 5 slots: 0x000001ee3e8fd040 is an unknown value
stack at sp + 6 slots: 0x0000000000191df8 is an unknown value
stack at sp + 7 slots: 0x000000cb0d4ff058 is pointing into the stack for thread: 0x000001ee3cf6c000


---------------  P R O C E S S  ---------------

Threads class SMR info:
_java_thread_list=0x000001ee3f529aa0, length=12, elements={
0x000001ee3c357800, 0x000001ee3c365800, 0x000001ee3cc6b800, 0x000001ee3cc6d800,
0x000001ee3cc6f000, 0x000001ee3cc72000, 0x000001ee3cc80800, 0x000001ee3cc92000,
0x000001ee3ce19000, 0x000001ee3cf6c000, 0x000001ee1c711800, 0x000001ee3f3ad000
}

Java Threads: ( => current thread )
  0x000001ee3c357800 JavaThread "Reference Handler" daemon [_thread_blocked, id=24120, stack(0x000000cb0c700000,0x000000cb0c800000)]
  0x000001ee3c365800 JavaThread "Finalizer" daemon [_thread_blocked, id=17864, stack(0x000000cb0c800000,0x000000cb0c900000)]
  0x000001ee3cc6b800 JavaThread "Signal Dispatcher" daemon [_thread_blocked, id=7256, stack(0x000000cb0c900000,0x000000cb0ca00000)]
  0x000001ee3cc6d800 JavaThread "Attach Listener" daemon [_thread_blocked, id=9964, stack(0x000000cb0ca00000,0x000000cb0cb00000)]
  0x000001ee3cc6f000 JavaThread "Service Thread" daemon [_thread_blocked, id=17764, stack(0x000000cb0cb00000,0x000000cb0cc00000)]
  0x000001ee3cc72000 JavaThread "C2 CompilerThread0" daemon [_thread_blocked, id=10976, stack(0x000000cb0cc00000,0x000000cb0cd00000)]
  0x000001ee3cc80800 JavaThread "C1 CompilerThread0" daemon [_thread_blocked, id=25032, stack(0x000000cb0cd00000,0x000000cb0ce00000)]
  0x000001ee3cc92000 JavaThread "Sweeper thread" daemon [_thread_blocked, id=6384, stack(0x000000cb0ce00000,0x000000cb0cf00000)]
  0x000001ee3ce19000 JavaThread "Common-Cleaner" daemon [_thread_blocked, id=21808, stack(0x000000cb0d000000,0x000000cb0d100000)]
=>0x000001ee3cf6c000 JavaThread "LWJGL Application" [_thread_in_native, id=3816, stack(0x000000cb0d400000,0x000000cb0d500000)]
  0x000001ee1c711800 JavaThread "DestroyJavaVM" [_thread_blocked, id=14624, stack(0x000000cb0c000000,0x000000cb0c100000)]
  0x000001ee3f3ad000 JavaThread "LWJGL Timer" daemon [_thread_blocked, id=16556, stack(0x000000cb0e100000,0x000000cb0e200000)]

Other Threads:
  0x000001ee3cc1a800 VMThread "VM Thread" [stack: 0x000000cb0c600000,0x000000cb0c700000] [id=28492]
  0x000001ee3ce17800 WatcherThread [stack: 0x000000cb0cf00000,0x000000cb0d000000] [id=16780]
  0x000001ee1c729000 GCTaskThread "GC Thread#0" [stack: 0x000000cb0c100000,0x000000cb0c200000] [id=15856]
  0x000001ee1c78b000 ConcurrentGCThread "G1 Main Marker" [stack: 0x000000cb0c200000,0x000000cb0c300000] [id=3236]
  0x000001ee1c78d800 ConcurrentGCThread "G1 Conc#0" [stack: 0x000000cb0c300000,0x000000cb0c400000] [id=26956]
  0x000001ee3c23d800 ConcurrentGCThread "G1 Refine#0" [stack: 0x000000cb0c400000,0x000000cb0c500000] [id=18692]
  0x000001ee3c23e800 ConcurrentGCThread "G1 Young RemSet Sampling" [stack: 0x000000cb0c500000,0x000000cb0c600000] [id=27428]

Threads with active compile tasks:

VM state:not at safepoint (normal execution)

VM Mutex/Monitor currently owned by a thread: None

Heap address: 0x0000000703800000, size: 4040 MB, Compressed Oops mode: Zero based, Oop shift amount: 3
Narrow klass base: 0x0000000800000000, Narrow klass shift: 0
Compressed class space size: 1073741824 Address: 0x0000000800000000

Heap:
 garbage-first heap   total 260096K, used 20480K [0x0000000703800000, 0x0000000800000000)
  region size 1024K, 22 young (22528K), 0 survivors (0K)
 Metaspace       used 10802K, capacity 10919K, committed 11136K, reserved 1058816K
  class space    used 820K, capacity 855K, committed 896K, reserved 1048576K
Heap Regions: E=young(eden), S=young(survivor), O=old, HS=humongous(starts), HC=humongous(continues), CS=collection set, F=free, A=archive, TAMS=top-at-mark-start (previous, next)
|   0|0x0000000703800000, 0x0000000703800000, 0x0000000703900000|  0%| F|  |TAMS 0x0000000703800000, 0x0000000703800000| Untracked 
|   1|0x0000000703900000, 0x0000000703900000, 0x0000000703a00000|  0%| F|  |TAMS 0x0000000703900000, 0x0000000703900000| Untracked 
|   2|0x0000000703a00000, 0x0000000703a00000, 0x0000000703b00000|  0%| F|  |TAMS 0x0000000703a00000, 0x0000000703a00000| Untracked 
|   3|0x0000000703b00000, 0x0000000703b00000, 0x0000000703c00000|  0%| F|  |TAMS 0x0000000703b00000, 0x0000000703b00000| Untracked 
|   4|0x0000000703c00000, 0x0000000703c00000, 0x0000000703d00000|  0%| F|  |TAMS 0x0000000703c00000, 0x0000000703c00000| Untracked 
|   5|0x0000000703d00000, 0x0000000703d00000, 0x0000000703e00000|  0%| F|  |TAMS 0x0000000703d00000, 0x0000000703d00000| Untracked 
|   6|0x0000000703e00000, 0x0000000703e00000, 0x0000000703f00000|  0%| F|  |TAMS 0x0000000703e00000, 0x0000000703e00000| Untracked 
|   7|0x0000000703f00000, 0x0000000703f00000, 0x0000000704000000|  0%| F|  |TAMS 0x0000000703f00000, 0x0000000703f00000| Untracked 
|   8|0x0000000704000000, 0x0000000704000000, 0x0000000704100000|  0%| F|  |TAMS 0x0000000704000000, 0x0000000704000000| Untracked 
|   9|0x0000000704100000, 0x0000000704100000, 0x0000000704200000|  0%| F|  |TAMS 0x0000000704100000, 0x0000000704100000| Untracked 
|  10|0x0000000704200000, 0x0000000704200000, 0x0000000704300000|  0%| F|  |TAMS 0x0000000704200000, 0x0000000704200000| Untracked 
|  11|0x0000000704300000, 0x0000000704300000, 0x0000000704400000|  0%| F|  |TAMS 0x0000000704300000, 0x0000000704300000| Untracked 
|  12|0x0000000704400000, 0x0000000704400000, 0x0000000704500000|  0%| F|  |TAMS 0x0000000704400000, 0x0000000704400000| Untracked 
|  13|0x0000000704500000, 0x0000000704500000, 0x0000000704600000|  0%| F|  |TAMS 0x0000000704500000, 0x0000000704500000| Untracked 
|  14|0x0000000704600000, 0x0000000704600000, 0x0000000704700000|  0%| F|  |TAMS 0x0000000704600000, 0x0000000704600000| Untracked 
|  15|0x0000000704700000, 0x0000000704700000, 0x0000000704800000|  0%| F|  |TAMS 0x0000000704700000, 0x0000000704700000| Untracked 
|  16|0x0000000704800000, 0x0000000704800000, 0x0000000704900000|  0%| F|  |TAMS 0x0000000704800000, 0x0000000704800000| Untracked 
|  17|0x0000000704900000, 0x0000000704900000, 0x0000000704a00000|  0%| F|  |TAMS 0x0000000704900000, 0x0000000704900000| Untracked 
|  18|0x0000000704a00000, 0x0000000704a00000, 0x0000000704b00000|  0%| F|  |TAMS 0x0000000704a00000, 0x0000000704a00000| Untracked 
|  19|0x0000000704b00000, 0x0000000704b00000, 0x0000000704c00000|  0%| F|  |TAMS 0x0000000704b00000, 0x0000000704b00000| Untracked 
|  20|0x0000000704c00000, 0x0000000704c00000, 0x0000000704d00000|  0%| F|  |TAMS 0x0000000704c00000, 0x0000000704c00000| Untracked 
|  21|0x0000000704d00000, 0x0000000704d00000, 0x0000000704e00000|  0%| F|  |TAMS 0x0000000704d00000, 0x0000000704d00000| Untracked 
|  22|0x0000000704e00000, 0x0000000704e00000, 0x0000000704f00000|  0%| F|  |TAMS 0x0000000704e00000, 0x0000000704e00000| Untracked 
|  23|0x0000000704f00000, 0x0000000704f00000, 0x0000000705000000|  0%| F|  |TAMS 0x0000000704f00000, 0x0000000704f00000| Untracked 
|  24|0x0000000705000000, 0x0000000705000000, 0x0000000705100000|  0%| F|  |TAMS 0x0000000705000000, 0x0000000705000000| Untracked 
|  25|0x0000000705100000, 0x0000000705100000, 0x0000000705200000|  0%| F|  |TAMS 0x0000000705100000, 0x0000000705100000| Untracked 
|  26|0x0000000705200000, 0x0000000705200000, 0x0000000705300000|  0%| F|  |TAMS 0x0000000705200000, 0x0000000705200000| Untracked 
|  27|0x0000000705300000, 0x0000000705300000, 0x0000000705400000|  0%| F|  |TAMS 0x0000000705300000, 0x0000000705300000| Untracked 
|  28|0x0000000705400000, 0x0000000705400000, 0x0000000705500000|  0%| F|  |TAMS 0x0000000705400000, 0x0000000705400000| Untracked 
|  29|0x0000000705500000, 0x0000000705500000, 0x0000000705600000|  0%| F|  |TAMS 0x0000000705500000, 0x0000000705500000| Untracked 
|  30|0x0000000705600000, 0x0000000705600000, 0x0000000705700000|  0%| F|  |TAMS 0x0000000705600000, 0x0000000705600000| Untracked 
|  31|0x0000000705700000, 0x0000000705700000, 0x0000000705800000|  0%| F|  |TAMS 0x0000000705700000, 0x0000000705700000| Untracked 
|  32|0x0000000705800000, 0x0000000705800000, 0x0000000705900000|  0%| F|  |TAMS 0x0000000705800000, 0x0000000705800000| Untracked 
|  33|0x0000000705900000, 0x0000000705900000, 0x0000000705a00000|  0%| F|  |TAMS 0x0000000705900000, 0x0000000705900000| Untracked 
|  34|0x0000000705a00000, 0x0000000705a00000, 0x0000000705b00000|  0%| F|  |TAMS 0x0000000705a00000, 0x0000000705a00000| Untracked 
|  35|0x0000000705b00000, 0x0000000705b00000, 0x0000000705c00000|  0%| F|  |TAMS 0x0000000705b00000, 0x0000000705b00000| Untracked 
|  36|0x0000000705c00000, 0x0000000705c00000, 0x0000000705d00000|  0%| F|  |TAMS 0x0000000705c00000, 0x0000000705c00000| Untracked 
|  37|0x0000000705d00000, 0x0000000705d00000, 0x0000000705e00000|  0%| F|  |TAMS 0x0000000705d00000, 0x0000000705d00000| Untracked 
|  38|0x0000000705e00000, 0x0000000705e00000, 0x0000000705f00000|  0%| F|  |TAMS 0x0000000705e00000, 0x0000000705e00000| Untracked 
|  39|0x0000000705f00000, 0x0000000705f00000, 0x0000000706000000|  0%| F|  |TAMS 0x0000000705f00000, 0x0000000705f00000| Untracked 
|  40|0x0000000706000000, 0x0000000706000000, 0x0000000706100000|  0%| F|  |TAMS 0x0000000706000000, 0x0000000706000000| Untracked 
|  41|0x0000000706100000, 0x0000000706100000, 0x0000000706200000|  0%| F|  |TAMS 0x0000000706100000, 0x0000000706100000| Untracked 
|  42|0x0000000706200000, 0x0000000706200000, 0x0000000706300000|  0%| F|  |TAMS 0x0000000706200000, 0x0000000706200000| Untracked 
|  43|0x0000000706300000, 0x0000000706300000, 0x0000000706400000|  0%| F|  |TAMS 0x0000000706300000, 0x0000000706300000| Untracked 
|  44|0x0000000706400000, 0x0000000706400000, 0x0000000706500000|  0%| F|  |TAMS 0x0000000706400000, 0x0000000706400000| Untracked 
|  45|0x0000000706500000, 0x0000000706500000, 0x0000000706600000|  0%| F|  |TAMS 0x0000000706500000, 0x0000000706500000| Untracked 
|  46|0x0000000706600000, 0x0000000706600000, 0x0000000706700000|  0%| F|  |TAMS 0x0000000706600000, 0x0000000706600000| Untracked 
|  47|0x0000000706700000, 0x0000000706700000, 0x0000000706800000|  0%| F|  |TAMS 0x0000000706700000, 0x0000000706700000| Untracked 
|  48|0x0000000706800000, 0x0000000706800000, 0x0000000706900000|  0%| F|  |TAMS 0x0000000706800000, 0x0000000706800000| Untracked 
|  49|0x0000000706900000, 0x0000000706900000, 0x0000000706a00000|  0%| F|  |TAMS 0x0000000706900000, 0x0000000706900000| Untracked 
|  50|0x0000000706a00000, 0x0000000706a00000, 0x0000000706b00000|  0%| F|  |TAMS 0x0000000706a00000, 0x0000000706a00000| Untracked 
|  51|0x0000000706b00000, 0x0000000706b00000, 0x0000000706c00000|  0%| F|  |TAMS 0x0000000706b00000, 0x0000000706b00000| Untracked 
|  52|0x0000000706c00000, 0x0000000706c00000, 0x0000000706d00000|  0%| F|  |TAMS 0x0000000706c00000, 0x0000000706c00000| Untracked 
|  53|0x0000000706d00000, 0x0000000706d00000, 0x0000000706e00000|  0%| F|  |TAMS 0x0000000706d00000, 0x0000000706d00000| Untracked 
|  54|0x0000000706e00000, 0x0000000706e00000, 0x0000000706f00000|  0%| F|  |TAMS 0x0000000706e00000, 0x0000000706e00000| Untracked 
|  55|0x0000000706f00000, 0x0000000706f00000, 0x0000000707000000|  0%| F|  |TAMS 0x0000000706f00000, 0x0000000706f00000| Untracked 
|  56|0x0000000707000000, 0x0000000707000000, 0x0000000707100000|  0%| F|  |TAMS 0x0000000707000000, 0x0000000707000000| Untracked 
|  57|0x0000000707100000, 0x0000000707100000, 0x0000000707200000|  0%| F|  |TAMS 0x0000000707100000, 0x0000000707100000| Untracked 
|  58|0x0000000707200000, 0x0000000707200000, 0x0000000707300000|  0%| F|  |TAMS 0x0000000707200000, 0x0000000707200000| Untracked 
|  59|0x0000000707300000, 0x0000000707300000, 0x0000000707400000|  0%| F|  |TAMS 0x0000000707300000, 0x0000000707300000| Untracked 
|  60|0x0000000707400000, 0x0000000707400000, 0x0000000707500000|  0%| F|  |TAMS 0x0000000707400000, 0x0000000707400000| Untracked 
|  61|0x0000000707500000, 0x0000000707500000, 0x0000000707600000|  0%| F|  |TAMS 0x0000000707500000, 0x0000000707500000| Untracked 
|  62|0x0000000707600000, 0x0000000707600000, 0x0000000707700000|  0%| F|  |TAMS 0x0000000707600000, 0x0000000707600000| Untracked 
|  63|0x0000000707700000, 0x0000000707700000, 0x0000000707800000|  0%| F|  |TAMS 0x0000000707700000, 0x0000000707700000| Untracked 
|  64|0x0000000707800000, 0x0000000707800000, 0x0000000707900000|  0%| F|  |TAMS 0x0000000707800000, 0x0000000707800000| Untracked 
|  65|0x0000000707900000, 0x0000000707900000, 0x0000000707a00000|  0%| F|  |TAMS 0x0000000707900000, 0x0000000707900000| Untracked 
|  66|0x0000000707a00000, 0x0000000707a00000, 0x0000000707b00000|  0%| F|  |TAMS 0x0000000707a00000, 0x0000000707a00000| Untracked 
|  67|0x0000000707b00000, 0x0000000707b00000, 0x0000000707c00000|  0%| F|  |TAMS 0x0000000707b00000, 0x0000000707b00000| Untracked 
|  68|0x0000000707c00000, 0x0000000707c00000, 0x0000000707d00000|  0%| F|  |TAMS 0x0000000707c00000, 0x0000000707c00000| Untracked 
|  69|0x0000000707d00000, 0x0000000707d00000, 0x0000000707e00000|  0%| F|  |TAMS 0x0000000707d00000, 0x0000000707d00000| Untracked 
|  70|0x0000000707e00000, 0x0000000707e00000, 0x0000000707f00000|  0%| F|  |TAMS 0x0000000707e00000, 0x0000000707e00000| Untracked 
|  71|0x0000000707f00000, 0x0000000707f00000, 0x0000000708000000|  0%| F|  |TAMS 0x0000000707f00000, 0x0000000707f00000| Untracked 
|  72|0x0000000708000000, 0x0000000708000000, 0x0000000708100000|  0%| F|  |TAMS 0x0000000708000000, 0x0000000708000000| Untracked 
|  73|0x0000000708100000, 0x0000000708100000, 0x0000000708200000|  0%| F|  |TAMS 0x0000000708100000, 0x0000000708100000| Untracked 
|  74|0x0000000708200000, 0x0000000708200000, 0x0000000708300000|  0%| F|  |TAMS 0x0000000708200000, 0x0000000708200000| Untracked 
|  75|0x0000000708300000, 0x0000000708300000, 0x0000000708400000|  0%| F|  |TAMS 0x0000000708300000, 0x0000000708300000| Untracked 
|  76|0x0000000708400000, 0x0000000708400000, 0x0000000708500000|  0%| F|  |TAMS 0x0000000708400000, 0x0000000708400000| Untracked 
|  77|0x0000000708500000, 0x0000000708500000, 0x0000000708600000|  0%| F|  |TAMS 0x0000000708500000, 0x0000000708500000| Untracked 
|  78|0x0000000708600000, 0x0000000708600000, 0x0000000708700000|  0%| F|  |TAMS 0x0000000708600000, 0x0000000708600000| Untracked 
|  79|0x0000000708700000, 0x0000000708700000, 0x0000000708800000|  0%| F|  |TAMS 0x0000000708700000, 0x0000000708700000| Untracked 
|  80|0x0000000708800000, 0x0000000708800000, 0x0000000708900000|  0%| F|  |TAMS 0x0000000708800000, 0x0000000708800000| Untracked 
|  81|0x0000000708900000, 0x0000000708900000, 0x0000000708a00000|  0%| F|  |TAMS 0x0000000708900000, 0x0000000708900000| Untracked 
|  82|0x0000000708a00000, 0x0000000708a00000, 0x0000000708b00000|  0%| F|  |TAMS 0x0000000708a00000, 0x0000000708a00000| Untracked 
|  83|0x0000000708b00000, 0x0000000708b00000, 0x0000000708c00000|  0%| F|  |TAMS 0x0000000708b00000, 0x0000000708b00000| Untracked 
|  84|0x0000000708c00000, 0x0000000708c00000, 0x0000000708d00000|  0%| F|  |TAMS 0x0000000708c00000, 0x0000000708c00000| Untracked 
|  85|0x0000000708d00000, 0x0000000708d00000, 0x0000000708e00000|  0%| F|  |TAMS 0x0000000708d00000, 0x0000000708d00000| Untracked 
|  86|0x0000000708e00000, 0x0000000708e00000, 0x0000000708f00000|  0%| F|  |TAMS 0x0000000708e00000, 0x0000000708e00000| Untracked 
|  87|0x0000000708f00000, 0x0000000708f00000, 0x0000000709000000|  0%| F|  |TAMS 0x0000000708f00000, 0x0000000708f00000| Untracked 
|  88|0x0000000709000000, 0x0000000709000000, 0x0000000709100000|  0%| F|  |TAMS 0x0000000709000000, 0x0000000709000000| Untracked 
|  89|0x0000000709100000, 0x0000000709100000, 0x0000000709200000|  0%| F|  |TAMS 0x0000000709100000, 0x0000000709100000| Untracked 
|  90|0x0000000709200000, 0x0000000709200000, 0x0000000709300000|  0%| F|  |TAMS 0x0000000709200000, 0x0000000709200000| Untracked 
|  91|0x0000000709300000, 0x0000000709300000, 0x0000000709400000|  0%| F|  |TAMS 0x0000000709300000, 0x0000000709300000| Untracked 
|  92|0x0000000709400000, 0x0000000709400000, 0x0000000709500000|  0%| F|  |TAMS 0x0000000709400000, 0x0000000709400000| Untracked 
|  93|0x0000000709500000, 0x0000000709500000, 0x0000000709600000|  0%| F|  |TAMS 0x0000000709500000, 0x0000000709500000| Untracked 
|  94|0x0000000709600000, 0x0000000709600000, 0x0000000709700000|  0%| F|  |TAMS 0x0000000709600000, 0x0000000709600000| Untracked 
|  95|0x0000000709700000, 0x0000000709700000, 0x0000000709800000|  0%| F|  |TAMS 0x0000000709700000, 0x0000000709700000| Untracked 
|  96|0x0000000709800000, 0x0000000709800000, 0x0000000709900000|  0%| F|  |TAMS 0x0000000709800000, 0x0000000709800000| Untracked 
|  97|0x0000000709900000, 0x0000000709900000, 0x0000000709a00000|  0%| F|  |TAMS 0x0000000709900000, 0x0000000709900000| Untracked 
|  98|0x0000000709a00000, 0x0000000709a00000, 0x0000000709b00000|  0%| F|  |TAMS 0x0000000709a00000, 0x0000000709a00000| Untracked 
|  99|0x0000000709b00000, 0x0000000709b00000, 0x0000000709c00000|  0%| F|  |TAMS 0x0000000709b00000, 0x0000000709b00000| Untracked 
| 100|0x0000000709c00000, 0x0000000709c00000, 0x0000000709d00000|  0%| F|  |TAMS 0x0000000709c00000, 0x0000000709c00000| Untracked 
| 101|0x0000000709d00000, 0x0000000709d00000, 0x0000000709e00000|  0%| F|  |TAMS 0x0000000709d00000, 0x0000000709d00000| Untracked 
| 102|0x0000000709e00000, 0x0000000709e00000, 0x0000000709f00000|  0%| F|  |TAMS 0x0000000709e00000, 0x0000000709e00000| Untracked 
| 103|0x0000000709f00000, 0x0000000709f00000, 0x000000070a000000|  0%| F|  |TAMS 0x0000000709f00000, 0x0000000709f00000| Untracked 
| 104|0x000000070a000000, 0x000000070a000000, 0x000000070a100000|  0%| F|  |TAMS 0x000000070a000000, 0x000000070a000000| Untracked 
| 105|0x000000070a100000, 0x000000070a100000, 0x000000070a200000|  0%| F|  |TAMS 0x000000070a100000, 0x000000070a100000| Untracked 
| 106|0x000000070a200000, 0x000000070a200000, 0x000000070a300000|  0%| F|  |TAMS 0x000000070a200000, 0x000000070a200000| Untracked 
| 107|0x000000070a300000, 0x000000070a300000, 0x000000070a400000|  0%| F|  |TAMS 0x000000070a300000, 0x000000070a300000| Untracked 
| 108|0x000000070a400000, 0x000000070a400000, 0x000000070a500000|  0%| F|  |TAMS 0x000000070a400000, 0x000000070a400000| Untracked 
| 109|0x000000070a500000, 0x000000070a500000, 0x000000070a600000|  0%| F|  |TAMS 0x000000070a500000, 0x000000070a500000| Untracked 
| 110|0x000000070a600000, 0x000000070a600000, 0x000000070a700000|  0%| F|  |TAMS 0x000000070a600000, 0x000000070a600000| Untracked 
| 111|0x000000070a700000, 0x000000070a700000, 0x000000070a800000|  0%| F|  |TAMS 0x000000070a700000, 0x000000070a700000| Untracked 
| 112|0x000000070a800000, 0x000000070a800000, 0x000000070a900000|  0%| F|  |TAMS 0x000000070a800000, 0x000000070a800000| Untracked 
| 113|0x000000070a900000, 0x000000070a900000, 0x000000070aa00000|  0%| F|  |TAMS 0x000000070a900000, 0x000000070a900000| Untracked 
| 114|0x000000070aa00000, 0x000000070aa00000, 0x000000070ab00000|  0%| F|  |TAMS 0x000000070aa00000, 0x000000070aa00000| Untracked 
| 115|0x000000070ab00000, 0x000000070ab00000, 0x000000070ac00000|  0%| F|  |TAMS 0x000000070ab00000, 0x000000070ab00000| Untracked 
| 116|0x000000070ac00000, 0x000000070ac00000, 0x000000070ad00000|  0%| F|  |TAMS 0x000000070ac00000, 0x000000070ac00000| Untracked 
| 117|0x000000070ad00000, 0x000000070ad00000, 0x000000070ae00000|  0%| F|  |TAMS 0x000000070ad00000, 0x000000070ad00000| Untracked 
| 118|0x000000070ae00000, 0x000000070ae00000, 0x000000070af00000|  0%| F|  |TAMS 0x000000070ae00000, 0x000000070ae00000| Untracked 
| 119|0x000000070af00000, 0x000000070af00000, 0x000000070b000000|  0%| F|  |TAMS 0x000000070af00000, 0x000000070af00000| Untracked 
| 120|0x000000070b000000, 0x000000070b000000, 0x000000070b100000|  0%| F|  |TAMS 0x000000070b000000, 0x000000070b000000| Untracked 
| 121|0x000000070b100000, 0x000000070b100000, 0x000000070b200000|  0%| F|  |TAMS 0x000000070b100000, 0x000000070b100000| Untracked 
| 122|0x000000070b200000, 0x000000070b200000, 0x000000070b300000|  0%| F|  |TAMS 0x000000070b200000, 0x000000070b200000| Untracked 
| 123|0x000000070b300000, 0x000000070b300000, 0x000000070b400000|  0%| F|  |TAMS 0x000000070b300000, 0x000000070b300000| Untracked 
| 124|0x000000070b400000, 0x000000070b400000, 0x000000070b500000|  0%| F|  |TAMS 0x000000070b400000, 0x000000070b400000| Untracked 
| 125|0x000000070b500000, 0x000000070b500000, 0x000000070b600000|  0%| F|  |TAMS 0x000000070b500000, 0x000000070b500000| Untracked 
| 126|0x000000070b600000, 0x000000070b600000, 0x000000070b700000|  0%| F|  |TAMS 0x000000070b600000, 0x000000070b600000| Untracked 
| 127|0x000000070b700000, 0x000000070b700000, 0x000000070b800000|  0%| F|  |TAMS 0x000000070b700000, 0x000000070b700000| Untracked 
| 128|0x000000070b800000, 0x000000070b800000, 0x000000070b900000|  0%| F|  |TAMS 0x000000070b800000, 0x000000070b800000| Untracked 
| 129|0x000000070b900000, 0x000000070b900000, 0x000000070ba00000|  0%| F|  |TAMS 0x000000070b900000, 0x000000070b900000| Untracked 
| 130|0x000000070ba00000, 0x000000070ba00000, 0x000000070bb00000|  0%| F|  |TAMS 0x000000070ba00000, 0x000000070ba00000| Untracked 
| 131|0x000000070bb00000, 0x000000070bb00000, 0x000000070bc00000|  0%| F|  |TAMS 0x000000070bb00000, 0x000000070bb00000| Untracked 
| 132|0x000000070bc00000, 0x000000070bc00000, 0x000000070bd00000|  0%| F|  |TAMS 0x000000070bc00000, 0x000000070bc00000| Untracked 
| 133|0x000000070bd00000, 0x000000070bd00000, 0x000000070be00000|  0%| F|  |TAMS 0x000000070bd00000, 0x000000070bd00000| Untracked 
| 134|0x000000070be00000, 0x000000070be00000, 0x000000070bf00000|  0%| F|  |TAMS 0x000000070be00000, 0x000000070be00000| Untracked 
| 135|0x000000070bf00000, 0x000000070bf00000, 0x000000070c000000|  0%| F|  |TAMS 0x000000070bf00000, 0x000000070bf00000| Untracked 
| 136|0x000000070c000000, 0x000000070c000000, 0x000000070c100000|  0%| F|  |TAMS 0x000000070c000000, 0x000000070c000000| Untracked 
| 137|0x000000070c100000, 0x000000070c100000, 0x000000070c200000|  0%| F|  |TAMS 0x000000070c100000, 0x000000070c100000| Untracked 
| 138|0x000000070c200000, 0x000000070c200000, 0x000000070c300000|  0%| F|  |TAMS 0x000000070c200000, 0x000000070c200000| Untracked 
| 139|0x000000070c300000, 0x000000070c300000, 0x000000070c400000|  0%| F|  |TAMS 0x000000070c300000, 0x000000070c300000| Untracked 
| 140|0x000000070c400000, 0x000000070c400000, 0x000000070c500000|  0%| F|  |TAMS 0x000000070c400000, 0x000000070c400000| Untracked 
| 141|0x000000070c500000, 0x000000070c500000, 0x000000070c600000|  0%| F|  |TAMS 0x000000070c500000, 0x000000070c500000| Untracked 
| 142|0x000000070c600000, 0x000000070c600000, 0x000000070c700000|  0%| F|  |TAMS 0x000000070c600000, 0x000000070c600000| Untracked 
| 143|0x000000070c700000, 0x000000070c700000, 0x000000070c800000|  0%| F|  |TAMS 0x000000070c700000, 0x000000070c700000| Untracked 
| 144|0x000000070c800000, 0x000000070c800000, 0x000000070c900000|  0%| F|  |TAMS 0x000000070c800000, 0x000000070c800000| Untracked 
| 145|0x000000070c900000, 0x000000070c900000, 0x000000070ca00000|  0%| F|  |TAMS 0x000000070c900000, 0x000000070c900000| Untracked 
| 146|0x000000070ca00000, 0x000000070ca00000, 0x000000070cb00000|  0%| F|  |TAMS 0x000000070ca00000, 0x000000070ca00000| Untracked 
| 147|0x000000070cb00000, 0x000000070cb00000, 0x000000070cc00000|  0%| F|  |TAMS 0x000000070cb00000, 0x000000070cb00000| Untracked 
| 148|0x000000070cc00000, 0x000000070cc00000, 0x000000070cd00000|  0%| F|  |TAMS 0x000000070cc00000, 0x000000070cc00000| Untracked 
| 149|0x000000070cd00000, 0x000000070cd00000, 0x000000070ce00000|  0%| F|  |TAMS 0x000000070cd00000, 0x000000070cd00000| Untracked 
| 150|0x000000070ce00000, 0x000000070ce00000, 0x000000070cf00000|  0%| F|  |TAMS 0x000000070ce00000, 0x000000070ce00000| Untracked 
| 151|0x000000070cf00000, 0x000000070cf00000, 0x000000070d000000|  0%| F|  |TAMS 0x000000070cf00000, 0x000000070cf00000| Untracked 
| 152|0x000000070d000000, 0x000000070d000000, 0x000000070d100000|  0%| F|  |TAMS 0x000000070d000000, 0x000000070d000000| Untracked 
| 153|0x000000070d100000, 0x000000070d100000, 0x000000070d200000|  0%| F|  |TAMS 0x000000070d100000, 0x000000070d100000| Untracked 
| 154|0x000000070d200000, 0x000000070d200000, 0x000000070d300000|  0%| F|  |TAMS 0x000000070d200000, 0x000000070d200000| Untracked 
| 155|0x000000070d300000, 0x000000070d300000, 0x000000070d400000|  0%| F|  |TAMS 0x000000070d300000, 0x000000070d300000| Untracked 
| 156|0x000000070d400000, 0x000000070d400000, 0x000000070d500000|  0%| F|  |TAMS 0x000000070d400000, 0x000000070d400000| Untracked 
| 157|0x000000070d500000, 0x000000070d500000, 0x000000070d600000|  0%| F|  |TAMS 0x000000070d500000, 0x000000070d500000| Untracked 
| 158|0x000000070d600000, 0x000000070d600000, 0x000000070d700000|  0%| F|  |TAMS 0x000000070d600000, 0x000000070d600000| Untracked 
| 159|0x000000070d700000, 0x000000070d700000, 0x000000070d800000|  0%| F|  |TAMS 0x000000070d700000, 0x000000070d700000| Untracked 
| 160|0x000000070d800000, 0x000000070d800000, 0x000000070d900000|  0%| F|  |TAMS 0x000000070d800000, 0x000000070d800000| Untracked 
| 161|0x000000070d900000, 0x000000070d900000, 0x000000070da00000|  0%| F|  |TAMS 0x000000070d900000, 0x000000070d900000| Untracked 
| 162|0x000000070da00000, 0x000000070da00000, 0x000000070db00000|  0%| F|  |TAMS 0x000000070da00000, 0x000000070da00000| Untracked 
| 163|0x000000070db00000, 0x000000070db00000, 0x000000070dc00000|  0%| F|  |TAMS 0x000000070db00000, 0x000000070db00000| Untracked 
| 164|0x000000070dc00000, 0x000000070dc00000, 0x000000070dd00000|  0%| F|  |TAMS 0x000000070dc00000, 0x000000070dc00000| Untracked 
| 165|0x000000070dd00000, 0x000000070dd00000, 0x000000070de00000|  0%| F|  |TAMS 0x000000070dd00000, 0x000000070dd00000| Untracked 
| 166|0x000000070de00000, 0x000000070de00000, 0x000000070df00000|  0%| F|  |TAMS 0x000000070de00000, 0x000000070de00000| Untracked 
| 167|0x000000070df00000, 0x000000070df00000, 0x000000070e000000|  0%| F|  |TAMS 0x000000070df00000, 0x000000070df00000| Untracked 
| 168|0x000000070e000000, 0x000000070e000000, 0x000000070e100000|  0%| F|  |TAMS 0x000000070e000000, 0x000000070e000000| Untracked 
| 169|0x000000070e100000, 0x000000070e100000, 0x000000070e200000|  0%| F|  |TAMS 0x000000070e100000, 0x000000070e100000| Untracked 
| 170|0x000000070e200000, 0x000000070e200000, 0x000000070e300000|  0%| F|  |TAMS 0x000000070e200000, 0x000000070e200000| Untracked 
| 171|0x000000070e300000, 0x000000070e300000, 0x000000070e400000|  0%| F|  |TAMS 0x000000070e300000, 0x000000070e300000| Untracked 
| 172|0x000000070e400000, 0x000000070e400000, 0x000000070e500000|  0%| F|  |TAMS 0x000000070e400000, 0x000000070e400000| Untracked 
| 173|0x000000070e500000, 0x000000070e500000, 0x000000070e600000|  0%| F|  |TAMS 0x000000070e500000, 0x000000070e500000| Untracked 
| 174|0x000000070e600000, 0x000000070e600000, 0x000000070e700000|  0%| F|  |TAMS 0x000000070e600000, 0x000000070e600000| Untracked 
| 175|0x000000070e700000, 0x000000070e700000, 0x000000070e800000|  0%| F|  |TAMS 0x000000070e700000, 0x000000070e700000| Untracked 
| 176|0x000000070e800000, 0x000000070e800000, 0x000000070e900000|  0%| F|  |TAMS 0x000000070e800000, 0x000000070e800000| Untracked 
| 177|0x000000070e900000, 0x000000070e900000, 0x000000070ea00000|  0%| F|  |TAMS 0x000000070e900000, 0x000000070e900000| Untracked 
| 178|0x000000070ea00000, 0x000000070ea00000, 0x000000070eb00000|  0%| F|  |TAMS 0x000000070ea00000, 0x000000070ea00000| Untracked 
| 179|0x000000070eb00000, 0x000000070eb00000, 0x000000070ec00000|  0%| F|  |TAMS 0x000000070eb00000, 0x000000070eb00000| Untracked 
| 180|0x000000070ec00000, 0x000000070ec00000, 0x000000070ed00000|  0%| F|  |TAMS 0x000000070ec00000, 0x000000070ec00000| Untracked 
| 181|0x000000070ed00000, 0x000000070ed00000, 0x000000070ee00000|  0%| F|  |TAMS 0x000000070ed00000, 0x000000070ed00000| Untracked 
| 182|0x000000070ee00000, 0x000000070ee00000, 0x000000070ef00000|  0%| F|  |TAMS 0x000000070ee00000, 0x000000070ee00000| Untracked 
| 183|0x000000070ef00000, 0x000000070ef00000, 0x000000070f000000|  0%| F|  |TAMS 0x000000070ef00000, 0x000000070ef00000| Untracked 
| 184|0x000000070f000000, 0x000000070f000000, 0x000000070f100000|  0%| F|  |TAMS 0x000000070f000000, 0x000000070f000000| Untracked 
| 185|0x000000070f100000, 0x000000070f100000, 0x000000070f200000|  0%| F|  |TAMS 0x000000070f100000, 0x000000070f100000| Untracked 
| 186|0x000000070f200000, 0x000000070f200000, 0x000000070f300000|  0%| F|  |TAMS 0x000000070f200000, 0x000000070f200000| Untracked 
| 187|0x000000070f300000, 0x000000070f300000, 0x000000070f400000|  0%| F|  |TAMS 0x000000070f300000, 0x000000070f300000| Untracked 
| 188|0x000000070f400000, 0x000000070f400000, 0x000000070f500000|  0%| F|  |TAMS 0x000000070f400000, 0x000000070f400000| Untracked 
| 189|0x000000070f500000, 0x000000070f500000, 0x000000070f600000|  0%| F|  |TAMS 0x000000070f500000, 0x000000070f500000| Untracked 
| 190|0x000000070f600000, 0x000000070f600000, 0x000000070f700000|  0%| F|  |TAMS 0x000000070f600000, 0x000000070f600000| Untracked 
| 191|0x000000070f700000, 0x000000070f700000, 0x000000070f800000|  0%| F|  |TAMS 0x000000070f700000, 0x000000070f700000| Untracked 
| 192|0x000000070f800000, 0x000000070f800000, 0x000000070f900000|  0%| F|  |TAMS 0x000000070f800000, 0x000000070f800000| Untracked 
| 193|0x000000070f900000, 0x000000070f900000, 0x000000070fa00000|  0%| F|  |TAMS 0x000000070f900000, 0x000000070f900000| Untracked 
| 194|0x000000070fa00000, 0x000000070fa00000, 0x000000070fb00000|  0%| F|  |TAMS 0x000000070fa00000, 0x000000070fa00000| Untracked 
| 195|0x000000070fb00000, 0x000000070fb00000, 0x000000070fc00000|  0%| F|  |TAMS 0x000000070fb00000, 0x000000070fb00000| Untracked 
| 196|0x000000070fc00000, 0x000000070fc00000, 0x000000070fd00000|  0%| F|  |TAMS 0x000000070fc00000, 0x000000070fc00000| Untracked 
| 197|0x000000070fd00000, 0x000000070fd00000, 0x000000070fe00000|  0%| F|  |TAMS 0x000000070fd00000, 0x000000070fd00000| Untracked 
| 198|0x000000070fe00000, 0x000000070fe00000, 0x000000070ff00000|  0%| F|  |TAMS 0x000000070fe00000, 0x000000070fe00000| Untracked 
| 199|0x000000070ff00000, 0x000000070ff00000, 0x0000000710000000|  0%| F|  |TAMS 0x000000070ff00000, 0x000000070ff00000| Untracked 
| 200|0x0000000710000000, 0x0000000710000000, 0x0000000710100000|  0%| F|  |TAMS 0x0000000710000000, 0x0000000710000000| Untracked 
| 201|0x0000000710100000, 0x0000000710100000, 0x0000000710200000|  0%| F|  |TAMS 0x0000000710100000, 0x0000000710100000| Untracked 
| 202|0x0000000710200000, 0x0000000710200000, 0x0000000710300000|  0%| F|  |TAMS 0x0000000710200000, 0x0000000710200000| Untracked 
| 203|0x0000000710300000, 0x0000000710300000, 0x0000000710400000|  0%| F|  |TAMS 0x0000000710300000, 0x0000000710300000| Untracked 
| 204|0x0000000710400000, 0x0000000710400000, 0x0000000710500000|  0%| F|  |TAMS 0x0000000710400000, 0x0000000710400000| Untracked 
| 205|0x0000000710500000, 0x0000000710500000, 0x0000000710600000|  0%| F|  |TAMS 0x0000000710500000, 0x0000000710500000| Untracked 
| 206|0x0000000710600000, 0x0000000710600000, 0x0000000710700000|  0%| F|  |TAMS 0x0000000710600000, 0x0000000710600000| Untracked 
| 207|0x0000000710700000, 0x0000000710700000, 0x0000000710800000|  0%| F|  |TAMS 0x0000000710700000, 0x0000000710700000| Untracked 
| 208|0x0000000710800000, 0x0000000710800000, 0x0000000710900000|  0%| F|  |TAMS 0x0000000710800000, 0x0000000710800000| Untracked 
| 209|0x0000000710900000, 0x0000000710900000, 0x0000000710a00000|  0%| F|  |TAMS 0x0000000710900000, 0x0000000710900000| Untracked 
| 210|0x0000000710a00000, 0x0000000710a00000, 0x0000000710b00000|  0%| F|  |TAMS 0x0000000710a00000, 0x0000000710a00000| Untracked 
| 211|0x0000000710b00000, 0x0000000710b00000, 0x0000000710c00000|  0%| F|  |TAMS 0x0000000710b00000, 0x0000000710b00000| Untracked 
| 212|0x0000000710c00000, 0x0000000710c00000, 0x0000000710d00000|  0%| F|  |TAMS 0x0000000710c00000, 0x0000000710c00000| Untracked 
| 213|0x0000000710d00000, 0x0000000710d00000, 0x0000000710e00000|  0%| F|  |TAMS 0x0000000710d00000, 0x0000000710d00000| Untracked 
| 214|0x0000000710e00000, 0x0000000710e00000, 0x0000000710f00000|  0%| F|  |TAMS 0x0000000710e00000, 0x0000000710e00000| Untracked 
| 215|0x0000000710f00000, 0x0000000710f00000, 0x0000000711000000|  0%| F|  |TAMS 0x0000000710f00000, 0x0000000710f00000| Untracked 
| 216|0x0000000711000000, 0x0000000711000000, 0x0000000711100000|  0%| F|  |TAMS 0x0000000711000000, 0x0000000711000000| Untracked 
| 217|0x0000000711100000, 0x0000000711100000, 0x0000000711200000|  0%| F|  |TAMS 0x0000000711100000, 0x0000000711100000| Untracked 
| 218|0x0000000711200000, 0x0000000711200000, 0x0000000711300000|  0%| F|  |TAMS 0x0000000711200000, 0x0000000711200000| Untracked 
| 219|0x0000000711300000, 0x0000000711300000, 0x0000000711400000|  0%| F|  |TAMS 0x0000000711300000, 0x0000000711300000| Untracked 
| 220|0x0000000711400000, 0x0000000711400000, 0x0000000711500000|  0%| F|  |TAMS 0x0000000711400000, 0x0000000711400000| Untracked 
| 221|0x0000000711500000, 0x0000000711500000, 0x0000000711600000|  0%| F|  |TAMS 0x0000000711500000, 0x0000000711500000| Untracked 
| 222|0x0000000711600000, 0x0000000711600000, 0x0000000711700000|  0%| F|  |TAMS 0x0000000711600000, 0x0000000711600000| Untracked 
| 223|0x0000000711700000, 0x0000000711700000, 0x0000000711800000|  0%| F|  |TAMS 0x0000000711700000, 0x0000000711700000| Untracked 
| 224|0x0000000711800000, 0x0000000711800000, 0x0000000711900000|  0%| F|  |TAMS 0x0000000711800000, 0x0000000711800000| Untracked 
| 225|0x0000000711900000, 0x0000000711900000, 0x0000000711a00000|  0%| F|  |TAMS 0x0000000711900000, 0x0000000711900000| Untracked 
| 226|0x0000000711a00000, 0x0000000711a00000, 0x0000000711b00000|  0%| F|  |TAMS 0x0000000711a00000, 0x0000000711a00000| Untracked 
| 227|0x0000000711b00000, 0x0000000711b00000, 0x0000000711c00000|  0%| F|  |TAMS 0x0000000711b00000, 0x0000000711b00000| Untracked 
| 228|0x0000000711c00000, 0x0000000711c00000, 0x0000000711d00000|  0%| F|  |TAMS 0x0000000711c00000, 0x0000000711c00000| Untracked 
| 229|0x0000000711d00000, 0x0000000711d00000, 0x0000000711e00000|  0%| F|  |TAMS 0x0000000711d00000, 0x0000000711d00000| Untracked 
| 230|0x0000000711e00000, 0x0000000711e00000, 0x0000000711f00000|  0%| F|  |TAMS 0x0000000711e00000, 0x0000000711e00000| Untracked 
| 231|0x0000000711f00000, 0x0000000711f00000, 0x0000000712000000|  0%| F|  |TAMS 0x0000000711f00000, 0x0000000711f00000| Untracked 
| 232|0x0000000712000000, 0x000000071207b630, 0x0000000712100000| 48%| E|  |TAMS 0x0000000712000000, 0x0000000712000000| Complete 
| 233|0x0000000712100000, 0x0000000712200000, 0x0000000712200000|100%| E|CS|TAMS 0x0000000712100000, 0x0000000712100000| Complete 
| 234|0x0000000712200000, 0x0000000712300000, 0x0000000712300000|100%| E|CS|TAMS 0x0000000712200000, 0x0000000712200000| Complete 
| 235|0x0000000712300000, 0x0000000712400000, 0x0000000712400000|100%| E|CS|TAMS 0x0000000712300000, 0x0000000712300000| Complete 
| 236|0x0000000712400000, 0x0000000712500000, 0x0000000712500000|100%| E|CS|TAMS 0x0000000712400000, 0x0000000712400000| Complete 
| 237|0x0000000712500000, 0x0000000712600000, 0x0000000712600000|100%| E|  |TAMS 0x0000000712500000, 0x0000000712500000| Complete 
| 238|0x0000000712600000, 0x0000000712700000, 0x0000000712700000|100%| E|CS|TAMS 0x0000000712600000, 0x0000000712600000| Complete 
| 239|0x0000000712700000, 0x0000000712800000, 0x0000000712800000|100%| E|CS|TAMS 0x0000000712700000, 0x0000000712700000| Complete 
| 240|0x0000000712800000, 0x0000000712900000, 0x0000000712900000|100%| E|CS|TAMS 0x0000000712800000, 0x0000000712800000| Complete 
| 241|0x0000000712900000, 0x0000000712a00000, 0x0000000712a00000|100%| E|CS|TAMS 0x0000000712900000, 0x0000000712900000| Complete 
| 242|0x0000000712a00000, 0x0000000712b00000, 0x0000000712b00000|100%| E|CS|TAMS 0x0000000712a00000, 0x0000000712a00000| Complete 
| 243|0x0000000712b00000, 0x0000000712c00000, 0x0000000712c00000|100%| E|CS|TAMS 0x0000000712b00000, 0x0000000712b00000| Complete 
| 244|0x0000000712c00000, 0x0000000712d00000, 0x0000000712d00000|100%| E|CS|TAMS 0x0000000712c00000, 0x0000000712c00000| Complete 
| 245|0x0000000712d00000, 0x0000000712e00000, 0x0000000712e00000|100%| E|CS|TAMS 0x0000000712d00000, 0x0000000712d00000| Complete 
| 246|0x0000000712e00000, 0x0000000712f00000, 0x0000000712f00000|100%| E|CS|TAMS 0x0000000712e00000, 0x0000000712e00000| Complete 
| 247|0x0000000712f00000, 0x0000000713000000, 0x0000000713000000|100%| E|CS|TAMS 0x0000000712f00000, 0x0000000712f00000| Complete 
| 248|0x0000000713000000, 0x0000000713100000, 0x0000000713100000|100%| E|CS|TAMS 0x0000000713000000, 0x0000000713000000| Complete 
| 249|0x0000000713100000, 0x0000000713200000, 0x0000000713200000|100%| E|CS|TAMS 0x0000000713100000, 0x0000000713100000| Complete 
| 250|0x0000000713200000, 0x0000000713300000, 0x0000000713300000|100%| E|CS|TAMS 0x0000000713200000, 0x0000000713200000| Complete 
| 251|0x0000000713300000, 0x0000000713400000, 0x0000000713400000|100%| E|CS|TAMS 0x0000000713300000, 0x0000000713300000| Complete 
| 252|0x0000000713400000, 0x0000000713500000, 0x0000000713500000|100%| E|CS|TAMS 0x0000000713400000, 0x0000000713400000| Complete 
| 253|0x0000000713500000, 0x0000000713600000, 0x0000000713600000|100%| E|CS|TAMS 0x0000000713500000, 0x0000000713500000| Complete 

Card table byte_map: [0x000001ee303e0000,0x000001ee30bd0000] _byte_map_base: 0x000001ee2cbc4000

Marking Bits (Prev, Next): (CMBitMap*) 0x000001ee1c779728, (CMBitMap*) 0x000001ee1c779760
 Prev Bits: [0x000001ee313c0000, 0x000001ee352e0000)
 Next Bits: [0x000001ee352e0000, 0x000001ee39200000)

Polling page: 0x000001ee1a6d0000

Metaspace:

Usage:
  Non-class:      9.83 MB capacity,     9.75 MB (>99%) used,    75.48 KB ( <1%) free+waste,     7.13 KB ( <1%) overhead. 
      Class:    855.00 KB capacity,   820.88 KB ( 96%) used,    32.24 KB (  4%) free+waste,     1.88 KB ( <1%) overhead. 
       Both:     10.66 MB capacity,    10.55 MB ( 99%) used,   107.72 KB ( <1%) free+waste,     9.00 KB ( <1%) overhead. 

Virtual space:
  Non-class space:       10.00 MB reserved,      10.00 MB (100%) committed 
      Class space:        1.00 GB reserved,     896.00 KB ( <1%) committed 
             Both:        1.01 GB reserved,      10.88 MB (  1%) committed 

Chunk freelists:
   Non-Class:  112.00 KB
       Class:  9.00 KB
        Both:  121.00 KB

MaxMetaspaceSize: 17179869184.00 GB
CompressedClassSpaceSize: 1.00 GB
Initial GC threshold: 20.80 MB
Current GC threshold: 20.80 MB
CDS: off

CodeHeap 'non-profiled nmethods': size=119168Kb used=624Kb max_used=624Kb free=118543Kb
 bounds [0x000001ee27f00000, 0x000001ee28170000, 0x000001ee2f360000]
CodeHeap 'profiled nmethods': size=119168Kb used=2708Kb max_used=2708Kb free=116459Kb
 bounds [0x000001ee20aa0000, 0x000001ee20d50000, 0x000001ee27f00000]
CodeHeap 'non-nmethods': size=7424Kb used=1260Kb max_used=2971Kb free=6163Kb
 bounds [0x000001ee20360000, 0x000001ee20650000, 0x000001ee20aa0000]
 total_blobs=1925 nmethods=1372 adapters=466
 compilation: enabled
              stopped_count=0, restarted_count=0
 full_count=0

Compilation events (20 events):
Event: 25.286 Thread 0x000001ee3cc80800 1363       3       com.badlogic.gdx.graphics.g2d.TextureRegion::flip (45 bytes)
Event: 25.286 Thread 0x000001ee3cc80800 nmethod 1363 0x000001ee20d44810 code [0x000001ee20d449c0, 0x000001ee20d44b58]
Event: 27.336 Thread 0x000001ee3cc72000 1364       4       com.badlogic.gdx.graphics.glutils.ShapeRenderer::begin (84 bytes)
Event: 27.339 Thread 0x000001ee3cc72000 nmethod 1364 0x000001ee27f96b10 code [0x000001ee27f96ce0, 0x000001ee27f970a8]
Event: 27.804 Thread 0x000001ee3cc72000 1365       4       com.badlogic.gdx.graphics.g2d.SpriteBatch::end (66 bytes)
Event: 27.806 Thread 0x000001ee3cc72000 nmethod 1365 0x000001ee27f97410 code [0x000001ee27f975e0, 0x000001ee27f97908]
Event: 27.819 Thread 0x000001ee3cc72000 1366       4       java.lang.Long::reverseBytes (46 bytes)
Event: 27.819 Thread 0x000001ee3cc72000 nmethod 1366 0x000001ee27f97c90 code [0x000001ee27f97e20, 0x000001ee27f97eb8]
Event: 28.119 Thread 0x000001ee3cc72000 1367       4       java.util.ArrayList::newCapacity (65 bytes)
Event: 28.119 Thread 0x000001ee3cc72000 nmethod 1367 0x000001ee27f97f90 code [0x000001ee27f98120, 0x000001ee27f981f8]
Event: 31.219 Thread 0x000001ee3cc72000 1368       4       com.badlogic.gdx.backends.lwjgl.LwjglGL20::glBufferData (113 bytes)
Event: 31.221 Thread 0x000001ee3cc72000 nmethod 1368 0x000001ee27f98310 code [0x000001ee27f984c0, 0x000001ee27f98688]
Event: 32.803 Thread 0x000001ee3cc72000 1369       4       com.mygdx.game.WeakEnemyEntity$1::reportRayFixture (53 bytes)
Event: 32.812 Thread 0x000001ee3cc72000 nmethod 1369 0x000001ee27f98910 code [0x000001ee27f98b00, 0x000001ee27f994f8]
Event: 32.936 Thread 0x000001ee3cc72000 1370       4       org.lwjgl.opengl.Display::getPixelScaleFactor (9 bytes)
Event: 32.936 Thread 0x000001ee3cc72000 nmethod 1370 0x000001ee27f99910 code [0x000001ee27f99ac0, 0x000001ee27f99b18]
Event: 34.753 Thread 0x000001ee3cc80800 1371       3       com.badlogic.gdx.physics.box2d.Fixture::getFilterData (68 bytes)
Event: 34.753 Thread 0x000001ee3cc80800 nmethod 1371 0x000001ee20d44c10 code [0x000001ee20d44de0, 0x000001ee20d45008]
Event: 35.869 Thread 0x000001ee3cc72000 1372       4       com.badlogic.gdx.graphics.glutils.ImmediateModeRenderer20::flush (106 bytes)
Event: 35.883 Thread 0x000001ee3cc72000 nmethod 1372 0x000001ee27f99c10 code [0x000001ee27f99ec0, 0x000001ee27f9af90]

GC Heap History (0 events):
No events

Deoptimization events (20 events):
Event: 1.021 Thread 0x000001ee3cf6c000 Uncommon trap: trap_request=0xffffffde fr.pc=0x000001ee27f3325c relative=0x000000000000019c
Event: 1.021 Thread 0x000001ee3cf6c000 Uncommon trap: reason=class_check action=maybe_recompile pc=0x000001ee27f3325c method=com.badlogic.gdx.graphics.Texture.getWidth()I @ 4 c2
Event: 1.021 Thread 0x000001ee3cf6c000 DEOPT PACKING pc=0x000001ee27f3325c sp=0x000000cb0d4fed40
Event: 1.021 Thread 0x000001ee3cf6c000 DEOPT UNPACKING pc=0x000001ee203aa1af sp=0x000000cb0d4fec80 mode 2
Event: 1.021 Thread 0x000001ee3cf6c000 Uncommon trap: trap_request=0xffffffde fr.pc=0x000001ee27f2dacc relative=0x000000000000024c
Event: 1.021 Thread 0x000001ee3cf6c000 Uncommon trap: reason=class_check action=maybe_recompile pc=0x000001ee27f2dacc method=com.badlogic.gdx.graphics.Texture.getWidth()I @ 4 c2
Event: 1.021 Thread 0x000001ee3cf6c000 DEOPT PACKING pc=0x000001ee27f2dacc sp=0x000000cb0d4fedd0
Event: 1.021 Thread 0x000001ee3cf6c000 DEOPT UNPACKING pc=0x000001ee203aa1af sp=0x000000cb0d4fed28 mode 2
Event: 1.021 Thread 0x000001ee3cf6c000 Uncommon trap: trap_request=0xffffffde fr.pc=0x000001ee27f3325c relative=0x000000000000019c
Event: 1.021 Thread 0x000001ee3cf6c000 Uncommon trap: reason=class_check action=maybe_recompile pc=0x000001ee27f3325c method=com.badlogic.gdx.graphics.Texture.getWidth()I @ 4 c2
Event: 1.021 Thread 0x000001ee3cf6c000 DEOPT PACKING pc=0x000001ee27f3325c sp=0x000000cb0d4fed40
Event: 1.021 Thread 0x000001ee3cf6c000 DEOPT UNPACKING pc=0x000001ee203aa1af sp=0x000000cb0d4fec80 mode 2
Event: 1.021 Thread 0x000001ee3cf6c000 Uncommon trap: trap_request=0xffffffde fr.pc=0x000001ee27f2dacc relative=0x000000000000024c
Event: 1.021 Thread 0x000001ee3cf6c000 Uncommon trap: reason=class_check action=maybe_recompile pc=0x000001ee27f2dacc method=com.badlogic.gdx.graphics.Texture.getWidth()I @ 4 c2
Event: 1.021 Thread 0x000001ee3cf6c000 DEOPT PACKING pc=0x000001ee27f2dacc sp=0x000000cb0d4fedd0
Event: 1.021 Thread 0x000001ee3cf6c000 DEOPT UNPACKING pc=0x000001ee203aa1af sp=0x000000cb0d4fed28 mode 2
Event: 1.228 Thread 0x000001ee3cf6c000 DEOPT PACKING pc=0x000001ee20c3a139 sp=0x000000cb0d4feeb0
Event: 1.228 Thread 0x000001ee3cf6c000 DEOPT UNPACKING pc=0x000001ee203aa95e sp=0x000000cb0d4fe2d8 mode 0
Event: 7.802 Thread 0x000001ee3cf6c000 DEOPT PACKING pc=0x000001ee20d10e52 sp=0x000000cb0d4ff070
Event: 7.802 Thread 0x000001ee3cf6c000 DEOPT UNPACKING pc=0x000001ee203aa95e sp=0x000000cb0d4fe5f0 mode 0

Classes redefined (0 events):
No events

Internal exceptions (7 events):
Event: 0.156 Thread 0x000001ee1c711800 Exception <a 'java/security/PrivilegedActionException'{0x000000071315a168}> (0x000000071315a168) thrown at [./src/hotspot/share/prims/jvm.cpp, line 1306]
Event: 0.156 Thread 0x000001ee1c711800 Exception <a 'java/security/PrivilegedActionException'{0x000000071315c948}> (0x000000071315c948) thrown at [./src/hotspot/share/prims/jvm.cpp, line 1306]
Event: 0.156 Thread 0x000001ee1c711800 Exception <a 'java/security/PrivilegedActionException'{0x000000071315d940}> (0x000000071315d940) thrown at [./src/hotspot/share/prims/jvm.cpp, line 1306]
Event: 0.158 Thread 0x000001ee1c711800 Exception <a 'java/security/PrivilegedActionException'{0x000000071316f9c8}> (0x000000071316f9c8) thrown at [./src/hotspot/share/prims/jvm.cpp, line 1306]
Event: 0.159 Thread 0x000001ee1c711800 Exception <a 'java/security/PrivilegedActionException'{0x0000000713170588}> (0x0000000713170588) thrown at [./src/hotspot/share/prims/jvm.cpp, line 1306]
Event: 0.159 Thread 0x000001ee1c711800 Exception <a 'java/security/PrivilegedActionException'{0x0000000713171108}> (0x0000000713171108) thrown at [./src/hotspot/share/prims/jvm.cpp, line 1306]
Event: 0.506 Thread 0x000001ee3cf6c000 Exception <a 'org/lwjgl/LWJGLException'{0x0000000712f229d0}: Failed to set device gamma.> (0x0000000712f229d0) thrown at [./src/hotspot/share/prims/jni.cpp, line 637]

Events (20 events):
Event: 5.078 loading class com/badlogic/gdx/utils/Pool$Poolable
Event: 5.078 loading class com/badlogic/gdx/utils/Pool$Poolable done
Event: 5.295 Loaded shared library C:\Users\dougl\AppData\Local\Temp\libgdxdougl\1cecf4f6\lwjgl64.dll
Event: 5.894 Thread 0x000001ee3ee7b000 Thread exited: 0x000001ee3ee7b000
Event: 5.894 Thread 0x000001ee3ee58000 Thread exited: 0x000001ee3ee58000
Event: 6.595 Loaded shared library C:\Users\dougl\AppData\Local\Temp\libgdxdougl\1cecf4f6\lwjgl64.dll
Event: 6.945 Thread 0x000001ee3ce2b800 Thread exited: 0x000001ee3ce2b800
Event: 7.445 Loaded shared library C:\Users\dougl\AppData\Local\Temp\libgdxdougl\e1cd32f8\gdx64.dll
Event: 7.446 Loaded shared library C:\Users\dougl\AppData\Local\Temp\libgdxdougl\1cecf4f6\lwjgl64.dll
Event: 7.446 Loaded shared library C:\Users\dougl\AppData\Local\Temp\libgdxdougl\1cecf4f6\lwjgl64.dll
Event: 7.463 Thread 0x000001ee3ce2b800 Thread added: 0x000001ee3ce2b800
Event: 7.463 Thread 0x000001ee3f3ed000 Thread added: 0x000001ee3f3ed000
Event: 7.463 Thread 0x000001ee3f1c6800 Thread added: 0x000001ee3f1c6800
Event: 7.601 Loaded shared library D:\Apps\IntelliJ IDEA\IntelliJ IDEA Community Edition 2021.3\jbr\bin\java.dll
Event: 7.962 Loaded shared library D:\Apps\IntelliJ IDEA\IntelliJ IDEA Community Edition 2021.3\jbr\bin\java.dll
Event: 8.586 Thread 0x000001ee3f1c6800 Thread exited: 0x000001ee3f1c6800
Event: 8.619 Thread 0x000001ee3f3ed000 Thread exited: 0x000001ee3f3ed000
Event: 11.453 Thread 0x000001ee3ce2b800 Thread exited: 0x000001ee3ce2b800
Event: 36.018 loading class com/badlogic/gdx/backends/lwjgl/LwjglApplication$2
Event: 36.018 loading class com/badlogic/gdx/backends/lwjgl/LwjglApplication$2 done


Dynamic libraries:
0x00007ff79b4c0000 - 0x00007ff79b4ca000 	D:\Apps\IntelliJ IDEA\IntelliJ IDEA Community Edition 2021.3\jbr\bin\java.exe
0x00007ffdbc730000 - 0x00007ffdbc925000 	C:\Windows\SYSTEM32\ntdll.dll
0x00007ffdbb9c0000 - 0x00007ffdbba7e000 	C:\Windows\System32\KERNEL32.DLL
0x00007ffdb9f90000 - 0x00007ffdba258000 	C:\Windows\System32\KERNELBASE.dll
0x00007ffdb4d60000 - 0x00007ffdb4d79000 	D:\Apps\IntelliJ IDEA\IntelliJ IDEA Community Edition 2021.3\jbr\bin\jli.dll
0x00007ffda40d0000 - 0x00007ffda40e7000 	D:\Apps\IntelliJ IDEA\IntelliJ IDEA Community Edition 2021.3\jbr\bin\VCRUNTIME140.dll
0x00007ffdb9e90000 - 0x00007ffdb9f90000 	C:\Windows\System32\ucrtbase.dll
0x00007ffdbae30000 - 0x00007ffdbafd1000 	C:\Windows\System32\USER32.dll
0x00007ffda5580000 - 0x00007ffda581a000 	C:\Windows\WinSxS\amd64_microsoft.windows.common-controls_6595b64144ccf1df_6.0.19041.1110_none_60b5254171f9507e\COMCTL32.dll
0x00007ffdba530000 - 0x00007ffdba552000 	C:\Windows\System32\win32u.dll
0x00007ffdbbf00000 - 0x00007ffdbbf9e000 	C:\Windows\System32\msvcrt.dll
0x00007ffdba810000 - 0x00007ffdba83b000 	C:\Windows\System32\GDI32.dll
0x00007ffdba3c0000 - 0x00007ffdba4cd000 	C:\Windows\System32\gdi32full.dll
0x00007ffdba260000 - 0x00007ffdba2fd000 	C:\Windows\System32\msvcp_win.dll
0x00007ffdba840000 - 0x00007ffdba870000 	C:\Windows\System32\IMM32.DLL
0x00007ffd73d80000 - 0x00007ffd73e1d000 	D:\Apps\IntelliJ IDEA\IntelliJ IDEA Community Edition 2021.3\jbr\bin\msvcp140.dll
0x00007ffcf5750000 - 0x00007ffcf62c6000 	D:\Apps\IntelliJ IDEA\IntelliJ IDEA Community Edition 2021.3\jbr\bin\server\jvm.dll
0x00007ffdbafe0000 - 0x00007ffdbb08c000 	C:\Windows\System32\ADVAPI32.dll
0x00007ffdba770000 - 0x00007ffdba80b000 	C:\Windows\System32\sechost.dll
0x00007ffdbbae0000 - 0x00007ffdbbc0a000 	C:\Windows\System32\RPCRT4.dll
0x00007ffdbaca0000 - 0x00007ffdbaca8000 	C:\Windows\System32\PSAPI.DLL
0x00007ffdb4d10000 - 0x00007ffdb4d19000 	C:\Windows\SYSTEM32\WSOCK32.dll
0x00007ffdb14b0000 - 0x00007ffdb14d7000 	C:\Windows\SYSTEM32\WINMM.dll
0x00007ffdb2200000 - 0x00007ffdb220a000 	C:\Windows\SYSTEM32\VERSION.dll
0x00007ffdba8d0000 - 0x00007ffdba93b000 	C:\Windows\System32\WS2_32.dll
0x00007ffdb86d0000 - 0x00007ffdb86e2000 	C:\Windows\SYSTEM32\kernel.appcore.dll
0x00007ffda4040000 - 0x00007ffda4051000 	D:\Apps\IntelliJ IDEA\IntelliJ IDEA Community Edition 2021.3\jbr\bin\verify.dll
0x00007ffdb83e0000 - 0x00007ffdb85c4000 	C:\Windows\SYSTEM32\DBGHELP.DLL
0x00007ffdb5490000 - 0x00007ffdb54bc000 	C:\Windows\SYSTEM32\dbgcore.DLL
0x00007ffdba300000 - 0x00007ffdba382000 	C:\Windows\System32\bcryptPrimitives.dll
0x00007ffda12a0000 - 0x00007ffda12c9000 	D:\Apps\IntelliJ IDEA\IntelliJ IDEA Community Edition 2021.3\jbr\bin\java.dll
0x00007ffda6360000 - 0x00007ffda636b000 	D:\Apps\IntelliJ IDEA\IntelliJ IDEA Community Edition 2021.3\jbr\bin\jimage.dll
0x00007ffda4020000 - 0x00007ffda4038000 	D:\Apps\IntelliJ IDEA\IntelliJ IDEA Community Edition 2021.3\jbr\bin\zip.dll
0x00007ffdbbfa0000 - 0x00007ffdbc6e4000 	C:\Windows\System32\SHELL32.dll
0x00007ffdb7b80000 - 0x00007ffdb8314000 	C:\Windows\SYSTEM32\windows.storage.dll
0x00007ffdba940000 - 0x00007ffdbac95000 	C:\Windows\System32\combase.dll
0x00007ffdb9890000 - 0x00007ffdb98be000 	C:\Windows\SYSTEM32\Wldp.dll
0x00007ffdbbd80000 - 0x00007ffdbbe2d000 	C:\Windows\System32\SHCORE.dll
0x00007ffdbba80000 - 0x00007ffdbbad5000 	C:\Windows\System32\shlwapi.dll
0x00007ffdb9d80000 - 0x00007ffdb9d9f000 	C:\Windows\SYSTEM32\profapi.dll
0x00007ffda3fa0000 - 0x00007ffda3fba000 	D:\Apps\IntelliJ IDEA\IntelliJ IDEA Community Edition 2021.3\jbr\bin\net.dll
0x00007ffdafe80000 - 0x00007ffdaff8c000 	C:\Windows\SYSTEM32\WINHTTP.dll
0x00007ffdb95f0000 - 0x00007ffdb965a000 	C:\Windows\system32\mswsock.dll
0x00007ffda1100000 - 0x00007ffda1114000 	D:\Apps\IntelliJ IDEA\IntelliJ IDEA Community Edition 2021.3\jbr\bin\nio.dll
0x000000006e700000 - 0x000000006e72a000 	C:\Users\dougl\AppData\Local\Temp\libgdxdougl\e1cd32f8\gdx64.dll
0x0000000180000000 - 0x0000000180053000 	C:\Users\dougl\AppData\Local\Temp\libgdxdougl\1cecf4f6\lwjgl64.dll
0x00007ffd95270000 - 0x00007ffd95395000 	C:\Windows\SYSTEM32\OPENGL32.dll
0x00007ffda40a0000 - 0x00007ffda40cc000 	C:\Windows\SYSTEM32\GLU32.dll
0x000001ee3d870000 - 0x000001ee3d8d4000 	C:\Users\dougl\AppData\Local\Temp\libgdxdougl\1cecf4f6\OpenAL64.dll
0x00007ffdbb340000 - 0x00007ffdbb46a000 	C:\Windows\System32\ole32.dll
0x00007ffdb74c0000 - 0x00007ffdb755e000 	C:\Windows\system32\uxtheme.dll
0x00007ffd65430000 - 0x00007ffd6552c000 	C:\ProgramData\A-Volute\DellInc.AlienwareSoundCenter\Modules\ScheduledModules\x64\DellInc.AlienwareSoundCenterDevProps2.dll
0x00007ffd65530000 - 0x00007ffd655dd000 	C:\ProgramData\A-Volute\DellInc.AlienwareSoundCenter\Modules\ScheduledModules\x64\NahimicOSD.dll
0x00007ffd655e0000 - 0x00007ffd65601000 	C:\ProgramData\A-Volute\DellInc.AlienwareSoundCenter\Modules\ScheduledModules\x64\ProductInfo.dll
0x00007ffdbb900000 - 0x00007ffdbb9a9000 	C:\Windows\System32\clbcatq.dll
0x00007ffdb1fb0000 - 0x00007ffdb2035000 	C:\Windows\System32\MMDevApi.dll
0x00007ffdb9be0000 - 0x00007ffdb9c14000 	C:\Windows\System32\DEVOBJ.dll
0x000001ee3d950000 - 0x000001ee3d99e000 	C:\Windows\System32\cfgmgr32.dll
0x00007ffdb2040000 - 0x00007ffdb21c1000 	C:\Windows\SYSTEM32\AudioSes.dll
0x00007ffdbbe30000 - 0x00007ffdbbefd000 	C:\Windows\System32\OLEAUT32.dll
0x00007ffdb9400000 - 0x00007ffdb944b000 	C:\Windows\SYSTEM32\powrprof.dll
0x00007ffdb9270000 - 0x00007ffdb9282000 	C:\Windows\SYSTEM32\UMPDC.dll
0x00007ffdb5390000 - 0x00007ffdb5486000 	C:\Windows\SYSTEM32\PropSys.dll
0x00007ffda6400000 - 0x00007ffda649c000 	C:\Windows\SYSTEM32\dsound.dll
0x00007ffda64c0000 - 0x00007ffda64e6000 	C:\Windows\SYSTEM32\winmmbase.dll
0x00007ffdb75b0000 - 0x00007ffdb75c4000 	C:\Windows\SYSTEM32\resourcepolicyclient.dll
0x00007ffdb51f0000 - 0x00007ffdb529e000 	C:\Windows\SYSTEM32\mscms.dll
0x00007ffdb51d0000 - 0x00007ffdb51e1000 	C:\Windows\SYSTEM32\ColorAdapterClient.dll
0x00007ffdb9d00000 - 0x00007ffdb9d2e000 	C:\Windows\SYSTEM32\USERENV.dll
0x00007ffdbacb0000 - 0x00007ffdbadc5000 	C:\Windows\System32\MSCTF.dll
0x00007ffd98ef0000 - 0x00007ffd98fe9000 	C:\Windows\SYSTEM32\textinputframework.dll
0x00007ffdb6d90000 - 0x00007ffdb6e82000 	C:\Windows\System32\CoreMessaging.dll
0x00007ffdb6a30000 - 0x00007ffdb6d8e000 	C:\Windows\System32\CoreUIComponents.dll
0x00007ffdb8c50000 - 0x00007ffdb8c83000 	C:\Windows\SYSTEM32\ntmarta.dll
0x00007ffdb56d0000 - 0x00007ffdb5824000 	C:\Windows\SYSTEM32\wintypes.dll
0x00007ffda22f0000 - 0x00007ffda2356000 	C:\Windows\system32\Oleacc.dll
0x00007ffdb27a0000 - 0x00007ffdb2899000 	C:\Windows\System32\AppXDeploymentClient.dll
0x00007ffd08370000 - 0x00007ffd0ae87000 	C:\Windows\System32\DriverStore\FileRepository\nvddi.inf_amd64_825a4c41796dab48\nvoglv64.dll
0x00007ffdbb480000 - 0x00007ffdbb8f2000 	C:\Windows\System32\SETUPAPI.dll
0x00007ffdba390000 - 0x00007ffdba3b7000 	C:\Windows\System32\bcrypt.dll
0x00007ffdb5570000 - 0x00007ffdb5584000 	C:\Windows\SYSTEM32\WTSAPI32.dll
0x00007ffdb9a20000 - 0x00007ffdb9a32000 	C:\Windows\SYSTEM32\msasn1.dll
0x00007ffdb1f70000 - 0x00007ffdb1fa1000 	C:\Windows\SYSTEM32\cryptnet.dll
0x00007ffdba560000 - 0x00007ffdba6b6000 	C:\Windows\System32\CRYPT32.dll
0x00007ffdb1e10000 - 0x00007ffdb1f5a000 	C:\Windows\SYSTEM32\drvstore.dll
0x00007ffdb9800000 - 0x00007ffdb980c000 	C:\Windows\SYSTEM32\cryptbase.dll
0x00007ffdba4d0000 - 0x00007ffdba530000 	C:\Windows\System32\WINTRUST.dll
0x00007ffdb47f0000 - 0x00007ffdb482b000 	C:\Windows\SYSTEM32\dxcore.dll
0x00007ffd7a3e0000 - 0x00007ffd7a6a3000 	C:\Windows\system32\nvspcap64.dll
0x00007ffdb77c0000 - 0x00007ffdb77ef000 	C:\Windows\SYSTEM32\dwmapi.dll
0x00007ffdb4070000 - 0x00007ffdb40b3000 	C:\Windows\SYSTEM32\icm32.dll
0x00007ffdb8ba0000 - 0x00007ffdb8bfa000 	C:\Windows\SYSTEM32\WINSTA.dll
0x00007ffdb08d0000 - 0x00007ffdb0aa0000 	C:\Windows\SYSTEM32\d3d9.dll
0x00007ffdbb090000 - 0x00007ffdbb0ad000 	C:\Windows\System32\imagehlp.dll
0x00007ffdb97e0000 - 0x00007ffdb97f8000 	C:\Windows\SYSTEM32\CRYPTSP.dll
0x00007ffdb8f00000 - 0x00007ffdb8f34000 	C:\Windows\system32\rsaenh.dll
0x0000000066b00000 - 0x0000000066b5b000 	C:\Users\dougl\AppData\Local\Temp\libgdxdougl\a14961b7\gdx-box2d64.dll

dbghelp: loaded successfully - version: 4.0.5 - missing functions: none
symbol engine: initialized successfully - sym options: 0x614 - pdb path: .;D:\Apps\IntelliJ IDEA\IntelliJ IDEA Community Edition 2021.3\jbr\bin;C:\Windows\SYSTEM32;C:\Windows\WinSxS\amd64_microsoft.windows.common-controls_6595b64144ccf1df_6.0.19041.1110_none_60b5254171f9507e;D:\Apps\IntelliJ IDEA\IntelliJ IDEA Community Edition 2021.3\jbr\bin\server;C:\Users\dougl\AppData\Local\Temp\libgdxdougl\e1cd32f8;C:\Users\dougl\AppData\Local\Temp\libgdxdougl\1cecf4f6;C:\ProgramData\A-Volute\DellInc.AlienwareSoundCenter\Modules\ScheduledModules\x64;C:\Windows\System32\DriverStore\FileRepository\nvddi.inf_amd64_825a4c41796dab48;C:\Users\dougl\AppData\Local\Temp\libgdxdougl\a14961b7

VM Arguments:
jvm_args: -Dfile.encoding=windows-1252 -Duser.country=CA -Duser.language=en -Duser.variant 
java_command: com.mygdx.game.desktop.DesktopLauncher
java_class_path (initial): D:\Documents\GitHub\PortalGame\PortalGame\desktop\build\classes\java\main;D:\Documents\GitHub\PortalGame\PortalGame\desktop\build\resources\main;C:\Users\dougl\.gradle\caches\modules-2\files-2.1\com.badlogicgames.gdx\gdx-tools\1.10.0\d699cf4953fb42a071c7c3feb9b5c45601aa6a4b\gdx-tools-1.10.0.jar;C:\Users\dougl\.gradle\caches\modules-2\files-2.1\com.badlogicgames.gdx\gdx-backend-lwjgl\1.10.0\58ff89d9e4fd8a82591367f187d606e781cacc05\gdx-backend-lwjgl-1.10.0.jar;C:\Users\dougl\.gradle\caches\modules-2\files-2.1\com.badlogicgames.gdx\gdx-platform\1.10.0\9a8fa793d2fd6d360afc6c9e4c1f5583da263b88\gdx-platform-1.10.0-natives-desktop.jar;C:\Users\dougl\.gradle\caches\modules-2\files-2.1\com.badlogicgames.gdx\gdx-box2d-platform\1.10.0\588c4191c5a64ed39365e71484aa37d81c38eb5e\gdx-box2d-platform-1.10.0-natives-desktop.jar;C:\Users\dougl\.gradle\caches\modules-2\files-2.1\com.badlogicgames.gdx\gdx-bullet-platform\1.10.0\ce92e8dfc762523d769cbc50853163c03bf98cf1\gdx-bullet-platform-1.10.0-natives-desktop.jar;C:\Users\dougl\.gradle\caches\modules-2\files-2.1\com.badlogicgames.gdx\gdx-freetype-platform\1.10.0\6e5d28752759e69384f12e4569d2c884ff71352f\gdx-freetype-platform-1.10.0-natives-desktop.jar;D:\Documents\GitHub\PortalGame\PortalGame\core\build\libs\core-1.0.jar;C:\Users\dougl\.gradle\caches\modules-2\files-2.1\com.badlogicgames.gdx\gdx-backend-headless\1.10.0\990eadbb431197c5b9b816d1659c772e0268e65\gdx-backend-headless-1.10.0.jar;C:\Users\dougl\.gradle\caches\modules-2\files-2.1\com.badlogicgames.gdx\gdx-freetype\1.10.0\de1d0d5c1e92e8d91364256fd6b7bb279d3e9859\gdx-freetype-1.10.0.jar;C:\Users\dougl\.gradle\caches\modules-2\files-2.1\com.badlogicgames.box2dlights\box2dlights\1.5\6902dbcd250c95a27973aa24a147a95b3828d348\box2dlights-1.5.jar;C:\Users\dougl\.gradle\caches\modules-2\files-2.1\com.badlogicgames.gdx\gdx-box2d\1.10.0\b3a3c0f00b90716238835434d0ae8985604c37f8\gdx-box2d-1.10.0.jar;C:\Users\dougl\.gradle\caches\modules-2\files-2.1\com.badlogicga
Launcher Type: SUN_STANDARD

[Global flags]
     intx CICompilerCount                          = 12                                        {product} {ergonomic}
     uint ConcGCThreads                            = 3                                         {product} {ergonomic}
     uint G1ConcRefinementThreads                  = 13                                        {product} {ergonomic}
   size_t G1HeapRegionSize                         = 1048576                                   {product} {ergonomic}
    uintx GCDrainStackTargetSize                   = 64                                        {product} {ergonomic}
   size_t InitialHeapSize                          = 266338304                                 {product} {ergonomic}
   size_t MarkStackSize                            = 4194304                                   {product} {ergonomic}
   size_t MaxHeapSize                              = 4236247040                                {product} {ergonomic}
   size_t MaxNewSize                               = 2541748224                                {product} {ergonomic}
   size_t MinHeapDeltaBytes                        = 1048576                                   {product} {ergonomic}
    uintx NonNMethodCodeHeapSize                   = 7594288                                {pd product} {ergonomic}
    uintx NonProfiledCodeHeapSize                  = 122031976                              {pd product} {ergonomic}
    uintx ProfiledCodeHeapSize                     = 122031976                              {pd product} {ergonomic}
    uintx ReservedCodeCacheSize                    = 251658240                              {pd product} {ergonomic}
     bool SegmentedCodeCache                       = true                                      {product} {ergonomic}
     bool UseCompressedClassPointers               = true                                 {lp64_product} {ergonomic}
     bool UseCompressedOops                        = true                                 {lp64_product} {ergonomic}
     bool UseG1GC                                  = true                                      {product} {ergonomic}
     bool UseLargePagesIndividualAllocation        = false                                  {pd product} {ergonomic}

Logging:
Log output configuration:
 #0: stdout all=warning uptime,level,tags
 #1: stderr all=off uptime,level,tags

Environment Variables:
PATH=C:\Program Files (x86)\Common Files\Oracle\Java\javapath;C:\Windows\system32;C:\Windows;C:\Windows\System32\Wbem;C:\Windows\System32\WindowsPowerShell\v1.0\;C:\Windows\System32\OpenSSH\;C:\Program Files\NVIDIA Corporation\NVIDIA NvDLISR;C:\Program Files\dotnet\;C:\Program Files\Git\cmd;C:\ProgramData\chocolatey\bin;C:\Program Files (x86)\NVIDIA Corporation\PhysX\Common;C:\msys64\mingw64\bin;C:\Users\dougl\AppData\Local\Microsoft\WindowsApps;C:\Users\dougl\AppData\Local\Programs\Microsoft VS Code\bin;C:\Users\dougl\.dotnet\tools;C:\Users\dougl\AppData\Local\GitHubDesktop\bin;D:\Apps\IntelliJ IDEA\IntelliJ IDEA Community Edition 2021.3\bin;
USERNAME=dougl
OS=Windows_NT
PROCESSOR_IDENTIFIER=Intel64 Family 6 Model 165 Stepping 5, GenuineIntel



---------------  S Y S T E M  ---------------

OS: Windows 10 , 64 bit Build 19041 (10.0.19041.1348)
OS uptime: 2 days 21:04 hours

CPU:total 16 (initial active 16) (8 cores per cpu, 2 threads per core) family 6 model 165 stepping 5 microcode 0xec, cmov, cx8, fxsr, mmx, sse, sse2, sse3, ssse3, sse4.1, sse4.2, popcnt, avx, avx2, aes, clmul, erms, 3dnowpref, lzcnt, ht, tsc, tscinvbit, bmi1, bmi2, adx, fma

Memory: 4k page, system-wide physical 16154M (3470M free)
TotalPageFile size 31002M (AvailPageFile size 9038M)
current process WorkingSet (physical memory assigned to process): 127M, peak: 146M
current process commit charge ("private bytes"): 447M, peak: 471M

vm_info: OpenJDK 64-Bit Server VM (11.0.13+7-b1751.19) for windows-amd64 JRE (11.0.13+7-b1751.19), built on Nov  9 2021 11:31:28 by "" with MS VC++ 14.0 (VS2015)

END.
