#
# A fatal error has been detected by the Java Runtime Environment:
#
#  EXCEPTION_ACCESS_VIOLATION (0xc0000005) at pc=0x0000000066b2154e, pid=9704, tid=10072
#
# JRE version: OpenJDK Runtime Environment JBR-11.0.13.7-1751.19-jcef (11.0.13+7) (build 11.0.13+7-b1751.19)
# Java VM: OpenJDK 64-Bit Server VM JBR-11.0.13.7-1751.19-jcef (11.0.13+7-b1751.19, mixed mode, tiered, compressed oops, g1 gc, windows-amd64)
# Problematic frame:
# C  [gdx-box2d64.dll+0x2154e]
#
# No core dump will be written. Minidumps are not enabled by default on client versions of Windows
#
# If you would like to submit a bug report, please visit:
#   https://bugreport.java.com/bugreport/crash.jsp
# The crash happened outside the Java Virtual Machine in native code.
# See problematic frame for where to report the bug.
#

---------------  S U M M A R Y ------------

Command Line: -javaagent:D:\Apps\IntelliJ IDEA\IntelliJ IDEA Community Edition 2021.3\lib\idea_rt.jar=59289:D:\Apps\IntelliJ IDEA\IntelliJ IDEA Community Edition 2021.3\bin -Dfile.encoding=UTF-8 com.mygdx.game.desktop.DesktopLauncher

Host: Intel(R) Core(TM) i7-10700F CPU @ 2.90GHz, 16 cores, 15G,  Windows 10 , 64 bit Build 19041 (10.0.19041.1348)
Time: Tue Jan 18 15:15:09 2022 Eastern Standard Time elapsed time: 24.793474 seconds (0d 0h 0m 24s)

---------------  T H R E A D  ---------------

Current thread (0x000001a8f1410800):  JavaThread "LWJGL Application" [_thread_in_native, id=10072, stack(0x0000001568300000,0x0000001568400000)]

Stack: [0x0000001568300000,0x0000001568400000],  sp=0x00000015683fed30,  free space=1019k
Native frames: (J=compiled Java code, j=interpreted, Vv=VM code, C=native code)
C  [gdx-box2d64.dll+0x2154e]

Java frames: (J=compiled Java code, j=interpreted, Vv=VM code)
j  com.badlogic.gdx.physics.box2d.World.jniDestroyBody(JJ)V+0
j  com.badlogic.gdx.physics.box2d.World.destroyBody(Lcom/badlogic/gdx/physics/box2d/Body;)V+42
j  com.mygdx.game.Entity.dispose()V+16
j  com.mygdx.game.MyGdxGame.dispose()V+82
j  com.badlogic.gdx.backends.lwjgl.LwjglApplication.mainLoop()V+924
j  com.badlogic.gdx.backends.lwjgl.LwjglApplication$1.run()V+27
v  ~StubRoutines::call_stub

siginfo: EXCEPTION_ACCESS_VIOLATION (0xc0000005), reading address 0x000001a8f891cfd8


Register to memory mapping:

RIP=0x0000000066b2154e gdx-box2d64.dll
RAX=0x000000000000000f is an unknown value
RBX=0x000001a8f8903d40 points into unknown readable memory: 0x000001a8f90d0080 | 80 00 0d f9 a8 01 00 00
RCX=0x000001a8f8903d40 points into unknown readable memory: 0x000001a8f90d0080 | 80 00 0d f9 a8 01 00 00
RDX=0x000001a8f8934210 is an unknown value
RSP=0x00000015683fed30 is pointing into the stack for thread: 0x000001a8f1410800
RBP=0x00000015683fee98 is pointing into the stack for thread: 0x000001a8f1410800
RSI=0x000001a8f8903d40 points into unknown readable memory: 0x000001a8f90d0080 | 80 00 0d f9 a8 01 00 00
RDI=0x000001a8f8934210 is an unknown value
R8 =0x000001a8f8903d40 points into unknown readable memory: 0x000001a8f90d0080 | 80 00 0d f9 a8 01 00 00
R9 =0x000001a8f8934210 is an unknown value
R10=0x000001a8d40ff748 is at code_begin+1000 in an Interpreter codelet
method entry point (kind = native)  [0x000001a8d40ff360, 0x000001a8d40ffe00]  2720 bytes
R11=0x0000000000000102 is an unknown value
R12=0x0 is NULL
R13={method} {0x000001a8f8ed7e68} 'jniDestroyBody' '(JJ)V' in 'com/badlogic/gdx/physics/box2d/World'
R14=0x00000015683feed8 is pointing into the stack for thread: 0x000001a8f1410800
R15=0x000001a8f1410800 is a thread


Registers:
RAX=0x000000000000000f, RBX=0x000001a8f8903d40, RCX=0x000001a8f8903d40, RDX=0x000001a8f8934210
RSP=0x00000015683fed30, RBP=0x00000015683fee98, RSI=0x000001a8f8903d40, RDI=0x000001a8f8934210
R8 =0x000001a8f8903d40, R9 =0x000001a8f8934210, R10=0x000001a8d40ff748, R11=0x0000000000000102
R12=0x0000000000000000, R13=0x000001a8f8ed7e60, R14=0x00000015683feed8, R15=0x000001a8f1410800
RIP=0x0000000066b2154e, EFLAGS=0x0000000000010206

Top of Stack: (sp=0x00000015683fed30)
0x00000015683fed30:   00000008000fa2d0 000001a8f8f69e58
0x00000015683fed40:   00000000000000b6 000001a8f0bc7f00
0x00000015683fed50:   000001a8f8903d40 000001a8f8934210
0x00000015683fed60:   000000000012e768 00000015683fee98
0x00000015683fed70:   0000000000000000 0000000066b26a9d
0x00000015683fed80:   00000001f1410000 00007ffcf5277963
0x00000015683fed90:   0000000000001000 00007ffcf50ed240
0x00000015683feda0:   0000000066b487e0 000001a8f1410b48
0x00000015683fedb0:   00000015683feed8 000001a8f0bc7f00
0x00000015683fedc0:   0000000066b48840 000001a8f1410b48
0x00000015683fedd0:   00000015683feed8 000001a8f1410800
0x00000015683fede0:   00000015683fef50 000001a8f8ed7e60
0x00000015683fedf0:   0000000000000000 000001a8d40ff777
0x00000015683fee00:   00000015683fefa8 00000015683fef50
0x00000015683fee10:   000001a8f8f69e58 000001a8f1410800
0x00000015683fee20:   00000008000ee290 00000008000ee290 

Instructions: (pc=0x0000000066b2154e)
0x0000000066b2144e:   1f 00 48 8b 40 18 48 85 c0 74 16 48 3b 30 75 f2
0x0000000066b2145e:   48 8b 50 08 48 8b 40 18 83 4a 08 08 48 85 c0 75
0x0000000066b2146e:   ea 48 83 c4 20 5b 5e 5f 5d 41 5c c3 66 0f 1f 44
0x0000000066b2147e:   00 00 83 c8 02 c7 85 ac 00 00 00 00 00 00 00 66
0x0000000066b2148e:   89 45 04 e9 04 ff ff ff 66 2e 0f 1f 84 00 00 00
0x0000000066b2149e:   00 00 48 8d 15 49 34 02 00 48 8d 0d a0 34 02 00
0x0000000066b214ae:   41 b8 12 01 00 00 e8 17 51 01 00 f6 87 98 92 01
0x0000000066b214be:   00 02 0f 84 77 fe ff ff 48 83 c4 20 5b 5e 5f 5d
0x0000000066b214ce:   41 5c c3 48 89 97 28 93 01 00 e9 90 fe ff ff 0f
0x0000000066b214de:   1f 00 48 89 96 80 00 00 00 e9 dd fe ff ff 0f 1f
0x0000000066b214ee:   40 00 48 89 95 80 00 00 00 e9 0c ff ff ff 0f 1f
0x0000000066b214fe:   40 00 48 8d 15 e9 33 02 00 48 8d 0d 54 34 02 00
0x0000000066b2150e:   41 b8 5a 01 00 00 e8 b7 50 01 00 8b 87 34 93 01
0x0000000066b2151e:   00 e9 0d ff ff ff 66 90 66 2e 0f 1f 84 00 00 00
0x0000000066b2152e:   00 00 41 54 55 57 56 53 48 83 ec 20 8b 81 30 93
0x0000000066b2153e:   01 00 48 89 ce 48 89 d7 85 c0 0f 8e 93 01 00 00
0x0000000066b2154e:   f6 86 98 92 01 00 02 0f 85 55 01 00 00 48 8b 9f
0x0000000066b2155e:   80 00 00 00 48 85 db 74 3e 66 0f 1f 84 00 00 00
0x0000000066b2156e:   00 00 48 8b 8e 48 93 01 00 48 8b 6b 18 48 85 c9
0x0000000066b2157e:   74 0a 48 8b 01 48 8b 53 08 ff 50 10 48 8b 53 08
0x0000000066b2158e:   48 89 f1 48 89 eb e8 87 fd ff ff 48 85 ed 48 89
0x0000000066b2159e:   af 80 00 00 00 75 cb 48 8b 87 88 00 00 00 48 c7
0x0000000066b215ae:   87 80 00 00 00 00 00 00 00 48 8d ae a0 92 01 00
0x0000000066b215be:   48 85 c0 74 18 48 8b 58 18 48 8b 50 08 48 89 e9
0x0000000066b215ce:   e8 0d dd ff ff 48 85 db 48 89 d8 75 e8 48 8b 5f
0x0000000066b215de:   70 48 c7 87 88 00 00 00 00 00 00 00 4c 8d a6 a0
0x0000000066b215ee:   92 01 00 48 85 db 74 5a 66 2e 0f 1f 84 00 00 00
0x0000000066b215fe:   00 00 48 8b 8e 48 93 01 00 48 8b 6b 08 48 85 c9
0x0000000066b2160e:   74 09 48 8b 01 48 89 da ff 50 18 48 89 d9 4c 89
0x0000000066b2161e:   e2 e8 7c e4 ff ff 48 89 d9 48 89 f2 e8 61 e2 ff
0x0000000066b2162e:   ff 48 89 da 41 b8 48 00 00 00 48 89 f1 e8 60 a7
0x0000000066b2163e:   fe ff 83 6f 78 01 48 85 ed 48 89 6f 70 48 89 eb 


Stack slot to memory mapping:
stack at sp + 0 slots: 0x00000008000fa2d0 is a pointer to class: 
com.mygdx.game.Entity {0x00000008000fa2d8}
stack at sp + 1 slots: 0x000001a8f8f69e58 is pointing into metadata
stack at sp + 2 slots: 0x00000000000000b6 is an unknown value
stack at sp + 3 slots: 0x000001a8f0bc7f00 points into unknown readable memory: 0x0000000000000000 | 00 00 00 00 00 00 00 00
stack at sp + 4 slots: 0x000001a8f8903d40 points into unknown readable memory: 0x000001a8f90d0080 | 80 00 0d f9 a8 01 00 00
stack at sp + 5 slots: 0x000001a8f8934210 is an unknown value
stack at sp + 6 slots: 0x000000000012e768 is an unknown value
stack at sp + 7 slots: 0x00000015683fee98 is pointing into the stack for thread: 0x000001a8f1410800


---------------  P R O C E S S  ---------------

Threads class SMR info:
_java_thread_list=0x000001a8f2ad1f00, length=13, elements={
0x000001a8f00e8000, 0x000001a8f00e4000, 0x000001a8f09e7800, 0x000001a8f09e8800,
0x000001a8f09ea800, 0x000001a8f09ee000, 0x000001a8f09f5800, 0x000001a8f09f9000,
0x000001a8f0afb800, 0x000001a8f0ed9000, 0x000001a8f1410800, 0x000001a8d04a2000,
0x000001a8f2b0d000
}

Java Threads: ( => current thread )
  0x000001a8f00e8000 JavaThread "Reference Handler" daemon [_thread_blocked, id=2852, stack(0x0000001567400000,0x0000001567500000)]
  0x000001a8f00e4000 JavaThread "Finalizer" daemon [_thread_blocked, id=24960, stack(0x0000001567500000,0x0000001567600000)]
  0x000001a8f09e7800 JavaThread "Signal Dispatcher" daemon [_thread_blocked, id=1016, stack(0x0000001567600000,0x0000001567700000)]
  0x000001a8f09e8800 JavaThread "Attach Listener" daemon [_thread_blocked, id=20008, stack(0x0000001567700000,0x0000001567800000)]
  0x000001a8f09ea800 JavaThread "Service Thread" daemon [_thread_blocked, id=21292, stack(0x0000001567800000,0x0000001567900000)]
  0x000001a8f09ee000 JavaThread "C2 CompilerThread0" daemon [_thread_blocked, id=13400, stack(0x0000001567900000,0x0000001567a00000)]
  0x000001a8f09f5800 JavaThread "C1 CompilerThread0" daemon [_thread_blocked, id=17268, stack(0x0000001567a00000,0x0000001567b00000)]
  0x000001a8f09f9000 JavaThread "Sweeper thread" daemon [_thread_blocked, id=19192, stack(0x0000001567b00000,0x0000001567c00000)]
  0x000001a8f0afb800 JavaThread "Common-Cleaner" daemon [_thread_blocked, id=20412, stack(0x0000001567c00000,0x0000001567d00000)]
  0x000001a8f0ed9000 JavaThread "Monitor Ctrl-Break" daemon [_thread_in_native, id=17984, stack(0x0000001568000000,0x0000001568100000)]
=>0x000001a8f1410800 JavaThread "LWJGL Application" [_thread_in_native, id=10072, stack(0x0000001568300000,0x0000001568400000)]
  0x000001a8d04a2000 JavaThread "DestroyJavaVM" [_thread_blocked, id=27840, stack(0x0000001566d00000,0x0000001566e00000)]
  0x000001a8f2b0d000 JavaThread "LWJGL Timer" daemon [_thread_blocked, id=26364, stack(0x0000001568f00000,0x0000001569000000)]

Other Threads:
  0x000001a8f099a000 VMThread "VM Thread" [stack: 0x0000001567300000,0x0000001567400000] [id=4864]
  0x000001a8f0ed9800 WatcherThread [stack: 0x0000001568100000,0x0000001568200000] [id=26912]
  0x000001a8d04b9800 GCTaskThread "GC Thread#0" [stack: 0x0000001566e00000,0x0000001566f00000] [id=1268]
  0x000001a8d0518000 ConcurrentGCThread "G1 Main Marker" [stack: 0x0000001566f00000,0x0000001567000000] [id=23764]
  0x000001a8d051a800 ConcurrentGCThread "G1 Conc#0" [stack: 0x0000001567000000,0x0000001567100000] [id=10492]
  0x000001a8effc0800 ConcurrentGCThread "G1 Refine#0" [stack: 0x0000001567100000,0x0000001567200000] [id=27204]
  0x000001a8effc2800 ConcurrentGCThread "G1 Young RemSet Sampling" [stack: 0x0000001567200000,0x0000001567300000] [id=3464]

Threads with active compile tasks:

VM state:not at safepoint (normal execution)

VM Mutex/Monitor currently owned by a thread: None

Heap address: 0x0000000703800000, size: 4040 MB, Compressed Oops mode: Zero based, Oop shift amount: 3
Narrow klass base: 0x0000000800000000, Narrow klass shift: 0
Compressed class space size: 1073741824 Address: 0x0000000800000000

Heap:
 garbage-first heap   total 260096K, used 21504K [0x0000000703800000, 0x0000000800000000)
  region size 1024K, 23 young (23552K), 0 survivors (0K)
 Metaspace       used 12349K, capacity 12477K, committed 12672K, reserved 1060864K
  class space    used 986K, capacity 1035K, committed 1152K, reserved 1048576K
Heap Regions: E=young(eden), S=young(survivor), O=old, HS=humongous(starts), HC=humongous(continues), CS=collection set, F=free, A=archive, TAMS=top-at-mark-start (previous, next)
|   0|0x0000000703800000, 0x0000000703800000, 0x0000000703900000|  0%| F|  |TAMS 0x0000000703800000, 0x0000000703800000| Untracked 
|   1|0x0000000703900000, 0x0000000703900000, 0x0000000703a00000|  0%| F|  |TAMS 0x0000000703900000, 0x0000000703900000| Untracked 
|   2|0x0000000703a00000, 0x0000000703a00000, 0x0000000703b00000|  0%| F|  |TAMS 0x0000000703a00000, 0x0000000703a00000| Untracked 
|   3|0x0000000703b00000, 0x0000000703b00000, 0x0000000703c00000|  0%| F|  |TAMS 0x0000000703b00000, 0x0000000703b00000| Untracked 
|   4|0x0000000703c00000, 0x0000000703c00000, 0x0000000703d00000|  0%| F|  |TAMS 0x0000000703c00000, 0x0000000703c00000| Untracked 
|   5|0x0000000703d00000, 0x0000000703d00000, 0x0000000703e00000|  0%| F|  |TAMS 0x0000000703d00000, 0x0000000703d00000| Untracked 
|   6|0x0000000703e00000, 0x0000000703e00000, 0x0000000703f00000|  0%| F|  |TAMS 0x0000000703e00000, 0x0000000703e00000| Untracked 
|   7|0x0000000703f00000, 0x0000000703f00000, 0x0000000704000000|  0%| F|  |TAMS 0x0000000703f00000, 0x0000000703f00000| Untracked 
|   8|0x0000000704000000, 0x0000000704000000, 0x0000000704100000|  0%| F|  |TAMS 0x0000000704000000, 0x0000000704000000| Untracked 
|   9|0x0000000704100000, 0x0000000704100000, 0x0000000704200000|  0%| F|  |TAMS 0x0000000704100000, 0x0000000704100000| Untracked 
|  10|0x0000000704200000, 0x0000000704200000, 0x0000000704300000|  0%| F|  |TAMS 0x0000000704200000, 0x0000000704200000| Untracked 
|  11|0x0000000704300000, 0x0000000704300000, 0x0000000704400000|  0%| F|  |TAMS 0x0000000704300000, 0x0000000704300000| Untracked 
|  12|0x0000000704400000, 0x0000000704400000, 0x0000000704500000|  0%| F|  |TAMS 0x0000000704400000, 0x0000000704400000| Untracked 
|  13|0x0000000704500000, 0x0000000704500000, 0x0000000704600000|  0%| F|  |TAMS 0x0000000704500000, 0x0000000704500000| Untracked 
|  14|0x0000000704600000, 0x0000000704600000, 0x0000000704700000|  0%| F|  |TAMS 0x0000000704600000, 0x0000000704600000| Untracked 
|  15|0x0000000704700000, 0x0000000704700000, 0x0000000704800000|  0%| F|  |TAMS 0x0000000704700000, 0x0000000704700000| Untracked 
|  16|0x0000000704800000, 0x0000000704800000, 0x0000000704900000|  0%| F|  |TAMS 0x0000000704800000, 0x0000000704800000| Untracked 
|  17|0x0000000704900000, 0x0000000704900000, 0x0000000704a00000|  0%| F|  |TAMS 0x0000000704900000, 0x0000000704900000| Untracked 
|  18|0x0000000704a00000, 0x0000000704a00000, 0x0000000704b00000|  0%| F|  |TAMS 0x0000000704a00000, 0x0000000704a00000| Untracked 
|  19|0x0000000704b00000, 0x0000000704b00000, 0x0000000704c00000|  0%| F|  |TAMS 0x0000000704b00000, 0x0000000704b00000| Untracked 
|  20|0x0000000704c00000, 0x0000000704c00000, 0x0000000704d00000|  0%| F|  |TAMS 0x0000000704c00000, 0x0000000704c00000| Untracked 
|  21|0x0000000704d00000, 0x0000000704d00000, 0x0000000704e00000|  0%| F|  |TAMS 0x0000000704d00000, 0x0000000704d00000| Untracked 
|  22|0x0000000704e00000, 0x0000000704e00000, 0x0000000704f00000|  0%| F|  |TAMS 0x0000000704e00000, 0x0000000704e00000| Untracked 
|  23|0x0000000704f00000, 0x0000000704f00000, 0x0000000705000000|  0%| F|  |TAMS 0x0000000704f00000, 0x0000000704f00000| Untracked 
|  24|0x0000000705000000, 0x0000000705000000, 0x0000000705100000|  0%| F|  |TAMS 0x0000000705000000, 0x0000000705000000| Untracked 
|  25|0x0000000705100000, 0x0000000705100000, 0x0000000705200000|  0%| F|  |TAMS 0x0000000705100000, 0x0000000705100000| Untracked 
|  26|0x0000000705200000, 0x0000000705200000, 0x0000000705300000|  0%| F|  |TAMS 0x0000000705200000, 0x0000000705200000| Untracked 
|  27|0x0000000705300000, 0x0000000705300000, 0x0000000705400000|  0%| F|  |TAMS 0x0000000705300000, 0x0000000705300000| Untracked 
|  28|0x0000000705400000, 0x0000000705400000, 0x0000000705500000|  0%| F|  |TAMS 0x0000000705400000, 0x0000000705400000| Untracked 
|  29|0x0000000705500000, 0x0000000705500000, 0x0000000705600000|  0%| F|  |TAMS 0x0000000705500000, 0x0000000705500000| Untracked 
|  30|0x0000000705600000, 0x0000000705600000, 0x0000000705700000|  0%| F|  |TAMS 0x0000000705600000, 0x0000000705600000| Untracked 
|  31|0x0000000705700000, 0x0000000705700000, 0x0000000705800000|  0%| F|  |TAMS 0x0000000705700000, 0x0000000705700000| Untracked 
|  32|0x0000000705800000, 0x0000000705800000, 0x0000000705900000|  0%| F|  |TAMS 0x0000000705800000, 0x0000000705800000| Untracked 
|  33|0x0000000705900000, 0x0000000705900000, 0x0000000705a00000|  0%| F|  |TAMS 0x0000000705900000, 0x0000000705900000| Untracked 
|  34|0x0000000705a00000, 0x0000000705a00000, 0x0000000705b00000|  0%| F|  |TAMS 0x0000000705a00000, 0x0000000705a00000| Untracked 
|  35|0x0000000705b00000, 0x0000000705b00000, 0x0000000705c00000|  0%| F|  |TAMS 0x0000000705b00000, 0x0000000705b00000| Untracked 
|  36|0x0000000705c00000, 0x0000000705c00000, 0x0000000705d00000|  0%| F|  |TAMS 0x0000000705c00000, 0x0000000705c00000| Untracked 
|  37|0x0000000705d00000, 0x0000000705d00000, 0x0000000705e00000|  0%| F|  |TAMS 0x0000000705d00000, 0x0000000705d00000| Untracked 
|  38|0x0000000705e00000, 0x0000000705e00000, 0x0000000705f00000|  0%| F|  |TAMS 0x0000000705e00000, 0x0000000705e00000| Untracked 
|  39|0x0000000705f00000, 0x0000000705f00000, 0x0000000706000000|  0%| F|  |TAMS 0x0000000705f00000, 0x0000000705f00000| Untracked 
|  40|0x0000000706000000, 0x0000000706000000, 0x0000000706100000|  0%| F|  |TAMS 0x0000000706000000, 0x0000000706000000| Untracked 
|  41|0x0000000706100000, 0x0000000706100000, 0x0000000706200000|  0%| F|  |TAMS 0x0000000706100000, 0x0000000706100000| Untracked 
|  42|0x0000000706200000, 0x0000000706200000, 0x0000000706300000|  0%| F|  |TAMS 0x0000000706200000, 0x0000000706200000| Untracked 
|  43|0x0000000706300000, 0x0000000706300000, 0x0000000706400000|  0%| F|  |TAMS 0x0000000706300000, 0x0000000706300000| Untracked 
|  44|0x0000000706400000, 0x0000000706400000, 0x0000000706500000|  0%| F|  |TAMS 0x0000000706400000, 0x0000000706400000| Untracked 
|  45|0x0000000706500000, 0x0000000706500000, 0x0000000706600000|  0%| F|  |TAMS 0x0000000706500000, 0x0000000706500000| Untracked 
|  46|0x0000000706600000, 0x0000000706600000, 0x0000000706700000|  0%| F|  |TAMS 0x0000000706600000, 0x0000000706600000| Untracked 
|  47|0x0000000706700000, 0x0000000706700000, 0x0000000706800000|  0%| F|  |TAMS 0x0000000706700000, 0x0000000706700000| Untracked 
|  48|0x0000000706800000, 0x0000000706800000, 0x0000000706900000|  0%| F|  |TAMS 0x0000000706800000, 0x0000000706800000| Untracked 
|  49|0x0000000706900000, 0x0000000706900000, 0x0000000706a00000|  0%| F|  |TAMS 0x0000000706900000, 0x0000000706900000| Untracked 
|  50|0x0000000706a00000, 0x0000000706a00000, 0x0000000706b00000|  0%| F|  |TAMS 0x0000000706a00000, 0x0000000706a00000| Untracked 
|  51|0x0000000706b00000, 0x0000000706b00000, 0x0000000706c00000|  0%| F|  |TAMS 0x0000000706b00000, 0x0000000706b00000| Untracked 
|  52|0x0000000706c00000, 0x0000000706c00000, 0x0000000706d00000|  0%| F|  |TAMS 0x0000000706c00000, 0x0000000706c00000| Untracked 
|  53|0x0000000706d00000, 0x0000000706d00000, 0x0000000706e00000|  0%| F|  |TAMS 0x0000000706d00000, 0x0000000706d00000| Untracked 
|  54|0x0000000706e00000, 0x0000000706e00000, 0x0000000706f00000|  0%| F|  |TAMS 0x0000000706e00000, 0x0000000706e00000| Untracked 
|  55|0x0000000706f00000, 0x0000000706f00000, 0x0000000707000000|  0%| F|  |TAMS 0x0000000706f00000, 0x0000000706f00000| Untracked 
|  56|0x0000000707000000, 0x0000000707000000, 0x0000000707100000|  0%| F|  |TAMS 0x0000000707000000, 0x0000000707000000| Untracked 
|  57|0x0000000707100000, 0x0000000707100000, 0x0000000707200000|  0%| F|  |TAMS 0x0000000707100000, 0x0000000707100000| Untracked 
|  58|0x0000000707200000, 0x0000000707200000, 0x0000000707300000|  0%| F|  |TAMS 0x0000000707200000, 0x0000000707200000| Untracked 
|  59|0x0000000707300000, 0x0000000707300000, 0x0000000707400000|  0%| F|  |TAMS 0x0000000707300000, 0x0000000707300000| Untracked 
|  60|0x0000000707400000, 0x0000000707400000, 0x0000000707500000|  0%| F|  |TAMS 0x0000000707400000, 0x0000000707400000| Untracked 
|  61|0x0000000707500000, 0x0000000707500000, 0x0000000707600000|  0%| F|  |TAMS 0x0000000707500000, 0x0000000707500000| Untracked 
|  62|0x0000000707600000, 0x0000000707600000, 0x0000000707700000|  0%| F|  |TAMS 0x0000000707600000, 0x0000000707600000| Untracked 
|  63|0x0000000707700000, 0x0000000707700000, 0x0000000707800000|  0%| F|  |TAMS 0x0000000707700000, 0x0000000707700000| Untracked 
|  64|0x0000000707800000, 0x0000000707800000, 0x0000000707900000|  0%| F|  |TAMS 0x0000000707800000, 0x0000000707800000| Untracked 
|  65|0x0000000707900000, 0x0000000707900000, 0x0000000707a00000|  0%| F|  |TAMS 0x0000000707900000, 0x0000000707900000| Untracked 
|  66|0x0000000707a00000, 0x0000000707a00000, 0x0000000707b00000|  0%| F|  |TAMS 0x0000000707a00000, 0x0000000707a00000| Untracked 
|  67|0x0000000707b00000, 0x0000000707b00000, 0x0000000707c00000|  0%| F|  |TAMS 0x0000000707b00000, 0x0000000707b00000| Untracked 
|  68|0x0000000707c00000, 0x0000000707c00000, 0x0000000707d00000|  0%| F|  |TAMS 0x0000000707c00000, 0x0000000707c00000| Untracked 
|  69|0x0000000707d00000, 0x0000000707d00000, 0x0000000707e00000|  0%| F|  |TAMS 0x0000000707d00000, 0x0000000707d00000| Untracked 
|  70|0x0000000707e00000, 0x0000000707e00000, 0x0000000707f00000|  0%| F|  |TAMS 0x0000000707e00000, 0x0000000707e00000| Untracked 
|  71|0x0000000707f00000, 0x0000000707f00000, 0x0000000708000000|  0%| F|  |TAMS 0x0000000707f00000, 0x0000000707f00000| Untracked 
|  72|0x0000000708000000, 0x0000000708000000, 0x0000000708100000|  0%| F|  |TAMS 0x0000000708000000, 0x0000000708000000| Untracked 
|  73|0x0000000708100000, 0x0000000708100000, 0x0000000708200000|  0%| F|  |TAMS 0x0000000708100000, 0x0000000708100000| Untracked 
|  74|0x0000000708200000, 0x0000000708200000, 0x0000000708300000|  0%| F|  |TAMS 0x0000000708200000, 0x0000000708200000| Untracked 
|  75|0x0000000708300000, 0x0000000708300000, 0x0000000708400000|  0%| F|  |TAMS 0x0000000708300000, 0x0000000708300000| Untracked 
|  76|0x0000000708400000, 0x0000000708400000, 0x0000000708500000|  0%| F|  |TAMS 0x0000000708400000, 0x0000000708400000| Untracked 
|  77|0x0000000708500000, 0x0000000708500000, 0x0000000708600000|  0%| F|  |TAMS 0x0000000708500000, 0x0000000708500000| Untracked 
|  78|0x0000000708600000, 0x0000000708600000, 0x0000000708700000|  0%| F|  |TAMS 0x0000000708600000, 0x0000000708600000| Untracked 
|  79|0x0000000708700000, 0x0000000708700000, 0x0000000708800000|  0%| F|  |TAMS 0x0000000708700000, 0x0000000708700000| Untracked 
|  80|0x0000000708800000, 0x0000000708800000, 0x0000000708900000|  0%| F|  |TAMS 0x0000000708800000, 0x0000000708800000| Untracked 
|  81|0x0000000708900000, 0x0000000708900000, 0x0000000708a00000|  0%| F|  |TAMS 0x0000000708900000, 0x0000000708900000| Untracked 
|  82|0x0000000708a00000, 0x0000000708a00000, 0x0000000708b00000|  0%| F|  |TAMS 0x0000000708a00000, 0x0000000708a00000| Untracked 
|  83|0x0000000708b00000, 0x0000000708b00000, 0x0000000708c00000|  0%| F|  |TAMS 0x0000000708b00000, 0x0000000708b00000| Untracked 
|  84|0x0000000708c00000, 0x0000000708c00000, 0x0000000708d00000|  0%| F|  |TAMS 0x0000000708c00000, 0x0000000708c00000| Untracked 
|  85|0x0000000708d00000, 0x0000000708d00000, 0x0000000708e00000|  0%| F|  |TAMS 0x0000000708d00000, 0x0000000708d00000| Untracked 
|  86|0x0000000708e00000, 0x0000000708e00000, 0x0000000708f00000|  0%| F|  |TAMS 0x0000000708e00000, 0x0000000708e00000| Untracked 
|  87|0x0000000708f00000, 0x0000000708f00000, 0x0000000709000000|  0%| F|  |TAMS 0x0000000708f00000, 0x0000000708f00000| Untracked 
|  88|0x0000000709000000, 0x0000000709000000, 0x0000000709100000|  0%| F|  |TAMS 0x0000000709000000, 0x0000000709000000| Untracked 
|  89|0x0000000709100000, 0x0000000709100000, 0x0000000709200000|  0%| F|  |TAMS 0x0000000709100000, 0x0000000709100000| Untracked 
|  90|0x0000000709200000, 0x0000000709200000, 0x0000000709300000|  0%| F|  |TAMS 0x0000000709200000, 0x0000000709200000| Untracked 
|  91|0x0000000709300000, 0x0000000709300000, 0x0000000709400000|  0%| F|  |TAMS 0x0000000709300000, 0x0000000709300000| Untracked 
|  92|0x0000000709400000, 0x0000000709400000, 0x0000000709500000|  0%| F|  |TAMS 0x0000000709400000, 0x0000000709400000| Untracked 
|  93|0x0000000709500000, 0x0000000709500000, 0x0000000709600000|  0%| F|  |TAMS 0x0000000709500000, 0x0000000709500000| Untracked 
|  94|0x0000000709600000, 0x0000000709600000, 0x0000000709700000|  0%| F|  |TAMS 0x0000000709600000, 0x0000000709600000| Untracked 
|  95|0x0000000709700000, 0x0000000709700000, 0x0000000709800000|  0%| F|  |TAMS 0x0000000709700000, 0x0000000709700000| Untracked 
|  96|0x0000000709800000, 0x0000000709800000, 0x0000000709900000|  0%| F|  |TAMS 0x0000000709800000, 0x0000000709800000| Untracked 
|  97|0x0000000709900000, 0x0000000709900000, 0x0000000709a00000|  0%| F|  |TAMS 0x0000000709900000, 0x0000000709900000| Untracked 
|  98|0x0000000709a00000, 0x0000000709a00000, 0x0000000709b00000|  0%| F|  |TAMS 0x0000000709a00000, 0x0000000709a00000| Untracked 
|  99|0x0000000709b00000, 0x0000000709b00000, 0x0000000709c00000|  0%| F|  |TAMS 0x0000000709b00000, 0x0000000709b00000| Untracked 
| 100|0x0000000709c00000, 0x0000000709c00000, 0x0000000709d00000|  0%| F|  |TAMS 0x0000000709c00000, 0x0000000709c00000| Untracked 
| 101|0x0000000709d00000, 0x0000000709d00000, 0x0000000709e00000|  0%| F|  |TAMS 0x0000000709d00000, 0x0000000709d00000| Untracked 
| 102|0x0000000709e00000, 0x0000000709e00000, 0x0000000709f00000|  0%| F|  |TAMS 0x0000000709e00000, 0x0000000709e00000| Untracked 
| 103|0x0000000709f00000, 0x0000000709f00000, 0x000000070a000000|  0%| F|  |TAMS 0x0000000709f00000, 0x0000000709f00000| Untracked 
| 104|0x000000070a000000, 0x000000070a000000, 0x000000070a100000|  0%| F|  |TAMS 0x000000070a000000, 0x000000070a000000| Untracked 
| 105|0x000000070a100000, 0x000000070a100000, 0x000000070a200000|  0%| F|  |TAMS 0x000000070a100000, 0x000000070a100000| Untracked 
| 106|0x000000070a200000, 0x000000070a200000, 0x000000070a300000|  0%| F|  |TAMS 0x000000070a200000, 0x000000070a200000| Untracked 
| 107|0x000000070a300000, 0x000000070a300000, 0x000000070a400000|  0%| F|  |TAMS 0x000000070a300000, 0x000000070a300000| Untracked 
| 108|0x000000070a400000, 0x000000070a400000, 0x000000070a500000|  0%| F|  |TAMS 0x000000070a400000, 0x000000070a400000| Untracked 
| 109|0x000000070a500000, 0x000000070a500000, 0x000000070a600000|  0%| F|  |TAMS 0x000000070a500000, 0x000000070a500000| Untracked 
| 110|0x000000070a600000, 0x000000070a600000, 0x000000070a700000|  0%| F|  |TAMS 0x000000070a600000, 0x000000070a600000| Untracked 
| 111|0x000000070a700000, 0x000000070a700000, 0x000000070a800000|  0%| F|  |TAMS 0x000000070a700000, 0x000000070a700000| Untracked 
| 112|0x000000070a800000, 0x000000070a800000, 0x000000070a900000|  0%| F|  |TAMS 0x000000070a800000, 0x000000070a800000| Untracked 
| 113|0x000000070a900000, 0x000000070a900000, 0x000000070aa00000|  0%| F|  |TAMS 0x000000070a900000, 0x000000070a900000| Untracked 
| 114|0x000000070aa00000, 0x000000070aa00000, 0x000000070ab00000|  0%| F|  |TAMS 0x000000070aa00000, 0x000000070aa00000| Untracked 
| 115|0x000000070ab00000, 0x000000070ab00000, 0x000000070ac00000|  0%| F|  |TAMS 0x000000070ab00000, 0x000000070ab00000| Untracked 
| 116|0x000000070ac00000, 0x000000070ac00000, 0x000000070ad00000|  0%| F|  |TAMS 0x000000070ac00000, 0x000000070ac00000| Untracked 
| 117|0x000000070ad00000, 0x000000070ad00000, 0x000000070ae00000|  0%| F|  |TAMS 0x000000070ad00000, 0x000000070ad00000| Untracked 
| 118|0x000000070ae00000, 0x000000070ae00000, 0x000000070af00000|  0%| F|  |TAMS 0x000000070ae00000, 0x000000070ae00000| Untracked 
| 119|0x000000070af00000, 0x000000070af00000, 0x000000070b000000|  0%| F|  |TAMS 0x000000070af00000, 0x000000070af00000| Untracked 
| 120|0x000000070b000000, 0x000000070b000000, 0x000000070b100000|  0%| F|  |TAMS 0x000000070b000000, 0x000000070b000000| Untracked 
| 121|0x000000070b100000, 0x000000070b100000, 0x000000070b200000|  0%| F|  |TAMS 0x000000070b100000, 0x000000070b100000| Untracked 
| 122|0x000000070b200000, 0x000000070b200000, 0x000000070b300000|  0%| F|  |TAMS 0x000000070b200000, 0x000000070b200000| Untracked 
| 123|0x000000070b300000, 0x000000070b300000, 0x000000070b400000|  0%| F|  |TAMS 0x000000070b300000, 0x000000070b300000| Untracked 
| 124|0x000000070b400000, 0x000000070b400000, 0x000000070b500000|  0%| F|  |TAMS 0x000000070b400000, 0x000000070b400000| Untracked 
| 125|0x000000070b500000, 0x000000070b500000, 0x000000070b600000|  0%| F|  |TAMS 0x000000070b500000, 0x000000070b500000| Untracked 
| 126|0x000000070b600000, 0x000000070b600000, 0x000000070b700000|  0%| F|  |TAMS 0x000000070b600000, 0x000000070b600000| Untracked 
| 127|0x000000070b700000, 0x000000070b700000, 0x000000070b800000|  0%| F|  |TAMS 0x000000070b700000, 0x000000070b700000| Untracked 
| 128|0x000000070b800000, 0x000000070b800000, 0x000000070b900000|  0%| F|  |TAMS 0x000000070b800000, 0x000000070b800000| Untracked 
| 129|0x000000070b900000, 0x000000070b900000, 0x000000070ba00000|  0%| F|  |TAMS 0x000000070b900000, 0x000000070b900000| Untracked 
| 130|0x000000070ba00000, 0x000000070ba00000, 0x000000070bb00000|  0%| F|  |TAMS 0x000000070ba00000, 0x000000070ba00000| Untracked 
| 131|0x000000070bb00000, 0x000000070bb00000, 0x000000070bc00000|  0%| F|  |TAMS 0x000000070bb00000, 0x000000070bb00000| Untracked 
| 132|0x000000070bc00000, 0x000000070bc00000, 0x000000070bd00000|  0%| F|  |TAMS 0x000000070bc00000, 0x000000070bc00000| Untracked 
| 133|0x000000070bd00000, 0x000000070bd00000, 0x000000070be00000|  0%| F|  |TAMS 0x000000070bd00000, 0x000000070bd00000| Untracked 
| 134|0x000000070be00000, 0x000000070be00000, 0x000000070bf00000|  0%| F|  |TAMS 0x000000070be00000, 0x000000070be00000| Untracked 
| 135|0x000000070bf00000, 0x000000070bf00000, 0x000000070c000000|  0%| F|  |TAMS 0x000000070bf00000, 0x000000070bf00000| Untracked 
| 136|0x000000070c000000, 0x000000070c000000, 0x000000070c100000|  0%| F|  |TAMS 0x000000070c000000, 0x000000070c000000| Untracked 
| 137|0x000000070c100000, 0x000000070c100000, 0x000000070c200000|  0%| F|  |TAMS 0x000000070c100000, 0x000000070c100000| Untracked 
| 138|0x000000070c200000, 0x000000070c200000, 0x000000070c300000|  0%| F|  |TAMS 0x000000070c200000, 0x000000070c200000| Untracked 
| 139|0x000000070c300000, 0x000000070c300000, 0x000000070c400000|  0%| F|  |TAMS 0x000000070c300000, 0x000000070c300000| Untracked 
| 140|0x000000070c400000, 0x000000070c400000, 0x000000070c500000|  0%| F|  |TAMS 0x000000070c400000, 0x000000070c400000| Untracked 
| 141|0x000000070c500000, 0x000000070c500000, 0x000000070c600000|  0%| F|  |TAMS 0x000000070c500000, 0x000000070c500000| Untracked 
| 142|0x000000070c600000, 0x000000070c600000, 0x000000070c700000|  0%| F|  |TAMS 0x000000070c600000, 0x000000070c600000| Untracked 
| 143|0x000000070c700000, 0x000000070c700000, 0x000000070c800000|  0%| F|  |TAMS 0x000000070c700000, 0x000000070c700000| Untracked 
| 144|0x000000070c800000, 0x000000070c800000, 0x000000070c900000|  0%| F|  |TAMS 0x000000070c800000, 0x000000070c800000| Untracked 
| 145|0x000000070c900000, 0x000000070c900000, 0x000000070ca00000|  0%| F|  |TAMS 0x000000070c900000, 0x000000070c900000| Untracked 
| 146|0x000000070ca00000, 0x000000070ca00000, 0x000000070cb00000|  0%| F|  |TAMS 0x000000070ca00000, 0x000000070ca00000| Untracked 
| 147|0x000000070cb00000, 0x000000070cb00000, 0x000000070cc00000|  0%| F|  |TAMS 0x000000070cb00000, 0x000000070cb00000| Untracked 
| 148|0x000000070cc00000, 0x000000070cc00000, 0x000000070cd00000|  0%| F|  |TAMS 0x000000070cc00000, 0x000000070cc00000| Untracked 
| 149|0x000000070cd00000, 0x000000070cd00000, 0x000000070ce00000|  0%| F|  |TAMS 0x000000070cd00000, 0x000000070cd00000| Untracked 
| 150|0x000000070ce00000, 0x000000070ce00000, 0x000000070cf00000|  0%| F|  |TAMS 0x000000070ce00000, 0x000000070ce00000| Untracked 
| 151|0x000000070cf00000, 0x000000070cf00000, 0x000000070d000000|  0%| F|  |TAMS 0x000000070cf00000, 0x000000070cf00000| Untracked 
| 152|0x000000070d000000, 0x000000070d000000, 0x000000070d100000|  0%| F|  |TAMS 0x000000070d000000, 0x000000070d000000| Untracked 
| 153|0x000000070d100000, 0x000000070d100000, 0x000000070d200000|  0%| F|  |TAMS 0x000000070d100000, 0x000000070d100000| Untracked 
| 154|0x000000070d200000, 0x000000070d200000, 0x000000070d300000|  0%| F|  |TAMS 0x000000070d200000, 0x000000070d200000| Untracked 
| 155|0x000000070d300000, 0x000000070d300000, 0x000000070d400000|  0%| F|  |TAMS 0x000000070d300000, 0x000000070d300000| Untracked 
| 156|0x000000070d400000, 0x000000070d400000, 0x000000070d500000|  0%| F|  |TAMS 0x000000070d400000, 0x000000070d400000| Untracked 
| 157|0x000000070d500000, 0x000000070d500000, 0x000000070d600000|  0%| F|  |TAMS 0x000000070d500000, 0x000000070d500000| Untracked 
| 158|0x000000070d600000, 0x000000070d600000, 0x000000070d700000|  0%| F|  |TAMS 0x000000070d600000, 0x000000070d600000| Untracked 
| 159|0x000000070d700000, 0x000000070d700000, 0x000000070d800000|  0%| F|  |TAMS 0x000000070d700000, 0x000000070d700000| Untracked 
| 160|0x000000070d800000, 0x000000070d800000, 0x000000070d900000|  0%| F|  |TAMS 0x000000070d800000, 0x000000070d800000| Untracked 
| 161|0x000000070d900000, 0x000000070d900000, 0x000000070da00000|  0%| F|  |TAMS 0x000000070d900000, 0x000000070d900000| Untracked 
| 162|0x000000070da00000, 0x000000070da00000, 0x000000070db00000|  0%| F|  |TAMS 0x000000070da00000, 0x000000070da00000| Untracked 
| 163|0x000000070db00000, 0x000000070db00000, 0x000000070dc00000|  0%| F|  |TAMS 0x000000070db00000, 0x000000070db00000| Untracked 
| 164|0x000000070dc00000, 0x000000070dc00000, 0x000000070dd00000|  0%| F|  |TAMS 0x000000070dc00000, 0x000000070dc00000| Untracked 
| 165|0x000000070dd00000, 0x000000070dd00000, 0x000000070de00000|  0%| F|  |TAMS 0x000000070dd00000, 0x000000070dd00000| Untracked 
| 166|0x000000070de00000, 0x000000070de00000, 0x000000070df00000|  0%| F|  |TAMS 0x000000070de00000, 0x000000070de00000| Untracked 
| 167|0x000000070df00000, 0x000000070df00000, 0x000000070e000000|  0%| F|  |TAMS 0x000000070df00000, 0x000000070df00000| Untracked 
| 168|0x000000070e000000, 0x000000070e000000, 0x000000070e100000|  0%| F|  |TAMS 0x000000070e000000, 0x000000070e000000| Untracked 
| 169|0x000000070e100000, 0x000000070e100000, 0x000000070e200000|  0%| F|  |TAMS 0x000000070e100000, 0x000000070e100000| Untracked 
| 170|0x000000070e200000, 0x000000070e200000, 0x000000070e300000|  0%| F|  |TAMS 0x000000070e200000, 0x000000070e200000| Untracked 
| 171|0x000000070e300000, 0x000000070e300000, 0x000000070e400000|  0%| F|  |TAMS 0x000000070e300000, 0x000000070e300000| Untracked 
| 172|0x000000070e400000, 0x000000070e400000, 0x000000070e500000|  0%| F|  |TAMS 0x000000070e400000, 0x000000070e400000| Untracked 
| 173|0x000000070e500000, 0x000000070e500000, 0x000000070e600000|  0%| F|  |TAMS 0x000000070e500000, 0x000000070e500000| Untracked 
| 174|0x000000070e600000, 0x000000070e600000, 0x000000070e700000|  0%| F|  |TAMS 0x000000070e600000, 0x000000070e600000| Untracked 
| 175|0x000000070e700000, 0x000000070e700000, 0x000000070e800000|  0%| F|  |TAMS 0x000000070e700000, 0x000000070e700000| Untracked 
| 176|0x000000070e800000, 0x000000070e800000, 0x000000070e900000|  0%| F|  |TAMS 0x000000070e800000, 0x000000070e800000| Untracked 
| 177|0x000000070e900000, 0x000000070e900000, 0x000000070ea00000|  0%| F|  |TAMS 0x000000070e900000, 0x000000070e900000| Untracked 
| 178|0x000000070ea00000, 0x000000070ea00000, 0x000000070eb00000|  0%| F|  |TAMS 0x000000070ea00000, 0x000000070ea00000| Untracked 
| 179|0x000000070eb00000, 0x000000070eb00000, 0x000000070ec00000|  0%| F|  |TAMS 0x000000070eb00000, 0x000000070eb00000| Untracked 
| 180|0x000000070ec00000, 0x000000070ec00000, 0x000000070ed00000|  0%| F|  |TAMS 0x000000070ec00000, 0x000000070ec00000| Untracked 
| 181|0x000000070ed00000, 0x000000070ed00000, 0x000000070ee00000|  0%| F|  |TAMS 0x000000070ed00000, 0x000000070ed00000| Untracked 
| 182|0x000000070ee00000, 0x000000070ee00000, 0x000000070ef00000|  0%| F|  |TAMS 0x000000070ee00000, 0x000000070ee00000| Untracked 
| 183|0x000000070ef00000, 0x000000070ef00000, 0x000000070f000000|  0%| F|  |TAMS 0x000000070ef00000, 0x000000070ef00000| Untracked 
| 184|0x000000070f000000, 0x000000070f000000, 0x000000070f100000|  0%| F|  |TAMS 0x000000070f000000, 0x000000070f000000| Untracked 
| 185|0x000000070f100000, 0x000000070f100000, 0x000000070f200000|  0%| F|  |TAMS 0x000000070f100000, 0x000000070f100000| Untracked 
| 186|0x000000070f200000, 0x000000070f200000, 0x000000070f300000|  0%| F|  |TAMS 0x000000070f200000, 0x000000070f200000| Untracked 
| 187|0x000000070f300000, 0x000000070f300000, 0x000000070f400000|  0%| F|  |TAMS 0x000000070f300000, 0x000000070f300000| Untracked 
| 188|0x000000070f400000, 0x000000070f400000, 0x000000070f500000|  0%| F|  |TAMS 0x000000070f400000, 0x000000070f400000| Untracked 
| 189|0x000000070f500000, 0x000000070f500000, 0x000000070f600000|  0%| F|  |TAMS 0x000000070f500000, 0x000000070f500000| Untracked 
| 190|0x000000070f600000, 0x000000070f600000, 0x000000070f700000|  0%| F|  |TAMS 0x000000070f600000, 0x000000070f600000| Untracked 
| 191|0x000000070f700000, 0x000000070f700000, 0x000000070f800000|  0%| F|  |TAMS 0x000000070f700000, 0x000000070f700000| Untracked 
| 192|0x000000070f800000, 0x000000070f800000, 0x000000070f900000|  0%| F|  |TAMS 0x000000070f800000, 0x000000070f800000| Untracked 
| 193|0x000000070f900000, 0x000000070f900000, 0x000000070fa00000|  0%| F|  |TAMS 0x000000070f900000, 0x000000070f900000| Untracked 
| 194|0x000000070fa00000, 0x000000070fa00000, 0x000000070fb00000|  0%| F|  |TAMS 0x000000070fa00000, 0x000000070fa00000| Untracked 
| 195|0x000000070fb00000, 0x000000070fb00000, 0x000000070fc00000|  0%| F|  |TAMS 0x000000070fb00000, 0x000000070fb00000| Untracked 
| 196|0x000000070fc00000, 0x000000070fc00000, 0x000000070fd00000|  0%| F|  |TAMS 0x000000070fc00000, 0x000000070fc00000| Untracked 
| 197|0x000000070fd00000, 0x000000070fd00000, 0x000000070fe00000|  0%| F|  |TAMS 0x000000070fd00000, 0x000000070fd00000| Untracked 
| 198|0x000000070fe00000, 0x000000070fe00000, 0x000000070ff00000|  0%| F|  |TAMS 0x000000070fe00000, 0x000000070fe00000| Untracked 
| 199|0x000000070ff00000, 0x000000070ff00000, 0x0000000710000000|  0%| F|  |TAMS 0x000000070ff00000, 0x000000070ff00000| Untracked 
| 200|0x0000000710000000, 0x0000000710000000, 0x0000000710100000|  0%| F|  |TAMS 0x0000000710000000, 0x0000000710000000| Untracked 
| 201|0x0000000710100000, 0x0000000710100000, 0x0000000710200000|  0%| F|  |TAMS 0x0000000710100000, 0x0000000710100000| Untracked 
| 202|0x0000000710200000, 0x0000000710200000, 0x0000000710300000|  0%| F|  |TAMS 0x0000000710200000, 0x0000000710200000| Untracked 
| 203|0x0000000710300000, 0x0000000710300000, 0x0000000710400000|  0%| F|  |TAMS 0x0000000710300000, 0x0000000710300000| Untracked 
| 204|0x0000000710400000, 0x0000000710400000, 0x0000000710500000|  0%| F|  |TAMS 0x0000000710400000, 0x0000000710400000| Untracked 
| 205|0x0000000710500000, 0x0000000710500000, 0x0000000710600000|  0%| F|  |TAMS 0x0000000710500000, 0x0000000710500000| Untracked 
| 206|0x0000000710600000, 0x0000000710600000, 0x0000000710700000|  0%| F|  |TAMS 0x0000000710600000, 0x0000000710600000| Untracked 
| 207|0x0000000710700000, 0x0000000710700000, 0x0000000710800000|  0%| F|  |TAMS 0x0000000710700000, 0x0000000710700000| Untracked 
| 208|0x0000000710800000, 0x0000000710800000, 0x0000000710900000|  0%| F|  |TAMS 0x0000000710800000, 0x0000000710800000| Untracked 
| 209|0x0000000710900000, 0x0000000710900000, 0x0000000710a00000|  0%| F|  |TAMS 0x0000000710900000, 0x0000000710900000| Untracked 
| 210|0x0000000710a00000, 0x0000000710a00000, 0x0000000710b00000|  0%| F|  |TAMS 0x0000000710a00000, 0x0000000710a00000| Untracked 
| 211|0x0000000710b00000, 0x0000000710b00000, 0x0000000710c00000|  0%| F|  |TAMS 0x0000000710b00000, 0x0000000710b00000| Untracked 
| 212|0x0000000710c00000, 0x0000000710c00000, 0x0000000710d00000|  0%| F|  |TAMS 0x0000000710c00000, 0x0000000710c00000| Untracked 
| 213|0x0000000710d00000, 0x0000000710d00000, 0x0000000710e00000|  0%| F|  |TAMS 0x0000000710d00000, 0x0000000710d00000| Untracked 
| 214|0x0000000710e00000, 0x0000000710e00000, 0x0000000710f00000|  0%| F|  |TAMS 0x0000000710e00000, 0x0000000710e00000| Untracked 
| 215|0x0000000710f00000, 0x0000000710f00000, 0x0000000711000000|  0%| F|  |TAMS 0x0000000710f00000, 0x0000000710f00000| Untracked 
| 216|0x0000000711000000, 0x0000000711000000, 0x0000000711100000|  0%| F|  |TAMS 0x0000000711000000, 0x0000000711000000| Untracked 
| 217|0x0000000711100000, 0x0000000711100000, 0x0000000711200000|  0%| F|  |TAMS 0x0000000711100000, 0x0000000711100000| Untracked 
| 218|0x0000000711200000, 0x0000000711200000, 0x0000000711300000|  0%| F|  |TAMS 0x0000000711200000, 0x0000000711200000| Untracked 
| 219|0x0000000711300000, 0x0000000711300000, 0x0000000711400000|  0%| F|  |TAMS 0x0000000711300000, 0x0000000711300000| Untracked 
| 220|0x0000000711400000, 0x0000000711400000, 0x0000000711500000|  0%| F|  |TAMS 0x0000000711400000, 0x0000000711400000| Untracked 
| 221|0x0000000711500000, 0x0000000711500000, 0x0000000711600000|  0%| F|  |TAMS 0x0000000711500000, 0x0000000711500000| Untracked 
| 222|0x0000000711600000, 0x0000000711600000, 0x0000000711700000|  0%| F|  |TAMS 0x0000000711600000, 0x0000000711600000| Untracked 
| 223|0x0000000711700000, 0x0000000711700000, 0x0000000711800000|  0%| F|  |TAMS 0x0000000711700000, 0x0000000711700000| Untracked 
| 224|0x0000000711800000, 0x0000000711800000, 0x0000000711900000|  0%| F|  |TAMS 0x0000000711800000, 0x0000000711800000| Untracked 
| 225|0x0000000711900000, 0x0000000711900000, 0x0000000711a00000|  0%| F|  |TAMS 0x0000000711900000, 0x0000000711900000| Untracked 
| 226|0x0000000711a00000, 0x0000000711a00000, 0x0000000711b00000|  0%| F|  |TAMS 0x0000000711a00000, 0x0000000711a00000| Untracked 
| 227|0x0000000711b00000, 0x0000000711b00000, 0x0000000711c00000|  0%| F|  |TAMS 0x0000000711b00000, 0x0000000711b00000| Untracked 
| 228|0x0000000711c00000, 0x0000000711c00000, 0x0000000711d00000|  0%| F|  |TAMS 0x0000000711c00000, 0x0000000711c00000| Untracked 
| 229|0x0000000711d00000, 0x0000000711d00000, 0x0000000711e00000|  0%| F|  |TAMS 0x0000000711d00000, 0x0000000711d00000| Untracked 
| 230|0x0000000711e00000, 0x0000000711e00000, 0x0000000711f00000|  0%| F|  |TAMS 0x0000000711e00000, 0x0000000711e00000| Untracked 
| 231|0x0000000711f00000, 0x0000000711ff6470, 0x0000000712000000| 96%| E|  |TAMS 0x0000000711f00000, 0x0000000711f00000| Complete 
| 232|0x0000000712000000, 0x0000000712100000, 0x0000000712100000|100%| E|CS|TAMS 0x0000000712000000, 0x0000000712000000| Complete 
| 233|0x0000000712100000, 0x0000000712200000, 0x0000000712200000|100%| E|CS|TAMS 0x0000000712100000, 0x0000000712100000| Complete 
| 234|0x0000000712200000, 0x0000000712300000, 0x0000000712300000|100%| E|CS|TAMS 0x0000000712200000, 0x0000000712200000| Complete 
| 235|0x0000000712300000, 0x0000000712400000, 0x0000000712400000|100%| E|CS|TAMS 0x0000000712300000, 0x0000000712300000| Complete 
| 236|0x0000000712400000, 0x0000000712500000, 0x0000000712500000|100%| E|CS|TAMS 0x0000000712400000, 0x0000000712400000| Complete 
| 237|0x0000000712500000, 0x0000000712600000, 0x0000000712600000|100%| E|CS|TAMS 0x0000000712500000, 0x0000000712500000| Complete 
| 238|0x0000000712600000, 0x0000000712700000, 0x0000000712700000|100%| E|  |TAMS 0x0000000712600000, 0x0000000712600000| Complete 
| 239|0x0000000712700000, 0x0000000712800000, 0x0000000712800000|100%| E|CS|TAMS 0x0000000712700000, 0x0000000712700000| Complete 
| 240|0x0000000712800000, 0x0000000712900000, 0x0000000712900000|100%| E|CS|TAMS 0x0000000712800000, 0x0000000712800000| Complete 
| 241|0x0000000712900000, 0x0000000712a00000, 0x0000000712a00000|100%| E|CS|TAMS 0x0000000712900000, 0x0000000712900000| Complete 
| 242|0x0000000712a00000, 0x0000000712b00000, 0x0000000712b00000|100%| E|CS|TAMS 0x0000000712a00000, 0x0000000712a00000| Complete 
| 243|0x0000000712b00000, 0x0000000712c00000, 0x0000000712c00000|100%| E|CS|TAMS 0x0000000712b00000, 0x0000000712b00000| Complete 
| 244|0x0000000712c00000, 0x0000000712d00000, 0x0000000712d00000|100%| E|CS|TAMS 0x0000000712c00000, 0x0000000712c00000| Complete 
| 245|0x0000000712d00000, 0x0000000712e00000, 0x0000000712e00000|100%| E|CS|TAMS 0x0000000712d00000, 0x0000000712d00000| Complete 
| 246|0x0000000712e00000, 0x0000000712f00000, 0x0000000712f00000|100%| E|CS|TAMS 0x0000000712e00000, 0x0000000712e00000| Complete 
| 247|0x0000000712f00000, 0x0000000713000000, 0x0000000713000000|100%| E|CS|TAMS 0x0000000712f00000, 0x0000000712f00000| Complete 
| 248|0x0000000713000000, 0x0000000713100000, 0x0000000713100000|100%| E|CS|TAMS 0x0000000713000000, 0x0000000713000000| Complete 
| 249|0x0000000713100000, 0x0000000713200000, 0x0000000713200000|100%| E|CS|TAMS 0x0000000713100000, 0x0000000713100000| Complete 
| 250|0x0000000713200000, 0x0000000713300000, 0x0000000713300000|100%| E|CS|TAMS 0x0000000713200000, 0x0000000713200000| Complete 
| 251|0x0000000713300000, 0x0000000713400000, 0x0000000713400000|100%| E|CS|TAMS 0x0000000713300000, 0x0000000713300000| Complete 
| 252|0x0000000713400000, 0x0000000713500000, 0x0000000713500000|100%| E|CS|TAMS 0x0000000713400000, 0x0000000713400000| Complete 
| 253|0x0000000713500000, 0x0000000713600000, 0x0000000713600000|100%| E|CS|TAMS 0x0000000713500000, 0x0000000713500000| Complete 

Card table byte_map: [0x000001a8e4170000,0x000001a8e4960000] _byte_map_base: 0x000001a8e0954000

Marking Bits (Prev, Next): (CMBitMap*) 0x000001a8d05079c8, (CMBitMap*) 0x000001a8d0507a00
 Prev Bits: [0x000001a8e5150000, 0x000001a8e9070000)
 Next Bits: [0x000001a8e9070000, 0x000001a8ecf90000)

Polling page: 0x000001a8cfc80000

Metaspace:

Usage:
  Non-class:     11.17 MB capacity,    11.10 MB (>99%) used,    68.52 KB ( <1%) free+waste,    10.38 KB ( <1%) overhead. 
      Class:      1.01 MB capacity,   986.24 KB ( 95%) used,    45.38 KB (  4%) free+waste,     3.38 KB ( <1%) overhead. 
       Both:     12.18 MB capacity,    12.06 MB ( 99%) used,   113.91 KB ( <1%) free+waste,    13.75 KB ( <1%) overhead. 

Virtual space:
  Non-class space:       12.00 MB reserved,      11.25 MB ( 94%) committed 
      Class space:        1.00 GB reserved,       1.13 MB ( <1%) committed 
             Both:        1.01 GB reserved,      12.38 MB (  1%) committed 

Chunk freelists:
   Non-Class:  78.00 KB
       Class:  21.00 KB
        Both:  99.00 KB

MaxMetaspaceSize: 17179869184.00 GB
CompressedClassSpaceSize: 1.00 GB
Initial GC threshold: 20.80 MB
Current GC threshold: 20.80 MB
CDS: off

CodeHeap 'non-profiled nmethods': size=119168Kb used=681Kb max_used=681Kb free=118486Kb
 bounds [0x000001a8dbc90000, 0x000001a8dbf00000, 0x000001a8e30f0000]
CodeHeap 'profiled nmethods': size=119168Kb used=2967Kb max_used=2967Kb free=116201Kb
 bounds [0x000001a8d4830000, 0x000001a8d4b20000, 0x000001a8dbc90000]
CodeHeap 'non-nmethods': size=7424Kb used=1269Kb max_used=2992Kb free=6154Kb
 bounds [0x000001a8d40f0000, 0x000001a8d43e0000, 0x000001a8d4830000]
 total_blobs=2068 nmethods=1506 adapters=475
 compilation: enabled
              stopped_count=0, restarted_count=0
 full_count=0

Compilation events (20 events):
Event: 19.737 Thread 0x000001a8f09f5800 1497       1       com.mygdx.game.Portal::getPosition (5 bytes)
Event: 19.737 Thread 0x000001a8f09f5800 nmethod 1497 0x000001a8dbd35f10 code [0x000001a8dbd360c0, 0x000001a8dbd36178]
Event: 21.621 Thread 0x000001a8f09ee000 1498       4       java.nio.ByteBuffer::flip (5 bytes)
Event: 21.621 Thread 0x000001a8f09ee000 nmethod 1498 0x000001a8dbd36210 code [0x000001a8dbd363a0, 0x000001a8dbd36438]
Event: 22.404 Thread 0x000001a8f09ee000 1499       4       org.lwjgl.opengl.Display::getPixelScaleFactor (9 bytes)
Event: 22.404 Thread 0x000001a8f09ee000 nmethod 1499 0x000001a8dbd36510 code [0x000001a8dbd366c0, 0x000001a8dbd36718]
Event: 22.854 Thread 0x000001a8f09ee000 1500       4       com.badlogic.gdx.math.Matrix4::setToOrtho (191 bytes)
Event: 22.856 Thread 0x000001a8f09ee000 nmethod 1500 0x000001a8dbd36810 code [0x000001a8dbd369e0, 0x000001a8dbd36bb8]
Event: 22.921 Thread 0x000001a8f09ee000 1501       4       org.lwjgl.opengl.WindowsDisplayPeerInfo::doLockAndInitHandle (1 bytes)
Event: 22.921 Thread 0x000001a8f09ee000 nmethod 1501 0x000001a8dbd36d10 code [0x000001a8dbd36ea0, 0x000001a8dbd36ef8]
Event: 22.921 Thread 0x000001a8f09ee000 1502       4       org.lwjgl.opengl.WindowsDisplayPeerInfo::doUnlock (1 bytes)
Event: 22.922 Thread 0x000001a8f09ee000 nmethod 1502 0x000001a8dbd37010 code [0x000001a8dbd371a0, 0x000001a8dbd371f8]
Event: 22.955 Thread 0x000001a8f09ee000 1503       4       com.badlogic.gdx.math.Matrix4::det (444 bytes)
Event: 22.956 Thread 0x000001a8f09ee000 nmethod 1503 0x000001a8dbd37310 code [0x000001a8dbd374a0, 0x000001a8dbd37718]
Event: 23.004 Thread 0x000001a8f09ee000 1504       4       org.lwjgl.opengl.Display::wasResized (4 bytes)
Event: 23.004 Thread 0x000001a8f09ee000 nmethod 1504 0x000001a8dbd37810 code [0x000001a8dbd379a0, 0x000001a8dbd379f8]
Event: 23.887 Thread 0x000001a8f09ee000 1505       4       java.nio.HeapByteBuffer::compact (85 bytes)
Event: 23.888 Thread 0x000001a8f09ee000 nmethod 1505 0x000001a8dbd37b10 code [0x000001a8dbd37cc0, 0x000001a8dbd37ed8]
Event: 24.054 Thread 0x000001a8f09ee000 1506       4       com.badlogic.gdx.graphics.g2d.SpriteBatch::begin (65 bytes)
Event: 24.068 Thread 0x000001a8f09ee000 nmethod 1506 0x000001a8dbd38110 code [0x000001a8dbd383a0, 0x000001a8dbd393b0]

GC Heap History (0 events):
No events

Deoptimization events (20 events):
Event: 6.154 Thread 0x000001a8f1410800 DEOPT PACKING pc=0x000001a8dbcf7b14 sp=0x00000015683fefb0
Event: 6.154 Thread 0x000001a8f1410800 DEOPT UNPACKING pc=0x000001a8d413a1af sp=0x00000015683fef38 mode 2
Event: 8.120 Thread 0x000001a8f1410800 DEOPT PACKING pc=0x000001a8d4ae7882 sp=0x00000015683feeb0
Event: 8.120 Thread 0x000001a8f1410800 DEOPT UNPACKING pc=0x000001a8d413a95e sp=0x00000015683fe430 mode 0
Event: 8.169 Thread 0x000001a8f1410800 DEOPT PACKING pc=0x000001a8d4ae7882 sp=0x00000015683feeb0
Event: 8.169 Thread 0x000001a8f1410800 DEOPT UNPACKING pc=0x000001a8d413a95e sp=0x00000015683fe430 mode 0
Event: 8.219 Thread 0x000001a8f1410800 DEOPT PACKING pc=0x000001a8d4ae7882 sp=0x00000015683feeb0
Event: 8.219 Thread 0x000001a8f1410800 DEOPT UNPACKING pc=0x000001a8d413a95e sp=0x00000015683fe430 mode 0
Event: 8.270 Thread 0x000001a8f1410800 DEOPT PACKING pc=0x000001a8d4ae7882 sp=0x00000015683feeb0
Event: 8.270 Thread 0x000001a8f1410800 DEOPT UNPACKING pc=0x000001a8d413a95e sp=0x00000015683fe430 mode 0
Event: 8.320 Thread 0x000001a8f1410800 DEOPT PACKING pc=0x000001a8d4ae7882 sp=0x00000015683feeb0
Event: 8.320 Thread 0x000001a8f1410800 DEOPT UNPACKING pc=0x000001a8d413a95e sp=0x00000015683fe430 mode 0
Event: 9.604 Thread 0x000001a8f1410800 Uncommon trap: trap_request=0xffffff4d fr.pc=0x000001a8dbd0afb8 relative=0x00000000000000f8
Event: 9.604 Thread 0x000001a8f1410800 Uncommon trap: reason=unstable_if action=reinterpret pc=0x000001a8dbd0afb8 method=com.mygdx.game.RenderEntity.render()V @ 370 c2
Event: 9.604 Thread 0x000001a8f1410800 DEOPT PACKING pc=0x000001a8dbd0afb8 sp=0x00000015683fee30
Event: 9.604 Thread 0x000001a8f1410800 DEOPT UNPACKING pc=0x000001a8d413a1af sp=0x00000015683fedd0 mode 2
Event: 9.605 Thread 0x000001a8f1410800 Uncommon trap: trap_request=0xffffff4d fr.pc=0x000001a8dbd09e04 relative=0x0000000000000b44
Event: 9.605 Thread 0x000001a8f1410800 Uncommon trap: reason=unstable_if action=reinterpret pc=0x000001a8dbd09e04 method=com.badlogic.gdx.utils.Array.iterator()Lcom/badlogic/gdx/utils/Array$ArrayIterator; @ 20 c2
Event: 9.605 Thread 0x000001a8f1410800 DEOPT PACKING pc=0x000001a8dbd09e04 sp=0x00000015683feda0
Event: 9.605 Thread 0x000001a8f1410800 DEOPT UNPACKING pc=0x000001a8d413a1af sp=0x00000015683fed20 mode 2

Classes redefined (0 events):
No events

Internal exceptions (9 events):
Event: 0.349 Thread 0x000001a8d04a2000 Exception <a 'java/security/PrivilegedActionException'{0x0000000713081ff0}> (0x0000000713081ff0) thrown at [./src/hotspot/share/prims/jvm.cpp, line 1306]
Event: 0.349 Thread 0x000001a8d04a2000 Exception <a 'java/security/PrivilegedActionException'{0x00000007130847d0}> (0x00000007130847d0) thrown at [./src/hotspot/share/prims/jvm.cpp, line 1306]
Event: 0.349 Thread 0x000001a8d04a2000 Exception <a 'java/security/PrivilegedActionException'{0x00000007130857c8}> (0x00000007130857c8) thrown at [./src/hotspot/share/prims/jvm.cpp, line 1306]
Event: 0.350 Thread 0x000001a8d04a2000 Exception <a 'java/security/PrivilegedActionException'{0x00000007130965c8}> (0x00000007130965c8) thrown at [./src/hotspot/share/prims/jvm.cpp, line 1306]
Event: 0.350 Thread 0x000001a8d04a2000 Exception <a 'java/security/PrivilegedActionException'{0x0000000713097188}> (0x0000000713097188) thrown at [./src/hotspot/share/prims/jvm.cpp, line 1306]
Event: 0.350 Thread 0x000001a8d04a2000 Exception <a 'java/security/PrivilegedActionException'{0x0000000713097d08}> (0x0000000713097d08) thrown at [./src/hotspot/share/prims/jvm.cpp, line 1306]
Event: 0.743 Thread 0x000001a8f1410800 Exception <a 'org/lwjgl/LWJGLException'{0x0000000712d1f8b8}: Failed to set device gamma.> (0x0000000712d1f8b8) thrown at [./src/hotspot/share/prims/jni.cpp, line 637]
Event: 6.153 Thread 0x000001a8f1410800 Implicit null exception at 0x000001a8dbcfdc5a to 0x000001a8dbcfeaa4
Event: 9.605 Thread 0x000001a8f1410800 Implicit null exception at 0x000001a8dbd0933f to 0x000001a8dbd09de4

Events (20 events):
Event: 6.147 loading class com/mygdx/game/Player$2
Event: 6.147 loading class com/mygdx/game/Player$2 done
Event: 6.149 loading class com/badlogic/gdx/math/MathUtils$Sin
Event: 6.149 loading class com/badlogic/gdx/math/MathUtils$Sin done
Event: 6.849 loading class org/lwjgl/opengl/WindowsKeycodes
Event: 6.849 loading class org/lwjgl/opengl/WindowsKeycodes done
Event: 6.915 Loaded shared library C:\Users\dougl\AppData\Local\Temp\libgdxdougl\1cecf4f6\lwjgl64.dll
Event: 7.314 Thread 0x000001a8f2408800 Thread exited: 0x000001a8f2408800
Event: 7.931 Loaded shared library C:\Users\dougl\AppData\Local\Temp\libgdxdougl\e1cd32f8\gdx64.dll
Event: 7.932 Loaded shared library C:\Users\dougl\AppData\Local\Temp\libgdxdougl\1cecf4f6\lwjgl64.dll
Event: 7.932 Loaded shared library C:\Users\dougl\AppData\Local\Temp\libgdxdougl\1cecf4f6\lwjgl64.dll
Event: 7.948 Thread 0x000001a8f290d800 Thread added: 0x000001a8f290d800
Event: 8.476 Loaded shared library D:\Apps\IntelliJ IDEA\IntelliJ IDEA Community Edition 2021.3\jbr\bin\java.dll
Event: 9.122 Thread 0x000001a8f290d800 Thread exited: 0x000001a8f290d800
Event: 9.122 Thread 0x000001a8f0b6d800 Thread exited: 0x000001a8f0b6d800
Event: 9.122 Thread 0x000001a8f0b6b000 Thread exited: 0x000001a8f0b6b000
Event: 9.704 loading class com/badlogic/gdx/utils/Pool$Poolable
Event: 9.704 loading class com/badlogic/gdx/utils/Pool$Poolable done
Event: 24.771 loading class com/badlogic/gdx/backends/lwjgl/LwjglApplication$2
Event: 24.771 loading class com/badlogic/gdx/backends/lwjgl/LwjglApplication$2 done


Dynamic libraries:
0x00007ff6621a0000 - 0x00007ff6621aa000 	D:\Apps\IntelliJ IDEA\IntelliJ IDEA Community Edition 2021.3\jbr\bin\java.exe
0x00007ffdbc730000 - 0x00007ffdbc925000 	C:\Windows\SYSTEM32\ntdll.dll
0x00007ffdbb9c0000 - 0x00007ffdbba7e000 	C:\Windows\System32\KERNEL32.DLL
0x00007ffdb9f90000 - 0x00007ffdba258000 	C:\Windows\System32\KERNELBASE.dll
0x00007ffd89920000 - 0x00007ffd89939000 	D:\Apps\IntelliJ IDEA\IntelliJ IDEA Community Edition 2021.3\jbr\bin\jli.dll
0x00007ffdb9e90000 - 0x00007ffdb9f90000 	C:\Windows\System32\ucrtbase.dll
0x00007ffd89940000 - 0x00007ffd89957000 	D:\Apps\IntelliJ IDEA\IntelliJ IDEA Community Edition 2021.3\jbr\bin\VCRUNTIME140.dll
0x00007ffdbae30000 - 0x00007ffdbafd1000 	C:\Windows\System32\USER32.dll
0x00007ffda5580000 - 0x00007ffda581a000 	C:\Windows\WinSxS\amd64_microsoft.windows.common-controls_6595b64144ccf1df_6.0.19041.1110_none_60b5254171f9507e\COMCTL32.dll
0x00007ffdba530000 - 0x00007ffdba552000 	C:\Windows\System32\win32u.dll
0x00007ffdbbf00000 - 0x00007ffdbbf9e000 	C:\Windows\System32\msvcrt.dll
0x00007ffdba810000 - 0x00007ffdba83b000 	C:\Windows\System32\GDI32.dll
0x00007ffdba3c0000 - 0x00007ffdba4cd000 	C:\Windows\System32\gdi32full.dll
0x00007ffdba260000 - 0x00007ffdba2fd000 	C:\Windows\System32\msvcp_win.dll
0x00007ffdba840000 - 0x00007ffdba870000 	C:\Windows\System32\IMM32.DLL
0x00007ffd517b0000 - 0x00007ffd5184d000 	D:\Apps\IntelliJ IDEA\IntelliJ IDEA Community Edition 2021.3\jbr\bin\msvcp140.dll
0x00007ffcf4d70000 - 0x00007ffcf58e6000 	D:\Apps\IntelliJ IDEA\IntelliJ IDEA Community Edition 2021.3\jbr\bin\server\jvm.dll
0x00007ffdbafe0000 - 0x00007ffdbb08c000 	C:\Windows\System32\ADVAPI32.dll
0x00007ffdba770000 - 0x00007ffdba80b000 	C:\Windows\System32\sechost.dll
0x00007ffdbbae0000 - 0x00007ffdbbc0a000 	C:\Windows\System32\RPCRT4.dll
0x00007ffdbaca0000 - 0x00007ffdbaca8000 	C:\Windows\System32\PSAPI.DLL
0x00007ffda4670000 - 0x00007ffda4679000 	C:\Windows\SYSTEM32\WSOCK32.dll
0x00007ffdb2200000 - 0x00007ffdb220a000 	C:\Windows\SYSTEM32\VERSION.dll
0x00007ffdb14b0000 - 0x00007ffdb14d7000 	C:\Windows\SYSTEM32\WINMM.dll
0x00007ffdba8d0000 - 0x00007ffdba93b000 	C:\Windows\System32\WS2_32.dll
0x00007ffdb86d0000 - 0x00007ffdb86e2000 	C:\Windows\SYSTEM32\kernel.appcore.dll
0x00007ffd96b90000 - 0x00007ffd96ba1000 	D:\Apps\IntelliJ IDEA\IntelliJ IDEA Community Edition 2021.3\jbr\bin\verify.dll
0x00007ffdb83e0000 - 0x00007ffdb85c4000 	C:\Windows\SYSTEM32\DBGHELP.DLL
0x00007ffdb5490000 - 0x00007ffdb54bc000 	C:\Windows\SYSTEM32\dbgcore.DLL
0x00007ffdba300000 - 0x00007ffdba382000 	C:\Windows\System32\bcryptPrimitives.dll
0x00007ffd953c0000 - 0x00007ffd953e9000 	D:\Apps\IntelliJ IDEA\IntelliJ IDEA Community Edition 2021.3\jbr\bin\java.dll
0x00007ffda4600000 - 0x00007ffda460b000 	D:\Apps\IntelliJ IDEA\IntelliJ IDEA Community Edition 2021.3\jbr\bin\jimage.dll
0x00007ffd9a450000 - 0x00007ffd9a45f000 	D:\Apps\IntelliJ IDEA\IntelliJ IDEA Community Edition 2021.3\jbr\bin\instrument.dll
0x00007ffd96b70000 - 0x00007ffd96b88000 	D:\Apps\IntelliJ IDEA\IntelliJ IDEA Community Edition 2021.3\jbr\bin\zip.dll
0x00007ffdbbfa0000 - 0x00007ffdbc6e4000 	C:\Windows\System32\SHELL32.dll
0x00007ffdb7b80000 - 0x00007ffdb8314000 	C:\Windows\SYSTEM32\windows.storage.dll
0x00007ffdba940000 - 0x00007ffdbac95000 	C:\Windows\System32\combase.dll
0x00007ffdb9890000 - 0x00007ffdb98be000 	C:\Windows\SYSTEM32\Wldp.dll
0x00007ffdbbd80000 - 0x00007ffdbbe2d000 	C:\Windows\System32\SHCORE.dll
0x00007ffdbba80000 - 0x00007ffdbbad5000 	C:\Windows\System32\shlwapi.dll
0x00007ffdb9d80000 - 0x00007ffdb9d9f000 	C:\Windows\SYSTEM32\profapi.dll
0x00007ffd95420000 - 0x00007ffd9543a000 	D:\Apps\IntelliJ IDEA\IntelliJ IDEA Community Edition 2021.3\jbr\bin\net.dll
0x00007ffdafe80000 - 0x00007ffdaff8c000 	C:\Windows\SYSTEM32\WINHTTP.dll
0x00007ffdb95f0000 - 0x00007ffdb965a000 	C:\Windows\system32\mswsock.dll
0x00007ffd953a0000 - 0x00007ffd953b4000 	D:\Apps\IntelliJ IDEA\IntelliJ IDEA Community Edition 2021.3\jbr\bin\nio.dll
0x00007ffd83ad0000 - 0x00007ffd83aea000 	D:\Apps\IntelliJ IDEA\IntelliJ IDEA Community Edition 2021.3\bin\breakgen64.dll
0x000000006e700000 - 0x000000006e72a000 	C:\Users\dougl\AppData\Local\Temp\libgdxdougl\e1cd32f8\gdx64.dll
0x0000000180000000 - 0x0000000180053000 	C:\Users\dougl\AppData\Local\Temp\libgdxdougl\1cecf4f6\lwjgl64.dll
0x00007ffd95270000 - 0x00007ffd95395000 	C:\Windows\SYSTEM32\OPENGL32.dll
0x00007ffda40a0000 - 0x00007ffda40cc000 	C:\Windows\SYSTEM32\GLU32.dll
0x000001a8f1660000 - 0x000001a8f16c4000 	C:\Users\dougl\AppData\Local\Temp\libgdxdougl\1cecf4f6\OpenAL64.dll
0x00007ffdbb340000 - 0x00007ffdbb46a000 	C:\Windows\System32\ole32.dll
0x00007ffdb74c0000 - 0x00007ffdb755e000 	C:\Windows\system32\uxtheme.dll
0x00007ffd65430000 - 0x00007ffd6552c000 	C:\ProgramData\A-Volute\DellInc.AlienwareSoundCenter\Modules\ScheduledModules\x64\DellInc.AlienwareSoundCenterDevProps2.dll
0x00007ffd65530000 - 0x00007ffd655dd000 	C:\ProgramData\A-Volute\DellInc.AlienwareSoundCenter\Modules\ScheduledModules\x64\NahimicOSD.dll
0x00007ffd655e0000 - 0x00007ffd65601000 	C:\ProgramData\A-Volute\DellInc.AlienwareSoundCenter\Modules\ScheduledModules\x64\ProductInfo.dll
0x00007ffdbb900000 - 0x00007ffdbb9a9000 	C:\Windows\System32\clbcatq.dll
0x00007ffdb1fb0000 - 0x00007ffdb2035000 	C:\Windows\System32\MMDevApi.dll
0x00007ffdb9be0000 - 0x00007ffdb9c14000 	C:\Windows\System32\DEVOBJ.dll
0x000001a8f1740000 - 0x000001a8f178e000 	C:\Windows\System32\cfgmgr32.dll
0x00007ffdb2040000 - 0x00007ffdb21c1000 	C:\Windows\SYSTEM32\AudioSes.dll
0x00007ffdbbe30000 - 0x00007ffdbbefd000 	C:\Windows\System32\OLEAUT32.dll
0x00007ffdb9400000 - 0x00007ffdb944b000 	C:\Windows\SYSTEM32\powrprof.dll
0x00007ffdb9270000 - 0x00007ffdb9282000 	C:\Windows\SYSTEM32\UMPDC.dll
0x00007ffdb5390000 - 0x00007ffdb5486000 	C:\Windows\SYSTEM32\PropSys.dll
0x00007ffda6400000 - 0x00007ffda649c000 	C:\Windows\SYSTEM32\dsound.dll
0x00007ffda64c0000 - 0x00007ffda64e6000 	C:\Windows\SYSTEM32\winmmbase.dll
0x00007ffdb75b0000 - 0x00007ffdb75c4000 	C:\Windows\SYSTEM32\resourcepolicyclient.dll
0x00007ffdb51f0000 - 0x00007ffdb529e000 	C:\Windows\SYSTEM32\mscms.dll
0x00007ffdb9d00000 - 0x00007ffdb9d2e000 	C:\Windows\SYSTEM32\USERENV.dll
0x00007ffdb51d0000 - 0x00007ffdb51e1000 	C:\Windows\SYSTEM32\ColorAdapterClient.dll
0x00007ffdbacb0000 - 0x00007ffdbadc5000 	C:\Windows\System32\MSCTF.dll
0x00007ffd98ef0000 - 0x00007ffd98fe9000 	C:\Windows\SYSTEM32\textinputframework.dll
0x00007ffdb6d90000 - 0x00007ffdb6e82000 	C:\Windows\System32\CoreMessaging.dll
0x00007ffdb6a30000 - 0x00007ffdb6d8e000 	C:\Windows\System32\CoreUIComponents.dll
0x00007ffdb8c50000 - 0x00007ffdb8c83000 	C:\Windows\SYSTEM32\ntmarta.dll
0x00007ffdb56d0000 - 0x00007ffdb5824000 	C:\Windows\SYSTEM32\wintypes.dll
0x00007ffda22f0000 - 0x00007ffda2356000 	C:\Windows\system32\Oleacc.dll
0x00007ffdb27a0000 - 0x00007ffdb2899000 	C:\Windows\System32\AppXDeploymentClient.dll
0x00007ffce8ba0000 - 0x00007ffceb6b7000 	C:\Windows\System32\DriverStore\FileRepository\nvddi.inf_amd64_825a4c41796dab48\nvoglv64.dll
0x00007ffdbb480000 - 0x00007ffdbb8f2000 	C:\Windows\System32\SETUPAPI.dll
0x00007ffdba390000 - 0x00007ffdba3b7000 	C:\Windows\System32\bcrypt.dll
0x00007ffdb5570000 - 0x00007ffdb5584000 	C:\Windows\SYSTEM32\WTSAPI32.dll
0x00007ffdb9a20000 - 0x00007ffdb9a32000 	C:\Windows\SYSTEM32\msasn1.dll
0x00007ffdb1f70000 - 0x00007ffdb1fa1000 	C:\Windows\SYSTEM32\cryptnet.dll
0x00007ffdba560000 - 0x00007ffdba6b6000 	C:\Windows\System32\CRYPT32.dll
0x00007ffdb1e10000 - 0x00007ffdb1f5a000 	C:\Windows\SYSTEM32\drvstore.dll
0x00007ffdb9800000 - 0x00007ffdb980c000 	C:\Windows\SYSTEM32\cryptbase.dll
0x00007ffdba4d0000 - 0x00007ffdba530000 	C:\Windows\System32\WINTRUST.dll
0x00007ffdb47f0000 - 0x00007ffdb482b000 	C:\Windows\SYSTEM32\dxcore.dll
0x00007ffd7a3e0000 - 0x00007ffd7a6a3000 	C:\Windows\system32\nvspcap64.dll
0x00007ffdb77c0000 - 0x00007ffdb77ef000 	C:\Windows\SYSTEM32\dwmapi.dll
0x00007ffdb4070000 - 0x00007ffdb40b3000 	C:\Windows\SYSTEM32\icm32.dll
0x00007ffdb8ba0000 - 0x00007ffdb8bfa000 	C:\Windows\SYSTEM32\WINSTA.dll
0x00007ffdb08d0000 - 0x00007ffdb0aa0000 	C:\Windows\SYSTEM32\d3d9.dll
0x00007ffdbb090000 - 0x00007ffdbb0ad000 	C:\Windows\System32\imagehlp.dll
0x00007ffdb97e0000 - 0x00007ffdb97f8000 	C:\Windows\SYSTEM32\CRYPTSP.dll
0x00007ffdb8f00000 - 0x00007ffdb8f34000 	C:\Windows\system32\rsaenh.dll
0x0000000066b00000 - 0x0000000066b5b000 	C:\Users\dougl\AppData\Local\Temp\libgdxdougl\a14961b7\gdx-box2d64.dll

dbghelp: loaded successfully - version: 4.0.5 - missing functions: none
symbol engine: initialized successfully - sym options: 0x614 - pdb path: .;D:\Apps\IntelliJ IDEA\IntelliJ IDEA Community Edition 2021.3\jbr\bin;C:\Windows\SYSTEM32;C:\Windows\WinSxS\amd64_microsoft.windows.common-controls_6595b64144ccf1df_6.0.19041.1110_none_60b5254171f9507e;D:\Apps\IntelliJ IDEA\IntelliJ IDEA Community Edition 2021.3\jbr\bin\server;D:\Apps\IntelliJ IDEA\IntelliJ IDEA Community Edition 2021.3\bin;C:\Users\dougl\AppData\Local\Temp\libgdxdougl\e1cd32f8;C:\Users\dougl\AppData\Local\Temp\libgdxdougl\1cecf4f6;C:\ProgramData\A-Volute\DellInc.AlienwareSoundCenter\Modules\ScheduledModules\x64;C:\Windows\System32\DriverStore\FileRepository\nvddi.inf_amd64_825a4c41796dab48;C:\Users\dougl\AppData\Local\Temp\libgdxdougl\a14961b7

VM Arguments:
jvm_args: -javaagent:D:\Apps\IntelliJ IDEA\IntelliJ IDEA Community Edition 2021.3\lib\idea_rt.jar=59289:D:\Apps\IntelliJ IDEA\IntelliJ IDEA Community Edition 2021.3\bin -Dfile.encoding=UTF-8 
java_command: com.mygdx.game.desktop.DesktopLauncher
java_class_path (initial): D:\Documents\GitHub\PortalGame\PortalGame\desktop\build\classes\java\main;D:\Documents\GitHub\PortalGame\PortalGame\desktop\build\resources\main;C:\Users\dougl\.gradle\caches\modules-2\files-2.1\com.badlogicgames.gdx\gdx-tools\1.10.0\d699cf4953fb42a071c7c3feb9b5c45601aa6a4b\gdx-tools-1.10.0.jar;C:\Users\dougl\.gradle\caches\modules-2\files-2.1\com.badlogicgames.gdx\gdx-backend-lwjgl\1.10.0\58ff89d9e4fd8a82591367f187d606e781cacc05\gdx-backend-lwjgl-1.10.0.jar;C:\Users\dougl\.gradle\caches\modules-2\files-2.1\com.badlogicgames.gdx\gdx-platform\1.10.0\9a8fa793d2fd6d360afc6c9e4c1f5583da263b88\gdx-platform-1.10.0-natives-desktop.jar;C:\Users\dougl\.gradle\caches\modules-2\files-2.1\com.badlogicgames.gdx\gdx-box2d-platform\1.10.0\588c4191c5a64ed39365e71484aa37d81c38eb5e\gdx-box2d-platform-1.10.0-natives-desktop.jar;C:\Users\dougl\.gradle\caches\modules-2\files-2.1\com.badlogicgames.gdx\gdx-bullet-platform\1.10.0\ce92e8dfc762523d769cbc50853163c03bf98cf1\gdx-bullet-platform-1.10.0-natives-desktop.jar;C:\Users\dougl\.gradle\caches\modules-2\files-2.1\com.badlogicgames.gdx\gdx-freetype-platform\1.10.0\6e5d28752759e69384f12e4569d2c884ff71352f\gdx-freetype-platform-1.10.0-natives-desktop.jar;D:\Documents\GitHub\PortalGame\PortalGame\core\build\classes\java\main;C:\Users\dougl\.gradle\caches\modules-2\files-2.1\com.badlogicgames.gdx\gdx-backend-headless\1.10.0\990eadbb431197c5b9b816d1659c772e0268e65\gdx-backend-headless-1.10.0.jar;C:\Users\dougl\.gradle\caches\modules-2\files-2.1\com.badlogicgames.gdx\gdx-freetype\1.10.0\de1d0d5c1e92e8d91364256fd6b7bb279d3e9859\gdx-freetype-1.10.0.jar;C:\Users\dougl\.gradle\caches\modules-2\files-2.1\com.badlogicgames.gdx\gdx\1.10.0\74c240f79dc4fb6b766a834249600d0a019d0489\gdx-1.10.0.jar;C:\Users\dougl\.gradle\caches\modules-2\files-2.1\org.lwjgl.lwjgl\lwjgl_util\2.9.3\751f06b62424da056954c67288fd5c494431e350\lwjgl_util-2.9.3.jar;C:\Users\dougl\.gradle\caches\modules-2\files-2.1\org.lwjgl.lwjgl\lwjgl\2.9.3\3df168ac74
Launcher Type: SUN_STANDARD

[Global flags]
     intx CICompilerCount                          = 12                                        {product} {ergonomic}
     uint ConcGCThreads                            = 3                                         {product} {ergonomic}
     uint G1ConcRefinementThreads                  = 13                                        {product} {ergonomic}
   size_t G1HeapRegionSize                         = 1048576                                   {product} {ergonomic}
    uintx GCDrainStackTargetSize                   = 64                                        {product} {ergonomic}
   size_t InitialHeapSize                          = 266338304                                 {product} {ergonomic}
   size_t MarkStackSize                            = 4194304                                   {product} {ergonomic}
   size_t MaxHeapSize                              = 4236247040                                {product} {ergonomic}
   size_t MaxNewSize                               = 2541748224                                {product} {ergonomic}
   size_t MinHeapDeltaBytes                        = 1048576                                   {product} {ergonomic}
    uintx NonNMethodCodeHeapSize                   = 7594288                                {pd product} {ergonomic}
    uintx NonProfiledCodeHeapSize                  = 122031976                              {pd product} {ergonomic}
    uintx ProfiledCodeHeapSize                     = 122031976                              {pd product} {ergonomic}
    uintx ReservedCodeCacheSize                    = 251658240                              {pd product} {ergonomic}
     bool SegmentedCodeCache                       = true                                      {product} {ergonomic}
     bool UseCompressedClassPointers               = true                                 {lp64_product} {ergonomic}
     bool UseCompressedOops                        = true                                 {lp64_product} {ergonomic}
     bool UseG1GC                                  = true                                      {product} {ergonomic}
     bool UseLargePagesIndividualAllocation        = false                                  {pd product} {ergonomic}

Logging:
Log output configuration:
 #0: stdout all=warning uptime,level,tags
 #1: stderr all=off uptime,level,tags

Environment Variables:
PATH=C:\Program Files (x86)\Common Files\Oracle\Java\javapath;C:\Windows\system32;C:\Windows;C:\Windows\System32\Wbem;C:\Windows\System32\WindowsPowerShell\v1.0\;C:\Windows\System32\OpenSSH\;C:\Program Files\NVIDIA Corporation\NVIDIA NvDLISR;C:\Program Files\dotnet\;C:\Program Files\Git\cmd;C:\ProgramData\chocolatey\bin;C:\Program Files (x86)\NVIDIA Corporation\PhysX\Common;C:\msys64\mingw64\bin;C:\Users\dougl\AppData\Local\Microsoft\WindowsApps;C:\Users\dougl\AppData\Local\Programs\Microsoft VS Code\bin;C:\Users\dougl\.dotnet\tools;C:\Users\dougl\AppData\Local\GitHubDesktop\bin;D:\Apps\IntelliJ IDEA\IntelliJ IDEA Community Edition 2021.3\bin;
USERNAME=dougl
OS=Windows_NT
PROCESSOR_IDENTIFIER=Intel64 Family 6 Model 165 Stepping 5, GenuineIntel



---------------  S Y S T E M  ---------------

OS: Windows 10 , 64 bit Build 19041 (10.0.19041.1348)
OS uptime: 3 days 0:30 hours

CPU:total 16 (initial active 16) (8 cores per cpu, 2 threads per core) family 6 model 165 stepping 5 microcode 0xec, cmov, cx8, fxsr, mmx, sse, sse2, sse3, ssse3, sse4.1, sse4.2, popcnt, avx, avx2, aes, clmul, erms, 3dnowpref, lzcnt, ht, tsc, tscinvbit, bmi1, bmi2, adx, fma

Memory: 4k page, system-wide physical 16154M (1299M free)
TotalPageFile size 32036M (AvailPageFile size 3736M)
current process WorkingSet (physical memory assigned to process): 131M, peak: 150M
current process commit charge ("private bytes"): 453M, peak: 473M

vm_info: OpenJDK 64-Bit Server VM (11.0.13+7-b1751.19) for windows-amd64 JRE (11.0.13+7-b1751.19), built on Nov  9 2021 11:31:28 by "" with MS VC++ 14.0 (VS2015)

END.
