#
# A fatal error has been detected by the Java Runtime Environment:
#
#  EXCEPTION_ACCESS_VIOLATION (0xc0000005) at pc=0x0000000066b2154e, pid=18448, tid=25420
#
# JRE version: OpenJDK Runtime Environment Zulu15.36+13-CA (15.0.5+3) (build 15.0.5+3-MTS)
# Java VM: OpenJDK 64-Bit Server VM Zulu15.36+13-CA (15.0.5+3-MTS, mixed mode, sharing, tiered, compressed oops, g1 gc, windows-amd64)
# Problematic frame:
# C  [gdx-box2d64.dll+0x2154e]
#
# No core dump will be written. Minidumps are not enabled by default on client versions of Windows
#
# If you would like to submit a bug report, please visit:
#   http://www.azul.com/support/
# The crash happened outside the Java Virtual Machine in native code.
# See problematic frame for where to report the bug.
#

---------------  S U M M A R Y ------------

Command Line: -Dfile.encoding=windows-1252 -Duser.country=CA -Duser.language=en -Duser.variant com.mygdx.game.desktop.DesktopLauncher

Host: 11th Gen Intel(R) Core(TM) i5-1135G7 @ 2.40GHz, 8 cores, 7G,  Windows 10 , 64 bit Build 19041 (10.0.19041.1348)
Time: Wed Jan  5 10:56:12 2022 Eastern Standard Time elapsed time: 128.899533 seconds (0d 0h 2m 8s)

---------------  T H R E A D  ---------------

Current thread (0x000001b364028e70):  JavaThread "LWJGL Application" [_thread_in_native, id=25420, stack(0x0000004dae000000,0x0000004dae100000)]

Stack: [0x0000004dae000000,0x0000004dae100000],  sp=0x0000004dae0feea0,  free space=1019k
Native frames: (J=compiled Java code, j=interpreted, Vv=VM code, C=native code)
C  [gdx-box2d64.dll+0x2154e]

Java frames: (J=compiled Java code, j=interpreted, Vv=VM code)
j  com.badlogic.gdx.physics.box2d.World.jniDestroyBody(JJ)V+0
j  com.badlogic.gdx.physics.box2d.World.destroyBody(Lcom/badlogic/gdx/physics/box2d/Body;)V+42
j  com.mygdx.game.Entity.dispose()V+16
j  com.mygdx.game.MyGdxGame.dispose()V+82
j  com.badlogic.gdx.backends.lwjgl.LwjglApplication.mainLoop()V+924
j  com.badlogic.gdx.backends.lwjgl.LwjglApplication$1.run()V+27
v  ~StubRoutines::call_stub

siginfo: EXCEPTION_ACCESS_VIOLATION (0xc0000005), reading address 0x000001b36d988fe8


Register to memory mapping:

RIP=0x0000000066b2154e gdx-box2d64.dll
RAX=0x000000000000000f is an unknown value
RBX=0x000001b36d96fd50 points into unknown readable memory: 0x000001b342540150 | 50 01 54 42 b3 01 00 00
RCX=0x000001b36d96fd50 points into unknown readable memory: 0x000001b342540150 | 50 01 54 42 b3 01 00 00
RDX=0x000001b36d9c34d0 is an unknown value
RSP=0x0000004dae0feea0 is pointing into the stack for thread: 0x000001b364028e70
RBP=0x0000004dae0ff008 is pointing into the stack for thread: 0x000001b364028e70
RSI=0x000001b36d96fd50 points into unknown readable memory: 0x000001b342540150 | 50 01 54 42 b3 01 00 00
RDI=0x000001b36d9c34d0 is an unknown value
R8 =0x000001b36d96fd50 points into unknown readable memory: 0x000001b342540150 | 50 01 54 42 b3 01 00 00
R9 =0x000001b36d9c34d0 is an unknown value
R10=0x000001b34c8af148 is at code_begin+1000 in an Interpreter codelet
method entry point (kind = native)  [0x000001b34c8aed60, 0x000001b34c8af7e0]  2688 bytes
R11=0x0000000000000102 is an unknown value
R12=0x0 is NULL
R13={method} {0x000001b363706360} 'jniDestroyBody' '(JJ)V' in 'com/badlogic/gdx/physics/box2d/World'
R14=0x0000004dae0ff048 is pointing into the stack for thread: 0x000001b364028e70
R15=0x000001b364028e70 is a thread


Registers:
RAX=0x000000000000000f, RBX=0x000001b36d96fd50, RCX=0x000001b36d96fd50, RDX=0x000001b36d9c34d0
RSP=0x0000004dae0feea0, RBP=0x0000004dae0ff008, RSI=0x000001b36d96fd50, RDI=0x000001b36d9c34d0
R8 =0x000001b36d96fd50, R9 =0x000001b36d9c34d0, R10=0x000001b34c8af148, R11=0x0000000000000102
R12=0x0000000000000000, R13=0x000001b363706358, R14=0x0000004dae0ff048, R15=0x000001b364028e70
RIP=0x0000000066b2154e, EFLAGS=0x0000000000010206

Top of Stack: (sp=0x0000004dae0feea0)
0x0000004dae0feea0:   000001b363087d00 0000002800000003
0x0000004dae0feeb0:   0000004dae0ff008 000001b364028e70
0x0000004dae0feec0:   000001b36d96fd50 000001b36d9c34d0
0x0000004dae0feed0:   000000000002d60e 0000004dae0ff008
0x0000004dae0feee0:   0000000000000000 0000000066b26a9d
0x0000004dae0feef0:   0000004dae0ff008 00007ffa93eae3d7
0x0000004dae0fef00:   0000004dae0fef20 000001b3641b72e0
0x0000004dae0fef10:   0000000066b487e0 000001b364029198
0x0000004dae0fef20:   0000004dae0ff048 000001b364028e70
0x0000004dae0fef30:   0000000066b48840 000001b364029198
0x0000004dae0fef40:   0000004dae0ff048 000001b363706358
0x0000004dae0fef50:   000001b363706358 000001b363706358
0x0000004dae0fef60:   0000000000000000 000001b34c8af177
0x0000004dae0fef70:   000001b363706358 000001b364028e70
0x0000004dae0fef80:   000000000002d60e 000001b34c8aee5c
0x0000004dae0fef90:   000001b363706358 0000000000000000 

Instructions: (pc=0x0000000066b2154e)
0x0000000066b2144e:   1f 00 48 8b 40 18 48 85 c0 74 16 48 3b 30 75 f2
0x0000000066b2145e:   48 8b 50 08 48 8b 40 18 83 4a 08 08 48 85 c0 75
0x0000000066b2146e:   ea 48 83 c4 20 5b 5e 5f 5d 41 5c c3 66 0f 1f 44
0x0000000066b2147e:   00 00 83 c8 02 c7 85 ac 00 00 00 00 00 00 00 66
0x0000000066b2148e:   89 45 04 e9 04 ff ff ff 66 2e 0f 1f 84 00 00 00
0x0000000066b2149e:   00 00 48 8d 15 49 34 02 00 48 8d 0d a0 34 02 00
0x0000000066b214ae:   41 b8 12 01 00 00 e8 17 51 01 00 f6 87 98 92 01
0x0000000066b214be:   00 02 0f 84 77 fe ff ff 48 83 c4 20 5b 5e 5f 5d
0x0000000066b214ce:   41 5c c3 48 89 97 28 93 01 00 e9 90 fe ff ff 0f
0x0000000066b214de:   1f 00 48 89 96 80 00 00 00 e9 dd fe ff ff 0f 1f
0x0000000066b214ee:   40 00 48 89 95 80 00 00 00 e9 0c ff ff ff 0f 1f
0x0000000066b214fe:   40 00 48 8d 15 e9 33 02 00 48 8d 0d 54 34 02 00
0x0000000066b2150e:   41 b8 5a 01 00 00 e8 b7 50 01 00 8b 87 34 93 01
0x0000000066b2151e:   00 e9 0d ff ff ff 66 90 66 2e 0f 1f 84 00 00 00
0x0000000066b2152e:   00 00 41 54 55 57 56 53 48 83 ec 20 8b 81 30 93
0x0000000066b2153e:   01 00 48 89 ce 48 89 d7 85 c0 0f 8e 93 01 00 00
0x0000000066b2154e:   f6 86 98 92 01 00 02 0f 85 55 01 00 00 48 8b 9f
0x0000000066b2155e:   80 00 00 00 48 85 db 74 3e 66 0f 1f 84 00 00 00
0x0000000066b2156e:   00 00 48 8b 8e 48 93 01 00 48 8b 6b 18 48 85 c9
0x0000000066b2157e:   74 0a 48 8b 01 48 8b 53 08 ff 50 10 48 8b 53 08
0x0000000066b2158e:   48 89 f1 48 89 eb e8 87 fd ff ff 48 85 ed 48 89
0x0000000066b2159e:   af 80 00 00 00 75 cb 48 8b 87 88 00 00 00 48 c7
0x0000000066b215ae:   87 80 00 00 00 00 00 00 00 48 8d ae a0 92 01 00
0x0000000066b215be:   48 85 c0 74 18 48 8b 58 18 48 8b 50 08 48 89 e9
0x0000000066b215ce:   e8 0d dd ff ff 48 85 db 48 89 d8 75 e8 48 8b 5f
0x0000000066b215de:   70 48 c7 87 88 00 00 00 00 00 00 00 4c 8d a6 a0
0x0000000066b215ee:   92 01 00 48 85 db 74 5a 66 2e 0f 1f 84 00 00 00
0x0000000066b215fe:   00 00 48 8b 8e 48 93 01 00 48 8b 6b 08 48 85 c9
0x0000000066b2160e:   74 09 48 8b 01 48 89 da ff 50 18 48 89 d9 4c 89
0x0000000066b2161e:   e2 e8 7c e4 ff ff 48 89 d9 48 89 f2 e8 61 e2 ff
0x0000000066b2162e:   ff 48 89 da 41 b8 48 00 00 00 48 89 f1 e8 60 a7
0x0000000066b2163e:   fe ff 83 6f 78 01 48 85 ed 48 89 6f 70 48 89 eb 


Stack slot to memory mapping:
stack at sp + 0 slots: 0x000001b363087d00 points into unknown readable memory: 0x00007ffa94371b08 | 08 1b 37 94 fa 7f 00 00
stack at sp + 1 slots: 0x0000002800000003 is an unknown value
stack at sp + 2 slots: 0x0000004dae0ff008 is pointing into the stack for thread: 0x000001b364028e70
stack at sp + 3 slots: 0x000001b364028e70 is a thread
stack at sp + 4 slots: 0x000001b36d96fd50 points into unknown readable memory: 0x000001b342540150 | 50 01 54 42 b3 01 00 00
stack at sp + 5 slots: 0x000001b36d9c34d0 is an unknown value
stack at sp + 6 slots: 0x000000000002d60e is an unknown value
stack at sp + 7 slots: 0x0000004dae0ff008 is pointing into the stack for thread: 0x000001b364028e70


---------------  P R O C E S S  ---------------

Threads class SMR info:
_java_thread_list=0x000001b36b38bef0, length=13, elements={
0x000001b36305a550, 0x000001b36305d130, 0x000001b363077010, 0x000001b363077ed0,
0x000001b363078980, 0x000001b36307bc40, 0x000001b36307d740, 0x000001b36307e230,
0x000001b363ab1d20, 0x000001b363ac26b0, 0x000001b364028e70, 0x000001b34437f490,
0x000001b36b7cfb90
}

Java Threads: ( => current thread )
  0x000001b36305a550 JavaThread "Reference Handler" daemon [_thread_blocked, id=30016, stack(0x0000004dad300000,0x0000004dad400000)]
  0x000001b36305d130 JavaThread "Finalizer" daemon [_thread_blocked, id=14912, stack(0x0000004dad400000,0x0000004dad500000)]
  0x000001b363077010 JavaThread "Signal Dispatcher" daemon [_thread_blocked, id=26356, stack(0x0000004dad500000,0x0000004dad600000)]
  0x000001b363077ed0 JavaThread "Attach Listener" daemon [_thread_blocked, id=18712, stack(0x0000004dad600000,0x0000004dad700000)]
  0x000001b363078980 JavaThread "Service Thread" daemon [_thread_blocked, id=30008, stack(0x0000004dad700000,0x0000004dad800000)]
  0x000001b36307bc40 JavaThread "C2 CompilerThread0" daemon [_thread_blocked, id=20172, stack(0x0000004dad800000,0x0000004dad900000)]
  0x000001b36307d740 JavaThread "C1 CompilerThread0" daemon [_thread_blocked, id=24728, stack(0x0000004dad900000,0x0000004dada00000)]
  0x000001b36307e230 JavaThread "Sweeper thread" daemon [_thread_blocked, id=22332, stack(0x0000004dada00000,0x0000004dadb00000)]
  0x000001b363ab1d20 JavaThread "Notification Thread" daemon [_thread_blocked, id=30384, stack(0x0000004dadb00000,0x0000004dadc00000)]
  0x000001b363ac26b0 JavaThread "Common-Cleaner" daemon [_thread_blocked, id=13852, stack(0x0000004dadd00000,0x0000004dade00000)]
=>0x000001b364028e70 JavaThread "LWJGL Application" [_thread_in_native, id=25420, stack(0x0000004dae000000,0x0000004dae100000)]
  0x000001b34437f490 JavaThread "DestroyJavaVM" [_thread_blocked, id=28572, stack(0x0000004dacc00000,0x0000004dacd00000)]
  0x000001b36b7cfb90 JavaThread "LWJGL Timer" daemon [_thread_blocked, id=10312, stack(0x0000004dae300000,0x0000004dae400000)]

Other Threads:
  0x000001b363052cb0 VMThread "VM Thread" [stack: 0x0000004dad200000,0x0000004dad300000] [id=35212]
  0x000001b363ab21f0 WatcherThread [stack: 0x0000004dadc00000,0x0000004dadd00000] [id=25512]
  0x000001b3443bddb0 GCTaskThread "GC Thread#0" [stack: 0x0000004dacd00000,0x0000004dace00000] [id=26548]
  0x000001b3443cfa50 ConcurrentGCThread "G1 Main Marker" [stack: 0x0000004dace00000,0x0000004dacf00000] [id=34620]
  0x000001b3443d0f00 ConcurrentGCThread "G1 Conc#0" [stack: 0x0000004dacf00000,0x0000004dad000000] [id=22720]
  0x000001b362ed20c0 ConcurrentGCThread "G1 Refine#0" [stack: 0x0000004dad000000,0x0000004dad100000] [id=15544]
  0x000001b362ed2d40 ConcurrentGCThread "G1 Young RemSet Sampling" [stack: 0x0000004dad100000,0x0000004dad200000] [id=14040]

Threads with active compile tasks:

VM state: not at safepoint (normal execution)

VM Mutex/Monitor currently owned by a thread: None

Heap address: 0x0000000083200000, size: 1998 MB, Compressed Oops mode: 32-bit
CDS archive(s) mapped at: [0x0000000800000000-0x0000000800b50000-0x0000000800b50000), size 11862016, SharedBaseAddress: 0x0000000800000000, ArchiveRelocationMode: 0.
Compressed class space mapped at: 0x0000000800b50000-0x0000000840b50000, size: 1073741824
Narrow klass base: 0x0000000800000000, Narrow klass shift: 3, Narrow klass range: 0x100000000

GC Precious Log:
 CPUs: 8 total, 8 available
 Memory: 7987M
 Large Page Support: Disabled
 NUMA Support: Disabled
 Compressed Oops: Enabled (32-bit)
 Heap Region Size: 1M
 Heap Min Capacity: 8M
 Heap Initial Capacity: 126M
 Heap Max Capacity: 1998M
 Pre-touch: Disabled
 Parallel Workers: 8
 Concurrent Workers: 2
 Concurrent Refinement Workers: 8
 Periodic GC: Disabled

Heap:
 garbage-first heap   total 129024K, used 17408K [0x0000000083200000, 0x0000000100000000)
  region size 1024K, 19 young (19456K), 0 survivors (0K)
 Metaspace       used 4994K, capacity 8030K, committed 8320K, reserved 1056768K
  class space    used 327K, capacity 617K, committed 640K, reserved 1048576K

Heap Regions: E=young(eden), S=young(survivor), O=old, HS=humongous(starts), HC=humongous(continues), CS=collection set, F=free, OA=open archive, CA=closed archive, TAMS=top-at-mark-start (previous, next)
|   0|0x0000000083200000, 0x0000000083200000, 0x0000000083300000|  0%| F|  |TAMS 0x0000000083200000, 0x0000000083200000| Untracked 
|   1|0x0000000083300000, 0x0000000083300000, 0x0000000083400000|  0%| F|  |TAMS 0x0000000083300000, 0x0000000083300000| Untracked 
|   2|0x0000000083400000, 0x0000000083400000, 0x0000000083500000|  0%| F|  |TAMS 0x0000000083400000, 0x0000000083400000| Untracked 
|   3|0x0000000083500000, 0x0000000083500000, 0x0000000083600000|  0%| F|  |TAMS 0x0000000083500000, 0x0000000083500000| Untracked 
|   4|0x0000000083600000, 0x0000000083600000, 0x0000000083700000|  0%| F|  |TAMS 0x0000000083600000, 0x0000000083600000| Untracked 
|   5|0x0000000083700000, 0x0000000083700000, 0x0000000083800000|  0%| F|  |TAMS 0x0000000083700000, 0x0000000083700000| Untracked 
|   6|0x0000000083800000, 0x0000000083800000, 0x0000000083900000|  0%| F|  |TAMS 0x0000000083800000, 0x0000000083800000| Untracked 
|   7|0x0000000083900000, 0x0000000083900000, 0x0000000083a00000|  0%| F|  |TAMS 0x0000000083900000, 0x0000000083900000| Untracked 
|   8|0x0000000083a00000, 0x0000000083a00000, 0x0000000083b00000|  0%| F|  |TAMS 0x0000000083a00000, 0x0000000083a00000| Untracked 
|   9|0x0000000083b00000, 0x0000000083b00000, 0x0000000083c00000|  0%| F|  |TAMS 0x0000000083b00000, 0x0000000083b00000| Untracked 
|  10|0x0000000083c00000, 0x0000000083c00000, 0x0000000083d00000|  0%| F|  |TAMS 0x0000000083c00000, 0x0000000083c00000| Untracked 
|  11|0x0000000083d00000, 0x0000000083d00000, 0x0000000083e00000|  0%| F|  |TAMS 0x0000000083d00000, 0x0000000083d00000| Untracked 
|  12|0x0000000083e00000, 0x0000000083e00000, 0x0000000083f00000|  0%| F|  |TAMS 0x0000000083e00000, 0x0000000083e00000| Untracked 
|  13|0x0000000083f00000, 0x0000000083f00000, 0x0000000084000000|  0%| F|  |TAMS 0x0000000083f00000, 0x0000000083f00000| Untracked 
|  14|0x0000000084000000, 0x0000000084000000, 0x0000000084100000|  0%| F|  |TAMS 0x0000000084000000, 0x0000000084000000| Untracked 
|  15|0x0000000084100000, 0x0000000084100000, 0x0000000084200000|  0%| F|  |TAMS 0x0000000084100000, 0x0000000084100000| Untracked 
|  16|0x0000000084200000, 0x0000000084200000, 0x0000000084300000|  0%| F|  |TAMS 0x0000000084200000, 0x0000000084200000| Untracked 
|  17|0x0000000084300000, 0x0000000084300000, 0x0000000084400000|  0%| F|  |TAMS 0x0000000084300000, 0x0000000084300000| Untracked 
|  18|0x0000000084400000, 0x0000000084400000, 0x0000000084500000|  0%| F|  |TAMS 0x0000000084400000, 0x0000000084400000| Untracked 
|  19|0x0000000084500000, 0x0000000084500000, 0x0000000084600000|  0%| F|  |TAMS 0x0000000084500000, 0x0000000084500000| Untracked 
|  20|0x0000000084600000, 0x0000000084600000, 0x0000000084700000|  0%| F|  |TAMS 0x0000000084600000, 0x0000000084600000| Untracked 
|  21|0x0000000084700000, 0x0000000084700000, 0x0000000084800000|  0%| F|  |TAMS 0x0000000084700000, 0x0000000084700000| Untracked 
|  22|0x0000000084800000, 0x0000000084800000, 0x0000000084900000|  0%| F|  |TAMS 0x0000000084800000, 0x0000000084800000| Untracked 
|  23|0x0000000084900000, 0x0000000084900000, 0x0000000084a00000|  0%| F|  |TAMS 0x0000000084900000, 0x0000000084900000| Untracked 
|  24|0x0000000084a00000, 0x0000000084a00000, 0x0000000084b00000|  0%| F|  |TAMS 0x0000000084a00000, 0x0000000084a00000| Untracked 
|  25|0x0000000084b00000, 0x0000000084b00000, 0x0000000084c00000|  0%| F|  |TAMS 0x0000000084b00000, 0x0000000084b00000| Untracked 
|  26|0x0000000084c00000, 0x0000000084c00000, 0x0000000084d00000|  0%| F|  |TAMS 0x0000000084c00000, 0x0000000084c00000| Untracked 
|  27|0x0000000084d00000, 0x0000000084d00000, 0x0000000084e00000|  0%| F|  |TAMS 0x0000000084d00000, 0x0000000084d00000| Untracked 
|  28|0x0000000084e00000, 0x0000000084e00000, 0x0000000084f00000|  0%| F|  |TAMS 0x0000000084e00000, 0x0000000084e00000| Untracked 
|  29|0x0000000084f00000, 0x0000000084f00000, 0x0000000085000000|  0%| F|  |TAMS 0x0000000084f00000, 0x0000000084f00000| Untracked 
|  30|0x0000000085000000, 0x0000000085000000, 0x0000000085100000|  0%| F|  |TAMS 0x0000000085000000, 0x0000000085000000| Untracked 
|  31|0x0000000085100000, 0x0000000085100000, 0x0000000085200000|  0%| F|  |TAMS 0x0000000085100000, 0x0000000085100000| Untracked 
|  32|0x0000000085200000, 0x0000000085200000, 0x0000000085300000|  0%| F|  |TAMS 0x0000000085200000, 0x0000000085200000| Untracked 
|  33|0x0000000085300000, 0x0000000085300000, 0x0000000085400000|  0%| F|  |TAMS 0x0000000085300000, 0x0000000085300000| Untracked 
|  34|0x0000000085400000, 0x0000000085400000, 0x0000000085500000|  0%| F|  |TAMS 0x0000000085400000, 0x0000000085400000| Untracked 
|  35|0x0000000085500000, 0x0000000085500000, 0x0000000085600000|  0%| F|  |TAMS 0x0000000085500000, 0x0000000085500000| Untracked 
|  36|0x0000000085600000, 0x0000000085600000, 0x0000000085700000|  0%| F|  |TAMS 0x0000000085600000, 0x0000000085600000| Untracked 
|  37|0x0000000085700000, 0x0000000085700000, 0x0000000085800000|  0%| F|  |TAMS 0x0000000085700000, 0x0000000085700000| Untracked 
|  38|0x0000000085800000, 0x0000000085800000, 0x0000000085900000|  0%| F|  |TAMS 0x0000000085800000, 0x0000000085800000| Untracked 
|  39|0x0000000085900000, 0x0000000085900000, 0x0000000085a00000|  0%| F|  |TAMS 0x0000000085900000, 0x0000000085900000| Untracked 
|  40|0x0000000085a00000, 0x0000000085a00000, 0x0000000085b00000|  0%| F|  |TAMS 0x0000000085a00000, 0x0000000085a00000| Untracked 
|  41|0x0000000085b00000, 0x0000000085b00000, 0x0000000085c00000|  0%| F|  |TAMS 0x0000000085b00000, 0x0000000085b00000| Untracked 
|  42|0x0000000085c00000, 0x0000000085c00000, 0x0000000085d00000|  0%| F|  |TAMS 0x0000000085c00000, 0x0000000085c00000| Untracked 
|  43|0x0000000085d00000, 0x0000000085d00000, 0x0000000085e00000|  0%| F|  |TAMS 0x0000000085d00000, 0x0000000085d00000| Untracked 
|  44|0x0000000085e00000, 0x0000000085e00000, 0x0000000085f00000|  0%| F|  |TAMS 0x0000000085e00000, 0x0000000085e00000| Untracked 
|  45|0x0000000085f00000, 0x0000000085f00000, 0x0000000086000000|  0%| F|  |TAMS 0x0000000085f00000, 0x0000000085f00000| Untracked 
|  46|0x0000000086000000, 0x0000000086000000, 0x0000000086100000|  0%| F|  |TAMS 0x0000000086000000, 0x0000000086000000| Untracked 
|  47|0x0000000086100000, 0x0000000086100000, 0x0000000086200000|  0%| F|  |TAMS 0x0000000086100000, 0x0000000086100000| Untracked 
|  48|0x0000000086200000, 0x0000000086200000, 0x0000000086300000|  0%| F|  |TAMS 0x0000000086200000, 0x0000000086200000| Untracked 
|  49|0x0000000086300000, 0x0000000086300000, 0x0000000086400000|  0%| F|  |TAMS 0x0000000086300000, 0x0000000086300000| Untracked 
|  50|0x0000000086400000, 0x0000000086400000, 0x0000000086500000|  0%| F|  |TAMS 0x0000000086400000, 0x0000000086400000| Untracked 
|  51|0x0000000086500000, 0x0000000086500000, 0x0000000086600000|  0%| F|  |TAMS 0x0000000086500000, 0x0000000086500000| Untracked 
|  52|0x0000000086600000, 0x0000000086600000, 0x0000000086700000|  0%| F|  |TAMS 0x0000000086600000, 0x0000000086600000| Untracked 
|  53|0x0000000086700000, 0x0000000086700000, 0x0000000086800000|  0%| F|  |TAMS 0x0000000086700000, 0x0000000086700000| Untracked 
|  54|0x0000000086800000, 0x0000000086800000, 0x0000000086900000|  0%| F|  |TAMS 0x0000000086800000, 0x0000000086800000| Untracked 
|  55|0x0000000086900000, 0x0000000086900000, 0x0000000086a00000|  0%| F|  |TAMS 0x0000000086900000, 0x0000000086900000| Untracked 
|  56|0x0000000086a00000, 0x0000000086a00000, 0x0000000086b00000|  0%| F|  |TAMS 0x0000000086a00000, 0x0000000086a00000| Untracked 
|  57|0x0000000086b00000, 0x0000000086b00000, 0x0000000086c00000|  0%| F|  |TAMS 0x0000000086b00000, 0x0000000086b00000| Untracked 
|  58|0x0000000086c00000, 0x0000000086c00000, 0x0000000086d00000|  0%| F|  |TAMS 0x0000000086c00000, 0x0000000086c00000| Untracked 
|  59|0x0000000086d00000, 0x0000000086d00000, 0x0000000086e00000|  0%| F|  |TAMS 0x0000000086d00000, 0x0000000086d00000| Untracked 
|  60|0x0000000086e00000, 0x0000000086e00000, 0x0000000086f00000|  0%| F|  |TAMS 0x0000000086e00000, 0x0000000086e00000| Untracked 
|  61|0x0000000086f00000, 0x0000000086f00000, 0x0000000087000000|  0%| F|  |TAMS 0x0000000086f00000, 0x0000000086f00000| Untracked 
|  62|0x0000000087000000, 0x0000000087000000, 0x0000000087100000|  0%| F|  |TAMS 0x0000000087000000, 0x0000000087000000| Untracked 
|  63|0x0000000087100000, 0x0000000087100000, 0x0000000087200000|  0%| F|  |TAMS 0x0000000087100000, 0x0000000087100000| Untracked 
|  64|0x0000000087200000, 0x0000000087200000, 0x0000000087300000|  0%| F|  |TAMS 0x0000000087200000, 0x0000000087200000| Untracked 
|  65|0x0000000087300000, 0x0000000087300000, 0x0000000087400000|  0%| F|  |TAMS 0x0000000087300000, 0x0000000087300000| Untracked 
|  66|0x0000000087400000, 0x0000000087400000, 0x0000000087500000|  0%| F|  |TAMS 0x0000000087400000, 0x0000000087400000| Untracked 
|  67|0x0000000087500000, 0x0000000087500000, 0x0000000087600000|  0%| F|  |TAMS 0x0000000087500000, 0x0000000087500000| Untracked 
|  68|0x0000000087600000, 0x0000000087600000, 0x0000000087700000|  0%| F|  |TAMS 0x0000000087600000, 0x0000000087600000| Untracked 
|  69|0x0000000087700000, 0x0000000087700000, 0x0000000087800000|  0%| F|  |TAMS 0x0000000087700000, 0x0000000087700000| Untracked 
|  70|0x0000000087800000, 0x0000000087800000, 0x0000000087900000|  0%| F|  |TAMS 0x0000000087800000, 0x0000000087800000| Untracked 
|  71|0x0000000087900000, 0x0000000087900000, 0x0000000087a00000|  0%| F|  |TAMS 0x0000000087900000, 0x0000000087900000| Untracked 
|  72|0x0000000087a00000, 0x0000000087a00000, 0x0000000087b00000|  0%| F|  |TAMS 0x0000000087a00000, 0x0000000087a00000| Untracked 
|  73|0x0000000087b00000, 0x0000000087b00000, 0x0000000087c00000|  0%| F|  |TAMS 0x0000000087b00000, 0x0000000087b00000| Untracked 
|  74|0x0000000087c00000, 0x0000000087c00000, 0x0000000087d00000|  0%| F|  |TAMS 0x0000000087c00000, 0x0000000087c00000| Untracked 
|  75|0x0000000087d00000, 0x0000000087d00000, 0x0000000087e00000|  0%| F|  |TAMS 0x0000000087d00000, 0x0000000087d00000| Untracked 
|  76|0x0000000087e00000, 0x0000000087e00000, 0x0000000087f00000|  0%| F|  |TAMS 0x0000000087e00000, 0x0000000087e00000| Untracked 
|  77|0x0000000087f00000, 0x0000000087f00000, 0x0000000088000000|  0%| F|  |TAMS 0x0000000087f00000, 0x0000000087f00000| Untracked 
|  78|0x0000000088000000, 0x0000000088000000, 0x0000000088100000|  0%| F|  |TAMS 0x0000000088000000, 0x0000000088000000| Untracked 
|  79|0x0000000088100000, 0x0000000088100000, 0x0000000088200000|  0%| F|  |TAMS 0x0000000088100000, 0x0000000088100000| Untracked 
|  80|0x0000000088200000, 0x0000000088200000, 0x0000000088300000|  0%| F|  |TAMS 0x0000000088200000, 0x0000000088200000| Untracked 
|  81|0x0000000088300000, 0x0000000088300000, 0x0000000088400000|  0%| F|  |TAMS 0x0000000088300000, 0x0000000088300000| Untracked 
|  82|0x0000000088400000, 0x0000000088400000, 0x0000000088500000|  0%| F|  |TAMS 0x0000000088400000, 0x0000000088400000| Untracked 
|  83|0x0000000088500000, 0x0000000088500000, 0x0000000088600000|  0%| F|  |TAMS 0x0000000088500000, 0x0000000088500000| Untracked 
|  84|0x0000000088600000, 0x0000000088600000, 0x0000000088700000|  0%| F|  |TAMS 0x0000000088600000, 0x0000000088600000| Untracked 
|  85|0x0000000088700000, 0x0000000088700000, 0x0000000088800000|  0%| F|  |TAMS 0x0000000088700000, 0x0000000088700000| Untracked 
|  86|0x0000000088800000, 0x0000000088800000, 0x0000000088900000|  0%| F|  |TAMS 0x0000000088800000, 0x0000000088800000| Untracked 
|  87|0x0000000088900000, 0x0000000088900000, 0x0000000088a00000|  0%| F|  |TAMS 0x0000000088900000, 0x0000000088900000| Untracked 
|  88|0x0000000088a00000, 0x0000000088a00000, 0x0000000088b00000|  0%| F|  |TAMS 0x0000000088a00000, 0x0000000088a00000| Untracked 
|  89|0x0000000088b00000, 0x0000000088b00000, 0x0000000088c00000|  0%| F|  |TAMS 0x0000000088b00000, 0x0000000088b00000| Untracked 
|  90|0x0000000088c00000, 0x0000000088c00000, 0x0000000088d00000|  0%| F|  |TAMS 0x0000000088c00000, 0x0000000088c00000| Untracked 
|  91|0x0000000088d00000, 0x0000000088d00000, 0x0000000088e00000|  0%| F|  |TAMS 0x0000000088d00000, 0x0000000088d00000| Untracked 
|  92|0x0000000088e00000, 0x0000000088e00000, 0x0000000088f00000|  0%| F|  |TAMS 0x0000000088e00000, 0x0000000088e00000| Untracked 
|  93|0x0000000088f00000, 0x0000000088f00000, 0x0000000089000000|  0%| F|  |TAMS 0x0000000088f00000, 0x0000000088f00000| Untracked 
|  94|0x0000000089000000, 0x0000000089000000, 0x0000000089100000|  0%| F|  |TAMS 0x0000000089000000, 0x0000000089000000| Untracked 
|  95|0x0000000089100000, 0x0000000089100000, 0x0000000089200000|  0%| F|  |TAMS 0x0000000089100000, 0x0000000089100000| Untracked 
|  96|0x0000000089200000, 0x0000000089200000, 0x0000000089300000|  0%| F|  |TAMS 0x0000000089200000, 0x0000000089200000| Untracked 
|  97|0x0000000089300000, 0x0000000089300000, 0x0000000089400000|  0%| F|  |TAMS 0x0000000089300000, 0x0000000089300000| Untracked 
|  98|0x0000000089400000, 0x0000000089400000, 0x0000000089500000|  0%| F|  |TAMS 0x0000000089400000, 0x0000000089400000| Untracked 
|  99|0x0000000089500000, 0x0000000089500000, 0x0000000089600000|  0%| F|  |TAMS 0x0000000089500000, 0x0000000089500000| Untracked 
| 100|0x0000000089600000, 0x0000000089600000, 0x0000000089700000|  0%| F|  |TAMS 0x0000000089600000, 0x0000000089600000| Untracked 
| 101|0x0000000089700000, 0x0000000089700000, 0x0000000089800000|  0%| F|  |TAMS 0x0000000089700000, 0x0000000089700000| Untracked 
| 102|0x0000000089800000, 0x0000000089800000, 0x0000000089900000|  0%| F|  |TAMS 0x0000000089800000, 0x0000000089800000| Untracked 
| 103|0x0000000089900000, 0x0000000089900000, 0x0000000089a00000|  0%| F|  |TAMS 0x0000000089900000, 0x0000000089900000| Untracked 
| 104|0x0000000089a00000, 0x0000000089a00000, 0x0000000089b00000|  0%| F|  |TAMS 0x0000000089a00000, 0x0000000089a00000| Untracked 
| 105|0x0000000089b00000, 0x0000000089b00000, 0x0000000089c00000|  0%| F|  |TAMS 0x0000000089b00000, 0x0000000089b00000| Untracked 
| 106|0x0000000089c00000, 0x0000000089c00000, 0x0000000089d00000|  0%| F|  |TAMS 0x0000000089c00000, 0x0000000089c00000| Untracked 
| 107|0x0000000089d00000, 0x0000000089dec0a0, 0x0000000089e00000| 92%| E|  |TAMS 0x0000000089d00000, 0x0000000089d00000| Complete 
| 108|0x0000000089e00000, 0x0000000089f00000, 0x0000000089f00000|100%| E|CS|TAMS 0x0000000089e00000, 0x0000000089e00000| Complete 
| 109|0x0000000089f00000, 0x000000008a000000, 0x000000008a000000|100%| E|CS|TAMS 0x0000000089f00000, 0x0000000089f00000| Complete 
| 110|0x000000008a000000, 0x000000008a100000, 0x000000008a100000|100%| E|  |TAMS 0x000000008a000000, 0x000000008a000000| Complete 
| 111|0x000000008a100000, 0x000000008a200000, 0x000000008a200000|100%| E|CS|TAMS 0x000000008a100000, 0x000000008a100000| Complete 
| 112|0x000000008a200000, 0x000000008a300000, 0x000000008a300000|100%| E|CS|TAMS 0x000000008a200000, 0x000000008a200000| Complete 
| 113|0x000000008a300000, 0x000000008a400000, 0x000000008a400000|100%| E|CS|TAMS 0x000000008a300000, 0x000000008a300000| Complete 
| 114|0x000000008a400000, 0x000000008a500000, 0x000000008a500000|100%| E|CS|TAMS 0x000000008a400000, 0x000000008a400000| Complete 
| 115|0x000000008a500000, 0x000000008a600000, 0x000000008a600000|100%| E|CS|TAMS 0x000000008a500000, 0x000000008a500000| Complete 
| 116|0x000000008a600000, 0x000000008a700000, 0x000000008a700000|100%| E|CS|TAMS 0x000000008a600000, 0x000000008a600000| Complete 
| 117|0x000000008a700000, 0x000000008a800000, 0x000000008a800000|100%| E|CS|TAMS 0x000000008a700000, 0x000000008a700000| Complete 
| 118|0x000000008a800000, 0x000000008a900000, 0x000000008a900000|100%| E|CS|TAMS 0x000000008a800000, 0x000000008a800000| Complete 
| 119|0x000000008a900000, 0x000000008aa00000, 0x000000008aa00000|100%| E|CS|TAMS 0x000000008a900000, 0x000000008a900000| Complete 
| 120|0x000000008aa00000, 0x000000008ab00000, 0x000000008ab00000|100%| E|CS|TAMS 0x000000008aa00000, 0x000000008aa00000| Complete 
| 121|0x000000008ab00000, 0x000000008ac00000, 0x000000008ac00000|100%| E|CS|TAMS 0x000000008ab00000, 0x000000008ab00000| Complete 
| 122|0x000000008ac00000, 0x000000008ad00000, 0x000000008ad00000|100%| E|CS|TAMS 0x000000008ac00000, 0x000000008ac00000| Complete 
| 123|0x000000008ad00000, 0x000000008ae00000, 0x000000008ae00000|100%| E|CS|TAMS 0x000000008ad00000, 0x000000008ad00000| Complete 
| 124|0x000000008ae00000, 0x000000008af00000, 0x000000008af00000|100%| E|CS|TAMS 0x000000008ae00000, 0x000000008ae00000| Complete 
| 125|0x000000008af00000, 0x000000008b000000, 0x000000008b000000|100%| E|CS|TAMS 0x000000008af00000, 0x000000008af00000| Complete 

Card table byte_map: [0x000001b35bfc0000,0x000001b35c3b0000] _byte_map_base: 0x000001b35bba7000

Marking Bits (Prev, Next): (CMBitMap*) 0x000001b3443bf630, (CMBitMap*) 0x000001b3443bf670
 Prev Bits: [0x000001b35c7a0000, 0x000001b35e6d8000)
 Next Bits: [0x000001b35e6e0000, 0x000001b360618000)

Polling page: 0x000001b342520000

Metaspace:

Usage:
  Non-class:      7.24 MB capacity,     4.56 MB ( 63%) used,     2.68 MB ( 37%) free+waste,     3.63 KB ( <1%) overhead. 
      Class:    617.00 KB capacity,   327.83 KB ( 53%) used,   288.36 KB ( 47%) free+waste,   832 bytes ( <1%) overhead. 
       Both:      7.84 MB capacity,     4.88 MB ( 62%) used,     2.96 MB ( 38%) free+waste,     4.44 KB ( <1%) overhead. 

Virtual space:
  Non-class space:        8.00 MB reserved,       7.50 MB ( 94%) committed 
      Class space:        1.00 GB reserved,     640.00 KB ( <1%) committed 
             Both:        1.01 GB reserved,       8.13 MB ( <1%) committed 

Chunk freelists:
   Non-Class:  139.00 KB
       Class:  23.00 KB
        Both:  162.00 KB

MaxMetaspaceSize: 17179869184.00 GB
CompressedClassSpaceSize: 1.00 GB

CodeHeap 'non-profiled nmethods': size=120000Kb used=662Kb max_used=662Kb free=119337Kb
 bounds [0x000001b354370000, 0x000001b3545e0000, 0x000001b35b8a0000]
CodeHeap 'profiled nmethods': size=120000Kb used=2133Kb max_used=2133Kb free=117866Kb
 bounds [0x000001b34ce40000, 0x000001b34d0b0000, 0x000001b354370000]
CodeHeap 'non-nmethods': size=5760Kb used=1294Kb max_used=1325Kb free=4465Kb
 bounds [0x000001b34c8a0000, 0x000001b34cb10000, 0x000001b34ce40000]
 total_blobs=1915 nmethods=1337 adapters=491
 compilation: enabled
              stopped_count=0, restarted_count=0
 full_count=0

Compilation events (20 events):
Event: 94.447 Thread 0x000001b36307bc40 1328   !   4       org.lwjgl.input.Keyboard::next (60 bytes)
Event: 94.462 Thread 0x000001b36307bc40 nmethod 1328 0x000001b35440be90 code [0x000001b35440c140, 0x000001b35440ce30]
Event: 95.679 Thread 0x000001b36307bc40 1329       4       com.badlogic.gdx.backends.lwjgl.DefaultLwjglInput::update (13 bytes)
Event: 95.743 Thread 0x000001b36307bc40 nmethod 1329 0x000001b35440d810 code [0x000001b35440dc60, 0x000001b354410de0]
Event: 108.484 Thread 0x000001b36307bc40 1330       4       org.lwjgl.opengl.Display::sync (5 bytes)
Event: 108.484 Thread 0x000001b36307bc40 nmethod 1330 0x000001b354412510 code [0x000001b3544126a0, 0x000001b354412708]
Event: 110.627 Thread 0x000001b36307bc40 1331   !   4       org.lwjgl.opengl.Display::isActive (38 bytes)
Event: 110.628 Thread 0x000001b36307bc40 nmethod 1331 0x000001b354412810 code [0x000001b3544129a0, 0x000001b354412b38]
Event: 110.628 Thread 0x000001b36307bc40 1332       4       org.lwjgl.opengl.Display::getX (30 bytes)
Event: 110.629 Thread 0x000001b36307bc40 nmethod 1332 0x000001b354412c10 code [0x000001b354412da0, 0x000001b354412f58]
Event: 110.629 Thread 0x000001b36307bc40 1333       4       org.lwjgl.opengl.Display::getY (30 bytes)
Event: 110.629 Thread 0x000001b36307bc40 nmethod 1333 0x000001b354413090 code [0x000001b354413220, 0x000001b3544133d8]
Event: 110.629 Thread 0x000001b36307bc40 1334   !   4       com.badlogic.gdx.backends.lwjgl.LwjglApplication::executeRunnables (98 bytes)
Event: 110.633 Thread 0x000001b36307bc40 nmethod 1334 0x000001b354413510 code [0x000001b3544136a0, 0x000001b354413bb8]
Event: 112.760 Thread 0x000001b36307bc40 1337   !   4       com.badlogic.gdx.InputEventQueue::drain (379 bytes)
Event: 112.768 Thread 0x000001b36307bc40 nmethod 1337 0x000001b354413e90 code [0x000001b3544140c0, 0x000001b354414cf0]
Event: 112.768 Thread 0x000001b36307bc40 1335   !   4       com.badlogic.gdx.backends.lwjgl.LwjglGraphics::shouldRender (44 bytes)
Event: 112.768 Thread 0x000001b36307bc40 nmethod 1335 0x000001b354415390 code [0x000001b354415500, 0x000001b3544156b8]
Event: 112.768 Thread 0x000001b36307bc40 1336       4       com.badlogic.gdx.backends.lwjgl.DefaultLwjglInput::processEvents (12 bytes)
Event: 112.768 Thread 0x000001b36307bc40 nmethod 1336 0x000001b354415790 code [0x000001b354415920, 0x000001b3544159c8]

GC Heap History (0 events):
No events

Deoptimization events (20 events):
Event: 6.094 Thread 0x000001b364028e70 DEOPT PACKING pc=0x000001b34d0016d2 sp=0x0000004dae0ff020
Event: 6.094 Thread 0x000001b364028e70 DEOPT UNPACKING pc=0x000001b34c8ef6cf sp=0x0000004dae0fe5a0 mode 0
Event: 6.143 Thread 0x000001b364028e70 DEOPT PACKING pc=0x000001b34d0016d2 sp=0x0000004dae0ff020
Event: 6.143 Thread 0x000001b364028e70 DEOPT UNPACKING pc=0x000001b34c8ef6cf sp=0x0000004dae0fe5a0 mode 0
Event: 6.194 Thread 0x000001b364028e70 DEOPT PACKING pc=0x000001b34d0016d2 sp=0x0000004dae0ff020
Event: 6.194 Thread 0x000001b364028e70 DEOPT UNPACKING pc=0x000001b34c8ef6cf sp=0x0000004dae0fe5a0 mode 0
Event: 6.243 Thread 0x000001b364028e70 DEOPT PACKING pc=0x000001b34d0016d2 sp=0x0000004dae0ff020
Event: 6.243 Thread 0x000001b364028e70 DEOPT UNPACKING pc=0x000001b34c8ef6cf sp=0x0000004dae0fe5a0 mode 0
Event: 9.559 Thread 0x000001b364028e70 Uncommon trap: trap_request=0xffffff45 fr.pc=0x000001b3543bdf6c relative=0x00000000000000cc
Event: 9.559 Thread 0x000001b364028e70 Uncommon trap: reason=unstable_if action=reinterpret pc=0x000001b3543bdf6c method=com.badlogic.gdx.graphics.glutils.ShapeRenderer.check(Lcom/badlogic/gdx/graphics/glutils/ShapeRenderer$ShapeType;Lcom/badlogic/gdx/graphics/glutils/ShapeRenderer$ShapeType;I
Event: 9.559 Thread 0x000001b364028e70 DEOPT PACKING pc=0x000001b3543bdf6c sp=0x0000004dae0feed0
Event: 9.559 Thread 0x000001b364028e70 DEOPT UNPACKING pc=0x000001b34c8a852f sp=0x0000004dae0fee70 mode 2
Event: 23.590 Thread 0x000001b364028e70 Uncommon trap: trap_request=0xffffff45 fr.pc=0x000001b3543caf14 relative=0x0000000000000e54
Event: 23.590 Thread 0x000001b364028e70 Uncommon trap: reason=unstable_if action=reinterpret pc=0x000001b3543caf14 method=com.badlogic.gdx.physics.box2d.Fixture.getShape()Lcom/badlogic/gdx/physics/box2d/Shape; @ 4 c2
Event: 23.590 Thread 0x000001b364028e70 DEOPT PACKING pc=0x000001b3543caf14 sp=0x0000004dae0fefb0
Event: 23.590 Thread 0x000001b364028e70 DEOPT UNPACKING pc=0x000001b34c8a852f sp=0x0000004dae0feed0 mode 2
Event: 128.895 Thread 0x000001b364028e70 Uncommon trap: trap_request=0xffffff45 fr.pc=0x000001b354413b04 relative=0x0000000000000464
Event: 128.895 Thread 0x000001b364028e70 Uncommon trap: reason=unstable_if action=reinterpret pc=0x000001b354413b04 method=com.badlogic.gdx.backends.lwjgl.LwjglApplication.executeRunnables()Z @ 18 c2
Event: 128.895 Thread 0x000001b364028e70 DEOPT PACKING pc=0x000001b354413b04 sp=0x0000004dae0ff120
Event: 128.895 Thread 0x000001b364028e70 DEOPT UNPACKING pc=0x000001b34c8a852f sp=0x0000004dae0ff0d8 mode 2

Classes unloaded (0 events):
No events

Classes redefined (0 events):
No events

Internal exceptions (3 events):
Event: 0.491 Thread 0x000001b364028e70 Exception <a 'org/lwjgl/LWJGLException'{0x000000008aa930d8}: Failed to set device gamma.> (0x000000008aa930d8) 
thrown [./src/hotspot/share/prims/jni.cpp, line 599]
Event: 23.590 Thread 0x000001b364028e70 Implicit null exception at 0x000001b3543ca15a to 0x000001b3543caf08
Event: 29.774 Thread 0x000001b364028e70 Exception <a 'org/lwjgl/LWJGLException'{0x0000000089d87058}: Failed to set device gamma.> (0x0000000089d87058) 
thrown [./src/hotspot/share/prims/jni.cpp, line 599]

Events (20 events):
Event: 2.349 Loaded shared library C:\Users\spenc\AppData\Local\Temp\libgdxspenc\1cecf4f6\lwjgl64.dll
Event: 2.681 Loaded shared library C:\Users\spenc\AppData\Local\Temp\libgdxspenc\1cecf4f6\lwjgl64.dll
Event: 3.031 Loaded shared library C:\Users\spenc\AppData\Local\Temp\libgdxspenc\1cecf4f6\lwjgl64.dll
Event: 3.146 Loaded shared library C:\Program Files\Zulu\zulu-15\bin\java.dll
Event: 3.148 Loaded shared library C:\Users\spenc\AppData\Local\Temp\libgdxspenc\1cecf4f6\lwjgl64.dll
Event: 3.148 Loaded shared library C:\Users\spenc\AppData\Local\Temp\libgdxspenc\1cecf4f6\lwjgl64.dll
Event: 3.330 Loaded shared library C:\Users\spenc\AppData\Local\Temp\libgdxspenc\1cecf4f6\lwjgl64.dll
Event: 3.331 Loaded shared library C:\Users\spenc\AppData\Local\Temp\libgdxspenc\1cecf4f6\lwjgl64.dll
Event: 3.681 Loaded shared library C:\Users\spenc\AppData\Local\Temp\libgdxspenc\1cecf4f6\lwjgl64.dll
Event: 4.562 Loaded shared library C:\Program Files\Zulu\zulu-15\bin\java.dll
Event: 5.778 Loaded shared library C:\Users\spenc\AppData\Local\Temp\libgdxspenc\1cecf4f6\lwjgl64.dll
Event: 5.995 Loaded shared library C:\Users\spenc\AppData\Local\Temp\libgdxspenc\1cecf4f6\lwjgl64.dll
Event: 5.996 Loaded shared library C:\Users\spenc\AppData\Local\Temp\libgdxspenc\1cecf4f6\lwjgl64.dll
Event: 10.074 Loaded shared library C:\Users\spenc\AppData\Local\Temp\libgdxspenc\e1cd32f8\gdx64.dll
Event: 10.091 Loaded shared library C:\Users\spenc\AppData\Local\Temp\libgdxspenc\1cecf4f6\lwjgl64.dll
Event: 10.091 Loaded shared library C:\Users\spenc\AppData\Local\Temp\libgdxspenc\1cecf4f6\lwjgl64.dll
Event: 11.673 Executing VM operation: HandshakeAllThreads
Event: 11.673 Executing VM operation: HandshakeAllThreads done
Event: 19.133 Loaded shared library C:\Program Files\Zulu\zulu-15\bin\java.dll
Event: 23.055 Loaded shared library C:\Users\spenc\AppData\Local\Temp\libgdxspenc\1cecf4f6\lwjgl64.dll


Dynamic libraries:
0x00007ff63e910000 - 0x00007ff63e91d000 	C:\Program Files\Zulu\zulu-15\bin\java.exe
0x00007ffb0eff0000 - 0x00007ffb0f1e5000 	C:\Windows\SYSTEM32\ntdll.dll
0x00007ffb0e010000 - 0x00007ffb0e0ce000 	C:\Windows\System32\KERNEL32.DLL
0x00007ffb0caa0000 - 0x00007ffb0cd68000 	C:\Windows\System32\KERNELBASE.dll
0x00007ffb0ce40000 - 0x00007ffb0cf40000 	C:\Windows\System32\ucrtbase.dll
0x00007ffae59a0000 - 0x00007ffae59b5000 	C:\Program Files\Zulu\zulu-15\bin\VCRUNTIME140.dll
0x00007ffae8500000 - 0x00007ffae8518000 	C:\Program Files\Zulu\zulu-15\bin\jli.dll
0x00007ffb0de60000 - 0x00007ffb0e001000 	C:\Windows\System32\USER32.dll
0x00007ffaf5a40000 - 0x00007ffaf5cda000 	C:\Windows\WinSxS\amd64_microsoft.windows.common-controls_6595b64144ccf1df_6.0.19041.1110_none_60b5254171f9507e\COMCTL32.dll
0x00007ffb0c910000 - 0x00007ffb0c932000 	C:\Windows\System32\win32u.dll
0x00007ffb0de20000 - 0x00007ffb0de4b000 	C:\Windows\System32\GDI32.dll
0x00007ffb0d0d0000 - 0x00007ffb0d16e000 	C:\Windows\System32\msvcrt.dll
0x00007ffb0c7b0000 - 0x00007ffb0c8bd000 	C:\Windows\System32\gdi32full.dll
0x00007ffb0cd70000 - 0x00007ffb0ce0d000 	C:\Windows\System32\msvcp_win.dll
0x00007ffb0ef80000 - 0x00007ffb0efb0000 	C:\Windows\System32\IMM32.DLL
0x00007ffae3a50000 - 0x00007ffae3aeb000 	C:\Program Files\Zulu\zulu-15\bin\msvcp140.dll
0x00007ffa93b80000 - 0x00007ffa94712000 	C:\Program Files\Zulu\zulu-15\bin\server\jvm.dll
0x00007ffb0e1a0000 - 0x00007ffb0e24c000 	C:\Windows\System32\ADVAPI32.dll
0x00007ffb0e450000 - 0x00007ffb0e4eb000 	C:\Windows\System32\sechost.dll
0x00007ffb0e320000 - 0x00007ffb0e44a000 	C:\Windows\System32\RPCRT4.dll
0x00007ffb0e0d0000 - 0x00007ffb0e0d8000 	C:\Windows\System32\PSAPI.DLL
0x00007ffa974a0000 - 0x00007ffa974a9000 	C:\Windows\SYSTEM32\WSOCK32.dll
0x00007ffae7d00000 - 0x00007ffae7d27000 	C:\Windows\SYSTEM32\WINMM.dll
0x00007ffaf8f40000 - 0x00007ffaf8f4a000 	C:\Windows\SYSTEM32\VERSION.dll
0x00007ffb0e4f0000 - 0x00007ffb0e55b000 	C:\Windows\System32\WS2_32.dll
0x00007ffb0af80000 - 0x00007ffb0af92000 	C:\Windows\SYSTEM32\kernel.appcore.dll
0x00007ffb071a0000 - 0x00007ffb071aa000 	C:\Program Files\Zulu\zulu-15\bin\jimage.dll
0x00007ffb0a350000 - 0x00007ffb0a534000 	C:\Windows\SYSTEM32\DBGHELP.DLL
0x00007ffaf0b40000 - 0x00007ffaf0b6c000 	C:\Windows\SYSTEM32\dbgcore.DLL
0x00007ffb0cfa0000 - 0x00007ffb0d022000 	C:\Windows\System32\bcryptPrimitives.dll
0x00007ffae3070000 - 0x00007ffae3095000 	C:\Program Files\Zulu\zulu-15\bin\java.dll
0x00007ffb0d620000 - 0x00007ffb0dd64000 	C:\Windows\System32\SHELL32.dll
0x00007ffb0a7d0000 - 0x00007ffb0af64000 	C:\Windows\SYSTEM32\windows.storage.dll
0x00007ffb0d170000 - 0x00007ffb0d4c5000 	C:\Windows\System32\combase.dll
0x00007ffb0c150000 - 0x00007ffb0c17e000 	C:\Windows\SYSTEM32\Wldp.dll
0x00007ffb0dd70000 - 0x00007ffb0de1d000 	C:\Windows\System32\SHCORE.dll
0x00007ffb0d4d0000 - 0x00007ffb0d525000 	C:\Windows\System32\shlwapi.dll
0x00007ffb0c640000 - 0x00007ffb0c65f000 	C:\Windows\SYSTEM32\profapi.dll
0x00007ffae2c10000 - 0x00007ffae2c29000 	C:\Program Files\Zulu\zulu-15\bin\net.dll
0x00007ffb06d40000 - 0x00007ffb06e4c000 	C:\Windows\SYSTEM32\WINHTTP.dll
0x00007ffb0beb0000 - 0x00007ffb0bf1a000 	C:\Windows\system32\mswsock.dll
0x00007ffae2710000 - 0x00007ffae2722000 	C:\Program Files\Zulu\zulu-15\bin\nio.dll
0x00007ffae26d0000 - 0x00007ffae26e8000 	C:\Program Files\Zulu\zulu-15\bin\zip.dll
0x000000006e700000 - 0x000000006e72a000 	C:\Users\spenc\AppData\Local\Temp\libgdxspenc\e1cd32f8\gdx64.dll
0x00007ffb05cb0000 - 0x00007ffb05cc0000 	C:\Program Files\Zulu\zulu-15\bin\verify.dll
0x0000000180000000 - 0x0000000180053000 	C:\Users\spenc\AppData\Local\Temp\libgdxspenc\1cecf4f6\lwjgl64.dll
0x00007ffad4dd0000 - 0x00007ffad4ef5000 	C:\Windows\SYSTEM32\OPENGL32.dll
0x00007ffad56f0000 - 0x00007ffad571c000 	C:\Windows\SYSTEM32\GLU32.dll
0x000001b364650000 - 0x000001b3646b4000 	C:\Users\spenc\AppData\Local\Temp\libgdxspenc\1cecf4f6\OpenAL64.dll
0x00007ffb0e6e0000 - 0x00007ffb0e80a000 	C:\Windows\System32\ole32.dll
0x00007ffb09c80000 - 0x00007ffb09d1e000 	C:\Windows\system32\uxtheme.dll
0x00007ffb0eed0000 - 0x00007ffb0ef79000 	C:\Windows\System32\clbcatq.dll
0x00007ffae2410000 - 0x00007ffae24ac000 	C:\Windows\SYSTEM32\dsound.dll
0x00007ffb0bc70000 - 0x00007ffb0bcbb000 	C:\Windows\SYSTEM32\powrprof.dll
0x00007ffaf09a0000 - 0x00007ffaf09c6000 	C:\Windows\SYSTEM32\winmmbase.dll
0x00007ffb0bb30000 - 0x00007ffb0bb42000 	C:\Windows\SYSTEM32\UMPDC.dll
0x00007ffaffc30000 - 0x00007ffaffcb5000 	C:\Windows\System32\MMDevApi.dll
0x00007ffb0c4a0000 - 0x00007ffb0c4d4000 	C:\Windows\System32\DEVOBJ.dll
0x00007ffb0c8c0000 - 0x00007ffb0c90e000 	C:\Windows\System32\cfgmgr32.dll
0x00007ffaffd40000 - 0x00007ffaffec1000 	C:\Windows\SYSTEM32\AUDIOSES.DLL
0x00007ffb0e250000 - 0x00007ffb0e31d000 	C:\Windows\System32\OLEAUT32.dll
0x00007ffb09e50000 - 0x00007ffb09e64000 	C:\Windows\SYSTEM32\resourcepolicyclient.dll
0x00007ffb05e90000 - 0x00007ffb05f3e000 	C:\Windows\SYSTEM32\mscms.dll
0x00007ffb05e70000 - 0x00007ffb05e81000 	C:\Windows\SYSTEM32\ColorAdapterClient.dll
0x00007ffb0c600000 - 0x00007ffb0c62e000 	C:\Windows\SYSTEM32\USERENV.dll
0x00007ffb0e5c0000 - 0x00007ffb0e6d5000 	C:\Windows\System32\MSCTF.dll
0x00007ffafc260000 - 0x00007ffafc359000 	C:\Windows\SYSTEM32\textinputframework.dll
0x00007ffb095b0000 - 0x00007ffb096a2000 	C:\Windows\System32\CoreMessaging.dll
0x00007ffb09250000 - 0x00007ffb095ae000 	C:\Windows\System32\CoreUIComponents.dll
0x00007ffb08950000 - 0x00007ffb08aa4000 	C:\Windows\SYSTEM32\wintypes.dll
0x00007ffb0b3f0000 - 0x00007ffb0b423000 	C:\Windows\SYSTEM32\ntmarta.dll
0x00007ffadd780000 - 0x00007ffadd7e6000 	C:\Windows\system32\Oleacc.dll
0x00007ffb00080000 - 0x00007ffb00179000 	C:\Windows\System32\AppXDeploymentClient.dll
0x00007ffa7c1a0000 - 0x00007ffa7d1a6000 	C:\Windows\System32\DriverStore\FileRepository\iigd_dch.inf_amd64_fe923c94e9ba883c\igxelpicd64.dll
0x00007ffb09e70000 - 0x00007ffb09e9f000 	C:\Windows\system32\dwmapi.dll
0x00007ffb0aff0000 - 0x00007ffb0b0e4000 	C:\Windows\system32\dxgi.dll
0x00007ffac3e50000 - 0x00007ffac42ee000 	C:\Windows\System32\DriverStore\FileRepository\iigd_dch.inf_amd64_fe923c94e9ba883c\igdml64.dll
0x00007ffafc790000 - 0x00007ffafcb51000 	C:\Windows\System32\DriverStore\FileRepository\iigd_dch.inf_amd64_fe923c94e9ba883c\igdgmm64.dll
0x00007ffae2680000 - 0x00007ffae26c3000 	C:\Windows\SYSTEM32\icm32.dll
0x00007ffaf5ce0000 - 0x00007ffaf8f40000 	C:\Windows\System32\DriverStore\FileRepository\iigd_dch.inf_amd64_fe923c94e9ba883c\igc64.dll
0x0000000066b00000 - 0x0000000066b5b000 	C:\Users\spenc\AppData\Local\Temp\libgdxspenc\a14961b7\gdx-box2d64.dll

dbghelp: loaded successfully - version: 4.0.5 - missing functions: none
symbol engine: initialized successfully - sym options: 0x614 - pdb path: .;C:\Program Files\Zulu\zulu-15\bin;C:\Windows\SYSTEM32;C:\Windows\WinSxS\amd64_microsoft.windows.common-controls_6595b64144ccf1df_6.0.19041.1110_none_60b5254171f9507e;C:\Program Files\Zulu\zulu-15\bin\server;C:\Users\spenc\AppData\Local\Temp\libgdxspenc\e1cd32f8;C:\Users\spenc\AppData\Local\Temp\libgdxspenc\1cecf4f6;C:\Windows\System32\DriverStore\FileRepository\iigd_dch.inf_amd64_fe923c94e9ba883c;C:\Users\spenc\AppData\Local\Temp\libgdxspenc\a14961b7

VM Arguments:
jvm_args: -Dfile.encoding=windows-1252 -Duser.country=CA -Duser.language=en -Duser.variant 
java_command: com.mygdx.game.desktop.DesktopLauncher
java_class_path (initial): C:\Users\spenc\OneDrive\Documents\GitHub\PortalGame\PortalGame\desktop\build\classes\java\main;C:\Users\spenc\OneDrive\Documents\GitHub\PortalGame\PortalGame\desktop\build\resources\main;C:\Users\spenc\.gradle\caches\modules-2\files-2.1\com.badlogicgames.gdx\gdx-tools\1.10.0\d699cf4953fb42a071c7c3feb9b5c45601aa6a4b\gdx-tools-1.10.0.jar;C:\Users\spenc\.gradle\caches\modules-2\files-2.1\com.badlogicgames.gdx\gdx-backend-lwjgl\1.10.0\58ff89d9e4fd8a82591367f187d606e781cacc05\gdx-backend-lwjgl-1.10.0.jar;C:\Users\spenc\.gradle\caches\modules-2\files-2.1\com.badlogicgames.gdx\gdx-platform\1.10.0\9a8fa793d2fd6d360afc6c9e4c1f5583da263b88\gdx-platform-1.10.0-natives-desktop.jar;C:\Users\spenc\.gradle\caches\modules-2\files-2.1\com.badlogicgames.gdx\gdx-box2d-platform\1.10.0\588c4191c5a64ed39365e71484aa37d81c38eb5e\gdx-box2d-platform-1.10.0-natives-desktop.jar;C:\Users\spenc\.gradle\caches\modules-2\files-2.1\com.badlogicgames.gdx\gdx-bullet-platform\1.10.0\ce92e8dfc762523d769cbc50853163c03bf98cf1\gdx-bullet-platform-1.10.0-natives-desktop.jar;C:\Users\spenc\.gradle\caches\modules-2\files-2.1\com.badlogicgames.gdx\gdx-freetype-platform\1.10.0\6e5d28752759e69384f12e4569d2c884ff71352f\gdx-freetype-platform-1.10.0-natives-desktop.jar;C:\Users\spenc\OneDrive\Documents\GitHub\PortalGame\PortalGame\core\build\libs\core-1.0.jar;C:\Users\spenc\.gradle\caches\modules-2\files-2.1\com.badlogicgames.gdx\gdx-backend-headless\1.10.0\990eadbb431197c5b9b816d1659c772e0268e65\gdx-backend-headless-1.10.0.jar;C:\Users\spenc\.gradle\caches\modules-2\files-2.1\com.badlogicgames.gdx\gdx-freetype\1.10.0\de1d0d5c1e92e8d91364256fd6b7bb279d3e9859\gdx-freetype-1.10.0.jar;C:\Users\spenc\.gradle\caches\modules-2\files-2.1\com.badlogicgames.box2dlights\box2dlights\1.5\6902dbcd250c95a27973aa24a147a95b3828d348\box2dlights-1.5.jar;C:\Users\spenc\.gradle\caches\modules-2\files-2.1\com.badlogicgames.gdx\gdx-box2d\1.10.0\b3a3c0f00b90716238835434d0ae8985604c37f8\gdx-box2d-1.10.0.jar;C
Launcher Type: SUN_STANDARD

[Global flags]
     intx CICompilerCount                          = 4                                         {product} {ergonomic}
     uint ConcGCThreads                            = 2                                         {product} {ergonomic}
     uint G1ConcRefinementThreads                  = 8                                         {product} {ergonomic}
   size_t G1HeapRegionSize                         = 1048576                                   {product} {ergonomic}
    uintx GCDrainStackTargetSize                   = 64                                        {product} {ergonomic}
   size_t InitialHeapSize                          = 132120576                                 {product} {ergonomic}
   size_t MarkStackSize                            = 4194304                                   {product} {ergonomic}
   size_t MaxHeapSize                              = 2095054848                                {product} {ergonomic}
   size_t MaxNewSize                               = 1256194048                                {product} {ergonomic}
   size_t MinHeapDeltaBytes                        = 1048576                                   {product} {ergonomic}
   size_t MinHeapSize                              = 8388608                                   {product} {ergonomic}
    uintx NonNMethodCodeHeapSize                   = 5839372                                {pd product} {ergonomic}
    uintx NonProfiledCodeHeapSize                  = 122909434                              {pd product} {ergonomic}
    uintx ProfiledCodeHeapSize                     = 122909434                              {pd product} {ergonomic}
    uintx ReservedCodeCacheSize                    = 251658240                              {pd product} {ergonomic}
     bool SegmentedCodeCache                       = true                                      {product} {ergonomic}
   size_t SoftMaxHeapSize                          = 2095054848                             {manageable} {ergonomic}
     bool UseCompressedClassPointers               = true                                 {lp64_product} {ergonomic}
     bool UseCompressedOops                        = true                                 {lp64_product} {ergonomic}
     bool UseG1GC                                  = true                                      {product} {ergonomic}
     bool UseLargePagesIndividualAllocation        = false                                  {pd product} {ergonomic}

Logging:
Log output configuration:
 #0: stdout all=warning uptime,level,tags
 #1: stderr all=off uptime,level,tags

Environment Variables:
JAVA_HOME=C:\Program Files\Java\jdk1.8.0_311
PATH=C:\Program Files\Zulu\zulu-15\bin\;C:\Program Files (x86)\Common Files\Oracle\Java\javapath;C:\Windows\system32;C:\Windows;C:\Windows\System32\Wbem;C:\Windows\System32\WindowsPowerShell\v1.0\;C:\Windows\System32\OpenSSH\;C:\Program Files\Git\cmd;C:\Users\spenc\AppData\Local\Microsoft\WindowsApps;C:\Users\spenc\AppData\Local\GitHubDesktop\bin;C:\Program Files\JetBrains\IntelliJ IDEA Community Edition 2021.3\bin;
USERNAME=spenc
OS=Windows_NT
PROCESSOR_IDENTIFIER=Intel64 Family 6 Model 140 Stepping 1, GenuineIntel



---------------  S Y S T E M  ---------------

OS:
 Windows 10 , 64 bit Build 19041 (10.0.19041.1348)
OS uptime: 13 days 20:38 hours

CPU: total 8 (initial active 8) (4 cores per cpu, 2 threads per core) family 6 model 140 stepping 1 microcode 0x78, cmov, cx8, fxsr, mmx, sse, sse2, sse3, ssse3, sse4.1, sse4.2, popcnt, vzeroupper, avx, avx2, aes, clmul, erms, 3dnowpref, lzcnt, ht, tsc, tscinvbit, bmi1, bmi2, adx, avx512f, avx512dq, avx512cd, avx512bw, avx512vl, avx512_vpopcntdq, avx512_vpclmulqdq, avx512_vbmi, avx512_vbmi2, avx512_vaes, avx512_vnni, sha, fma, clflush, clflushopt, clwb

Memory: 4k page, system-wide physical 7987M (866M free)
TotalPageFile size 30823M (AvailPageFile size 17501M)
current process WorkingSet (physical memory assigned to process): 182M, peak: 204M
current process commit charge ("private bytes"): 287M, peak: 312M

vm_info: OpenJDK 64-Bit Server VM (15.0.5+3-MTS) for windows-amd64 JRE (15.0.5+3-MTS) (Zulu15.36+13-CA), built on Oct  8 2021 11:07:26 by "zulu_re" with MS VC++ 15.9 (VS2017)

END.
