#
# A fatal error has been detected by the Java Runtime Environment:
#
#  EXCEPTION_ACCESS_VIOLATION (0xc0000005) at pc=0x0000000066b1f8ac, pid=30612, tid=31824
#
# JRE version: OpenJDK Runtime Environment JBR-11.0.13.7-1751.19-jcef (11.0.13+7) (build 11.0.13+7-b1751.19)
# Java VM: OpenJDK 64-Bit Server VM JBR-11.0.13.7-1751.19-jcef (11.0.13+7-b1751.19, mixed mode, tiered, compressed oops, g1 gc, windows-amd64)
# Problematic frame:
# C  [gdx-box2d64.dll+0x1f8ac]
#
# No core dump will be written. Minidumps are not enabled by default on client versions of Windows
#
# If you would like to submit a bug report, please visit:
#   https://bugreport.java.com/bugreport/crash.jsp
# The crash happened outside the Java Virtual Machine in native code.
# See problematic frame for where to report the bug.
#

---------------  S U M M A R Y ------------

Command Line: -javaagent:C:\Program Files\JetBrains\IntelliJ IDEA Community Edition 2021.3\lib\idea_rt.jar=58286:C:\Program Files\JetBrains\IntelliJ IDEA Community Edition 2021.3\bin -Dfile.encoding=UTF-8 com.mygdx.game.desktop.DesktopLauncher

Host: 11th Gen Intel(R) Core(TM) i5-1135G7 @ 2.40GHz, 8 cores, 7G,  Windows 10 , 64 bit Build 19041 (10.0.19041.1348)
Time: Sat Jan  1 21:44:06 2022 Eastern Standard Time elapsed time: 40.379377 seconds (0d 0h 0m 40s)

---------------  T H R E A D  ---------------

Current thread (0x0000022fffaed000):  JavaThread "LWJGL Application" [_thread_in_native, id=31824, stack(0x0000003e30e00000,0x0000003e30f00000)]

Stack: [0x0000003e30e00000,0x0000003e30f00000],  sp=0x0000003e30efec90,  free space=1019k
Native frames: (J=compiled Java code, j=interpreted, Vv=VM code, C=native code)
C  [gdx-box2d64.dll+0x1f8ac]

Java frames: (J=compiled Java code, j=interpreted, Vv=VM code)
j  com.badlogic.gdx.physics.box2d.World.jniDestroyBody(JJ)V+0
j  com.badlogic.gdx.physics.box2d.World.destroyBody(Lcom/badlogic/gdx/physics/box2d/Body;)V+42
j  com.mygdx.game.Entity.dispose()V+8
j  com.mygdx.game.MyGdxGame.dispose()V+82
j  com.badlogic.gdx.backends.lwjgl.LwjglApplication.mainLoop()V+924
j  com.badlogic.gdx.backends.lwjgl.LwjglApplication$1.run()V+27
v  ~StubRoutines::call_stub

siginfo: EXCEPTION_ACCESS_VIOLATION (0xc0000005), reading address 0x0000000000000000


Register to memory mapping:

RIP=0x0000000066b1f8ac gdx-box2d64.dll
RAX=0x0 is NULL
RBX=0x0000022f9005f2e0 points into unknown readable memory: 0x0000022f41200000 | 00 00 20 41 2f 02 00 00
RCX=0x0 is NULL
RDX=0x0000022f90007590 points into unknown readable memory: 0x0000022ff1720150 | 50 01 72 f1 2f 02 00 00
RSP=0x0000003e30efec90 is pointing into the stack for thread: 0x0000022fffaed000
RBP=0x0 is NULL
RSI=0x0000022f90007590 points into unknown readable memory: 0x0000022ff1720150 | 50 01 72 f1 2f 02 00 00
RDI=0x0000022f90007590 points into unknown readable memory: 0x0000022ff1720150 | 50 01 72 f1 2f 02 00 00
R8 =0x0000022f90007590 points into unknown readable memory: 0x0000022ff1720150 | 50 01 72 f1 2f 02 00 00
R9 =0x0000022f9005b7b0 points into unknown readable memory: 0x0000003600000002 | 02 00 00 00 36 00 00 00
R10=0x0000022f8000f6a8 is at code_begin+1000 in an Interpreter codelet
method entry point (kind = native)  [0x0000022f8000f2c0, 0x0000022f8000fd60]  2720 bytes
R11=0x0000000000000102 is an unknown value
R12=0x0000022f90020830 points into unknown readable memory: 0x0000000000000010 | 10 00 00 00 00 00 00 00
R13={method} {0x0000022f97d77338} 'jniDestroyBody' '(JJ)V' in 'com/badlogic/gdx/physics/box2d/World'
R14=0x0000003e30efee78 is pointing into the stack for thread: 0x0000022fffaed000
R15=0x0000022fffaed000 is a thread


Registers:
RAX=0x0000000000000000, RBX=0x0000022f9005f2e0, RCX=0x0000000000000000, RDX=0x0000022f90007590
RSP=0x0000003e30efec90, RBP=0x0000000000000000, RSI=0x0000022f90007590, RDI=0x0000022f90007590
R8 =0x0000022f90007590, R9 =0x0000022f9005b7b0, R10=0x0000022f8000f6a8, R11=0x0000000000000102
R12=0x0000022f90020830, R13=0x0000022f97d77330, R14=0x0000003e30efee78, R15=0x0000022fffaed000
RIP=0x0000000066b1f8ac, EFLAGS=0x0000000000010246

Top of Stack: (sp=0x0000003e30efec90)
0x0000003e30efec90:   0000000000000000 0000000000000000
0x0000003e30efeca0:   0000022f9005f2e0 0000022f90007590
0x0000003e30efecb0:   0000022f9005f2e0 0000022f90007590
0x0000003e30efecc0:   0000022f9005b7b0 0000000066b2162f
0x0000003e30efecd0:   0000000100093560 0000022fff004148
0x0000003e30efece0:   00000000000000b6 0000022fff518000
0x0000003e30efecf0:   0000022f90007590 0000022f9005b7b0
0x0000003e30efed00:   00000000000ae758 0000003e30efee38
0x0000003e30efed10:   0000000000000000 0000000066b26a9d
0x0000003e30efed20:   00000001ffae0000 00007ffa87fb7963
0x0000003e30efed30:   0000000000001000 00007ffa87e2d240
0x0000003e30efed40:   0000000066b487e0 0000022fffaed348
0x0000003e30efed50:   0000003e30efee78 0000022fff518000
0x0000003e30efed60:   0000000066b48840 0000022fffaed348
0x0000003e30efed70:   0000003e30efee78 0000022fffaed000
0x0000003e30efed80:   0000003e30efeef0 0000022f97d77330 

Instructions: (pc=0x0000000066b1f8ac)
0x0000000066b1f7ac:   41 08 00 00 00 00 48 c7 41 28 00 00 00 00 c7 41
0x0000000066b1f7bc:   30 00 00 00 00 48 c7 41 18 00 00 00 00 c7 01 00
0x0000000066b1f7cc:   00 00 00 c3 55 57 56 53 48 83 ec 28 49 8b 41 08
0x0000000066b1f7dc:   f3 41 0f 10 41 10 48 89 cb 48 89 d5 f3 0f 11 41
0x0000000066b1f7ec:   20 4c 89 ce 48 89 41 40 41 8b 41 1e f3 41 0f 10
0x0000000066b1f7fc:   41 14 f3 0f 11 41 24 4c 89 41 10 48 c7 41 08 00
0x0000000066b1f80c:   00 00 00 89 41 34 41 0f b7 41 22 66 89 41 38 41
0x0000000066b1f81c:   0f b6 41 1c 88 41 3a 49 8b 09 48 8b 01 ff 50 10
0x0000000066b1f82c:   48 8b 10 48 89 c1 48 89 43 18 ff 52 18 89 c2 89
0x0000000066b1f83c:   c7 48 89 e9 c1 e2 05 e8 18 c3 fe ff 85 ff 48 89
0x0000000066b1f84c:   43 28 7e 27 8d 4f ff 48 8d 50 10 48 c1 e1 05 48
0x0000000066b1f85c:   8d 44 08 30 48 c7 02 00 00 00 00 c7 42 0c ff ff
0x0000000066b1f86c:   ff ff 48 83 c2 20 48 39 c2 75 e9 f3 0f 10 46 18
0x0000000066b1f87c:   c7 43 30 00 00 00 00 f3 0f 11 03 48 83 c4 28 5b
0x0000000066b1f88c:   5e 5f 5d c3 57 56 53 48 83 ec 20 8b 41 30 48 89
0x0000000066b1f89c:   cb 48 89 d7 85 c0 0f 85 a8 00 00 00 48 8b 4b 18
0x0000000066b1f8ac:   48 8b 01 ff 50 18 48 8b 53 28 c1 e0 05 48 89 f9
0x0000000066b1f8bc:   41 89 c0 e8 dc c4 fe ff 48 8b 73 18 48 c7 43 28
0x0000000066b1f8cc:   00 00 00 00 8b 46 08 83 f8 01 0f 84 94 00 00 00
0x0000000066b1f8dc:   0f 82 be 00 00 00 83 f8 02 74 39 83 f8 03 0f 85
0x0000000066b1f8ec:   e0 00 00 00 48 8b 06 48 89 f1 ff 10 41 b8 30 00
0x0000000066b1f8fc:   00 00 48 89 f2 48 89 f9 e8 97 c4 fe ff 48 c7 43
0x0000000066b1f90c:   18 00 00 00 00 48 83 c4 20 5b 5e 5f c3 0f 1f 80
0x0000000066b1f91c:   00 00 00 00 48 8b 06 48 89 f1 ff 10 41 b8 a0 00
0x0000000066b1f92c:   00 00 48 89 f2 48 89 f9 e8 67 c4 fe ff 48 c7 43
0x0000000066b1f93c:   18 00 00 00 00 48 83 c4 20 5b 5e 5f c3 0f 1f 80
0x0000000066b1f94c:   00 00 00 00 48 8d 15 d9 49 02 00 48 8d 0d 32 4a
0x0000000066b1f95c:   02 00 41 b8 48 00 00 00 e8 67 6c 01 00 e9 3a ff
0x0000000066b1f96c:   ff ff 66 90 48 8b 06 48 89 f1 ff 10 41 b8 38 00
0x0000000066b1f97c:   00 00 48 89 f2 48 89 f9 e8 17 c4 fe ff 48 c7 43
0x0000000066b1f98c:   18 00 00 00 00 48 83 c4 20 5b 5e 5f c3 0f 1f 80
0x0000000066b1f99c:   00 00 00 00 48 8b 06 48 89 f1 ff 10 41 b8 18 00 


Stack slot to memory mapping:
stack at sp + 0 slots: 0x0 is NULL
stack at sp + 1 slots: 0x0 is NULL
stack at sp + 2 slots: 0x0000022f9005f2e0 points into unknown readable memory: 0x0000022f41200000 | 00 00 20 41 2f 02 00 00
stack at sp + 3 slots: 0x0000022f90007590 points into unknown readable memory: 0x0000022ff1720150 | 50 01 72 f1 2f 02 00 00
stack at sp + 4 slots: 0x0000022f9005f2e0 points into unknown readable memory: 0x0000022f41200000 | 00 00 20 41 2f 02 00 00
stack at sp + 5 slots: 0x0000022f90007590 points into unknown readable memory: 0x0000022ff1720150 | 50 01 72 f1 2f 02 00 00
stack at sp + 6 slots: 0x0000022f9005b7b0 points into unknown readable memory: 0x0000003600000002 | 02 00 00 00 36 00 00 00
stack at sp + 7 slots: 0x0000000066b2162f gdx-box2d64.dll


---------------  P R O C E S S  ---------------

Threads class SMR info:
_java_thread_list=0x0000022f96d30460, length=13, elements={
0x0000022ffe9cd000, 0x0000022ffe9d7000, 0x0000022ffe9e3000, 0x0000022ffe9e6000,
0x0000022ffe9e8000, 0x0000022ffe9ee000, 0x0000022fff355000, 0x0000022fff37e800,
0x0000022fff480800, 0x0000022fff7bf000, 0x0000022fffaed000, 0x0000022ff1616000,
0x0000022f9686c800
}

Java Threads: ( => current thread )
  0x0000022ffe9cd000 JavaThread "Reference Handler" daemon [_thread_blocked, id=28720, stack(0x0000003e30000000,0x0000003e30100000)]
  0x0000022ffe9d7000 JavaThread "Finalizer" daemon [_thread_blocked, id=22112, stack(0x0000003e30100000,0x0000003e30200000)]
  0x0000022ffe9e3000 JavaThread "Signal Dispatcher" daemon [_thread_blocked, id=25628, stack(0x0000003e30200000,0x0000003e30300000)]
  0x0000022ffe9e6000 JavaThread "Attach Listener" daemon [_thread_blocked, id=17940, stack(0x0000003e30300000,0x0000003e30400000)]
  0x0000022ffe9e8000 JavaThread "Service Thread" daemon [_thread_blocked, id=30984, stack(0x0000003e30400000,0x0000003e30500000)]
  0x0000022ffe9ee000 JavaThread "C2 CompilerThread0" daemon [_thread_blocked, id=30072, stack(0x0000003e30500000,0x0000003e30600000)]
  0x0000022fff355000 JavaThread "C1 CompilerThread0" daemon [_thread_blocked, id=27472, stack(0x0000003e30600000,0x0000003e30700000)]
  0x0000022fff37e800 JavaThread "Sweeper thread" daemon [_thread_blocked, id=31760, stack(0x0000003e30700000,0x0000003e30800000)]
  0x0000022fff480800 JavaThread "Common-Cleaner" daemon [_thread_blocked, id=25004, stack(0x0000003e30800000,0x0000003e30900000)]
  0x0000022fff7bf000 JavaThread "Monitor Ctrl-Break" daemon [_thread_in_native, id=32996, stack(0x0000003e30a00000,0x0000003e30b00000)]
=>0x0000022fffaed000 JavaThread "LWJGL Application" [_thread_in_native, id=31824, stack(0x0000003e30e00000,0x0000003e30f00000)]
  0x0000022ff1616000 JavaThread "DestroyJavaVM" [_thread_blocked, id=30308, stack(0x0000003e2f900000,0x0000003e2fa00000)]
  0x0000022f9686c800 JavaThread "LWJGL Timer" daemon [_thread_blocked, id=33772, stack(0x0000003e30900000,0x0000003e30a00000)]

Other Threads:
  0x0000022ffe9a7000 VMThread "VM Thread" [stack: 0x0000003e2ff00000,0x0000003e30000000] [id=33644]
  0x0000022fff7c4800 WatcherThread [stack: 0x0000003e30b00000,0x0000003e30c00000] [id=33504]
  0x0000022ff1630000 GCTaskThread "GC Thread#0" [stack: 0x0000003e2fa00000,0x0000003e2fb00000] [id=30448]
  0x0000022ff15de000 ConcurrentGCThread "G1 Main Marker" [stack: 0x0000003e2fb00000,0x0000003e2fc00000] [id=8888]
  0x0000022ff165b800 ConcurrentGCThread "G1 Conc#0" [stack: 0x0000003e2fc00000,0x0000003e2fd00000] [id=31832]
  0x0000022ffe810800 ConcurrentGCThread "G1 Refine#0" [stack: 0x0000003e2fd00000,0x0000003e2fe00000] [id=26220]
  0x0000022ffe811800 ConcurrentGCThread "G1 Young RemSet Sampling" [stack: 0x0000003e2fe00000,0x0000003e2ff00000] [id=12932]

Threads with active compile tasks:

VM state:not at safepoint (normal execution)

VM Mutex/Monitor currently owned by a thread: None

Heap address: 0x0000000083200000, size: 1998 MB, Compressed Oops mode: 32-bit
Narrow klass base: 0x0000000000000000, Narrow klass shift: 3
Compressed class space size: 1073741824 Address: 0x0000000100000000

Heap:
 garbage-first heap   total 129024K, used 21504K [0x0000000083200000, 0x0000000100000000)
  region size 1024K, 23 young (23552K), 0 survivors (0K)
 Metaspace       used 12185K, capacity 12345K, committed 12672K, reserved 1060864K
  class space    used 977K, capacity 1035K, committed 1152K, reserved 1048576K
Heap Regions: E=young(eden), S=young(survivor), O=old, HS=humongous(starts), HC=humongous(continues), CS=collection set, F=free, A=archive, TAMS=top-at-mark-start (previous, next)
|   0|0x0000000083200000, 0x0000000083200000, 0x0000000083300000|  0%| F|  |TAMS 0x0000000083200000, 0x0000000083200000| Untracked 
|   1|0x0000000083300000, 0x0000000083300000, 0x0000000083400000|  0%| F|  |TAMS 0x0000000083300000, 0x0000000083300000| Untracked 
|   2|0x0000000083400000, 0x0000000083400000, 0x0000000083500000|  0%| F|  |TAMS 0x0000000083400000, 0x0000000083400000| Untracked 
|   3|0x0000000083500000, 0x0000000083500000, 0x0000000083600000|  0%| F|  |TAMS 0x0000000083500000, 0x0000000083500000| Untracked 
|   4|0x0000000083600000, 0x0000000083600000, 0x0000000083700000|  0%| F|  |TAMS 0x0000000083600000, 0x0000000083600000| Untracked 
|   5|0x0000000083700000, 0x0000000083700000, 0x0000000083800000|  0%| F|  |TAMS 0x0000000083700000, 0x0000000083700000| Untracked 
|   6|0x0000000083800000, 0x0000000083800000, 0x0000000083900000|  0%| F|  |TAMS 0x0000000083800000, 0x0000000083800000| Untracked 
|   7|0x0000000083900000, 0x0000000083900000, 0x0000000083a00000|  0%| F|  |TAMS 0x0000000083900000, 0x0000000083900000| Untracked 
|   8|0x0000000083a00000, 0x0000000083a00000, 0x0000000083b00000|  0%| F|  |TAMS 0x0000000083a00000, 0x0000000083a00000| Untracked 
|   9|0x0000000083b00000, 0x0000000083b00000, 0x0000000083c00000|  0%| F|  |TAMS 0x0000000083b00000, 0x0000000083b00000| Untracked 
|  10|0x0000000083c00000, 0x0000000083c00000, 0x0000000083d00000|  0%| F|  |TAMS 0x0000000083c00000, 0x0000000083c00000| Untracked 
|  11|0x0000000083d00000, 0x0000000083d00000, 0x0000000083e00000|  0%| F|  |TAMS 0x0000000083d00000, 0x0000000083d00000| Untracked 
|  12|0x0000000083e00000, 0x0000000083e00000, 0x0000000083f00000|  0%| F|  |TAMS 0x0000000083e00000, 0x0000000083e00000| Untracked 
|  13|0x0000000083f00000, 0x0000000083f00000, 0x0000000084000000|  0%| F|  |TAMS 0x0000000083f00000, 0x0000000083f00000| Untracked 
|  14|0x0000000084000000, 0x0000000084000000, 0x0000000084100000|  0%| F|  |TAMS 0x0000000084000000, 0x0000000084000000| Untracked 
|  15|0x0000000084100000, 0x0000000084100000, 0x0000000084200000|  0%| F|  |TAMS 0x0000000084100000, 0x0000000084100000| Untracked 
|  16|0x0000000084200000, 0x0000000084200000, 0x0000000084300000|  0%| F|  |TAMS 0x0000000084200000, 0x0000000084200000| Untracked 
|  17|0x0000000084300000, 0x0000000084300000, 0x0000000084400000|  0%| F|  |TAMS 0x0000000084300000, 0x0000000084300000| Untracked 
|  18|0x0000000084400000, 0x0000000084400000, 0x0000000084500000|  0%| F|  |TAMS 0x0000000084400000, 0x0000000084400000| Untracked 
|  19|0x0000000084500000, 0x0000000084500000, 0x0000000084600000|  0%| F|  |TAMS 0x0000000084500000, 0x0000000084500000| Untracked 
|  20|0x0000000084600000, 0x0000000084600000, 0x0000000084700000|  0%| F|  |TAMS 0x0000000084600000, 0x0000000084600000| Untracked 
|  21|0x0000000084700000, 0x0000000084700000, 0x0000000084800000|  0%| F|  |TAMS 0x0000000084700000, 0x0000000084700000| Untracked 
|  22|0x0000000084800000, 0x0000000084800000, 0x0000000084900000|  0%| F|  |TAMS 0x0000000084800000, 0x0000000084800000| Untracked 
|  23|0x0000000084900000, 0x0000000084900000, 0x0000000084a00000|  0%| F|  |TAMS 0x0000000084900000, 0x0000000084900000| Untracked 
|  24|0x0000000084a00000, 0x0000000084a00000, 0x0000000084b00000|  0%| F|  |TAMS 0x0000000084a00000, 0x0000000084a00000| Untracked 
|  25|0x0000000084b00000, 0x0000000084b00000, 0x0000000084c00000|  0%| F|  |TAMS 0x0000000084b00000, 0x0000000084b00000| Untracked 
|  26|0x0000000084c00000, 0x0000000084c00000, 0x0000000084d00000|  0%| F|  |TAMS 0x0000000084c00000, 0x0000000084c00000| Untracked 
|  27|0x0000000084d00000, 0x0000000084d00000, 0x0000000084e00000|  0%| F|  |TAMS 0x0000000084d00000, 0x0000000084d00000| Untracked 
|  28|0x0000000084e00000, 0x0000000084e00000, 0x0000000084f00000|  0%| F|  |TAMS 0x0000000084e00000, 0x0000000084e00000| Untracked 
|  29|0x0000000084f00000, 0x0000000084f00000, 0x0000000085000000|  0%| F|  |TAMS 0x0000000084f00000, 0x0000000084f00000| Untracked 
|  30|0x0000000085000000, 0x0000000085000000, 0x0000000085100000|  0%| F|  |TAMS 0x0000000085000000, 0x0000000085000000| Untracked 
|  31|0x0000000085100000, 0x0000000085100000, 0x0000000085200000|  0%| F|  |TAMS 0x0000000085100000, 0x0000000085100000| Untracked 
|  32|0x0000000085200000, 0x0000000085200000, 0x0000000085300000|  0%| F|  |TAMS 0x0000000085200000, 0x0000000085200000| Untracked 
|  33|0x0000000085300000, 0x0000000085300000, 0x0000000085400000|  0%| F|  |TAMS 0x0000000085300000, 0x0000000085300000| Untracked 
|  34|0x0000000085400000, 0x0000000085400000, 0x0000000085500000|  0%| F|  |TAMS 0x0000000085400000, 0x0000000085400000| Untracked 
|  35|0x0000000085500000, 0x0000000085500000, 0x0000000085600000|  0%| F|  |TAMS 0x0000000085500000, 0x0000000085500000| Untracked 
|  36|0x0000000085600000, 0x0000000085600000, 0x0000000085700000|  0%| F|  |TAMS 0x0000000085600000, 0x0000000085600000| Untracked 
|  37|0x0000000085700000, 0x0000000085700000, 0x0000000085800000|  0%| F|  |TAMS 0x0000000085700000, 0x0000000085700000| Untracked 
|  38|0x0000000085800000, 0x0000000085800000, 0x0000000085900000|  0%| F|  |TAMS 0x0000000085800000, 0x0000000085800000| Untracked 
|  39|0x0000000085900000, 0x0000000085900000, 0x0000000085a00000|  0%| F|  |TAMS 0x0000000085900000, 0x0000000085900000| Untracked 
|  40|0x0000000085a00000, 0x0000000085a00000, 0x0000000085b00000|  0%| F|  |TAMS 0x0000000085a00000, 0x0000000085a00000| Untracked 
|  41|0x0000000085b00000, 0x0000000085b00000, 0x0000000085c00000|  0%| F|  |TAMS 0x0000000085b00000, 0x0000000085b00000| Untracked 
|  42|0x0000000085c00000, 0x0000000085c00000, 0x0000000085d00000|  0%| F|  |TAMS 0x0000000085c00000, 0x0000000085c00000| Untracked 
|  43|0x0000000085d00000, 0x0000000085d00000, 0x0000000085e00000|  0%| F|  |TAMS 0x0000000085d00000, 0x0000000085d00000| Untracked 
|  44|0x0000000085e00000, 0x0000000085e00000, 0x0000000085f00000|  0%| F|  |TAMS 0x0000000085e00000, 0x0000000085e00000| Untracked 
|  45|0x0000000085f00000, 0x0000000085f00000, 0x0000000086000000|  0%| F|  |TAMS 0x0000000085f00000, 0x0000000085f00000| Untracked 
|  46|0x0000000086000000, 0x0000000086000000, 0x0000000086100000|  0%| F|  |TAMS 0x0000000086000000, 0x0000000086000000| Untracked 
|  47|0x0000000086100000, 0x0000000086100000, 0x0000000086200000|  0%| F|  |TAMS 0x0000000086100000, 0x0000000086100000| Untracked 
|  48|0x0000000086200000, 0x0000000086200000, 0x0000000086300000|  0%| F|  |TAMS 0x0000000086200000, 0x0000000086200000| Untracked 
|  49|0x0000000086300000, 0x0000000086300000, 0x0000000086400000|  0%| F|  |TAMS 0x0000000086300000, 0x0000000086300000| Untracked 
|  50|0x0000000086400000, 0x0000000086400000, 0x0000000086500000|  0%| F|  |TAMS 0x0000000086400000, 0x0000000086400000| Untracked 
|  51|0x0000000086500000, 0x0000000086500000, 0x0000000086600000|  0%| F|  |TAMS 0x0000000086500000, 0x0000000086500000| Untracked 
|  52|0x0000000086600000, 0x0000000086600000, 0x0000000086700000|  0%| F|  |TAMS 0x0000000086600000, 0x0000000086600000| Untracked 
|  53|0x0000000086700000, 0x0000000086700000, 0x0000000086800000|  0%| F|  |TAMS 0x0000000086700000, 0x0000000086700000| Untracked 
|  54|0x0000000086800000, 0x0000000086800000, 0x0000000086900000|  0%| F|  |TAMS 0x0000000086800000, 0x0000000086800000| Untracked 
|  55|0x0000000086900000, 0x0000000086900000, 0x0000000086a00000|  0%| F|  |TAMS 0x0000000086900000, 0x0000000086900000| Untracked 
|  56|0x0000000086a00000, 0x0000000086a00000, 0x0000000086b00000|  0%| F|  |TAMS 0x0000000086a00000, 0x0000000086a00000| Untracked 
|  57|0x0000000086b00000, 0x0000000086b00000, 0x0000000086c00000|  0%| F|  |TAMS 0x0000000086b00000, 0x0000000086b00000| Untracked 
|  58|0x0000000086c00000, 0x0000000086c00000, 0x0000000086d00000|  0%| F|  |TAMS 0x0000000086c00000, 0x0000000086c00000| Untracked 
|  59|0x0000000086d00000, 0x0000000086d00000, 0x0000000086e00000|  0%| F|  |TAMS 0x0000000086d00000, 0x0000000086d00000| Untracked 
|  60|0x0000000086e00000, 0x0000000086e00000, 0x0000000086f00000|  0%| F|  |TAMS 0x0000000086e00000, 0x0000000086e00000| Untracked 
|  61|0x0000000086f00000, 0x0000000086f00000, 0x0000000087000000|  0%| F|  |TAMS 0x0000000086f00000, 0x0000000086f00000| Untracked 
|  62|0x0000000087000000, 0x0000000087000000, 0x0000000087100000|  0%| F|  |TAMS 0x0000000087000000, 0x0000000087000000| Untracked 
|  63|0x0000000087100000, 0x0000000087100000, 0x0000000087200000|  0%| F|  |TAMS 0x0000000087100000, 0x0000000087100000| Untracked 
|  64|0x0000000087200000, 0x0000000087200000, 0x0000000087300000|  0%| F|  |TAMS 0x0000000087200000, 0x0000000087200000| Untracked 
|  65|0x0000000087300000, 0x0000000087300000, 0x0000000087400000|  0%| F|  |TAMS 0x0000000087300000, 0x0000000087300000| Untracked 
|  66|0x0000000087400000, 0x0000000087400000, 0x0000000087500000|  0%| F|  |TAMS 0x0000000087400000, 0x0000000087400000| Untracked 
|  67|0x0000000087500000, 0x0000000087500000, 0x0000000087600000|  0%| F|  |TAMS 0x0000000087500000, 0x0000000087500000| Untracked 
|  68|0x0000000087600000, 0x0000000087600000, 0x0000000087700000|  0%| F|  |TAMS 0x0000000087600000, 0x0000000087600000| Untracked 
|  69|0x0000000087700000, 0x0000000087700000, 0x0000000087800000|  0%| F|  |TAMS 0x0000000087700000, 0x0000000087700000| Untracked 
|  70|0x0000000087800000, 0x0000000087800000, 0x0000000087900000|  0%| F|  |TAMS 0x0000000087800000, 0x0000000087800000| Untracked 
|  71|0x0000000087900000, 0x0000000087900000, 0x0000000087a00000|  0%| F|  |TAMS 0x0000000087900000, 0x0000000087900000| Untracked 
|  72|0x0000000087a00000, 0x0000000087a00000, 0x0000000087b00000|  0%| F|  |TAMS 0x0000000087a00000, 0x0000000087a00000| Untracked 
|  73|0x0000000087b00000, 0x0000000087b00000, 0x0000000087c00000|  0%| F|  |TAMS 0x0000000087b00000, 0x0000000087b00000| Untracked 
|  74|0x0000000087c00000, 0x0000000087c00000, 0x0000000087d00000|  0%| F|  |TAMS 0x0000000087c00000, 0x0000000087c00000| Untracked 
|  75|0x0000000087d00000, 0x0000000087d00000, 0x0000000087e00000|  0%| F|  |TAMS 0x0000000087d00000, 0x0000000087d00000| Untracked 
|  76|0x0000000087e00000, 0x0000000087e00000, 0x0000000087f00000|  0%| F|  |TAMS 0x0000000087e00000, 0x0000000087e00000| Untracked 
|  77|0x0000000087f00000, 0x0000000087f00000, 0x0000000088000000|  0%| F|  |TAMS 0x0000000087f00000, 0x0000000087f00000| Untracked 
|  78|0x0000000088000000, 0x0000000088000000, 0x0000000088100000|  0%| F|  |TAMS 0x0000000088000000, 0x0000000088000000| Untracked 
|  79|0x0000000088100000, 0x0000000088100000, 0x0000000088200000|  0%| F|  |TAMS 0x0000000088100000, 0x0000000088100000| Untracked 
|  80|0x0000000088200000, 0x0000000088200000, 0x0000000088300000|  0%| F|  |TAMS 0x0000000088200000, 0x0000000088200000| Untracked 
|  81|0x0000000088300000, 0x0000000088300000, 0x0000000088400000|  0%| F|  |TAMS 0x0000000088300000, 0x0000000088300000| Untracked 
|  82|0x0000000088400000, 0x0000000088400000, 0x0000000088500000|  0%| F|  |TAMS 0x0000000088400000, 0x0000000088400000| Untracked 
|  83|0x0000000088500000, 0x0000000088500000, 0x0000000088600000|  0%| F|  |TAMS 0x0000000088500000, 0x0000000088500000| Untracked 
|  84|0x0000000088600000, 0x0000000088600000, 0x0000000088700000|  0%| F|  |TAMS 0x0000000088600000, 0x0000000088600000| Untracked 
|  85|0x0000000088700000, 0x0000000088700000, 0x0000000088800000|  0%| F|  |TAMS 0x0000000088700000, 0x0000000088700000| Untracked 
|  86|0x0000000088800000, 0x0000000088800000, 0x0000000088900000|  0%| F|  |TAMS 0x0000000088800000, 0x0000000088800000| Untracked 
|  87|0x0000000088900000, 0x0000000088900000, 0x0000000088a00000|  0%| F|  |TAMS 0x0000000088900000, 0x0000000088900000| Untracked 
|  88|0x0000000088a00000, 0x0000000088a00000, 0x0000000088b00000|  0%| F|  |TAMS 0x0000000088a00000, 0x0000000088a00000| Untracked 
|  89|0x0000000088b00000, 0x0000000088b00000, 0x0000000088c00000|  0%| F|  |TAMS 0x0000000088b00000, 0x0000000088b00000| Untracked 
|  90|0x0000000088c00000, 0x0000000088c00000, 0x0000000088d00000|  0%| F|  |TAMS 0x0000000088c00000, 0x0000000088c00000| Untracked 
|  91|0x0000000088d00000, 0x0000000088d00000, 0x0000000088e00000|  0%| F|  |TAMS 0x0000000088d00000, 0x0000000088d00000| Untracked 
|  92|0x0000000088e00000, 0x0000000088e00000, 0x0000000088f00000|  0%| F|  |TAMS 0x0000000088e00000, 0x0000000088e00000| Untracked 
|  93|0x0000000088f00000, 0x0000000088f00000, 0x0000000089000000|  0%| F|  |TAMS 0x0000000088f00000, 0x0000000088f00000| Untracked 
|  94|0x0000000089000000, 0x0000000089000000, 0x0000000089100000|  0%| F|  |TAMS 0x0000000089000000, 0x0000000089000000| Untracked 
|  95|0x0000000089100000, 0x0000000089100000, 0x0000000089200000|  0%| F|  |TAMS 0x0000000089100000, 0x0000000089100000| Untracked 
|  96|0x0000000089200000, 0x0000000089200000, 0x0000000089300000|  0%| F|  |TAMS 0x0000000089200000, 0x0000000089200000| Untracked 
|  97|0x0000000089300000, 0x0000000089300000, 0x0000000089400000|  0%| F|  |TAMS 0x0000000089300000, 0x0000000089300000| Untracked 
|  98|0x0000000089400000, 0x0000000089400000, 0x0000000089500000|  0%| F|  |TAMS 0x0000000089400000, 0x0000000089400000| Untracked 
|  99|0x0000000089500000, 0x0000000089500000, 0x0000000089600000|  0%| F|  |TAMS 0x0000000089500000, 0x0000000089500000| Untracked 
| 100|0x0000000089600000, 0x0000000089600000, 0x0000000089700000|  0%| F|  |TAMS 0x0000000089600000, 0x0000000089600000| Untracked 
| 101|0x0000000089700000, 0x0000000089700000, 0x0000000089800000|  0%| F|  |TAMS 0x0000000089700000, 0x0000000089700000| Untracked 
| 102|0x0000000089800000, 0x0000000089800000, 0x0000000089900000|  0%| F|  |TAMS 0x0000000089800000, 0x0000000089800000| Untracked 
| 103|0x0000000089900000, 0x0000000089984ab8, 0x0000000089a00000| 51%| E|  |TAMS 0x0000000089900000, 0x0000000089900000| Complete 
| 104|0x0000000089a00000, 0x0000000089b00000, 0x0000000089b00000|100%| E|CS|TAMS 0x0000000089a00000, 0x0000000089a00000| Complete 
| 105|0x0000000089b00000, 0x0000000089c00000, 0x0000000089c00000|100%| E|CS|TAMS 0x0000000089b00000, 0x0000000089b00000| Complete 
| 106|0x0000000089c00000, 0x0000000089d00000, 0x0000000089d00000|100%| E|  |TAMS 0x0000000089c00000, 0x0000000089c00000| Complete 
| 107|0x0000000089d00000, 0x0000000089e00000, 0x0000000089e00000|100%| E|CS|TAMS 0x0000000089d00000, 0x0000000089d00000| Complete 
| 108|0x0000000089e00000, 0x0000000089f00000, 0x0000000089f00000|100%| E|CS|TAMS 0x0000000089e00000, 0x0000000089e00000| Complete 
| 109|0x0000000089f00000, 0x000000008a000000, 0x000000008a000000|100%| E|CS|TAMS 0x0000000089f00000, 0x0000000089f00000| Complete 
| 110|0x000000008a000000, 0x000000008a100000, 0x000000008a100000|100%| E|CS|TAMS 0x000000008a000000, 0x000000008a000000| Complete 
| 111|0x000000008a100000, 0x000000008a200000, 0x000000008a200000|100%| E|CS|TAMS 0x000000008a100000, 0x000000008a100000| Complete 
| 112|0x000000008a200000, 0x000000008a300000, 0x000000008a300000|100%| E|CS|TAMS 0x000000008a200000, 0x000000008a200000| Complete 
| 113|0x000000008a300000, 0x000000008a400000, 0x000000008a400000|100%| E|CS|TAMS 0x000000008a300000, 0x000000008a300000| Complete 
| 114|0x000000008a400000, 0x000000008a500000, 0x000000008a500000|100%| E|CS|TAMS 0x000000008a400000, 0x000000008a400000| Complete 
| 115|0x000000008a500000, 0x000000008a600000, 0x000000008a600000|100%| E|CS|TAMS 0x000000008a500000, 0x000000008a500000| Complete 
| 116|0x000000008a600000, 0x000000008a700000, 0x000000008a700000|100%| E|CS|TAMS 0x000000008a600000, 0x000000008a600000| Complete 
| 117|0x000000008a700000, 0x000000008a800000, 0x000000008a800000|100%| E|CS|TAMS 0x000000008a700000, 0x000000008a700000| Complete 
| 118|0x000000008a800000, 0x000000008a900000, 0x000000008a900000|100%| E|CS|TAMS 0x000000008a800000, 0x000000008a800000| Complete 
| 119|0x000000008a900000, 0x000000008aa00000, 0x000000008aa00000|100%| E|CS|TAMS 0x000000008a900000, 0x000000008a900000| Complete 
| 120|0x000000008aa00000, 0x000000008ab00000, 0x000000008ab00000|100%| E|CS|TAMS 0x000000008aa00000, 0x000000008aa00000| Complete 
| 121|0x000000008ab00000, 0x000000008ac00000, 0x000000008ac00000|100%| E|CS|TAMS 0x000000008ab00000, 0x000000008ab00000| Complete 
| 122|0x000000008ac00000, 0x000000008ad00000, 0x000000008ad00000|100%| E|CS|TAMS 0x000000008ac00000, 0x000000008ac00000| Complete 
| 123|0x000000008ad00000, 0x000000008ae00000, 0x000000008ae00000|100%| E|CS|TAMS 0x000000008ad00000, 0x000000008ad00000| Complete 
| 124|0x000000008ae00000, 0x000000008af00000, 0x000000008af00000|100%| E|CS|TAMS 0x000000008ae00000, 0x000000008ae00000| Complete 
| 125|0x000000008af00000, 0x000000008b000000, 0x000000008b000000|100%| E|CS|TAMS 0x000000008af00000, 0x000000008af00000| Complete 

Card table byte_map: [0x0000022ff7890000,0x0000022ff7c80000] _byte_map_base: 0x0000022ff7477000

Marking Bits (Prev, Next): (CMBitMap*) 0x0000022ff1656418, (CMBitMap*) 0x0000022ff1656450
 Prev Bits: [0x0000022ff8070000, 0x0000022ff9fa8000)
 Next Bits: [0x0000022ff9fb0000, 0x0000022ffbee8000)

Polling page: 0x0000022ff16f0000

Metaspace:

Usage:
  Non-class:     11.04 MB capacity,    10.95 MB (>99%) used,    91.73 KB ( <1%) free+waste,    10.19 KB ( <1%) overhead. 
      Class:      1.01 MB capacity,   977.43 KB ( 94%) used,    54.20 KB (  5%) free+waste,     3.38 KB ( <1%) overhead. 
       Both:     12.06 MB capacity,    11.90 MB ( 99%) used,   145.92 KB (  1%) free+waste,    13.56 KB ( <1%) overhead. 

Virtual space:
  Non-class space:       12.00 MB reserved,      11.25 MB ( 94%) committed 
      Class space:        1.00 GB reserved,       1.13 MB ( <1%) committed 
             Both:        1.01 GB reserved,      12.38 MB (  1%) committed 

Chunk freelists:
   Non-Class:  82.00 KB
       Class:  21.00 KB
        Both:  103.00 KB

MaxMetaspaceSize: 17179869184.00 GB
CompressedClassSpaceSize: 1.00 GB
Initial GC threshold: 20.80 MB
Current GC threshold: 20.80 MB
CDS: off

CodeHeap 'non-profiled nmethods': size=120000Kb used=629Kb max_used=629Kb free=119370Kb
 bounds [0x0000022f87ad0000, 0x0000022f87d40000, 0x0000022f8f000000]
CodeHeap 'profiled nmethods': size=120000Kb used=2385Kb max_used=2385Kb free=117614Kb
 bounds [0x0000022f805a0000, 0x0000022f80810000, 0x0000022f87ad0000]
CodeHeap 'non-nmethods': size=5760Kb used=1275Kb max_used=1308Kb free=4484Kb
 bounds [0x0000022f80000000, 0x0000022f80270000, 0x0000022f805a0000]
 total_blobs=1907 nmethods=1348 adapters=472
 compilation: enabled
              stopped_count=0, restarted_count=0
 full_count=0

Compilation events (20 events):
Event: 28.235 Thread 0x0000022ffe9ee000 1339       4       java.lang.Long::reverseBytes (46 bytes)
Event: 28.235 Thread 0x0000022ffe9ee000 nmethod 1339 0x0000022f87b66c10 code [0x0000022f87b66da0, 0x0000022f87b66e38]
Event: 28.668 Thread 0x0000022fff355000 1340       3       java.lang.Float::isNaN (12 bytes)
Event: 28.669 Thread 0x0000022fff355000 nmethod 1340 0x0000022f807f3e10 code [0x0000022f807f3fc0, 0x0000022f807f4118]
Event: 31.170 Thread 0x0000022ffe9ee000 1341       4       com.badlogic.gdx.graphics.g2d.SpriteBatch::begin (65 bytes)
Event: 31.186 Thread 0x0000022ffe9ee000 nmethod 1341 0x0000022f87b66f10 code [0x0000022f87b671a0, 0x0000022f87b68110]
Event: 31.187 Thread 0x0000022ffe9ee000 1342       4       com.badlogic.gdx.graphics.g2d.SpriteBatch::end (66 bytes)
Event: 31.190 Thread 0x0000022ffe9ee000 nmethod 1342 0x0000022f87b69210 code [0x0000022f87b693e0, 0x0000022f87b696e8]
Event: 36.121 Thread 0x0000022fff355000 1343       3       java.util.AbstractList::<init> (10 bytes)
Event: 36.121 Thread 0x0000022fff355000 nmethod 1343 0x0000022f807f4190 code [0x0000022f807f4340, 0x0000022f807f44f8]
Event: 37.571 Thread 0x0000022ffe9ee000 1344       4       com.badlogic.gdx.maps.tiled.renderers.BatchTiledMapRenderer::render (55 bytes)
Event: 37.588 Thread 0x0000022ffe9ee000 nmethod 1344 0x0000022f87b69a90 code [0x0000022f87b69d20, 0x0000022f87b6abc0]
Event: 37.886 Thread 0x0000022ffe9ee000 1345       4       java.nio.HeapByteBuffer::put (175 bytes)
Event: 37.888 Thread 0x0000022ffe9ee000 nmethod 1345 0x0000022f87b6b810 code [0x0000022f87b6b9c0, 0x0000022f87b6bcf8]
Event: 38.504 Thread 0x0000022ffe9ee000 1346       4       com.badlogic.gdx.backends.lwjgl.LwjglGL20::glBufferData (113 bytes)
Event: 38.505 Thread 0x0000022ffe9ee000 nmethod 1346 0x0000022f87b6c010 code [0x0000022f87b6c1c0, 0x0000022f87b6c388]
Event: 39.171 Thread 0x0000022ffe9ee000 1347       4       java.util.Arrays::rangeCheck (74 bytes)
Event: 39.172 Thread 0x0000022ffe9ee000 nmethod 1347 0x0000022f87b6c610 code [0x0000022f87b6c7a0, 0x0000022f87b6c838]
Event: 39.671 Thread 0x0000022ffe9ee000 1348       4       org.lwjgl.opengl.WindowsMouse::poll (222 bytes)
Event: 39.679 Thread 0x0000022ffe9ee000 nmethod 1348 0x0000022f87b6c910 code [0x0000022f87b6cae0, 0x0000022f87b6d198]

GC Heap History (0 events):
No events

Deoptimization events (20 events):
Event: 0.360 Thread 0x0000022fffaed000 Uncommon trap: trap_request=0xffffff4d fr.pc=0x0000022f87add9f0 relative=0x0000000000000c70
Event: 0.360 Thread 0x0000022fffaed000 Uncommon trap: reason=unstable_if action=reinterpret pc=0x0000022f87add9f0 method=java.util.HashMap.putVal(ILjava/lang/Object;Ljava/lang/Object;ZZ)Ljava/lang/Object; @ 181 c2
Event: 0.360 Thread 0x0000022fffaed000 DEOPT PACKING pc=0x0000022f87add9f0 sp=0x0000003e30efec50
Event: 0.360 Thread 0x0000022fffaed000 DEOPT UNPACKING pc=0x0000022f800085af sp=0x0000003e30efebf0 mode 2
Event: 0.406 Thread 0x0000022fffaed000 DEOPT PACKING pc=0x0000022f80604a22 sp=0x0000003e30efdca0
Event: 0.406 Thread 0x0000022fffaed000 DEOPT UNPACKING pc=0x0000022f80049d0e sp=0x0000003e30efd108 mode 0
Event: 0.587 Thread 0x0000022fffaed000 DEOPT PACKING pc=0x0000022f805e1550 sp=0x0000003e30efdfe0
Event: 0.587 Thread 0x0000022fffaed000 DEOPT UNPACKING pc=0x0000022f80049d0e sp=0x0000003e30efd480 mode 0
Event: 1.535 Thread 0x0000022fffaed000 DEOPT PACKING pc=0x0000022f80718a17 sp=0x0000003e30efed20
Event: 1.535 Thread 0x0000022fffaed000 DEOPT UNPACKING pc=0x0000022f80049d0e sp=0x0000003e30efe148 mode 0
Event: 1.751 Thread 0x0000022fffaed000 DEOPT PACKING pc=0x0000022f8072bcf2 sp=0x0000003e30efee30
Event: 1.751 Thread 0x0000022fffaed000 DEOPT UNPACKING pc=0x0000022f80049d0e sp=0x0000003e30efe3b8 mode 0
Event: 6.989 Thread 0x0000022fffaed000 Uncommon trap: trap_request=0xffffff4d fr.pc=0x0000022f87b3be10 relative=0x0000000000000e50
Event: 6.989 Thread 0x0000022fffaed000 Uncommon trap: reason=unstable_if action=reinterpret pc=0x0000022f87b3be10 method=com.badlogic.gdx.physics.box2d.Fixture.getShape()Lcom/badlogic/gdx/physics/box2d/Shape; @ 4 c2
Event: 6.989 Thread 0x0000022fffaed000 DEOPT PACKING pc=0x0000022f87b3be10 sp=0x0000003e30efeca0
Event: 6.989 Thread 0x0000022fffaed000 DEOPT UNPACKING pc=0x0000022f800085af sp=0x0000003e30efebc0 mode 2
Event: 17.346 Thread 0x0000022fffaed000 Uncommon trap: trap_request=0xffffff4d fr.pc=0x0000022f87b4b218 relative=0x00000000000018b8
Event: 17.346 Thread 0x0000022fffaed000 Uncommon trap: reason=unstable_if action=reinterpret pc=0x0000022f87b4b218 method=com.badlogic.gdx.utils.Array.iterator()Lcom/badlogic/gdx/utils/Array$ArrayIterator; @ 20 c2
Event: 17.346 Thread 0x0000022fffaed000 DEOPT PACKING pc=0x0000022f87b4b218 sp=0x0000003e30efed30
Event: 17.346 Thread 0x0000022fffaed000 DEOPT UNPACKING pc=0x0000022f800085af sp=0x0000003e30efecb0 mode 2

Classes redefined (0 events):
No events

Internal exceptions (9 events):
Event: 0.274 Thread 0x0000022ff1616000 Exception <a 'java/security/PrivilegedActionException'{0x000000008aa8b850}> (0x000000008aa8b850) thrown at [./src/hotspot/share/prims/jvm.cpp, line 1306]
Event: 0.274 Thread 0x0000022ff1616000 Exception <a 'java/security/PrivilegedActionException'{0x000000008aa8e030}> (0x000000008aa8e030) thrown at [./src/hotspot/share/prims/jvm.cpp, line 1306]
Event: 0.274 Thread 0x0000022ff1616000 Exception <a 'java/security/PrivilegedActionException'{0x000000008aa8f028}> (0x000000008aa8f028) thrown at [./src/hotspot/share/prims/jvm.cpp, line 1306]
Event: 0.277 Thread 0x0000022ff1616000 Exception <a 'java/security/PrivilegedActionException'{0x000000008aaa0158}> (0x000000008aaa0158) thrown at [./src/hotspot/share/prims/jvm.cpp, line 1306]
Event: 0.277 Thread 0x0000022ff1616000 Exception <a 'java/security/PrivilegedActionException'{0x000000008aaa0d18}> (0x000000008aaa0d18) thrown at [./src/hotspot/share/prims/jvm.cpp, line 1306]
Event: 0.277 Thread 0x0000022ff1616000 Exception <a 'java/security/PrivilegedActionException'{0x000000008aaa1898}> (0x000000008aaa1898) thrown at [./src/hotspot/share/prims/jvm.cpp, line 1306]
Event: 0.390 Thread 0x0000022fffaed000 Exception <a 'org/lwjgl/LWJGLException'{0x000000008a726188}: Failed to set device gamma.> (0x000000008a726188) thrown at [./src/hotspot/share/prims/jni.cpp, line 637]
Event: 6.989 Thread 0x0000022fffaed000 Implicit null exception at 0x0000022f87b3b05a to 0x0000022f87b3be04
Event: 17.346 Thread 0x0000022fffaed000 Implicit null exception at 0x0000022f87b499db to 0x0000022f87b4b1f8

Events (20 events):
Event: 3.436 Loaded shared library C:\Users\spenc\AppData\Local\Temp\libgdxspenc\1cecf4f6\lwjgl64.dll
Event: 3.436 Loaded shared library C:\Users\spenc\AppData\Local\Temp\libgdxspenc\1cecf4f6\lwjgl64.dll
Event: 4.169 Loaded shared library C:\Users\spenc\AppData\Local\Temp\libgdxspenc\1cecf4f6\lwjgl64.dll
Event: 5.535 Loaded shared library C:\Users\spenc\AppData\Local\Temp\libgdxspenc\1cecf4f6\lwjgl64.dll
Event: 6.985 loading class com/mygdx/game/Player$3
Event: 6.985 loading class com/mygdx/game/Player$3 done
Event: 6.988 loading class com/mygdx/game/RayHitInfo
Event: 6.988 loading class com/mygdx/game/RayHitInfo done
Event: 9.535 loading class com/badlogic/gdx/utils/Pool$Poolable
Event: 9.535 loading class com/badlogic/gdx/utils/Pool$Poolable done
Event: 9.802 Loaded shared library C:\Users\spenc\AppData\Local\Temp\libgdxspenc\e1cd32f8\gdx64.dll
Event: 9.820 Loaded shared library C:\Users\spenc\AppData\Local\Temp\libgdxspenc\1cecf4f6\lwjgl64.dll
Event: 9.820 Loaded shared library C:\Users\spenc\AppData\Local\Temp\libgdxspenc\1cecf4f6\lwjgl64.dll
Event: 12.352 Loaded shared library C:\Users\spenc\AppData\Local\Temp\libgdxspenc\1cecf4f6\lwjgl64.dll
Event: 16.319 loading class org/lwjgl/opengl/WindowsKeycodes
Event: 16.319 loading class org/lwjgl/opengl/WindowsKeycodes done
Event: 18.084 loading class com/mygdx/game/Player$1
Event: 18.084 loading class com/mygdx/game/Player$1 done
Event: 40.373 loading class com/badlogic/gdx/backends/lwjgl/LwjglApplication$2
Event: 40.373 loading class com/badlogic/gdx/backends/lwjgl/LwjglApplication$2 done


Dynamic libraries:
0x00007ff664190000 - 0x00007ff66419a000 	C:\Program Files\JetBrains\IntelliJ IDEA Community Edition 2021.3\jbr\bin\java.exe
0x00007ffb0eff0000 - 0x00007ffb0f1e5000 	C:\Windows\SYSTEM32\ntdll.dll
0x00007ffb0e010000 - 0x00007ffb0e0ce000 	C:\Windows\System32\KERNEL32.DLL
0x00007ffb0caa0000 - 0x00007ffb0cd68000 	C:\Windows\System32\KERNELBASE.dll
0x00007ffb0ce40000 - 0x00007ffb0cf40000 	C:\Windows\System32\ucrtbase.dll
0x00007ffae41d0000 - 0x00007ffae41e9000 	C:\Program Files\JetBrains\IntelliJ IDEA Community Edition 2021.3\jbr\bin\jli.dll
0x00007ffb0de60000 - 0x00007ffb0e001000 	C:\Windows\System32\USER32.dll
0x00007ffae5990000 - 0x00007ffae59a7000 	C:\Program Files\JetBrains\IntelliJ IDEA Community Edition 2021.3\jbr\bin\VCRUNTIME140.dll
0x00007ffb0c910000 - 0x00007ffb0c932000 	C:\Windows\System32\win32u.dll
0x00007ffb0de20000 - 0x00007ffb0de4b000 	C:\Windows\System32\GDI32.dll
0x00007ffb0c7b0000 - 0x00007ffb0c8bd000 	C:\Windows\System32\gdi32full.dll
0x00007ffaf5a40000 - 0x00007ffaf5cda000 	C:\Windows\WinSxS\amd64_microsoft.windows.common-controls_6595b64144ccf1df_6.0.19041.1110_none_60b5254171f9507e\COMCTL32.dll
0x00007ffb0cd70000 - 0x00007ffb0ce0d000 	C:\Windows\System32\msvcp_win.dll
0x00007ffb0d0d0000 - 0x00007ffb0d16e000 	C:\Windows\System32\msvcrt.dll
0x00007ffb0ef80000 - 0x00007ffb0efb0000 	C:\Windows\System32\IMM32.DLL
0x00007ffae1ff0000 - 0x00007ffae208d000 	C:\Program Files\JetBrains\IntelliJ IDEA Community Edition 2021.3\jbr\bin\msvcp140.dll
0x00007ffa87ab0000 - 0x00007ffa88626000 	C:\Program Files\JetBrains\IntelliJ IDEA Community Edition 2021.3\jbr\bin\server\jvm.dll
0x00007ffb0e1a0000 - 0x00007ffb0e24c000 	C:\Windows\System32\ADVAPI32.dll
0x00007ffb0e450000 - 0x00007ffb0e4eb000 	C:\Windows\System32\sechost.dll
0x00007ffb0e320000 - 0x00007ffb0e44a000 	C:\Windows\System32\RPCRT4.dll
0x00007ffb0e0d0000 - 0x00007ffb0e0d8000 	C:\Windows\System32\PSAPI.DLL
0x00007ffa974a0000 - 0x00007ffa974a9000 	C:\Windows\SYSTEM32\WSOCK32.dll
0x00007ffae7d00000 - 0x00007ffae7d27000 	C:\Windows\SYSTEM32\WINMM.dll
0x00007ffaf8f40000 - 0x00007ffaf8f4a000 	C:\Windows\SYSTEM32\VERSION.dll
0x00007ffb0e4f0000 - 0x00007ffb0e55b000 	C:\Windows\System32\WS2_32.dll
0x00007ffb0af80000 - 0x00007ffb0af92000 	C:\Windows\SYSTEM32\kernel.appcore.dll
0x00007ffb05810000 - 0x00007ffb05821000 	C:\Program Files\JetBrains\IntelliJ IDEA Community Edition 2021.3\jbr\bin\verify.dll
0x00007ffb0a350000 - 0x00007ffb0a534000 	C:\Windows\SYSTEM32\DBGHELP.DLL
0x00007ffaf0b40000 - 0x00007ffaf0b6c000 	C:\Windows\SYSTEM32\dbgcore.DLL
0x00007ffb0cfa0000 - 0x00007ffb0d022000 	C:\Windows\System32\bcryptPrimitives.dll
0x00007ffafc640000 - 0x00007ffafc669000 	C:\Program Files\JetBrains\IntelliJ IDEA Community Edition 2021.3\jbr\bin\java.dll
0x00007ffb07230000 - 0x00007ffb0723b000 	C:\Program Files\JetBrains\IntelliJ IDEA Community Edition 2021.3\jbr\bin\jimage.dll
0x00007ffb05870000 - 0x00007ffb0587f000 	C:\Program Files\JetBrains\IntelliJ IDEA Community Edition 2021.3\jbr\bin\instrument.dll
0x00007ffaee7d0000 - 0x00007ffaee7e8000 	C:\Program Files\JetBrains\IntelliJ IDEA Community Edition 2021.3\jbr\bin\zip.dll
0x00007ffb0d620000 - 0x00007ffb0dd64000 	C:\Windows\System32\SHELL32.dll
0x00007ffb0a7d0000 - 0x00007ffb0af64000 	C:\Windows\SYSTEM32\windows.storage.dll
0x00007ffb0d170000 - 0x00007ffb0d4c5000 	C:\Windows\System32\combase.dll
0x00007ffb0c150000 - 0x00007ffb0c17e000 	C:\Windows\SYSTEM32\Wldp.dll
0x00007ffb0dd70000 - 0x00007ffb0de1d000 	C:\Windows\System32\SHCORE.dll
0x00007ffb0d4d0000 - 0x00007ffb0d525000 	C:\Windows\System32\shlwapi.dll
0x00007ffb0c640000 - 0x00007ffb0c65f000 	C:\Windows\SYSTEM32\profapi.dll
0x00007ffaee7b0000 - 0x00007ffaee7ca000 	C:\Program Files\JetBrains\IntelliJ IDEA Community Edition 2021.3\jbr\bin\net.dll
0x00007ffb06d40000 - 0x00007ffb06e4c000 	C:\Windows\SYSTEM32\WINHTTP.dll
0x00007ffb0beb0000 - 0x00007ffb0bf1a000 	C:\Windows\system32\mswsock.dll
0x00007ffaee6f0000 - 0x00007ffaee704000 	C:\Program Files\JetBrains\IntelliJ IDEA Community Edition 2021.3\jbr\bin\nio.dll
0x00007ffb05850000 - 0x00007ffb0586a000 	C:\Program Files\JetBrains\IntelliJ IDEA Community Edition 2021.3\bin\breakgen64.dll
0x000000006e700000 - 0x000000006e72a000 	C:\Users\spenc\AppData\Local\Temp\libgdxspenc\e1cd32f8\gdx64.dll
0x0000000180000000 - 0x0000000180053000 	C:\Users\spenc\AppData\Local\Temp\libgdxspenc\1cecf4f6\lwjgl64.dll
0x00007ffad4dd0000 - 0x00007ffad4ef5000 	C:\Windows\SYSTEM32\OPENGL32.dll
0x00007ffad56f0000 - 0x00007ffad571c000 	C:\Windows\SYSTEM32\GLU32.dll
0x0000022ffff70000 - 0x0000022ffffd4000 	C:\Users\spenc\AppData\Local\Temp\libgdxspenc\1cecf4f6\OpenAL64.dll
0x00007ffb0e6e0000 - 0x00007ffb0e80a000 	C:\Windows\System32\ole32.dll
0x00007ffb09c80000 - 0x00007ffb09d1e000 	C:\Windows\system32\uxtheme.dll
0x00007ffb0eed0000 - 0x00007ffb0ef79000 	C:\Windows\System32\clbcatq.dll
0x00007ffae1f50000 - 0x00007ffae1fec000 	C:\Windows\SYSTEM32\dsound.dll
0x00007ffb0bc70000 - 0x00007ffb0bcbb000 	C:\Windows\SYSTEM32\powrprof.dll
0x00007ffaf09a0000 - 0x00007ffaf09c6000 	C:\Windows\SYSTEM32\winmmbase.dll
0x00007ffb0bb30000 - 0x00007ffb0bb42000 	C:\Windows\SYSTEM32\UMPDC.dll
0x00007ffaffc30000 - 0x00007ffaffcb5000 	C:\Windows\System32\MMDevApi.dll
0x00007ffb0c4a0000 - 0x00007ffb0c4d4000 	C:\Windows\System32\DEVOBJ.dll
0x00007ffb0c8c0000 - 0x00007ffb0c90e000 	C:\Windows\System32\cfgmgr32.dll
0x00007ffaffd40000 - 0x00007ffaffec1000 	C:\Windows\SYSTEM32\AUDIOSES.DLL
0x00007ffb0e250000 - 0x00007ffb0e31d000 	C:\Windows\System32\OLEAUT32.dll
0x00007ffb09e50000 - 0x00007ffb09e64000 	C:\Windows\SYSTEM32\resourcepolicyclient.dll
0x00007ffb05e90000 - 0x00007ffb05f3e000 	C:\Windows\SYSTEM32\mscms.dll
0x00007ffb0c600000 - 0x00007ffb0c62e000 	C:\Windows\SYSTEM32\USERENV.dll
0x00007ffb05e70000 - 0x00007ffb05e81000 	C:\Windows\SYSTEM32\ColorAdapterClient.dll
0x00007ffb0e5c0000 - 0x00007ffb0e6d5000 	C:\Windows\System32\MSCTF.dll
0x00007ffafc260000 - 0x00007ffafc359000 	C:\Windows\SYSTEM32\textinputframework.dll
0x00007ffb09250000 - 0x00007ffb095ae000 	C:\Windows\System32\CoreUIComponents.dll
0x00007ffb095b0000 - 0x00007ffb096a2000 	C:\Windows\System32\CoreMessaging.dll
0x00007ffb08950000 - 0x00007ffb08aa4000 	C:\Windows\SYSTEM32\wintypes.dll
0x00007ffb0b3f0000 - 0x00007ffb0b423000 	C:\Windows\SYSTEM32\ntmarta.dll
0x00007ffadd780000 - 0x00007ffadd7e6000 	C:\Windows\system32\Oleacc.dll
0x00007ffb00080000 - 0x00007ffb00179000 	C:\Windows\System32\AppXDeploymentClient.dll
0x00007ffa72a20000 - 0x00007ffa73a26000 	C:\Windows\System32\DriverStore\FileRepository\iigd_dch.inf_amd64_fe923c94e9ba883c\igxelpicd64.dll
0x00007ffb09e70000 - 0x00007ffb09e9f000 	C:\Windows\system32\dwmapi.dll
0x00007ffb0aff0000 - 0x00007ffb0b0e4000 	C:\Windows\system32\dxgi.dll
0x00007ffa813e0000 - 0x00007ffa8187e000 	C:\Windows\System32\DriverStore\FileRepository\iigd_dch.inf_amd64_fe923c94e9ba883c\igdml64.dll
0x00007ffafc790000 - 0x00007ffafcb51000 	C:\Windows\System32\DriverStore\FileRepository\iigd_dch.inf_amd64_fe923c94e9ba883c\igdgmm64.dll
0x00007ffae5680000 - 0x00007ffae56c3000 	C:\Windows\SYSTEM32\icm32.dll
0x00007ffaf5ce0000 - 0x00007ffaf8f40000 	C:\Windows\System32\DriverStore\FileRepository\iigd_dch.inf_amd64_fe923c94e9ba883c\igc64.dll
0x0000000066b00000 - 0x0000000066b5b000 	C:\Users\spenc\AppData\Local\Temp\libgdxspenc\a14961b7\gdx-box2d64.dll

dbghelp: loaded successfully - version: 4.0.5 - missing functions: none
symbol engine: initialized successfully - sym options: 0x614 - pdb path: .;C:\Program Files\JetBrains\IntelliJ IDEA Community Edition 2021.3\jbr\bin;C:\Windows\SYSTEM32;C:\Windows\WinSxS\amd64_microsoft.windows.common-controls_6595b64144ccf1df_6.0.19041.1110_none_60b5254171f9507e;C:\Program Files\JetBrains\IntelliJ IDEA Community Edition 2021.3\jbr\bin\server;C:\Program Files\JetBrains\IntelliJ IDEA Community Edition 2021.3\bin;C:\Users\spenc\AppData\Local\Temp\libgdxspenc\e1cd32f8;C:\Users\spenc\AppData\Local\Temp\libgdxspenc\1cecf4f6;C:\Windows\System32\DriverStore\FileRepository\iigd_dch.inf_amd64_fe923c94e9ba883c;C:\Users\spenc\AppData\Local\Temp\libgdxspenc\a14961b7

VM Arguments:
jvm_args: -javaagent:C:\Program Files\JetBrains\IntelliJ IDEA Community Edition 2021.3\lib\idea_rt.jar=58286:C:\Program Files\JetBrains\IntelliJ IDEA Community Edition 2021.3\bin -Dfile.encoding=UTF-8 
java_command: com.mygdx.game.desktop.DesktopLauncher
java_class_path (initial): C:\Users\spenc\OneDrive\Documents\GitHub\PortalGame\PortalGame\desktop\build\classes\java\main;C:\Users\spenc\OneDrive\Documents\GitHub\PortalGame\PortalGame\desktop\build\resources\main;C:\Users\spenc\.gradle\caches\modules-2\files-2.1\com.badlogicgames.gdx\gdx-tools\1.10.0\d699cf4953fb42a071c7c3feb9b5c45601aa6a4b\gdx-tools-1.10.0.jar;C:\Users\spenc\.gradle\caches\modules-2\files-2.1\com.badlogicgames.gdx\gdx-backend-lwjgl\1.10.0\58ff89d9e4fd8a82591367f187d606e781cacc05\gdx-backend-lwjgl-1.10.0.jar;C:\Users\spenc\.gradle\caches\modules-2\files-2.1\com.badlogicgames.gdx\gdx-platform\1.10.0\9a8fa793d2fd6d360afc6c9e4c1f5583da263b88\gdx-platform-1.10.0-natives-desktop.jar;C:\Users\spenc\.gradle\caches\modules-2\files-2.1\com.badlogicgames.gdx\gdx-box2d-platform\1.10.0\588c4191c5a64ed39365e71484aa37d81c38eb5e\gdx-box2d-platform-1.10.0-natives-desktop.jar;C:\Users\spenc\.gradle\caches\modules-2\files-2.1\com.badlogicgames.gdx\gdx-bullet-platform\1.10.0\ce92e8dfc762523d769cbc50853163c03bf98cf1\gdx-bullet-platform-1.10.0-natives-desktop.jar;C:\Users\spenc\.gradle\caches\modules-2\files-2.1\com.badlogicgames.gdx\gdx-freetype-platform\1.10.0\6e5d28752759e69384f12e4569d2c884ff71352f\gdx-freetype-platform-1.10.0-natives-desktop.jar;C:\Users\spenc\OneDrive\Documents\GitHub\PortalGame\PortalGame\core\build\classes\java\main;C:\Users\spenc\.gradle\caches\modules-2\files-2.1\com.badlogicgames.gdx\gdx-backend-headless\1.10.0\990eadbb431197c5b9b816d1659c772e0268e65\gdx-backend-headless-1.10.0.jar;C:\Users\spenc\.gradle\caches\modules-2\files-2.1\com.badlogicgames.gdx\gdx-freetype\1.10.0\de1d0d5c1e92e8d91364256fd6b7bb279d3e9859\gdx-freetype-1.10.0.jar;C:\Users\spenc\.gradle\caches\modules-2\files-2.1\com.badlogicgames.gdx\gdx\1.10.0\74c240f79dc4fb6b766a834249600d0a019d0489\gdx-1.10.0.jar;C:\Users\spenc\.gradle\caches\modules-2\files-2.1\org.lwjgl.lwjgl\lwjgl_util\2.9.3\751f06b62424da056954c67288fd5c494431e350\lwjgl_util-2.9.3.jar;C:\Users\spenc\.gradle\ca
Launcher Type: SUN_STANDARD

[Global flags]
     intx CICompilerCount                          = 4                                         {product} {ergonomic}
     uint ConcGCThreads                            = 2                                         {product} {ergonomic}
     uint G1ConcRefinementThreads                  = 8                                         {product} {ergonomic}
   size_t G1HeapRegionSize                         = 1048576                                   {product} {ergonomic}
    uintx GCDrainStackTargetSize                   = 64                                        {product} {ergonomic}
   size_t InitialHeapSize                          = 132120576                                 {product} {ergonomic}
   size_t MarkStackSize                            = 4194304                                   {product} {ergonomic}
   size_t MaxHeapSize                              = 2095054848                                {product} {ergonomic}
   size_t MaxNewSize                               = 1256194048                                {product} {ergonomic}
   size_t MinHeapDeltaBytes                        = 1048576                                   {product} {ergonomic}
    uintx NonNMethodCodeHeapSize                   = 5836300                                {pd product} {ergonomic}
    uintx NonProfiledCodeHeapSize                  = 122910970                              {pd product} {ergonomic}
    uintx ProfiledCodeHeapSize                     = 122910970                              {pd product} {ergonomic}
    uintx ReservedCodeCacheSize                    = 251658240                              {pd product} {ergonomic}
     bool SegmentedCodeCache                       = true                                      {product} {ergonomic}
     bool UseCompressedClassPointers               = true                                 {lp64_product} {ergonomic}
     bool UseCompressedOops                        = true                                 {lp64_product} {ergonomic}
     bool UseG1GC                                  = true                                      {product} {ergonomic}
     bool UseLargePagesIndividualAllocation        = false                                  {pd product} {ergonomic}

Logging:
Log output configuration:
 #0: stdout all=warning uptime,level,tags
 #1: stderr all=off uptime,level,tags

Environment Variables:
JAVA_HOME=C:\Program Files\Java\jdk1.8.0_311
PATH=C:\Program Files\Zulu\zulu-15\bin\;C:\Program Files (x86)\Common Files\Oracle\Java\javapath;C:\Windows\system32;C:\Windows;C:\Windows\System32\Wbem;C:\Windows\System32\WindowsPowerShell\v1.0\;C:\Windows\System32\OpenSSH\;C:\Program Files\Git\cmd;C:\Users\spenc\AppData\Local\Microsoft\WindowsApps;C:\Users\spenc\AppData\Local\GitHubDesktop\bin;C:\Program Files\JetBrains\IntelliJ IDEA Community Edition 2021.3\bin;
USERNAME=spenc
OS=Windows_NT
PROCESSOR_IDENTIFIER=Intel64 Family 6 Model 140 Stepping 1, GenuineIntel



---------------  S Y S T E M  ---------------

OS: Windows 10 , 64 bit Build 19041 (10.0.19041.1348)
OS uptime: 10 days 7:26 hours

CPU:total 8 (initial active 8) (4 cores per cpu, 2 threads per core) family 6 model 140 stepping 1 microcode 0x78, cmov, cx8, fxsr, mmx, sse, sse2, sse3, ssse3, sse4.1, sse4.2, popcnt, avx, avx2, aes, clmul, erms, 3dnowpref, lzcnt, ht, tsc, tscinvbit, bmi1, bmi2, adx, evex, sha, fma

Memory: 4k page, system-wide physical 7987M (989M free)
TotalPageFile size 30824M (AvailPageFile size 13142M)
current process WorkingSet (physical memory assigned to process): 183M, peak: 202M
current process commit charge ("private bytes"): 288M, peak: 309M

vm_info: OpenJDK 64-Bit Server VM (11.0.13+7-b1751.19) for windows-amd64 JRE (11.0.13+7-b1751.19), built on Nov  9 2021 11:31:28 by "" with MS VC++ 14.0 (VS2015)

END.
