#
# A fatal error has been detected by the Java Runtime Environment:
#
#  EXCEPTION_ACCESS_VIOLATION (0xc0000005) at pc=0x0000000066b0cfa7, pid=8636, tid=9972
#
# JRE version: OpenJDK Runtime Environment Zulu15.36+13-CA (15.0.5+3) (build 15.0.5+3-MTS)
# Java VM: OpenJDK 64-Bit Server VM Zulu15.36+13-CA (15.0.5+3-MTS, mixed mode, sharing, tiered, compressed oops, g1 gc, windows-amd64)
# Problematic frame:
# C  [gdx-box2d64.dll+0xcfa7]
#
# No core dump will be written. Minidumps are not enabled by default on client versions of Windows
#
# If you would like to submit a bug report, please visit:
#   http://www.azul.com/support/
# The crash happened outside the Java Virtual Machine in native code.
# See problematic frame for where to report the bug.
#

---------------  S U M M A R Y ------------

Command Line: -Dfile.encoding=windows-1252 -Duser.country=CA -Duser.language=en -Duser.variant com.mygdx.game.desktop.DesktopLauncher

Host: Intel(R) Core(TM) i7-8665U CPU @ 1.90GHz, 8 cores, 15G,  Windows 10 , 64 bit Build 18362 (10.0.18362.1110)
Time: Wed Jan  5 09:37:47 2022 Eastern Standard Time elapsed time: 29.963697 seconds (0d 0h 0m 29s)

---------------  T H R E A D  ---------------

Current thread (0x000001d32fb357a0):  JavaThread "LWJGL Application" [_thread_in_native, id=9972, stack(0x00000027aa800000,0x00000027aa900000)]

Stack: [0x00000027aa800000,0x00000027aa900000],  sp=0x00000027aa8feaf0,  free space=1018k
Native frames: (J=compiled Java code, j=interpreted, Vv=VM code, C=native code)
C  [gdx-box2d64.dll+0xcfa7]

Java frames: (J=compiled Java code, j=interpreted, Vv=VM code)
j  com.badlogic.gdx.physics.box2d.World.jniDestroyBody(JJ)V+0
j  com.badlogic.gdx.physics.box2d.World.destroyBody(Lcom/badlogic/gdx/physics/box2d/Body;)V+42
j  com.mygdx.game.Entity.dispose()V+8
j  com.mygdx.game.MyGdxGame.dispose()V+82
j  com.badlogic.gdx.backends.lwjgl.LwjglApplication.mainLoop()V+924
j  com.badlogic.gdx.backends.lwjgl.LwjglApplication$1.run()V+27
v  ~StubRoutines::call_stub

siginfo: EXCEPTION_ACCESS_VIOLATION (0xc0000005), reading address 0x0000000000000008


Register to memory mapping:

RIP=0x0000000066b0cfa7 gdx-box2d64.dll
RAX=0x0 is NULL
RBX=0x000001d33e0e70d0 points into unknown readable memory: 0x0000000066b48700 | 00 87 b4 66 00 00 00 00
RCX=0x0000000000000036 is an unknown value
RDX=0x000001d330986350 points into unknown readable memory: 0x000001d341200000 | 00 00 20 41 d3 01 00 00
RSP=0x00000027aa8feaf0 is pointing into the stack for thread: 0x000001d32fb357a0
RBP=0x000001d33092e600 points into unknown readable memory: 0x000001d3095d0150 | 50 01 5d 09 d3 01 00 00
RSI=0x000001d3309478a0 points into unknown readable memory: 0x0000000000000010 | 10 00 00 00 00 00 00 00
RDI=0x000001d33e0e70d0 points into unknown readable memory: 0x0000000066b48700 | 00 87 b4 66 00 00 00 00
R8 =0x000001d330982820 points into unknown readable memory: 0x0000003600000002 | 02 00 00 00 36 00 00 00
R9 =0x0000000000000004 is an unknown value
R10=0x000001d32fcc0f10 points into unknown readable memory: 0x0000001e00000003 | 03 00 00 00 1e 00 00 00
R11=0x00000027aa8feae0 is pointing into the stack for thread: 0x000001d32fb357a0
R12=0x0 is NULL
R13={method} {0x000001d32f4062d0} 'jniDestroyBody' '(JJ)V' in 'com/badlogic/gdx/physics/box2d/World'
R14=0x00000027aa8fed38 is pointing into the stack for thread: 0x000001d32fb357a0
R15=0x000001d32fb357a0 is a thread


Registers:
RAX=0x0000000000000000, RBX=0x000001d33e0e70d0, RCX=0x0000000000000036, RDX=0x000001d330986350
RSP=0x00000027aa8feaf0, RBP=0x000001d33092e600, RSI=0x000001d3309478a0, RDI=0x000001d33e0e70d0
R8 =0x000001d330982820, R9 =0x0000000000000004, R10=0x000001d32fcc0f10, R11=0x00000027aa8feae0
R12=0x0000000000000000, R13=0x000001d32f4062c8, R14=0x00000027aa8fed38, R15=0x000001d32fb357a0
RIP=0x0000000066b0cfa7, EFLAGS=0x0000000000010202

Top of Stack: (sp=0x00000027aa8feaf0)
0x00000027aa8feaf0:   0000000000000000 0000000066b3d36c
0x00000027aa8feb00:   000001d33e0e70d0 000001d330981fe0
0x00000027aa8feb10:   000001d3309478a0 000001d33e0e70d0
0x00000027aa8feb20:   000001d3309478a0 000001d330982820
0x00000027aa8feb30:   000001d330981fe0 0000000066b1f39f
0x00000027aa8feb40:   000001d32fb35700 0000000000000000
0x00000027aa8feb50:   00007ff9f886b548 000001d33e0e70d0
0x00000027aa8feb60:   000000000000000e 000001d33e0e7030
0x00000027aa8feb70:   000001d33092e600 000001d330982820
0x00000027aa8feb80:   000001d3309478a0 0000000066b215d3
0x00000027aa8feb90:   000001d32f5d7430 0000002800000003
0x00000027aa8feba0:   00000027aa8fecf8 000001d32fb357a0
0x00000027aa8febb0:   000001d33092e600 000001d330982820
0x00000027aa8febc0:   000000000002d552 00000027aa8fecf8
0x00000027aa8febd0:   0000000000000000 0000000066b26a9d
0x00000027aa8febe0:   00000027aa8fecf8 00007ff9f82ee3d7 

Instructions: (pc=0x0000000066b0cfa7)
0x0000000066b0cea7:   e0 05 48 8d 04 d0 48 8d 15 8c 34 04 00 48 01 d0
0x0000000066b0ceb7:   4c 8b 10 4d 85 d2 0f 84 8e 00 00 00 80 78 10 00
0x0000000066b0cec7:   4c 89 b4 24 80 00 00 00 75 1f 41 89 e9 4d 89 e8
0x0000000066b0ced7:   89 fa 4c 89 e1 48 83 c4 20 5b 5e 5f 5d 41 5c 41
0x0000000066b0cee7:   5d 41 5e 49 ff e2 0f 1f 00 41 89 f9 4d 89 e0 89
0x0000000066b0cef7:   ea 4c 89 e9 eb df 0f 1f 00 48 8d 15 79 50 03 00
0x0000000066b0cf07:   48 8d 0d 12 51 03 00 41 b8 51 00 00 00 e8 b7 96
0x0000000066b0cf17:   02 00 e9 7f ff ff ff 66 90 48 8d 15 59 50 03 00
0x0000000066b0cf27:   48 8d 0d c2 50 03 00 41 b8 50 00 00 00 e8 97 96
0x0000000066b0cf37:   02 00 e9 5a ff ff ff 66 90 e8 fb fc ff ff c6 05
0x0000000066b0cf47:   d4 33 04 00 01 e9 2d ff ff ff 31 c0 48 83 c4 20
0x0000000066b0cf57:   5b 5e 5f 5d 41 5c 41 5d 41 5e c3 0f 1f 40 00 66
0x0000000066b0cf67:   2e 0f 1f 84 00 00 00 00 00 55 57 56 53 48 83 ec
0x0000000066b0cf77:   28 80 3d a1 33 04 00 00 48 89 cf 48 89 d5 0f 84
0x0000000066b0cf87:   f5 00 00 00 8b 8f b4 00 00 00 48 8b 47 60 48 8b
0x0000000066b0cf97:   57 68 85 c9 7e 06 80 78 3a 00 74 50 48 8b 40 18
0x0000000066b0cfa7:   48 63 58 08 48 8b 42 18 8b 70 08 85 db 0f 88 8a
0x0000000066b0cfb7:   00 00 00 83 fe 03 0f 8f 81 00 00 00 48 63 c6 48
0x0000000066b0cfc7:   89 f9 48 8d 14 40 48 8d 04 5b 48 c1 e0 05 48 8d
0x0000000066b0cfd7:   04 d0 48 8d 15 60 33 04 00 48 8b 44 02 08 48 89
0x0000000066b0cfe7:   ea 48 83 c4 28 5b 5e 5f 5d 48 ff e0 80 7a 3a 00
0x0000000066b0cff7:   75 aa 4c 8b 40 10 41 0f b7 48 04 f6 c1 02 75 13
0x0000000066b0d007:   83 c9 02 41 c7 80 ac 00 00 00 00 00 00 00 66 41
0x0000000066b0d017:   89 48 04 4c 8b 42 10 41 0f b7 48 04 f6 c1 02 0f
0x0000000066b0d027:   85 77 ff ff ff 83 c9 02 41 c7 80 ac 00 00 00 00
0x0000000066b0d037:   00 00 00 66 41 89 48 04 e9 5f ff ff ff 48 8d 15
0x0000000066b0d047:   35 4f 03 00 48 8d 0d 16 50 03 00 41 b8 77 00 00
0x0000000066b0d057:   00 e8 73 95 02 00 48 8d 15 1c 4f 03 00 48 8d 0d
0x0000000066b0d067:   fd 4f 03 00 41 b8 78 00 00 00 e8 5a 95 02 00 e9
0x0000000066b0d077:   48 ff ff ff 0f 1f 44 00 00 48 8d 15 f9 4e 03 00
0x0000000066b0d087:   48 8d 0d bd 4f 03 00 41 b8 67 00 00 00 e8 37 95
0x0000000066b0d097:   02 00 e9 ed fe ff ff 66 90 48 83 ec 38 48 8d 05 


Stack slot to memory mapping:
stack at sp + 0 slots: 0x0 is NULL
stack at sp + 1 slots: 0x0000000066b3d36c gdx-box2d64.dll
stack at sp + 2 slots: 0x000001d33e0e70d0 points into unknown readable memory: 0x0000000066b48700 | 00 87 b4 66 00 00 00 00
stack at sp + 3 slots: 0x000001d330981fe0 points into unknown readable memory: 0x0000002600000000 | 00 00 00 00 26 00 00 00
stack at sp + 4 slots: 0x000001d3309478a0 points into unknown readable memory: 0x0000000000000010 | 10 00 00 00 00 00 00 00
stack at sp + 5 slots: 0x000001d33e0e70d0 points into unknown readable memory: 0x0000000066b48700 | 00 87 b4 66 00 00 00 00
stack at sp + 6 slots: 0x000001d3309478a0 points into unknown readable memory: 0x0000000000000010 | 10 00 00 00 00 00 00 00
stack at sp + 7 slots: 0x000001d330982820 points into unknown readable memory: 0x0000003600000002 | 02 00 00 00 36 00 00 00


---------------  P R O C E S S  ---------------

Threads class SMR info:
_java_thread_list=0x000001d33d04f170, length=13, elements={
0x000001d32f5a91c0, 0x000001d32ed98e70, 0x000001d32f5bdb30, 0x000001d32f5c0400,
0x000001d32f5c0dc0, 0x000001d32f5c2b70, 0x000001d32f5cd540, 0x000001d32f5cfe50,
0x000001d32f700770, 0x000001d32f709160, 0x000001d32fb357a0, 0x000001d3094d5470,
0x000001d33d78b8f0
}

Java Threads: ( => current thread )
  0x000001d32f5a91c0 JavaThread "Reference Handler" daemon [_thread_blocked, id=15540, stack(0x00000027a9b00000,0x00000027a9c00000)]
  0x000001d32ed98e70 JavaThread "Finalizer" daemon [_thread_blocked, id=18544, stack(0x00000027a9c00000,0x00000027a9d00000)]
  0x000001d32f5bdb30 JavaThread "Signal Dispatcher" daemon [_thread_blocked, id=4280, stack(0x00000027a9d00000,0x00000027a9e00000)]
  0x000001d32f5c0400 JavaThread "Attach Listener" daemon [_thread_blocked, id=19304, stack(0x00000027a9e00000,0x00000027a9f00000)]
  0x000001d32f5c0dc0 JavaThread "Service Thread" daemon [_thread_blocked, id=17732, stack(0x00000027a9f00000,0x00000027aa000000)]
  0x000001d32f5c2b70 JavaThread "C2 CompilerThread0" daemon [_thread_blocked, id=15536, stack(0x00000027aa000000,0x00000027aa100000)]
  0x000001d32f5cd540 JavaThread "C1 CompilerThread0" daemon [_thread_blocked, id=12432, stack(0x00000027aa100000,0x00000027aa200000)]
  0x000001d32f5cfe50 JavaThread "Sweeper thread" daemon [_thread_blocked, id=6400, stack(0x00000027aa200000,0x00000027aa300000)]
  0x000001d32f700770 JavaThread "Notification Thread" daemon [_thread_blocked, id=10508, stack(0x00000027aa300000,0x00000027aa400000)]
  0x000001d32f709160 JavaThread "Common-Cleaner" daemon [_thread_blocked, id=14276, stack(0x00000027aa500000,0x00000027aa600000)]
=>0x000001d32fb357a0 JavaThread "LWJGL Application" [_thread_in_native, id=9972, stack(0x00000027aa800000,0x00000027aa900000)]
  0x000001d3094d5470 JavaThread "DestroyJavaVM" [_thread_blocked, id=16380, stack(0x00000027a9400000,0x00000027a9500000)]
  0x000001d33d78b8f0 JavaThread "LWJGL Timer" daemon [_thread_blocked, id=17296, stack(0x00000027aaf00000,0x00000027ab000000)]

Other Threads:
  0x000001d32ed97800 VMThread "VM Thread" [stack: 0x00000027a9a00000,0x00000027a9b00000] [id=12488]
  0x000001d32f702060 WatcherThread [stack: 0x00000027aa400000,0x00000027aa500000] [id=12616]
  0x000001d309524530 GCTaskThread "GC Thread#0" [stack: 0x00000027a9500000,0x00000027a9600000] [id=13276]
  0x000001d309537440 ConcurrentGCThread "G1 Main Marker" [stack: 0x00000027a9600000,0x00000027a9700000] [id=9584]
  0x000001d309537fd0 ConcurrentGCThread "G1 Conc#0" [stack: 0x00000027a9700000,0x00000027a9800000] [id=19824]
  0x000001d309593b70 ConcurrentGCThread "G1 Refine#0" [stack: 0x00000027a9800000,0x00000027a9900000] [id=16940]
  0x000001d32ec24810 ConcurrentGCThread "G1 Young RemSet Sampling" [stack: 0x00000027a9900000,0x00000027a9a00000] [id=20400]

Threads with active compile tasks:

VM state: not at safepoint (normal execution)

VM Mutex/Monitor currently owned by a thread: None

Heap address: 0x0000000702e00000, size: 4050 MB, Compressed Oops mode: Zero based, Oop shift amount: 3
CDS archive(s) mapped at: [0x0000000800000000-0x0000000800b50000-0x0000000800b50000), size 11862016, SharedBaseAddress: 0x0000000800000000, ArchiveRelocationMode: 0.
Compressed class space mapped at: 0x0000000800b50000-0x0000000840b50000, size: 1073741824
Narrow klass base: 0x0000000800000000, Narrow klass shift: 3, Narrow klass range: 0x100000000

GC Precious Log:
 CPUs: 8 total, 8 available
 Memory: 16198M
 Large Page Support: Disabled
 NUMA Support: Disabled
 Compressed Oops: Enabled (Zero based)
 Heap Region Size: 2M
 Heap Min Capacity: 8M
 Heap Initial Capacity: 254M
 Heap Max Capacity: 4050M
 Pre-touch: Disabled
 Parallel Workers: 8
 Concurrent Workers: 2
 Concurrent Refinement Workers: 8
 Periodic GC: Disabled

Heap:
 garbage-first heap   total 260096K, used 16384K [0x0000000702e00000, 0x0000000800000000)
  region size 2048K, 10 young (20480K), 0 survivors (0K)
 Metaspace       used 4857K, capacity 7902K, committed 8064K, reserved 1056768K
  class space    used 323K, capacity 617K, committed 640K, reserved 1048576K

Heap Regions: E=young(eden), S=young(survivor), O=old, HS=humongous(starts), HC=humongous(continues), CS=collection set, F=free, OA=open archive, CA=closed archive, TAMS=top-at-mark-start (previous, next)
|   0|0x0000000702e00000, 0x0000000702e00000, 0x0000000703000000|  0%| F|  |TAMS 0x0000000702e00000, 0x0000000702e00000| Untracked 
|   1|0x0000000703000000, 0x0000000703000000, 0x0000000703200000|  0%| F|  |TAMS 0x0000000703000000, 0x0000000703000000| Untracked 
|   2|0x0000000703200000, 0x0000000703200000, 0x0000000703400000|  0%| F|  |TAMS 0x0000000703200000, 0x0000000703200000| Untracked 
|   3|0x0000000703400000, 0x0000000703400000, 0x0000000703600000|  0%| F|  |TAMS 0x0000000703400000, 0x0000000703400000| Untracked 
|   4|0x0000000703600000, 0x0000000703600000, 0x0000000703800000|  0%| F|  |TAMS 0x0000000703600000, 0x0000000703600000| Untracked 
|   5|0x0000000703800000, 0x0000000703800000, 0x0000000703a00000|  0%| F|  |TAMS 0x0000000703800000, 0x0000000703800000| Untracked 
|   6|0x0000000703a00000, 0x0000000703a00000, 0x0000000703c00000|  0%| F|  |TAMS 0x0000000703a00000, 0x0000000703a00000| Untracked 
|   7|0x0000000703c00000, 0x0000000703c00000, 0x0000000703e00000|  0%| F|  |TAMS 0x0000000703c00000, 0x0000000703c00000| Untracked 
|   8|0x0000000703e00000, 0x0000000703e00000, 0x0000000704000000|  0%| F|  |TAMS 0x0000000703e00000, 0x0000000703e00000| Untracked 
|   9|0x0000000704000000, 0x0000000704000000, 0x0000000704200000|  0%| F|  |TAMS 0x0000000704000000, 0x0000000704000000| Untracked 
|  10|0x0000000704200000, 0x0000000704200000, 0x0000000704400000|  0%| F|  |TAMS 0x0000000704200000, 0x0000000704200000| Untracked 
|  11|0x0000000704400000, 0x0000000704400000, 0x0000000704600000|  0%| F|  |TAMS 0x0000000704400000, 0x0000000704400000| Untracked 
|  12|0x0000000704600000, 0x0000000704600000, 0x0000000704800000|  0%| F|  |TAMS 0x0000000704600000, 0x0000000704600000| Untracked 
|  13|0x0000000704800000, 0x0000000704800000, 0x0000000704a00000|  0%| F|  |TAMS 0x0000000704800000, 0x0000000704800000| Untracked 
|  14|0x0000000704a00000, 0x0000000704a00000, 0x0000000704c00000|  0%| F|  |TAMS 0x0000000704a00000, 0x0000000704a00000| Untracked 
|  15|0x0000000704c00000, 0x0000000704c00000, 0x0000000704e00000|  0%| F|  |TAMS 0x0000000704c00000, 0x0000000704c00000| Untracked 
|  16|0x0000000704e00000, 0x0000000704e00000, 0x0000000705000000|  0%| F|  |TAMS 0x0000000704e00000, 0x0000000704e00000| Untracked 
|  17|0x0000000705000000, 0x0000000705000000, 0x0000000705200000|  0%| F|  |TAMS 0x0000000705000000, 0x0000000705000000| Untracked 
|  18|0x0000000705200000, 0x0000000705200000, 0x0000000705400000|  0%| F|  |TAMS 0x0000000705200000, 0x0000000705200000| Untracked 
|  19|0x0000000705400000, 0x0000000705400000, 0x0000000705600000|  0%| F|  |TAMS 0x0000000705400000, 0x0000000705400000| Untracked 
|  20|0x0000000705600000, 0x0000000705600000, 0x0000000705800000|  0%| F|  |TAMS 0x0000000705600000, 0x0000000705600000| Untracked 
|  21|0x0000000705800000, 0x0000000705800000, 0x0000000705a00000|  0%| F|  |TAMS 0x0000000705800000, 0x0000000705800000| Untracked 
|  22|0x0000000705a00000, 0x0000000705a00000, 0x0000000705c00000|  0%| F|  |TAMS 0x0000000705a00000, 0x0000000705a00000| Untracked 
|  23|0x0000000705c00000, 0x0000000705c00000, 0x0000000705e00000|  0%| F|  |TAMS 0x0000000705c00000, 0x0000000705c00000| Untracked 
|  24|0x0000000705e00000, 0x0000000705e00000, 0x0000000706000000|  0%| F|  |TAMS 0x0000000705e00000, 0x0000000705e00000| Untracked 
|  25|0x0000000706000000, 0x0000000706000000, 0x0000000706200000|  0%| F|  |TAMS 0x0000000706000000, 0x0000000706000000| Untracked 
|  26|0x0000000706200000, 0x0000000706200000, 0x0000000706400000|  0%| F|  |TAMS 0x0000000706200000, 0x0000000706200000| Untracked 
|  27|0x0000000706400000, 0x0000000706400000, 0x0000000706600000|  0%| F|  |TAMS 0x0000000706400000, 0x0000000706400000| Untracked 
|  28|0x0000000706600000, 0x0000000706600000, 0x0000000706800000|  0%| F|  |TAMS 0x0000000706600000, 0x0000000706600000| Untracked 
|  29|0x0000000706800000, 0x0000000706800000, 0x0000000706a00000|  0%| F|  |TAMS 0x0000000706800000, 0x0000000706800000| Untracked 
|  30|0x0000000706a00000, 0x0000000706a00000, 0x0000000706c00000|  0%| F|  |TAMS 0x0000000706a00000, 0x0000000706a00000| Untracked 
|  31|0x0000000706c00000, 0x0000000706c00000, 0x0000000706e00000|  0%| F|  |TAMS 0x0000000706c00000, 0x0000000706c00000| Untracked 
|  32|0x0000000706e00000, 0x0000000706e00000, 0x0000000707000000|  0%| F|  |TAMS 0x0000000706e00000, 0x0000000706e00000| Untracked 
|  33|0x0000000707000000, 0x0000000707000000, 0x0000000707200000|  0%| F|  |TAMS 0x0000000707000000, 0x0000000707000000| Untracked 
|  34|0x0000000707200000, 0x0000000707200000, 0x0000000707400000|  0%| F|  |TAMS 0x0000000707200000, 0x0000000707200000| Untracked 
|  35|0x0000000707400000, 0x0000000707400000, 0x0000000707600000|  0%| F|  |TAMS 0x0000000707400000, 0x0000000707400000| Untracked 
|  36|0x0000000707600000, 0x0000000707600000, 0x0000000707800000|  0%| F|  |TAMS 0x0000000707600000, 0x0000000707600000| Untracked 
|  37|0x0000000707800000, 0x0000000707800000, 0x0000000707a00000|  0%| F|  |TAMS 0x0000000707800000, 0x0000000707800000| Untracked 
|  38|0x0000000707a00000, 0x0000000707a00000, 0x0000000707c00000|  0%| F|  |TAMS 0x0000000707a00000, 0x0000000707a00000| Untracked 
|  39|0x0000000707c00000, 0x0000000707c00000, 0x0000000707e00000|  0%| F|  |TAMS 0x0000000707c00000, 0x0000000707c00000| Untracked 
|  40|0x0000000707e00000, 0x0000000707e00000, 0x0000000708000000|  0%| F|  |TAMS 0x0000000707e00000, 0x0000000707e00000| Untracked 
|  41|0x0000000708000000, 0x0000000708000000, 0x0000000708200000|  0%| F|  |TAMS 0x0000000708000000, 0x0000000708000000| Untracked 
|  42|0x0000000708200000, 0x0000000708200000, 0x0000000708400000|  0%| F|  |TAMS 0x0000000708200000, 0x0000000708200000| Untracked 
|  43|0x0000000708400000, 0x0000000708400000, 0x0000000708600000|  0%| F|  |TAMS 0x0000000708400000, 0x0000000708400000| Untracked 
|  44|0x0000000708600000, 0x0000000708600000, 0x0000000708800000|  0%| F|  |TAMS 0x0000000708600000, 0x0000000708600000| Untracked 
|  45|0x0000000708800000, 0x0000000708800000, 0x0000000708a00000|  0%| F|  |TAMS 0x0000000708800000, 0x0000000708800000| Untracked 
|  46|0x0000000708a00000, 0x0000000708a00000, 0x0000000708c00000|  0%| F|  |TAMS 0x0000000708a00000, 0x0000000708a00000| Untracked 
|  47|0x0000000708c00000, 0x0000000708c00000, 0x0000000708e00000|  0%| F|  |TAMS 0x0000000708c00000, 0x0000000708c00000| Untracked 
|  48|0x0000000708e00000, 0x0000000708e00000, 0x0000000709000000|  0%| F|  |TAMS 0x0000000708e00000, 0x0000000708e00000| Untracked 
|  49|0x0000000709000000, 0x0000000709000000, 0x0000000709200000|  0%| F|  |TAMS 0x0000000709000000, 0x0000000709000000| Untracked 
|  50|0x0000000709200000, 0x0000000709200000, 0x0000000709400000|  0%| F|  |TAMS 0x0000000709200000, 0x0000000709200000| Untracked 
|  51|0x0000000709400000, 0x0000000709400000, 0x0000000709600000|  0%| F|  |TAMS 0x0000000709400000, 0x0000000709400000| Untracked 
|  52|0x0000000709600000, 0x0000000709600000, 0x0000000709800000|  0%| F|  |TAMS 0x0000000709600000, 0x0000000709600000| Untracked 
|  53|0x0000000709800000, 0x0000000709800000, 0x0000000709a00000|  0%| F|  |TAMS 0x0000000709800000, 0x0000000709800000| Untracked 
|  54|0x0000000709a00000, 0x0000000709a00000, 0x0000000709c00000|  0%| F|  |TAMS 0x0000000709a00000, 0x0000000709a00000| Untracked 
|  55|0x0000000709c00000, 0x0000000709c00000, 0x0000000709e00000|  0%| F|  |TAMS 0x0000000709c00000, 0x0000000709c00000| Untracked 
|  56|0x0000000709e00000, 0x0000000709e00000, 0x000000070a000000|  0%| F|  |TAMS 0x0000000709e00000, 0x0000000709e00000| Untracked 
|  57|0x000000070a000000, 0x000000070a000000, 0x000000070a200000|  0%| F|  |TAMS 0x000000070a000000, 0x000000070a000000| Untracked 
|  58|0x000000070a200000, 0x000000070a200000, 0x000000070a400000|  0%| F|  |TAMS 0x000000070a200000, 0x000000070a200000| Untracked 
|  59|0x000000070a400000, 0x000000070a400000, 0x000000070a600000|  0%| F|  |TAMS 0x000000070a400000, 0x000000070a400000| Untracked 
|  60|0x000000070a600000, 0x000000070a600000, 0x000000070a800000|  0%| F|  |TAMS 0x000000070a600000, 0x000000070a600000| Untracked 
|  61|0x000000070a800000, 0x000000070a800000, 0x000000070aa00000|  0%| F|  |TAMS 0x000000070a800000, 0x000000070a800000| Untracked 
|  62|0x000000070aa00000, 0x000000070aa00000, 0x000000070ac00000|  0%| F|  |TAMS 0x000000070aa00000, 0x000000070aa00000| Untracked 
|  63|0x000000070ac00000, 0x000000070ac00000, 0x000000070ae00000|  0%| F|  |TAMS 0x000000070ac00000, 0x000000070ac00000| Untracked 
|  64|0x000000070ae00000, 0x000000070ae00000, 0x000000070b000000|  0%| F|  |TAMS 0x000000070ae00000, 0x000000070ae00000| Untracked 
|  65|0x000000070b000000, 0x000000070b000000, 0x000000070b200000|  0%| F|  |TAMS 0x000000070b000000, 0x000000070b000000| Untracked 
|  66|0x000000070b200000, 0x000000070b200000, 0x000000070b400000|  0%| F|  |TAMS 0x000000070b200000, 0x000000070b200000| Untracked 
|  67|0x000000070b400000, 0x000000070b400000, 0x000000070b600000|  0%| F|  |TAMS 0x000000070b400000, 0x000000070b400000| Untracked 
|  68|0x000000070b600000, 0x000000070b600000, 0x000000070b800000|  0%| F|  |TAMS 0x000000070b600000, 0x000000070b600000| Untracked 
|  69|0x000000070b800000, 0x000000070b800000, 0x000000070ba00000|  0%| F|  |TAMS 0x000000070b800000, 0x000000070b800000| Untracked 
|  70|0x000000070ba00000, 0x000000070ba00000, 0x000000070bc00000|  0%| F|  |TAMS 0x000000070ba00000, 0x000000070ba00000| Untracked 
|  71|0x000000070bc00000, 0x000000070bc00000, 0x000000070be00000|  0%| F|  |TAMS 0x000000070bc00000, 0x000000070bc00000| Untracked 
|  72|0x000000070be00000, 0x000000070be00000, 0x000000070c000000|  0%| F|  |TAMS 0x000000070be00000, 0x000000070be00000| Untracked 
|  73|0x000000070c000000, 0x000000070c000000, 0x000000070c200000|  0%| F|  |TAMS 0x000000070c000000, 0x000000070c000000| Untracked 
|  74|0x000000070c200000, 0x000000070c200000, 0x000000070c400000|  0%| F|  |TAMS 0x000000070c200000, 0x000000070c200000| Untracked 
|  75|0x000000070c400000, 0x000000070c400000, 0x000000070c600000|  0%| F|  |TAMS 0x000000070c400000, 0x000000070c400000| Untracked 
|  76|0x000000070c600000, 0x000000070c600000, 0x000000070c800000|  0%| F|  |TAMS 0x000000070c600000, 0x000000070c600000| Untracked 
|  77|0x000000070c800000, 0x000000070c800000, 0x000000070ca00000|  0%| F|  |TAMS 0x000000070c800000, 0x000000070c800000| Untracked 
|  78|0x000000070ca00000, 0x000000070ca00000, 0x000000070cc00000|  0%| F|  |TAMS 0x000000070ca00000, 0x000000070ca00000| Untracked 
|  79|0x000000070cc00000, 0x000000070cc00000, 0x000000070ce00000|  0%| F|  |TAMS 0x000000070cc00000, 0x000000070cc00000| Untracked 
|  80|0x000000070ce00000, 0x000000070ce00000, 0x000000070d000000|  0%| F|  |TAMS 0x000000070ce00000, 0x000000070ce00000| Untracked 
|  81|0x000000070d000000, 0x000000070d000000, 0x000000070d200000|  0%| F|  |TAMS 0x000000070d000000, 0x000000070d000000| Untracked 
|  82|0x000000070d200000, 0x000000070d200000, 0x000000070d400000|  0%| F|  |TAMS 0x000000070d200000, 0x000000070d200000| Untracked 
|  83|0x000000070d400000, 0x000000070d400000, 0x000000070d600000|  0%| F|  |TAMS 0x000000070d400000, 0x000000070d400000| Untracked 
|  84|0x000000070d600000, 0x000000070d600000, 0x000000070d800000|  0%| F|  |TAMS 0x000000070d600000, 0x000000070d600000| Untracked 
|  85|0x000000070d800000, 0x000000070d800000, 0x000000070da00000|  0%| F|  |TAMS 0x000000070d800000, 0x000000070d800000| Untracked 
|  86|0x000000070da00000, 0x000000070da00000, 0x000000070dc00000|  0%| F|  |TAMS 0x000000070da00000, 0x000000070da00000| Untracked 
|  87|0x000000070dc00000, 0x000000070dc00000, 0x000000070de00000|  0%| F|  |TAMS 0x000000070dc00000, 0x000000070dc00000| Untracked 
|  88|0x000000070de00000, 0x000000070de00000, 0x000000070e000000|  0%| F|  |TAMS 0x000000070de00000, 0x000000070de00000| Untracked 
|  89|0x000000070e000000, 0x000000070e000000, 0x000000070e200000|  0%| F|  |TAMS 0x000000070e000000, 0x000000070e000000| Untracked 
|  90|0x000000070e200000, 0x000000070e200000, 0x000000070e400000|  0%| F|  |TAMS 0x000000070e200000, 0x000000070e200000| Untracked 
|  91|0x000000070e400000, 0x000000070e400000, 0x000000070e600000|  0%| F|  |TAMS 0x000000070e400000, 0x000000070e400000| Untracked 
|  92|0x000000070e600000, 0x000000070e600000, 0x000000070e800000|  0%| F|  |TAMS 0x000000070e600000, 0x000000070e600000| Untracked 
|  93|0x000000070e800000, 0x000000070e800000, 0x000000070ea00000|  0%| F|  |TAMS 0x000000070e800000, 0x000000070e800000| Untracked 
|  94|0x000000070ea00000, 0x000000070ea00000, 0x000000070ec00000|  0%| F|  |TAMS 0x000000070ea00000, 0x000000070ea00000| Untracked 
|  95|0x000000070ec00000, 0x000000070ec00000, 0x000000070ee00000|  0%| F|  |TAMS 0x000000070ec00000, 0x000000070ec00000| Untracked 
|  96|0x000000070ee00000, 0x000000070ee00000, 0x000000070f000000|  0%| F|  |TAMS 0x000000070ee00000, 0x000000070ee00000| Untracked 
|  97|0x000000070f000000, 0x000000070f000000, 0x000000070f200000|  0%| F|  |TAMS 0x000000070f000000, 0x000000070f000000| Untracked 
|  98|0x000000070f200000, 0x000000070f200000, 0x000000070f400000|  0%| F|  |TAMS 0x000000070f200000, 0x000000070f200000| Untracked 
|  99|0x000000070f400000, 0x000000070f400000, 0x000000070f600000|  0%| F|  |TAMS 0x000000070f400000, 0x000000070f400000| Untracked 
| 100|0x000000070f600000, 0x000000070f600000, 0x000000070f800000|  0%| F|  |TAMS 0x000000070f600000, 0x000000070f600000| Untracked 
| 101|0x000000070f800000, 0x000000070f800000, 0x000000070fa00000|  0%| F|  |TAMS 0x000000070f800000, 0x000000070f800000| Untracked 
| 102|0x000000070fa00000, 0x000000070fa00000, 0x000000070fc00000|  0%| F|  |TAMS 0x000000070fa00000, 0x000000070fa00000| Untracked 
| 103|0x000000070fc00000, 0x000000070fc00000, 0x000000070fe00000|  0%| F|  |TAMS 0x000000070fc00000, 0x000000070fc00000| Untracked 
| 104|0x000000070fe00000, 0x000000070fe00000, 0x0000000710000000|  0%| F|  |TAMS 0x000000070fe00000, 0x000000070fe00000| Untracked 
| 105|0x0000000710000000, 0x0000000710000000, 0x0000000710200000|  0%| F|  |TAMS 0x0000000710000000, 0x0000000710000000| Untracked 
| 106|0x0000000710200000, 0x0000000710200000, 0x0000000710400000|  0%| F|  |TAMS 0x0000000710200000, 0x0000000710200000| Untracked 
| 107|0x0000000710400000, 0x0000000710400000, 0x0000000710600000|  0%| F|  |TAMS 0x0000000710400000, 0x0000000710400000| Untracked 
| 108|0x0000000710600000, 0x0000000710600000, 0x0000000710800000|  0%| F|  |TAMS 0x0000000710600000, 0x0000000710600000| Untracked 
| 109|0x0000000710800000, 0x0000000710800000, 0x0000000710a00000|  0%| F|  |TAMS 0x0000000710800000, 0x0000000710800000| Untracked 
| 110|0x0000000710a00000, 0x0000000710a00000, 0x0000000710c00000|  0%| F|  |TAMS 0x0000000710a00000, 0x0000000710a00000| Untracked 
| 111|0x0000000710c00000, 0x0000000710c00000, 0x0000000710e00000|  0%| F|  |TAMS 0x0000000710c00000, 0x0000000710c00000| Untracked 
| 112|0x0000000710e00000, 0x0000000710e00000, 0x0000000711000000|  0%| F|  |TAMS 0x0000000710e00000, 0x0000000710e00000| Untracked 
| 113|0x0000000711000000, 0x0000000711000000, 0x0000000711200000|  0%| F|  |TAMS 0x0000000711000000, 0x0000000711000000| Untracked 
| 114|0x0000000711200000, 0x0000000711200000, 0x0000000711400000|  0%| F|  |TAMS 0x0000000711200000, 0x0000000711200000| Untracked 
| 115|0x0000000711400000, 0x0000000711400000, 0x0000000711600000|  0%| F|  |TAMS 0x0000000711400000, 0x0000000711400000| Untracked 
| 116|0x0000000711600000, 0x0000000711600000, 0x0000000711800000|  0%| F|  |TAMS 0x0000000711600000, 0x0000000711600000| Untracked 
| 117|0x0000000711800000, 0x00000007118e1ca0, 0x0000000711a00000| 44%| E|  |TAMS 0x0000000711800000, 0x0000000711800000| Complete 
| 118|0x0000000711a00000, 0x0000000711c00000, 0x0000000711c00000|100%| E|CS|TAMS 0x0000000711a00000, 0x0000000711a00000| Complete 
| 119|0x0000000711c00000, 0x0000000711e00000, 0x0000000711e00000|100%| E|  |TAMS 0x0000000711c00000, 0x0000000711c00000| Complete 
| 120|0x0000000711e00000, 0x0000000712000000, 0x0000000712000000|100%| E|CS|TAMS 0x0000000711e00000, 0x0000000711e00000| Complete 
| 121|0x0000000712000000, 0x0000000712200000, 0x0000000712200000|100%| E|CS|TAMS 0x0000000712000000, 0x0000000712000000| Complete 
| 122|0x0000000712200000, 0x0000000712400000, 0x0000000712400000|100%| E|CS|TAMS 0x0000000712200000, 0x0000000712200000| Complete 
| 123|0x0000000712400000, 0x0000000712600000, 0x0000000712600000|100%| E|CS|TAMS 0x0000000712400000, 0x0000000712400000| Complete 
| 124|0x0000000712600000, 0x0000000712800000, 0x0000000712800000|100%| E|CS|TAMS 0x0000000712600000, 0x0000000712600000| Complete 
| 125|0x0000000712800000, 0x0000000712a00000, 0x0000000712a00000|100%| E|CS|TAMS 0x0000000712800000, 0x0000000712800000| Complete 
| 126|0x0000000712a00000, 0x0000000712c00000, 0x0000000712c00000|100%| E|CS|TAMS 0x0000000712a00000, 0x0000000712a00000| Complete 

Card table byte_map: [0x000001d323410000,0x000001d323c00000] _byte_map_base: 0x000001d31fbf9000

Marking Bits (Prev, Next): (CMBitMap*) 0x000001d309526cd0, (CMBitMap*) 0x000001d309526d10
 Prev Bits: [0x000001d3243f0000, 0x000001d328338000)
 Next Bits: [0x000001d328340000, 0x000001d32c288000)

Polling page: 0x000001d309340000

Metaspace:

Usage:
  Non-class:      7.11 MB capacity,     4.43 MB ( 62%) used,     2.68 MB ( 38%) free+waste,     3.50 KB ( <1%) overhead. 
      Class:    617.00 KB capacity,   323.95 KB ( 53%) used,   292.23 KB ( 47%) free+waste,   832 bytes ( <1%) overhead. 
       Both:      7.72 MB capacity,     4.74 MB ( 61%) used,     2.97 MB ( 38%) free+waste,     4.31 KB ( <1%) overhead. 

Virtual space:
  Non-class space:        8.00 MB reserved,       7.25 MB ( 91%) committed 
      Class space:        1.00 GB reserved,     640.00 KB ( <1%) committed 
             Both:        1.01 GB reserved,       7.88 MB ( <1%) committed 

Chunk freelists:
   Non-Class:  139.00 KB
       Class:  23.00 KB
        Both:  162.00 KB

MaxMetaspaceSize: 17179869184.00 GB
CompressedClassSpaceSize: 1.00 GB

CodeHeap 'non-profiled nmethods': size=120000Kb used=437Kb max_used=437Kb free=119562Kb
 bounds [0x000001d31ac90000, 0x000001d31af00000, 0x000001d3221c0000]
CodeHeap 'profiled nmethods': size=120000Kb used=1847Kb max_used=1847Kb free=118152Kb
 bounds [0x000001d313760000, 0x000001d3139d0000, 0x000001d31ac90000]
CodeHeap 'non-nmethods': size=5760Kb used=1283Kb max_used=1316Kb free=4476Kb
 bounds [0x000001d3131c0000, 0x000001d313430000, 0x000001d313760000]
 total_blobs=1706 nmethods=1128 adapters=491
 compilation: enabled
              stopped_count=0, restarted_count=0
 full_count=0

Compilation events (20 events):
Event: 24.024 Thread 0x000001d32f5c2b70 1119       4       com.badlogic.gdx.graphics.g2d.SpriteBatch::begin (65 bytes)
Event: 24.070 Thread 0x000001d32f5c2b70 nmethod 1119 0x000001d31acf7610 code [0x000001d31acf78a0, 0x000001d31acf8970]
Event: 24.490 Thread 0x000001d32f5c2b70 1120   !   4       java.nio.DirectIntBufferU::get (33 bytes)
Event: 24.491 Thread 0x000001d32f5c2b70 nmethod 1120 0x000001d31acf9b10 code [0x000001d31acf9c80, 0x000001d31acf9d58]
Event: 25.025 Thread 0x000001d32f5c2b70 1121       4       org.lwjgl.opengl.WindowsDisplayPeerInfo::doUnlock (1 bytes)
Event: 25.026 Thread 0x000001d32f5c2b70 nmethod 1121 0x000001d31acf9e90 code [0x000001d31acfa000, 0x000001d31acfa058]
Event: 25.092 Thread 0x000001d32f5c2b70 1122       4       com.badlogic.gdx.graphics.g2d.SpriteBatch::end (66 bytes)
Event: 25.098 Thread 0x000001d32f5c2b70 nmethod 1122 0x000001d31acfa190 code [0x000001d31acfa360, 0x000001d31acfa688]
Event: 25.423 Thread 0x000001d32f5cd540 1123       3       java.nio.Buffer::nextPutIndex (32 bytes)
Event: 25.423 Thread 0x000001d32f5cd540 nmethod 1123 0x000001d31392d290 code [0x000001d31392d440, 0x000001d31392d608]
Event: 25.423 Thread 0x000001d32f5cd540 1124       3       java.nio.Buffer::nextGetIndex (32 bytes)
Event: 25.423 Thread 0x000001d32f5cd540 nmethod 1124 0x000001d31392d710 code [0x000001d31392d8c0, 0x000001d31392da88]
Event: 27.173 Thread 0x000001d32f5cd540 1125       3       org.lwjgl.opengl.WindowsKeyboard::isKeyPressed (13 bytes)
Event: 27.173 Thread 0x000001d32f5cd540 nmethod 1125 0x000001d31392db90 code [0x000001d31392dd20, 0x000001d31392de58]
Event: 27.190 Thread 0x000001d32f5c2b70 1126       4       com.badlogic.gdx.math.Matrix4::det (444 bytes)
Event: 27.196 Thread 0x000001d32f5c2b70 nmethod 1126 0x000001d31acfaa10 code [0x000001d31acfab80, 0x000001d31acfadf8]
Event: 29.824 Thread 0x000001d32f5c2b70 1127       4       com.badlogic.gdx.graphics.Mesh::render (341 bytes)
Event: 29.846 Thread 0x000001d32f5c2b70 nmethod 1127 0x000001d31acfae90 code [0x000001d31acfb120, 0x000001d31acfc010]
Event: 29.847 Thread 0x000001d32f5c2b70 1128       4       com.badlogic.gdx.graphics.Mesh::unbind (7 bytes)
Event: 29.848 Thread 0x000001d32f5c2b70 nmethod 1128 0x000001d31acfd010 code [0x000001d31acfd1c0, 0x000001d31acfd368]

GC Heap History (0 events):
No events

Deoptimization events (20 events):
Event: 29.641 Thread 0x000001d32fb357a0 Uncommon trap: trap_request=0xffffffde fr.pc=0x000001d31acec494 relative=0x00000000000003f4
Event: 29.641 Thread 0x000001d32fb357a0 Uncommon trap: reason=class_check action=maybe_recompile pc=0x000001d31acec494 method=com.badlogic.gdx.graphics.Mesh.bind(Lcom/badlogic/gdx/graphics/glutils/ShaderProgram;[I)V @ 6 c2
Event: 29.641 Thread 0x000001d32fb357a0 DEOPT PACKING pc=0x000001d31acec494 sp=0x00000027aa8feae0
Event: 29.641 Thread 0x000001d32fb357a0 DEOPT UNPACKING pc=0x000001d31320e42f sp=0x00000027aa8fe9b0 mode 2
Event: 29.656 Thread 0x000001d32fb357a0 Uncommon trap: trap_request=0xffffffde fr.pc=0x000001d31acec494 relative=0x00000000000003f4
Event: 29.656 Thread 0x000001d32fb357a0 Uncommon trap: reason=class_check action=maybe_recompile pc=0x000001d31acec494 method=com.badlogic.gdx.graphics.Mesh.bind(Lcom/badlogic/gdx/graphics/glutils/ShaderProgram;[I)V @ 6 c2
Event: 29.656 Thread 0x000001d32fb357a0 DEOPT PACKING pc=0x000001d31acec494 sp=0x00000027aa8feae0
Event: 29.656 Thread 0x000001d32fb357a0 DEOPT UNPACKING pc=0x000001d31320e42f sp=0x00000027aa8fe9b0 mode 2
Event: 29.673 Thread 0x000001d32fb357a0 Uncommon trap: trap_request=0xffffffde fr.pc=0x000001d31acec494 relative=0x00000000000003f4
Event: 29.673 Thread 0x000001d32fb357a0 Uncommon trap: reason=class_check action=maybe_recompile pc=0x000001d31acec494 method=com.badlogic.gdx.graphics.Mesh.bind(Lcom/badlogic/gdx/graphics/glutils/ShaderProgram;[I)V @ 6 c2
Event: 29.673 Thread 0x000001d32fb357a0 DEOPT PACKING pc=0x000001d31acec494 sp=0x00000027aa8feae0
Event: 29.673 Thread 0x000001d32fb357a0 DEOPT UNPACKING pc=0x000001d31320e42f sp=0x00000027aa8fe9b0 mode 2
Event: 29.690 Thread 0x000001d32fb357a0 Uncommon trap: trap_request=0xffffffde fr.pc=0x000001d31acec494 relative=0x00000000000003f4
Event: 29.690 Thread 0x000001d32fb357a0 Uncommon trap: reason=class_check action=maybe_recompile pc=0x000001d31acec494 method=com.badlogic.gdx.graphics.Mesh.bind(Lcom/badlogic/gdx/graphics/glutils/ShaderProgram;[I)V @ 6 c2
Event: 29.690 Thread 0x000001d32fb357a0 DEOPT PACKING pc=0x000001d31acec494 sp=0x00000027aa8feae0
Event: 29.690 Thread 0x000001d32fb357a0 DEOPT UNPACKING pc=0x000001d31320e42f sp=0x00000027aa8fe9b0 mode 2
Event: 29.706 Thread 0x000001d32fb357a0 Uncommon trap: trap_request=0xffffffde fr.pc=0x000001d31aceda70 relative=0x00000000000000d0
Event: 29.706 Thread 0x000001d32fb357a0 Uncommon trap: reason=class_check action=maybe_recompile pc=0x000001d31aceda70 method=com.badlogic.gdx.graphics.Mesh.bind(Lcom/badlogic/gdx/graphics/glutils/ShaderProgram;[I)V @ 6 c2
Event: 29.706 Thread 0x000001d32fb357a0 DEOPT PACKING pc=0x000001d31aceda70 sp=0x00000027aa8fea30
Event: 29.706 Thread 0x000001d32fb357a0 DEOPT UNPACKING pc=0x000001d31320e42f sp=0x00000027aa8fe9c8 mode 2

Classes unloaded (0 events):
No events

Classes redefined (0 events):
No events

Internal exceptions (0 events):
No events

Events (20 events):
Event: 1.807 Loaded shared library C:\Users\StefanieZuccarini\AppData\Local\Temp\libgdxStefanieZuccarini\1cecf4f6\lwjgl64.dll
Event: 1.808 Loaded shared library C:\Users\StefanieZuccarini\AppData\Local\Temp\libgdxStefanieZuccarini\1cecf4f6\lwjgl64.dll
Event: 1.874 Loaded shared library C:\Users\StefanieZuccarini\AppData\Local\Temp\libgdxStefanieZuccarini\1cecf4f6\lwjgl64.dll
Event: 1.974 Loaded shared library C:\Users\StefanieZuccarini\AppData\Local\Temp\libgdxStefanieZuccarini\1cecf4f6\lwjgl64.dll
Event: 1.991 Loaded shared library C:\Users\StefanieZuccarini\AppData\Local\Temp\libgdxStefanieZuccarini\1cecf4f6\lwjgl64.dll
Event: 1.992 Loaded shared library C:\Users\StefanieZuccarini\AppData\Local\Temp\libgdxStefanieZuccarini\1cecf4f6\lwjgl64.dll
Event: 2.204 Loaded shared library C:\Program Files\Zulu\zulu-15\bin\java.dll
Event: 2.341 Loaded shared library C:\Users\StefanieZuccarini\AppData\Local\Temp\libgdxStefanieZuccarini\1cecf4f6\lwjgl64.dll
Event: 2.424 Loaded shared library C:\Users\StefanieZuccarini\AppData\Local\Temp\libgdxStefanieZuccarini\1cecf4f6\lwjgl64.dll
Event: 3.223 Loaded shared library C:\Program Files\Zulu\zulu-15\bin\java.dll
Event: 3.225 Loaded shared library C:\Users\StefanieZuccarini\AppData\Local\Temp\libgdxStefanieZuccarini\1cecf4f6\lwjgl64.dll
Event: 3.758 Loaded shared library C:\Users\StefanieZuccarini\AppData\Local\Temp\libgdxStefanieZuccarini\1cecf4f6\lwjgl64.dll
Event: 3.759 Loaded shared library C:\Users\StefanieZuccarini\AppData\Local\Temp\libgdxStefanieZuccarini\1cecf4f6\lwjgl64.dll
Event: 3.760 Loaded shared library C:\Users\StefanieZuccarini\AppData\Local\Temp\libgdxStefanieZuccarini\1cecf4f6\lwjgl64.dll
Event: 5.857 Loaded shared library C:\Users\StefanieZuccarini\AppData\Local\Temp\libgdxStefanieZuccarini\1cecf4f6\lwjgl64.dll
Event: 10.124 Loaded shared library C:\Users\StefanieZuccarini\AppData\Local\Temp\libgdxStefanieZuccarini\e1cd32f8\gdx64.dll
Event: 10.141 Loaded shared library C:\Users\StefanieZuccarini\AppData\Local\Temp\libgdxStefanieZuccarini\1cecf4f6\lwjgl64.dll
Event: 10.142 Loaded shared library C:\Users\StefanieZuccarini\AppData\Local\Temp\libgdxStefanieZuccarini\1cecf4f6\lwjgl64.dll
Event: 10.908 Executing VM operation: HandshakeAllThreads
Event: 10.908 Executing VM operation: HandshakeAllThreads done


Dynamic libraries:
0x00007ff696c00000 - 0x00007ff696c0d000 	C:\Program Files\Zulu\zulu-15\bin\java.exe
0x00007ffa899a0000 - 0x00007ffa89b90000 	C:\Windows\SYSTEM32\ntdll.dll
0x00007ffa892d0000 - 0x00007ffa89382000 	C:\Windows\System32\KERNEL32.DLL
0x00007ffa875f0000 - 0x00007ffa87895000 	C:\Windows\System32\KERNELBASE.dll
0x00007ffa874a0000 - 0x00007ffa8759a000 	C:\Windows\System32\ucrtbase.dll
0x00007ffa78230000 - 0x00007ffa78248000 	C:\Program Files\Zulu\zulu-15\bin\jli.dll
0x00007ffa77660000 - 0x00007ffa77675000 	C:\Program Files\Zulu\zulu-15\bin\VCRUNTIME140.dll
0x00007ffa87a50000 - 0x00007ffa87be4000 	C:\Windows\System32\USER32.dll
0x00007ffa87a20000 - 0x00007ffa87a41000 	C:\Windows\System32\win32u.dll
0x00007ffa667b0000 - 0x00007ffa66a34000 	C:\Windows\WinSxS\amd64_microsoft.windows.common-controls_6595b64144ccf1df_6.0.18362.1139_none_9e7bf2d3e4605ac6\COMCTL32.dll
0x00007ffa89140000 - 0x00007ffa89166000 	C:\Windows\System32\GDI32.dll
0x00007ffa87f00000 - 0x00007ffa87f9e000 	C:\Windows\System32\msvcrt.dll
0x00007ffa871b0000 - 0x00007ffa87346000 	C:\Windows\System32\gdi32full.dll
0x00007ffa881e0000 - 0x00007ffa88515000 	C:\Windows\System32\combase.dll
0x00007ffa878a0000 - 0x00007ffa8793e000 	C:\Windows\System32\msvcp_win.dll
0x00007ffa88870000 - 0x00007ffa88990000 	C:\Windows\System32\RPCRT4.dll
0x00007ffa87940000 - 0x00007ffa879c0000 	C:\Windows\System32\bcryptPrimitives.dll
0x00007ffa887a0000 - 0x00007ffa887ce000 	C:\Windows\System32\IMM32.DLL
0x00007ffa4c740000 - 0x00007ffa4c7db000 	C:\Program Files\Zulu\zulu-15\bin\msvcp140.dll
0x00007ff9f7fc0000 - 0x00007ff9f8b52000 	C:\Program Files\Zulu\zulu-15\bin\server\jvm.dll
0x00007ffa88990000 - 0x00007ffa88a33000 	C:\Windows\System32\ADVAPI32.dll
0x00007ffa887d0000 - 0x00007ffa88867000 	C:\Windows\System32\sechost.dll
0x00007ffa89130000 - 0x00007ffa89138000 	C:\Windows\System32\PSAPI.DLL
0x00007ffa83190000 - 0x00007ffa831b4000 	C:\Windows\SYSTEM32\WINMM.dll
0x00007ffa6f4d0000 - 0x00007ffa6f4d9000 	C:\Windows\SYSTEM32\WSOCK32.dll
0x00007ffa7d320000 - 0x00007ffa7d32a000 	C:\Windows\SYSTEM32\VERSION.dll
0x00007ffa89170000 - 0x00007ffa891df000 	C:\Windows\System32\WS2_32.dll
0x00007ffa83160000 - 0x00007ffa8318d000 	C:\Windows\SYSTEM32\winmmbase.dll
0x00007ffa875a0000 - 0x00007ffa875ea000 	C:\Windows\System32\cfgmgr32.dll
0x00007ffa868e0000 - 0x00007ffa868f1000 	C:\Windows\System32\kernel.appcore.dll
0x00007ffa785a0000 - 0x00007ffa785aa000 	C:\Program Files\Zulu\zulu-15\bin\jimage.dll
0x00007ffa6bef0000 - 0x00007ffa6c0e4000 	C:\Windows\SYSTEM32\DBGHELP.DLL
0x00007ffa6aae0000 - 0x00007ffa6ab0a000 	C:\Windows\SYSTEM32\dbgcore.DLL
0x00007ffa4c710000 - 0x00007ffa4c735000 	C:\Program Files\Zulu\zulu-15\bin\java.dll
0x00007ffa88a40000 - 0x00007ffa89127000 	C:\Windows\System32\SHELL32.dll
0x00007ffa87cc0000 - 0x00007ffa87d69000 	C:\Windows\System32\shcore.dll
0x00007ffa86a00000 - 0x00007ffa87180000 	C:\Windows\System32\windows.storage.dll
0x00007ffa86900000 - 0x00007ffa86923000 	C:\Windows\System32\profapi.dll
0x00007ffa86870000 - 0x00007ffa868ba000 	C:\Windows\System32\powrprof.dll
0x00007ffa86860000 - 0x00007ffa86870000 	C:\Windows\System32\UMPDC.dll
0x00007ffa88740000 - 0x00007ffa88792000 	C:\Windows\System32\shlwapi.dll
0x00007ffa86930000 - 0x00007ffa86947000 	C:\Windows\System32\cryptsp.dll
0x00007ffa773e0000 - 0x00007ffa773f9000 	C:\Program Files\Zulu\zulu-15\bin\net.dll
0x00007ffa81ba0000 - 0x00007ffa81c90000 	C:\Windows\SYSTEM32\WINHTTP.dll
0x00007ffa860b0000 - 0x00007ffa86117000 	C:\Windows\system32\mswsock.dll
0x00007ffa77150000 - 0x00007ffa77162000 	C:\Program Files\Zulu\zulu-15\bin\nio.dll
0x00007ffa74780000 - 0x00007ffa74798000 	C:\Program Files\Zulu\zulu-15\bin\zip.dll
0x000000006e700000 - 0x000000006e72a000 	C:\Users\StefanieZuccarini\AppData\Local\Temp\libgdxStefanieZuccarini\e1cd32f8\gdx64.dll
0x00007ffa78380000 - 0x00007ffa78390000 	C:\Program Files\Zulu\zulu-15\bin\verify.dll
0x0000000180000000 - 0x0000000180053000 	C:\Users\StefanieZuccarini\AppData\Local\Temp\libgdxStefanieZuccarini\1cecf4f6\lwjgl64.dll
0x00007ffa46d40000 - 0x00007ffa46e96000 	C:\Windows\SYSTEM32\OPENGL32.dll
0x00007ffa50920000 - 0x00007ffa5094c000 	C:\Windows\SYSTEM32\GLU32.dll
0x00007ffa85240000 - 0x00007ffa85260000 	C:\Windows\SYSTEM32\dxcore.dll
0x000001d3302e0000 - 0x000001d330344000 	C:\Users\STEFAN~1\AppData\Local\Temp\libgdxStefanieZuccarini\1cecf4f6\OpenAL64.dll
0x00007ffa89800000 - 0x00007ffa89957000 	C:\Windows\System32\ole32.dll
0x00007ffa84830000 - 0x00007ffa848c9000 	C:\Windows\system32\uxtheme.dll
0x00007ffa88520000 - 0x00007ffa885c2000 	C:\Windows\System32\clbcatq.dll
0x00007ffa31520000 - 0x00007ffa315b9000 	C:\Windows\SYSTEM32\dsound.dll
0x00007ffa7c400000 - 0x00007ffa7c472000 	C:\Windows\System32\MMDevApi.dll
0x00007ffa86650000 - 0x00007ffa8667a000 	C:\Windows\System32\DEVOBJ.dll
0x00007ffa79710000 - 0x00007ffa7986d000 	C:\Windows\SYSTEM32\AUDIOSES.DLL
0x00007ffa87e30000 - 0x00007ffa87ef5000 	C:\Windows\System32\OLEAUT32.dll
0x00007ffa81da0000 - 0x00007ffa81ef3000 	C:\Windows\SYSTEM32\wintypes.dll
0x00007ffa81230000 - 0x00007ffa812de000 	C:\Windows\SYSTEM32\mscms.dll
0x00007ffa86780000 - 0x00007ffa867a5000 	C:\Windows\SYSTEM32\USERENV.dll
0x00007ffa81210000 - 0x00007ffa81227000 	C:\Windows\SYSTEM32\ColorAdapterClient.dll
0x00007ffa826c0000 - 0x00007ffa826da000 	C:\Windows\System32\Windows.Internal.Graphics.Display.DisplayColorManagement.dll
0x00007ffa885d0000 - 0x00007ffa88705000 	C:\Windows\System32\MSCTF.dll
0x00007ffa6eae0000 - 0x00007ffa6eb7e000 	C:\Windows\System32\TextInputFramework.dll
0x00007ffa81f00000 - 0x00007ffa8222a000 	C:\Windows\System32\CoreUIComponents.dll
0x00007ffa84460000 - 0x00007ffa84534000 	C:\Windows\System32\CoreMessaging.dll
0x00007ffa85730000 - 0x00007ffa85761000 	C:\Windows\SYSTEM32\ntmarta.dll
0x00007ffa6c0f0000 - 0x00007ffa6c397000 	C:\Windows\System32\iertutil.dll
0x00007ff9f5c70000 - 0x00007ff9f6b87000 	C:\Windows\System32\DriverStore\FileRepository\iigd_dch.inf_amd64_dc945736c722f2b5\ig9icd64.dll
0x00007ffa84bb0000 - 0x00007ffa84bdd000 	C:\Windows\system32\dwmapi.dll
0x00007ffa852d0000 - 0x00007ffa853bb000 	C:\Windows\system32\dxgi.dll
0x00007ffa7c250000 - 0x00007ffa7c3f4000 	C:\Windows\System32\DriverStore\FileRepository\iigd_dch.inf_amd64_dc945736c722f2b5\igdgmm64.dll
0x00007ffa45a50000 - 0x00007ffa45a93000 	C:\Windows\SYSTEM32\icm32.dll
0x00007ffa056d0000 - 0x00007ffa05a2b000 	C:\Windows\System32\DriverStore\FileRepository\iigd_dch.inf_amd64_dc945736c722f2b5\igdml64.dll
0x00007ffa79c40000 - 0x00007ffa7c241000 	C:\Windows\System32\DriverStore\FileRepository\iigd_dch.inf_amd64_dc945736c722f2b5\igc64.dll
0x0000000066b00000 - 0x0000000066b5b000 	C:\Users\StefanieZuccarini\AppData\Local\Temp\libgdxStefanieZuccarini\a14961b7\gdx-box2d64.dll

dbghelp: loaded successfully - version: 4.0.5 - missing functions: none
symbol engine: initialized successfully - sym options: 0x614 - pdb path: .;C:\Program Files\Zulu\zulu-15\bin;C:\Windows\SYSTEM32;C:\Windows\WinSxS\amd64_microsoft.windows.common-controls_6595b64144ccf1df_6.0.18362.1139_none_9e7bf2d3e4605ac6;C:\Program Files\Zulu\zulu-15\bin\server;C:\Users\StefanieZuccarini\AppData\Local\Temp\libgdxStefanieZuccarini\e1cd32f8;C:\Users\StefanieZuccarini\AppData\Local\Temp\libgdxStefanieZuccarini\1cecf4f6;C:\Users\STEFAN~1\AppData\Local\Temp\libgdxStefanieZuccarini\1cecf4f6;C:\Windows\System32\DriverStore\FileRepository\iigd_dch.inf_amd64_dc945736c722f2b5;C:\Users\StefanieZuccarini\AppData\Local\Temp\libgdxStefanieZuccarini\a14961b7

VM Arguments:
jvm_args: -Dfile.encoding=windows-1252 -Duser.country=CA -Duser.language=en -Duser.variant 
java_command: com.mygdx.game.desktop.DesktopLauncher
java_class_path (initial): C:\Users\StefanieZuccarini\Documents\GitHub\PortalGame\PortalGame\desktop\build\classes\java\main;C:\Users\StefanieZuccarini\Documents\GitHub\PortalGame\PortalGame\desktop\build\resources\main;C:\Users\StefanieZuccarini\.gradle\caches\modules-2\files-2.1\com.badlogicgames.gdx\gdx-tools\1.10.0\d699cf4953fb42a071c7c3feb9b5c45601aa6a4b\gdx-tools-1.10.0.jar;C:\Users\StefanieZuccarini\.gradle\caches\modules-2\files-2.1\com.badlogicgames.gdx\gdx-backend-lwjgl\1.10.0\58ff89d9e4fd8a82591367f187d606e781cacc05\gdx-backend-lwjgl-1.10.0.jar;C:\Users\StefanieZuccarini\.gradle\caches\modules-2\files-2.1\com.badlogicgames.gdx\gdx-platform\1.10.0\9a8fa793d2fd6d360afc6c9e4c1f5583da263b88\gdx-platform-1.10.0-natives-desktop.jar;C:\Users\StefanieZuccarini\.gradle\caches\modules-2\files-2.1\com.badlogicgames.gdx\gdx-box2d-platform\1.10.0\588c4191c5a64ed39365e71484aa37d81c38eb5e\gdx-box2d-platform-1.10.0-natives-desktop.jar;C:\Users\StefanieZuccarini\.gradle\caches\modules-2\files-2.1\com.badlogicgames.gdx\gdx-bullet-platform\1.10.0\ce92e8dfc762523d769cbc50853163c03bf98cf1\gdx-bullet-platform-1.10.0-natives-desktop.jar;C:\Users\StefanieZuccarini\.gradle\caches\modules-2\files-2.1\com.badlogicgames.gdx\gdx-freetype-platform\1.10.0\6e5d28752759e69384f12e4569d2c884ff71352f\gdx-freetype-platform-1.10.0-natives-desktop.jar;C:\Users\StefanieZuccarini\Documents\GitHub\PortalGame\PortalGame\core\build\libs\core-1.0.jar;C:\Users\StefanieZuccarini\.gradle\caches\modules-2\files-2.1\com.badlogicgames.gdx\gdx-backend-headless\1.10.0\990eadbb431197c5b9b816d1659c772e0268e65\gdx-backend-headless-1.10.0.jar;C:\Users\StefanieZuccarini\.gradle\caches\modules-2\files-2.1\com.badlogicgames.gdx\gdx-freetype\1.10.0\de1d0d5c1e92e8d91364256fd6b7bb279d3e9859\gdx-freetype-1.10.0.jar;C:\Users\StefanieZuccarini\.gradle\caches\modules-2\files-2.1\com.badlogicgames.box2dlights\box2dlights\1.5\6902dbcd250c95a27973aa24a147a95b3828d348\box2dlights-1.5.jar;C:\Users\StefanieZuccarini\.gradle\
Launcher Type: SUN_STANDARD

[Global flags]
     intx CICompilerCount                          = 4                                         {product} {ergonomic}
     uint ConcGCThreads                            = 2                                         {product} {ergonomic}
     uint G1ConcRefinementThreads                  = 8                                         {product} {ergonomic}
   size_t G1HeapRegionSize                         = 2097152                                   {product} {ergonomic}
    uintx GCDrainStackTargetSize                   = 64                                        {product} {ergonomic}
   size_t InitialHeapSize                          = 266338304                                 {product} {ergonomic}
   size_t MarkStackSize                            = 4194304                                   {product} {ergonomic}
   size_t MaxHeapSize                              = 4246732800                                {product} {ergonomic}
   size_t MaxNewSize                               = 2548039680                                {product} {ergonomic}
   size_t MinHeapDeltaBytes                        = 2097152                                   {product} {ergonomic}
   size_t MinHeapSize                              = 8388608                                   {product} {ergonomic}
    uintx NonNMethodCodeHeapSize                   = 5839372                                {pd product} {ergonomic}
    uintx NonProfiledCodeHeapSize                  = 122909434                              {pd product} {ergonomic}
    uintx ProfiledCodeHeapSize                     = 122909434                              {pd product} {ergonomic}
    uintx ReservedCodeCacheSize                    = 251658240                              {pd product} {ergonomic}
     bool SegmentedCodeCache                       = true                                      {product} {ergonomic}
   size_t SoftMaxHeapSize                          = 4246732800                             {manageable} {ergonomic}
     bool UseCompressedClassPointers               = true                                 {lp64_product} {ergonomic}
     bool UseCompressedOops                        = true                                 {lp64_product} {ergonomic}
     bool UseG1GC                                  = true                                      {product} {ergonomic}
     bool UseLargePagesIndividualAllocation        = false                                  {pd product} {ergonomic}

Logging:
Log output configuration:
 #0: stdout all=warning uptime,level,tags
 #1: stderr all=off uptime,level,tags

Environment Variables:
PATH=C:\Program Files\Zulu\zulu-15\bin\;C:\Program Files\Common Files\Oracle\Java\javapath;C:\Program Files (x86)\Common Files\Oracle\Java\javapath;C:\Windows\system32;C:\Windows;C:\Windows\System32\Wbem;C:\Windows\System32\WindowsPowerShell\v1.0\;C:\Windows\System32\OpenSSH\;C:\Program Files\Git\cmd;C:\Users\StefanieZuccarini\AppData\Local\Microsoft\WindowsApps;C:\Program Files\JetBrains\IntelliJ IDEA Community Edition 2021.3\bin;;C:\Users\StefanieZuccarini\AppData\Local\GitHubDesktop\bin
USERNAME=StefanieZuccarini
OS=Windows_NT
PROCESSOR_IDENTIFIER=Intel64 Family 6 Model 142 Stepping 12, GenuineIntel



---------------  S Y S T E M  ---------------

OS:
 Windows 10 , 64 bit Build 18362 (10.0.18362.1110)
OS uptime: 0 days 16:32 hours

CPU: total 8 (initial active 8) (4 cores per cpu, 2 threads per core) family 6 model 142 stepping 12 microcode 0xca, cmov, cx8, fxsr, mmx, sse, sse2, sse3, ssse3, sse4.1, sse4.2, popcnt, vzeroupper, avx, avx2, aes, clmul, erms, 3dnowpref, lzcnt, ht, tsc, tscinvbit, bmi1, bmi2, adx, fma, clflush, clflushopt

Memory: 4k page, system-wide physical 16198M (7500M free)
TotalPageFile size 20166M (AvailPageFile size 9739M)
current process WorkingSet (physical memory assigned to process): 191M, peak: 205M
current process commit charge ("private bytes"): 464M, peak: 479M

vm_info: OpenJDK 64-Bit Server VM (15.0.5+3-MTS) for windows-amd64 JRE (15.0.5+3-MTS) (Zulu15.36+13-CA), built on Oct  8 2021 11:07:26 by "zulu_re" with MS VC++ 15.9 (VS2017)

END.
