#
# A fatal error has been detected by the Java Runtime Environment:
#
#  SIGSEGV (0xb) at pc=0x00007fff6be4be9d, pid=33253, tid=775
#
# JRE version: OpenJDK Runtime Environment JBR-11.0.13.7-1751.19-jcef (11.0.13+7) (build 11.0.13+7-b1751.19)
# Java VM: OpenJDK 64-Bit Server VM JBR-11.0.13.7-1751.19-jcef (11.0.13+7-b1751.19, mixed mode, tiered, compressed oops, g1 gc, bsd-amd64)
# Problematic frame:
# C  [libobjc.A.dylib+0x6e9d]  objc_msgSend+0x1d
#
# No core dump will be written. Core dumps have been disabled. To enable core dumping, try "ulimit -c unlimited" before starting Java again
#
# If you would like to submit a bug report, please visit:
#   https://bugreport.java.com/bugreport/crash.jsp
# The crash happened outside the Java Virtual Machine in native code.
# See problematic frame for where to report the bug.
#

---------------  S U M M A R Y ------------

Command Line: -Dfile.encoding=UTF-8 -Duser.country=CA -Duser.language=en -Duser.variant com.mygdx.game.desktop.DesktopLauncher

Host: MacBookAir6,2 x86_64 1300 MHz, 4 cores, 8G, Darwin 17.7.0
Time: Thu Jan 20 12:39:21 2022 EST elapsed time: 4.537641 seconds (0d 0h 0m 4s)

---------------  T H R E A D  ---------------

Current thread (0x00007fb344176000):  JavaThread "AWT-AppKit" daemon [_thread_in_native, id=775, stack(0x00007ffee88bb000,0x00007ffee90bb000)]

Stack: [0x00007ffee88bb000,0x00007ffee90bb000],  sp=0x00007ffee90b62c8,  free space=8172k
Native frames: (J=compiled Java code, A=aot compiled Java code, j=interpreted, Vv=VM code, C=native code)
C  [libobjc.A.dylib+0x6e9d]  objc_msgSend+0x1d
C  [CoreFoundation+0xa34fc]  __CFRUNLOOP_IS_CALLING_OUT_TO_A_BLOCK__+0xc
C  [CoreFoundation+0x85ed3]  __CFRunLoopDoBlocks+0x113
C  [CoreFoundation+0x85c98]  __CFRunLoopRun+0xc38
C  [CoreFoundation+0x84dd3]  CFRunLoopRunSpecific+0x1e3
C  [HIToolbox+0x2fd96]  RunCurrentEventLoopInMode+0x11e
C  [HIToolbox+0x2fb06]  ReceiveNextEventCommon+0x265
C  [HIToolbox+0x2f884]  _BlockUntilNextEventMatchingListInModeWithFilter+0x40
C  [AppKit+0x41a3b]  _DPSNextEvent+0x825
C  [AppKit+0x7d7e34]  -[NSApplication(NSEvent) _nextEventMatchingEventMask:untilDate:inMode:dequeue:]+0xbe4
C  [libosxapp.dylib+0x417a]  -[NSApplicationAWT nextEventMatchingMask:untilDate:inMode:dequeue:]+0x79
C  [AppKit+0x3684d]  -[NSApplication run]+0x2fc
C  [libosxapp.dylib+0x3f5f]  +[NSApplicationAWT runAWTLoopWithApp:]+0xa5
C  [libawt_lwawt.dylib+0x7b13d]  +[AWTStarter starter:headless:]+0x1f0
C  [libosxapp.dylib+0x5d1c]  +[ThreadUtilities invokeBlockCopy:]+0xf
C  [Foundation+0x68955]  __NSThreadPerformPerform+0x14e
C  [CoreFoundation+0xa3691]  __CFRUNLOOP_IS_CALLING_OUT_TO_A_SOURCE0_PERFORM_FUNCTION__+0x11
C  [CoreFoundation+0x15dc8c]  __CFRunLoopDoSource0+0x6c
C  [CoreFoundation+0x860f0]  __CFRunLoopDoSources0+0xd0
C  [CoreFoundation+0x8556d]  __CFRunLoopRun+0x50d
C  [CoreFoundation+0x84dd3]  CFRunLoopRunSpecific+0x1e3
C  [libjli.dylib+0x78a4]  CreateExecutionEnvironment+0x17d
C  [libjli.dylib+0x3cab]  JLI_Launch+0x507
C  [java+0xf64]  main+0x174
C  [libdyld.dylib+0x1015]  start+0x1


siginfo: si_signo: 11 (SIGSEGV), si_code: 1 (SEGV_MAPERR), si_addr: 0x0000000000000018

Register to memory mapping:

RAX=0x00007fb343f97da0 points into unknown readable memory: 0x0000000000000000 | 00 00 00 00 00 00 00 00
RBX=0x00007fb343f70ce0 points into unknown readable memory: 0x00007fffa5487160 | 60 71 48 a5 ff 7f 00 00
RCX=0x00007fb3449bb070 points into unknown readable memory: 0xa3a3a3a3a3a3a3a3 | a3 a3 a3 a3 a3 a3 a3 a3
RDX=0x00007fb343d0f170 points into unknown readable memory: 0x001dffff9ed23519 | 19 35 d2 9e ff ff 1d 00
RSP=0x00007ffee90b62c8 is pointing into the stack for thread: 0x00007fb344176000
RBP=0x00007ffee90b62e0 is pointing into the stack for thread: 0x00007fb344176000
RSI=0x00007fff42d43e91: .str.41.llvm.530A7773+0x3a3d4 in /System/Library/Frameworks/AppKit.framework/Versions/C/AppKit at 0x00007fff42073000
RDI=0x00007fb343ec6f20 points into unknown readable memory: 0x5000000000000000 | 00 00 00 00 00 00 00 50
R8 =0x0 is NULL
R9 =0x00007fb343f6ef30 points into unknown readable memory: 0xa00007fb343f9679 | 79 96 3f 34 fb 07 00 a0
R10=0x0 is NULL
R11=0x00007fff42d43e91: .str.41.llvm.530A7773+0x3a3d4 in /System/Library/Frameworks/AppKit.framework/Versions/C/AppKit at 0x00007fff42073000
R12=0x00007fb343d0eff0 points into unknown readable memory: 0x001dffff9ed23519 | 19 35 d2 9e ff ff 1d 00
R13=0x00007fb343f70ce0 points into unknown readable memory: 0x00007fffa5487160 | 60 71 48 a5 ff 7f 00 00
R14=0x00007fb3449bb068 points into unknown readable memory: 0x0000000000000000 | 00 00 00 00 00 00 00 00
R15=0x0 is NULL


Registers:
RAX=0x00007fb343f97da0, RBX=0x00007fb343f70ce0, RCX=0x00007fb3449bb070, RDX=0x00007fb343d0f170
RSP=0x00007ffee90b62c8, RBP=0x00007ffee90b62e0, RSI=0x00007fff42d43e91, RDI=0x00007fb343ec6f20
R8 =0x0000000000000000, R9 =0x00007fb343f6ef30, R10=0x0000000000000000, R11=0x00007fff42d43e91
R12=0x00007fb343d0eff0, R13=0x00007fb343f70ce0, R14=0x00007fb3449bb068, R15=0x0000000000000000
RIP=0x00007fff6be4be9d, EFLAGS=0x0000000000010246, ERR=0x0000000000000004
  TRAPNO=0x000000000000000e

Top of Stack: (sp=0x00007ffee90b62c8)
0x00007ffee90b62c8:   00007fff42994201 00007fb343d0f170
0x00007ffee90b62d8:   0000000000000000 00007ffee90b62f0
0x00007ffee90b62e8:   00007fff44b3b4fc 00007ffee90b6370
0x00007ffee90b62f8:   00007fff44b1ded3 0000000000001503
0x00007ffee90b6308:   00007fff9ec30118 00007fb343d0f180
0x00007ffee90b6318:   00007fb343d0f000 00007fb343d0f0f0
0x00007ffee90b6328:   00007fb343d0f170 00007fb343d0eff0
0x00007ffee90b6338:   0000000000000000 0000000000000000
0x00007ffee90b6348:   00007fb343d0f170 00007fb343d0eff8
0x00007ffee90b6358:   0000000000000001 0000000000001503
0x00007ffee90b6368:   00007fb343d0eff0 00007ffee90b7060
0x00007ffee90b6378:   00007fff44b1dc98 00007fff42d43e91
0x00007ffee90b6388:   0000000000001303 0000000000001503
0x00007ffee90b6398:   00007fb343c6c780 00007fff9ed25c30
0x00007ffee90b63a8:   00007fff42d46d1d 00007fff42d4e709
0x00007ffee90b63b8:   00007fff42d43e37 0000000000000000
0x00007ffee90b63c8:   ffffffffffffffff 0000000000000000
0x00007ffee90b63d8:   00007fb343c6c790 0000000100000002
0x00007ffee90b63e8:   00007fb343d0f180 00007fb343d0f000
0x00007ffee90b63f8:   0000000000000000 00007ffee90b6430
0x00007ffee90b6408:   0000000100001303 0000000000000001
0x00007ffee90b6418:   0000150306b6f080 00007fb3449bb068
0x00007ffee90b6428:   0100000100001503 0000001800001100
0x00007ffee90b6438:   0000150300000000 0000004e00000000
0x00007ffee90b6448:   0000004400000000 000001f70000000a
0x00007ffee90b6458:   000001f700000014 00000014000001f7
0x00007ffee90b6468:   00000014000001f7 000186de000081e5
0x00007ffee90b6478:   0000000000015f1e 0000000000000000
0x00007ffee90b6488:   00007fff00000000 543a6e1fd61d00eb
0x00007ffee90b6498:   0000000000000000 00007ffee90b65f0
0x00007ffee90b64a8:   00007fb345a1c000 00007fb345a1c000
0x00007ffee90b64b8:   00007ffee90b6730 00007ffee90b6710 

Instructions: (pc=0x00007fff6be4be9d)
0x00007fff6be4bd9d:   00 00 31 ff 48 89 f8 5d c3 48 8d 05 bb 47 52 39
0x00007fff6be4bdad:   48 8b 30 5d e9 ca 00 00 00 31 f6 5d e9 1a 76 00
0x00007fff6be4bdbd:   00 90 90 31 c0 31 d2 0f 57 c0 0f 57 c9 c3 90 d9
0x00007fff6be4bdcd:   ee 31 c0 31 d2 0f 57 c0 0f 57 c9 c3 0f 1f 00 d9
0x00007fff6be4bddd:   ee d9 ee 31 c0 31 d2 0f 57 c0 0f 57 c9 c3 90 48
0x00007fff6be4bded:   89 f8 c3 49 89 fa 49 89 f3 45 23 5a 18 49 c1 e3
0x00007fff6be4bdfd:   04 4d 03 5a 10 49 3b 33 75 05 49 8b 43 08 c3 49
0x00007fff6be4be0d:   83 3b 01 76 0e 49 83 c3 10 49 3b 33 75 f1 49 8b
0x00007fff6be4be1d:   43 08 c3 72 1c 4d 8b 5b 08 eb 0a 49 83 3b 01 76
0x00007fff6be4be2d:   0e 49 83 c3 10 49 3b 33 75 f1 49 8b 43 08 c3 eb
0x00007fff6be4be3d:   00 31 c0 c3 66 66 66 66 66 66 2e 0f 1f 84 00 00
0x00007fff6be4be4d:   00 00 00 66 66 66 66 66 66 2e 0f 1f 84 00 00 00
0x00007fff6be4be5d:   00 00 66 66 66 66 66 66 2e 0f 1f 84 00 00 00 00
0x00007fff6be4be6d:   00 66 66 66 66 66 66 2e 0f 1f 84 00 00 00 00 00
0x00007fff6be4be7d:   0f 1f 00 48 85 ff 2e 74 62 40 f6 c7 01 2e 75 66
0x00007fff6be4be8d:   49 ba f8 ff ff ff ff 7f 00 00 4c 23 17 49 89 f3
0x00007fff6be4be9d:   45 23 5a 18 49 c1 e3 04 4d 03 5a 10 49 3b 33 75
0x00007fff6be4bead:   04 41 ff 63 08 49 83 3b 01 76 0d 49 83 c3 10 49
0x00007fff6be4bebd:   3b 33 75 f1 41 ff 63 08 72 64 4d 8b 5b 08 eb 0a
0x00007fff6be4becd:   49 83 3b 01 76 0d 49 83 c3 10 49 3b 33 75 f1 41
0x00007fff6be4bedd:   ff 63 08 eb 49 66 0f 1f 44 00 00 31 c0 31 d2 0f
0x00007fff6be4beed:   57 c0 0f 57 c9 c3 41 89 fb 41 83 e3 0f 41 83 fb
0x00007fff6be4befd:   0f 74 0d 4c 8d 15 29 d7 39 39 4f 8b 14 da eb 8d
0x00007fff6be4bf0d:   41 89 fb 41 c1 eb 04 41 81 e3 ff 00 00 00 4c 8d
0x00007fff6be4bf1d:   15 8e d7 39 39 4f 8b 14 da e9 6f ff ff ff e9 a0
0x00007fff6be4bf2d:   09 00 00 66 66 66 66 66 66 2e 0f 1f 84 00 00 00
0x00007fff6be4bf3d:   00 00 90 48 85 ff 2e 74 62 40 f6 c7 01 2e 75 63
0x00007fff6be4bf4d:   49 ba f8 ff ff ff ff 7f 00 00 4c 23 17 49 89 f3
0x00007fff6be4bf5d:   45 23 5a 18 49 c1 e3 04 4d 03 5a 10 49 3b 33 75
0x00007fff6be4bf6d:   05 4d 8b 5b 08 c3 49 83 3b 01 76 0e 49 83 c3 10
0x00007fff6be4bf7d:   49 3b 33 75 f1 4d 8b 5b 08 c3 72 5f 4d 8b 5b 08
0x00007fff6be4bf8d:   eb 0a 49 83 3b 01 76 0e 49 83 c3 10 49 3b 33 75 


Stack slot to memory mapping:
stack at sp + 0 slots: 0x00007fff42994201: ___NSMainRunLoopPerformBlock_block_invoke+0x19 in /System/Library/Frameworks/AppKit.framework/Versions/C/AppKit at 0x00007fff42073000
stack at sp + 1 slots: 0x00007fb343d0f170 points into unknown readable memory: 0x001dffff9ed23519 | 19 35 d2 9e ff ff 1d 00
stack at sp + 2 slots: 0x0 is NULL
stack at sp + 3 slots: 0x00007ffee90b62f0 is pointing into the stack for thread: 0x00007fb344176000
stack at sp + 4 slots: 0x00007fff44b3b4fc: __CFRUNLOOP_IS_CALLING_OUT_TO_A_BLOCK__+0xc in /System/Library/Frameworks/CoreFoundation.framework/Versions/A/CoreFoundation at 0x00007fff44a98000
stack at sp + 5 slots: 0x00007ffee90b6370 is pointing into the stack for thread: 0x00007fb344176000
stack at sp + 6 slots: 0x00007fff44b1ded3: __CFRunLoopDoBlocks+0x113 in /System/Library/Frameworks/CoreFoundation.framework/Versions/A/CoreFoundation at 0x00007fff44a98000
stack at sp + 7 slots: 0x0000000000001503 is an unknown value


---------------  P R O C E S S  ---------------

Threads class SMR info:
_java_thread_list=0x00007fb34803cc60, length=14, elements={
0x00007fb34480b000, 0x00007fb34501c800, 0x00007fb34406b800, 0x00007fb344070800,
0x00007fb34408b800, 0x00007fb3440a6800, 0x00007fb3440a7800, 0x00007fb34581f800,
0x00007fb344176000, 0x00007fb3450bd800, 0x00007fb344257000, 0x00007fb345a4a800,
0x00007fb344394000, 0x00007fb3443f4000
}

Java Threads: ( => current thread )
  0x00007fb34480b000 JavaThread "Reference Handler" daemon [_thread_blocked, id=17155, stack(0x0000700008f7c000,0x000070000907c000)]
  0x00007fb34501c800 JavaThread "Finalizer" daemon [_thread_blocked, id=13571, stack(0x000070000907f000,0x000070000917f000)]
  0x00007fb34406b800 JavaThread "Signal Dispatcher" daemon [_thread_blocked, id=16391, stack(0x0000700009205000,0x0000700009305000)]
  0x00007fb344070800 JavaThread "Service Thread" daemon [_thread_blocked, id=43267, stack(0x0000700009308000,0x0000700009408000)]
  0x00007fb34408b800 JavaThread "C2 CompilerThread0" daemon [_thread_blocked, id=42755, stack(0x000070000940b000,0x000070000950b000)]
  0x00007fb3440a6800 JavaThread "C1 CompilerThread0" daemon [_thread_blocked, id=41987, stack(0x000070000950e000,0x000070000960e000)]
  0x00007fb3440a7800 JavaThread "Sweeper thread" daemon [_thread_blocked, id=23299, stack(0x0000700009611000,0x0000700009711000)]
  0x00007fb34581f800 JavaThread "Common-Cleaner" daemon [_thread_blocked, id=24579, stack(0x0000700009817000,0x0000700009917000)]
=>0x00007fb344176000 JavaThread "AWT-AppKit" daemon [_thread_in_native, id=775, stack(0x00007ffee88bb000,0x00007ffee90bb000)]
  0x00007fb3450bd800 JavaThread "Java2D Queue Flusher" daemon [_thread_blocked, id=78083, stack(0x0000700009ba6000,0x0000700009ca6000)]
  0x00007fb344257000 JavaThread "Java2D Disposer" daemon [_thread_blocked, id=76035, stack(0x0000700009ca9000,0x0000700009da9000)]
  0x00007fb345a4a800 JavaThread "LWJGL Application" [_thread_in_native, id=173315, stack(0x0000700009eb2000,0x0000700009fb2000)]
  0x00007fb344394000 JavaThread "DestroyJavaVM" [_thread_blocked, id=9475, stack(0x0000000108121000,0x0000000108221000)]
  0x00007fb3443f4000 JavaThread "AWT-Shutdown" [_thread_blocked, id=134147, stack(0x000070000991a000,0x0000700009a1a000)]

Other Threads:
  0x00007fb34502b000 VMThread "VM Thread" [stack: 0x0000700008e79000,0x0000700008f79000] [id=13059]
  0x00007fb345026000 WatcherThread [stack: 0x0000700009714000,0x0000700009814000] [id=23811]
  0x00007fb345006800 GCTaskThread "GC Thread#0" [stack: 0x000070000896a000,0x0000700008a6a000] [id=11267]
  0x00007fb344a91800 GCTaskThread "GC Thread#1" [stack: 0x0000700009fb5000,0x000070000a0b5000] [id=133635]
  0x00007fb344375000 GCTaskThread "GC Thread#2" [stack: 0x000070000a0b8000,0x000070000a1b8000] [id=172291]
  0x00007fb3442ef800 GCTaskThread "GC Thread#3" [stack: 0x000070000a1bb000,0x000070000a2bb000] [id=171779]
  0x00007fb344845800 ConcurrentGCThread "G1 Main Marker" [stack: 0x0000700008a6d000,0x0000700008b6d000] [id=19715]
  0x00007fb344846800 ConcurrentGCThread "G1 Conc#0" [stack: 0x0000700008b70000,0x0000700008c70000] [id=18947]
  0x00007fb345018800 ConcurrentGCThread "G1 Refine#0" [stack: 0x0000700008c73000,0x0000700008d73000] [id=12035]
  0x00007fb344847000 ConcurrentGCThread "G1 Young RemSet Sampling" [stack: 0x0000700008d76000,0x0000700008e76000] [id=18435]

Threads with active compile tasks:

VM state:not at safepoint (normal execution)

VM Mutex/Monitor currently owned by a thread: None

Heap address: 0x0000000780000000, size: 2048 MB, Compressed Oops mode: Zero based, Oop shift amount: 3
Narrow klass base: 0x0000000800000000, Narrow klass shift: 0
Compressed class space size: 1073741824 Address: 0x0000000800000000

Heap:
 garbage-first heap   total 131072K, used 27126K [0x0000000780000000, 0x0000000800000000)
  region size 1024K, 27 young (27648K), 2 survivors (2048K)
 Metaspace       used 13778K, capacity 14010K, committed 14464K, reserved 1062912K
  class space    used 1200K, capacity 1295K, committed 1408K, reserved 1048576K
Heap Regions: E=young(eden), S=young(survivor), O=old, HS=humongous(starts), HC=humongous(continues), CS=collection set, F=free, A=archive, TAMS=top-at-mark-start (previous, next)
|   0|0x0000000780000000, 0x000000078007da00, 0x0000000780100000| 49%| O|  |TAMS 0x0000000780000000, 0x0000000780000000| Untracked 
|   1|0x0000000780100000, 0x0000000780100000, 0x0000000780200000|  0%| F|  |TAMS 0x0000000780100000, 0x0000000780100000| Untracked 
|   2|0x0000000780200000, 0x0000000780200000, 0x0000000780300000|  0%| F|  |TAMS 0x0000000780200000, 0x0000000780200000| Untracked 
|   3|0x0000000780300000, 0x0000000780300000, 0x0000000780400000|  0%| F|  |TAMS 0x0000000780300000, 0x0000000780300000| Untracked 
|   4|0x0000000780400000, 0x0000000780400000, 0x0000000780500000|  0%| F|  |TAMS 0x0000000780400000, 0x0000000780400000| Untracked 
|   5|0x0000000780500000, 0x0000000780500000, 0x0000000780600000|  0%| F|  |TAMS 0x0000000780500000, 0x0000000780500000| Untracked 
|   6|0x0000000780600000, 0x0000000780600000, 0x0000000780700000|  0%| F|  |TAMS 0x0000000780600000, 0x0000000780600000| Untracked 
|   7|0x0000000780700000, 0x0000000780700000, 0x0000000780800000|  0%| F|  |TAMS 0x0000000780700000, 0x0000000780700000| Untracked 
|   8|0x0000000780800000, 0x0000000780800000, 0x0000000780900000|  0%| F|  |TAMS 0x0000000780800000, 0x0000000780800000| Untracked 
|   9|0x0000000780900000, 0x0000000780900000, 0x0000000780a00000|  0%| F|  |TAMS 0x0000000780900000, 0x0000000780900000| Untracked 
|  10|0x0000000780a00000, 0x0000000780a00000, 0x0000000780b00000|  0%| F|  |TAMS 0x0000000780a00000, 0x0000000780a00000| Untracked 
|  11|0x0000000780b00000, 0x0000000780b00000, 0x0000000780c00000|  0%| F|  |TAMS 0x0000000780b00000, 0x0000000780b00000| Untracked 
|  12|0x0000000780c00000, 0x0000000780c00000, 0x0000000780d00000|  0%| F|  |TAMS 0x0000000780c00000, 0x0000000780c00000| Untracked 
|  13|0x0000000780d00000, 0x0000000780d00000, 0x0000000780e00000|  0%| F|  |TAMS 0x0000000780d00000, 0x0000000780d00000| Untracked 
|  14|0x0000000780e00000, 0x0000000780e00000, 0x0000000780f00000|  0%| F|  |TAMS 0x0000000780e00000, 0x0000000780e00000| Untracked 
|  15|0x0000000780f00000, 0x0000000780f00000, 0x0000000781000000|  0%| F|  |TAMS 0x0000000780f00000, 0x0000000780f00000| Untracked 
|  16|0x0000000781000000, 0x0000000781000000, 0x0000000781100000|  0%| F|  |TAMS 0x0000000781000000, 0x0000000781000000| Untracked 
|  17|0x0000000781100000, 0x0000000781100000, 0x0000000781200000|  0%| F|  |TAMS 0x0000000781100000, 0x0000000781100000| Untracked 
|  18|0x0000000781200000, 0x0000000781200000, 0x0000000781300000|  0%| F|  |TAMS 0x0000000781200000, 0x0000000781200000| Untracked 
|  19|0x0000000781300000, 0x0000000781300000, 0x0000000781400000|  0%| F|  |TAMS 0x0000000781300000, 0x0000000781300000| Untracked 
|  20|0x0000000781400000, 0x0000000781400000, 0x0000000781500000|  0%| F|  |TAMS 0x0000000781400000, 0x0000000781400000| Untracked 
|  21|0x0000000781500000, 0x0000000781500000, 0x0000000781600000|  0%| F|  |TAMS 0x0000000781500000, 0x0000000781500000| Untracked 
|  22|0x0000000781600000, 0x0000000781600000, 0x0000000781700000|  0%| F|  |TAMS 0x0000000781600000, 0x0000000781600000| Untracked 
|  23|0x0000000781700000, 0x0000000781700000, 0x0000000781800000|  0%| F|  |TAMS 0x0000000781700000, 0x0000000781700000| Untracked 
|  24|0x0000000781800000, 0x0000000781800000, 0x0000000781900000|  0%| F|  |TAMS 0x0000000781800000, 0x0000000781800000| Untracked 
|  25|0x0000000781900000, 0x0000000781900000, 0x0000000781a00000|  0%| F|  |TAMS 0x0000000781900000, 0x0000000781900000| Untracked 
|  26|0x0000000781a00000, 0x0000000781a00000, 0x0000000781b00000|  0%| F|  |TAMS 0x0000000781a00000, 0x0000000781a00000| Untracked 
|  27|0x0000000781b00000, 0x0000000781b00000, 0x0000000781c00000|  0%| F|  |TAMS 0x0000000781b00000, 0x0000000781b00000| Untracked 
|  28|0x0000000781c00000, 0x0000000781c00000, 0x0000000781d00000|  0%| F|  |TAMS 0x0000000781c00000, 0x0000000781c00000| Untracked 
|  29|0x0000000781d00000, 0x0000000781d00000, 0x0000000781e00000|  0%| F|  |TAMS 0x0000000781d00000, 0x0000000781d00000| Untracked 
|  30|0x0000000781e00000, 0x0000000781e00000, 0x0000000781f00000|  0%| F|  |TAMS 0x0000000781e00000, 0x0000000781e00000| Untracked 
|  31|0x0000000781f00000, 0x0000000781f00000, 0x0000000782000000|  0%| F|  |TAMS 0x0000000781f00000, 0x0000000781f00000| Untracked 
|  32|0x0000000782000000, 0x0000000782000000, 0x0000000782100000|  0%| F|  |TAMS 0x0000000782000000, 0x0000000782000000| Untracked 
|  33|0x0000000782100000, 0x0000000782100000, 0x0000000782200000|  0%| F|  |TAMS 0x0000000782100000, 0x0000000782100000| Untracked 
|  34|0x0000000782200000, 0x0000000782200000, 0x0000000782300000|  0%| F|  |TAMS 0x0000000782200000, 0x0000000782200000| Untracked 
|  35|0x0000000782300000, 0x0000000782300000, 0x0000000782400000|  0%| F|  |TAMS 0x0000000782300000, 0x0000000782300000| Untracked 
|  36|0x0000000782400000, 0x0000000782400000, 0x0000000782500000|  0%| F|  |TAMS 0x0000000782400000, 0x0000000782400000| Untracked 
|  37|0x0000000782500000, 0x0000000782500000, 0x0000000782600000|  0%| F|  |TAMS 0x0000000782500000, 0x0000000782500000| Untracked 
|  38|0x0000000782600000, 0x0000000782600000, 0x0000000782700000|  0%| F|  |TAMS 0x0000000782600000, 0x0000000782600000| Untracked 
|  39|0x0000000782700000, 0x0000000782700000, 0x0000000782800000|  0%| F|  |TAMS 0x0000000782700000, 0x0000000782700000| Untracked 
|  40|0x0000000782800000, 0x0000000782800000, 0x0000000782900000|  0%| F|  |TAMS 0x0000000782800000, 0x0000000782800000| Untracked 
|  41|0x0000000782900000, 0x0000000782900000, 0x0000000782a00000|  0%| F|  |TAMS 0x0000000782900000, 0x0000000782900000| Untracked 
|  42|0x0000000782a00000, 0x0000000782a00000, 0x0000000782b00000|  0%| F|  |TAMS 0x0000000782a00000, 0x0000000782a00000| Untracked 
|  43|0x0000000782b00000, 0x0000000782b00000, 0x0000000782c00000|  0%| F|  |TAMS 0x0000000782b00000, 0x0000000782b00000| Untracked 
|  44|0x0000000782c00000, 0x0000000782c00000, 0x0000000782d00000|  0%| F|  |TAMS 0x0000000782c00000, 0x0000000782c00000| Untracked 
|  45|0x0000000782d00000, 0x0000000782d00000, 0x0000000782e00000|  0%| F|  |TAMS 0x0000000782d00000, 0x0000000782d00000| Untracked 
|  46|0x0000000782e00000, 0x0000000782e00000, 0x0000000782f00000|  0%| F|  |TAMS 0x0000000782e00000, 0x0000000782e00000| Untracked 
|  47|0x0000000782f00000, 0x0000000782f00000, 0x0000000783000000|  0%| F|  |TAMS 0x0000000782f00000, 0x0000000782f00000| Untracked 
|  48|0x0000000783000000, 0x0000000783000000, 0x0000000783100000|  0%| F|  |TAMS 0x0000000783000000, 0x0000000783000000| Untracked 
|  49|0x0000000783100000, 0x0000000783100000, 0x0000000783200000|  0%| F|  |TAMS 0x0000000783100000, 0x0000000783100000| Untracked 
|  50|0x0000000783200000, 0x0000000783200000, 0x0000000783300000|  0%| F|  |TAMS 0x0000000783200000, 0x0000000783200000| Untracked 
|  51|0x0000000783300000, 0x0000000783300000, 0x0000000783400000|  0%| F|  |TAMS 0x0000000783300000, 0x0000000783300000| Untracked 
|  52|0x0000000783400000, 0x0000000783400000, 0x0000000783500000|  0%| F|  |TAMS 0x0000000783400000, 0x0000000783400000| Untracked 
|  53|0x0000000783500000, 0x0000000783500000, 0x0000000783600000|  0%| F|  |TAMS 0x0000000783500000, 0x0000000783500000| Untracked 
|  54|0x0000000783600000, 0x0000000783600000, 0x0000000783700000|  0%| F|  |TAMS 0x0000000783600000, 0x0000000783600000| Untracked 
|  55|0x0000000783700000, 0x0000000783700000, 0x0000000783800000|  0%| F|  |TAMS 0x0000000783700000, 0x0000000783700000| Untracked 
|  56|0x0000000783800000, 0x0000000783800000, 0x0000000783900000|  0%| F|  |TAMS 0x0000000783800000, 0x0000000783800000| Untracked 
|  57|0x0000000783900000, 0x0000000783900000, 0x0000000783a00000|  0%| F|  |TAMS 0x0000000783900000, 0x0000000783900000| Untracked 
|  58|0x0000000783a00000, 0x0000000783a00000, 0x0000000783b00000|  0%| F|  |TAMS 0x0000000783a00000, 0x0000000783a00000| Untracked 
|  59|0x0000000783b00000, 0x0000000783b00000, 0x0000000783c00000|  0%| F|  |TAMS 0x0000000783b00000, 0x0000000783b00000| Untracked 
|  60|0x0000000783c00000, 0x0000000783c00000, 0x0000000783d00000|  0%| F|  |TAMS 0x0000000783c00000, 0x0000000783c00000| Untracked 
|  61|0x0000000783d00000, 0x0000000783d00000, 0x0000000783e00000|  0%| F|  |TAMS 0x0000000783d00000, 0x0000000783d00000| Untracked 
|  62|0x0000000783e00000, 0x0000000783e00000, 0x0000000783f00000|  0%| F|  |TAMS 0x0000000783e00000, 0x0000000783e00000| Untracked 
|  63|0x0000000783f00000, 0x0000000783f00000, 0x0000000784000000|  0%| F|  |TAMS 0x0000000783f00000, 0x0000000783f00000| Untracked 
|  64|0x0000000784000000, 0x0000000784000000, 0x0000000784100000|  0%| F|  |TAMS 0x0000000784000000, 0x0000000784000000| Untracked 
|  65|0x0000000784100000, 0x0000000784100000, 0x0000000784200000|  0%| F|  |TAMS 0x0000000784100000, 0x0000000784100000| Untracked 
|  66|0x0000000784200000, 0x0000000784200000, 0x0000000784300000|  0%| F|  |TAMS 0x0000000784200000, 0x0000000784200000| Untracked 
|  67|0x0000000784300000, 0x0000000784300000, 0x0000000784400000|  0%| F|  |TAMS 0x0000000784300000, 0x0000000784300000| Untracked 
|  68|0x0000000784400000, 0x0000000784400000, 0x0000000784500000|  0%| F|  |TAMS 0x0000000784400000, 0x0000000784400000| Untracked 
|  69|0x0000000784500000, 0x0000000784500000, 0x0000000784600000|  0%| F|  |TAMS 0x0000000784500000, 0x0000000784500000| Untracked 
|  70|0x0000000784600000, 0x0000000784600000, 0x0000000784700000|  0%| F|  |TAMS 0x0000000784600000, 0x0000000784600000| Untracked 
|  71|0x0000000784700000, 0x0000000784700000, 0x0000000784800000|  0%| F|  |TAMS 0x0000000784700000, 0x0000000784700000| Untracked 
|  72|0x0000000784800000, 0x0000000784800000, 0x0000000784900000|  0%| F|  |TAMS 0x0000000784800000, 0x0000000784800000| Untracked 
|  73|0x0000000784900000, 0x0000000784900000, 0x0000000784a00000|  0%| F|  |TAMS 0x0000000784900000, 0x0000000784900000| Untracked 
|  74|0x0000000784a00000, 0x0000000784a00000, 0x0000000784b00000|  0%| F|  |TAMS 0x0000000784a00000, 0x0000000784a00000| Untracked 
|  75|0x0000000784b00000, 0x0000000784b00000, 0x0000000784c00000|  0%| F|  |TAMS 0x0000000784b00000, 0x0000000784b00000| Untracked 
|  76|0x0000000784c00000, 0x0000000784c00000, 0x0000000784d00000|  0%| F|  |TAMS 0x0000000784c00000, 0x0000000784c00000| Untracked 
|  77|0x0000000784d00000, 0x0000000784d00000, 0x0000000784e00000|  0%| F|  |TAMS 0x0000000784d00000, 0x0000000784d00000| Untracked 
|  78|0x0000000784e00000, 0x0000000784e00000, 0x0000000784f00000|  0%| F|  |TAMS 0x0000000784e00000, 0x0000000784e00000| Untracked 
|  79|0x0000000784f00000, 0x0000000784f00000, 0x0000000785000000|  0%| F|  |TAMS 0x0000000784f00000, 0x0000000784f00000| Untracked 
|  80|0x0000000785000000, 0x0000000785000000, 0x0000000785100000|  0%| F|  |TAMS 0x0000000785000000, 0x0000000785000000| Untracked 
|  81|0x0000000785100000, 0x0000000785100000, 0x0000000785200000|  0%| F|  |TAMS 0x0000000785100000, 0x0000000785100000| Untracked 
|  82|0x0000000785200000, 0x0000000785200000, 0x0000000785300000|  0%| F|  |TAMS 0x0000000785200000, 0x0000000785200000| Untracked 
|  83|0x0000000785300000, 0x0000000785300000, 0x0000000785400000|  0%| F|  |TAMS 0x0000000785300000, 0x0000000785300000| Untracked 
|  84|0x0000000785400000, 0x0000000785400000, 0x0000000785500000|  0%| F|  |TAMS 0x0000000785400000, 0x0000000785400000| Untracked 
|  85|0x0000000785500000, 0x0000000785500000, 0x0000000785600000|  0%| F|  |TAMS 0x0000000785500000, 0x0000000785500000| Untracked 
|  86|0x0000000785600000, 0x0000000785600000, 0x0000000785700000|  0%| F|  |TAMS 0x0000000785600000, 0x0000000785600000| Untracked 
|  87|0x0000000785700000, 0x0000000785700000, 0x0000000785800000|  0%| F|  |TAMS 0x0000000785700000, 0x0000000785700000| Untracked 
|  88|0x0000000785800000, 0x0000000785800000, 0x0000000785900000|  0%| F|  |TAMS 0x0000000785800000, 0x0000000785800000| Untracked 
|  89|0x0000000785900000, 0x0000000785900000, 0x0000000785a00000|  0%| F|  |TAMS 0x0000000785900000, 0x0000000785900000| Untracked 
|  90|0x0000000785a00000, 0x0000000785a00000, 0x0000000785b00000|  0%| F|  |TAMS 0x0000000785a00000, 0x0000000785a00000| Untracked 
|  91|0x0000000785b00000, 0x0000000785b00000, 0x0000000785c00000|  0%| F|  |TAMS 0x0000000785b00000, 0x0000000785b00000| Untracked 
|  92|0x0000000785c00000, 0x0000000785c00000, 0x0000000785d00000|  0%| F|  |TAMS 0x0000000785c00000, 0x0000000785c00000| Untracked 
|  93|0x0000000785d00000, 0x0000000785d00000, 0x0000000785e00000|  0%| F|  |TAMS 0x0000000785d00000, 0x0000000785d00000| Untracked 
|  94|0x0000000785e00000, 0x0000000785e00000, 0x0000000785f00000|  0%| F|  |TAMS 0x0000000785e00000, 0x0000000785e00000| Untracked 
|  95|0x0000000785f00000, 0x0000000785f00000, 0x0000000786000000|  0%| F|  |TAMS 0x0000000785f00000, 0x0000000785f00000| Untracked 
|  96|0x0000000786000000, 0x0000000786000000, 0x0000000786100000|  0%| F|  |TAMS 0x0000000786000000, 0x0000000786000000| Untracked 
|  97|0x0000000786100000, 0x0000000786100000, 0x0000000786200000|  0%| F|  |TAMS 0x0000000786100000, 0x0000000786100000| Untracked 
|  98|0x0000000786200000, 0x0000000786200000, 0x0000000786300000|  0%| F|  |TAMS 0x0000000786200000, 0x0000000786200000| Untracked 
|  99|0x0000000786300000, 0x0000000786300000, 0x0000000786400000|  0%| F|  |TAMS 0x0000000786300000, 0x0000000786300000| Untracked 
| 100|0x0000000786400000, 0x0000000786400000, 0x0000000786500000|  0%| F|  |TAMS 0x0000000786400000, 0x0000000786400000| Untracked 
| 101|0x0000000786500000, 0x0000000786580800, 0x0000000786600000| 50%| E|  |TAMS 0x0000000786500000, 0x0000000786500000| Complete 
| 102|0x0000000786600000, 0x0000000786700000, 0x0000000786700000|100%| E|CS|TAMS 0x0000000786600000, 0x0000000786600000| Complete 
| 103|0x0000000786700000, 0x0000000786800000, 0x0000000786800000|100%| E|CS|TAMS 0x0000000786700000, 0x0000000786700000| Complete 
| 104|0x0000000786800000, 0x0000000786900000, 0x0000000786900000|100%| E|CS|TAMS 0x0000000786800000, 0x0000000786800000| Complete 
| 105|0x0000000786900000, 0x0000000786a00000, 0x0000000786a00000|100%| E|CS|TAMS 0x0000000786900000, 0x0000000786900000| Complete 
| 106|0x0000000786a00000, 0x0000000786b00000, 0x0000000786b00000|100%| E|CS|TAMS 0x0000000786a00000, 0x0000000786a00000| Complete 
| 107|0x0000000786b00000, 0x0000000786c00000, 0x0000000786c00000|100%| E|CS|TAMS 0x0000000786b00000, 0x0000000786b00000| Complete 
| 108|0x0000000786c00000, 0x0000000786d00000, 0x0000000786d00000|100%| E|CS|TAMS 0x0000000786c00000, 0x0000000786c00000| Complete 
| 109|0x0000000786d00000, 0x0000000786e00000, 0x0000000786e00000|100%| E|CS|TAMS 0x0000000786d00000, 0x0000000786d00000| Complete 
| 110|0x0000000786e00000, 0x0000000786f00000, 0x0000000786f00000|100%| E|CS|TAMS 0x0000000786e00000, 0x0000000786e00000| Complete 
| 111|0x0000000786f00000, 0x0000000787000000, 0x0000000787000000|100%| E|CS|TAMS 0x0000000786f00000, 0x0000000786f00000| Complete 
| 112|0x0000000787000000, 0x0000000787100000, 0x0000000787100000|100%| S|CS|TAMS 0x0000000787000000, 0x0000000787000000| Complete 
| 113|0x0000000787100000, 0x0000000787200000, 0x0000000787200000|100%| S|CS|TAMS 0x0000000787100000, 0x0000000787100000| Complete 
| 114|0x0000000787200000, 0x0000000787300000, 0x0000000787300000|100%| E|CS|TAMS 0x0000000787200000, 0x0000000787200000| Complete 
| 115|0x0000000787300000, 0x0000000787400000, 0x0000000787400000|100%| E|CS|TAMS 0x0000000787300000, 0x0000000787300000| Complete 
| 116|0x0000000787400000, 0x0000000787500000, 0x0000000787500000|100%| E|CS|TAMS 0x0000000787400000, 0x0000000787400000| Complete 
| 117|0x0000000787500000, 0x0000000787600000, 0x0000000787600000|100%| E|CS|TAMS 0x0000000787500000, 0x0000000787500000| Complete 
| 118|0x0000000787600000, 0x0000000787700000, 0x0000000787700000|100%| E|CS|TAMS 0x0000000787600000, 0x0000000787600000| Complete 
| 119|0x0000000787700000, 0x0000000787800000, 0x0000000787800000|100%| E|CS|TAMS 0x0000000787700000, 0x0000000787700000| Complete 
| 120|0x0000000787800000, 0x0000000787900000, 0x0000000787900000|100%| E|CS|TAMS 0x0000000787800000, 0x0000000787800000| Complete 
| 121|0x0000000787900000, 0x0000000787a00000, 0x0000000787a00000|100%| E|CS|TAMS 0x0000000787900000, 0x0000000787900000| Complete 
| 122|0x0000000787a00000, 0x0000000787b00000, 0x0000000787b00000|100%| E|CS|TAMS 0x0000000787a00000, 0x0000000787a00000| Complete 
| 123|0x0000000787b00000, 0x0000000787c00000, 0x0000000787c00000|100%| E|CS|TAMS 0x0000000787b00000, 0x0000000787b00000| Complete 
| 124|0x0000000787c00000, 0x0000000787d00000, 0x0000000787d00000|100%| E|CS|TAMS 0x0000000787c00000, 0x0000000787c00000| Complete 
| 125|0x0000000787d00000, 0x0000000787e00000, 0x0000000787e00000|100%| E|CS|TAMS 0x0000000787d00000, 0x0000000787d00000| Complete 
| 126|0x0000000787e00000, 0x0000000787f00000, 0x0000000787f00000|100%| E|CS|TAMS 0x0000000787e00000, 0x0000000787e00000| Complete 
| 127|0x0000000787f00000, 0x0000000788000000, 0x0000000788000000|100%| E|CS|TAMS 0x0000000787f00000, 0x0000000787f00000| Complete 

Card table byte_map: [0x000000010c822000,0x000000010cc22000] _byte_map_base: 0x0000000108c22000

Marking Bits (Prev, Next): (CMBitMap*) 0x00007fb34483ce18, (CMBitMap*) 0x00007fb34483ce50
 Prev Bits: [0x000000010d022000, 0x000000010f022000)
 Next Bits: [0x000000010f022000, 0x0000000111022000)

Polling page: 0x0000000106bde000

Metaspace:

Usage:
  Non-class:     12.42 MB capacity,    12.28 MB ( 99%) used,   114.10 KB ( <1%) free+waste,    23.19 KB ( <1%) overhead. 
      Class:      1.26 MB capacity,     1.17 MB ( 93%) used,    84.03 KB (  6%) free+waste,    10.00 KB ( <1%) overhead. 
       Both:     13.68 MB capacity,    13.46 MB ( 98%) used,   198.13 KB (  1%) free+waste,    33.19 KB ( <1%) overhead. 

Virtual space:
  Non-class space:       14.00 MB reserved,      12.75 MB ( 91%) committed 
      Class space:        1.00 GB reserved,       1.38 MB ( <1%) committed 
             Both:        1.01 GB reserved,      14.12 MB (  1%) committed 

Chunk freelists:
   Non-Class:  229.00 KB
       Class:  17.00 KB
        Both:  246.00 KB

MaxMetaspaceSize: unlimited
CompressedClassSpaceSize: 1.00 GB
Initial GC threshold: 20.80 MB
Current GC threshold: 20.80 MB
CDS: off

CodeHeap 'non-profiled nmethods': size=120032Kb used=494Kb max_used=494Kb free=119537Kb
 bounds [0x0000023ed516b000, 0x0000023ed53db000, 0x0000023edc6a3000]
CodeHeap 'profiled nmethods': size=120032Kb used=2507Kb max_used=2507Kb free=117524Kb
 bounds [0x0000023ecdc33000, 0x0000023ecdeb3000, 0x0000023ed516b000]
CodeHeap 'non-nmethods': size=5696Kb used=1326Kb max_used=1349Kb free=4369Kb
 bounds [0x0000023ecd6a3000, 0x0000023ecd913000, 0x0000023ecdc33000]
 total_blobs=1884 nmethods=1248 adapters=550
 compilation: enabled
              stopped_count=0, restarted_count=0
 full_count=0

Compilation events (20 events):
Event: 4.176 Thread 0x00007fb3440a6800 1249       3       com.badlogic.gdx.graphics.glutils.IndexArray::unbind (1 bytes)
Event: 4.176 Thread 0x00007fb3440a6800 nmethod 1249 0x0000023ecdea4210 code [0x0000023ecdea43c0, 0x0000023ecdea44b8]
Event: 4.176 Thread 0x00007fb3440a6800 1250       3       com.badlogic.gdx.graphics.Mesh::setVertices (14 bytes)
Event: 4.177 Thread 0x00007fb3440a6800 nmethod 1250 0x0000023ecdea4590 code [0x0000023ecdea4740, 0x0000023ecdea4928]
Event: 4.192 Thread 0x00007fb3440a6800 1251       3       com.badlogic.gdx.graphics.glutils.ShaderProgram::checkManaged (25 bytes)
Event: 4.192 Thread 0x00007fb3440a6800 nmethod 1251 0x0000023ecdea4a10 code [0x0000023ecdea4bc0, 0x0000023ecdea4d48]
Event: 4.192 Thread 0x00007fb3440a6800 1252       3       java.lang.ThreadLocal$ThreadLocalMap::getEntry (42 bytes)
Event: 4.193 Thread 0x00007fb3440a6800 nmethod 1252 0x0000023ecdea4e10 code [0x0000023ecdea4fe0, 0x0000023ecdea52a8]
Event: 4.206 Thread 0x00007fb34408b800 1253       4       com.badlogic.gdx.utils.Array::add (48 bytes)
Event: 4.210 Thread 0x00007fb34408b800 nmethod 1253 0x0000023ed51e5690 code [0x0000023ed51e5860, 0x0000023ed51e5a88]
Event: 4.210 Thread 0x00007fb34408b800 1254       4       com.badlogic.gdx.graphics.VertexAttributes::size (6 bytes)
Event: 4.210 Thread 0x00007fb34408b800 nmethod 1254 0x0000023ed51e5c10 code [0x0000023ed51e5da0, 0x0000023ed51e5e18]
Event: 4.215 Thread 0x00007fb3440a6800 1255       3       java.util.HashMap::isEmpty (13 bytes)
Event: 4.215 Thread 0x00007fb3440a6800 nmethod 1255 0x0000023ecdea5410 code [0x0000023ecdea55c0, 0x0000023ecdea5718]
Event: 4.223 Thread 0x00007fb34408b800 1256 %     4       java.io.UnixFileSystem::normalize @ 10 (75 bytes)
Event: 4.235 Thread 0x00007fb34408b800 nmethod 1256% 0x0000023ed51e5f10 code [0x0000023ed51e60c0, 0x0000023ed51e63e8]
Event: 4.236 Thread 0x00007fb3440a6800 1257   !   3       java.nio.DirectIntBufferU::put (32 bytes)
Event: 4.236 Thread 0x00007fb3440a6800 nmethod 1257 0x0000023ecdea5790 code [0x0000023ecdea5960, 0x0000023ecdea5c58]
Event: 4.252 Thread 0x00007fb34408b800 1258   !   4       java.nio.DirectByteBuffer::put (32 bytes)
Event: 4.258 Thread 0x00007fb34408b800 nmethod 1258 0x0000023ed51e6610 code [0x0000023ed51e67a0, 0x0000023ed51e6858]

GC Heap History (2 events):
Event: 2.005 GC heap before
{Heap before GC invocations=0 (full 0):
 garbage-first heap   total 131072K, used 14336K [0x0000000780000000, 0x0000000800000000)
  region size 1024K, 14 young (14336K), 0 survivors (0K)
 Metaspace       used 13012K, capacity 13242K, committed 13568K, reserved 1060864K
  class space    used 1148K, capacity 1231K, committed 1280K, reserved 1048576K
}
Event: 2.018 GC heap after
{Heap after GC invocations=1 (full 0):
 garbage-first heap   total 131072K, used 2550K [0x0000000780000000, 0x0000000800000000)
  region size 1024K, 2 young (2048K), 2 survivors (2048K)
 Metaspace       used 13012K, capacity 13242K, committed 13568K, reserved 1060864K
  class space    used 1148K, capacity 1231K, committed 1280K, reserved 1048576K
}

Deoptimization events (20 events):
Event: 3.162 Thread 0x00007fb345a4a800 Uncommon trap: trap_request=0xffffffde fr.pc=0x0000023ed51c5bf4 relative=0x0000000000000274
Event: 3.162 Thread 0x00007fb345a4a800 Uncommon trap: reason=class_check action=maybe_recompile pc=0x0000023ed51c5bf4 method=com.badlogic.gdx.graphics.g2d.TextureRegion.setRegion(IIII)V @ 50 c2
Event: 3.162 Thread 0x00007fb345a4a800 DEOPT PACKING pc=0x0000023ed51c5bf4 sp=0x0000700009fb14c0
Event: 3.162 Thread 0x00007fb345a4a800 DEOPT UNPACKING pc=0x0000023ecd6ecead sp=0x0000700009fb1480 mode 2
Event: 3.162 Thread 0x00007fb345a4a800 Uncommon trap: trap_request=0xffffffde fr.pc=0x0000023ed51c5bf4 relative=0x0000000000000274
Event: 3.162 Thread 0x00007fb345a4a800 Uncommon trap: reason=class_check action=maybe_recompile pc=0x0000023ed51c5bf4 method=com.badlogic.gdx.graphics.g2d.TextureRegion.setRegion(IIII)V @ 50 c2
Event: 3.162 Thread 0x00007fb345a4a800 DEOPT PACKING pc=0x0000023ed51c5bf4 sp=0x0000700009fb14c0
Event: 3.162 Thread 0x00007fb345a4a800 DEOPT UNPACKING pc=0x0000023ecd6ecead sp=0x0000700009fb1480 mode 2
Event: 3.503 Thread 0x00007fb345a4a800 DEOPT PACKING pc=0x0000023ecde56017 sp=0x0000700009fb1580
Event: 3.503 Thread 0x00007fb345a4a800 DEOPT UNPACKING pc=0x0000023ecd6ed652 sp=0x0000700009fb09c8 mode 0
Event: 3.508 Thread 0x00007fb345a4a800 DEOPT PACKING pc=0x0000023ecde56017 sp=0x0000700009fb1600
Event: 3.508 Thread 0x00007fb345a4a800 DEOPT UNPACKING pc=0x0000023ecd6ed652 sp=0x0000700009fb0a48 mode 0
Event: 3.521 Thread 0x00007fb345a4a800 DEOPT PACKING pc=0x0000023ecde56017 sp=0x0000700009fb1580
Event: 3.521 Thread 0x00007fb345a4a800 DEOPT UNPACKING pc=0x0000023ecd6ed652 sp=0x0000700009fb09c8 mode 0
Event: 3.538 Thread 0x00007fb345a4a800 DEOPT PACKING pc=0x0000023ecde56017 sp=0x0000700009fb1580
Event: 3.538 Thread 0x00007fb345a4a800 DEOPT UNPACKING pc=0x0000023ecd6ed652 sp=0x0000700009fb09c8 mode 0
Event: 3.553 Thread 0x00007fb345a4a800 DEOPT PACKING pc=0x0000023ecde56017 sp=0x0000700009fb1580
Event: 3.553 Thread 0x00007fb345a4a800 DEOPT UNPACKING pc=0x0000023ecd6ed652 sp=0x0000700009fb09c8 mode 0
Event: 3.556 Thread 0x00007fb345a4a800 DEOPT PACKING pc=0x0000023ecde56017 sp=0x0000700009fb1600
Event: 3.556 Thread 0x00007fb345a4a800 DEOPT UNPACKING pc=0x0000023ecd6ed652 sp=0x0000700009fb0a48 mode 0

Classes redefined (0 events):
No events

Internal exceptions (19 events):
Event: 0.398 Thread 0x00007fb344802800 Exception <a 'java/lang/ClassNotFoundException'{0x0000000787ece6c0}: sun/awt/resources/spi/awtProvider> (0x0000000787ece6c0) thrown at [src/hotspot/share/classfile/systemDictionary.cpp, line 231]
Event: 0.534 Thread 0x00007fb344802800 Exception <a 'java/io/FileNotFoundException'{0x0000000787d6adb0}> (0x0000000787d6adb0) thrown at [src/hotspot/share/prims/jni.cpp, line 616]
Event: 0.564 Thread 0x00007fb344802800 Exception <a 'java/lang/NoSuchMethodError'{0x0000000787dc5d98}: 'java.lang.Object java.lang.invoke.DirectMethodHandle$Holder.invokeStatic(java.lang.Object, java.lang.Object, java.lang.Object, java.lang.Object, java.lang.Object, java.lang.Object, java.lang.Object, java.lang.Object, java.lang.Object, java.lang.Object, java.lang.Object, java.lang.Object, java.lang.Object, java.lang.Object, java.lang.Object)'> (0x0000000787dc5d98) thrown at [src/hotspot/share/interpreter/linkResolver.cpp, line 773]
Event: 0.569 Thread 0x00007fb344802800 Exception <a 'java/lang/NoSuchMethodError'{0x0000000787dd4048}: 'java.lang.Object java.lang.invoke.DirectMethodHandle$Holder.invokeStatic(java.lang.Object, java.lang.Object, java.lang.Object, java.lang.Object, java.lang.Object, java.lang.Object, java.lang.Object, java.lang.Object, java.lang.Object, java.lang.Object, java.lang.Object, java.lang.Object, java.lang.Object, java.lang.Object, java.lang.Object, java.lang.Object)'> (0x0000000787dd4048) thrown at [src/hotspot/share/interpreter/linkResolver.cpp, lin
Event: 0.572 Thread 0x00007fb344802800 Exception <a 'java/lang/NoSuchMethodError'{0x0000000787de2158}: 'java.lang.Object java.lang.invoke.DirectMethodHandle$Holder.invokeSpecial(java.lang.Object, java.lang.Object, int, int, java.lang.Object, java.lang.Object, java.lang.Object)'> (0x0000000787de2158) thrown at [src/hotspot/share/interpreter/linkResolver.cpp, line 773]
Event: 0.572 Thread 0x00007fb344802800 Exception <a 'java/lang/NoSuchMethodError'{0x0000000787de56e8}: 'java.lang.Object java.lang.invoke.DelegatingMethodHandle$Holder.reinvoke_L(java.lang.Object, int, int, java.lang.Object, java.lang.Object, java.lang.Object)'> (0x0000000787de56e8) thrown at [src/hotspot/share/interpreter/linkResolver.cpp, line 773]
Event: 0.574 Thread 0x00007fb344802800 Exception <a 'java/lang/NoSuchMethodError'{0x0000000787de97c8}: 'java.lang.Object java.lang.invoke.DirectMethodHandle$Holder.invokeStatic(java.lang.Object, java.lang.Object, java.lang.Object, java.lang.Object, int)'> (0x0000000787de97c8) thrown at [src/hotspot/share/interpreter/linkResolver.cpp, line 773]
Event: 0.597 Thread 0x00007fb344802800 Exception <a 'java/io/FileNotFoundException'{0x0000000787c4c920}> (0x0000000787c4c920) thrown at [src/hotspot/share/prims/jni.cpp, line 616]
Event: 0.614 Thread 0x00007fb344802800 Exception <a 'java/lang/ClassNotFoundException'{0x0000000787c51428}: sun/awt/resources/spi/awtosxProvider> (0x0000000787c51428) thrown at [src/hotspot/share/classfile/systemDictionary.cpp, line 231]
Event: 0.671 Thread 0x00007fb344802800 Exception <a 'java/lang/NoSuchMethodError'{0x0000000787cc4288}: 'java.lang.Object java.lang.invoke.DirectMethodHandle$Holder.invokeStatic(java.lang.Object, java.lang.Object, java.lang.Object, java.lang.Object, java.lang.Object, java.lang.Object, java.lang.Object, java.lang.Object, int)'> (0x0000000787cc4288) thrown at [src/hotspot/share/interpreter/linkResolver.cpp, line 773]
Event: 0.676 Thread 0x00007fb344802800 Exception <a 'java/lang/NoSuchMethodError'{0x0000000787cde5b0}: 'java.lang.Object java.lang.invoke.DirectMethodHandle$Holder.invokeStatic(java.lang.Object, java.lang.Object, java.lang.Object, java.lang.Object, java.lang.Object, java.lang.Object, java.lang.Object, java.lang.Object, int, int)'> (0x0000000787cde5b0) thrown at [src/hotspot/share/interpreter/linkResolver.cpp, line 773]
Event: 0.965 Thread 0x00007fb344802800 Exception <a 'java/lang/NoSuchMethodError'{0x0000000787ced9b0}: 'java.lang.Object java.lang.invoke.DirectMethodHandle$Holder.invokeStatic(java.lang.Object, int, int, java.lang.Object)'> (0x0000000787ced9b0) thrown at [src/hotspot/share/interpreter/linkResolver.cpp, line 773]
Event: 1.160 Thread 0x00007fb344802800 Exception <a 'java/lang/NoSuchMethodError'{0x0000000787a6b3e0}: 'void java.lang.invoke.DirectMethodHandle$Holder.invokeInterface(java.lang.Object, java.lang.Object)'> (0x0000000787a6b3e0) thrown at [src/hotspot/share/interpreter/linkResolver.cpp, line 773]
Event: 1.313 Thread 0x00007fb344802800 Exception <a 'java/security/PrivilegedActionException'{0x000000078782abc8}> (0x000000078782abc8) thrown at [src/hotspot/share/prims/jvm.cpp, line 1306]
Event: 1.313 Thread 0x00007fb344802800 Exception <a 'java/security/PrivilegedActionException'{0x000000078782d378}> (0x000000078782d378) thrown at [src/hotspot/share/prims/jvm.cpp, line 1306]
Event: 1.313 Thread 0x00007fb344802800 Exception <a 'java/security/PrivilegedActionException'{0x000000078782e330}> (0x000000078782e330) thrown at [src/hotspot/share/prims/jvm.cpp, line 1306]
Event: 1.316 Thread 0x00007fb344802800 Exception <a 'java/security/PrivilegedActionException'{0x000000078783dfd8}> (0x000000078783dfd8) thrown at [src/hotspot/share/prims/jvm.cpp, line 1306]
Event: 1.316 Thread 0x00007fb344802800 Exception <a 'java/security/PrivilegedActionException'{0x000000078783eb98}> (0x000000078783eb98) thrown at [src/hotspot/share/prims/jvm.cpp, line 1306]
Event: 1.316 Thread 0x00007fb344802800 Exception <a 'java/security/PrivilegedActionException'{0x000000078783f718}> (0x000000078783f718) thrown at [src/hotspot/share/prims/jvm.cpp, line 1306]

Events (20 events):
Event: 3.247 loading class com/badlogic/gdx/graphics/g2d/Animation$1 done
Event: 3.454 Loaded shared library /private/var/folders/6d/c05m1cpd2gg0_vssvks1l4z40000gq/T/libgdxkid/f7649394/liblwjgl.dylib
Event: 3.456 Loaded shared library /private/var/folders/6d/c05m1cpd2gg0_vssvks1l4z40000gq/T/libgdxkid/f7649394/liblwjgl.dylib
Event: 3.471 Loaded shared library /private/var/folders/6d/c05m1cpd2gg0_vssvks1l4z40000gq/T/libgdxkid/f7649394/liblwjgl.dylib
Event: 3.505 Loaded shared library /private/var/folders/6d/c05m1cpd2gg0_vssvks1l4z40000gq/T/libgdxkid/f7649394/liblwjgl.dylib
Event: 3.705 Loaded shared library /private/var/folders/6d/c05m1cpd2gg0_vssvks1l4z40000gq/T/libgdxkid/f7649394/liblwjgl.dylib
Event: 3.708 Loaded shared library /private/var/folders/6d/c05m1cpd2gg0_vssvks1l4z40000gq/T/libgdxkid/f7649394/liblwjgl.dylib
Event: 3.890 Loaded shared library /Applications/IntelliJ IDEA CE.app/Contents/jbr/Contents/Home/lib/server/libjvm.dylib
Event: 4.023 Loaded shared library /private/var/folders/6d/c05m1cpd2gg0_vssvks1l4z40000gq/T/libgdxkid/f7649394/liblwjgl.dylib
Event: 4.167 Thread 0x00007fb3443f4000 Thread added: 0x00007fb3443f4000
Event: 4.167 Protecting memory [0x000070000991a000,0x000070000991e000] with protection modes 0
Event: 4.168 Executing VM operation: RevokeBias
Event: 4.168 Executing VM operation: RevokeBias done
Event: 4.174 Loaded shared library /private/var/folders/6d/c05m1cpd2gg0_vssvks1l4z40000gq/T/libgdxkid/f7649394/liblwjgl.dylib
Event: 4.223 loading class com/badlogic/gdx/backends/lwjgl/LwjglApplication$2
Event: 4.223 loading class com/badlogic/gdx/backends/lwjgl/LwjglApplication$2 done
Event: 4.226 loading class com/badlogic/gdx/utils/Pool$Poolable
Event: 4.226 loading class com/badlogic/gdx/utils/Pool$Poolable done
Event: 4.250 loading class org/lwjgl/opengl/CallbackUtil
Event: 4.250 loading class org/lwjgl/opengl/CallbackUtil done


Dynamic libraries:
0x00007fff442e5000 	/System/Library/Frameworks/Cocoa.framework/Versions/A/Cocoa
0x00007fff5091e000 	/System/Library/Frameworks/Security.framework/Versions/A/Security
0x00007fff42f23000 	/System/Library/Frameworks/ApplicationServices.framework/Versions/A/ApplicationServices
0x00007fff6c85f000 	/usr/lib/libz.1.dylib
0x0000000106b55000 	/Applications/IntelliJ IDEA CE.app/Contents/jbr/Contents/Home/lib/jli/libjli.dylib
0x00007fff6a78c000 	/usr/lib/libSystem.B.dylib
0x00007fff42073000 	/System/Library/Frameworks/AppKit.framework/Versions/C/AppKit
0x00007fff4465d000 	/System/Library/Frameworks/CoreData.framework/Versions/A/CoreData
0x00007fff46bfc000 	/System/Library/Frameworks/Foundation.framework/Versions/C/Foundation
0x00007fff6403f000 	/System/Library/PrivateFrameworks/RemoteViewServices.framework/Versions/A/RemoteViewServices
0x00007fff687bd000 	/System/Library/PrivateFrameworks/UIFoundation.framework/Versions/A/UIFoundation
0x00007fff58e37000 	/System/Library/PrivateFrameworks/DFRFoundation.framework/Versions/A/DFRFoundation
0x00007fff4927d000 	/System/Library/Frameworks/Metal.framework/Versions/A/Metal
0x00007fff58fd4000 	/System/Library/PrivateFrameworks/DesktopServicesPriv.framework/Versions/A/DesktopServicesPriv
0x00007fff6b392000 	/usr/lib/libenergytrace.dylib
0x00007fff66827000 	/System/Library/PrivateFrameworks/SkyLight.framework/Versions/A/SkyLight
0x00007fff44f3d000 	/System/Library/Frameworks/CoreGraphics.framework/Versions/A/CoreGraphics
0x00007fff6a787000 	/usr/lib/libScreenReader.dylib
0x00007fff4100d000 	/System/Library/Frameworks/Accelerate.framework/Versions/A/Accelerate
0x00007fff47377000 	/System/Library/Frameworks/IOSurface.framework/Versions/A/IOSurface
0x00007fff4346e000 	/System/Library/Frameworks/AudioToolbox.framework/Versions/A/AudioToolbox
0x00007fff436fe000 	/System/Library/Frameworks/AudioUnit.framework/Versions/A/AudioUnit
0x00007fff58ecf000 	/System/Library/PrivateFrameworks/DataDetectorsCore.framework/Versions/A/DataDetectorsCore
0x00007fff43dd8000 	/System/Library/Frameworks/Carbon.framework/Versions/A/Frameworks/HIToolbox.framework/Versions/A/HIToolbox
0x00007fff6b4ec000 	/usr/lib/libicucore.A.dylib
0x00007fff4fe9a000 	/System/Library/Frameworks/QuartzCore.framework/Versions/A/QuartzCore
0x00007fff65ac8000 	/System/Library/PrivateFrameworks/SignpostNotification.framework/Versions/A/SignpostNotification
0x00007fff441be000 	/System/Library/Frameworks/Carbon.framework/Versions/A/Frameworks/SpeechRecognition.framework/Versions/A/SpeechRecognition
0x00007fff6a8e8000 	/usr/lib/libauto.dylib
0x00007fff6c74e000 	/usr/lib/libxml2.2.dylib
0x00007fff58a87000 	/System/Library/PrivateFrameworks/CoreUI.framework/Versions/A/CoreUI
0x00007fff44539000 	/System/Library/Frameworks/CoreAudio.framework/Versions/A/CoreAudio
0x00007fff46a36000 	/System/Library/Frameworks/DiskArbitration.framework/Versions/A/DiskArbitration
0x00007fff6b760000 	/usr/lib/liblangid.dylib
0x00007fff60543000 	/System/Library/PrivateFrameworks/MultitouchSupport.framework/Versions/A/MultitouchSupport
0x00007fff472da000 	/System/Library/Frameworks/IOKit.framework/Versions/A/IOKit
0x00007fff6a416000 	/usr/lib/libDiagnosticMessagesClient.dylib
0x00007fff45c13000 	/System/Library/Frameworks/CoreServices.framework/Versions/A/CoreServices
0x00007fff6207b000 	/System/Library/PrivateFrameworks/PerformanceAnalysis.framework/Versions/A/PerformanceAnalysis
0x00007fff4f037000 	/System/Library/Frameworks/OpenGL.framework/Versions/A/OpenGL
0x00007fff6be45000 	/usr/lib/libobjc.A.dylib
0x00007fff442f3000 	/System/Library/Frameworks/ColorSync.framework/Versions/A/ColorSync
0x00007fff44a98000 	/System/Library/Frameworks/CoreFoundation.framework/Versions/A/CoreFoundation
0x00007fff4554f000 	/System/Library/Frameworks/CoreImage.framework/Versions/A/CoreImage
0x00007fff465a4000 	/System/Library/Frameworks/CoreText.framework/Versions/A/CoreText
0x00007fff473d5000 	/System/Library/Frameworks/ImageIO.framework/Versions/A/ImageIO
0x00007fff55731000 	/System/Library/PrivateFrameworks/Backup.framework/Versions/A/Backup
0x00007fff6a838000 	/usr/lib/libarchive.2.dylib
0x00007fff43a21000 	/System/Library/Frameworks/CFNetwork.framework/Versions/A/CFNetwork
0x00007fff510b1000 	/System/Library/Frameworks/SystemConfiguration.framework/Versions/A/SystemConfiguration
0x00007fff6a33f000 	/usr/lib/libCRFSuite.dylib
0x00007fff6a9c2000 	/usr/lib/libc++.1.dylib
0x00007fff6aa19000 	/usr/lib/libc++abi.dylib
0x00007fff6c90d000 	/usr/lib/system/libcache.dylib
0x00007fff6c912000 	/usr/lib/system/libcommonCrypto.dylib
0x00007fff6c91d000 	/usr/lib/system/libcompiler_rt.dylib
0x00007fff6c925000 	/usr/lib/system/libcopyfile.dylib
0x00007fff6c92f000 	/usr/lib/system/libcorecrypto.dylib
0x00007fff6ca3c000 	/usr/lib/system/libdispatch.dylib
0x00007fff6ca76000 	/usr/lib/system/libdyld.dylib
0x00007fff6ca94000 	/usr/lib/system/libkeymgr.dylib
0x00007fff6caa2000 	/usr/lib/system/liblaunch.dylib
0x00007fff6caa3000 	/usr/lib/system/libmacho.dylib
0x00007fff6caa8000 	/usr/lib/system/libquarantine.dylib
0x00007fff6caab000 	/usr/lib/system/libremovefile.dylib
0x00007fff6caad000 	/usr/lib/system/libsystem_asl.dylib
0x00007fff6cac5000 	/usr/lib/system/libsystem_blocks.dylib
0x00007fff6cac6000 	/usr/lib/system/libsystem_c.dylib
0x00007fff6cb50000 	/usr/lib/system/libsystem_configuration.dylib
0x00007fff6cb54000 	/usr/lib/system/libsystem_coreservices.dylib
0x00007fff6cb58000 	/usr/lib/system/libsystem_darwin.dylib
0x00007fff6cb5a000 	/usr/lib/system/libsystem_dnssd.dylib
0x00007fff6cb61000 	/usr/lib/system/libsystem_info.dylib
0x00007fff6cbd2000 	/usr/lib/system/libsystem_m.dylib
0x00007fff6cc1e000 	/usr/lib/system/libsystem_malloc.dylib
0x00007fff6cc3e000 	/usr/lib/system/libsystem_network.dylib
0x00007fff6cd6f000 	/usr/lib/system/libsystem_networkextension.dylib
0x00007fff6cd7a000 	/usr/lib/system/libsystem_notify.dylib
0x00007fff6cd98000 	/usr/lib/system/libsystem_sandbox.dylib
0x00007fff6cd9c000 	/usr/lib/system/libsystem_secinit.dylib
0x00007fff6cbab000 	/usr/lib/system/libsystem_kernel.dylib
0x00007fff6cd84000 	/usr/lib/system/libsystem_platform.dylib
0x00007fff6cd8c000 	/usr/lib/system/libsystem_pthread.dylib
0x00007fff6cd9e000 	/usr/lib/system/libsystem_symptoms.dylib
0x00007fff6cda6000 	/usr/lib/system/libsystem_trace.dylib
0x00007fff6cdbc000 	/usr/lib/system/libunwind.dylib
0x00007fff6cdc2000 	/usr/lib/system/libxpc.dylib
0x00007fff6a252000 	/usr/lib/closure/libclosured.dylib
0x00007fff6a9a3000 	/usr/lib/libbsm.0.dylib
0x00007fff6ca95000 	/usr/lib/system/libkxld.dylib
0x00007fff6a650000 	/usr/lib/libOpenScriptingUtil.dylib
0x00007fff6ad12000 	/usr/lib/libcoretls.dylib
0x00007fff6ad2b000 	/usr/lib/libcoretls_cfhelpers.dylib
0x00007fff6c246000 	/usr/lib/libpam.2.dylib
0x00007fff6c371000 	/usr/lib/libsqlite3.dylib
0x00007fff6c73d000 	/usr/lib/libxar.1.dylib
0x00007fff6a9b4000 	/usr/lib/libbz2.1.0.dylib
0x00007fff6b762000 	/usr/lib/liblzma.5.dylib
0x00007fff6bc43000 	/usr/lib/libnetwork.dylib
0x00007fff6a821000 	/usr/lib/libapple_nghttp2.dylib
0x00007fff6c24d000 	/usr/lib/libpcap.A.dylib
0x00007fff6a8e9000 	/usr/lib/libboringssl.dylib
0x00007fff6c6d8000 	/usr/lib/libusrtcp.dylib
0x00007fff6a820000 	/usr/lib/libapple_crypto.dylib
0x00007fff45f96000 	/System/Library/Frameworks/CoreServices.framework/Versions/A/Frameworks/FSEvents.framework/Versions/A/FSEvents
0x00007fff45c89000 	/System/Library/Frameworks/CoreServices.framework/Versions/A/Frameworks/CarbonCore.framework/Versions/A/CarbonCore
0x00007fff4615e000 	/System/Library/Frameworks/CoreServices.framework/Versions/A/Frameworks/Metadata.framework/Versions/A/Metadata
0x00007fff4620f000 	/System/Library/Frameworks/CoreServices.framework/Versions/A/Frameworks/OSServices.framework/Versions/A/OSServices
0x00007fff46270000 	/System/Library/Frameworks/CoreServices.framework/Versions/A/Frameworks/SearchKit.framework/Versions/A/SearchKit
0x00007fff45c14000 	/System/Library/Frameworks/CoreServices.framework/Versions/A/Frameworks/AE.framework/Versions/A/AE
0x00007fff45f9f000 	/System/Library/Frameworks/CoreServices.framework/Versions/A/Frameworks/LaunchServices.framework/Versions/A/LaunchServices
0x00007fff45f61000 	/System/Library/Frameworks/CoreServices.framework/Versions/A/Frameworks/DictionaryServices.framework/Versions/A/DictionaryServices
0x00007fff462df000 	/System/Library/Frameworks/CoreServices.framework/Versions/A/Frameworks/SharedFileList.framework/Versions/A/SharedFileList
0x00007fff4a4b3000 	/System/Library/Frameworks/NetFS.framework/Versions/A/NetFS
0x00007fff607d4000 	/System/Library/PrivateFrameworks/NetAuth.framework/Versions/A/NetAuth
0x00007fff6a0e9000 	/System/Library/PrivateFrameworks/login.framework/Versions/A/Frameworks/loginsupport.framework/Versions/A/loginsupport
0x00007fff6843a000 	/System/Library/PrivateFrameworks/TCC.framework/Versions/A/TCC
0x00007fff6b843000 	/usr/lib/libmecabra.dylib
0x00007fff42f24000 	/System/Library/Frameworks/ApplicationServices.framework/Versions/A/Frameworks/ATS.framework/Versions/A/ATS
0x00007fff432d3000 	/System/Library/Frameworks/ApplicationServices.framework/Versions/A/Frameworks/ColorSyncLegacy.framework/Versions/A/ColorSyncLegacy
0x00007fff43377000 	/System/Library/Frameworks/ApplicationServices.framework/Versions/A/Frameworks/HIServices.framework/Versions/A/HIServices
0x00007fff433ca000 	/System/Library/Frameworks/ApplicationServices.framework/Versions/A/Frameworks/LangAnalysis.framework/Versions/A/LangAnalysis
0x00007fff433d9000 	/System/Library/Frameworks/ApplicationServices.framework/Versions/A/Frameworks/PrintCore.framework/Versions/A/PrintCore
0x00007fff43426000 	/System/Library/Frameworks/ApplicationServices.framework/Versions/A/Frameworks/QD.framework/Versions/A/QD
0x00007fff43461000 	/System/Library/Frameworks/ApplicationServices.framework/Versions/A/Frameworks/SpeechSynthesis.framework/Versions/A/SpeechSynthesis
0x00007fff449b4000 	/System/Library/Frameworks/CoreDisplay.framework/Versions/A/CoreDisplay
0x00007fff41025000 	/System/Library/Frameworks/Accelerate.framework/Versions/A/Frameworks/vImage.framework/Versions/A/vImage
0x00007fff41d7f000 	/System/Library/Frameworks/Accelerate.framework/Versions/A/Frameworks/vecLib.framework/Versions/A/vecLib
0x00007fff41b1f000 	/System/Library/Frameworks/Accelerate.framework/Versions/A/Frameworks/vecLib.framework/Versions/A/libvDSP.dylib
0x00007fff4167f000 	/System/Library/Frameworks/Accelerate.framework/Versions/A/Frameworks/vecLib.framework/Versions/A/libBNNS.dylib
0x00007fff41a84000 	/System/Library/Frameworks/Accelerate.framework/Versions/A/Frameworks/vecLib.framework/Versions/A/libQuadrature.dylib
0x00007fff41ccd000 	/System/Library/Frameworks/Accelerate.framework/Versions/A/Frameworks/vecLib.framework/Versions/A/libvMisc.dylib
0x00007fff416ae000 	/System/Library/Frameworks/Accelerate.framework/Versions/A/Frameworks/vecLib.framework/Versions/A/libLAPACK.dylib
0x00007fff41524000 	/System/Library/Frameworks/Accelerate.framework/Versions/A/Frameworks/vecLib.framework/Versions/A/libBLAS.dylib
0x00007fff41a6e000 	/System/Library/Frameworks/Accelerate.framework/Versions/A/Frameworks/vecLib.framework/Versions/A/libLinearAlgebra.dylib
0x00007fff41a8a000 	/System/Library/Frameworks/Accelerate.framework/Versions/A/Frameworks/vecLib.framework/Versions/A/libSparse.dylib
0x00007fff41b0b000 	/System/Library/Frameworks/Accelerate.framework/Versions/A/Frameworks/vecLib.framework/Versions/A/libSparseBLAS.dylib
0x00007fff5d60e000 	/System/Library/PrivateFrameworks/GPUWrangler.framework/Versions/A/GPUWrangler
0x00007fff5eda2000 	/System/Library/PrivateFrameworks/IOAccelerator.framework/Versions/A/IOAccelerator
0x00007fff5edad000 	/System/Library/PrivateFrameworks/IOPresentment.framework/Versions/A/IOPresentment
0x00007fff58e49000 	/System/Library/PrivateFrameworks/DSExternalDisplay.framework/Versions/A/DSExternalDisplay
0x00007fff4e4b6000 	/System/Library/Frameworks/OpenGL.framework/Versions/A/Libraries/libCoreFSCache.dylib
0x00007fff466f5000 	/System/Library/Frameworks/CoreVideo.framework/Versions/A/CoreVideo
0x00007fff5e389000 	/System/Library/PrivateFrameworks/GraphVisualizer.framework/Versions/A/GraphVisualizer
0x00007fff494b4000 	/System/Library/Frameworks/MetalPerformanceShaders.framework/Versions/A/MetalPerformanceShaders
0x00007fff6a44e000 	/usr/lib/libFosl_dynamic.dylib
0x00007fff59f18000 	/System/Library/PrivateFrameworks/FaceCore.framework/Versions/A/FaceCore
0x00007fff4d2b1000 	/System/Library/Frameworks/OpenCL.framework/Versions/A/OpenCL
0x00007fff6aa50000 	/usr/lib/libcompression.dylib
0x00007fff43023000 	/System/Library/Frameworks/ApplicationServices.framework/Versions/A/Frameworks/ATS.framework/Versions/A/Resources/libFontParser.dylib
0x00007fff43146000 	/System/Library/Frameworks/ApplicationServices.framework/Versions/A/Frameworks/ATS.framework/Versions/A/Resources/libFontRegistry.dylib
0x00007fff4763e000 	/System/Library/Frameworks/ImageIO.framework/Versions/A/Resources/libJPEG.dylib
0x00007fff4797a000 	/System/Library/Frameworks/ImageIO.framework/Versions/A/Resources/libTIFF.dylib
0x00007fff47950000 	/System/Library/Frameworks/ImageIO.framework/Versions/A/Resources/libPng.dylib
0x00007fff47551000 	/System/Library/Frameworks/ImageIO.framework/Versions/A/Resources/libGIF.dylib
0x00007fff47556000 	/System/Library/Frameworks/ImageIO.framework/Versions/A/Resources/libJP2.dylib
0x00007fff47977000 	/System/Library/Frameworks/ImageIO.framework/Versions/A/Resources/libRadiance.dylib
0x00007fff54e5b000 	/System/Library/PrivateFrameworks/AppleJPEG.framework/Versions/A/AppleJPEG
0x00007fff4931b000 	/System/Library/Frameworks/MetalPerformanceShaders.framework/Frameworks/MPSCore.framework/Versions/A/MPSCore
0x00007fff49337000 	/System/Library/Frameworks/MetalPerformanceShaders.framework/Frameworks/MPSImage.framework/Versions/A/MPSImage
0x00007fff493cc000 	/System/Library/Frameworks/MetalPerformanceShaders.framework/Frameworks/MPSNeuralNetwork.framework/Versions/A/MPSNeuralNetwork
0x00007fff493a7000 	/System/Library/Frameworks/MetalPerformanceShaders.framework/Frameworks/MPSMatrix.framework/Versions/A/MPSMatrix
0x00007fff602a5000 	/System/Library/PrivateFrameworks/MetalTools.framework/Versions/A/MetalTools
0x00007fff4e681000 	/System/Library/Frameworks/OpenGL.framework/Versions/A/Libraries/libGLU.dylib
0x00007fff4e4c1000 	/System/Library/Frameworks/OpenGL.framework/Versions/A/Libraries/libGFXShared.dylib
0x00007fff4e4cb000 	/System/Library/Frameworks/OpenGL.framework/Versions/A/Libraries/libGL.dylib
0x00007fff4e4d7000 	/System/Library/Frameworks/OpenGL.framework/Versions/A/Libraries/libGLImage.dylib
0x00007fff4e4b3000 	/System/Library/Frameworks/OpenGL.framework/Versions/A/Libraries/libCVMSPluginSupport.dylib
0x00007fff4e4bc000 	/System/Library/Frameworks/OpenGL.framework/Versions/A/Libraries/libCoreVMClient.dylib
0x00007fff6b1fd000 	/usr/lib/libcups.2.dylib
0x00007fff48882000 	/System/Library/Frameworks/Kerberos.framework/Versions/A/Kerberos
0x00007fff47034000 	/System/Library/Frameworks/GSS.framework/Versions/A/GSS
0x00007fff6c304000 	/usr/lib/libresolv.9.dylib
0x00007fff6b3fa000 	/usr/lib/libiconv.2.dylib
0x00007fff5e41b000 	/System/Library/PrivateFrameworks/Heimdal.framework/Versions/A/Heimdal
0x00007fff6b3c9000 	/usr/lib/libheimdal-asn1.dylib
0x00007fff4d329000 	/System/Library/Frameworks/OpenDirectory.framework/Versions/A/OpenDirectory
0x00007fff57174000 	/System/Library/PrivateFrameworks/CommonAuth.framework/Versions/A/CommonAuth
0x00007fff4d30c000 	/System/Library/Frameworks/OpenDirectory.framework/Versions/A/Frameworks/CFOpenDirectory.framework/Versions/A/CFOpenDirectory
0x00007fff50c4a000 	/System/Library/Frameworks/SecurityFoundation.framework/Versions/A/SecurityFoundation
0x00007fff5401e000 	/System/Library/PrivateFrameworks/APFS.framework/Versions/A/APFS
0x00007fff6c739000 	/usr/lib/libutil.dylib
0x00007fff54ede000 	/System/Library/PrivateFrameworks/AppleSauce.framework/Versions/A/AppleSauce
0x00007fff5f58a000 	/System/Library/PrivateFrameworks/LinguisticData.framework/Versions/A/LinguisticData
0x00007fff6b77c000 	/usr/lib/libmarisa.dylib
0x00007fff5f544000 	/System/Library/PrivateFrameworks/Lexicon.framework/Versions/A/Lexicon
0x00007fff6a379000 	/usr/lib/libChineseTokenizer.dylib
0x00007fff6aa3f000 	/usr/lib/libcmph.dylib
0x00007fff5f44e000 	/System/Library/PrivateFrameworks/LanguageModeling.framework/Versions/A/LanguageModeling
0x00007fff57c91000 	/System/Library/PrivateFrameworks/CoreEmoji.framework/Versions/A/CoreEmoji
0x00007fff50d08000 	/System/Library/Frameworks/ServiceManagement.framework/Versions/A/ServiceManagement
0x00007fff55729000 	/System/Library/PrivateFrameworks/BackgroundTaskManagement.framework/Versions/A/BackgroundTaskManagement
0x00007fff6c836000 	/usr/lib/libxslt.1.dylib
0x00007fff440e8000 	/System/Library/Frameworks/Carbon.framework/Versions/A/Frameworks/Ink.framework/Versions/A/Ink
0x00007fff6864f000 	/System/Library/PrivateFrameworks/TextureIO.framework/Versions/A/TextureIO
0x00007fff6a863000 	/usr/lib/libate.dylib
0x00007fff58da8000 	/System/Library/PrivateFrameworks/CrashReporterSupport.framework/Versions/A/CrashReporterSupport
0x00007fff65988000 	/System/Library/PrivateFrameworks/Sharing.framework/Versions/A/Sharing
0x00007fff5f18f000 	/System/Library/PrivateFrameworks/IconServices.framework/Versions/A/IconServices
0x00007fff55359000 	/System/Library/PrivateFrameworks/AuthKit.framework/Versions/A/AuthKit
0x00007fff54cde000 	/System/Library/PrivateFrameworks/Apple80211.framework/Versions/A/Apple80211
0x00007fff58bbd000 	/System/Library/PrivateFrameworks/CoreUtils.framework/Versions/A/CoreUtils
0x00007fff46730000 	/System/Library/Frameworks/CoreWLAN.framework/Versions/A/CoreWLAN
0x00007fff47176000 	/System/Library/Frameworks/IOBluetooth.framework/Versions/A/IOBluetooth
0x00007fff63e4a000 	/System/Library/PrivateFrameworks/ProtocolBuffer.framework/Versions/A/ProtocolBuffer
0x00007fff6049e000 	/System/Library/PrivateFrameworks/MobileKeyBag.framework/Versions/A/MobileKeyBag
0x00007fff58435000 	/System/Library/PrivateFrameworks/CorePhoneNumbers.framework/Versions/A/CorePhoneNumbers
0x00007fff54e16000 	/System/Library/PrivateFrameworks/AppleIDAuthSupport.framework/Versions/A/AppleIDAuthSupport
0x00007fff5f43a000 	/System/Library/PrivateFrameworks/KeychainCircle.framework/Versions/A/KeychainCircle
0x00007fff58d43000 	/System/Library/PrivateFrameworks/CoreWiFi.framework/Versions/A/CoreWiFi
0x00007fff44633000 	/System/Library/Frameworks/CoreBluetooth.framework/Versions/A/CoreBluetooth
0x00007fff58f93000 	/System/Library/PrivateFrameworks/DebugSymbols.framework/Versions/A/DebugSymbols
0x00007fff58973000 	/System/Library/PrivateFrameworks/CoreSymbolication.framework/Versions/A/CoreSymbolication
0x00007fff67e40000 	/System/Library/PrivateFrameworks/Symbolication.framework/Versions/A/Symbolication
0x00007fff54d08000 	/System/Library/PrivateFrameworks/AppleFSCompression.framework/Versions/A/AppleFSCompression
0x00007fff6728d000 	/System/Library/PrivateFrameworks/SpeechRecognitionCore.framework/Versions/A/SpeechRecognitionCore
0x0000000107400000 	/Applications/IntelliJ IDEA CE.app/Contents/jbr/Contents/Home/lib/server/libjvm.dylib
0x0000000106b8b000 	/Applications/IntelliJ IDEA CE.app/Contents/jbr/Contents/Home/lib/libverify.dylib
0x0000000106b9e000 	/Applications/IntelliJ IDEA CE.app/Contents/jbr/Contents/Home/lib/libjava.dylib
0x0000000106bce000 	/Applications/IntelliJ IDEA CE.app/Contents/jbr/Contents/Home/lib/libjimage.dylib
0x0000000106be8000 	/Applications/IntelliJ IDEA CE.app/Contents/jbr/Contents/Home/lib/libzip.dylib
0x0000000113daa000 	/Applications/IntelliJ IDEA CE.app/Contents/jbr/Contents/Home/lib/libnio.dylib
0x0000000113dc1000 	/Applications/IntelliJ IDEA CE.app/Contents/jbr/Contents/Home/lib/./libnet.dylib
0x0000000113e68000 	/Applications/IntelliJ IDEA CE.app/Contents/jbr/Contents/Home/lib/libawt.dylib
0x0000000113f0d000 	/Applications/IntelliJ IDEA CE.app/Contents/jbr/Contents/Home/lib/./libmlib_image.dylib
0x00007fff48874000 	/System/Library/Frameworks/JavaVM.framework/Versions/A/Frameworks/JavaRuntimeSupport.framework/Versions/A/JavaRuntimeSupport
0x00007fff4886b000 	/System/Library/Frameworks/JavaVM.framework/Versions/A/Frameworks/JavaNativeFoundation.framework/Versions/A/JavaNativeFoundation
0x00007fff4887d000 	/System/Library/Frameworks/JavaVM.framework/Versions/A/JavaVM
0x00007fff43dd3000 	/System/Library/Frameworks/Carbon.framework/Versions/A/Carbon
0x00007fff5f350000 	/System/Library/PrivateFrameworks/JavaLaunching.framework/Versions/A/JavaLaunching
0x00007fff43dd4000 	/System/Library/Frameworks/Carbon.framework/Versions/A/Frameworks/CommonPanels.framework/Versions/A/CommonPanels
0x00007fff440de000 	/System/Library/Frameworks/Carbon.framework/Versions/A/Frameworks/Help.framework/Versions/A/Help
0x00007fff440e2000 	/System/Library/Frameworks/Carbon.framework/Versions/A/Frameworks/ImageCapture.framework/Versions/A/ImageCapture
0x00007fff4417e000 	/System/Library/Frameworks/Carbon.framework/Versions/A/Frameworks/OpenScripting.framework/Versions/A/OpenScripting
0x00007fff441b9000 	/System/Library/Frameworks/Carbon.framework/Versions/A/Frameworks/Print.framework/Versions/A/Print
0x00007fff441bb000 	/System/Library/Frameworks/Carbon.framework/Versions/A/Frameworks/SecurityHI.framework/Versions/A/SecurityHI
0x0000000113f7b000 	/Applications/IntelliJ IDEA CE.app/Contents/jbr/Contents/Home/lib/libawt_lwawt.dylib
0x00000001140a4000 	/Applications/IntelliJ IDEA CE.app/Contents/jbr/Contents/Home/lib/./libosxapp.dylib
0x00007fff46bd5000 	/System/Library/Frameworks/ExceptionHandling.framework/Versions/A/ExceptionHandling
0x00000001140ce000 	/Applications/IntelliJ IDEA CE.app/Contents/jbr/Contents/Home/lib/libfontmanager.dylib
0x00000001141c9000 	/Applications/IntelliJ IDEA CE.app/Contents/jbr/Contents/Home/lib/./libfreetype.dylib
0x00007fff585c8000 	/System/Library/PrivateFrameworks/CoreServicesInternal.framework/Versions/A/CoreServicesInternal
0x00007fff3d04b000 	/System/Library/CoreServices/RawCamera.bundle/Contents/MacOS/RawCamera
0x00007fff60317000 	/System/Library/PrivateFrameworks/MobileAsset.framework/Versions/A/MobileAsset
0x00007fff67747000 	/System/Library/PrivateFrameworks/StreamingZip.framework/Versions/A/StreamingZip
0x00007fff48c11000 	/System/Library/Frameworks/MediaToolbox.framework/Versions/A/MediaToolbox
0x00007fff578c2000 	/System/Library/PrivateFrameworks/CoreAVCHD.framework/Versions/A/CoreAVCHD
0x00007fff48b5a000 	/System/Library/Frameworks/MediaAccessibility.framework/Versions/A/MediaAccessibility
0x00007fff5fd92000 	/System/Library/PrivateFrameworks/Mangrove.framework/Versions/A/Mangrove
0x00007fff45acd000 	/System/Library/Frameworks/CoreMedia.framework/Versions/A/CoreMedia
0x00007fff512d6000 	/System/Library/Frameworks/VideoToolbox.framework/Versions/A/VideoToolbox
0x00007fff574b9000 	/System/Library/PrivateFrameworks/CoreAUC.framework/Versions/A/CoreAUC
0x00007fff6c36f000 	/usr/lib/libspindump.dylib
0x00007fff54fd3000 	/System/Library/PrivateFrameworks/AppleVA.framework/Versions/A/AppleVA
0x00007fff4100e000 	/System/Library/Frameworks/Accelerate.framework/Versions/A/Frameworks/vImage.framework/Versions/A/Libraries/libCGInterfaces.dylib
0x00007fff43236000 	/System/Library/Frameworks/ApplicationServices.framework/Versions/A/Frameworks/ATS.framework/Versions/A/Resources/libTrueTypeScaler.dylib
0x00007fff3e9a8000 	/System/Library/Extensions/AppleIntelHD5000GraphicsMTLDriver.bundle/Contents/MacOS/AppleIntelHD5000GraphicsMTLDriver
0x00007fff5bfa2000 	/System/Library/PrivateFrameworks/GPUCompiler.framework/Versions/3802/Libraries/libmetal_timestamp.dylib
0x0000000114a63000 	/Applications/IntelliJ IDEA CE.app/Contents/jbr/Contents/Home/lib/libosx.dylib
0x00007fff4f047000 	/System/Library/Frameworks/OpenGL.framework/Versions/A/Resources/GLEngine.bundle/GLEngine
0x00007fff4e513000 	/System/Library/Frameworks/OpenGL.framework/Versions/A/Libraries/libGLProgrammability.dylib
0x0000000118631000 	/System/Library/Extensions/AppleIntelHD5000GraphicsGLDriver.bundle/Contents/MacOS/AppleIntelHD5000GraphicsGLDriver
0x00007fff5d602000 	/System/Library/PrivateFrameworks/GPUSupport.framework/Versions/A/Libraries/libGPUSupportMercury.dylib
0x00007fff4f1df000 	/System/Library/Frameworks/OpenGL.framework/Versions/A/Resources/GLRendererFloat.bundle/GLRendererFloat
0x00007fff4d2a8000 	/System/Library/Frameworks/OpenCL.framework/Versions/A/Libraries/libcldcpuengine.dylib
0x00007fff6aec5000 	/usr/lib/libcrypto.35.dylib
0x00007fff687b6000 	/System/Library/PrivateFrameworks/TrustEvaluationAgent.framework/Versions/A/TrustEvaluationAgent
0x00007fff69642000 	/System/Library/PrivateFrameworks/ViewBridge.framework/Versions/A/ViewBridge
0x0000000119810000 	/private/var/folders/6d/c05m1cpd2gg0_vssvks1l4z40000gq/T/libgdxkid/ccbdf3b/libgdx64.dylib
0x0000000119848000 	/private/var/folders/6d/c05m1cpd2gg0_vssvks1l4z40000gq/T/libgdxkid/f7649394/liblwjgl.dylib
0x00000001198ca000 	/Applications/IntelliJ IDEA CE.app/Contents/jbr/Contents/Home/lib/libjawt.dylib
0x00000001198d7000 	/var/folders/6d/c05m1cpd2gg0_vssvks1l4z40000gq/T/libgdxkid/f7649394/openal.dylib
0x000000011995a000 	/System/Library/Components/CoreAudio.component/Contents/MacOS/CoreAudio
0x0000000119ba4000 	/System/Library/Extensions/AppleHDA.kext/Contents/PlugIns/AppleHDAHALPlugIn.bundle/Contents/MacOS/AppleHDAHALPlugIn
0x000000011ad02000 	/private/var/folders/6d/c05m1cpd2gg0_vssvks1l4z40000gq/T/libgdxkid/38faaa28/libgdx-box2d64.dylib
0x00007fff6a0ec000 	/System/Library/PrivateFrameworks/login.framework/Versions/A/login


VM Arguments:
jvm_args: -Dfile.encoding=UTF-8 -Duser.country=CA -Duser.language=en -Duser.variant 
java_command: com.mygdx.game.desktop.DesktopLauncher
java_class_path (initial): /Users/kid/Documents/GitHub/PortalGame/PortalGame/desktop/build/classes/java/main:/Users/kid/Documents/GitHub/PortalGame/PortalGame/desktop/build/resources/main:/Users/kid/.gradle/caches/modules-2/files-2.1/com.badlogicgames.gdx/gdx-tools/1.10.0/d699cf4953fb42a071c7c3feb9b5c45601aa6a4b/gdx-tools-1.10.0.jar:/Users/kid/.gradle/caches/modules-2/files-2.1/com.badlogicgames.gdx/gdx-backend-lwjgl/1.10.0/58ff89d9e4fd8a82591367f187d606e781cacc05/gdx-backend-lwjgl-1.10.0.jar:/Users/kid/.gradle/caches/modules-2/files-2.1/com.badlogicgames.gdx/gdx-platform/1.10.0/9a8fa793d2fd6d360afc6c9e4c1f5583da263b88/gdx-platform-1.10.0-natives-desktop.jar:/Users/kid/.gradle/caches/modules-2/files-2.1/com.badlogicgames.gdx/gdx-box2d-platform/1.10.0/588c4191c5a64ed39365e71484aa37d81c38eb5e/gdx-box2d-platform-1.10.0-natives-desktop.jar:/Users/kid/.gradle/caches/modules-2/files-2.1/com.badlogicgames.gdx/gdx-bullet-platform/1.10.0/ce92e8dfc762523d769cbc50853163c03bf98cf1/gdx-bullet-platform-1.10.0-natives-desktop.jar:/Users/kid/.gradle/caches/modules-2/files-2.1/com.badlogicgames.gdx/gdx-freetype-platform/1.10.0/6e5d28752759e69384f12e4569d2c884ff71352f/gdx-freetype-platform-1.10.0-natives-desktop.jar:/Users/kid/Documents/GitHub/PortalGame/PortalGame/core/build/libs/core-1.0.jar:/Users/kid/.gradle/caches/modules-2/files-2.1/com.badlogicgames.gdx/gdx-backend-headless/1.10.0/990eadbb431197c5b9b816d1659c772e0268e65/gdx-backend-headless-1.10.0.jar:/Users/kid/.gradle/caches/modules-2/files-2.1/com.badlogicgames.gdx/gdx-freetype/1.10.0/de1d0d5c1e92e8d91364256fd6b7bb279d3e9859/gdx-freetype-1.10.0.jar:/Users/kid/.gradle/caches/modules-2/files-2.1/com.badlogicgames.box2dlights/box2dlights/1.5/6902dbcd250c95a27973aa24a147a95b3828d348/box2dlights-1.5.jar:/Users/kid/.gradle/caches/modules-2/files-2.1/com.badlogicgames.gdx/gdx-box2d/1.10.0/b3a3c0f00b90716238835434d0ae8985604c37f8/gdx-box2d-1.10.0.jar:/Users/kid/.gradle/caches/modules-2/files-2.1/com.badlogicgames.ashley/ashley/1.
Launcher Type: SUN_STANDARD

[Global flags]
     intx CICompilerCount                          = 3                                         {product} {ergonomic}
     uint ConcGCThreads                            = 1                                         {product} {ergonomic}
     uint G1ConcRefinementThreads                  = 4                                         {product} {ergonomic}
   size_t G1HeapRegionSize                         = 1048576                                   {product} {ergonomic}
    uintx GCDrainStackTargetSize                   = 64                                        {product} {ergonomic}
   size_t InitialHeapSize                          = 134217728                                 {product} {ergonomic}
   size_t MarkStackSize                            = 4194304                                   {product} {ergonomic}
   size_t MaxHeapSize                              = 2147483648                                {product} {ergonomic}
   size_t MaxNewSize                               = 1287651328                                {product} {ergonomic}
   size_t MinHeapDeltaBytes                        = 1048576                                   {product} {ergonomic}
    uintx NonNMethodCodeHeapSize                   = 5830732                                {pd product} {ergonomic}
    uintx NonProfiledCodeHeapSize                  = 122913754                              {pd product} {ergonomic}
    uintx ProfiledCodeHeapSize                     = 122913754                              {pd product} {ergonomic}
    uintx ReservedCodeCacheSize                    = 251658240                              {pd product} {ergonomic}
     bool SegmentedCodeCache                       = true                                      {product} {ergonomic}
     bool UseCompressedClassPointers               = true                                 {lp64_product} {ergonomic}
     bool UseCompressedOops                        = true                                 {lp64_product} {ergonomic}
     bool UseG1GC                                  = true                                      {product} {ergonomic}

Logging:
Log output configuration:
 #0: stdout all=warning uptime,level,tags
 #1: stderr all=off uptime,level,tags

Environment Variables:
PATH=/usr/bin:/bin:/usr/sbin:/sbin:/usr/local/bin:/Library/Frameworks/Mono.framework/Versions/Current/Commands
SHELL=/bin/bash
LC_CTYPE=en_CA.UTF-8

Signal Handlers:
SIGSEGV: [libjvm.dylib+0x75958c], sa_mask[0]=11111111011111110111111111111111, sa_flags=SA_ONSTACK|SA_RESTART|SA_SIGINFO
SIGBUS: [libjvm.dylib+0x75958c], sa_mask[0]=11111111011111110111111111111111, sa_flags=SA_RESTART|SA_SIGINFO
SIGFPE: [libjvm.dylib+0x75958c], sa_mask[0]=11111111011111110111111111111111, sa_flags=SA_RESTART|SA_SIGINFO
SIGPIPE: [libjvm.dylib+0x617660], sa_mask[0]=11111111011111110111111111111111, sa_flags=SA_RESTART|SA_SIGINFO
SIGXFSZ: [libjvm.dylib+0x617660], sa_mask[0]=11111111011111110111111111111111, sa_flags=SA_RESTART|SA_SIGINFO
SIGILL: [libjvm.dylib+0x75958c], sa_mask[0]=11111111011111110111111111111111, sa_flags=SA_RESTART|SA_SIGINFO
SIGUSR2: [libjvm.dylib+0x617c36], sa_mask[0]=00100000000000000000000000000000, sa_flags=SA_RESTART|SA_SIGINFO
SIGHUP: [libjvm.dylib+0x61678d], sa_mask[0]=11111111011111110111111111111111, sa_flags=SA_RESTART|SA_SIGINFO
SIGINT: [libjvm.dylib+0x61678d], sa_mask[0]=11111111011111110111111111111111, sa_flags=SA_RESTART|SA_SIGINFO
SIGTERM: [libjvm.dylib+0x61678d], sa_mask[0]=11111111011111110111111111111111, sa_flags=SA_RESTART|SA_SIGINFO
SIGQUIT: [libjvm.dylib+0x61678d], sa_mask[0]=11111111011111110111111111111111, sa_flags=SA_RESTART|SA_SIGINFO


---------------  S Y S T E M  ---------------

OS:uname:Darwin 17.7.0 Darwin Kernel Version 17.7.0: Fri Oct 30 13:34:27 PDT 2020; root:xnu-4570.71.82.8~1/RELEASE_X86_64 x86_64
OS uptime: 10 days 13:09 hours
rlimit (soft/hard): STACK 8192k/65532k , CORE 0k/infinity , NPROC 709/1064 , NOFILE 10240/infinity , AS infinity/infinity , CPU infinity/infinity , DATA infinity/infinity , FSIZE infinity/infinity , MEMLOCK infinity/infinity , RSS infinity/infinity
load average:2.89 3.72 4.39

CPU:total 4 (initial active 4) (2 cores per cpu, 2 threads per core) family 6 model 69 stepping 1 microcode 0x26, cmov, cx8, fxsr, mmx, sse, sse2, sse3, ssse3, sse4.1, sse4.2, popcnt, avx, avx2, aes, clmul, erms, lzcnt, ht, tsc, tscinvbit, bmi1, bmi2, fma

Memory: 4k page, physical 8388608k(181016k free), swap 4194304k(971520k free)

vm_info: OpenJDK 64-Bit Server VM (11.0.13+7-b1751.19) for bsd-amd64 JRE (11.0.13+7-b1751.19), built on Nov  9 2021 11:39:06 by "builduser" with gcc Apple LLVM 12.0.0 (clang-1200.0.32.27)

END.
