#
# A fatal error has been detected by the Java Runtime Environment:
#
#  EXCEPTION_ACCESS_VIOLATION (0xc0000005) at pc=0x0000000066b21607, pid=21296, tid=22328
#
# JRE version: OpenJDK Runtime Environment Zulu15.36+13-CA (15.0.5+3) (build 15.0.5+3-MTS)
# Java VM: OpenJDK 64-Bit Server VM Zulu15.36+13-CA (15.0.5+3-MTS, mixed mode, sharing, tiered, compressed oops, g1 gc, windows-amd64)
# Problematic frame:
# C  [gdx-box2d64.dll+0x21607]
#
# No core dump will be written. Minidumps are not enabled by default on client versions of Windows
#
# If you would like to submit a bug report, please visit:
#   http://www.azul.com/support/
# The crash happened outside the Java Virtual Machine in native code.
# See problematic frame for where to report the bug.
#

---------------  S U M M A R Y ------------

Command Line: -Dfile.encoding=windows-1252 -Duser.country=CA -Duser.language=en -Duser.variant com.mygdx.game.desktop.DesktopLauncher

Host: Intel(R) Core(TM) i7-10700F CPU @ 2.90GHz, 16 cores, 15G,  Windows 10 , 64 bit Build 19041 (10.0.19041.1348)
Time: Wed Dec 22 23:22:30 2021 Eastern Standard Time elapsed time: 3.174476 seconds (0d 0h 0m 3s)

---------------  T H R E A D  ---------------

Current thread (0x000002867e301480):  JavaThread "LWJGL Application" [_thread_in_native, id=22328, stack(0x000000ed2c200000,0x000000ed2c300000)]

Stack: [0x000000ed2c200000,0x000000ed2c300000],  sp=0x000000ed2c2fedc0,  free space=1019k
Native frames: (J=compiled Java code, j=interpreted, Vv=VM code, C=native code)
C  [gdx-box2d64.dll+0x21607]

Java frames: (J=compiled Java code, j=interpreted, Vv=VM code)
j  com.badlogic.gdx.physics.box2d.World.jniDestroyBody(JJ)V+0
j  com.badlogic.gdx.physics.box2d.World.destroyBody(Lcom/badlogic/gdx/physics/box2d/Body;)V+42
j  com.mygdx.game.Entity.dispose()V+8
j  com.mygdx.game.MyGdxGame.dispose()V+82
j  com.badlogic.gdx.backends.lwjgl.LwjglApplication.mainLoop()V+924
j  com.badlogic.gdx.backends.lwjgl.LwjglApplication$1.run()V+27
v  ~StubRoutines::call_stub

siginfo: EXCEPTION_ACCESS_VIOLATION (0xc0000005), reading address 0x000002867f803858


Register to memory mapping:

RIP=0x0000000066b21607 gdx-box2d64.dll
RAX=0x0 is NULL
RBX=0x000002867f803850 is an unknown value
RCX=0x0 is NULL
RDX=0x000002867f7ff840 points into unknown readable memory: 0x000002867f8369a0 | a0 69 83 7f 86 02 00 00
RSP=0x000000ed2c2fedc0 is pointing into the stack for thread: 0x000002867e301480
RBP=0x000002867f7c5280 points into unknown readable memory: 0x0000000000000000 | 00 00 00 00 00 00 00 00
RSI=0x000002867f7abfe0 points into unknown readable memory: 0x0000028656d10150 | 50 01 d1 56 86 02 00 00
RDI=0x000002867f7ff840 points into unknown readable memory: 0x000002867f8369a0 | a0 69 83 7f 86 02 00 00
R8 =0x000002867f7abfe0 points into unknown readable memory: 0x0000028656d10150 | 50 01 d1 56 86 02 00 00
R9 =0x000002867f7ff840 points into unknown readable memory: 0x000002867f8369a0 | a0 69 83 7f 86 02 00 00
R10=0x000002866128f148 is at code_begin+1000 in an Interpreter codelet
method entry point (kind = native)  [0x000002866128ed60, 0x000002866128f7e0]  2688 bytes
R11=0x0000000000000102 is an unknown value
R12=0x000002867f7c5280 points into unknown readable memory: 0x0000000000000000 | 00 00 00 00 00 00 00 00
R13={method} {0x000002867d823ab0} 'jniDestroyBody' '(JJ)V' in 'com/badlogic/gdx/physics/box2d/World'
R14=0x000000ed2c2fef68 is pointing into the stack for thread: 0x000002867e301480
R15=0x000002867e301480 is a thread


Registers:
RAX=0x0000000000000000, RBX=0x000002867f803850, RCX=0x0000000000000000, RDX=0x000002867f7ff840
RSP=0x000000ed2c2fedc0, RBP=0x000002867f7c5280, RSI=0x000002867f7abfe0, RDI=0x000002867f7ff840
R8 =0x000002867f7abfe0, R9 =0x000002867f7ff840, R10=0x000002866128f148, R11=0x0000000000000102
R12=0x000002867f7c5280, R13=0x000002867d823aa8, R14=0x000000ed2c2fef68, R15=0x000002867e301480
RIP=0x0000000066b21607, EFLAGS=0x0000000000010206

Top of Stack: (sp=0x000000ed2c2fedc0)
0x000000ed2c2fedc0:   000002867daa4a70 0000002800000003
0x000000ed2c2fedd0:   000000ed2c2fef28 000002867e301480
0x000000ed2c2fede0:   000002867f7abfe0 000002867f7ff840
0x000000ed2c2fedf0:   0000000000000095 000000ed2c2fef28
0x000000ed2c2fee00:   0000000000000000 0000000066b26a9d
0x000000ed2c2fee10:   000000ed2c2fef28 00007ffee681e3d7
0x000000ed2c2fee20:   000000ed2c2fee40 000002867e30bde0
0x000000ed2c2fee30:   0000000066b487e0 000002867e3017a8
0x000000ed2c2fee40:   000000ed2c2fef68 000002867e301480
0x000000ed2c2fee50:   0000000066b48840 000002867e3017a8
0x000000ed2c2fee60:   000000ed2c2fef68 000002867d823aa8
0x000000ed2c2fee70:   000002867d823aa8 000002867d823aa8
0x000000ed2c2fee80:   0000000000000148 000002866128f177
0x000000ed2c2fee90:   000002867d823aa8 000002867e301480
0x000000ed2c2feea0:   0000000000000095 000002866128ee5c
0x000000ed2c2feeb0:   000002867d823aa8 0000000000000148 

Instructions: (pc=0x0000000066b21607)
0x0000000066b21507:   48 8d 0d 54 34 02 00 41 b8 5a 01 00 00 e8 b7 50
0x0000000066b21517:   01 00 8b 87 34 93 01 00 e9 0d ff ff ff 66 90 66
0x0000000066b21527:   2e 0f 1f 84 00 00 00 00 00 41 54 55 57 56 53 48
0x0000000066b21537:   83 ec 20 8b 81 30 93 01 00 48 89 ce 48 89 d7 85
0x0000000066b21547:   c0 0f 8e 93 01 00 00 f6 86 98 92 01 00 02 0f 85
0x0000000066b21557:   55 01 00 00 48 8b 9f 80 00 00 00 48 85 db 74 3e
0x0000000066b21567:   66 0f 1f 84 00 00 00 00 00 48 8b 8e 48 93 01 00
0x0000000066b21577:   48 8b 6b 18 48 85 c9 74 0a 48 8b 01 48 8b 53 08
0x0000000066b21587:   ff 50 10 48 8b 53 08 48 89 f1 48 89 eb e8 87 fd
0x0000000066b21597:   ff ff 48 85 ed 48 89 af 80 00 00 00 75 cb 48 8b
0x0000000066b215a7:   87 88 00 00 00 48 c7 87 80 00 00 00 00 00 00 00
0x0000000066b215b7:   48 8d ae a0 92 01 00 48 85 c0 74 18 48 8b 58 18
0x0000000066b215c7:   48 8b 50 08 48 89 e9 e8 0d dd ff ff 48 85 db 48
0x0000000066b215d7:   89 d8 75 e8 48 8b 5f 70 48 c7 87 88 00 00 00 00
0x0000000066b215e7:   00 00 00 4c 8d a6 a0 92 01 00 48 85 db 74 5a 66
0x0000000066b215f7:   2e 0f 1f 84 00 00 00 00 00 48 8b 8e 48 93 01 00
0x0000000066b21607:   48 8b 6b 08 48 85 c9 74 09 48 8b 01 48 89 da ff
0x0000000066b21617:   50 18 48 89 d9 4c 89 e2 e8 7c e4 ff ff 48 89 d9
0x0000000066b21627:   48 89 f2 e8 61 e2 ff ff 48 89 da 41 b8 48 00 00
0x0000000066b21637:   00 48 89 f1 e8 60 a7 fe ff 83 6f 78 01 48 85 ed
0x0000000066b21647:   48 89 6f 70 48 89 eb 75 b0 48 8b 47 60 48 c7 47
0x0000000066b21657:   70 00 00 00 00 c7 47 78 00 00 00 00 48 85 c0 74
0x0000000066b21667:   08 48 8b 57 68 48 89 50 68 48 8b 57 68 48 85 d2
0x0000000066b21677:   74 04 48 89 42 60 48 3b be 20 93 01 00 74 7a 83
0x0000000066b21687:   ae 30 93 01 00 01 48 89 f9 e8 cb cc ff ff 41 b8
0x0000000066b21697:   b8 00 00 00 48 89 fa 48 89 f1 48 83 c4 20 5b 5e
0x0000000066b216a7:   5f 5d 41 5c e9 f0 a6 fe ff 48 8d 15 39 32 02 00
0x0000000066b216b7:   48 8d 0d 90 32 02 00 41 b8 86 00 00 00 e8 07 4f
0x0000000066b216c7:   01 00 f6 86 98 92 01 00 02 0f 84 85 fe ff ff 48
0x0000000066b216d7:   83 c4 20 5b 5e 5f 5d 41 5c c3 48 8d 15 08 32 02
0x0000000066b216e7:   00 48 8d 0d 84 32 02 00 41 b8 85 00 00 00 e8 d6
0x0000000066b216f7:   4e 01 00 e9 4f fe ff ff 90 48 89 96 20 93 01 00 


Stack slot to memory mapping:
stack at sp + 0 slots: 0x000002867daa4a70 points into unknown readable memory: 0x00007ffee6ce1b08 | 08 1b ce e6 fe 7f 00 00
stack at sp + 1 slots: 0x0000002800000003 is an unknown value
stack at sp + 2 slots: 0x000000ed2c2fef28 is pointing into the stack for thread: 0x000002867e301480
stack at sp + 3 slots: 0x000002867e301480 is a thread
stack at sp + 4 slots: 0x000002867f7abfe0 points into unknown readable memory: 0x0000028656d10150 | 50 01 d1 56 86 02 00 00
stack at sp + 5 slots: 0x000002867f7ff840 points into unknown readable memory: 0x000002867f8369a0 | a0 69 83 7f 86 02 00 00
stack at sp + 6 slots: 0x0000000000000095 is an unknown value
stack at sp + 7 slots: 0x000000ed2c2fef28 is pointing into the stack for thread: 0x000002867e301480


---------------  P R O C E S S  ---------------

Threads class SMR info:
_java_thread_list=0x000002867db02fb0, length=16, elements={
0x000002867d9c9ab0, 0x000002867d1bc440, 0x000002867d9e4a60, 0x000002867d9e7520,
0x000002867d9e7fd0, 0x000002867d9e9dc0, 0x000002867d9eee70, 0x000002867d9f8130,
0x000002867db08b40, 0x000002867db0b670, 0x000002867db47060, 0x000002867db61560,
0x000002867e301480, 0x0000028658d5f3e0, 0x0000028602392190, 0x000002860267c6d0
}

Java Threads: ( => current thread )
  0x000002867d9c9ab0 JavaThread "Reference Handler" daemon [_thread_blocked, id=23772, stack(0x000000ed2b300000,0x000000ed2b400000)]
  0x000002867d1bc440 JavaThread "Finalizer" daemon [_thread_blocked, id=24656, stack(0x000000ed2b400000,0x000000ed2b500000)]
  0x000002867d9e4a60 JavaThread "Signal Dispatcher" daemon [_thread_blocked, id=16196, stack(0x000000ed2b500000,0x000000ed2b600000)]
  0x000002867d9e7520 JavaThread "Attach Listener" daemon [_thread_blocked, id=6448, stack(0x000000ed2b600000,0x000000ed2b700000)]
  0x000002867d9e7fd0 JavaThread "Service Thread" daemon [_thread_blocked, id=564, stack(0x000000ed2b700000,0x000000ed2b800000)]
  0x000002867d9e9dc0 JavaThread "C2 CompilerThread0" daemon [_thread_blocked, id=22112, stack(0x000000ed2b800000,0x000000ed2b900000)]
  0x000002867d9eee70 JavaThread "C1 CompilerThread0" daemon [_thread_blocked, id=16280, stack(0x000000ed2b900000,0x000000ed2ba00000)]
  0x000002867d9f8130 JavaThread "Sweeper thread" daemon [_thread_blocked, id=22596, stack(0x000000ed2ba00000,0x000000ed2bb00000)]
  0x000002867db08b40 JavaThread "C1 CompilerThread1" daemon [_thread_blocked, id=4612, stack(0x000000ed2bb00000,0x000000ed2bc00000)]
  0x000002867db0b670 JavaThread "C1 CompilerThread2" daemon [_thread_blocked, id=8616, stack(0x000000ed2bc00000,0x000000ed2bd00000)]
  0x000002867db47060 JavaThread "Notification Thread" daemon [_thread_blocked, id=10964, stack(0x000000ed2bd00000,0x000000ed2be00000)]
  0x000002867db61560 JavaThread "Common-Cleaner" daemon [_thread_blocked, id=1432, stack(0x000000ed2bf00000,0x000000ed2c000000)]
=>0x000002867e301480 JavaThread "LWJGL Application" [_thread_in_native, id=22328, stack(0x000000ed2c200000,0x000000ed2c300000)]
  0x0000028658d5f3e0 JavaThread "DestroyJavaVM" [_thread_blocked, id=2764, stack(0x000000ed2ac00000,0x000000ed2ad00000)]
  0x0000028602392190 JavaThread "C1 CompilerThread3" daemon [_thread_blocked, id=25224, stack(0x000000ed2c800000,0x000000ed2c900000)]
  0x000002860267c6d0 JavaThread "LWJGL Timer" daemon [_thread_blocked, id=23544, stack(0x000000ed2ce00000,0x000000ed2cf00000)]

Other Threads:
  0x000002867d9c8230 VMThread "VM Thread" [stack: 0x000000ed2b200000,0x000000ed2b300000] [id=14040]
  0x000002867db48d60 WatcherThread [stack: 0x000000ed2be00000,0x000000ed2bf00000] [id=17872]
  0x0000028658db1d70 GCTaskThread "GC Thread#0" [stack: 0x000000ed2ad00000,0x000000ed2ae00000] [id=25340]
  0x0000028658dc2b40 ConcurrentGCThread "G1 Main Marker" [stack: 0x000000ed2ae00000,0x000000ed2af00000] [id=13068]
  0x0000028658dc4f80 ConcurrentGCThread "G1 Conc#0" [stack: 0x000000ed2af00000,0x000000ed2b000000] [id=5816]
  0x0000028658e30950 ConcurrentGCThread "G1 Refine#0" [stack: 0x000000ed2b000000,0x000000ed2b100000] [id=12396]
  0x0000028658e31550 ConcurrentGCThread "G1 Young RemSet Sampling" [stack: 0x000000ed2b100000,0x000000ed2b200000] [id=7968]

Threads with active compile tasks:

VM state: not at safepoint (normal execution)

VM Mutex/Monitor currently owned by a thread: None

Heap address: 0x0000000703800000, size: 4040 MB, Compressed Oops mode: Zero based, Oop shift amount: 3
CDS archive(s) mapped at: [0x0000000800000000-0x0000000800b50000-0x0000000800b50000), size 11862016, SharedBaseAddress: 0x0000000800000000, ArchiveRelocationMode: 0.
Compressed class space mapped at: 0x0000000800b50000-0x0000000840b50000, size: 1073741824
Narrow klass base: 0x0000000800000000, Narrow klass shift: 3, Narrow klass range: 0x100000000

GC Precious Log:
 CPUs: 16 total, 16 available
 Memory: 16154M
 Large Page Support: Disabled
 NUMA Support: Disabled
 Compressed Oops: Enabled (Zero based)
 Heap Region Size: 2M
 Heap Min Capacity: 8M
 Heap Initial Capacity: 254M
 Heap Max Capacity: 4040M
 Pre-touch: Disabled
 Parallel Workers: 13
 Concurrent Workers: 3
 Concurrent Refinement Workers: 13
 Periodic GC: Disabled

Heap:
 garbage-first heap   total 260096K, used 16384K [0x0000000703800000, 0x0000000800000000)
  region size 2048K, 9 young (18432K), 0 survivors (0K)
 Metaspace       used 4771K, capacity 7774K, committed 8064K, reserved 1056768K
  class space    used 320K, capacity 617K, committed 640K, reserved 1048576K

Heap Regions: E=young(eden), S=young(survivor), O=old, HS=humongous(starts), HC=humongous(continues), CS=collection set, F=free, OA=open archive, CA=closed archive, TAMS=top-at-mark-start (previous, next)
|   0|0x0000000703800000, 0x0000000703800000, 0x0000000703a00000|  0%| F|  |TAMS 0x0000000703800000, 0x0000000703800000| Untracked 
|   1|0x0000000703a00000, 0x0000000703a00000, 0x0000000703c00000|  0%| F|  |TAMS 0x0000000703a00000, 0x0000000703a00000| Untracked 
|   2|0x0000000703c00000, 0x0000000703c00000, 0x0000000703e00000|  0%| F|  |TAMS 0x0000000703c00000, 0x0000000703c00000| Untracked 
|   3|0x0000000703e00000, 0x0000000703e00000, 0x0000000704000000|  0%| F|  |TAMS 0x0000000703e00000, 0x0000000703e00000| Untracked 
|   4|0x0000000704000000, 0x0000000704000000, 0x0000000704200000|  0%| F|  |TAMS 0x0000000704000000, 0x0000000704000000| Untracked 
|   5|0x0000000704200000, 0x0000000704200000, 0x0000000704400000|  0%| F|  |TAMS 0x0000000704200000, 0x0000000704200000| Untracked 
|   6|0x0000000704400000, 0x0000000704400000, 0x0000000704600000|  0%| F|  |TAMS 0x0000000704400000, 0x0000000704400000| Untracked 
|   7|0x0000000704600000, 0x0000000704600000, 0x0000000704800000|  0%| F|  |TAMS 0x0000000704600000, 0x0000000704600000| Untracked 
|   8|0x0000000704800000, 0x0000000704800000, 0x0000000704a00000|  0%| F|  |TAMS 0x0000000704800000, 0x0000000704800000| Untracked 
|   9|0x0000000704a00000, 0x0000000704a00000, 0x0000000704c00000|  0%| F|  |TAMS 0x0000000704a00000, 0x0000000704a00000| Untracked 
|  10|0x0000000704c00000, 0x0000000704c00000, 0x0000000704e00000|  0%| F|  |TAMS 0x0000000704c00000, 0x0000000704c00000| Untracked 
|  11|0x0000000704e00000, 0x0000000704e00000, 0x0000000705000000|  0%| F|  |TAMS 0x0000000704e00000, 0x0000000704e00000| Untracked 
|  12|0x0000000705000000, 0x0000000705000000, 0x0000000705200000|  0%| F|  |TAMS 0x0000000705000000, 0x0000000705000000| Untracked 
|  13|0x0000000705200000, 0x0000000705200000, 0x0000000705400000|  0%| F|  |TAMS 0x0000000705200000, 0x0000000705200000| Untracked 
|  14|0x0000000705400000, 0x0000000705400000, 0x0000000705600000|  0%| F|  |TAMS 0x0000000705400000, 0x0000000705400000| Untracked 
|  15|0x0000000705600000, 0x0000000705600000, 0x0000000705800000|  0%| F|  |TAMS 0x0000000705600000, 0x0000000705600000| Untracked 
|  16|0x0000000705800000, 0x0000000705800000, 0x0000000705a00000|  0%| F|  |TAMS 0x0000000705800000, 0x0000000705800000| Untracked 
|  17|0x0000000705a00000, 0x0000000705a00000, 0x0000000705c00000|  0%| F|  |TAMS 0x0000000705a00000, 0x0000000705a00000| Untracked 
|  18|0x0000000705c00000, 0x0000000705c00000, 0x0000000705e00000|  0%| F|  |TAMS 0x0000000705c00000, 0x0000000705c00000| Untracked 
|  19|0x0000000705e00000, 0x0000000705e00000, 0x0000000706000000|  0%| F|  |TAMS 0x0000000705e00000, 0x0000000705e00000| Untracked 
|  20|0x0000000706000000, 0x0000000706000000, 0x0000000706200000|  0%| F|  |TAMS 0x0000000706000000, 0x0000000706000000| Untracked 
|  21|0x0000000706200000, 0x0000000706200000, 0x0000000706400000|  0%| F|  |TAMS 0x0000000706200000, 0x0000000706200000| Untracked 
|  22|0x0000000706400000, 0x0000000706400000, 0x0000000706600000|  0%| F|  |TAMS 0x0000000706400000, 0x0000000706400000| Untracked 
|  23|0x0000000706600000, 0x0000000706600000, 0x0000000706800000|  0%| F|  |TAMS 0x0000000706600000, 0x0000000706600000| Untracked 
|  24|0x0000000706800000, 0x0000000706800000, 0x0000000706a00000|  0%| F|  |TAMS 0x0000000706800000, 0x0000000706800000| Untracked 
|  25|0x0000000706a00000, 0x0000000706a00000, 0x0000000706c00000|  0%| F|  |TAMS 0x0000000706a00000, 0x0000000706a00000| Untracked 
|  26|0x0000000706c00000, 0x0000000706c00000, 0x0000000706e00000|  0%| F|  |TAMS 0x0000000706c00000, 0x0000000706c00000| Untracked 
|  27|0x0000000706e00000, 0x0000000706e00000, 0x0000000707000000|  0%| F|  |TAMS 0x0000000706e00000, 0x0000000706e00000| Untracked 
|  28|0x0000000707000000, 0x0000000707000000, 0x0000000707200000|  0%| F|  |TAMS 0x0000000707000000, 0x0000000707000000| Untracked 
|  29|0x0000000707200000, 0x0000000707200000, 0x0000000707400000|  0%| F|  |TAMS 0x0000000707200000, 0x0000000707200000| Untracked 
|  30|0x0000000707400000, 0x0000000707400000, 0x0000000707600000|  0%| F|  |TAMS 0x0000000707400000, 0x0000000707400000| Untracked 
|  31|0x0000000707600000, 0x0000000707600000, 0x0000000707800000|  0%| F|  |TAMS 0x0000000707600000, 0x0000000707600000| Untracked 
|  32|0x0000000707800000, 0x0000000707800000, 0x0000000707a00000|  0%| F|  |TAMS 0x0000000707800000, 0x0000000707800000| Untracked 
|  33|0x0000000707a00000, 0x0000000707a00000, 0x0000000707c00000|  0%| F|  |TAMS 0x0000000707a00000, 0x0000000707a00000| Untracked 
|  34|0x0000000707c00000, 0x0000000707c00000, 0x0000000707e00000|  0%| F|  |TAMS 0x0000000707c00000, 0x0000000707c00000| Untracked 
|  35|0x0000000707e00000, 0x0000000707e00000, 0x0000000708000000|  0%| F|  |TAMS 0x0000000707e00000, 0x0000000707e00000| Untracked 
|  36|0x0000000708000000, 0x0000000708000000, 0x0000000708200000|  0%| F|  |TAMS 0x0000000708000000, 0x0000000708000000| Untracked 
|  37|0x0000000708200000, 0x0000000708200000, 0x0000000708400000|  0%| F|  |TAMS 0x0000000708200000, 0x0000000708200000| Untracked 
|  38|0x0000000708400000, 0x0000000708400000, 0x0000000708600000|  0%| F|  |TAMS 0x0000000708400000, 0x0000000708400000| Untracked 
|  39|0x0000000708600000, 0x0000000708600000, 0x0000000708800000|  0%| F|  |TAMS 0x0000000708600000, 0x0000000708600000| Untracked 
|  40|0x0000000708800000, 0x0000000708800000, 0x0000000708a00000|  0%| F|  |TAMS 0x0000000708800000, 0x0000000708800000| Untracked 
|  41|0x0000000708a00000, 0x0000000708a00000, 0x0000000708c00000|  0%| F|  |TAMS 0x0000000708a00000, 0x0000000708a00000| Untracked 
|  42|0x0000000708c00000, 0x0000000708c00000, 0x0000000708e00000|  0%| F|  |TAMS 0x0000000708c00000, 0x0000000708c00000| Untracked 
|  43|0x0000000708e00000, 0x0000000708e00000, 0x0000000709000000|  0%| F|  |TAMS 0x0000000708e00000, 0x0000000708e00000| Untracked 
|  44|0x0000000709000000, 0x0000000709000000, 0x0000000709200000|  0%| F|  |TAMS 0x0000000709000000, 0x0000000709000000| Untracked 
|  45|0x0000000709200000, 0x0000000709200000, 0x0000000709400000|  0%| F|  |TAMS 0x0000000709200000, 0x0000000709200000| Untracked 
|  46|0x0000000709400000, 0x0000000709400000, 0x0000000709600000|  0%| F|  |TAMS 0x0000000709400000, 0x0000000709400000| Untracked 
|  47|0x0000000709600000, 0x0000000709600000, 0x0000000709800000|  0%| F|  |TAMS 0x0000000709600000, 0x0000000709600000| Untracked 
|  48|0x0000000709800000, 0x0000000709800000, 0x0000000709a00000|  0%| F|  |TAMS 0x0000000709800000, 0x0000000709800000| Untracked 
|  49|0x0000000709a00000, 0x0000000709a00000, 0x0000000709c00000|  0%| F|  |TAMS 0x0000000709a00000, 0x0000000709a00000| Untracked 
|  50|0x0000000709c00000, 0x0000000709c00000, 0x0000000709e00000|  0%| F|  |TAMS 0x0000000709c00000, 0x0000000709c00000| Untracked 
|  51|0x0000000709e00000, 0x0000000709e00000, 0x000000070a000000|  0%| F|  |TAMS 0x0000000709e00000, 0x0000000709e00000| Untracked 
|  52|0x000000070a000000, 0x000000070a000000, 0x000000070a200000|  0%| F|  |TAMS 0x000000070a000000, 0x000000070a000000| Untracked 
|  53|0x000000070a200000, 0x000000070a200000, 0x000000070a400000|  0%| F|  |TAMS 0x000000070a200000, 0x000000070a200000| Untracked 
|  54|0x000000070a400000, 0x000000070a400000, 0x000000070a600000|  0%| F|  |TAMS 0x000000070a400000, 0x000000070a400000| Untracked 
|  55|0x000000070a600000, 0x000000070a600000, 0x000000070a800000|  0%| F|  |TAMS 0x000000070a600000, 0x000000070a600000| Untracked 
|  56|0x000000070a800000, 0x000000070a800000, 0x000000070aa00000|  0%| F|  |TAMS 0x000000070a800000, 0x000000070a800000| Untracked 
|  57|0x000000070aa00000, 0x000000070aa00000, 0x000000070ac00000|  0%| F|  |TAMS 0x000000070aa00000, 0x000000070aa00000| Untracked 
|  58|0x000000070ac00000, 0x000000070ac00000, 0x000000070ae00000|  0%| F|  |TAMS 0x000000070ac00000, 0x000000070ac00000| Untracked 
|  59|0x000000070ae00000, 0x000000070ae00000, 0x000000070b000000|  0%| F|  |TAMS 0x000000070ae00000, 0x000000070ae00000| Untracked 
|  60|0x000000070b000000, 0x000000070b000000, 0x000000070b200000|  0%| F|  |TAMS 0x000000070b000000, 0x000000070b000000| Untracked 
|  61|0x000000070b200000, 0x000000070b200000, 0x000000070b400000|  0%| F|  |TAMS 0x000000070b200000, 0x000000070b200000| Untracked 
|  62|0x000000070b400000, 0x000000070b400000, 0x000000070b600000|  0%| F|  |TAMS 0x000000070b400000, 0x000000070b400000| Untracked 
|  63|0x000000070b600000, 0x000000070b600000, 0x000000070b800000|  0%| F|  |TAMS 0x000000070b600000, 0x000000070b600000| Untracked 
|  64|0x000000070b800000, 0x000000070b800000, 0x000000070ba00000|  0%| F|  |TAMS 0x000000070b800000, 0x000000070b800000| Untracked 
|  65|0x000000070ba00000, 0x000000070ba00000, 0x000000070bc00000|  0%| F|  |TAMS 0x000000070ba00000, 0x000000070ba00000| Untracked 
|  66|0x000000070bc00000, 0x000000070bc00000, 0x000000070be00000|  0%| F|  |TAMS 0x000000070bc00000, 0x000000070bc00000| Untracked 
|  67|0x000000070be00000, 0x000000070be00000, 0x000000070c000000|  0%| F|  |TAMS 0x000000070be00000, 0x000000070be00000| Untracked 
|  68|0x000000070c000000, 0x000000070c000000, 0x000000070c200000|  0%| F|  |TAMS 0x000000070c000000, 0x000000070c000000| Untracked 
|  69|0x000000070c200000, 0x000000070c200000, 0x000000070c400000|  0%| F|  |TAMS 0x000000070c200000, 0x000000070c200000| Untracked 
|  70|0x000000070c400000, 0x000000070c400000, 0x000000070c600000|  0%| F|  |TAMS 0x000000070c400000, 0x000000070c400000| Untracked 
|  71|0x000000070c600000, 0x000000070c600000, 0x000000070c800000|  0%| F|  |TAMS 0x000000070c600000, 0x000000070c600000| Untracked 
|  72|0x000000070c800000, 0x000000070c800000, 0x000000070ca00000|  0%| F|  |TAMS 0x000000070c800000, 0x000000070c800000| Untracked 
|  73|0x000000070ca00000, 0x000000070ca00000, 0x000000070cc00000|  0%| F|  |TAMS 0x000000070ca00000, 0x000000070ca00000| Untracked 
|  74|0x000000070cc00000, 0x000000070cc00000, 0x000000070ce00000|  0%| F|  |TAMS 0x000000070cc00000, 0x000000070cc00000| Untracked 
|  75|0x000000070ce00000, 0x000000070ce00000, 0x000000070d000000|  0%| F|  |TAMS 0x000000070ce00000, 0x000000070ce00000| Untracked 
|  76|0x000000070d000000, 0x000000070d000000, 0x000000070d200000|  0%| F|  |TAMS 0x000000070d000000, 0x000000070d000000| Untracked 
|  77|0x000000070d200000, 0x000000070d200000, 0x000000070d400000|  0%| F|  |TAMS 0x000000070d200000, 0x000000070d200000| Untracked 
|  78|0x000000070d400000, 0x000000070d400000, 0x000000070d600000|  0%| F|  |TAMS 0x000000070d400000, 0x000000070d400000| Untracked 
|  79|0x000000070d600000, 0x000000070d600000, 0x000000070d800000|  0%| F|  |TAMS 0x000000070d600000, 0x000000070d600000| Untracked 
|  80|0x000000070d800000, 0x000000070d800000, 0x000000070da00000|  0%| F|  |TAMS 0x000000070d800000, 0x000000070d800000| Untracked 
|  81|0x000000070da00000, 0x000000070da00000, 0x000000070dc00000|  0%| F|  |TAMS 0x000000070da00000, 0x000000070da00000| Untracked 
|  82|0x000000070dc00000, 0x000000070dc00000, 0x000000070de00000|  0%| F|  |TAMS 0x000000070dc00000, 0x000000070dc00000| Untracked 
|  83|0x000000070de00000, 0x000000070de00000, 0x000000070e000000|  0%| F|  |TAMS 0x000000070de00000, 0x000000070de00000| Untracked 
|  84|0x000000070e000000, 0x000000070e000000, 0x000000070e200000|  0%| F|  |TAMS 0x000000070e000000, 0x000000070e000000| Untracked 
|  85|0x000000070e200000, 0x000000070e200000, 0x000000070e400000|  0%| F|  |TAMS 0x000000070e200000, 0x000000070e200000| Untracked 
|  86|0x000000070e400000, 0x000000070e400000, 0x000000070e600000|  0%| F|  |TAMS 0x000000070e400000, 0x000000070e400000| Untracked 
|  87|0x000000070e600000, 0x000000070e600000, 0x000000070e800000|  0%| F|  |TAMS 0x000000070e600000, 0x000000070e600000| Untracked 
|  88|0x000000070e800000, 0x000000070e800000, 0x000000070ea00000|  0%| F|  |TAMS 0x000000070e800000, 0x000000070e800000| Untracked 
|  89|0x000000070ea00000, 0x000000070ea00000, 0x000000070ec00000|  0%| F|  |TAMS 0x000000070ea00000, 0x000000070ea00000| Untracked 
|  90|0x000000070ec00000, 0x000000070ec00000, 0x000000070ee00000|  0%| F|  |TAMS 0x000000070ec00000, 0x000000070ec00000| Untracked 
|  91|0x000000070ee00000, 0x000000070ee00000, 0x000000070f000000|  0%| F|  |TAMS 0x000000070ee00000, 0x000000070ee00000| Untracked 
|  92|0x000000070f000000, 0x000000070f000000, 0x000000070f200000|  0%| F|  |TAMS 0x000000070f000000, 0x000000070f000000| Untracked 
|  93|0x000000070f200000, 0x000000070f200000, 0x000000070f400000|  0%| F|  |TAMS 0x000000070f200000, 0x000000070f200000| Untracked 
|  94|0x000000070f400000, 0x000000070f400000, 0x000000070f600000|  0%| F|  |TAMS 0x000000070f400000, 0x000000070f400000| Untracked 
|  95|0x000000070f600000, 0x000000070f600000, 0x000000070f800000|  0%| F|  |TAMS 0x000000070f600000, 0x000000070f600000| Untracked 
|  96|0x000000070f800000, 0x000000070f800000, 0x000000070fa00000|  0%| F|  |TAMS 0x000000070f800000, 0x000000070f800000| Untracked 
|  97|0x000000070fa00000, 0x000000070fa00000, 0x000000070fc00000|  0%| F|  |TAMS 0x000000070fa00000, 0x000000070fa00000| Untracked 
|  98|0x000000070fc00000, 0x000000070fc00000, 0x000000070fe00000|  0%| F|  |TAMS 0x000000070fc00000, 0x000000070fc00000| Untracked 
|  99|0x000000070fe00000, 0x000000070fe00000, 0x0000000710000000|  0%| F|  |TAMS 0x000000070fe00000, 0x000000070fe00000| Untracked 
| 100|0x0000000710000000, 0x0000000710000000, 0x0000000710200000|  0%| F|  |TAMS 0x0000000710000000, 0x0000000710000000| Untracked 
| 101|0x0000000710200000, 0x0000000710200000, 0x0000000710400000|  0%| F|  |TAMS 0x0000000710200000, 0x0000000710200000| Untracked 
| 102|0x0000000710400000, 0x0000000710400000, 0x0000000710600000|  0%| F|  |TAMS 0x0000000710400000, 0x0000000710400000| Untracked 
| 103|0x0000000710600000, 0x0000000710600000, 0x0000000710800000|  0%| F|  |TAMS 0x0000000710600000, 0x0000000710600000| Untracked 
| 104|0x0000000710800000, 0x0000000710800000, 0x0000000710a00000|  0%| F|  |TAMS 0x0000000710800000, 0x0000000710800000| Untracked 
| 105|0x0000000710a00000, 0x0000000710a00000, 0x0000000710c00000|  0%| F|  |TAMS 0x0000000710a00000, 0x0000000710a00000| Untracked 
| 106|0x0000000710c00000, 0x0000000710c00000, 0x0000000710e00000|  0%| F|  |TAMS 0x0000000710c00000, 0x0000000710c00000| Untracked 
| 107|0x0000000710e00000, 0x0000000710e00000, 0x0000000711000000|  0%| F|  |TAMS 0x0000000710e00000, 0x0000000710e00000| Untracked 
| 108|0x0000000711000000, 0x0000000711000000, 0x0000000711200000|  0%| F|  |TAMS 0x0000000711000000, 0x0000000711000000| Untracked 
| 109|0x0000000711200000, 0x0000000711200000, 0x0000000711400000|  0%| F|  |TAMS 0x0000000711200000, 0x0000000711200000| Untracked 
| 110|0x0000000711400000, 0x0000000711400000, 0x0000000711600000|  0%| F|  |TAMS 0x0000000711400000, 0x0000000711400000| Untracked 
| 111|0x0000000711600000, 0x0000000711600000, 0x0000000711800000|  0%| F|  |TAMS 0x0000000711600000, 0x0000000711600000| Untracked 
| 112|0x0000000711800000, 0x0000000711800000, 0x0000000711a00000|  0%| F|  |TAMS 0x0000000711800000, 0x0000000711800000| Untracked 
| 113|0x0000000711a00000, 0x0000000711a00000, 0x0000000711c00000|  0%| F|  |TAMS 0x0000000711a00000, 0x0000000711a00000| Untracked 
| 114|0x0000000711c00000, 0x0000000711c00000, 0x0000000711e00000|  0%| F|  |TAMS 0x0000000711c00000, 0x0000000711c00000| Untracked 
| 115|0x0000000711e00000, 0x0000000711e00000, 0x0000000712000000|  0%| F|  |TAMS 0x0000000711e00000, 0x0000000711e00000| Untracked 
| 116|0x0000000712000000, 0x0000000712000000, 0x0000000712200000|  0%| F|  |TAMS 0x0000000712000000, 0x0000000712000000| Untracked 
| 117|0x0000000712200000, 0x0000000712200000, 0x0000000712400000|  0%| F|  |TAMS 0x0000000712200000, 0x0000000712200000| Untracked 
| 118|0x0000000712400000, 0x00000007124e22a0, 0x0000000712600000| 44%| E|  |TAMS 0x0000000712400000, 0x0000000712400000| Complete 
| 119|0x0000000712600000, 0x0000000712800000, 0x0000000712800000|100%| E|CS|TAMS 0x0000000712600000, 0x0000000712600000| Complete 
| 120|0x0000000712800000, 0x0000000712a00000, 0x0000000712a00000|100%| E|CS|TAMS 0x0000000712800000, 0x0000000712800000| Complete 
| 121|0x0000000712a00000, 0x0000000712c00000, 0x0000000712c00000|100%| E|CS|TAMS 0x0000000712a00000, 0x0000000712a00000| Complete 
| 122|0x0000000712c00000, 0x0000000712e00000, 0x0000000712e00000|100%| E|CS|TAMS 0x0000000712c00000, 0x0000000712c00000| Complete 
| 123|0x0000000712e00000, 0x0000000713000000, 0x0000000713000000|100%| E|CS|TAMS 0x0000000712e00000, 0x0000000712e00000| Complete 
| 124|0x0000000713000000, 0x0000000713200000, 0x0000000713200000|100%| E|CS|TAMS 0x0000000713000000, 0x0000000713000000| Complete 
| 125|0x0000000713200000, 0x0000000713400000, 0x0000000713400000|100%| E|CS|TAMS 0x0000000713200000, 0x0000000713200000| Complete 
| 126|0x0000000713400000, 0x0000000713600000, 0x0000000713600000|100%| E|CS|TAMS 0x0000000713400000, 0x0000000713400000| Complete 

Card table byte_map: [0x0000028671300000,0x0000028671af0000] _byte_map_base: 0x000002866dae4000

Marking Bits (Prev, Next): (CMBitMap*) 0x0000028658db2560, (CMBitMap*) 0x0000028658db25a0
 Prev Bits: [0x00000286722e0000, 0x0000028676200000)
 Next Bits: [0x0000028676200000, 0x000002867a120000)

Polling page: 0x0000028658540000

Metaspace:

Usage:
  Non-class:      6.99 MB capacity,     4.35 MB ( 62%) used,     2.64 MB ( 38%) free+waste,     3.38 KB ( <1%) overhead. 
      Class:    617.00 KB capacity,   320.84 KB ( 52%) used,   295.34 KB ( 48%) free+waste,   832 bytes ( <1%) overhead. 
       Both:      7.59 MB capacity,     4.66 MB ( 61%) used,     2.93 MB ( 39%) free+waste,     4.19 KB ( <1%) overhead. 

Virtual space:
  Non-class space:        8.00 MB reserved,       7.25 MB ( 91%) committed 
      Class space:        1.00 GB reserved,     640.00 KB ( <1%) committed 
             Both:        1.01 GB reserved,       7.88 MB ( <1%) committed 

Chunk freelists:
   Non-Class:  139.00 KB
       Class:  23.00 KB
        Both:  162.00 KB

MaxMetaspaceSize: 17179869184.00 GB
CompressedClassSpaceSize: 1.00 GB

CodeHeap 'non-profiled nmethods': size=119168Kb used=333Kb max_used=333Kb free=118834Kb
 bounds [0x0000028668e20000, 0x0000028669090000, 0x0000028670280000]
CodeHeap 'profiled nmethods': size=119104Kb used=1776Kb max_used=1776Kb free=117327Kb
 bounds [0x00000286619d0000, 0x0000028661c40000, 0x0000028668e20000]
CodeHeap 'non-nmethods': size=7488Kb used=2978Kb max_used=3000Kb free=4509Kb
 bounds [0x0000028661280000, 0x0000028661580000, 0x00000286619d0000]
 total_blobs=1632 nmethods=1051 adapters=491
 compilation: enabled
              stopped_count=0, restarted_count=0
 full_count=0

Compilation events (20 events):
Event: 3.104 Thread 0x000002867db08b40 nmethod 1037 0x0000028668e72b90 code [0x0000028668e72d20, 0x0000028668e72dd8]
Event: 3.104 Thread 0x0000028602392190 nmethod 1038 0x0000028661b88610 code [0x0000028661b887c0, 0x0000028661b888e8]
Event: 3.104 Thread 0x000002867d9eee70 nmethod 1040 0x0000028661b88990 code [0x0000028661b88b40, 0x0000028661b88d68]
Event: 3.104 Thread 0x000002867db0b670 nmethod 1042 0x0000028661b88e10 code [0x0000028661b890a0, 0x0000028661b89cc8]
Event: 3.105 Thread 0x000002867db0b670 1043       3       com.badlogic.gdx.utils.IntArray::clear (6 bytes)
Event: 3.105 Thread 0x000002867db0b670 nmethod 1043 0x0000028661b8a110 code [0x0000028661b8a2a0, 0x0000028661b8a398]
Event: 3.119 Thread 0x000002867d9eee70 1044       3       com.badlogic.gdx.physics.box2d.Body::getPosition (43 bytes)
Event: 3.119 Thread 0x0000028602392190 1046       3       com.badlogic.gdx.graphics.glutils.VertexBufferObject::setVertices (38 bytes)
Event: 3.119 Thread 0x000002867db08b40 1047       3       com.badlogic.gdx.graphics.glutils.VertexBufferObject::bufferChanged (38 bytes)
Event: 3.119 Thread 0x000002867db0b670 1048       3       com.badlogic.gdx.graphics.glutils.IndexBufferObject::getNumMaxIndices (19 bytes)
Event: 3.119 Thread 0x000002867db0b670 nmethod 1048 0x0000028661b8a410 code [0x0000028661b8a5a0, 0x0000028661b8a738]
Event: 3.119 Thread 0x000002867d9eee70 nmethod 1044 0x0000028661b8a810 code [0x0000028661b8a9c0, 0x0000028661b8ab88]
Event: 3.119 Thread 0x000002867db0b670 1049       3       com.badlogic.gdx.graphics.Mesh::getNumVertices (10 bytes)
Event: 3.119 Thread 0x000002867d9eee70 1050       3       com.badlogic.gdx.graphics.glutils.VertexBufferObject::getNumVertices (18 bytes)
Event: 3.119 Thread 0x0000028602392190 nmethod 1046 0x0000028661b8ad10 code [0x0000028661b8af00, 0x0000028661b8b3b8]
Event: 3.119 Thread 0x000002867db0b670 nmethod 1049 0x0000028661b8b610 code [0x0000028661b8b7c0, 0x0000028661b8b988]
Event: 3.119 Thread 0x000002867d9eee70 nmethod 1050 0x0000028661b8ba90 code [0x0000028661b8bc20, 0x0000028661b8bd78]
Event: 3.119 Thread 0x000002867db08b40 nmethod 1047 0x0000028661b8be90 code [0x0000028661b8c040, 0x0000028661b8c268]
Event: 3.170 Thread 0x000002867d9e9dc0 1051       4       java.nio.HeapByteBuffer::ix (7 bytes)
Event: 3.170 Thread 0x000002867d9e9dc0 nmethod 1051 0x0000028668e73290 code [0x0000028668e73400, 0x0000028668e73478]

GC Heap History (0 events):
No events

Deoptimization events (20 events):
Event: 0.835 Thread 0x000002867e301480 DEOPT PACKING pc=0x0000028661aefe8b sp=0x000000ed2c2fea90
Event: 0.835 Thread 0x000002867e301480 DEOPT UNPACKING pc=0x00000286612ce23f sp=0x000000ed2c2fe078 mode 0
Event: 0.868 Thread 0x000002867e301480 DEOPT PACKING pc=0x0000028661b007d3 sp=0x000000ed2c2fe940
Event: 0.868 Thread 0x000002867e301480 DEOPT UNPACKING pc=0x00000286612ce23f sp=0x000000ed2c2fdef8 mode 0
Event: 0.869 Thread 0x000002867e301480 DEOPT PACKING pc=0x0000028661aefe8b sp=0x000000ed2c2fe910
Event: 0.869 Thread 0x000002867e301480 DEOPT UNPACKING pc=0x00000286612ce23f sp=0x000000ed2c2fdef8 mode 0
Event: 0.869 Thread 0x000002867e301480 DEOPT PACKING pc=0x0000028661aefe8b sp=0x000000ed2c2fe910
Event: 0.869 Thread 0x000002867e301480 DEOPT UNPACKING pc=0x00000286612ce23f sp=0x000000ed2c2fdef8 mode 0
Event: 1.119 Thread 0x000002867e301480 DEOPT PACKING pc=0x0000028661b3d687 sp=0x000000ed2c2fee20
Event: 1.119 Thread 0x000002867e301480 DEOPT UNPACKING pc=0x00000286612ce23f sp=0x000000ed2c2fe248 mode 0
Event: 1.136 Thread 0x000002867e301480 DEOPT PACKING pc=0x0000028661b3d687 sp=0x000000ed2c2fee20
Event: 1.136 Thread 0x000002867e301480 DEOPT UNPACKING pc=0x00000286612ce23f sp=0x000000ed2c2fe248 mode 0
Event: 1.153 Thread 0x000002867e301480 DEOPT PACKING pc=0x0000028661b3d687 sp=0x000000ed2c2fee20
Event: 1.153 Thread 0x000002867e301480 DEOPT UNPACKING pc=0x00000286612ce23f sp=0x000000ed2c2fe248 mode 0
Event: 1.169 Thread 0x000002867e301480 DEOPT PACKING pc=0x0000028661b3d687 sp=0x000000ed2c2fee20
Event: 1.169 Thread 0x000002867e301480 DEOPT UNPACKING pc=0x00000286612ce23f sp=0x000000ed2c2fe248 mode 0
Event: 1.186 Thread 0x000002867e301480 DEOPT PACKING pc=0x0000028661b3d687 sp=0x000000ed2c2fee20
Event: 1.186 Thread 0x000002867e301480 DEOPT UNPACKING pc=0x00000286612ce23f sp=0x000000ed2c2fe248 mode 0
Event: 1.203 Thread 0x000002867e301480 DEOPT PACKING pc=0x0000028661b3d687 sp=0x000000ed2c2fee20
Event: 1.203 Thread 0x000002867e301480 DEOPT UNPACKING pc=0x00000286612ce23f sp=0x000000ed2c2fe248 mode 0

Classes unloaded (0 events):
No events

Classes redefined (0 events):
No events

Internal exceptions (1 events):
Event: 0.480 Thread 0x000002867e301480 Exception <a 'org/lwjgl/LWJGLException'{0x0000000712e8fa80}: Failed to set device gamma.> (0x0000000712e8fa80) 
thrown [./src/hotspot/share/prims/jni.cpp, line 599]

Events (20 events):
Event: 1.032 Thread 0x00000286026efa70 Thread exited: 0x00000286026efa70
Event: 1.034 Thread 0x000002860245d8f0 Thread exited: 0x000002860245d8f0
Event: 1.086 Executing VM operation: HandshakeAllThreads
Event: 1.086 Executing VM operation: HandshakeAllThreads done
Event: 1.087 Loaded shared library C:\Users\dougl\AppData\Local\Temp\libgdxdougl\1cecf4f6\lwjgl64.dll
Event: 1.088 Loaded shared library C:\Users\dougl\AppData\Local\Temp\libgdxdougl\1cecf4f6\lwjgl64.dll
Event: 1.103 Loaded shared library C:\Users\dougl\AppData\Local\Temp\libgdxdougl\1cecf4f6\lwjgl64.dll
Event: 1.353 Loaded shared library C:\Users\dougl\AppData\Local\Temp\libgdxdougl\1cecf4f6\lwjgl64.dll
Event: 1.369 Loaded shared library C:\Users\dougl\AppData\Local\Temp\libgdxdougl\1cecf4f6\lwjgl64.dll
Event: 1.370 Loaded shared library C:\Users\dougl\AppData\Local\Temp\libgdxdougl\1cecf4f6\lwjgl64.dll
Event: 1.553 Loaded shared library C:\Users\dougl\AppData\Local\Temp\libgdxdougl\1cecf4f6\lwjgl64.dll
Event: 2.036 Loaded shared library C:\Users\dougl\AppData\Local\Temp\libgdxdougl\1cecf4f6\lwjgl64.dll
Event: 2.037 Loaded shared library C:\Users\dougl\AppData\Local\Temp\libgdxdougl\1cecf4f6\lwjgl64.dll
Event: 2.053 Loaded shared library C:\Users\dougl\AppData\Local\Temp\libgdxdougl\1cecf4f6\lwjgl64.dll
Event: 2.053 Loaded shared library C:\Users\dougl\AppData\Local\Temp\libgdxdougl\1cecf4f6\lwjgl64.dll
Event: 2.337 Loaded shared library C:\Users\dougl\AppData\Local\Temp\libgdxdougl\1cecf4f6\lwjgl64.dll
Event: 2.553 Loaded shared library C:\Users\dougl\.jdks\azul-15.0.5\bin\java.dll
Event: 2.570 Loaded shared library C:\Users\dougl\AppData\Local\Temp\libgdxdougl\1cecf4f6\lwjgl64.dll
Event: 3.103 Loaded shared library C:\Users\dougl\AppData\Local\Temp\libgdxdougl\1cecf4f6\lwjgl64.dll
Event: 3.104 Loaded shared library C:\Users\dougl\AppData\Local\Temp\libgdxdougl\1cecf4f6\lwjgl64.dll


Dynamic libraries:
0x00007ff64c4e0000 - 0x00007ff64c4ed000 	C:\Users\dougl\.jdks\azul-15.0.5\bin\java.exe
0x00007fffb4cd0000 - 0x00007fffb4ec5000 	C:\Windows\SYSTEM32\ntdll.dll
0x00007fffb4ba0000 - 0x00007fffb4c5e000 	C:\Windows\System32\KERNEL32.DLL
0x00007fffb26f0000 - 0x00007fffb29b8000 	C:\Windows\System32\KERNELBASE.dll
0x00007fff95520000 - 0x00007fff95538000 	C:\Users\dougl\.jdks\azul-15.0.5\bin\jli.dll
0x00007fffb2540000 - 0x00007fffb2640000 	C:\Windows\System32\ucrtbase.dll
0x00007fff9f530000 - 0x00007fff9f545000 	C:\Users\dougl\.jdks\azul-15.0.5\bin\VCRUNTIME140.dll
0x00007fffb31a0000 - 0x00007fffb3341000 	C:\Windows\System32\USER32.dll
0x00007fffa3940000 - 0x00007fffa3bda000 	C:\Windows\WinSxS\amd64_microsoft.windows.common-controls_6595b64144ccf1df_6.0.19041.1110_none_60b5254171f9507e\COMCTL32.dll
0x00007fffb2c80000 - 0x00007fffb2ca2000 	C:\Windows\System32\win32u.dll
0x00007fffb44a0000 - 0x00007fffb453e000 	C:\Windows\System32\msvcrt.dll
0x00007fffb4930000 - 0x00007fffb495b000 	C:\Windows\System32\GDI32.dll
0x00007fffb2a80000 - 0x00007fffb2b8d000 	C:\Windows\System32\gdi32full.dll
0x00007fffb2be0000 - 0x00007fffb2c7d000 	C:\Windows\System32\msvcp_win.dll
0x00007fffb4c60000 - 0x00007fffb4c90000 	C:\Windows\System32\IMM32.DLL
0x00007fff8b670000 - 0x00007fff8b70b000 	C:\Users\dougl\.jdks\azul-15.0.5\bin\msvcp140.dll
0x00007ffee64f0000 - 0x00007ffee7082000 	C:\Users\dougl\.jdks\azul-15.0.5\bin\server\jvm.dll
0x00007fffb4280000 - 0x00007fffb432c000 	C:\Windows\System32\ADVAPI32.dll
0x00007fffb49d0000 - 0x00007fffb4a6b000 	C:\Windows\System32\sechost.dll
0x00007fffb3350000 - 0x00007fffb347a000 	C:\Windows\System32\RPCRT4.dll
0x00007fffb43c0000 - 0x00007fffb43c8000 	C:\Windows\System32\PSAPI.DLL
0x00007fffa3fd0000 - 0x00007fffa3fd9000 	C:\Windows\SYSTEM32\WSOCK32.dll
0x00007fffa5d20000 - 0x00007fffa5d47000 	C:\Windows\SYSTEM32\WINMM.dll
0x00007fffaae30000 - 0x00007fffaae3a000 	C:\Windows\SYSTEM32\VERSION.dll
0x00007fffb4960000 - 0x00007fffb49cb000 	C:\Windows\System32\WS2_32.dll
0x00007fffb04d0000 - 0x00007fffb04e2000 	C:\Windows\SYSTEM32\kernel.appcore.dll
0x00007fff959d0000 - 0x00007fff959da000 	C:\Users\dougl\.jdks\azul-15.0.5\bin\jimage.dll
0x00007fffb0050000 - 0x00007fffb0234000 	C:\Windows\SYSTEM32\DBGHELP.DLL
0x00007fffaab00000 - 0x00007fffaab2c000 	C:\Windows\SYSTEM32\dbgcore.DLL
0x00007fffb29f0000 - 0x00007fffb2a72000 	C:\Windows\System32\bcryptPrimitives.dll
0x00007fff954f0000 - 0x00007fff95515000 	C:\Users\dougl\.jdks\azul-15.0.5\bin\java.dll
0x00007fffb34e0000 - 0x00007fffb3c24000 	C:\Windows\System32\SHELL32.dll
0x00007fffb04f0000 - 0x00007fffb0c84000 	C:\Windows\SYSTEM32\windows.storage.dll
0x00007fffb45d0000 - 0x00007fffb4925000 	C:\Windows\System32\combase.dll
0x00007fffb1e30000 - 0x00007fffb1e5e000 	C:\Windows\SYSTEM32\Wldp.dll
0x00007fffb3cf0000 - 0x00007fffb3d9d000 	C:\Windows\System32\SHCORE.dll
0x00007fffb3c30000 - 0x00007fffb3c85000 	C:\Windows\System32\shlwapi.dll
0x00007fffb2320000 - 0x00007fffb233f000 	C:\Windows\SYSTEM32\profapi.dll
0x00007fff94680000 - 0x00007fff94699000 	C:\Users\dougl\.jdks\azul-15.0.5\bin\net.dll
0x00007fffa7f90000 - 0x00007fffa809c000 	C:\Windows\SYSTEM32\WINHTTP.dll
0x00007fffb1b90000 - 0x00007fffb1bfa000 	C:\Windows\system32\mswsock.dll
0x00007fff94590000 - 0x00007fff945a2000 	C:\Users\dougl\.jdks\azul-15.0.5\bin\nio.dll
0x00007fff943e0000 - 0x00007fff943f8000 	C:\Users\dougl\.jdks\azul-15.0.5\bin\zip.dll
0x000000006e700000 - 0x000000006e72a000 	C:\Users\dougl\AppData\Local\Temp\libgdxdougl\e1cd32f8\gdx64.dll
0x00007fff953e0000 - 0x00007fff953f0000 	C:\Users\dougl\.jdks\azul-15.0.5\bin\verify.dll
0x0000000180000000 - 0x0000000180053000 	C:\Users\dougl\AppData\Local\Temp\libgdxdougl\1cecf4f6\lwjgl64.dll
0x00007fff2e800000 - 0x00007fff2e925000 	C:\Windows\SYSTEM32\OPENGL32.dll
0x00007fff8bce0000 - 0x00007fff8bd0c000 	C:\Windows\SYSTEM32\GLU32.dll
0x000002867e6c0000 - 0x000002867e724000 	C:\Users\dougl\AppData\Local\Temp\libgdxdougl\1cecf4f6\OpenAL64.dll
0x00007fffb4a70000 - 0x00007fffb4b9a000 	C:\Windows\System32\ole32.dll
0x00007fffafa60000 - 0x00007fffafafe000 	C:\Windows\system32\uxtheme.dll
0x00007fff0a380000 - 0x00007fff0a47c000 	C:\ProgramData\A-Volute\DellInc.AlienwareSoundCenter\Modules\ScheduledModules\x64\DellInc.AlienwareSoundCenterDevProps2.dll
0x00007fff0bf90000 - 0x00007fff0c03d000 	C:\ProgramData\A-Volute\DellInc.AlienwareSoundCenter\Modules\ScheduledModules\x64\NahimicOSD.dll
0x00007fffa2420000 - 0x00007fffa2441000 	C:\ProgramData\A-Volute\DellInc.AlienwareSoundCenter\Modules\ScheduledModules\x64\ProductInfo.dll
0x00007fffb3e80000 - 0x00007fffb3f29000 	C:\Windows\System32\clbcatq.dll
0x00007fffacbb0000 - 0x00007fffacc35000 	C:\Windows\System32\MMDevApi.dll
0x00007fffb2180000 - 0x00007fffb21b4000 	C:\Windows\System32\DEVOBJ.dll
0x00007fffb2b90000 - 0x00007fffb2bde000 	C:\Windows\System32\cfgmgr32.dll
0x00007fffaceb0000 - 0x00007fffad031000 	C:\Windows\SYSTEM32\AudioSes.dll
0x00007fffb43d0000 - 0x00007fffb449d000 	C:\Windows\System32\OLEAUT32.dll
0x00007fffb1950000 - 0x00007fffb199b000 	C:\Windows\SYSTEM32\powrprof.dll
0x00007fffb1810000 - 0x00007fffb1822000 	C:\Windows\SYSTEM32\UMPDC.dll
0x00007fffada40000 - 0x00007fffadb36000 	C:\Windows\SYSTEM32\PropSys.dll
0x00007fffa57e0000 - 0x00007fffa587c000 	C:\Windows\SYSTEM32\dsound.dll
0x00007fffa5580000 - 0x00007fffa55a6000 	C:\Windows\SYSTEM32\winmmbase.dll
0x00007fffafb50000 - 0x00007fffafb64000 	C:\Windows\SYSTEM32\resourcepolicyclient.dll
0x00007fff944e0000 - 0x00007fff9458e000 	C:\Windows\SYSTEM32\mscms.dll
0x00007fffb22a0000 - 0x00007fffb22ce000 	C:\Windows\SYSTEM32\USERENV.dll
0x00007fff944c0000 - 0x00007fff944d1000 	C:\Windows\SYSTEM32\ColorAdapterClient.dll
0x00007fffb3f30000 - 0x00007fffb4045000 	C:\Windows\System32\MSCTF.dll
0x00007fff95a00000 - 0x00007fff95af9000 	C:\Windows\SYSTEM32\textinputframework.dll
0x00007fffaf4e0000 - 0x00007fffaf83e000 	C:\Windows\System32\CoreUIComponents.dll
0x00007fffaf2e0000 - 0x00007fffaf3d2000 	C:\Windows\System32\CoreMessaging.dll
0x00007fffb10d0000 - 0x00007fffb1103000 	C:\Windows\SYSTEM32\ntmarta.dll
0x00007fffadf80000 - 0x00007fffae0d4000 	C:\Windows\SYSTEM32\wintypes.dll
0x00007fff9f360000 - 0x00007fff9f3c6000 	C:\Windows\system32\Oleacc.dll
0x00007fffaa460000 - 0x00007fffaa559000 	C:\Windows\System32\AppXDeploymentClient.dll
0x00007ffee2c60000 - 0x00007ffee5777000 	C:\Windows\System32\DriverStore\FileRepository\nvddi.inf_amd64_825a4c41796dab48\nvoglv64.dll
0x00007fffb2d10000 - 0x00007fffb3182000 	C:\Windows\System32\SETUPAPI.dll
0x00007fffb29c0000 - 0x00007fffb29e7000 	C:\Windows\System32\bcrypt.dll
0x00007fffadbd0000 - 0x00007fffadbe4000 	C:\Windows\SYSTEM32\WTSAPI32.dll
0x00007fffb1fc0000 - 0x00007fffb1fd2000 	C:\Windows\SYSTEM32\msasn1.dll
0x00007fffaac50000 - 0x00007fffaac81000 	C:\Windows\SYSTEM32\cryptnet.dll
0x00007fffb23e0000 - 0x00007fffb2536000 	C:\Windows\System32\CRYPT32.dll
0x00007fffa8940000 - 0x00007fffa8a8a000 	C:\Windows\SYSTEM32\drvstore.dll
0x00007fffb1da0000 - 0x00007fffb1dac000 	C:\Windows\SYSTEM32\cryptbase.dll
0x00007fffb2cb0000 - 0x00007fffb2d10000 	C:\Windows\System32\WINTRUST.dll
0x00007fffac940000 - 0x00007fffac97b000 	C:\Windows\SYSTEM32\dxcore.dll
0x00007fff77eb0000 - 0x00007fff78173000 	C:\Windows\system32\nvspcap64.dll
0x00007fffafc50000 - 0x00007fffafc7f000 	C:\Windows\SYSTEM32\dwmapi.dll
0x00007fff924c0000 - 0x00007fff92503000 	C:\Windows\SYSTEM32\icm32.dll
0x00007fffb12e0000 - 0x00007fffb133a000 	C:\Windows\SYSTEM32\WINSTA.dll
0x00007fffa9750000 - 0x00007fffa9920000 	C:\Windows\SYSTEM32\d3d9.dll
0x00007fffb4200000 - 0x00007fffb421d000 	C:\Windows\System32\imagehlp.dll
0x00007fffb1d80000 - 0x00007fffb1d98000 	C:\Windows\SYSTEM32\CRYPTSP.dll
0x00007fffb14a0000 - 0x00007fffb14d4000 	C:\Windows\system32\rsaenh.dll
0x0000000066b00000 - 0x0000000066b5b000 	C:\Users\dougl\AppData\Local\Temp\libgdxdougl\a14961b7\gdx-box2d64.dll

dbghelp: loaded successfully - version: 4.0.5 - missing functions: none
symbol engine: initialized successfully - sym options: 0x614 - pdb path: .;C:\Users\dougl\.jdks\azul-15.0.5\bin;C:\Windows\SYSTEM32;C:\Windows\WinSxS\amd64_microsoft.windows.common-controls_6595b64144ccf1df_6.0.19041.1110_none_60b5254171f9507e;C:\Users\dougl\.jdks\azul-15.0.5\bin\server;C:\Users\dougl\AppData\Local\Temp\libgdxdougl\e1cd32f8;C:\Users\dougl\AppData\Local\Temp\libgdxdougl\1cecf4f6;C:\ProgramData\A-Volute\DellInc.AlienwareSoundCenter\Modules\ScheduledModules\x64;C:\Windows\System32\DriverStore\FileRepository\nvddi.inf_amd64_825a4c41796dab48;C:\Users\dougl\AppData\Local\Temp\libgdxdougl\a14961b7

VM Arguments:
jvm_args: -Dfile.encoding=windows-1252 -Duser.country=CA -Duser.language=en -Duser.variant 
java_command: com.mygdx.game.desktop.DesktopLauncher
java_class_path (initial): D:\Documents\GitHub\PortalGame\PortalGame\desktop\build\classes\java\main;D:\Documents\GitHub\PortalGame\PortalGame\desktop\build\resources\main;C:\Users\dougl\.gradle\caches\modules-2\files-2.1\com.badlogicgames.gdx\gdx-tools\1.10.0\d699cf4953fb42a071c7c3feb9b5c45601aa6a4b\gdx-tools-1.10.0.jar;C:\Users\dougl\.gradle\caches\modules-2\files-2.1\com.badlogicgames.gdx\gdx-backend-lwjgl\1.10.0\58ff89d9e4fd8a82591367f187d606e781cacc05\gdx-backend-lwjgl-1.10.0.jar;C:\Users\dougl\.gradle\caches\modules-2\files-2.1\com.badlogicgames.gdx\gdx-platform\1.10.0\9a8fa793d2fd6d360afc6c9e4c1f5583da263b88\gdx-platform-1.10.0-natives-desktop.jar;C:\Users\dougl\.gradle\caches\modules-2\files-2.1\com.badlogicgames.gdx\gdx-box2d-platform\1.10.0\588c4191c5a64ed39365e71484aa37d81c38eb5e\gdx-box2d-platform-1.10.0-natives-desktop.jar;C:\Users\dougl\.gradle\caches\modules-2\files-2.1\com.badlogicgames.gdx\gdx-bullet-platform\1.10.0\ce92e8dfc762523d769cbc50853163c03bf98cf1\gdx-bullet-platform-1.10.0-natives-desktop.jar;C:\Users\dougl\.gradle\caches\modules-2\files-2.1\com.badlogicgames.gdx\gdx-freetype-platform\1.10.0\6e5d28752759e69384f12e4569d2c884ff71352f\gdx-freetype-platform-1.10.0-natives-desktop.jar;D:\Documents\GitHub\PortalGame\PortalGame\core\build\libs\core-1.0.jar;C:\Users\dougl\.gradle\caches\modules-2\files-2.1\com.badlogicgames.gdx\gdx-backend-headless\1.10.0\990eadbb431197c5b9b816d1659c772e0268e65\gdx-backend-headless-1.10.0.jar;C:\Users\dougl\.gradle\caches\modules-2\files-2.1\com.badlogicgames.gdx\gdx-freetype\1.10.0\de1d0d5c1e92e8d91364256fd6b7bb279d3e9859\gdx-freetype-1.10.0.jar;C:\Users\dougl\.gradle\caches\modules-2\files-2.1\com.badlogicgames.box2dlights\box2dlights\1.5\6902dbcd250c95a27973aa24a147a95b3828d348\box2dlights-1.5.jar;C:\Users\dougl\.gradle\caches\modules-2\files-2.1\com.badlogicgames.gdx\gdx-box2d\1.10.0\b3a3c0f00b90716238835434d0ae8985604c37f8\gdx-box2d-1.10.0.jar;C:\Users\dougl\.gradle\caches\modules-2\files-2.1\com.badlogicga
Launcher Type: SUN_STANDARD

[Global flags]
     intx CICompilerCount                          = 12                                        {product} {ergonomic}
     uint ConcGCThreads                            = 3                                         {product} {ergonomic}
     uint G1ConcRefinementThreads                  = 13                                        {product} {ergonomic}
   size_t G1HeapRegionSize                         = 2097152                                   {product} {ergonomic}
    uintx GCDrainStackTargetSize                   = 64                                        {product} {ergonomic}
   size_t InitialHeapSize                          = 266338304                                 {product} {ergonomic}
   size_t MarkStackSize                            = 4194304                                   {product} {ergonomic}
   size_t MaxHeapSize                              = 4236247040                                {product} {ergonomic}
   size_t MaxNewSize                               = 2541748224                                {product} {ergonomic}
   size_t MinHeapDeltaBytes                        = 2097152                                   {product} {ergonomic}
   size_t MinHeapSize                              = 8388608                                   {product} {ergonomic}
    uintx NonNMethodCodeHeapSize                   = 7602480                                {pd product} {ergonomic}
    uintx NonProfiledCodeHeapSize                  = 122027880                              {pd product} {ergonomic}
    uintx ProfiledCodeHeapSize                     = 122027880                              {pd product} {ergonomic}
    uintx ReservedCodeCacheSize                    = 251658240                              {pd product} {ergonomic}
     bool SegmentedCodeCache                       = true                                      {product} {ergonomic}
   size_t SoftMaxHeapSize                          = 4236247040                             {manageable} {ergonomic}
     bool UseCompressedClassPointers               = true                                 {lp64_product} {ergonomic}
     bool UseCompressedOops                        = true                                 {lp64_product} {ergonomic}
     bool UseG1GC                                  = true                                      {product} {ergonomic}
     bool UseLargePagesIndividualAllocation        = false                                  {pd product} {ergonomic}

Logging:
Log output configuration:
 #0: stdout all=warning uptime,level,tags
 #1: stderr all=off uptime,level,tags

Environment Variables:
PATH=C:\Program Files (x86)\Common Files\Oracle\Java\javapath;C:\Windows\system32;C:\Windows;C:\Windows\System32\Wbem;C:\Windows\System32\WindowsPowerShell\v1.0\;C:\Windows\System32\OpenSSH\;C:\Program Files\NVIDIA Corporation\NVIDIA NvDLISR;C:\Program Files\dotnet\;C:\Program Files\Git\cmd;C:\ProgramData\chocolatey\bin;C:\Program Files (x86)\NVIDIA Corporation\PhysX\Common;C:\msys64\mingw64\bin;C:\Users\dougl\AppData\Local\Microsoft\WindowsApps;C:\Users\dougl\AppData\Local\Programs\Microsoft VS Code\bin;C:\Users\dougl\.dotnet\tools;C:\Users\dougl\AppData\Local\GitHubDesktop\bin;D:\Apps\IntelliJ IDEA\IntelliJ IDEA Community Edition 2021.3\bin;
USERNAME=dougl
OS=Windows_NT
PROCESSOR_IDENTIFIER=Intel64 Family 6 Model 165 Stepping 5, GenuineIntel



---------------  S Y S T E M  ---------------

OS:
 Windows 10 , 64 bit Build 19041 (10.0.19041.1348)
OS uptime: 0 days 20:21 hours

CPU: total 16 (initial active 16) (8 cores per cpu, 2 threads per core) family 6 model 165 stepping 5 microcode 0xec, cmov, cx8, fxsr, mmx, sse, sse2, sse3, ssse3, sse4.1, sse4.2, popcnt, vzeroupper, avx, avx2, aes, clmul, erms, 3dnowpref, lzcnt, ht, tsc, tscinvbit, bmi1, bmi2, adx, fma, clflush, clflushopt

Memory: 4k page, system-wide physical 16154M (4740M free)
TotalPageFile size 31002M (AvailPageFile size 11879M)
current process WorkingSet (physical memory assigned to process): 120M, peak: 129M
current process commit charge ("private bytes"): 456M, peak: 466M

vm_info: OpenJDK 64-Bit Server VM (15.0.5+3-MTS) for windows-amd64 JRE (15.0.5+3-MTS) (Zulu15.36+13-CA), built on Oct  8 2021 11:07:26 by "zulu_re" with MS VC++ 15.9 (VS2017)

END.
