#
# A fatal error has been detected by the Java Runtime Environment:
#
#  EXCEPTION_ACCESS_VIOLATION (0xc0000005) at pc=0x0000000066b1f8ac, pid=12044, tid=16952
#
# JRE version: OpenJDK Runtime Environment Zulu15.36+13-CA (15.0.5+3) (build 15.0.5+3-MTS)
# Java VM: OpenJDK 64-Bit Server VM Zulu15.36+13-CA (15.0.5+3-MTS, mixed mode, sharing, tiered, compressed oops, g1 gc, windows-amd64)
# Problematic frame:
# C  [gdx-box2d64.dll+0x1f8ac]
#
# No core dump will be written. Minidumps are not enabled by default on client versions of Windows
#
# If you would like to submit a bug report, please visit:
#   http://www.azul.com/support/
# The crash happened outside the Java Virtual Machine in native code.
# See problematic frame for where to report the bug.
#

---------------  S U M M A R Y ------------

Command Line: -Dfile.encoding=windows-1252 -Duser.country=CA -Duser.language=en -Duser.variant com.mygdx.game.desktop.DesktopLauncher

Host: Intel(R) Core(TM) i7-8665U CPU @ 1.90GHz, 8 cores, 15G,  Windows 10 , 64 bit Build 18362 (10.0.18362.1110)
Time: Tue Jan  4 19:34:55 2022 Eastern Standard Time elapsed time: 136.470672 seconds (0d 0h 2m 16s)

---------------  T H R E A D  ---------------

Current thread (0x000002bb861b7380):  JavaThread "LWJGL Application" [_thread_in_native, id=16952, stack(0x000000e385f00000,0x000000e386000000)]

Stack: [0x000000e385f00000,0x000000e386000000],  sp=0x000000e385ffec90,  free space=1019k
Native frames: (J=compiled Java code, j=interpreted, Vv=VM code, C=native code)
C  [gdx-box2d64.dll+0x1f8ac]

Java frames: (J=compiled Java code, j=interpreted, Vv=VM code)
j  com.badlogic.gdx.physics.box2d.World.jniDestroyBody(JJ)V+0
j  com.badlogic.gdx.physics.box2d.World.destroyBody(Lcom/badlogic/gdx/physics/box2d/Body;)V+42
j  com.mygdx.game.Entity.dispose()V+8
j  com.mygdx.game.MyGdxGame.dispose()V+82
j  com.badlogic.gdx.backends.lwjgl.LwjglApplication.mainLoop()V+924
j  com.badlogic.gdx.backends.lwjgl.LwjglApplication$1.run()V+27
v  ~StubRoutines::call_stub

siginfo: EXCEPTION_ACCESS_VIOLATION (0xc0000005), reading address 0x0000000000000000


Register to memory mapping:

RIP=0x0000000066b1f8ac gdx-box2d64.dll
RAX=0x0 is NULL
RBX=0x000002bb86eb6350 points into unknown readable memory: 0x000002bb41200000 | 00 00 20 41 bb 02 00 00
RCX=0x0 is NULL
RDX=0x000002bb86e5e600 points into unknown readable memory: 0x000002bbdf810150 | 50 01 81 df bb 02 00 00
RSP=0x000000e385ffec90 is pointing into the stack for thread: 0x000002bb861b7380
RBP=0x0 is NULL
RSI=0x000002bb86e5e600 points into unknown readable memory: 0x000002bbdf810150 | 50 01 81 df bb 02 00 00
RDI=0x000002bb86e5e600 points into unknown readable memory: 0x000002bbdf810150 | 50 01 81 df bb 02 00 00
R8 =0x000002bb86e5e600 points into unknown readable memory: 0x000002bbdf810150 | 50 01 81 df bb 02 00 00
R9 =0x000002bb86eb2820 points into unknown readable memory: 0x0000003600000002 | 02 00 00 00 36 00 00 00
R10=0x000002bbe9b7f148 is at code_begin+1000 in an Interpreter codelet
method entry point (kind = native)  [0x000002bbe9b7ed60, 0x000002bbe9b7f7e0]  2688 bytes
R11=0x0000000000000102 is an unknown value
R12=0x000002bb86e778a0 points into unknown readable memory: 0x0000000000000020 | 20 00 00 00 00 00 00 00
R13={method} {0x000002bbff6a7048} 'jniDestroyBody' '(JJ)V' in 'com/badlogic/gdx/physics/box2d/World'
R14=0x000000e385ffee78 is pointing into the stack for thread: 0x000002bb861b7380
R15=0x000002bb861b7380 is a thread


Registers:
RAX=0x0000000000000000, RBX=0x000002bb86eb6350, RCX=0x0000000000000000, RDX=0x000002bb86e5e600
RSP=0x000000e385ffec90, RBP=0x0000000000000000, RSI=0x000002bb86e5e600, RDI=0x000002bb86e5e600
R8 =0x000002bb86e5e600, R9 =0x000002bb86eb2820, R10=0x000002bbe9b7f148, R11=0x0000000000000102
R12=0x000002bb86e778a0, R13=0x000002bbff6a7040, R14=0x000000e385ffee78, R15=0x000002bb861b7380
RIP=0x0000000066b1f8ac, EFLAGS=0x0000000000010246

Top of Stack: (sp=0x000000e385ffec90)
0x000000e385ffec90:   0000000000000000 0000000000000000
0x000000e385ffeca0:   000002bb86eb6350 000002bb86e5e600
0x000000e385ffecb0:   000002bb86eb6350 000002bb86e5e600
0x000000e385ffecc0:   000002bb86eb2820 0000000066b2162f
0x000000e385ffecd0:   000002bb861b7380 000000e385ffef58
0x000000e385ffece0:   000002bbff475838 0000000000000000
0x000000e385ffecf0:   000002bb86e5e600 000002bb86eb2820
0x000000e385ffed00:   0000000000033922 000000e385ffee38
0x000000e385ffed10:   0000000000000000 0000000066b26a9d
0x000000e385ffed20:   000002bbff906f10 00000000000003d8
0x000000e385ffed30:   000000e385ffefa8 000000e385ffef58
0x000000e385ffed40:   0000000066b487e0 000002bb861b76a8
0x000000e385ffed50:   000000e385ffee78 0000000000000000
0x000000e385ffed60:   0000000066b48840 000002bb861b76a8
0x000000e385ffed70:   000000e385ffee78 00007ff9ff7aeca4
0x000000e385ffed80:   000002bbff475850 000002bbff6a7040 

Instructions: (pc=0x0000000066b1f8ac)
0x0000000066b1f7ac:   41 08 00 00 00 00 48 c7 41 28 00 00 00 00 c7 41
0x0000000066b1f7bc:   30 00 00 00 00 48 c7 41 18 00 00 00 00 c7 01 00
0x0000000066b1f7cc:   00 00 00 c3 55 57 56 53 48 83 ec 28 49 8b 41 08
0x0000000066b1f7dc:   f3 41 0f 10 41 10 48 89 cb 48 89 d5 f3 0f 11 41
0x0000000066b1f7ec:   20 4c 89 ce 48 89 41 40 41 8b 41 1e f3 41 0f 10
0x0000000066b1f7fc:   41 14 f3 0f 11 41 24 4c 89 41 10 48 c7 41 08 00
0x0000000066b1f80c:   00 00 00 89 41 34 41 0f b7 41 22 66 89 41 38 41
0x0000000066b1f81c:   0f b6 41 1c 88 41 3a 49 8b 09 48 8b 01 ff 50 10
0x0000000066b1f82c:   48 8b 10 48 89 c1 48 89 43 18 ff 52 18 89 c2 89
0x0000000066b1f83c:   c7 48 89 e9 c1 e2 05 e8 18 c3 fe ff 85 ff 48 89
0x0000000066b1f84c:   43 28 7e 27 8d 4f ff 48 8d 50 10 48 c1 e1 05 48
0x0000000066b1f85c:   8d 44 08 30 48 c7 02 00 00 00 00 c7 42 0c ff ff
0x0000000066b1f86c:   ff ff 48 83 c2 20 48 39 c2 75 e9 f3 0f 10 46 18
0x0000000066b1f87c:   c7 43 30 00 00 00 00 f3 0f 11 03 48 83 c4 28 5b
0x0000000066b1f88c:   5e 5f 5d c3 57 56 53 48 83 ec 20 8b 41 30 48 89
0x0000000066b1f89c:   cb 48 89 d7 85 c0 0f 85 a8 00 00 00 48 8b 4b 18
0x0000000066b1f8ac:   48 8b 01 ff 50 18 48 8b 53 28 c1 e0 05 48 89 f9
0x0000000066b1f8bc:   41 89 c0 e8 dc c4 fe ff 48 8b 73 18 48 c7 43 28
0x0000000066b1f8cc:   00 00 00 00 8b 46 08 83 f8 01 0f 84 94 00 00 00
0x0000000066b1f8dc:   0f 82 be 00 00 00 83 f8 02 74 39 83 f8 03 0f 85
0x0000000066b1f8ec:   e0 00 00 00 48 8b 06 48 89 f1 ff 10 41 b8 30 00
0x0000000066b1f8fc:   00 00 48 89 f2 48 89 f9 e8 97 c4 fe ff 48 c7 43
0x0000000066b1f90c:   18 00 00 00 00 48 83 c4 20 5b 5e 5f c3 0f 1f 80
0x0000000066b1f91c:   00 00 00 00 48 8b 06 48 89 f1 ff 10 41 b8 a0 00
0x0000000066b1f92c:   00 00 48 89 f2 48 89 f9 e8 67 c4 fe ff 48 c7 43
0x0000000066b1f93c:   18 00 00 00 00 48 83 c4 20 5b 5e 5f c3 0f 1f 80
0x0000000066b1f94c:   00 00 00 00 48 8d 15 d9 49 02 00 48 8d 0d 32 4a
0x0000000066b1f95c:   02 00 41 b8 48 00 00 00 e8 67 6c 01 00 e9 3a ff
0x0000000066b1f96c:   ff ff 66 90 48 8b 06 48 89 f1 ff 10 41 b8 38 00
0x0000000066b1f97c:   00 00 48 89 f2 48 89 f9 e8 17 c4 fe ff 48 c7 43
0x0000000066b1f98c:   18 00 00 00 00 48 83 c4 20 5b 5e 5f c3 0f 1f 80
0x0000000066b1f99c:   00 00 00 00 48 8b 06 48 89 f1 ff 10 41 b8 18 00 


Stack slot to memory mapping:
stack at sp + 0 slots: 0x0 is NULL
stack at sp + 1 slots: 0x0 is NULL
stack at sp + 2 slots: 0x000002bb86eb6350 points into unknown readable memory: 0x000002bb41200000 | 00 00 20 41 bb 02 00 00
stack at sp + 3 slots: 0x000002bb86e5e600 points into unknown readable memory: 0x000002bbdf810150 | 50 01 81 df bb 02 00 00
stack at sp + 4 slots: 0x000002bb86eb6350 points into unknown readable memory: 0x000002bb41200000 | 00 00 20 41 bb 02 00 00
stack at sp + 5 slots: 0x000002bb86e5e600 points into unknown readable memory: 0x000002bbdf810150 | 50 01 81 df bb 02 00 00
stack at sp + 6 slots: 0x000002bb86eb2820 points into unknown readable memory: 0x0000003600000002 | 02 00 00 00 36 00 00 00
stack at sp + 7 slots: 0x0000000066b2162f gdx-box2d64.dll


---------------  P R O C E S S  ---------------

Threads class SMR info:
_java_thread_list=0x000002bb92ccb1b0, length=13, elements={
0x000002bbfefe8a30, 0x000002bbfefe9600, 0x000002bbff005c20, 0x000002bbff0084f0,
0x000002bbff008eb0, 0x000002bbff00b350, 0x000002bbff00e4f0, 0x000002bbff032b90,
0x000002bbff9ded50, 0x000002bbff9e4550, 0x000002bb861b7380, 0x000002bbe1664780,
0x000002bb92ad4590
}

Java Threads: ( => current thread )
  0x000002bbfefe8a30 JavaThread "Reference Handler" daemon [_thread_blocked, id=15700, stack(0x000000e385200000,0x000000e385300000)]
  0x000002bbfefe9600 JavaThread "Finalizer" daemon [_thread_blocked, id=10792, stack(0x000000e385300000,0x000000e385400000)]
  0x000002bbff005c20 JavaThread "Signal Dispatcher" daemon [_thread_blocked, id=16916, stack(0x000000e385400000,0x000000e385500000)]
  0x000002bbff0084f0 JavaThread "Attach Listener" daemon [_thread_blocked, id=5416, stack(0x000000e385500000,0x000000e385600000)]
  0x000002bbff008eb0 JavaThread "Service Thread" daemon [_thread_blocked, id=5644, stack(0x000000e385600000,0x000000e385700000)]
  0x000002bbff00b350 JavaThread "C2 CompilerThread0" daemon [_thread_blocked, id=13412, stack(0x000000e385700000,0x000000e385800000)]
  0x000002bbff00e4f0 JavaThread "C1 CompilerThread0" daemon [_thread_blocked, id=12664, stack(0x000000e385800000,0x000000e385900000)]
  0x000002bbff032b90 JavaThread "Sweeper thread" daemon [_thread_blocked, id=12296, stack(0x000000e385900000,0x000000e385a00000)]
  0x000002bbff9ded50 JavaThread "Notification Thread" daemon [_thread_blocked, id=17240, stack(0x000000e385a00000,0x000000e385b00000)]
  0x000002bbff9e4550 JavaThread "Common-Cleaner" daemon [_thread_blocked, id=12096, stack(0x000000e385c00000,0x000000e385d00000)]
=>0x000002bb861b7380 JavaThread "LWJGL Application" [_thread_in_native, id=16952, stack(0x000000e385f00000,0x000000e386000000)]
  0x000002bbe1664780 JavaThread "DestroyJavaVM" [_thread_blocked, id=10752, stack(0x000000e384b00000,0x000000e384c00000)]
  0x000002bb92ad4590 JavaThread "LWJGL Timer" daemon [_thread_blocked, id=13620, stack(0x000000e386600000,0x000000e386700000)]

Other Threads:
  0x000002bbfefe6a10 VMThread "VM Thread" [stack: 0x000000e385100000,0x000000e385200000] [id=17116]
  0x000002bbff9e0230 WatcherThread [stack: 0x000000e385b00000,0x000000e385c00000] [id=9576]
  0x000002bbe16b39b0 GCTaskThread "GC Thread#0" [stack: 0x000000e384c00000,0x000000e384d00000] [id=10364]
  0x000002bbe16c59a0 ConcurrentGCThread "G1 Main Marker" [stack: 0x000000e384d00000,0x000000e384e00000] [id=13868]
  0x000002bbe16c6610 ConcurrentGCThread "G1 Conc#0" [stack: 0x000000e384e00000,0x000000e384f00000] [id=12812]
  0x000002bbfeee0150 ConcurrentGCThread "G1 Refine#0" [stack: 0x000000e384f00000,0x000000e385000000] [id=5936]
  0x000002bbfeee0b60 ConcurrentGCThread "G1 Young RemSet Sampling" [stack: 0x000000e385000000,0x000000e385100000] [id=1548]

Threads with active compile tasks:

VM state: not at safepoint (normal execution)

VM Mutex/Monitor currently owned by a thread: None

Heap address: 0x0000000702e00000, size: 4050 MB, Compressed Oops mode: Zero based, Oop shift amount: 3
CDS archive(s) mapped at: [0x0000000800000000-0x0000000800b50000-0x0000000800b50000), size 11862016, SharedBaseAddress: 0x0000000800000000, ArchiveRelocationMode: 0.
Compressed class space mapped at: 0x0000000800b50000-0x0000000840b50000, size: 1073741824
Narrow klass base: 0x0000000800000000, Narrow klass shift: 3, Narrow klass range: 0x100000000

GC Precious Log:
 CPUs: 8 total, 8 available
 Memory: 16198M
 Large Page Support: Disabled
 NUMA Support: Disabled
 Compressed Oops: Enabled (Zero based)
 Heap Region Size: 2M
 Heap Min Capacity: 8M
 Heap Initial Capacity: 254M
 Heap Max Capacity: 4050M
 Pre-touch: Disabled
 Parallel Workers: 8
 Concurrent Workers: 2
 Concurrent Refinement Workers: 8
 Periodic GC: Disabled

Heap:
 garbage-first heap   total 260096K, used 18432K [0x0000000702e00000, 0x0000000800000000)
  region size 2048K, 11 young (22528K), 0 survivors (0K)
 Metaspace       used 4938K, capacity 7966K, committed 8320K, reserved 1056768K
  class space    used 324K, capacity 617K, committed 640K, reserved 1048576K

Heap Regions: E=young(eden), S=young(survivor), O=old, HS=humongous(starts), HC=humongous(continues), CS=collection set, F=free, OA=open archive, CA=closed archive, TAMS=top-at-mark-start (previous, next)
|   0|0x0000000702e00000, 0x0000000702e00000, 0x0000000703000000|  0%| F|  |TAMS 0x0000000702e00000, 0x0000000702e00000| Untracked 
|   1|0x0000000703000000, 0x0000000703000000, 0x0000000703200000|  0%| F|  |TAMS 0x0000000703000000, 0x0000000703000000| Untracked 
|   2|0x0000000703200000, 0x0000000703200000, 0x0000000703400000|  0%| F|  |TAMS 0x0000000703200000, 0x0000000703200000| Untracked 
|   3|0x0000000703400000, 0x0000000703400000, 0x0000000703600000|  0%| F|  |TAMS 0x0000000703400000, 0x0000000703400000| Untracked 
|   4|0x0000000703600000, 0x0000000703600000, 0x0000000703800000|  0%| F|  |TAMS 0x0000000703600000, 0x0000000703600000| Untracked 
|   5|0x0000000703800000, 0x0000000703800000, 0x0000000703a00000|  0%| F|  |TAMS 0x0000000703800000, 0x0000000703800000| Untracked 
|   6|0x0000000703a00000, 0x0000000703a00000, 0x0000000703c00000|  0%| F|  |TAMS 0x0000000703a00000, 0x0000000703a00000| Untracked 
|   7|0x0000000703c00000, 0x0000000703c00000, 0x0000000703e00000|  0%| F|  |TAMS 0x0000000703c00000, 0x0000000703c00000| Untracked 
|   8|0x0000000703e00000, 0x0000000703e00000, 0x0000000704000000|  0%| F|  |TAMS 0x0000000703e00000, 0x0000000703e00000| Untracked 
|   9|0x0000000704000000, 0x0000000704000000, 0x0000000704200000|  0%| F|  |TAMS 0x0000000704000000, 0x0000000704000000| Untracked 
|  10|0x0000000704200000, 0x0000000704200000, 0x0000000704400000|  0%| F|  |TAMS 0x0000000704200000, 0x0000000704200000| Untracked 
|  11|0x0000000704400000, 0x0000000704400000, 0x0000000704600000|  0%| F|  |TAMS 0x0000000704400000, 0x0000000704400000| Untracked 
|  12|0x0000000704600000, 0x0000000704600000, 0x0000000704800000|  0%| F|  |TAMS 0x0000000704600000, 0x0000000704600000| Untracked 
|  13|0x0000000704800000, 0x0000000704800000, 0x0000000704a00000|  0%| F|  |TAMS 0x0000000704800000, 0x0000000704800000| Untracked 
|  14|0x0000000704a00000, 0x0000000704a00000, 0x0000000704c00000|  0%| F|  |TAMS 0x0000000704a00000, 0x0000000704a00000| Untracked 
|  15|0x0000000704c00000, 0x0000000704c00000, 0x0000000704e00000|  0%| F|  |TAMS 0x0000000704c00000, 0x0000000704c00000| Untracked 
|  16|0x0000000704e00000, 0x0000000704e00000, 0x0000000705000000|  0%| F|  |TAMS 0x0000000704e00000, 0x0000000704e00000| Untracked 
|  17|0x0000000705000000, 0x0000000705000000, 0x0000000705200000|  0%| F|  |TAMS 0x0000000705000000, 0x0000000705000000| Untracked 
|  18|0x0000000705200000, 0x0000000705200000, 0x0000000705400000|  0%| F|  |TAMS 0x0000000705200000, 0x0000000705200000| Untracked 
|  19|0x0000000705400000, 0x0000000705400000, 0x0000000705600000|  0%| F|  |TAMS 0x0000000705400000, 0x0000000705400000| Untracked 
|  20|0x0000000705600000, 0x0000000705600000, 0x0000000705800000|  0%| F|  |TAMS 0x0000000705600000, 0x0000000705600000| Untracked 
|  21|0x0000000705800000, 0x0000000705800000, 0x0000000705a00000|  0%| F|  |TAMS 0x0000000705800000, 0x0000000705800000| Untracked 
|  22|0x0000000705a00000, 0x0000000705a00000, 0x0000000705c00000|  0%| F|  |TAMS 0x0000000705a00000, 0x0000000705a00000| Untracked 
|  23|0x0000000705c00000, 0x0000000705c00000, 0x0000000705e00000|  0%| F|  |TAMS 0x0000000705c00000, 0x0000000705c00000| Untracked 
|  24|0x0000000705e00000, 0x0000000705e00000, 0x0000000706000000|  0%| F|  |TAMS 0x0000000705e00000, 0x0000000705e00000| Untracked 
|  25|0x0000000706000000, 0x0000000706000000, 0x0000000706200000|  0%| F|  |TAMS 0x0000000706000000, 0x0000000706000000| Untracked 
|  26|0x0000000706200000, 0x0000000706200000, 0x0000000706400000|  0%| F|  |TAMS 0x0000000706200000, 0x0000000706200000| Untracked 
|  27|0x0000000706400000, 0x0000000706400000, 0x0000000706600000|  0%| F|  |TAMS 0x0000000706400000, 0x0000000706400000| Untracked 
|  28|0x0000000706600000, 0x0000000706600000, 0x0000000706800000|  0%| F|  |TAMS 0x0000000706600000, 0x0000000706600000| Untracked 
|  29|0x0000000706800000, 0x0000000706800000, 0x0000000706a00000|  0%| F|  |TAMS 0x0000000706800000, 0x0000000706800000| Untracked 
|  30|0x0000000706a00000, 0x0000000706a00000, 0x0000000706c00000|  0%| F|  |TAMS 0x0000000706a00000, 0x0000000706a00000| Untracked 
|  31|0x0000000706c00000, 0x0000000706c00000, 0x0000000706e00000|  0%| F|  |TAMS 0x0000000706c00000, 0x0000000706c00000| Untracked 
|  32|0x0000000706e00000, 0x0000000706e00000, 0x0000000707000000|  0%| F|  |TAMS 0x0000000706e00000, 0x0000000706e00000| Untracked 
|  33|0x0000000707000000, 0x0000000707000000, 0x0000000707200000|  0%| F|  |TAMS 0x0000000707000000, 0x0000000707000000| Untracked 
|  34|0x0000000707200000, 0x0000000707200000, 0x0000000707400000|  0%| F|  |TAMS 0x0000000707200000, 0x0000000707200000| Untracked 
|  35|0x0000000707400000, 0x0000000707400000, 0x0000000707600000|  0%| F|  |TAMS 0x0000000707400000, 0x0000000707400000| Untracked 
|  36|0x0000000707600000, 0x0000000707600000, 0x0000000707800000|  0%| F|  |TAMS 0x0000000707600000, 0x0000000707600000| Untracked 
|  37|0x0000000707800000, 0x0000000707800000, 0x0000000707a00000|  0%| F|  |TAMS 0x0000000707800000, 0x0000000707800000| Untracked 
|  38|0x0000000707a00000, 0x0000000707a00000, 0x0000000707c00000|  0%| F|  |TAMS 0x0000000707a00000, 0x0000000707a00000| Untracked 
|  39|0x0000000707c00000, 0x0000000707c00000, 0x0000000707e00000|  0%| F|  |TAMS 0x0000000707c00000, 0x0000000707c00000| Untracked 
|  40|0x0000000707e00000, 0x0000000707e00000, 0x0000000708000000|  0%| F|  |TAMS 0x0000000707e00000, 0x0000000707e00000| Untracked 
|  41|0x0000000708000000, 0x0000000708000000, 0x0000000708200000|  0%| F|  |TAMS 0x0000000708000000, 0x0000000708000000| Untracked 
|  42|0x0000000708200000, 0x0000000708200000, 0x0000000708400000|  0%| F|  |TAMS 0x0000000708200000, 0x0000000708200000| Untracked 
|  43|0x0000000708400000, 0x0000000708400000, 0x0000000708600000|  0%| F|  |TAMS 0x0000000708400000, 0x0000000708400000| Untracked 
|  44|0x0000000708600000, 0x0000000708600000, 0x0000000708800000|  0%| F|  |TAMS 0x0000000708600000, 0x0000000708600000| Untracked 
|  45|0x0000000708800000, 0x0000000708800000, 0x0000000708a00000|  0%| F|  |TAMS 0x0000000708800000, 0x0000000708800000| Untracked 
|  46|0x0000000708a00000, 0x0000000708a00000, 0x0000000708c00000|  0%| F|  |TAMS 0x0000000708a00000, 0x0000000708a00000| Untracked 
|  47|0x0000000708c00000, 0x0000000708c00000, 0x0000000708e00000|  0%| F|  |TAMS 0x0000000708c00000, 0x0000000708c00000| Untracked 
|  48|0x0000000708e00000, 0x0000000708e00000, 0x0000000709000000|  0%| F|  |TAMS 0x0000000708e00000, 0x0000000708e00000| Untracked 
|  49|0x0000000709000000, 0x0000000709000000, 0x0000000709200000|  0%| F|  |TAMS 0x0000000709000000, 0x0000000709000000| Untracked 
|  50|0x0000000709200000, 0x0000000709200000, 0x0000000709400000|  0%| F|  |TAMS 0x0000000709200000, 0x0000000709200000| Untracked 
|  51|0x0000000709400000, 0x0000000709400000, 0x0000000709600000|  0%| F|  |TAMS 0x0000000709400000, 0x0000000709400000| Untracked 
|  52|0x0000000709600000, 0x0000000709600000, 0x0000000709800000|  0%| F|  |TAMS 0x0000000709600000, 0x0000000709600000| Untracked 
|  53|0x0000000709800000, 0x0000000709800000, 0x0000000709a00000|  0%| F|  |TAMS 0x0000000709800000, 0x0000000709800000| Untracked 
|  54|0x0000000709a00000, 0x0000000709a00000, 0x0000000709c00000|  0%| F|  |TAMS 0x0000000709a00000, 0x0000000709a00000| Untracked 
|  55|0x0000000709c00000, 0x0000000709c00000, 0x0000000709e00000|  0%| F|  |TAMS 0x0000000709c00000, 0x0000000709c00000| Untracked 
|  56|0x0000000709e00000, 0x0000000709e00000, 0x000000070a000000|  0%| F|  |TAMS 0x0000000709e00000, 0x0000000709e00000| Untracked 
|  57|0x000000070a000000, 0x000000070a000000, 0x000000070a200000|  0%| F|  |TAMS 0x000000070a000000, 0x000000070a000000| Untracked 
|  58|0x000000070a200000, 0x000000070a200000, 0x000000070a400000|  0%| F|  |TAMS 0x000000070a200000, 0x000000070a200000| Untracked 
|  59|0x000000070a400000, 0x000000070a400000, 0x000000070a600000|  0%| F|  |TAMS 0x000000070a400000, 0x000000070a400000| Untracked 
|  60|0x000000070a600000, 0x000000070a600000, 0x000000070a800000|  0%| F|  |TAMS 0x000000070a600000, 0x000000070a600000| Untracked 
|  61|0x000000070a800000, 0x000000070a800000, 0x000000070aa00000|  0%| F|  |TAMS 0x000000070a800000, 0x000000070a800000| Untracked 
|  62|0x000000070aa00000, 0x000000070aa00000, 0x000000070ac00000|  0%| F|  |TAMS 0x000000070aa00000, 0x000000070aa00000| Untracked 
|  63|0x000000070ac00000, 0x000000070ac00000, 0x000000070ae00000|  0%| F|  |TAMS 0x000000070ac00000, 0x000000070ac00000| Untracked 
|  64|0x000000070ae00000, 0x000000070ae00000, 0x000000070b000000|  0%| F|  |TAMS 0x000000070ae00000, 0x000000070ae00000| Untracked 
|  65|0x000000070b000000, 0x000000070b000000, 0x000000070b200000|  0%| F|  |TAMS 0x000000070b000000, 0x000000070b000000| Untracked 
|  66|0x000000070b200000, 0x000000070b200000, 0x000000070b400000|  0%| F|  |TAMS 0x000000070b200000, 0x000000070b200000| Untracked 
|  67|0x000000070b400000, 0x000000070b400000, 0x000000070b600000|  0%| F|  |TAMS 0x000000070b400000, 0x000000070b400000| Untracked 
|  68|0x000000070b600000, 0x000000070b600000, 0x000000070b800000|  0%| F|  |TAMS 0x000000070b600000, 0x000000070b600000| Untracked 
|  69|0x000000070b800000, 0x000000070b800000, 0x000000070ba00000|  0%| F|  |TAMS 0x000000070b800000, 0x000000070b800000| Untracked 
|  70|0x000000070ba00000, 0x000000070ba00000, 0x000000070bc00000|  0%| F|  |TAMS 0x000000070ba00000, 0x000000070ba00000| Untracked 
|  71|0x000000070bc00000, 0x000000070bc00000, 0x000000070be00000|  0%| F|  |TAMS 0x000000070bc00000, 0x000000070bc00000| Untracked 
|  72|0x000000070be00000, 0x000000070be00000, 0x000000070c000000|  0%| F|  |TAMS 0x000000070be00000, 0x000000070be00000| Untracked 
|  73|0x000000070c000000, 0x000000070c000000, 0x000000070c200000|  0%| F|  |TAMS 0x000000070c000000, 0x000000070c000000| Untracked 
|  74|0x000000070c200000, 0x000000070c200000, 0x000000070c400000|  0%| F|  |TAMS 0x000000070c200000, 0x000000070c200000| Untracked 
|  75|0x000000070c400000, 0x000000070c400000, 0x000000070c600000|  0%| F|  |TAMS 0x000000070c400000, 0x000000070c400000| Untracked 
|  76|0x000000070c600000, 0x000000070c600000, 0x000000070c800000|  0%| F|  |TAMS 0x000000070c600000, 0x000000070c600000| Untracked 
|  77|0x000000070c800000, 0x000000070c800000, 0x000000070ca00000|  0%| F|  |TAMS 0x000000070c800000, 0x000000070c800000| Untracked 
|  78|0x000000070ca00000, 0x000000070ca00000, 0x000000070cc00000|  0%| F|  |TAMS 0x000000070ca00000, 0x000000070ca00000| Untracked 
|  79|0x000000070cc00000, 0x000000070cc00000, 0x000000070ce00000|  0%| F|  |TAMS 0x000000070cc00000, 0x000000070cc00000| Untracked 
|  80|0x000000070ce00000, 0x000000070ce00000, 0x000000070d000000|  0%| F|  |TAMS 0x000000070ce00000, 0x000000070ce00000| Untracked 
|  81|0x000000070d000000, 0x000000070d000000, 0x000000070d200000|  0%| F|  |TAMS 0x000000070d000000, 0x000000070d000000| Untracked 
|  82|0x000000070d200000, 0x000000070d200000, 0x000000070d400000|  0%| F|  |TAMS 0x000000070d200000, 0x000000070d200000| Untracked 
|  83|0x000000070d400000, 0x000000070d400000, 0x000000070d600000|  0%| F|  |TAMS 0x000000070d400000, 0x000000070d400000| Untracked 
|  84|0x000000070d600000, 0x000000070d600000, 0x000000070d800000|  0%| F|  |TAMS 0x000000070d600000, 0x000000070d600000| Untracked 
|  85|0x000000070d800000, 0x000000070d800000, 0x000000070da00000|  0%| F|  |TAMS 0x000000070d800000, 0x000000070d800000| Untracked 
|  86|0x000000070da00000, 0x000000070da00000, 0x000000070dc00000|  0%| F|  |TAMS 0x000000070da00000, 0x000000070da00000| Untracked 
|  87|0x000000070dc00000, 0x000000070dc00000, 0x000000070de00000|  0%| F|  |TAMS 0x000000070dc00000, 0x000000070dc00000| Untracked 
|  88|0x000000070de00000, 0x000000070de00000, 0x000000070e000000|  0%| F|  |TAMS 0x000000070de00000, 0x000000070de00000| Untracked 
|  89|0x000000070e000000, 0x000000070e000000, 0x000000070e200000|  0%| F|  |TAMS 0x000000070e000000, 0x000000070e000000| Untracked 
|  90|0x000000070e200000, 0x000000070e200000, 0x000000070e400000|  0%| F|  |TAMS 0x000000070e200000, 0x000000070e200000| Untracked 
|  91|0x000000070e400000, 0x000000070e400000, 0x000000070e600000|  0%| F|  |TAMS 0x000000070e400000, 0x000000070e400000| Untracked 
|  92|0x000000070e600000, 0x000000070e600000, 0x000000070e800000|  0%| F|  |TAMS 0x000000070e600000, 0x000000070e600000| Untracked 
|  93|0x000000070e800000, 0x000000070e800000, 0x000000070ea00000|  0%| F|  |TAMS 0x000000070e800000, 0x000000070e800000| Untracked 
|  94|0x000000070ea00000, 0x000000070ea00000, 0x000000070ec00000|  0%| F|  |TAMS 0x000000070ea00000, 0x000000070ea00000| Untracked 
|  95|0x000000070ec00000, 0x000000070ec00000, 0x000000070ee00000|  0%| F|  |TAMS 0x000000070ec00000, 0x000000070ec00000| Untracked 
|  96|0x000000070ee00000, 0x000000070ee00000, 0x000000070f000000|  0%| F|  |TAMS 0x000000070ee00000, 0x000000070ee00000| Untracked 
|  97|0x000000070f000000, 0x000000070f000000, 0x000000070f200000|  0%| F|  |TAMS 0x000000070f000000, 0x000000070f000000| Untracked 
|  98|0x000000070f200000, 0x000000070f200000, 0x000000070f400000|  0%| F|  |TAMS 0x000000070f200000, 0x000000070f200000| Untracked 
|  99|0x000000070f400000, 0x000000070f400000, 0x000000070f600000|  0%| F|  |TAMS 0x000000070f400000, 0x000000070f400000| Untracked 
| 100|0x000000070f600000, 0x000000070f600000, 0x000000070f800000|  0%| F|  |TAMS 0x000000070f600000, 0x000000070f600000| Untracked 
| 101|0x000000070f800000, 0x000000070f800000, 0x000000070fa00000|  0%| F|  |TAMS 0x000000070f800000, 0x000000070f800000| Untracked 
| 102|0x000000070fa00000, 0x000000070fa00000, 0x000000070fc00000|  0%| F|  |TAMS 0x000000070fa00000, 0x000000070fa00000| Untracked 
| 103|0x000000070fc00000, 0x000000070fc00000, 0x000000070fe00000|  0%| F|  |TAMS 0x000000070fc00000, 0x000000070fc00000| Untracked 
| 104|0x000000070fe00000, 0x000000070fe00000, 0x0000000710000000|  0%| F|  |TAMS 0x000000070fe00000, 0x000000070fe00000| Untracked 
| 105|0x0000000710000000, 0x0000000710000000, 0x0000000710200000|  0%| F|  |TAMS 0x0000000710000000, 0x0000000710000000| Untracked 
| 106|0x0000000710200000, 0x0000000710200000, 0x0000000710400000|  0%| F|  |TAMS 0x0000000710200000, 0x0000000710200000| Untracked 
| 107|0x0000000710400000, 0x0000000710400000, 0x0000000710600000|  0%| F|  |TAMS 0x0000000710400000, 0x0000000710400000| Untracked 
| 108|0x0000000710600000, 0x0000000710600000, 0x0000000710800000|  0%| F|  |TAMS 0x0000000710600000, 0x0000000710600000| Untracked 
| 109|0x0000000710800000, 0x0000000710800000, 0x0000000710a00000|  0%| F|  |TAMS 0x0000000710800000, 0x0000000710800000| Untracked 
| 110|0x0000000710a00000, 0x0000000710a00000, 0x0000000710c00000|  0%| F|  |TAMS 0x0000000710a00000, 0x0000000710a00000| Untracked 
| 111|0x0000000710c00000, 0x0000000710c00000, 0x0000000710e00000|  0%| F|  |TAMS 0x0000000710c00000, 0x0000000710c00000| Untracked 
| 112|0x0000000710e00000, 0x0000000710e00000, 0x0000000711000000|  0%| F|  |TAMS 0x0000000710e00000, 0x0000000710e00000| Untracked 
| 113|0x0000000711000000, 0x0000000711000000, 0x0000000711200000|  0%| F|  |TAMS 0x0000000711000000, 0x0000000711000000| Untracked 
| 114|0x0000000711200000, 0x0000000711200000, 0x0000000711400000|  0%| F|  |TAMS 0x0000000711200000, 0x0000000711200000| Untracked 
| 115|0x0000000711400000, 0x0000000711400000, 0x0000000711600000|  0%| F|  |TAMS 0x0000000711400000, 0x0000000711400000| Untracked 
| 116|0x0000000711600000, 0x00000007117eb9c0, 0x0000000711800000| 96%| E|  |TAMS 0x0000000711600000, 0x0000000711600000| Complete 
| 117|0x0000000711800000, 0x0000000711a00000, 0x0000000711a00000|100%| E|CS|TAMS 0x0000000711800000, 0x0000000711800000| Complete 
| 118|0x0000000711a00000, 0x0000000711c00000, 0x0000000711c00000|100%| E|CS|TAMS 0x0000000711a00000, 0x0000000711a00000| Complete 
| 119|0x0000000711c00000, 0x0000000711e00000, 0x0000000711e00000|100%| E|  |TAMS 0x0000000711c00000, 0x0000000711c00000| Complete 
| 120|0x0000000711e00000, 0x0000000712000000, 0x0000000712000000|100%| E|CS|TAMS 0x0000000711e00000, 0x0000000711e00000| Complete 
| 121|0x0000000712000000, 0x0000000712200000, 0x0000000712200000|100%| E|CS|TAMS 0x0000000712000000, 0x0000000712000000| Complete 
| 122|0x0000000712200000, 0x0000000712400000, 0x0000000712400000|100%| E|CS|TAMS 0x0000000712200000, 0x0000000712200000| Complete 
| 123|0x0000000712400000, 0x0000000712600000, 0x0000000712600000|100%| E|CS|TAMS 0x0000000712400000, 0x0000000712400000| Complete 
| 124|0x0000000712600000, 0x0000000712800000, 0x0000000712800000|100%| E|CS|TAMS 0x0000000712600000, 0x0000000712600000| Complete 
| 125|0x0000000712800000, 0x0000000712a00000, 0x0000000712a00000|100%| E|CS|TAMS 0x0000000712800000, 0x0000000712800000| Complete 
| 126|0x0000000712a00000, 0x0000000712c00000, 0x0000000712c00000|100%| E|CS|TAMS 0x0000000712a00000, 0x0000000712a00000| Complete 

Card table byte_map: [0x000002bbf9690000,0x000002bbf9e80000] _byte_map_base: 0x000002bbf5e79000

Marking Bits (Prev, Next): (CMBitMap*) 0x000002bbe16b5230, (CMBitMap*) 0x000002bbe16b5270
 Prev Bits: [0x000002bbfa670000, 0x000002bbfe5b8000)
 Next Bits: [0x000002bb80000000, 0x000002bb83f48000)

Polling page: 0x000002bbdf4f0000

Metaspace:

Usage:
  Non-class:      7.18 MB capacity,     4.51 MB ( 63%) used,     2.67 MB ( 37%) free+waste,     3.56 KB ( <1%) overhead. 
      Class:    617.00 KB capacity,   324.93 KB ( 53%) used,   291.26 KB ( 47%) free+waste,   832 bytes ( <1%) overhead. 
       Both:      7.78 MB capacity,     4.82 MB ( 62%) used,     2.95 MB ( 38%) free+waste,     4.38 KB ( <1%) overhead. 

Virtual space:
  Non-class space:        8.00 MB reserved,       7.50 MB ( 94%) committed 
      Class space:        1.00 GB reserved,     640.00 KB ( <1%) committed 
             Both:        1.01 GB reserved,       8.13 MB ( <1%) committed 

Chunk freelists:
   Non-Class:  139.00 KB
       Class:  23.00 KB
        Both:  162.00 KB

MaxMetaspaceSize: 17179869184.00 GB
CompressedClassSpaceSize: 1.00 GB

CodeHeap 'non-profiled nmethods': size=120000Kb used=786Kb max_used=786Kb free=119213Kb
 bounds [0x000002bbf1640000, 0x000002bbf18b0000, 0x000002bbf8b70000]
CodeHeap 'profiled nmethods': size=120000Kb used=2042Kb max_used=2042Kb free=117957Kb
 bounds [0x000002bbea110000, 0x000002bbea380000, 0x000002bbf1640000]
CodeHeap 'non-nmethods': size=5760Kb used=1285Kb max_used=1368Kb free=4474Kb
 bounds [0x000002bbe9b70000, 0x000002bbe9de0000, 0x000002bbea110000]
 total_blobs=1907 nmethods=1329 adapters=491
 compilation: enabled
              stopped_count=0, restarted_count=0
 full_count=0

Compilation events (20 events):
Event: 127.152 Thread 0x000002bbff00b350 1323       4       com.badlogic.gdx.backends.lwjgl.DefaultLwjglInput::updateMouse (321 bytes)
Event: 127.215 Thread 0x000002bbff00b350 nmethod 1323 0x000002bbf16e5c90 code [0x000002bbf16e6000, 0x000002bbf16e8388]
Event: 127.215 Thread 0x000002bbff00b350 1324       4       org.lwjgl.opengl.Display::sync (5 bytes)
Event: 127.216 Thread 0x000002bb9294fb40 1320   !   4       com.badlogic.gdx.backends.lwjgl.LwjglApplication::executeRunnables (98 bytes)
Event: 127.216 Thread 0x000002bbff00b350 nmethod 1324 0x000002bbf16e9490 code [0x000002bbf16e9620, 0x000002bbf16e9688]
Event: 127.216 Thread 0x000002bbff00b350 1321       4       com.badlogic.gdx.backends.lwjgl.DefaultLwjglInput::update (13 bytes)
Event: 127.216 Thread 0x000002bbff00b350 nmethod 1321 0x000002bbf16e9790 code [0x000002bbf16e9940, 0x000002bbf16e9a18]
Event: 127.216 Thread 0x000002bbff00b350 1322       4       com.badlogic.gdx.backends.lwjgl.DefaultLwjglInput::updateTime (24 bytes)
Event: 127.216 Thread 0x000002bbff00b350 nmethod 1322 0x000002bbf16e9b10 code [0x000002bbf16e9ca0, 0x000002bbf16e9d38]
Event: 127.217 Thread 0x000002bb9294fb40 nmethod 1320 0x000002bbf16e9e10 code [0x000002bbf16e9fa0, 0x000002bbf16ea2d8]
Event: 129.285 Thread 0x000002bbff00b350 1325       4       com.mygdx.game.MyGdxGame::render (201 bytes)
Event: 129.285 Thread 0x000002bb9294fb40 1326       4       com.badlogic.gdx.utils.ScreenUtils::clear (9 bytes)
Event: 129.289 Thread 0x000002bb9294fb40 nmethod 1326 0x000002bbf16ea510 code [0x000002bbf16ea6c0, 0x000002bbf16ea978]
Event: 129.289 Thread 0x000002bb9294fb40 1329       4       com.mygdx.game.Portals::renderPortals (58 bytes)
Event: 129.313 Thread 0x000002bb9294fb40 nmethod 1329 0x000002bbf16ead10 code [0x000002bbf16eaf80, 0x000002bbf16ebb20]
Event: 129.313 Thread 0x000002bb9294fb40 1328       4       com.mygdx.game.Entity::updateReflection (704 bytes)
Event: 129.359 Thread 0x000002bbff00b350 nmethod 1325 0x000002bbf16ec710 code [0x000002bbf16ecb40, 0x000002bbf16ee9e0]
Event: 131.134 Thread 0x000002bbff00e4f0 1330       3       org.lwjgl.opengl.WindowsDisplay::handleKeyButton (93 bytes)
Event: 131.134 Thread 0x000002bbff00e4f0 nmethod 1330 0x000002bbea30e490 code [0x000002bbea30e640, 0x000002bbea30e8e8]
Event: 131.298 Thread 0x000002bb9294fb40 nmethod 1328 0x000002bbf16f0b90 code [0x000002bbf16f1680, 0x000002bbf16fbcb8]

GC Heap History (0 events):
No events

Deoptimization events (20 events):
Event: 10.921 Thread 0x000002bb861b7380 Uncommon trap: trap_request=0xffffffde fr.pc=0x000002bbf169d48c relative=0x00000000000003ec
Event: 10.921 Thread 0x000002bb861b7380 Uncommon trap: reason=class_check action=maybe_recompile pc=0x000002bbf169d48c method=com.badlogic.gdx.graphics.Mesh.bind(Lcom/badlogic/gdx/graphics/glutils/ShaderProgram;[I)V @ 6 c2
Event: 10.921 Thread 0x000002bb861b7380 DEOPT PACKING pc=0x000002bbf169d48c sp=0x000000e385ffebd0
Event: 10.921 Thread 0x000002bb861b7380 DEOPT UNPACKING pc=0x000002bbe9bbe42f sp=0x000000e385ffeaa0 mode 2
Event: 10.938 Thread 0x000002bb861b7380 Uncommon trap: trap_request=0xffffffde fr.pc=0x000002bbf169d48c relative=0x00000000000003ec
Event: 10.938 Thread 0x000002bb861b7380 Uncommon trap: reason=class_check action=maybe_recompile pc=0x000002bbf169d48c method=com.badlogic.gdx.graphics.Mesh.bind(Lcom/badlogic/gdx/graphics/glutils/ShaderProgram;[I)V @ 6 c2
Event: 10.938 Thread 0x000002bb861b7380 DEOPT PACKING pc=0x000002bbf169d48c sp=0x000000e385ffebd0
Event: 10.938 Thread 0x000002bb861b7380 DEOPT UNPACKING pc=0x000002bbe9bbe42f sp=0x000000e385ffeaa0 mode 2
Event: 10.955 Thread 0x000002bb861b7380 Uncommon trap: trap_request=0xffffffde fr.pc=0x000002bbf169e9f0 relative=0x00000000000000d0
Event: 10.955 Thread 0x000002bb861b7380 Uncommon trap: reason=class_check action=maybe_recompile pc=0x000002bbf169e9f0 method=com.badlogic.gdx.graphics.Mesh.bind(Lcom/badlogic/gdx/graphics/glutils/ShaderProgram;[I)V @ 6 c2
Event: 10.955 Thread 0x000002bb861b7380 DEOPT PACKING pc=0x000002bbf169e9f0 sp=0x000000e385ffeb20
Event: 10.955 Thread 0x000002bb861b7380 DEOPT UNPACKING pc=0x000002bbe9bbe42f sp=0x000000e385ffeab8 mode 2
Event: 136.453 Thread 0x000002bb861b7380 Uncommon trap: trap_request=0xffffff45 fr.pc=0x000002bbf16ea1f8 relative=0x0000000000000258
Event: 136.453 Thread 0x000002bb861b7380 Uncommon trap: reason=unstable_if action=reinterpret pc=0x000002bbf16ea1f8 method=com.badlogic.gdx.backends.lwjgl.LwjglApplication.executeRunnables()Z @ 18 c2
Event: 136.453 Thread 0x000002bb861b7380 DEOPT PACKING pc=0x000002bbf16ea1f8 sp=0x000000e385ffef60
Event: 136.453 Thread 0x000002bb861b7380 DEOPT UNPACKING pc=0x000002bbe9bbe42f sp=0x000000e385ffef18 mode 2
Event: 136.453 Thread 0x000002bb861b7380 Uncommon trap: trap_request=0xffffff45 fr.pc=0x000002bbf16cbc0c relative=0x000000000000008c
Event: 136.453 Thread 0x000002bb861b7380 Uncommon trap: reason=unstable_if action=reinterpret pc=0x000002bbf16cbc0c method=java.util.Arrays.fill([Ljava/lang/Object;IILjava/lang/Object;)V @ 13 c2
Event: 136.453 Thread 0x000002bb861b7380 DEOPT PACKING pc=0x000002bbf16cbc0c sp=0x000000e385ffef10
Event: 136.453 Thread 0x000002bb861b7380 DEOPT UNPACKING pc=0x000002bbe9bbe42f sp=0x000000e385ffee28 mode 2

Classes unloaded (0 events):
No events

Classes redefined (0 events):
No events

Internal exceptions (0 events):
No events

Events (20 events):
Event: 1.525 Loaded shared library C:\Users\StefanieZuccarini\AppData\Local\Temp\libgdxStefanieZuccarini\1cecf4f6\lwjgl64.dll
Event: 1.823 Loaded shared library C:\Users\StefanieZuccarini\AppData\Local\Temp\libgdxStefanieZuccarini\1cecf4f6\lwjgl64.dll
Event: 1.895 Loaded shared library C:\Program Files\Zulu\zulu-15\bin\java.dll
Event: 2.006 Loaded shared library C:\Users\StefanieZuccarini\AppData\Local\Temp\libgdxStefanieZuccarini\1cecf4f6\lwjgl64.dll
Event: 2.804 Loaded shared library C:\Program Files\Zulu\zulu-15\bin\java.dll
Event: 2.807 Loaded shared library C:\Users\StefanieZuccarini\AppData\Local\Temp\libgdxStefanieZuccarini\1cecf4f6\lwjgl64.dll
Event: 3.341 Loaded shared library C:\Users\StefanieZuccarini\AppData\Local\Temp\libgdxStefanieZuccarini\1cecf4f6\lwjgl64.dll
Event: 3.343 Loaded shared library C:\Users\StefanieZuccarini\AppData\Local\Temp\libgdxStefanieZuccarini\1cecf4f6\lwjgl64.dll
Event: 3.346 Loaded shared library C:\Users\StefanieZuccarini\AppData\Local\Temp\libgdxStefanieZuccarini\1cecf4f6\lwjgl64.dll
Event: 5.440 Loaded shared library C:\Users\StefanieZuccarini\AppData\Local\Temp\libgdxStefanieZuccarini\1cecf4f6\lwjgl64.dll
Event: 9.706 Loaded shared library C:\Users\StefanieZuccarini\AppData\Local\Temp\libgdxStefanieZuccarini\e1cd32f8\gdx64.dll
Event: 9.723 Loaded shared library C:\Users\StefanieZuccarini\AppData\Local\Temp\libgdxStefanieZuccarini\1cecf4f6\lwjgl64.dll
Event: 9.725 Loaded shared library C:\Users\StefanieZuccarini\AppData\Local\Temp\libgdxStefanieZuccarini\1cecf4f6\lwjgl64.dll
Event: 14.073 Loaded shared library C:\Users\StefanieZuccarini\AppData\Local\Temp\libgdxStefanieZuccarini\1cecf4f6\lwjgl64.dll
Event: 14.074 Loaded shared library C:\Users\StefanieZuccarini\AppData\Local\Temp\libgdxStefanieZuccarini\1cecf4f6\lwjgl64.dll
Event: 19.406 Loaded shared library C:\Users\StefanieZuccarini\AppData\Local\Temp\libgdxStefanieZuccarini\1cecf4f6\lwjgl64.dll
Event: 19.409 Loaded shared library C:\Users\StefanieZuccarini\AppData\Local\Temp\libgdxStefanieZuccarini\1cecf4f6\lwjgl64.dll
Event: 22.639 Loaded shared library C:\Users\StefanieZuccarini\AppData\Local\Temp\libgdxStefanieZuccarini\1cecf4f6\lwjgl64.dll
Event: 127.215 Thread 0x000002bb9294fb40 Thread added: 0x000002bb9294fb40
Event: 136.299 Thread 0x000002bb9294fb40 Thread exited: 0x000002bb9294fb40


Dynamic libraries:
0x00007ff696c00000 - 0x00007ff696c0d000 	C:\Program Files\Zulu\zulu-15\bin\java.exe
0x00007ffa899a0000 - 0x00007ffa89b90000 	C:\Windows\SYSTEM32\ntdll.dll
0x00007ffa892d0000 - 0x00007ffa89382000 	C:\Windows\System32\KERNEL32.DLL
0x00007ffa875f0000 - 0x00007ffa87895000 	C:\Windows\System32\KERNELBASE.dll
0x00007ffa874a0000 - 0x00007ffa8759a000 	C:\Windows\System32\ucrtbase.dll
0x00007ffa2b5c0000 - 0x00007ffa2b5d5000 	C:\Program Files\Zulu\zulu-15\bin\VCRUNTIME140.dll
0x00007ffa2b5a0000 - 0x00007ffa2b5b8000 	C:\Program Files\Zulu\zulu-15\bin\jli.dll
0x00007ffa87a50000 - 0x00007ffa87be4000 	C:\Windows\System32\USER32.dll
0x00007ffa87a20000 - 0x00007ffa87a41000 	C:\Windows\System32\win32u.dll
0x00007ffa667b0000 - 0x00007ffa66a34000 	C:\Windows\WinSxS\amd64_microsoft.windows.common-controls_6595b64144ccf1df_6.0.18362.1139_none_9e7bf2d3e4605ac6\COMCTL32.dll
0x00007ffa89140000 - 0x00007ffa89166000 	C:\Windows\System32\GDI32.dll
0x00007ffa87f00000 - 0x00007ffa87f9e000 	C:\Windows\System32\msvcrt.dll
0x00007ffa871b0000 - 0x00007ffa87346000 	C:\Windows\System32\gdi32full.dll
0x00007ffa881e0000 - 0x00007ffa88515000 	C:\Windows\System32\combase.dll
0x00007ffa878a0000 - 0x00007ffa8793e000 	C:\Windows\System32\msvcp_win.dll
0x00007ffa88870000 - 0x00007ffa88990000 	C:\Windows\System32\RPCRT4.dll
0x00007ffa87940000 - 0x00007ffa879c0000 	C:\Windows\System32\bcryptPrimitives.dll
0x00007ffa887a0000 - 0x00007ffa887ce000 	C:\Windows\System32\IMM32.DLL
0x00007ffa00020000 - 0x00007ffa000bb000 	C:\Program Files\Zulu\zulu-15\bin\msvcp140.dll
0x00007ff9ff480000 - 0x00007ffa00012000 	C:\Program Files\Zulu\zulu-15\bin\server\jvm.dll
0x00007ffa88990000 - 0x00007ffa88a33000 	C:\Windows\System32\ADVAPI32.dll
0x00007ffa887d0000 - 0x00007ffa88867000 	C:\Windows\System32\sechost.dll
0x00007ffa89130000 - 0x00007ffa89138000 	C:\Windows\System32\PSAPI.DLL
0x00007ffa83190000 - 0x00007ffa831b4000 	C:\Windows\SYSTEM32\WINMM.dll
0x00007ffa6f4d0000 - 0x00007ffa6f4d9000 	C:\Windows\SYSTEM32\WSOCK32.dll
0x00007ffa7d320000 - 0x00007ffa7d32a000 	C:\Windows\SYSTEM32\VERSION.dll
0x00007ffa89170000 - 0x00007ffa891df000 	C:\Windows\System32\WS2_32.dll
0x00007ffa83160000 - 0x00007ffa8318d000 	C:\Windows\SYSTEM32\WINMMBASE.dll
0x00007ffa875a0000 - 0x00007ffa875ea000 	C:\Windows\System32\cfgmgr32.dll
0x00007ffa868e0000 - 0x00007ffa868f1000 	C:\Windows\System32\kernel.appcore.dll
0x00007ffa57390000 - 0x00007ffa5739a000 	C:\Program Files\Zulu\zulu-15\bin\jimage.dll
0x00007ffa6bef0000 - 0x00007ffa6c0e4000 	C:\Windows\SYSTEM32\DBGHELP.DLL
0x00007ffa6aae0000 - 0x00007ffa6ab0a000 	C:\Windows\SYSTEM32\dbgcore.DLL
0x00007ffa27b60000 - 0x00007ffa27b85000 	C:\Program Files\Zulu\zulu-15\bin\java.dll
0x00007ffa88a40000 - 0x00007ffa89127000 	C:\Windows\System32\SHELL32.dll
0x00007ffa87cc0000 - 0x00007ffa87d69000 	C:\Windows\System32\shcore.dll
0x00007ffa86a00000 - 0x00007ffa87180000 	C:\Windows\System32\windows.storage.dll
0x00007ffa86900000 - 0x00007ffa86923000 	C:\Windows\System32\profapi.dll
0x00007ffa86870000 - 0x00007ffa868ba000 	C:\Windows\System32\powrprof.dll
0x00007ffa86860000 - 0x00007ffa86870000 	C:\Windows\System32\UMPDC.dll
0x00007ffa88740000 - 0x00007ffa88792000 	C:\Windows\System32\shlwapi.dll
0x00007ffa86930000 - 0x00007ffa86947000 	C:\Windows\System32\cryptsp.dll
0x00007ffa27680000 - 0x00007ffa27699000 	C:\Program Files\Zulu\zulu-15\bin\net.dll
0x00007ffa81ba0000 - 0x00007ffa81c90000 	C:\Windows\SYSTEM32\WINHTTP.dll
0x00007ffa860b0000 - 0x00007ffa86117000 	C:\Windows\system32\mswsock.dll
0x00007ffa22f30000 - 0x00007ffa22f42000 	C:\Program Files\Zulu\zulu-15\bin\nio.dll
0x00007ffa22f10000 - 0x00007ffa22f28000 	C:\Program Files\Zulu\zulu-15\bin\zip.dll
0x000000006e700000 - 0x000000006e72a000 	C:\Users\StefanieZuccarini\AppData\Local\Temp\libgdxStefanieZuccarini\e1cd32f8\gdx64.dll
0x00007ffa49ff0000 - 0x00007ffa4a000000 	C:\Program Files\Zulu\zulu-15\bin\verify.dll
0x0000000180000000 - 0x0000000180053000 	C:\Users\StefanieZuccarini\AppData\Local\Temp\libgdxStefanieZuccarini\1cecf4f6\lwjgl64.dll
0x00007ffa46d40000 - 0x00007ffa46e96000 	C:\Windows\SYSTEM32\OPENGL32.dll
0x00007ffa50920000 - 0x00007ffa5094c000 	C:\Windows\SYSTEM32\GLU32.dll
0x00007ffa85240000 - 0x00007ffa85260000 	C:\Windows\SYSTEM32\dxcore.dll
0x000002bbffd80000 - 0x000002bbffde4000 	C:\Users\STEFAN~1\AppData\Local\Temp\libgdxStefanieZuccarini\1cecf4f6\OpenAL64.dll
0x00007ffa89800000 - 0x00007ffa89957000 	C:\Windows\System32\ole32.dll
0x00007ffa84830000 - 0x00007ffa848c9000 	C:\Windows\system32\uxtheme.dll
0x00007ffa88520000 - 0x00007ffa885c2000 	C:\Windows\System32\clbcatq.dll
0x00007ff9ff3e0000 - 0x00007ff9ff479000 	C:\Windows\SYSTEM32\dsound.dll
0x00007ffa7c400000 - 0x00007ffa7c472000 	C:\Windows\System32\MMDevApi.dll
0x00007ffa86650000 - 0x00007ffa8667a000 	C:\Windows\System32\DEVOBJ.dll
0x00007ffa79710000 - 0x00007ffa7986d000 	C:\Windows\SYSTEM32\AUDIOSES.DLL
0x00007ffa87e30000 - 0x00007ffa87ef5000 	C:\Windows\System32\OLEAUT32.dll
0x00007ffa81da0000 - 0x00007ffa81ef3000 	C:\Windows\SYSTEM32\wintypes.dll
0x00007ffa81230000 - 0x00007ffa812de000 	C:\Windows\SYSTEM32\mscms.dll
0x00007ffa86780000 - 0x00007ffa867a5000 	C:\Windows\SYSTEM32\USERENV.dll
0x00007ffa81210000 - 0x00007ffa81227000 	C:\Windows\SYSTEM32\ColorAdapterClient.dll
0x00007ffa826c0000 - 0x00007ffa826da000 	C:\Windows\System32\Windows.Internal.Graphics.Display.DisplayColorManagement.dll
0x00007ffa885d0000 - 0x00007ffa88705000 	C:\Windows\System32\MSCTF.dll
0x00007ffa6eae0000 - 0x00007ffa6eb7e000 	C:\Windows\System32\TextInputFramework.dll
0x00007ffa81f00000 - 0x00007ffa8222a000 	C:\Windows\System32\CoreUIComponents.dll
0x00007ffa84460000 - 0x00007ffa84534000 	C:\Windows\System32\CoreMessaging.dll
0x00007ffa85730000 - 0x00007ffa85761000 	C:\Windows\SYSTEM32\ntmarta.dll
0x00007ffa6c0f0000 - 0x00007ffa6c397000 	C:\Windows\System32\iertutil.dll
0x00007ff9fbc90000 - 0x00007ff9fcba7000 	C:\Windows\System32\DriverStore\FileRepository\iigd_dch.inf_amd64_dc945736c722f2b5\ig9icd64.dll
0x00007ffa84bb0000 - 0x00007ffa84bdd000 	C:\Windows\system32\dwmapi.dll
0x00007ffa852d0000 - 0x00007ffa853bb000 	C:\Windows\system32\dxgi.dll
0x00007ffa7c250000 - 0x00007ffa7c3f4000 	C:\Windows\System32\DriverStore\FileRepository\iigd_dch.inf_amd64_dc945736c722f2b5\igdgmm64.dll
0x00007ffa22ec0000 - 0x00007ffa22f03000 	C:\Windows\SYSTEM32\icm32.dll
0x00007ff9ff080000 - 0x00007ff9ff3db000 	C:\Windows\System32\DriverStore\FileRepository\iigd_dch.inf_amd64_dc945736c722f2b5\igdml64.dll
0x00007ffa79c40000 - 0x00007ffa7c241000 	C:\Windows\System32\DriverStore\FileRepository\iigd_dch.inf_amd64_dc945736c722f2b5\igc64.dll
0x0000000066b00000 - 0x0000000066b5b000 	C:\Users\StefanieZuccarini\AppData\Local\Temp\libgdxStefanieZuccarini\a14961b7\gdx-box2d64.dll

dbghelp: loaded successfully - version: 4.0.5 - missing functions: none
symbol engine: initialized successfully - sym options: 0x614 - pdb path: .;C:\Program Files\Zulu\zulu-15\bin;C:\Windows\SYSTEM32;C:\Windows\WinSxS\amd64_microsoft.windows.common-controls_6595b64144ccf1df_6.0.18362.1139_none_9e7bf2d3e4605ac6;C:\Program Files\Zulu\zulu-15\bin\server;C:\Users\StefanieZuccarini\AppData\Local\Temp\libgdxStefanieZuccarini\e1cd32f8;C:\Users\StefanieZuccarini\AppData\Local\Temp\libgdxStefanieZuccarini\1cecf4f6;C:\Users\STEFAN~1\AppData\Local\Temp\libgdxStefanieZuccarini\1cecf4f6;C:\Windows\System32\DriverStore\FileRepository\iigd_dch.inf_amd64_dc945736c722f2b5;C:\Users\StefanieZuccarini\AppData\Local\Temp\libgdxStefanieZuccarini\a14961b7

VM Arguments:
jvm_args: -Dfile.encoding=windows-1252 -Duser.country=CA -Duser.language=en -Duser.variant 
java_command: com.mygdx.game.desktop.DesktopLauncher
java_class_path (initial): C:\Users\StefanieZuccarini\Documents\GitHub\PortalGame\PortalGame\desktop\build\classes\java\main;C:\Users\StefanieZuccarini\Documents\GitHub\PortalGame\PortalGame\desktop\build\resources\main;C:\Users\StefanieZuccarini\.gradle\caches\modules-2\files-2.1\com.badlogicgames.gdx\gdx-tools\1.10.0\d699cf4953fb42a071c7c3feb9b5c45601aa6a4b\gdx-tools-1.10.0.jar;C:\Users\StefanieZuccarini\.gradle\caches\modules-2\files-2.1\com.badlogicgames.gdx\gdx-backend-lwjgl\1.10.0\58ff89d9e4fd8a82591367f187d606e781cacc05\gdx-backend-lwjgl-1.10.0.jar;C:\Users\StefanieZuccarini\.gradle\caches\modules-2\files-2.1\com.badlogicgames.gdx\gdx-platform\1.10.0\9a8fa793d2fd6d360afc6c9e4c1f5583da263b88\gdx-platform-1.10.0-natives-desktop.jar;C:\Users\StefanieZuccarini\.gradle\caches\modules-2\files-2.1\com.badlogicgames.gdx\gdx-box2d-platform\1.10.0\588c4191c5a64ed39365e71484aa37d81c38eb5e\gdx-box2d-platform-1.10.0-natives-desktop.jar;C:\Users\StefanieZuccarini\.gradle\caches\modules-2\files-2.1\com.badlogicgames.gdx\gdx-bullet-platform\1.10.0\ce92e8dfc762523d769cbc50853163c03bf98cf1\gdx-bullet-platform-1.10.0-natives-desktop.jar;C:\Users\StefanieZuccarini\.gradle\caches\modules-2\files-2.1\com.badlogicgames.gdx\gdx-freetype-platform\1.10.0\6e5d28752759e69384f12e4569d2c884ff71352f\gdx-freetype-platform-1.10.0-natives-desktop.jar;C:\Users\StefanieZuccarini\Documents\GitHub\PortalGame\PortalGame\core\build\libs\core-1.0.jar;C:\Users\StefanieZuccarini\.gradle\caches\modules-2\files-2.1\com.badlogicgames.gdx\gdx-backend-headless\1.10.0\990eadbb431197c5b9b816d1659c772e0268e65\gdx-backend-headless-1.10.0.jar;C:\Users\StefanieZuccarini\.gradle\caches\modules-2\files-2.1\com.badlogicgames.gdx\gdx-freetype\1.10.0\de1d0d5c1e92e8d91364256fd6b7bb279d3e9859\gdx-freetype-1.10.0.jar;C:\Users\StefanieZuccarini\.gradle\caches\modules-2\files-2.1\com.badlogicgames.box2dlights\box2dlights\1.5\6902dbcd250c95a27973aa24a147a95b3828d348\box2dlights-1.5.jar;C:\Users\StefanieZuccarini\.gradle\
Launcher Type: SUN_STANDARD

[Global flags]
     intx CICompilerCount                          = 4                                         {product} {ergonomic}
     uint ConcGCThreads                            = 2                                         {product} {ergonomic}
     uint G1ConcRefinementThreads                  = 8                                         {product} {ergonomic}
   size_t G1HeapRegionSize                         = 2097152                                   {product} {ergonomic}
    uintx GCDrainStackTargetSize                   = 64                                        {product} {ergonomic}
   size_t InitialHeapSize                          = 266338304                                 {product} {ergonomic}
   size_t MarkStackSize                            = 4194304                                   {product} {ergonomic}
   size_t MaxHeapSize                              = 4246732800                                {product} {ergonomic}
   size_t MaxNewSize                               = 2548039680                                {product} {ergonomic}
   size_t MinHeapDeltaBytes                        = 2097152                                   {product} {ergonomic}
   size_t MinHeapSize                              = 8388608                                   {product} {ergonomic}
    uintx NonNMethodCodeHeapSize                   = 5839372                                {pd product} {ergonomic}
    uintx NonProfiledCodeHeapSize                  = 122909434                              {pd product} {ergonomic}
    uintx ProfiledCodeHeapSize                     = 122909434                              {pd product} {ergonomic}
    uintx ReservedCodeCacheSize                    = 251658240                              {pd product} {ergonomic}
     bool SegmentedCodeCache                       = true                                      {product} {ergonomic}
   size_t SoftMaxHeapSize                          = 4246732800                             {manageable} {ergonomic}
     bool UseCompressedClassPointers               = true                                 {lp64_product} {ergonomic}
     bool UseCompressedOops                        = true                                 {lp64_product} {ergonomic}
     bool UseG1GC                                  = true                                      {product} {ergonomic}
     bool UseLargePagesIndividualAllocation        = false                                  {pd product} {ergonomic}

Logging:
Log output configuration:
 #0: stdout all=warning uptime,level,tags
 #1: stderr all=off uptime,level,tags

Environment Variables:
PATH=C:\Program Files\Zulu\zulu-15\bin\;C:\Program Files\Common Files\Oracle\Java\javapath;C:\Program Files (x86)\Common Files\Oracle\Java\javapath;C:\Windows\system32;C:\Windows;C:\Windows\System32\Wbem;C:\Windows\System32\WindowsPowerShell\v1.0\;C:\Windows\System32\OpenSSH\;C:\Program Files\Git\cmd;C:\Users\StefanieZuccarini\AppData\Local\Microsoft\WindowsApps;C:\Program Files\JetBrains\IntelliJ IDEA Community Edition 2021.3\bin;;C:\Users\StefanieZuccarini\AppData\Local\GitHubDesktop\bin
USERNAME=StefanieZuccarini
OS=Windows_NT
PROCESSOR_IDENTIFIER=Intel64 Family 6 Model 142 Stepping 12, GenuineIntel



---------------  S Y S T E M  ---------------

OS:
 Windows 10 , 64 bit Build 18362 (10.0.18362.1110)
OS uptime: 0 days 2:29 hours

CPU: total 8 (initial active 8) (4 cores per cpu, 2 threads per core) family 6 model 142 stepping 12 microcode 0xca, cmov, cx8, fxsr, mmx, sse, sse2, sse3, ssse3, sse4.1, sse4.2, popcnt, vzeroupper, avx, avx2, aes, clmul, erms, 3dnowpref, lzcnt, ht, tsc, tscinvbit, bmi1, bmi2, adx, fma, clflush, clflushopt

Memory: 4k page, system-wide physical 16198M (8293M free)
TotalPageFile size 20166M (AvailPageFile size 11253M)
current process WorkingSet (physical memory assigned to process): 156M, peak: 205M
current process commit charge ("private bytes"): 465M, peak: 503M

vm_info: OpenJDK 64-Bit Server VM (15.0.5+3-MTS) for windows-amd64 JRE (15.0.5+3-MTS) (Zulu15.36+13-CA), built on Oct  8 2021 11:07:26 by "zulu_re" with MS VC++ 15.9 (VS2017)

END.
