#
# A fatal error has been detected by the Java Runtime Environment:
#
#  EXCEPTION_ACCESS_VIOLATION (0xc0000005) at pc=0x0000000066b0cfa7, pid=15140, tid=7780
#
# JRE version: OpenJDK Runtime Environment Zulu15.36+13-CA (15.0.5+3) (build 15.0.5+3-MTS)
# Java VM: OpenJDK 64-Bit Server VM Zulu15.36+13-CA (15.0.5+3-MTS, mixed mode, sharing, tiered, compressed oops, g1 gc, windows-amd64)
# Problematic frame:
# C  [gdx-box2d64.dll+0xcfa7]
#
# No core dump will be written. Minidumps are not enabled by default on client versions of Windows
#
# If you would like to submit a bug report, please visit:
#   http://www.azul.com/support/
# The crash happened outside the Java Virtual Machine in native code.
# See problematic frame for where to report the bug.
#

---------------  S U M M A R Y ------------

Command Line: -javaagent:C:\Program Files\JetBrains\IntelliJ IDEA Community Edition 2021.3\lib\idea_rt.jar=59819:C:\Program Files\JetBrains\IntelliJ IDEA Community Edition 2021.3\bin -Dfile.encoding=UTF-8 com.mygdx.game.desktop.DesktopLauncher

Host: Intel(R) Core(TM) i7-8665U CPU @ 1.90GHz, 8 cores, 15G,  Windows 10 , 64 bit Build 18362 (10.0.18362.1110)
Time: Tue Jan 18 09:11:30 2022 Eastern Standard Time elapsed time: 62.131528 seconds (0d 0h 1m 2s)

---------------  T H R E A D  ---------------

Current thread (0x000001362dc57310):  JavaThread "LWJGL Application" [_thread_in_native, id=7780, stack(0x0000001e9e000000,0x0000001e9e100000)]

Stack: [0x0000001e9e000000,0x0000001e9e100000],  sp=0x0000001e9e0feac0,  free space=1018k
Native frames: (J=compiled Java code, j=interpreted, Vv=VM code, C=native code)
C  [gdx-box2d64.dll+0xcfa7]

Java frames: (J=compiled Java code, j=interpreted, Vv=VM code)
j  com.badlogic.gdx.physics.box2d.World.jniDestroyBody(JJ)V+0
j  com.badlogic.gdx.physics.box2d.World.destroyBody(Lcom/badlogic/gdx/physics/box2d/Body;)V+42
j  com.mygdx.game.Entity.dispose()V+16
j  com.mygdx.game.MyGdxGame.dispose()V+82
j  com.badlogic.gdx.backends.lwjgl.LwjglApplication.mainLoop()V+924
j  com.badlogic.gdx.backends.lwjgl.LwjglApplication$1.run()V+27
v  ~StubRoutines::call_stub

siginfo: EXCEPTION_ACCESS_VIOLATION (0xc0000005), reading address 0x0000000000000008


Register to memory mapping:

RIP=0x0000000066b0cfa7 gdx-box2d64.dll
RAX=0x0 is NULL
RBX=0x000001363ccb7bd0 points into unknown readable memory: 0x0000000066b48700 | 00 87 b4 66 00 00 00 00
RCX=0x0 is NULL
RDX=0x000001362e6864d0 points into unknown readable memory: 0x0000013641200000 | 00 00 20 41 36 01 00 00
RSP=0x0000001e9e0feac0 is pointing into the stack for thread: 0x000001362dc57310
RBP=0x000001362e62e600 points into unknown readable memory: 0x000001363ccdebf0 | f0 eb cd 3c 36 01 00 00
RSI=0x000001362e6478a0 points into unknown readable memory: 0x000000000000001e | 1e 00 00 00 00 00 00 00
RDI=0x000001363ccb7bd0 points into unknown readable memory: 0x0000000066b48700 | 00 87 b4 66 00 00 00 00
R8 =0x000001362e62e600 points into unknown readable memory: 0x000001363ccdebf0 | f0 eb cd 3c 36 01 00 00
R9 =0x000001362e682b20 points into unknown readable memory: 0x0000003600000002 | 02 00 00 00 36 00 00 00
R10=0x0000013610edf148 is at code_begin+1000 in an Interpreter codelet
method entry point (kind = native)  [0x0000013610eded60, 0x0000013610edf7e0]  2688 bytes
R11=0x0000000000000102 is an unknown value
R12=0x0 is NULL
R13={method} {0x000001362d128d60} 'jniDestroyBody' '(JJ)V' in 'com/badlogic/gdx/physics/box2d/World'
R14=0x0000001e9e0fed08 is pointing into the stack for thread: 0x000001362dc57310
R15=0x000001362dc57310 is a thread


Registers:
RAX=0x0000000000000000, RBX=0x000001363ccb7bd0, RCX=0x0000000000000000, RDX=0x000001362e6864d0
RSP=0x0000001e9e0feac0, RBP=0x000001362e62e600, RSI=0x000001362e6478a0, RDI=0x000001363ccb7bd0
R8 =0x000001362e62e600, R9 =0x000001362e682b20, R10=0x0000013610edf148, R11=0x0000000000000102
R12=0x0000000000000000, R13=0x000001362d128d58, R14=0x0000001e9e0fed08, R15=0x000001362dc57310
RIP=0x0000000066b0cfa7, EFLAGS=0x0000000000010246

Top of Stack: (sp=0x0000001e9e0feac0)
0x0000001e9e0feac0:   000001362cef4938 000001362dc57310
0x0000001e9e0fead0:   000001362cef7088 000001362dc57310
0x0000001e9e0feae0:   000001362d328aa8 000001363ccb7bd0
0x0000001e9e0feaf0:   000001362e6478a0 000001362e682b20
0x0000001e9e0feb00:   000001362e682220 0000000066b1f39f
0x0000001e9e0feb10:   000001362dc57310 fffffffe00000000
0x0000001e9e0feb20:   0000000000000000 0000000000000000
0x0000001e9e0feb30:   000001362cef7068 000001363ccb7a50
0x0000001e9e0feb40:   000001362e62e600 000001362e682b20
0x0000001e9e0feb50:   000001362e6478a0 0000000066b215d3
0x0000001e9e0feb60:   000001362dc57310 0000001e9e0fede8
0x0000001e9e0feb70:   000001362cef7068 0000000000000000
0x0000001e9e0feb80:   000001362e62e600 000001362e682b20
0x0000001e9e0feb90:   000000000005aaba 0000001e9e0fecc8
0x0000001e9e0feba0:   0000000000000000 0000000066b26a9d
0x0000001e9e0febb0:   000001362d3286d0 00000000000003d8 

Instructions: (pc=0x0000000066b0cfa7)
0x0000000066b0cea7:   e0 05 48 8d 04 d0 48 8d 15 8c 34 04 00 48 01 d0
0x0000000066b0ceb7:   4c 8b 10 4d 85 d2 0f 84 8e 00 00 00 80 78 10 00
0x0000000066b0cec7:   4c 89 b4 24 80 00 00 00 75 1f 41 89 e9 4d 89 e8
0x0000000066b0ced7:   89 fa 4c 89 e1 48 83 c4 20 5b 5e 5f 5d 41 5c 41
0x0000000066b0cee7:   5d 41 5e 49 ff e2 0f 1f 00 41 89 f9 4d 89 e0 89
0x0000000066b0cef7:   ea 4c 89 e9 eb df 0f 1f 00 48 8d 15 79 50 03 00
0x0000000066b0cf07:   48 8d 0d 12 51 03 00 41 b8 51 00 00 00 e8 b7 96
0x0000000066b0cf17:   02 00 e9 7f ff ff ff 66 90 48 8d 15 59 50 03 00
0x0000000066b0cf27:   48 8d 0d c2 50 03 00 41 b8 50 00 00 00 e8 97 96
0x0000000066b0cf37:   02 00 e9 5a ff ff ff 66 90 e8 fb fc ff ff c6 05
0x0000000066b0cf47:   d4 33 04 00 01 e9 2d ff ff ff 31 c0 48 83 c4 20
0x0000000066b0cf57:   5b 5e 5f 5d 41 5c 41 5d 41 5e c3 0f 1f 40 00 66
0x0000000066b0cf67:   2e 0f 1f 84 00 00 00 00 00 55 57 56 53 48 83 ec
0x0000000066b0cf77:   28 80 3d a1 33 04 00 00 48 89 cf 48 89 d5 0f 84
0x0000000066b0cf87:   f5 00 00 00 8b 8f b4 00 00 00 48 8b 47 60 48 8b
0x0000000066b0cf97:   57 68 85 c9 7e 06 80 78 3a 00 74 50 48 8b 40 18
0x0000000066b0cfa7:   48 63 58 08 48 8b 42 18 8b 70 08 85 db 0f 88 8a
0x0000000066b0cfb7:   00 00 00 83 fe 03 0f 8f 81 00 00 00 48 63 c6 48
0x0000000066b0cfc7:   89 f9 48 8d 14 40 48 8d 04 5b 48 c1 e0 05 48 8d
0x0000000066b0cfd7:   04 d0 48 8d 15 60 33 04 00 48 8b 44 02 08 48 89
0x0000000066b0cfe7:   ea 48 83 c4 28 5b 5e 5f 5d 48 ff e0 80 7a 3a 00
0x0000000066b0cff7:   75 aa 4c 8b 40 10 41 0f b7 48 04 f6 c1 02 75 13
0x0000000066b0d007:   83 c9 02 41 c7 80 ac 00 00 00 00 00 00 00 66 41
0x0000000066b0d017:   89 48 04 4c 8b 42 10 41 0f b7 48 04 f6 c1 02 0f
0x0000000066b0d027:   85 77 ff ff ff 83 c9 02 41 c7 80 ac 00 00 00 00
0x0000000066b0d037:   00 00 00 66 41 89 48 04 e9 5f ff ff ff 48 8d 15
0x0000000066b0d047:   35 4f 03 00 48 8d 0d 16 50 03 00 41 b8 77 00 00
0x0000000066b0d057:   00 e8 73 95 02 00 48 8d 15 1c 4f 03 00 48 8d 0d
0x0000000066b0d067:   fd 4f 03 00 41 b8 78 00 00 00 e8 5a 95 02 00 e9
0x0000000066b0d077:   48 ff ff ff 0f 1f 44 00 00 48 8d 15 f9 4e 03 00
0x0000000066b0d087:   48 8d 0d bd 4f 03 00 41 b8 67 00 00 00 e8 37 95
0x0000000066b0d097:   02 00 e9 ed fe ff ff 66 90 48 83 ec 38 48 8d 05 


Stack slot to memory mapping:
stack at sp + 0 slots: 0x000001362cef4938 is pointing into metadata
stack at sp + 1 slots: 0x000001362dc57310 is a thread
stack at sp + 2 slots: {method} {0x000001362cef7090} 'dispose' '()V' in 'com/mygdx/game/Entity'
stack at sp + 3 slots: 0x000001362dc57310 is a thread
stack at sp + 4 slots: 0x000001362d328aa8 points into unknown readable memory: 0x80000100760006ed | ed 06 00 76 00 01 00 80
stack at sp + 5 slots: 0x000001363ccb7bd0 points into unknown readable memory: 0x0000000066b48700 | 00 87 b4 66 00 00 00 00
stack at sp + 6 slots: 0x000001362e6478a0 points into unknown readable memory: 0x000000000000001e | 1e 00 00 00 00 00 00 00
stack at sp + 7 slots: 0x000001362e682b20 points into unknown readable memory: 0x0000003600000002 | 02 00 00 00 36 00 00 00


---------------  P R O C E S S  ---------------

Threads class SMR info:
_java_thread_list=0x000001363a6a5820, length=14, elements={
0x000001362cab28c0, 0x000001362cab3b30, 0x000001362d2ca250, 0x000001362d2ccb20,
0x000001362d2cdb80, 0x000001362d2d1b40, 0x000001362d2dedf0, 0x000001362d2f81f0,
0x000001362ca98cb0, 0x000001362d5cae30, 0x000001362d4a8a10, 0x000001362dc57310,
0x00000136071b67f0, 0x000001363a7dc410
}

Java Threads: ( => current thread )
  0x000001362cab28c0 JavaThread "Reference Handler" daemon [_thread_blocked, id=15036, stack(0x0000001e9d200000,0x0000001e9d300000)]
  0x000001362cab3b30 JavaThread "Finalizer" daemon [_thread_blocked, id=15736, stack(0x0000001e9d300000,0x0000001e9d400000)]
  0x000001362d2ca250 JavaThread "Signal Dispatcher" daemon [_thread_blocked, id=5256, stack(0x0000001e9d400000,0x0000001e9d500000)]
  0x000001362d2ccb20 JavaThread "Attach Listener" daemon [_thread_blocked, id=5668, stack(0x0000001e9d500000,0x0000001e9d600000)]
  0x000001362d2cdb80 JavaThread "Service Thread" daemon [_thread_blocked, id=1352, stack(0x0000001e9d600000,0x0000001e9d700000)]
  0x000001362d2d1b40 JavaThread "C2 CompilerThread0" daemon [_thread_blocked, id=12684, stack(0x0000001e9d700000,0x0000001e9d800000)]
  0x000001362d2dedf0 JavaThread "C1 CompilerThread0" daemon [_thread_blocked, id=4776, stack(0x0000001e9d800000,0x0000001e9d900000)]
  0x000001362d2f81f0 JavaThread "Sweeper thread" daemon [_thread_blocked, id=11988, stack(0x0000001e9d900000,0x0000001e9da00000)]
  0x000001362ca98cb0 JavaThread "Common-Cleaner" daemon [_thread_blocked, id=4548, stack(0x0000001e9da00000,0x0000001e9db00000)]
  0x000001362d5cae30 JavaThread "Monitor Ctrl-Break" daemon [_thread_in_native, id=17316, stack(0x0000001e9db00000,0x0000001e9dc00000)]
  0x000001362d4a8a10 JavaThread "Notification Thread" daemon [_thread_blocked, id=11512, stack(0x0000001e9dc00000,0x0000001e9dd00000)]
=>0x000001362dc57310 JavaThread "LWJGL Application" [_thread_in_native, id=7780, stack(0x0000001e9e000000,0x0000001e9e100000)]
  0x00000136071b67f0 JavaThread "DestroyJavaVM" [_thread_blocked, id=16240, stack(0x0000001e9cb00000,0x0000001e9cc00000)]
  0x000001363a7dc410 JavaThread "LWJGL Timer" daemon [_thread_blocked, id=5540, stack(0x0000001e9e700000,0x0000001e9e800000)]

Other Threads:
  0x000001362caae990 VMThread "VM Thread" [stack: 0x0000001e9d100000,0x0000001e9d200000] [id=11736]
  0x000001362d358e30 WatcherThread [stack: 0x0000001e9dd00000,0x0000001e9de00000] [id=12904]
  0x0000013607206e00 GCTaskThread "GC Thread#0" [stack: 0x0000001e9cc00000,0x0000001e9cd00000] [id=6924]
  0x000001362dd183a0 GCTaskThread "GC Thread#1" [stack: 0x0000001e9e800000,0x0000001e9e900000] [id=11940]
  0x000001362dd18a00 GCTaskThread "GC Thread#2" [stack: 0x0000001e9e900000,0x0000001e9ea00000] [id=660]
  0x000001362dd1b040 GCTaskThread "GC Thread#3" [stack: 0x0000001e9ea00000,0x0000001e9eb00000] [id=17060]
  0x000001362dd186d0 GCTaskThread "GC Thread#4" [stack: 0x0000001e9eb00000,0x0000001e9ec00000] [id=3320]
  0x000001362dd18070 GCTaskThread "GC Thread#5" [stack: 0x0000001e9ec00000,0x0000001e9ed00000] [id=5292]
  0x0000013607217b60 ConcurrentGCThread "G1 Main Marker" [stack: 0x0000001e9cd00000,0x0000001e9ce00000] [id=7644]
  0x0000013607218650 ConcurrentGCThread "G1 Conc#0" [stack: 0x0000001e9ce00000,0x0000001e9cf00000] [id=16768]
  0x000001360727d8b0 ConcurrentGCThread "G1 Refine#0" [stack: 0x0000001e9cf00000,0x0000001e9d000000] [id=9652]
  0x000001363a598a00 ConcurrentGCThread "G1 Refine#1" [stack: 0x0000001e9ed00000,0x0000001e9ee00000] [id=9720]
  0x000001360727e3b0 ConcurrentGCThread "G1 Young RemSet Sampling" [stack: 0x0000001e9d000000,0x0000001e9d100000] [id=792]

Threads with active compile tasks:

VM state: not at safepoint (normal execution)

VM Mutex/Monitor currently owned by a thread: None

Heap address: 0x0000000702e00000, size: 4050 MB, Compressed Oops mode: Zero based, Oop shift amount: 3
CDS archive(s) mapped at: [0x0000000800000000-0x0000000800b50000-0x0000000800b50000), size 11862016, SharedBaseAddress: 0x0000000800000000, ArchiveRelocationMode: 0.
Compressed class space mapped at: 0x0000000800b50000-0x0000000840b50000, size: 1073741824
Narrow klass base: 0x0000000800000000, Narrow klass shift: 3, Narrow klass range: 0x100000000

GC Precious Log:
 CPUs: 8 total, 8 available
 Memory: 16198M
 Large Page Support: Disabled
 NUMA Support: Disabled
 Compressed Oops: Enabled (Zero based)
 Heap Region Size: 2M
 Heap Min Capacity: 8M
 Heap Initial Capacity: 254M
 Heap Max Capacity: 4050M
 Pre-touch: Disabled
 Parallel Workers: 8
 Concurrent Workers: 2
 Concurrent Refinement Workers: 8
 Periodic GC: Disabled

Heap:
 garbage-first heap   total 260096K, used 11468K [0x0000000702e00000, 0x0000000800000000)
  region size 2048K, 5 young (10240K), 2 survivors (4096K)
 Metaspace       used 5638K, capacity 8081K, committed 8448K, reserved 1056768K
  class space    used 394K, capacity 654K, committed 768K, reserved 1048576K

Heap Regions: E=young(eden), S=young(survivor), O=old, HS=humongous(starts), HC=humongous(continues), CS=collection set, F=free, OA=open archive, CA=closed archive, TAMS=top-at-mark-start (previous, next)
|   0|0x0000000702e00000, 0x0000000703000000, 0x0000000703000000|100%| O|  |TAMS 0x0000000702e00000, 0x0000000702e00000| Untracked 
|   1|0x0000000703000000, 0x0000000703133000, 0x0000000703200000| 59%| O|  |TAMS 0x0000000703000000, 0x0000000703000000| Untracked 
|   2|0x0000000703200000, 0x0000000703200000, 0x0000000703400000|  0%| F|  |TAMS 0x0000000703200000, 0x0000000703200000| Untracked 
|   3|0x0000000703400000, 0x0000000703400000, 0x0000000703600000|  0%| F|  |TAMS 0x0000000703400000, 0x0000000703400000| Untracked 
|   4|0x0000000703600000, 0x0000000703600000, 0x0000000703800000|  0%| F|  |TAMS 0x0000000703600000, 0x0000000703600000| Untracked 
|   5|0x0000000703800000, 0x0000000703800000, 0x0000000703a00000|  0%| F|  |TAMS 0x0000000703800000, 0x0000000703800000| Untracked 
|   6|0x0000000703a00000, 0x0000000703a00000, 0x0000000703c00000|  0%| F|  |TAMS 0x0000000703a00000, 0x0000000703a00000| Untracked 
|   7|0x0000000703c00000, 0x0000000703c00000, 0x0000000703e00000|  0%| F|  |TAMS 0x0000000703c00000, 0x0000000703c00000| Untracked 
|   8|0x0000000703e00000, 0x0000000703e00000, 0x0000000704000000|  0%| F|  |TAMS 0x0000000703e00000, 0x0000000703e00000| Untracked 
|   9|0x0000000704000000, 0x0000000704000000, 0x0000000704200000|  0%| F|  |TAMS 0x0000000704000000, 0x0000000704000000| Untracked 
|  10|0x0000000704200000, 0x0000000704200000, 0x0000000704400000|  0%| F|  |TAMS 0x0000000704200000, 0x0000000704200000| Untracked 
|  11|0x0000000704400000, 0x0000000704400000, 0x0000000704600000|  0%| F|  |TAMS 0x0000000704400000, 0x0000000704400000| Untracked 
|  12|0x0000000704600000, 0x0000000704600000, 0x0000000704800000|  0%| F|  |TAMS 0x0000000704600000, 0x0000000704600000| Untracked 
|  13|0x0000000704800000, 0x0000000704800000, 0x0000000704a00000|  0%| F|  |TAMS 0x0000000704800000, 0x0000000704800000| Untracked 
|  14|0x0000000704a00000, 0x0000000704a00000, 0x0000000704c00000|  0%| F|  |TAMS 0x0000000704a00000, 0x0000000704a00000| Untracked 
|  15|0x0000000704c00000, 0x0000000704c00000, 0x0000000704e00000|  0%| F|  |TAMS 0x0000000704c00000, 0x0000000704c00000| Untracked 
|  16|0x0000000704e00000, 0x0000000704e00000, 0x0000000705000000|  0%| F|  |TAMS 0x0000000704e00000, 0x0000000704e00000| Untracked 
|  17|0x0000000705000000, 0x0000000705000000, 0x0000000705200000|  0%| F|  |TAMS 0x0000000705000000, 0x0000000705000000| Untracked 
|  18|0x0000000705200000, 0x0000000705200000, 0x0000000705400000|  0%| F|  |TAMS 0x0000000705200000, 0x0000000705200000| Untracked 
|  19|0x0000000705400000, 0x0000000705400000, 0x0000000705600000|  0%| F|  |TAMS 0x0000000705400000, 0x0000000705400000| Untracked 
|  20|0x0000000705600000, 0x0000000705600000, 0x0000000705800000|  0%| F|  |TAMS 0x0000000705600000, 0x0000000705600000| Untracked 
|  21|0x0000000705800000, 0x0000000705800000, 0x0000000705a00000|  0%| F|  |TAMS 0x0000000705800000, 0x0000000705800000| Untracked 
|  22|0x0000000705a00000, 0x0000000705a00000, 0x0000000705c00000|  0%| F|  |TAMS 0x0000000705a00000, 0x0000000705a00000| Untracked 
|  23|0x0000000705c00000, 0x0000000705c00000, 0x0000000705e00000|  0%| F|  |TAMS 0x0000000705c00000, 0x0000000705c00000| Untracked 
|  24|0x0000000705e00000, 0x0000000705e00000, 0x0000000706000000|  0%| F|  |TAMS 0x0000000705e00000, 0x0000000705e00000| Untracked 
|  25|0x0000000706000000, 0x0000000706000000, 0x0000000706200000|  0%| F|  |TAMS 0x0000000706000000, 0x0000000706000000| Untracked 
|  26|0x0000000706200000, 0x0000000706200000, 0x0000000706400000|  0%| F|  |TAMS 0x0000000706200000, 0x0000000706200000| Untracked 
|  27|0x0000000706400000, 0x0000000706400000, 0x0000000706600000|  0%| F|  |TAMS 0x0000000706400000, 0x0000000706400000| Untracked 
|  28|0x0000000706600000, 0x0000000706600000, 0x0000000706800000|  0%| F|  |TAMS 0x0000000706600000, 0x0000000706600000| Untracked 
|  29|0x0000000706800000, 0x0000000706800000, 0x0000000706a00000|  0%| F|  |TAMS 0x0000000706800000, 0x0000000706800000| Untracked 
|  30|0x0000000706a00000, 0x0000000706a00000, 0x0000000706c00000|  0%| F|  |TAMS 0x0000000706a00000, 0x0000000706a00000| Untracked 
|  31|0x0000000706c00000, 0x0000000706c00000, 0x0000000706e00000|  0%| F|  |TAMS 0x0000000706c00000, 0x0000000706c00000| Untracked 
|  32|0x0000000706e00000, 0x0000000706e00000, 0x0000000707000000|  0%| F|  |TAMS 0x0000000706e00000, 0x0000000706e00000| Untracked 
|  33|0x0000000707000000, 0x0000000707000000, 0x0000000707200000|  0%| F|  |TAMS 0x0000000707000000, 0x0000000707000000| Untracked 
|  34|0x0000000707200000, 0x0000000707200000, 0x0000000707400000|  0%| F|  |TAMS 0x0000000707200000, 0x0000000707200000| Untracked 
|  35|0x0000000707400000, 0x0000000707400000, 0x0000000707600000|  0%| F|  |TAMS 0x0000000707400000, 0x0000000707400000| Untracked 
|  36|0x0000000707600000, 0x0000000707600000, 0x0000000707800000|  0%| F|  |TAMS 0x0000000707600000, 0x0000000707600000| Untracked 
|  37|0x0000000707800000, 0x0000000707800000, 0x0000000707a00000|  0%| F|  |TAMS 0x0000000707800000, 0x0000000707800000| Untracked 
|  38|0x0000000707a00000, 0x0000000707a00000, 0x0000000707c00000|  0%| F|  |TAMS 0x0000000707a00000, 0x0000000707a00000| Untracked 
|  39|0x0000000707c00000, 0x0000000707c00000, 0x0000000707e00000|  0%| F|  |TAMS 0x0000000707c00000, 0x0000000707c00000| Untracked 
|  40|0x0000000707e00000, 0x0000000707e00000, 0x0000000708000000|  0%| F|  |TAMS 0x0000000707e00000, 0x0000000707e00000| Untracked 
|  41|0x0000000708000000, 0x0000000708000000, 0x0000000708200000|  0%| F|  |TAMS 0x0000000708000000, 0x0000000708000000| Untracked 
|  42|0x0000000708200000, 0x0000000708200000, 0x0000000708400000|  0%| F|  |TAMS 0x0000000708200000, 0x0000000708200000| Untracked 
|  43|0x0000000708400000, 0x0000000708400000, 0x0000000708600000|  0%| F|  |TAMS 0x0000000708400000, 0x0000000708400000| Untracked 
|  44|0x0000000708600000, 0x0000000708600000, 0x0000000708800000|  0%| F|  |TAMS 0x0000000708600000, 0x0000000708600000| Untracked 
|  45|0x0000000708800000, 0x0000000708800000, 0x0000000708a00000|  0%| F|  |TAMS 0x0000000708800000, 0x0000000708800000| Untracked 
|  46|0x0000000708a00000, 0x0000000708a00000, 0x0000000708c00000|  0%| F|  |TAMS 0x0000000708a00000, 0x0000000708a00000| Untracked 
|  47|0x0000000708c00000, 0x0000000708c00000, 0x0000000708e00000|  0%| F|  |TAMS 0x0000000708c00000, 0x0000000708c00000| Untracked 
|  48|0x0000000708e00000, 0x0000000708e00000, 0x0000000709000000|  0%| F|  |TAMS 0x0000000708e00000, 0x0000000708e00000| Untracked 
|  49|0x0000000709000000, 0x0000000709000000, 0x0000000709200000|  0%| F|  |TAMS 0x0000000709000000, 0x0000000709000000| Untracked 
|  50|0x0000000709200000, 0x0000000709200000, 0x0000000709400000|  0%| F|  |TAMS 0x0000000709200000, 0x0000000709200000| Untracked 
|  51|0x0000000709400000, 0x0000000709400000, 0x0000000709600000|  0%| F|  |TAMS 0x0000000709400000, 0x0000000709400000| Untracked 
|  52|0x0000000709600000, 0x0000000709600000, 0x0000000709800000|  0%| F|  |TAMS 0x0000000709600000, 0x0000000709600000| Untracked 
|  53|0x0000000709800000, 0x0000000709800000, 0x0000000709a00000|  0%| F|  |TAMS 0x0000000709800000, 0x0000000709800000| Untracked 
|  54|0x0000000709a00000, 0x0000000709a00000, 0x0000000709c00000|  0%| F|  |TAMS 0x0000000709a00000, 0x0000000709a00000| Untracked 
|  55|0x0000000709c00000, 0x0000000709c00000, 0x0000000709e00000|  0%| F|  |TAMS 0x0000000709c00000, 0x0000000709c00000| Untracked 
|  56|0x0000000709e00000, 0x0000000709e00000, 0x000000070a000000|  0%| F|  |TAMS 0x0000000709e00000, 0x0000000709e00000| Untracked 
|  57|0x000000070a000000, 0x000000070a000000, 0x000000070a200000|  0%| F|  |TAMS 0x000000070a000000, 0x000000070a000000| Untracked 
|  58|0x000000070a200000, 0x000000070a200000, 0x000000070a400000|  0%| F|  |TAMS 0x000000070a200000, 0x000000070a200000| Untracked 
|  59|0x000000070a400000, 0x000000070a400000, 0x000000070a600000|  0%| F|  |TAMS 0x000000070a400000, 0x000000070a400000| Untracked 
|  60|0x000000070a600000, 0x000000070a600000, 0x000000070a800000|  0%| F|  |TAMS 0x000000070a600000, 0x000000070a600000| Untracked 
|  61|0x000000070a800000, 0x000000070a800000, 0x000000070aa00000|  0%| F|  |TAMS 0x000000070a800000, 0x000000070a800000| Untracked 
|  62|0x000000070aa00000, 0x000000070aa00000, 0x000000070ac00000|  0%| F|  |TAMS 0x000000070aa00000, 0x000000070aa00000| Untracked 
|  63|0x000000070ac00000, 0x000000070ac00000, 0x000000070ae00000|  0%| F|  |TAMS 0x000000070ac00000, 0x000000070ac00000| Untracked 
|  64|0x000000070ae00000, 0x000000070ae00000, 0x000000070b000000|  0%| F|  |TAMS 0x000000070ae00000, 0x000000070ae00000| Untracked 
|  65|0x000000070b000000, 0x000000070b000000, 0x000000070b200000|  0%| F|  |TAMS 0x000000070b000000, 0x000000070b000000| Untracked 
|  66|0x000000070b200000, 0x000000070b200000, 0x000000070b400000|  0%| F|  |TAMS 0x000000070b200000, 0x000000070b200000| Untracked 
|  67|0x000000070b400000, 0x000000070b400000, 0x000000070b600000|  0%| F|  |TAMS 0x000000070b400000, 0x000000070b400000| Untracked 
|  68|0x000000070b600000, 0x000000070b600000, 0x000000070b800000|  0%| F|  |TAMS 0x000000070b600000, 0x000000070b600000| Untracked 
|  69|0x000000070b800000, 0x000000070b800000, 0x000000070ba00000|  0%| F|  |TAMS 0x000000070b800000, 0x000000070b800000| Untracked 
|  70|0x000000070ba00000, 0x000000070ba00000, 0x000000070bc00000|  0%| F|  |TAMS 0x000000070ba00000, 0x000000070ba00000| Untracked 
|  71|0x000000070bc00000, 0x000000070bc00000, 0x000000070be00000|  0%| F|  |TAMS 0x000000070bc00000, 0x000000070bc00000| Untracked 
|  72|0x000000070be00000, 0x000000070be00000, 0x000000070c000000|  0%| F|  |TAMS 0x000000070be00000, 0x000000070be00000| Untracked 
|  73|0x000000070c000000, 0x000000070c000000, 0x000000070c200000|  0%| F|  |TAMS 0x000000070c000000, 0x000000070c000000| Untracked 
|  74|0x000000070c200000, 0x000000070c200000, 0x000000070c400000|  0%| F|  |TAMS 0x000000070c200000, 0x000000070c200000| Untracked 
|  75|0x000000070c400000, 0x000000070c400000, 0x000000070c600000|  0%| F|  |TAMS 0x000000070c400000, 0x000000070c400000| Untracked 
|  76|0x000000070c600000, 0x000000070c600000, 0x000000070c800000|  0%| F|  |TAMS 0x000000070c600000, 0x000000070c600000| Untracked 
|  77|0x000000070c800000, 0x000000070c800000, 0x000000070ca00000|  0%| F|  |TAMS 0x000000070c800000, 0x000000070c800000| Untracked 
|  78|0x000000070ca00000, 0x000000070ca00000, 0x000000070cc00000|  0%| F|  |TAMS 0x000000070ca00000, 0x000000070ca00000| Untracked 
|  79|0x000000070cc00000, 0x000000070cc00000, 0x000000070ce00000|  0%| F|  |TAMS 0x000000070cc00000, 0x000000070cc00000| Untracked 
|  80|0x000000070ce00000, 0x000000070ce00000, 0x000000070d000000|  0%| F|  |TAMS 0x000000070ce00000, 0x000000070ce00000| Untracked 
|  81|0x000000070d000000, 0x000000070d000000, 0x000000070d200000|  0%| F|  |TAMS 0x000000070d000000, 0x000000070d000000| Untracked 
|  82|0x000000070d200000, 0x000000070d200000, 0x000000070d400000|  0%| F|  |TAMS 0x000000070d200000, 0x000000070d200000| Untracked 
|  83|0x000000070d400000, 0x000000070d400000, 0x000000070d600000|  0%| F|  |TAMS 0x000000070d400000, 0x000000070d400000| Untracked 
|  84|0x000000070d600000, 0x000000070d600000, 0x000000070d800000|  0%| F|  |TAMS 0x000000070d600000, 0x000000070d600000| Untracked 
|  85|0x000000070d800000, 0x000000070d800000, 0x000000070da00000|  0%| F|  |TAMS 0x000000070d800000, 0x000000070d800000| Untracked 
|  86|0x000000070da00000, 0x000000070da00000, 0x000000070dc00000|  0%| F|  |TAMS 0x000000070da00000, 0x000000070da00000| Untracked 
|  87|0x000000070dc00000, 0x000000070dc00000, 0x000000070de00000|  0%| F|  |TAMS 0x000000070dc00000, 0x000000070dc00000| Untracked 
|  88|0x000000070de00000, 0x000000070de00000, 0x000000070e000000|  0%| F|  |TAMS 0x000000070de00000, 0x000000070de00000| Untracked 
|  89|0x000000070e000000, 0x000000070e000000, 0x000000070e200000|  0%| F|  |TAMS 0x000000070e000000, 0x000000070e000000| Untracked 
|  90|0x000000070e200000, 0x000000070e200000, 0x000000070e400000|  0%| F|  |TAMS 0x000000070e200000, 0x000000070e200000| Untracked 
|  91|0x000000070e400000, 0x000000070e400000, 0x000000070e600000|  0%| F|  |TAMS 0x000000070e400000, 0x000000070e400000| Untracked 
|  92|0x000000070e600000, 0x000000070e600000, 0x000000070e800000|  0%| F|  |TAMS 0x000000070e600000, 0x000000070e600000| Untracked 
|  93|0x000000070e800000, 0x000000070e800000, 0x000000070ea00000|  0%| F|  |TAMS 0x000000070e800000, 0x000000070e800000| Untracked 
|  94|0x000000070ea00000, 0x000000070ea00000, 0x000000070ec00000|  0%| F|  |TAMS 0x000000070ea00000, 0x000000070ea00000| Untracked 
|  95|0x000000070ec00000, 0x000000070ec00000, 0x000000070ee00000|  0%| F|  |TAMS 0x000000070ec00000, 0x000000070ec00000| Untracked 
|  96|0x000000070ee00000, 0x000000070ee00000, 0x000000070f000000|  0%| F|  |TAMS 0x000000070ee00000, 0x000000070ee00000| Untracked 
|  97|0x000000070f000000, 0x000000070f000000, 0x000000070f200000|  0%| F|  |TAMS 0x000000070f000000, 0x000000070f000000| Untracked 
|  98|0x000000070f200000, 0x000000070f200000, 0x000000070f400000|  0%| F|  |TAMS 0x000000070f200000, 0x000000070f200000| Untracked 
|  99|0x000000070f400000, 0x000000070f400000, 0x000000070f600000|  0%| F|  |TAMS 0x000000070f400000, 0x000000070f400000| Untracked 
| 100|0x000000070f600000, 0x000000070f600000, 0x000000070f800000|  0%| F|  |TAMS 0x000000070f600000, 0x000000070f600000| Untracked 
| 101|0x000000070f800000, 0x000000070f800000, 0x000000070fa00000|  0%| F|  |TAMS 0x000000070f800000, 0x000000070f800000| Untracked 
| 102|0x000000070fa00000, 0x000000070fa00000, 0x000000070fc00000|  0%| F|  |TAMS 0x000000070fa00000, 0x000000070fa00000| Untracked 
| 103|0x000000070fc00000, 0x000000070fc00000, 0x000000070fe00000|  0%| F|  |TAMS 0x000000070fc00000, 0x000000070fc00000| Untracked 
| 104|0x000000070fe00000, 0x000000070fe00000, 0x0000000710000000|  0%| F|  |TAMS 0x000000070fe00000, 0x000000070fe00000| Untracked 
| 105|0x0000000710000000, 0x0000000710000000, 0x0000000710200000|  0%| F|  |TAMS 0x0000000710000000, 0x0000000710000000| Untracked 
| 106|0x0000000710200000, 0x0000000710200000, 0x0000000710400000|  0%| F|  |TAMS 0x0000000710200000, 0x0000000710200000| Untracked 
| 107|0x0000000710400000, 0x0000000710400000, 0x0000000710600000|  0%| F|  |TAMS 0x0000000710400000, 0x0000000710400000| Untracked 
| 108|0x0000000710600000, 0x0000000710600000, 0x0000000710800000|  0%| F|  |TAMS 0x0000000710600000, 0x0000000710600000| Untracked 
| 109|0x0000000710800000, 0x0000000710800000, 0x0000000710a00000|  0%| F|  |TAMS 0x0000000710800000, 0x0000000710800000| Untracked 
| 110|0x0000000710a00000, 0x0000000710a00000, 0x0000000710c00000|  0%| F|  |TAMS 0x0000000710a00000, 0x0000000710a00000| Untracked 
| 111|0x0000000710c00000, 0x0000000710c00000, 0x0000000710e00000|  0%| F|  |TAMS 0x0000000710c00000, 0x0000000710c00000| Untracked 
| 112|0x0000000710e00000, 0x0000000710e00000, 0x0000000711000000|  0%| F|  |TAMS 0x0000000710e00000, 0x0000000710e00000| Untracked 
| 113|0x0000000711000000, 0x0000000711000000, 0x0000000711200000|  0%| F|  |TAMS 0x0000000711000000, 0x0000000711000000| Untracked 
| 114|0x0000000711200000, 0x0000000711400000, 0x0000000711400000|100%| S|CS|TAMS 0x0000000711200000, 0x0000000711200000| Complete 
| 115|0x0000000711400000, 0x0000000711600000, 0x0000000711600000|100%| S|CS|TAMS 0x0000000711400000, 0x0000000711400000| Complete 
| 116|0x0000000711600000, 0x0000000711600000, 0x0000000711800000|  0%| F|  |TAMS 0x0000000711600000, 0x0000000711600000| Untracked 
| 117|0x0000000711800000, 0x0000000711800000, 0x0000000711a00000|  0%| F|  |TAMS 0x0000000711800000, 0x0000000711800000| Untracked 
| 118|0x0000000711a00000, 0x0000000711a00000, 0x0000000711c00000|  0%| F|  |TAMS 0x0000000711a00000, 0x0000000711a00000| Untracked 
| 119|0x0000000711c00000, 0x0000000711c00000, 0x0000000711e00000|  0%| F|  |TAMS 0x0000000711c00000, 0x0000000711c00000| Untracked 
| 120|0x0000000711e00000, 0x0000000711e00000, 0x0000000712000000|  0%| F|  |TAMS 0x0000000711e00000, 0x0000000711e00000| Untracked 
| 121|0x0000000712000000, 0x0000000712000000, 0x0000000712200000|  0%| F|  |TAMS 0x0000000712000000, 0x0000000712000000| Untracked 
| 122|0x0000000712200000, 0x0000000712200000, 0x0000000712400000|  0%| F|  |TAMS 0x0000000712200000, 0x0000000712200000| Untracked 
| 123|0x0000000712400000, 0x0000000712400000, 0x0000000712600000|  0%| F|  |TAMS 0x0000000712400000, 0x0000000712400000| Untracked 
| 124|0x0000000712600000, 0x00000007127163d8, 0x0000000712800000| 54%| E|  |TAMS 0x0000000712600000, 0x0000000712600000| Complete 
| 125|0x0000000712800000, 0x0000000712a00000, 0x0000000712a00000|100%| E|CS|TAMS 0x0000000712800000, 0x0000000712800000| Complete 
| 126|0x0000000712a00000, 0x0000000712c00000, 0x0000000712c00000|100%| E|CS|TAMS 0x0000000712a00000, 0x0000000712a00000| Complete 

Card table byte_map: [0x0000013621130000,0x0000013621920000] _byte_map_base: 0x000001361d919000

Marking Bits (Prev, Next): (CMBitMap*) 0x00000136072074f0, (CMBitMap*) 0x0000013607207530
 Prev Bits: [0x0000013622110000, 0x0000013626058000)
 Next Bits: [0x0000013626060000, 0x0000013629fa8000)

Polling page: 0x0000013607010000

Metaspace:

Usage:
  Non-class:      7.25 MB capacity,     5.12 MB ( 71%) used,     2.13 MB ( 29%) free+waste,     4.13 KB ( <1%) overhead. 
      Class:    654.00 KB capacity,   394.59 KB ( 60%) used,   258.28 KB ( 39%) free+waste,     1.13 KB ( <1%) overhead. 
       Both:      7.89 MB capacity,     5.51 MB ( 70%) used,     2.38 MB ( 30%) free+waste,     5.25 KB ( <1%) overhead. 

Virtual space:
  Non-class space:        8.00 MB reserved,       7.50 MB ( 94%) committed 
      Class space:        1.00 GB reserved,     768.00 KB ( <1%) committed 
             Both:        1.01 GB reserved,       8.25 MB ( <1%) committed 

Chunk freelists:
   Non-Class:  125.00 KB
       Class:  18.00 KB
        Both:  143.00 KB

MaxMetaspaceSize: 17179869184.00 GB
CompressedClassSpaceSize: 1.00 GB

CodeHeap 'non-profiled nmethods': size=120000Kb used=848Kb max_used=848Kb free=119151Kb
 bounds [0x00000136189a0000, 0x0000013618c10000, 0x000001361fed0000]
CodeHeap 'profiled nmethods': size=120000Kb used=2442Kb max_used=2442Kb free=117557Kb
 bounds [0x0000013611470000, 0x00000136116e0000, 0x00000136189a0000]
CodeHeap 'non-nmethods': size=5760Kb used=1296Kb max_used=1384Kb free=4463Kb
 bounds [0x0000013610ed0000, 0x0000013611140000, 0x0000013611470000]
 total_blobs=2093 nmethods=1500 adapters=506
 compilation: enabled
              stopped_count=0, restarted_count=0
 full_count=0

Compilation events (20 events):
Event: 50.097 Thread 0x000001362d2d1b40 1491       4       com.badlogic.gdx.physics.box2d.World::preSolve (41 bytes)
Event: 50.100 Thread 0x000001362d2d1b40 nmethod 1491 0x0000013618a6ec10 code [0x0000013618a6eda0, 0x0000013618a6eea8]
Event: 51.147 Thread 0x000001362d2d1b40 1492       4       com.badlogic.gdx.physics.box2d.World::postSolve (41 bytes)
Event: 51.150 Thread 0x000001362d2d1b40 nmethod 1492 0x0000013618a6f010 code [0x0000013618a6f1a0, 0x0000013618a6f2a8]
Event: 51.462 Thread 0x000001362d2d1b40 1493       4       org.lwjgl.opengl.WindowsMouse::poll (222 bytes)
Event: 51.497 Thread 0x000001362d2d1b40 nmethod 1493 0x0000013618a6f410 code [0x0000013618a6f5c0, 0x0000013618a6fe18]
Event: 51.863 Thread 0x000001362d2d1b40 1494   !   4       org.lwjgl.opengl.Display::isFullscreen (34 bytes)
Event: 51.865 Thread 0x000001362d2d1b40 nmethod 1494 0x0000013618a70390 code [0x0000013618a70520, 0x0000013618a706f8]
Event: 52.762 Thread 0x000001362d2d1b40 1495       4       com.mygdx.game.WeakEnemyEntity$1::reportRayFixture (53 bytes)
Event: 52.791 Thread 0x000001362d2d1b40 nmethod 1495 0x0000013618a70810 code [0x0000013618a70a00, 0x0000013618a714b8]
Event: 52.812 Thread 0x000001362d2d1b40 1496       4       java.lang.Long::reverseBytes (46 bytes)
Event: 52.812 Thread 0x000001362d2d1b40 nmethod 1496 0x0000013618a71910 code [0x0000013618a71a80, 0x0000013618a71b18]
Event: 55.027 Thread 0x000001362d2d1b40 1497  s    4       org.lwjgl.opengl.EventQueue::copyEvents (77 bytes)
Event: 55.054 Thread 0x000001362d2d1b40 nmethod 1497 0x0000013618a71c10 code [0x0000013618a71de0, 0x0000013618a72698]
Event: 57.179 Thread 0x000001362d2d1b40 1498       4       com.mygdx.game.Renderer::render (64 bytes)
Event: 57.190 Thread 0x000001362d2d1b40 nmethod 1498 0x0000013618a72f90 code [0x0000013618a73140, 0x0000013618a73568]
Event: 58.596 Thread 0x000001362d2d1b40 1499       4       com.mygdx.game.CollisionListener::preSolve (1 bytes)
Event: 58.597 Thread 0x000001362d2d1b40 nmethod 1499 0x0000013618a73a90 code [0x0000013618a73c00, 0x0000013618a73c58]
Event: 59.646 Thread 0x000001362d2d1b40 1500       4       com.mygdx.game.CollisionListener::postSolve (1 bytes)
Event: 59.647 Thread 0x000001362d2d1b40 nmethod 1500 0x0000013618a73d90 code [0x0000013618a73f00, 0x0000013618a73f58]

GC Heap History (2 events):
Event: 8.888 GC heap before
{Heap before GC invocations=0 (full 0):
 garbage-first heap   total 260096K, used 20480K [0x0000000702e00000, 0x0000000800000000)
  region size 2048K, 11 young (22528K), 0 survivors (0K)
 Metaspace       used 5538K, capacity 8017K, committed 8448K, reserved 1056768K
  class space    used 392K, capacity 654K, committed 768K, reserved 1048576K
}
Event: 8.902 GC heap after
{Heap after GC invocations=1 (full 0):
 garbage-first heap   total 260096K, used 7372K [0x0000000702e00000, 0x0000000800000000)
  region size 2048K, 2 young (4096K), 2 survivors (4096K)
 Metaspace       used 5538K, capacity 8017K, committed 8448K, reserved 1056768K
  class space    used 392K, capacity 654K, committed 768K, reserved 1048576K
}

Deoptimization events (20 events):
Event: 23.457 Thread 0x000001362dc57310 Uncommon trap: trap_request=0xffffffc6 fr.pc=0x0000013618a26464 relative=0x0000000000001564
Event: 23.457 Thread 0x000001362dc57310 Uncommon trap: reason=bimorphic_or_optimized_type_check action=maybe_recompile pc=0x0000013618a26464 method=com.badlogic.gdx.physics.box2d.World.reportRayFixture(JFFFFF)F @ 67 c2
Event: 23.457 Thread 0x000001362dc57310 DEOPT PACKING pc=0x0000013618a26464 sp=0x0000001e9e0fdcf0
Event: 23.457 Thread 0x000001362dc57310 DEOPT UNPACKING pc=0x0000013610f1e42f sp=0x0000001e9e0fdcc0 mode 2
Event: 23.458 Thread 0x000001362dc57310 Uncommon trap: trap_request=0xffffff45 fr.pc=0x0000013618a221a4 relative=0x0000000000000104
Event: 23.458 Thread 0x000001362dc57310 Uncommon trap: reason=unstable_if action=reinterpret pc=0x0000013618a221a4 method=com.badlogic.gdx.utils.LongMap.locateKey(J)I @ 22 c2
Event: 23.458 Thread 0x000001362dc57310 DEOPT PACKING pc=0x0000013618a221a4 sp=0x0000001e9e0fe8d0
Event: 23.458 Thread 0x000001362dc57310 DEOPT UNPACKING pc=0x0000013610f1e42f sp=0x0000001e9e0fe860 mode 2
Event: 23.476 Thread 0x000001362dc57310 Uncommon trap: trap_request=0xffffff45 fr.pc=0x0000013618a0aae8 relative=0x0000000000000f28
Event: 23.476 Thread 0x000001362dc57310 Uncommon trap: reason=unstable_if action=reinterpret pc=0x0000013618a0aae8 method=com.badlogic.gdx.physics.box2d.Fixture.getShape()Lcom/badlogic/gdx/physics/box2d/Shape; @ 4 c2
Event: 23.476 Thread 0x000001362dc57310 DEOPT PACKING pc=0x0000013618a0aae8 sp=0x0000001e9e0fec60
Event: 23.476 Thread 0x000001362dc57310 DEOPT UNPACKING pc=0x0000013610f1e42f sp=0x0000001e9e0feb80 mode 2
Event: 35.527 Thread 0x000001362dc57310 Uncommon trap: trap_request=0xffffff3d fr.pc=0x0000013618a2d3d0 relative=0x0000000000004750
Event: 35.527 Thread 0x000001362dc57310 Uncommon trap: reason=unstable_fused_if action=reinterpret pc=0x0000013618a2d3d0 method=com.badlogic.gdx.utils.Array.ensureCapacity(I)[Ljava/lang/Object; @ 1 c2
Event: 35.527 Thread 0x000001362dc57310 DEOPT PACKING pc=0x0000013618a2d3d0 sp=0x0000001e9e0fecc0
Event: 35.527 Thread 0x000001362dc57310 DEOPT UNPACKING pc=0x0000013610f1e42f sp=0x0000001e9e0febf0 mode 2
Event: 35.527 Thread 0x000001362dc57310 Uncommon trap: trap_request=0xffffff45 fr.pc=0x0000013618a10df4 relative=0x0000000000000554
Event: 35.527 Thread 0x000001362dc57310 Uncommon trap: reason=unstable_if action=reinterpret pc=0x0000013618a10df4 method=com.badlogic.gdx.utils.Array.iterator()Lcom/badlogic/gdx/utils/Array$ArrayIterator; @ 20 c2
Event: 35.527 Thread 0x000001362dc57310 DEOPT PACKING pc=0x0000013618a10df4 sp=0x0000001e9e0fec80
Event: 35.527 Thread 0x000001362dc57310 DEOPT UNPACKING pc=0x0000013610f1e42f sp=0x0000001e9e0febe0 mode 2

Classes unloaded (0 events):
No events

Classes redefined (0 events):
No events

Internal exceptions (5 events):
Event: 0.242 Thread 0x000001362d5cae30 Exception <a 'java/lang/NoSuchMethodError'{0x00000007128a2750}: 'java.lang.Object java.lang.invoke.DirectMethodHandle$Holder.invokeStatic(java.lang.Object)'> (0x00000007128a2750) 
thrown [./src/hotspot/share/interpreter/linkResolver.cpp, line 782]
Event: 0.244 Thread 0x000001362d5cae30 Exception <a 'java/lang/NoSuchMethodError'{0x00000007128a6060}: 'java.lang.Object java.lang.invoke.DirectMethodHandle$Holder.invokeStaticInit(java.lang.Object)'> (0x00000007128a6060) 
thrown [./src/hotspot/share/interpreter/linkResolver.cpp, line 782]
Event: 0.292 Thread 0x000001362d5cae30 Exception <a 'java/lang/NoSuchMethodError'{0x00000007128b3400}: 'void java.lang.invoke.DirectMethodHandle$Holder.invokeStatic(java.lang.Object, java.lang.Object)'> (0x00000007128b3400) 
thrown [./src/hotspot/share/interpreter/linkResolver.cpp, line 782]
Event: 23.476 Thread 0x000001362dc57310 Implicit null exception at 0x0000013618a09c60 to 0x0000013618a0aadc
Event: 35.527 Thread 0x000001362dc57310 Implicit null exception at 0x0000013618a10926 to 0x0000013618a10dcc

Events (20 events):
Event: 2.377 Loaded shared library C:\Program Files\Zulu\zulu-15\bin\java.dll
Event: 2.423 Loaded shared library C:\Users\StefanieZuccarini\AppData\Local\Temp\libgdxStefanieZuccarini\1cecf4f6\lwjgl64.dll
Event: 2.507 Loaded shared library C:\Users\StefanieZuccarini\AppData\Local\Temp\libgdxStefanieZuccarini\1cecf4f6\lwjgl64.dll
Event: 2.689 Loaded shared library C:\Users\StefanieZuccarini\AppData\Local\Temp\libgdxStefanieZuccarini\1cecf4f6\lwjgl64.dll
Event: 2.926 Loaded shared library C:\Users\StefanieZuccarini\AppData\Local\Temp\libgdxStefanieZuccarini\1cecf4f6\lwjgl64.dll
Event: 2.929 Loaded shared library C:\Users\StefanieZuccarini\AppData\Local\Temp\libgdxStefanieZuccarini\1cecf4f6\lwjgl64.dll
Event: 2.991 Loaded shared library C:\Users\StefanieZuccarini\AppData\Local\Temp\libgdxStefanieZuccarini\1cecf4f6\lwjgl64.dll
Event: 3.276 Loaded shared library C:\Users\StefanieZuccarini\AppData\Local\Temp\libgdxStefanieZuccarini\1cecf4f6\lwjgl64.dll
Event: 3.306 Loaded shared library C:\Program Files\Zulu\zulu-15\bin\java.dll
Event: 3.310 Loaded shared library C:\Users\StefanieZuccarini\AppData\Local\Temp\libgdxStefanieZuccarini\1cecf4f6\lwjgl64.dll
Event: 3.313 Loaded shared library C:\Users\StefanieZuccarini\AppData\Local\Temp\libgdxStefanieZuccarini\1cecf4f6\lwjgl64.dll
Event: 3.806 Loaded shared library C:\Program Files\Zulu\zulu-15\bin\java.dll
Event: 4.706 Loaded shared library C:\Users\StefanieZuccarini\AppData\Local\Temp\libgdxStefanieZuccarini\1cecf4f6\lwjgl64.dll
Event: 5.939 Loaded shared library C:\Users\StefanieZuccarini\AppData\Local\Temp\libgdxStefanieZuccarini\1cecf4f6\lwjgl64.dll
Event: 8.888 Executing VM operation: G1CollectForAllocation
Event: 8.902 Executing VM operation: G1CollectForAllocation done
Event: 10.207 Loaded shared library C:\Users\StefanieZuccarini\AppData\Local\Temp\libgdxStefanieZuccarini\e1cd32f8\gdx64.dll
Event: 10.222 Loaded shared library C:\Users\StefanieZuccarini\AppData\Local\Temp\libgdxStefanieZuccarini\1cecf4f6\lwjgl64.dll
Event: 10.223 Loaded shared library C:\Users\StefanieZuccarini\AppData\Local\Temp\libgdxStefanieZuccarini\1cecf4f6\lwjgl64.dll
Event: 25.290 Loaded shared library C:\Users\StefanieZuccarini\AppData\Local\Temp\libgdxStefanieZuccarini\1cecf4f6\lwjgl64.dll


Dynamic libraries:
0x00007ff69fe20000 - 0x00007ff69fe2d000 	C:\Program Files\Zulu\zulu-15\bin\java.exe
0x00007ffb5fea0000 - 0x00007ffb60090000 	C:\Windows\SYSTEM32\ntdll.dll
0x00007ffb5ed60000 - 0x00007ffb5ee12000 	C:\Windows\System32\KERNEL32.DLL
0x00007ffb5d050000 - 0x00007ffb5d2f5000 	C:\Windows\System32\KERNELBASE.dll
0x00007ffb5d680000 - 0x00007ffb5d77a000 	C:\Windows\System32\ucrtbase.dll
0x00007ffb2fe70000 - 0x00007ffb2fe85000 	C:\Program Files\Zulu\zulu-15\bin\VCRUNTIME140.dll
0x00007ffb31ff0000 - 0x00007ffb32008000 	C:\Program Files\Zulu\zulu-15\bin\jli.dll
0x00007ffb5c1e0000 - 0x00007ffb5c464000 	C:\Windows\WinSxS\amd64_microsoft.windows.common-controls_6595b64144ccf1df_6.0.18362.1139_none_9e7bf2d3e4605ac6\COMCTL32.dll
0x00007ffb5e290000 - 0x00007ffb5e424000 	C:\Windows\System32\USER32.dll
0x00007ffb5fb00000 - 0x00007ffb5fb9e000 	C:\Windows\System32\msvcrt.dll
0x00007ffb5d300000 - 0x00007ffb5d321000 	C:\Windows\System32\win32u.dll
0x00007ffb5f680000 - 0x00007ffb5f9b5000 	C:\Windows\System32\combase.dll
0x00007ffb5e260000 - 0x00007ffb5e286000 	C:\Windows\System32\GDI32.dll
0x00007ffb5fca0000 - 0x00007ffb5fdc0000 	C:\Windows\System32\RPCRT4.dll
0x00007ffb5d360000 - 0x00007ffb5d4f6000 	C:\Windows\System32\gdi32full.dll
0x00007ffb5d500000 - 0x00007ffb5d580000 	C:\Windows\System32\bcryptPrimitives.dll
0x00007ffb5d580000 - 0x00007ffb5d61e000 	C:\Windows\System32\msvcp_win.dll
0x00007ffb5fba0000 - 0x00007ffb5fbce000 	C:\Windows\System32\IMM32.DLL
0x00007ffb06090000 - 0x00007ffb0612b000 	C:\Program Files\Zulu\zulu-15\bin\msvcp140.dll
0x00007ffaca680000 - 0x00007ffacb212000 	C:\Program Files\Zulu\zulu-15\bin\server\jvm.dll
0x00007ffb5e920000 - 0x00007ffb5e9c3000 	C:\Windows\System32\ADVAPI32.dll
0x00007ffb5eb00000 - 0x00007ffb5eb97000 	C:\Windows\System32\sechost.dll
0x00007ffb5fdc0000 - 0x00007ffb5fdc8000 	C:\Windows\System32\PSAPI.DLL
0x00007ffb3f280000 - 0x00007ffb3f289000 	C:\Windows\SYSTEM32\WSOCK32.dll
0x00007ffb590e0000 - 0x00007ffb59104000 	C:\Windows\SYSTEM32\WINMM.dll
0x00007ffb50da0000 - 0x00007ffb50daa000 	C:\Windows\SYSTEM32\VERSION.dll
0x00007ffb5fdd0000 - 0x00007ffb5fe3f000 	C:\Windows\System32\WS2_32.dll
0x00007ffb590b0000 - 0x00007ffb590dd000 	C:\Windows\SYSTEM32\WINMMBASE.dll
0x00007ffb5d780000 - 0x00007ffb5d7ca000 	C:\Windows\System32\cfgmgr32.dll
0x00007ffb5ce10000 - 0x00007ffb5ce21000 	C:\Windows\System32\kernel.appcore.dll
0x00007ffb50620000 - 0x00007ffb5062a000 	C:\Program Files\Zulu\zulu-15\bin\jimage.dll
0x00007ffb5c830000 - 0x00007ffb5ca24000 	C:\Windows\SYSTEM32\DBGHELP.DLL
0x00007ffb5c5d0000 - 0x00007ffb5c5fa000 	C:\Windows\SYSTEM32\dbgcore.DLL
0x00007ffb461c0000 - 0x00007ffb461ce000 	C:\Program Files\Zulu\zulu-15\bin\instrument.dll
0x00007ffb2fa80000 - 0x00007ffb2faa5000 	C:\Program Files\Zulu\zulu-15\bin\java.dll
0x00007ffb5ee80000 - 0x00007ffb5f567000 	C:\Windows\System32\SHELL32.dll
0x00007ffb5e9d0000 - 0x00007ffb5ea79000 	C:\Windows\System32\shcore.dll
0x00007ffb5d7d0000 - 0x00007ffb5df50000 	C:\Windows\System32\windows.storage.dll
0x00007ffb5cdc0000 - 0x00007ffb5cde3000 	C:\Windows\System32\profapi.dll
0x00007ffb5cd70000 - 0x00007ffb5cdba000 	C:\Windows\System32\powrprof.dll
0x00007ffb5cd60000 - 0x00007ffb5cd70000 	C:\Windows\System32\UMPDC.dll
0x00007ffb5ed00000 - 0x00007ffb5ed52000 	C:\Windows\System32\shlwapi.dll
0x00007ffb5ce30000 - 0x00007ffb5ce47000 	C:\Windows\System32\cryptsp.dll
0x00007ffb2c280000 - 0x00007ffb2c298000 	C:\Program Files\Zulu\zulu-15\bin\zip.dll
0x00007ffb2ade0000 - 0x00007ffb2adf9000 	C:\Program Files\Zulu\zulu-15\bin\net.dll
0x00007ffb56b70000 - 0x00007ffb56c60000 	C:\Windows\SYSTEM32\WINHTTP.dll
0x00007ffb5bf30000 - 0x00007ffb5bf97000 	C:\Windows\system32\mswsock.dll
0x00007ffb1cf20000 - 0x00007ffb1cf32000 	C:\Program Files\Zulu\zulu-15\bin\nio.dll
0x00007ffb1b3c0000 - 0x00007ffb1b3da000 	C:\Program Files\JetBrains\IntelliJ IDEA Community Edition 2021.3\bin\breakgen64.dll
0x000000006e700000 - 0x000000006e72a000 	C:\Users\StefanieZuccarini\AppData\Local\Temp\libgdxStefanieZuccarini\e1cd32f8\gdx64.dll
0x00007ffb46080000 - 0x00007ffb46090000 	C:\Program Files\Zulu\zulu-15\bin\verify.dll
0x0000000180000000 - 0x0000000180053000 	C:\Users\StefanieZuccarini\AppData\Local\Temp\libgdxStefanieZuccarini\1cecf4f6\lwjgl64.dll
0x00007ffb28fc0000 - 0x00007ffb29116000 	C:\Windows\SYSTEM32\OPENGL32.dll
0x00007ffb2ec00000 - 0x00007ffb2ec2c000 	C:\Windows\SYSTEM32\GLU32.dll
0x00007ffb5b0d0000 - 0x00007ffb5b0f0000 	C:\Windows\SYSTEM32\dxcore.dll
0x000001362e000000 - 0x000001362e064000 	C:\Users\STEFAN~1\AppData\Local\Temp\libgdxStefanieZuccarini\1cecf4f6\OpenAL64.dll
0x00007ffb5e100000 - 0x00007ffb5e257000 	C:\Windows\System32\ole32.dll
0x00007ffb5a780000 - 0x00007ffb5a819000 	C:\Windows\system32\uxtheme.dll
0x00007ffb5f5d0000 - 0x00007ffb5f672000 	C:\Windows\System32\clbcatq.dll
0x00007ffaf2190000 - 0x00007ffaf2229000 	C:\Windows\SYSTEM32\dsound.dll
0x00007ffb4c010000 - 0x00007ffb4c082000 	C:\Windows\System32\MMDevApi.dll
0x00007ffb5cb50000 - 0x00007ffb5cb7a000 	C:\Windows\System32\DEVOBJ.dll
0x00007ffb4a190000 - 0x00007ffb4a2ed000 	C:\Windows\SYSTEM32\AUDIOSES.DLL
0x00007ffb5eba0000 - 0x00007ffb5ec65000 	C:\Windows\System32\OLEAUT32.dll
0x00007ffb57f20000 - 0x00007ffb58073000 	C:\Windows\SYSTEM32\wintypes.dll
0x00007ffb573f0000 - 0x00007ffb5749e000 	C:\Windows\SYSTEM32\mscms.dll
0x00007ffb573d0000 - 0x00007ffb573e7000 	C:\Windows\SYSTEM32\ColorAdapterClient.dll
0x00007ffb5cc80000 - 0x00007ffb5cca5000 	C:\Windows\SYSTEM32\USERENV.dll
0x00007ffb478f0000 - 0x00007ffb4790a000 	C:\Windows\System32\Windows.Internal.Graphics.Display.DisplayColorManagement.dll
0x00007ffb5f9c0000 - 0x00007ffb5faf5000 	C:\Windows\System32\MSCTF.dll
0x00007ffb3d270000 - 0x00007ffb3d30e000 	C:\Windows\System32\TextInputFramework.dll
0x00007ffb5a3b0000 - 0x00007ffb5a484000 	C:\Windows\System32\CoreMessaging.dll
0x00007ffb58160000 - 0x00007ffb5848a000 	C:\Windows\System32\CoreUIComponents.dll
0x00007ffb5cb10000 - 0x00007ffb5cb41000 	C:\Windows\SYSTEM32\ntmarta.dll
0x00007ffb3ae30000 - 0x00007ffb3b0d7000 	C:\Windows\System32\iertutil.dll
0x00007ffac86f0000 - 0x00007ffac9607000 	C:\Windows\System32\DriverStore\FileRepository\iigd_dch.inf_amd64_dc945736c722f2b5\ig9icd64.dll
0x00007ffb5ab00000 - 0x00007ffb5ab2d000 	C:\Windows\system32\dwmapi.dll
0x00007ffb5b160000 - 0x00007ffb5b24b000 	C:\Windows\system32\dxgi.dll
0x00007ffb536b0000 - 0x00007ffb53854000 	C:\Windows\System32\DriverStore\FileRepository\iigd_dch.inf_amd64_dc945736c722f2b5\igdgmm64.dll
0x00007ffb1b370000 - 0x00007ffb1b3b3000 	C:\Windows\SYSTEM32\icm32.dll
0x00007fface080000 - 0x00007fface3db000 	C:\Windows\System32\DriverStore\FileRepository\iigd_dch.inf_amd64_dc945736c722f2b5\igdml64.dll
0x00007ffb510a0000 - 0x00007ffb536a1000 	C:\Windows\System32\DriverStore\FileRepository\iigd_dch.inf_amd64_dc945736c722f2b5\igc64.dll
0x0000000066b00000 - 0x0000000066b5b000 	C:\Users\StefanieZuccarini\AppData\Local\Temp\libgdxStefanieZuccarini\a14961b7\gdx-box2d64.dll

dbghelp: loaded successfully - version: 4.0.5 - missing functions: none
symbol engine: initialized successfully - sym options: 0x614 - pdb path: .;C:\Program Files\Zulu\zulu-15\bin;C:\Windows\SYSTEM32;C:\Windows\WinSxS\amd64_microsoft.windows.common-controls_6595b64144ccf1df_6.0.18362.1139_none_9e7bf2d3e4605ac6;C:\Program Files\Zulu\zulu-15\bin\server;C:\Program Files\JetBrains\IntelliJ IDEA Community Edition 2021.3\bin;C:\Users\StefanieZuccarini\AppData\Local\Temp\libgdxStefanieZuccarini\e1cd32f8;C:\Users\StefanieZuccarini\AppData\Local\Temp\libgdxStefanieZuccarini\1cecf4f6;C:\Users\STEFAN~1\AppData\Local\Temp\libgdxStefanieZuccarini\1cecf4f6;C:\Windows\System32\DriverStore\FileRepository\iigd_dch.inf_amd64_dc945736c722f2b5;C:\Users\StefanieZuccarini\AppData\Local\Temp\libgdxStefanieZuccarini\a14961b7

VM Arguments:
jvm_args: -javaagent:C:\Program Files\JetBrains\IntelliJ IDEA Community Edition 2021.3\lib\idea_rt.jar=59819:C:\Program Files\JetBrains\IntelliJ IDEA Community Edition 2021.3\bin -Dfile.encoding=UTF-8 
java_command: com.mygdx.game.desktop.DesktopLauncher
java_class_path (initial): C:\Users\StefanieZuccarini\Documents\GitHub\PortalGame\PortalGame\desktop\build\classes\java\main;C:\Users\StefanieZuccarini\Documents\GitHub\PortalGame\PortalGame\desktop\build\resources\main;C:\Users\StefanieZuccarini\.gradle\caches\modules-2\files-2.1\com.badlogicgames.gdx\gdx-tools\1.10.0\d699cf4953fb42a071c7c3feb9b5c45601aa6a4b\gdx-tools-1.10.0.jar;C:\Users\StefanieZuccarini\.gradle\caches\modules-2\files-2.1\com.badlogicgames.gdx\gdx-backend-lwjgl\1.10.0\58ff89d9e4fd8a82591367f187d606e781cacc05\gdx-backend-lwjgl-1.10.0.jar;C:\Users\StefanieZuccarini\.gradle\caches\modules-2\files-2.1\com.badlogicgames.gdx\gdx-platform\1.10.0\9a8fa793d2fd6d360afc6c9e4c1f5583da263b88\gdx-platform-1.10.0-natives-desktop.jar;C:\Users\StefanieZuccarini\.gradle\caches\modules-2\files-2.1\com.badlogicgames.gdx\gdx-box2d-platform\1.10.0\588c4191c5a64ed39365e71484aa37d81c38eb5e\gdx-box2d-platform-1.10.0-natives-desktop.jar;C:\Users\StefanieZuccarini\.gradle\caches\modules-2\files-2.1\com.badlogicgames.gdx\gdx-bullet-platform\1.10.0\ce92e8dfc762523d769cbc50853163c03bf98cf1\gdx-bullet-platform-1.10.0-natives-desktop.jar;C:\Users\StefanieZuccarini\.gradle\caches\modules-2\files-2.1\com.badlogicgames.gdx\gdx-freetype-platform\1.10.0\6e5d28752759e69384f12e4569d2c884ff71352f\gdx-freetype-platform-1.10.0-natives-desktop.jar;C:\Users\StefanieZuccarini\Documents\GitHub\PortalGame\PortalGame\core\build\classes\java\main;C:\Users\StefanieZuccarini\.gradle\caches\modules-2\files-2.1\com.badlogicgames.gdx\gdx-backend-headless\1.10.0\990eadbb431197c5b9b816d1659c772e0268e65\gdx-backend-headless-1.10.0.jar;C:\Users\StefanieZuccarini\.gradle\caches\modules-2\files-2.1\com.badlogicgames.gdx\gdx-freetype\1.10.0\de1d0d5c1e92e8d91364256fd6b7bb279d3e9859\gdx-freetype-1.10.0.jar;C:\Users\StefanieZuccarini\.gradle\caches\modules-2\files-2.1\com.badlogicgames.gdx\gdx\1.10.0\74c240f79dc4fb6b766a834249600d0a019d0489\gdx-1.10.0.jar;C:\Users\StefanieZuccarini\.gradle\caches\modules-2\f
Launcher Type: SUN_STANDARD

[Global flags]
     intx CICompilerCount                          = 4                                         {product} {ergonomic}
     uint ConcGCThreads                            = 2                                         {product} {ergonomic}
     uint G1ConcRefinementThreads                  = 8                                         {product} {ergonomic}
   size_t G1HeapRegionSize                         = 2097152                                   {product} {ergonomic}
    uintx GCDrainStackTargetSize                   = 64                                        {product} {ergonomic}
   size_t InitialHeapSize                          = 266338304                                 {product} {ergonomic}
   size_t MarkStackSize                            = 4194304                                   {product} {ergonomic}
   size_t MaxHeapSize                              = 4246732800                                {product} {ergonomic}
   size_t MaxNewSize                               = 2548039680                                {product} {ergonomic}
   size_t MinHeapDeltaBytes                        = 2097152                                   {product} {ergonomic}
   size_t MinHeapSize                              = 8388608                                   {product} {ergonomic}
    uintx NonNMethodCodeHeapSize                   = 5839372                                {pd product} {ergonomic}
    uintx NonProfiledCodeHeapSize                  = 122909434                              {pd product} {ergonomic}
    uintx ProfiledCodeHeapSize                     = 122909434                              {pd product} {ergonomic}
    uintx ReservedCodeCacheSize                    = 251658240                              {pd product} {ergonomic}
     bool SegmentedCodeCache                       = true                                      {product} {ergonomic}
   size_t SoftMaxHeapSize                          = 4246732800                             {manageable} {ergonomic}
     bool UseCompressedClassPointers               = true                                 {lp64_product} {ergonomic}
     bool UseCompressedOops                        = true                                 {lp64_product} {ergonomic}
     bool UseG1GC                                  = true                                      {product} {ergonomic}
     bool UseLargePagesIndividualAllocation        = false                                  {pd product} {ergonomic}

Logging:
Log output configuration:
 #0: stdout all=warning uptime,level,tags
 #1: stderr all=off uptime,level,tags

Environment Variables:
PATH=C:\Program Files\Zulu\zulu-15\bin\;C:\Program Files\Common Files\Oracle\Java\javapath;C:\Program Files (x86)\Common Files\Oracle\Java\javapath;C:\Windows\system32;C:\Windows;C:\Windows\System32\Wbem;C:\Windows\System32\WindowsPowerShell\v1.0\;C:\Windows\System32\OpenSSH\;C:\Program Files\Git\cmd;C:\Users\StefanieZuccarini\AppData\Local\Microsoft\WindowsApps;C:\Program Files\JetBrains\IntelliJ IDEA Community Edition 2021.3\bin;;C:\Users\StefanieZuccarini\AppData\Local\GitHubDesktop\bin
USERNAME=StefanieZuccarini
OS=Windows_NT
PROCESSOR_IDENTIFIER=Intel64 Family 6 Model 142 Stepping 12, GenuineIntel



---------------  S Y S T E M  ---------------

OS:
 Windows 10 , 64 bit Build 18362 (10.0.18362.1110)
OS uptime: 3 days 18:15 hours

CPU: total 8 (initial active 8) (4 cores per cpu, 2 threads per core) family 6 model 142 stepping 12 microcode 0xca, cmov, cx8, fxsr, mmx, sse, sse2, sse3, ssse3, sse4.1, sse4.2, popcnt, vzeroupper, avx, avx2, aes, clmul, erms, 3dnowpref, lzcnt, ht, tsc, tscinvbit, bmi1, bmi2, adx, fma, clflush, clflushopt

Memory: 4k page, system-wide physical 16198M (6588M free)
TotalPageFile size 32582M (AvailPageFile size 22362M)
current process WorkingSet (physical memory assigned to process): 208M, peak: 250M
current process commit charge ("private bytes"): 470M, peak: 512M

vm_info: OpenJDK 64-Bit Server VM (15.0.5+3-MTS) for windows-amd64 JRE (15.0.5+3-MTS) (Zulu15.36+13-CA), built on Oct  8 2021 11:07:26 by "zulu_re" with MS VC++ 15.9 (VS2017)

END.
