#
# A fatal error has been detected by the Java Runtime Environment:
#
#  EXCEPTION_ACCESS_VIOLATION (0xc0000005) at pc=0x0000000066b0cfa7, pid=20072, tid=24288
#
# JRE version: OpenJDK Runtime Environment Zulu15.36+13-CA (15.0.5+3) (build 15.0.5+3-MTS)
# Java VM: OpenJDK 64-Bit Server VM Zulu15.36+13-CA (15.0.5+3-MTS, mixed mode, sharing, tiered, compressed oops, g1 gc, windows-amd64)
# Problematic frame:
# C  [gdx-box2d64.dll+0xcfa7]
#
# No core dump will be written. Minidumps are not enabled by default on client versions of Windows
#
# If you would like to submit a bug report, please visit:
#   http://www.azul.com/support/
# The crash happened outside the Java Virtual Machine in native code.
# See problematic frame for where to report the bug.
#

---------------  S U M M A R Y ------------

Command Line: -Dfile.encoding=windows-1252 -Duser.country=CA -Duser.language=en -Duser.variant com.mygdx.game.desktop.DesktopLauncher

Host: Intel(R) Core(TM) i7-10700F CPU @ 2.90GHz, 16 cores, 15G,  Windows 10 , 64 bit Build 19041 (10.0.19041.1348)
Time: Mon Dec 20 22:55:02 2021 Eastern Standard Time elapsed time: 36.527655 seconds (0d 0h 0m 36s)

---------------  T H R E A D  ---------------

Current thread (0x000002a9429581d0):  JavaThread "LWJGL Application" [_thread_in_native, id=24288, stack(0x000000dc81800000,0x000000dc81900000)]

Stack: [0x000000dc81800000,0x000000dc81900000],  sp=0x000000dc818feb70,  free space=1018k
Native frames: (J=compiled Java code, j=interpreted, Vv=VM code, C=native code)
C  [gdx-box2d64.dll+0xcfa7]

Java frames: (J=compiled Java code, j=interpreted, Vv=VM code)
j  com.badlogic.gdx.physics.box2d.World.jniDestroyBody(JJ)V+0
j  com.badlogic.gdx.physics.box2d.World.destroyBody(Lcom/badlogic/gdx/physics/box2d/Body;)V+42
j  com.mygdx.game.Entity.dispose()V+8
j  com.mygdx.game.MyGdxGame.dispose()V+82
j  com.badlogic.gdx.backends.lwjgl.LwjglApplication.mainLoop()V+924
j  com.badlogic.gdx.backends.lwjgl.LwjglApplication$1.run()V+27
v  ~StubRoutines::call_stub

siginfo: EXCEPTION_ACCESS_VIOLATION (0xc0000005), reading address 0x0000000000000008


Register to memory mapping:

RIP=0x0000000066b0cfa7 gdx-box2d64.dll
RAX=0x0 is NULL
RBX=0x000002a94b02f370 points into unknown readable memory: 0x0000000066b48700 | 00 87 b4 66 00 00 00 00
RCX=0x0000000000000036 is an unknown value
RDX=0x000002a94af502c0 points into unknown readable memory: 0x000002a941200000 | 00 00 20 41 a9 02 00 00
RSP=0x000000dc818feb70 is pointing into the stack for thread: 0x000002a9429581d0
RBP=0x000002a943d3c340 points into unknown readable memory: 0x000002a91b320150 | 50 01 32 1b a9 02 00 00
RSI=0x000002a943d555e0 points into unknown readable memory: 0x0000000000000008 | 08 00 00 00 00 00 00 00
RDI=0x000002a94b02f370 points into unknown readable memory: 0x0000000066b48700 | 00 87 b4 66 00 00 00 00
R8 =0x000002a943d8fd90 points into unknown readable memory: 0x0000003600000002 | 02 00 00 00 36 00 00 00
R9 =0x0000000000000004 is an unknown value
R10=0x000002a94257e2c0 points into unknown readable memory: 0x0000001e00000003 | 03 00 00 00 1e 00 00 00
R11=0x000000dc818feb60 is pointing into the stack for thread: 0x000002a9429581d0
R12=0x0 is NULL
R13={method} {0x000002a941e435c8} 'jniDestroyBody' '(JJ)V' in 'com/badlogic/gdx/physics/box2d/World'
R14=0x000000dc818fedb8 is pointing into the stack for thread: 0x000002a9429581d0
R15=0x000002a9429581d0 is a thread


Registers:
RAX=0x0000000000000000, RBX=0x000002a94b02f370, RCX=0x0000000000000036, RDX=0x000002a94af502c0
RSP=0x000000dc818feb70, RBP=0x000002a943d3c340, RSI=0x000002a943d555e0, RDI=0x000002a94b02f370
R8 =0x000002a943d8fd90, R9 =0x0000000000000004, R10=0x000002a94257e2c0, R11=0x000000dc818feb60
R12=0x0000000000000000, R13=0x000002a941e435c0, R14=0x000000dc818fedb8, R15=0x000002a9429581d0
RIP=0x0000000066b0cfa7, EFLAGS=0x0000000000010202

Top of Stack: (sp=0x000000dc818feb70)
0x000000dc818feb70:   0000000000000000 0000000066b3d36c
0x000000dc818feb80:   000002a94b02f370 000002a943d8f910
0x000000dc818feb90:   000002a943d555e0 000002a94b02f370
0x000000dc818feba0:   000002a943d555e0 000002a943d8fd90
0x000000dc818febb0:   000002a943d8f910 0000000066b1f39f
0x000000dc818febc0:   000002a942958100 0000000000000000
0x000000dc818febd0:   00007ffbd902b548 000002a94b02f370
0x000000dc818febe0:   000000000000000e 0000000000000000
0x000000dc818febf0:   000002a943d3c340 000002a943d8fd90
0x000000dc818fec00:   000002a943d555e0 0000000066b215d3
0x000000dc818fec10:   000002a9420be810 0000002800000003
0x000000dc818fec20:   000000dc818fed78 000002a9429581d0
0x000000dc818fec30:   000002a943d3c340 000002a943d8fd90
0x000000dc818fec40:   0000000000001800 000000dc818fed78
0x000000dc818fec50:   0000000000000000 0000000066b26a9d
0x000000dc818fec60:   000000dc818fed78 00007ffbd8aae3d7 

Instructions: (pc=0x0000000066b0cfa7)
0x0000000066b0cea7:   e0 05 48 8d 04 d0 48 8d 15 8c 34 04 00 48 01 d0
0x0000000066b0ceb7:   4c 8b 10 4d 85 d2 0f 84 8e 00 00 00 80 78 10 00
0x0000000066b0cec7:   4c 89 b4 24 80 00 00 00 75 1f 41 89 e9 4d 89 e8
0x0000000066b0ced7:   89 fa 4c 89 e1 48 83 c4 20 5b 5e 5f 5d 41 5c 41
0x0000000066b0cee7:   5d 41 5e 49 ff e2 0f 1f 00 41 89 f9 4d 89 e0 89
0x0000000066b0cef7:   ea 4c 89 e9 eb df 0f 1f 00 48 8d 15 79 50 03 00
0x0000000066b0cf07:   48 8d 0d 12 51 03 00 41 b8 51 00 00 00 e8 b7 96
0x0000000066b0cf17:   02 00 e9 7f ff ff ff 66 90 48 8d 15 59 50 03 00
0x0000000066b0cf27:   48 8d 0d c2 50 03 00 41 b8 50 00 00 00 e8 97 96
0x0000000066b0cf37:   02 00 e9 5a ff ff ff 66 90 e8 fb fc ff ff c6 05
0x0000000066b0cf47:   d4 33 04 00 01 e9 2d ff ff ff 31 c0 48 83 c4 20
0x0000000066b0cf57:   5b 5e 5f 5d 41 5c 41 5d 41 5e c3 0f 1f 40 00 66
0x0000000066b0cf67:   2e 0f 1f 84 00 00 00 00 00 55 57 56 53 48 83 ec
0x0000000066b0cf77:   28 80 3d a1 33 04 00 00 48 89 cf 48 89 d5 0f 84
0x0000000066b0cf87:   f5 00 00 00 8b 8f b4 00 00 00 48 8b 47 60 48 8b
0x0000000066b0cf97:   57 68 85 c9 7e 06 80 78 3a 00 74 50 48 8b 40 18
0x0000000066b0cfa7:   48 63 58 08 48 8b 42 18 8b 70 08 85 db 0f 88 8a
0x0000000066b0cfb7:   00 00 00 83 fe 03 0f 8f 81 00 00 00 48 63 c6 48
0x0000000066b0cfc7:   89 f9 48 8d 14 40 48 8d 04 5b 48 c1 e0 05 48 8d
0x0000000066b0cfd7:   04 d0 48 8d 15 60 33 04 00 48 8b 44 02 08 48 89
0x0000000066b0cfe7:   ea 48 83 c4 28 5b 5e 5f 5d 48 ff e0 80 7a 3a 00
0x0000000066b0cff7:   75 aa 4c 8b 40 10 41 0f b7 48 04 f6 c1 02 75 13
0x0000000066b0d007:   83 c9 02 41 c7 80 ac 00 00 00 00 00 00 00 66 41
0x0000000066b0d017:   89 48 04 4c 8b 42 10 41 0f b7 48 04 f6 c1 02 0f
0x0000000066b0d027:   85 77 ff ff ff 83 c9 02 41 c7 80 ac 00 00 00 00
0x0000000066b0d037:   00 00 00 66 41 89 48 04 e9 5f ff ff ff 48 8d 15
0x0000000066b0d047:   35 4f 03 00 48 8d 0d 16 50 03 00 41 b8 77 00 00
0x0000000066b0d057:   00 e8 73 95 02 00 48 8d 15 1c 4f 03 00 48 8d 0d
0x0000000066b0d067:   fd 4f 03 00 41 b8 78 00 00 00 e8 5a 95 02 00 e9
0x0000000066b0d077:   48 ff ff ff 0f 1f 44 00 00 48 8d 15 f9 4e 03 00
0x0000000066b0d087:   48 8d 0d bd 4f 03 00 41 b8 67 00 00 00 e8 37 95
0x0000000066b0d097:   02 00 e9 ed fe ff ff 66 90 48 83 ec 38 48 8d 05 


Stack slot to memory mapping:
stack at sp + 0 slots: 0x0 is NULL
stack at sp + 1 slots: 0x0000000066b3d36c gdx-box2d64.dll
stack at sp + 2 slots: 0x000002a94b02f370 points into unknown readable memory: 0x0000000066b48700 | 00 87 b4 66 00 00 00 00
stack at sp + 3 slots: 0x000002a943d8f910 points into unknown readable memory: 0x000002ab4af50080 | 80 00 f5 4a ab 02 00 00
stack at sp + 4 slots: 0x000002a943d555e0 points into unknown readable memory: 0x0000000000000008 | 08 00 00 00 00 00 00 00
stack at sp + 5 slots: 0x000002a94b02f370 points into unknown readable memory: 0x0000000066b48700 | 00 87 b4 66 00 00 00 00
stack at sp + 6 slots: 0x000002a943d555e0 points into unknown readable memory: 0x0000000000000008 | 08 00 00 00 00 00 00 00
stack at sp + 7 slots: 0x000002a943d8fd90 points into unknown readable memory: 0x0000003600000002 | 02 00 00 00 36 00 00 00


---------------  P R O C E S S  ---------------

Threads class SMR info:
_java_thread_list=0x000002a946950130, length=13, elements={
0x000002a941fe30a0, 0x000002a941fe4410, 0x000002a941ffffb0, 0x000002a942002980,
0x000002a942003bd0, 0x000002a942005150, 0x000002a942009d90, 0x000002a94201b040,
0x000002a942127950, 0x000002a9421674b0, 0x000002a9429581d0, 0x000002a91d38f710,
0x000002a946fd9a20
}

Java Threads: ( => current thread )
  0x000002a941fe30a0 JavaThread "Reference Handler" daemon [_thread_blocked, id=24360, stack(0x000000dc80900000,0x000000dc80a00000)]
  0x000002a941fe4410 JavaThread "Finalizer" daemon [_thread_blocked, id=30356, stack(0x000000dc80a00000,0x000000dc80b00000)]
  0x000002a941ffffb0 JavaThread "Signal Dispatcher" daemon [_thread_blocked, id=3908, stack(0x000000dc80b00000,0x000000dc80c00000)]
  0x000002a942002980 JavaThread "Attach Listener" daemon [_thread_blocked, id=7340, stack(0x000000dc80c00000,0x000000dc80d00000)]
  0x000002a942003bd0 JavaThread "Service Thread" daemon [_thread_blocked, id=21604, stack(0x000000dc80d00000,0x000000dc80e00000)]
  0x000002a942005150 JavaThread "C2 CompilerThread0" daemon [_thread_blocked, id=28296, stack(0x000000dc80e00000,0x000000dc80f00000)]
  0x000002a942009d90 JavaThread "C1 CompilerThread0" daemon [_thread_blocked, id=16788, stack(0x000000dc80f00000,0x000000dc81000000)]
  0x000002a94201b040 JavaThread "Sweeper thread" daemon [_thread_blocked, id=22000, stack(0x000000dc81000000,0x000000dc81100000)]
  0x000002a942127950 JavaThread "Notification Thread" daemon [_thread_blocked, id=29224, stack(0x000000dc81300000,0x000000dc81400000)]
  0x000002a9421674b0 JavaThread "Common-Cleaner" daemon [_thread_blocked, id=30464, stack(0x000000dc81500000,0x000000dc81600000)]
=>0x000002a9429581d0 JavaThread "LWJGL Application" [_thread_in_native, id=24288, stack(0x000000dc81800000,0x000000dc81900000)]
  0x000002a91d38f710 JavaThread "DestroyJavaVM" [_thread_blocked, id=21428, stack(0x000000dc80200000,0x000000dc80300000)]
  0x000002a946fd9a20 JavaThread "LWJGL Timer" daemon [_thread_blocked, id=22600, stack(0x000000dc82400000,0x000000dc82500000)]

Other Threads:
  0x000002a9417ddfc0 VMThread "VM Thread" [stack: 0x000000dc80800000,0x000000dc80900000] [id=16948]
  0x000002a942127e20 WatcherThread [stack: 0x000000dc81400000,0x000000dc81500000] [id=25048]
  0x000002a91d3e23d0 GCTaskThread "GC Thread#0" [stack: 0x000000dc80300000,0x000000dc80400000] [id=5040]
  0x000002a91d3f3320 ConcurrentGCThread "G1 Main Marker" [stack: 0x000000dc80400000,0x000000dc80500000] [id=28800]
  0x000002a91d3f57e0 ConcurrentGCThread "G1 Conc#0" [stack: 0x000000dc80500000,0x000000dc80600000] [id=20476]
  0x000002a91d4604c0 ConcurrentGCThread "G1 Refine#0" [stack: 0x000000dc80600000,0x000000dc80700000] [id=25804]
  0x000002a941663240 ConcurrentGCThread "G1 Young RemSet Sampling" [stack: 0x000000dc80700000,0x000000dc80800000] [id=7896]

Threads with active compile tasks:

VM state: not at safepoint (normal execution)

VM Mutex/Monitor currently owned by a thread: None

Heap address: 0x0000000703800000, size: 4040 MB, Compressed Oops mode: Zero based, Oop shift amount: 3
CDS archive(s) mapped at: [0x0000000800000000-0x0000000800b50000-0x0000000800b50000), size 11862016, SharedBaseAddress: 0x0000000800000000, ArchiveRelocationMode: 0.
Compressed class space mapped at: 0x0000000800b50000-0x0000000840b50000, size: 1073741824
Narrow klass base: 0x0000000800000000, Narrow klass shift: 3, Narrow klass range: 0x100000000

GC Precious Log:
 CPUs: 16 total, 16 available
 Memory: 16154M
 Large Page Support: Disabled
 NUMA Support: Disabled
 Compressed Oops: Enabled (Zero based)
 Heap Region Size: 2M
 Heap Min Capacity: 8M
 Heap Initial Capacity: 254M
 Heap Max Capacity: 4040M
 Pre-touch: Disabled
 Parallel Workers: 13
 Concurrent Workers: 3
 Concurrent Refinement Workers: 13
 Periodic GC: Disabled

Heap:
 garbage-first heap   total 260096K, used 16384K [0x0000000703800000, 0x0000000800000000)
  region size 2048K, 9 young (18432K), 0 survivors (0K)
 Metaspace       used 4969K, capacity 7966K, committed 8320K, reserved 1056768K
  class space    used 323K, capacity 617K, committed 640K, reserved 1048576K

Heap Regions: E=young(eden), S=young(survivor), O=old, HS=humongous(starts), HC=humongous(continues), CS=collection set, F=free, OA=open archive, CA=closed archive, TAMS=top-at-mark-start (previous, next)
|   0|0x0000000703800000, 0x0000000703800000, 0x0000000703a00000|  0%| F|  |TAMS 0x0000000703800000, 0x0000000703800000| Untracked 
|   1|0x0000000703a00000, 0x0000000703a00000, 0x0000000703c00000|  0%| F|  |TAMS 0x0000000703a00000, 0x0000000703a00000| Untracked 
|   2|0x0000000703c00000, 0x0000000703c00000, 0x0000000703e00000|  0%| F|  |TAMS 0x0000000703c00000, 0x0000000703c00000| Untracked 
|   3|0x0000000703e00000, 0x0000000703e00000, 0x0000000704000000|  0%| F|  |TAMS 0x0000000703e00000, 0x0000000703e00000| Untracked 
|   4|0x0000000704000000, 0x0000000704000000, 0x0000000704200000|  0%| F|  |TAMS 0x0000000704000000, 0x0000000704000000| Untracked 
|   5|0x0000000704200000, 0x0000000704200000, 0x0000000704400000|  0%| F|  |TAMS 0x0000000704200000, 0x0000000704200000| Untracked 
|   6|0x0000000704400000, 0x0000000704400000, 0x0000000704600000|  0%| F|  |TAMS 0x0000000704400000, 0x0000000704400000| Untracked 
|   7|0x0000000704600000, 0x0000000704600000, 0x0000000704800000|  0%| F|  |TAMS 0x0000000704600000, 0x0000000704600000| Untracked 
|   8|0x0000000704800000, 0x0000000704800000, 0x0000000704a00000|  0%| F|  |TAMS 0x0000000704800000, 0x0000000704800000| Untracked 
|   9|0x0000000704a00000, 0x0000000704a00000, 0x0000000704c00000|  0%| F|  |TAMS 0x0000000704a00000, 0x0000000704a00000| Untracked 
|  10|0x0000000704c00000, 0x0000000704c00000, 0x0000000704e00000|  0%| F|  |TAMS 0x0000000704c00000, 0x0000000704c00000| Untracked 
|  11|0x0000000704e00000, 0x0000000704e00000, 0x0000000705000000|  0%| F|  |TAMS 0x0000000704e00000, 0x0000000704e00000| Untracked 
|  12|0x0000000705000000, 0x0000000705000000, 0x0000000705200000|  0%| F|  |TAMS 0x0000000705000000, 0x0000000705000000| Untracked 
|  13|0x0000000705200000, 0x0000000705200000, 0x0000000705400000|  0%| F|  |TAMS 0x0000000705200000, 0x0000000705200000| Untracked 
|  14|0x0000000705400000, 0x0000000705400000, 0x0000000705600000|  0%| F|  |TAMS 0x0000000705400000, 0x0000000705400000| Untracked 
|  15|0x0000000705600000, 0x0000000705600000, 0x0000000705800000|  0%| F|  |TAMS 0x0000000705600000, 0x0000000705600000| Untracked 
|  16|0x0000000705800000, 0x0000000705800000, 0x0000000705a00000|  0%| F|  |TAMS 0x0000000705800000, 0x0000000705800000| Untracked 
|  17|0x0000000705a00000, 0x0000000705a00000, 0x0000000705c00000|  0%| F|  |TAMS 0x0000000705a00000, 0x0000000705a00000| Untracked 
|  18|0x0000000705c00000, 0x0000000705c00000, 0x0000000705e00000|  0%| F|  |TAMS 0x0000000705c00000, 0x0000000705c00000| Untracked 
|  19|0x0000000705e00000, 0x0000000705e00000, 0x0000000706000000|  0%| F|  |TAMS 0x0000000705e00000, 0x0000000705e00000| Untracked 
|  20|0x0000000706000000, 0x0000000706000000, 0x0000000706200000|  0%| F|  |TAMS 0x0000000706000000, 0x0000000706000000| Untracked 
|  21|0x0000000706200000, 0x0000000706200000, 0x0000000706400000|  0%| F|  |TAMS 0x0000000706200000, 0x0000000706200000| Untracked 
|  22|0x0000000706400000, 0x0000000706400000, 0x0000000706600000|  0%| F|  |TAMS 0x0000000706400000, 0x0000000706400000| Untracked 
|  23|0x0000000706600000, 0x0000000706600000, 0x0000000706800000|  0%| F|  |TAMS 0x0000000706600000, 0x0000000706600000| Untracked 
|  24|0x0000000706800000, 0x0000000706800000, 0x0000000706a00000|  0%| F|  |TAMS 0x0000000706800000, 0x0000000706800000| Untracked 
|  25|0x0000000706a00000, 0x0000000706a00000, 0x0000000706c00000|  0%| F|  |TAMS 0x0000000706a00000, 0x0000000706a00000| Untracked 
|  26|0x0000000706c00000, 0x0000000706c00000, 0x0000000706e00000|  0%| F|  |TAMS 0x0000000706c00000, 0x0000000706c00000| Untracked 
|  27|0x0000000706e00000, 0x0000000706e00000, 0x0000000707000000|  0%| F|  |TAMS 0x0000000706e00000, 0x0000000706e00000| Untracked 
|  28|0x0000000707000000, 0x0000000707000000, 0x0000000707200000|  0%| F|  |TAMS 0x0000000707000000, 0x0000000707000000| Untracked 
|  29|0x0000000707200000, 0x0000000707200000, 0x0000000707400000|  0%| F|  |TAMS 0x0000000707200000, 0x0000000707200000| Untracked 
|  30|0x0000000707400000, 0x0000000707400000, 0x0000000707600000|  0%| F|  |TAMS 0x0000000707400000, 0x0000000707400000| Untracked 
|  31|0x0000000707600000, 0x0000000707600000, 0x0000000707800000|  0%| F|  |TAMS 0x0000000707600000, 0x0000000707600000| Untracked 
|  32|0x0000000707800000, 0x0000000707800000, 0x0000000707a00000|  0%| F|  |TAMS 0x0000000707800000, 0x0000000707800000| Untracked 
|  33|0x0000000707a00000, 0x0000000707a00000, 0x0000000707c00000|  0%| F|  |TAMS 0x0000000707a00000, 0x0000000707a00000| Untracked 
|  34|0x0000000707c00000, 0x0000000707c00000, 0x0000000707e00000|  0%| F|  |TAMS 0x0000000707c00000, 0x0000000707c00000| Untracked 
|  35|0x0000000707e00000, 0x0000000707e00000, 0x0000000708000000|  0%| F|  |TAMS 0x0000000707e00000, 0x0000000707e00000| Untracked 
|  36|0x0000000708000000, 0x0000000708000000, 0x0000000708200000|  0%| F|  |TAMS 0x0000000708000000, 0x0000000708000000| Untracked 
|  37|0x0000000708200000, 0x0000000708200000, 0x0000000708400000|  0%| F|  |TAMS 0x0000000708200000, 0x0000000708200000| Untracked 
|  38|0x0000000708400000, 0x0000000708400000, 0x0000000708600000|  0%| F|  |TAMS 0x0000000708400000, 0x0000000708400000| Untracked 
|  39|0x0000000708600000, 0x0000000708600000, 0x0000000708800000|  0%| F|  |TAMS 0x0000000708600000, 0x0000000708600000| Untracked 
|  40|0x0000000708800000, 0x0000000708800000, 0x0000000708a00000|  0%| F|  |TAMS 0x0000000708800000, 0x0000000708800000| Untracked 
|  41|0x0000000708a00000, 0x0000000708a00000, 0x0000000708c00000|  0%| F|  |TAMS 0x0000000708a00000, 0x0000000708a00000| Untracked 
|  42|0x0000000708c00000, 0x0000000708c00000, 0x0000000708e00000|  0%| F|  |TAMS 0x0000000708c00000, 0x0000000708c00000| Untracked 
|  43|0x0000000708e00000, 0x0000000708e00000, 0x0000000709000000|  0%| F|  |TAMS 0x0000000708e00000, 0x0000000708e00000| Untracked 
|  44|0x0000000709000000, 0x0000000709000000, 0x0000000709200000|  0%| F|  |TAMS 0x0000000709000000, 0x0000000709000000| Untracked 
|  45|0x0000000709200000, 0x0000000709200000, 0x0000000709400000|  0%| F|  |TAMS 0x0000000709200000, 0x0000000709200000| Untracked 
|  46|0x0000000709400000, 0x0000000709400000, 0x0000000709600000|  0%| F|  |TAMS 0x0000000709400000, 0x0000000709400000| Untracked 
|  47|0x0000000709600000, 0x0000000709600000, 0x0000000709800000|  0%| F|  |TAMS 0x0000000709600000, 0x0000000709600000| Untracked 
|  48|0x0000000709800000, 0x0000000709800000, 0x0000000709a00000|  0%| F|  |TAMS 0x0000000709800000, 0x0000000709800000| Untracked 
|  49|0x0000000709a00000, 0x0000000709a00000, 0x0000000709c00000|  0%| F|  |TAMS 0x0000000709a00000, 0x0000000709a00000| Untracked 
|  50|0x0000000709c00000, 0x0000000709c00000, 0x0000000709e00000|  0%| F|  |TAMS 0x0000000709c00000, 0x0000000709c00000| Untracked 
|  51|0x0000000709e00000, 0x0000000709e00000, 0x000000070a000000|  0%| F|  |TAMS 0x0000000709e00000, 0x0000000709e00000| Untracked 
|  52|0x000000070a000000, 0x000000070a000000, 0x000000070a200000|  0%| F|  |TAMS 0x000000070a000000, 0x000000070a000000| Untracked 
|  53|0x000000070a200000, 0x000000070a200000, 0x000000070a400000|  0%| F|  |TAMS 0x000000070a200000, 0x000000070a200000| Untracked 
|  54|0x000000070a400000, 0x000000070a400000, 0x000000070a600000|  0%| F|  |TAMS 0x000000070a400000, 0x000000070a400000| Untracked 
|  55|0x000000070a600000, 0x000000070a600000, 0x000000070a800000|  0%| F|  |TAMS 0x000000070a600000, 0x000000070a600000| Untracked 
|  56|0x000000070a800000, 0x000000070a800000, 0x000000070aa00000|  0%| F|  |TAMS 0x000000070a800000, 0x000000070a800000| Untracked 
|  57|0x000000070aa00000, 0x000000070aa00000, 0x000000070ac00000|  0%| F|  |TAMS 0x000000070aa00000, 0x000000070aa00000| Untracked 
|  58|0x000000070ac00000, 0x000000070ac00000, 0x000000070ae00000|  0%| F|  |TAMS 0x000000070ac00000, 0x000000070ac00000| Untracked 
|  59|0x000000070ae00000, 0x000000070ae00000, 0x000000070b000000|  0%| F|  |TAMS 0x000000070ae00000, 0x000000070ae00000| Untracked 
|  60|0x000000070b000000, 0x000000070b000000, 0x000000070b200000|  0%| F|  |TAMS 0x000000070b000000, 0x000000070b000000| Untracked 
|  61|0x000000070b200000, 0x000000070b200000, 0x000000070b400000|  0%| F|  |TAMS 0x000000070b200000, 0x000000070b200000| Untracked 
|  62|0x000000070b400000, 0x000000070b400000, 0x000000070b600000|  0%| F|  |TAMS 0x000000070b400000, 0x000000070b400000| Untracked 
|  63|0x000000070b600000, 0x000000070b600000, 0x000000070b800000|  0%| F|  |TAMS 0x000000070b600000, 0x000000070b600000| Untracked 
|  64|0x000000070b800000, 0x000000070b800000, 0x000000070ba00000|  0%| F|  |TAMS 0x000000070b800000, 0x000000070b800000| Untracked 
|  65|0x000000070ba00000, 0x000000070ba00000, 0x000000070bc00000|  0%| F|  |TAMS 0x000000070ba00000, 0x000000070ba00000| Untracked 
|  66|0x000000070bc00000, 0x000000070bc00000, 0x000000070be00000|  0%| F|  |TAMS 0x000000070bc00000, 0x000000070bc00000| Untracked 
|  67|0x000000070be00000, 0x000000070be00000, 0x000000070c000000|  0%| F|  |TAMS 0x000000070be00000, 0x000000070be00000| Untracked 
|  68|0x000000070c000000, 0x000000070c000000, 0x000000070c200000|  0%| F|  |TAMS 0x000000070c000000, 0x000000070c000000| Untracked 
|  69|0x000000070c200000, 0x000000070c200000, 0x000000070c400000|  0%| F|  |TAMS 0x000000070c200000, 0x000000070c200000| Untracked 
|  70|0x000000070c400000, 0x000000070c400000, 0x000000070c600000|  0%| F|  |TAMS 0x000000070c400000, 0x000000070c400000| Untracked 
|  71|0x000000070c600000, 0x000000070c600000, 0x000000070c800000|  0%| F|  |TAMS 0x000000070c600000, 0x000000070c600000| Untracked 
|  72|0x000000070c800000, 0x000000070c800000, 0x000000070ca00000|  0%| F|  |TAMS 0x000000070c800000, 0x000000070c800000| Untracked 
|  73|0x000000070ca00000, 0x000000070ca00000, 0x000000070cc00000|  0%| F|  |TAMS 0x000000070ca00000, 0x000000070ca00000| Untracked 
|  74|0x000000070cc00000, 0x000000070cc00000, 0x000000070ce00000|  0%| F|  |TAMS 0x000000070cc00000, 0x000000070cc00000| Untracked 
|  75|0x000000070ce00000, 0x000000070ce00000, 0x000000070d000000|  0%| F|  |TAMS 0x000000070ce00000, 0x000000070ce00000| Untracked 
|  76|0x000000070d000000, 0x000000070d000000, 0x000000070d200000|  0%| F|  |TAMS 0x000000070d000000, 0x000000070d000000| Untracked 
|  77|0x000000070d200000, 0x000000070d200000, 0x000000070d400000|  0%| F|  |TAMS 0x000000070d200000, 0x000000070d200000| Untracked 
|  78|0x000000070d400000, 0x000000070d400000, 0x000000070d600000|  0%| F|  |TAMS 0x000000070d400000, 0x000000070d400000| Untracked 
|  79|0x000000070d600000, 0x000000070d600000, 0x000000070d800000|  0%| F|  |TAMS 0x000000070d600000, 0x000000070d600000| Untracked 
|  80|0x000000070d800000, 0x000000070d800000, 0x000000070da00000|  0%| F|  |TAMS 0x000000070d800000, 0x000000070d800000| Untracked 
|  81|0x000000070da00000, 0x000000070da00000, 0x000000070dc00000|  0%| F|  |TAMS 0x000000070da00000, 0x000000070da00000| Untracked 
|  82|0x000000070dc00000, 0x000000070dc00000, 0x000000070de00000|  0%| F|  |TAMS 0x000000070dc00000, 0x000000070dc00000| Untracked 
|  83|0x000000070de00000, 0x000000070de00000, 0x000000070e000000|  0%| F|  |TAMS 0x000000070de00000, 0x000000070de00000| Untracked 
|  84|0x000000070e000000, 0x000000070e000000, 0x000000070e200000|  0%| F|  |TAMS 0x000000070e000000, 0x000000070e000000| Untracked 
|  85|0x000000070e200000, 0x000000070e200000, 0x000000070e400000|  0%| F|  |TAMS 0x000000070e200000, 0x000000070e200000| Untracked 
|  86|0x000000070e400000, 0x000000070e400000, 0x000000070e600000|  0%| F|  |TAMS 0x000000070e400000, 0x000000070e400000| Untracked 
|  87|0x000000070e600000, 0x000000070e600000, 0x000000070e800000|  0%| F|  |TAMS 0x000000070e600000, 0x000000070e600000| Untracked 
|  88|0x000000070e800000, 0x000000070e800000, 0x000000070ea00000|  0%| F|  |TAMS 0x000000070e800000, 0x000000070e800000| Untracked 
|  89|0x000000070ea00000, 0x000000070ea00000, 0x000000070ec00000|  0%| F|  |TAMS 0x000000070ea00000, 0x000000070ea00000| Untracked 
|  90|0x000000070ec00000, 0x000000070ec00000, 0x000000070ee00000|  0%| F|  |TAMS 0x000000070ec00000, 0x000000070ec00000| Untracked 
|  91|0x000000070ee00000, 0x000000070ee00000, 0x000000070f000000|  0%| F|  |TAMS 0x000000070ee00000, 0x000000070ee00000| Untracked 
|  92|0x000000070f000000, 0x000000070f000000, 0x000000070f200000|  0%| F|  |TAMS 0x000000070f000000, 0x000000070f000000| Untracked 
|  93|0x000000070f200000, 0x000000070f200000, 0x000000070f400000|  0%| F|  |TAMS 0x000000070f200000, 0x000000070f200000| Untracked 
|  94|0x000000070f400000, 0x000000070f400000, 0x000000070f600000|  0%| F|  |TAMS 0x000000070f400000, 0x000000070f400000| Untracked 
|  95|0x000000070f600000, 0x000000070f600000, 0x000000070f800000|  0%| F|  |TAMS 0x000000070f600000, 0x000000070f600000| Untracked 
|  96|0x000000070f800000, 0x000000070f800000, 0x000000070fa00000|  0%| F|  |TAMS 0x000000070f800000, 0x000000070f800000| Untracked 
|  97|0x000000070fa00000, 0x000000070fa00000, 0x000000070fc00000|  0%| F|  |TAMS 0x000000070fa00000, 0x000000070fa00000| Untracked 
|  98|0x000000070fc00000, 0x000000070fc00000, 0x000000070fe00000|  0%| F|  |TAMS 0x000000070fc00000, 0x000000070fc00000| Untracked 
|  99|0x000000070fe00000, 0x000000070fe00000, 0x0000000710000000|  0%| F|  |TAMS 0x000000070fe00000, 0x000000070fe00000| Untracked 
| 100|0x0000000710000000, 0x0000000710000000, 0x0000000710200000|  0%| F|  |TAMS 0x0000000710000000, 0x0000000710000000| Untracked 
| 101|0x0000000710200000, 0x0000000710200000, 0x0000000710400000|  0%| F|  |TAMS 0x0000000710200000, 0x0000000710200000| Untracked 
| 102|0x0000000710400000, 0x0000000710400000, 0x0000000710600000|  0%| F|  |TAMS 0x0000000710400000, 0x0000000710400000| Untracked 
| 103|0x0000000710600000, 0x0000000710600000, 0x0000000710800000|  0%| F|  |TAMS 0x0000000710600000, 0x0000000710600000| Untracked 
| 104|0x0000000710800000, 0x0000000710800000, 0x0000000710a00000|  0%| F|  |TAMS 0x0000000710800000, 0x0000000710800000| Untracked 
| 105|0x0000000710a00000, 0x0000000710a00000, 0x0000000710c00000|  0%| F|  |TAMS 0x0000000710a00000, 0x0000000710a00000| Untracked 
| 106|0x0000000710c00000, 0x0000000710c00000, 0x0000000710e00000|  0%| F|  |TAMS 0x0000000710c00000, 0x0000000710c00000| Untracked 
| 107|0x0000000710e00000, 0x0000000710e00000, 0x0000000711000000|  0%| F|  |TAMS 0x0000000710e00000, 0x0000000710e00000| Untracked 
| 108|0x0000000711000000, 0x0000000711000000, 0x0000000711200000|  0%| F|  |TAMS 0x0000000711000000, 0x0000000711000000| Untracked 
| 109|0x0000000711200000, 0x0000000711200000, 0x0000000711400000|  0%| F|  |TAMS 0x0000000711200000, 0x0000000711200000| Untracked 
| 110|0x0000000711400000, 0x0000000711400000, 0x0000000711600000|  0%| F|  |TAMS 0x0000000711400000, 0x0000000711400000| Untracked 
| 111|0x0000000711600000, 0x0000000711600000, 0x0000000711800000|  0%| F|  |TAMS 0x0000000711600000, 0x0000000711600000| Untracked 
| 112|0x0000000711800000, 0x0000000711800000, 0x0000000711a00000|  0%| F|  |TAMS 0x0000000711800000, 0x0000000711800000| Untracked 
| 113|0x0000000711a00000, 0x0000000711a00000, 0x0000000711c00000|  0%| F|  |TAMS 0x0000000711a00000, 0x0000000711a00000| Untracked 
| 114|0x0000000711c00000, 0x0000000711c00000, 0x0000000711e00000|  0%| F|  |TAMS 0x0000000711c00000, 0x0000000711c00000| Untracked 
| 115|0x0000000711e00000, 0x0000000711e00000, 0x0000000712000000|  0%| F|  |TAMS 0x0000000711e00000, 0x0000000711e00000| Untracked 
| 116|0x0000000712000000, 0x0000000712000000, 0x0000000712200000|  0%| F|  |TAMS 0x0000000712000000, 0x0000000712000000| Untracked 
| 117|0x0000000712200000, 0x0000000712200000, 0x0000000712400000|  0%| F|  |TAMS 0x0000000712200000, 0x0000000712200000| Untracked 
| 118|0x0000000712400000, 0x00000007125f36c8, 0x0000000712600000| 97%| E|  |TAMS 0x0000000712400000, 0x0000000712400000| Complete 
| 119|0x0000000712600000, 0x0000000712800000, 0x0000000712800000|100%| E|CS|TAMS 0x0000000712600000, 0x0000000712600000| Complete 
| 120|0x0000000712800000, 0x0000000712a00000, 0x0000000712a00000|100%| E|CS|TAMS 0x0000000712800000, 0x0000000712800000| Complete 
| 121|0x0000000712a00000, 0x0000000712c00000, 0x0000000712c00000|100%| E|CS|TAMS 0x0000000712a00000, 0x0000000712a00000| Complete 
| 122|0x0000000712c00000, 0x0000000712e00000, 0x0000000712e00000|100%| E|CS|TAMS 0x0000000712c00000, 0x0000000712c00000| Complete 
| 123|0x0000000712e00000, 0x0000000713000000, 0x0000000713000000|100%| E|CS|TAMS 0x0000000712e00000, 0x0000000712e00000| Complete 
| 124|0x0000000713000000, 0x0000000713200000, 0x0000000713200000|100%| E|CS|TAMS 0x0000000713000000, 0x0000000713000000| Complete 
| 125|0x0000000713200000, 0x0000000713400000, 0x0000000713400000|100%| E|CS|TAMS 0x0000000713200000, 0x0000000713200000| Complete 
| 126|0x0000000713400000, 0x0000000713600000, 0x0000000713600000|100%| E|CS|TAMS 0x0000000713400000, 0x0000000713400000| Complete 

Card table byte_map: [0x000002a935920000,0x000002a936110000] _byte_map_base: 0x000002a932104000

Marking Bits (Prev, Next): (CMBitMap*) 0x000002a91d3e2c40, (CMBitMap*) 0x000002a91d3e2c80
 Prev Bits: [0x000002a936900000, 0x000002a93a820000)
 Next Bits: [0x000002a93a820000, 0x000002a93e740000)

Polling page: 0x000002a91cb70000

Metaspace:

Usage:
  Non-class:      7.18 MB capacity,     4.54 MB ( 63%) used,     2.64 MB ( 37%) free+waste,     3.56 KB ( <1%) overhead. 
      Class:    617.00 KB capacity,   323.41 KB ( 52%) used,   292.78 KB ( 47%) free+waste,   832 bytes ( <1%) overhead. 
       Both:      7.78 MB capacity,     4.85 MB ( 62%) used,     2.92 MB ( 38%) free+waste,     4.38 KB ( <1%) overhead. 

Virtual space:
  Non-class space:        8.00 MB reserved,       7.50 MB ( 94%) committed 
      Class space:        1.00 GB reserved,     640.00 KB ( <1%) committed 
             Both:        1.01 GB reserved,       8.13 MB ( <1%) committed 

Chunk freelists:
   Non-Class:  139.00 KB
       Class:  23.00 KB
        Both:  162.00 KB

MaxMetaspaceSize: 17179869184.00 GB
CompressedClassSpaceSize: 1.00 GB

CodeHeap 'non-profiled nmethods': size=119168Kb used=568Kb max_used=568Kb free=118599Kb
 bounds [0x000002a92d450000, 0x000002a92d6c0000, 0x000002a9348b0000]
CodeHeap 'profiled nmethods': size=119104Kb used=2215Kb max_used=2215Kb free=116888Kb
 bounds [0x000002a926000000, 0x000002a926270000, 0x000002a92d450000]
CodeHeap 'non-nmethods': size=7488Kb used=1287Kb max_used=2999Kb free=6200Kb
 bounds [0x000002a9258b0000, 0x000002a925bb0000, 0x000002a926000000]
 total_blobs=1905 nmethods=1327 adapters=491
 compilation: enabled
              stopped_count=0, restarted_count=0
 full_count=0

Compilation events (20 events):
Event: 27.040 Thread 0x000002a942005150 1318       4       com.badlogic.gdx.utils.LongMap::place (17 bytes)
Event: 27.040 Thread 0x000002a942005150 nmethod 1318 0x000002a92d4cc190 code [0x000002a92d4cc300, 0x000002a92d4cc378]
Event: 29.473 Thread 0x000002a942005150 1319       4       com.badlogic.gdx.graphics.g2d.SpriteBatch::switchTexture (32 bytes)
Event: 29.474 Thread 0x000002a942005150 nmethod 1319 0x000002a92d4cc490 code [0x000002a92d4cc640, 0x000002a92d4cc828]
Event: 29.590 Thread 0x000002a942005150 1320       4       com.badlogic.gdx.physics.box2d.Body::getLinearVelocity (43 bytes)
Event: 29.591 Thread 0x000002a942005150 nmethod 1320 0x000002a92d4cc990 code [0x000002a92d4ccb20, 0x000002a92d4ccc28]
Event: 29.640 Thread 0x000002a942005150 1321       4       com.badlogic.gdx.graphics.glutils.ShapeRenderer::begin (84 bytes)
Event: 29.642 Thread 0x000002a942005150 nmethod 1321 0x000002a92d4ccd10 code [0x000002a92d4ccec0, 0x000002a92d4cd2a8]
Event: 30.174 Thread 0x000002a942005150 1322       4       com.badlogic.gdx.graphics.glutils.ShaderProgram::setUniformMatrix (25 bytes)
Event: 30.177 Thread 0x000002a942005150 nmethod 1322 0x000002a92d4cd610 code [0x000002a92d4cd7c0, 0x000002a92d4cdb78]
Event: 30.177 Thread 0x000002a942005150 1325       4       org.lwjgl.opengl.GL20::glUniformMatrix4 (37 bytes)
Event: 30.178 Thread 0x000002a942005150 nmethod 1325 0x000002a92d4ce110 code [0x000002a92d4ce2a0, 0x000002a92d4ce428]
Event: 30.178 Thread 0x000002a942005150 1323       4       com.badlogic.gdx.backends.lwjgl.LwjglGL20::glUniformMatrix4fv (17 bytes)
Event: 30.180 Thread 0x000002a942005150 nmethod 1323 0x000002a92d4ce690 code [0x000002a92d4ce840, 0x000002a92d4cebb8]
Event: 30.180 Thread 0x000002a942005150 1324       4       com.badlogic.gdx.backends.lwjgl.LwjglGL20::ensureBufferCapacity (49 bytes)
Event: 30.181 Thread 0x000002a942005150 nmethod 1324 0x000002a92d4cf090 code [0x000002a92d4cf200, 0x000002a92d4cf298]
Event: 34.790 Thread 0x000002a942005150 1326       4       com.badlogic.gdx.physics.box2d.Box2DDebugRenderer::renderBodies (194 bytes)
Event: 34.917 Thread 0x000002a942005150 nmethod 1326 0x000002a92d4cf390 code [0x000002a92d4cfae0, 0x000002a92d4d6568]
Event: 36.156 Thread 0x000002a942005150 1327       4       com.badlogic.gdx.graphics.glutils.ImmediateModeRenderer20::flush (106 bytes)
Event: 36.169 Thread 0x000002a942005150 nmethod 1327 0x000002a92d4dba90 code [0x000002a92d4dbd20, 0x000002a92d4dce30]

GC Heap History (0 events):
No events

Deoptimization events (20 events):
Event: 1.277 Thread 0x000002a9429581d0 DEOPT PACKING pc=0x000002a92616b687 sp=0x000000dc818fec70
Event: 1.277 Thread 0x000002a9429581d0 DEOPT UNPACKING pc=0x000002a9258fe23f sp=0x000000dc818fe098 mode 0
Event: 1.310 Thread 0x000002a9429581d0 DEOPT PACKING pc=0x000002a92616b687 sp=0x000000dc818fec70
Event: 1.310 Thread 0x000002a9429581d0 DEOPT UNPACKING pc=0x000002a9258fe23f sp=0x000000dc818fe098 mode 0
Event: 1.335 Thread 0x000002a9429581d0 DEOPT PACKING pc=0x000002a92616b687 sp=0x000000dc818fec70
Event: 1.335 Thread 0x000002a9429581d0 DEOPT UNPACKING pc=0x000002a9258fe23f sp=0x000000dc818fe098 mode 0
Event: 1.350 Thread 0x000002a9429581d0 DEOPT PACKING pc=0x000002a92617a4c0 sp=0x000000dc818fed60
Event: 1.350 Thread 0x000002a9429581d0 DEOPT UNPACKING pc=0x000002a9258fe23f sp=0x000000dc818fe2f8 mode 0
Event: 1.361 Thread 0x000002a9429581d0 DEOPT PACKING pc=0x000002a92616b687 sp=0x000000dc818fec70
Event: 1.361 Thread 0x000002a9429581d0 DEOPT UNPACKING pc=0x000002a9258fe23f sp=0x000000dc818fe098 mode 0
Event: 1.367 Thread 0x000002a9429581d0 DEOPT PACKING pc=0x000002a92617cbe2 sp=0x000000dc818fed70
Event: 1.367 Thread 0x000002a9429581d0 DEOPT UNPACKING pc=0x000002a9258fe23f sp=0x000000dc818fe2f8 mode 0
Event: 1.384 Thread 0x000002a9429581d0 DEOPT PACKING pc=0x000002a92617cbe2 sp=0x000000dc818fed70
Event: 1.384 Thread 0x000002a9429581d0 DEOPT UNPACKING pc=0x000002a9258fe23f sp=0x000000dc818fe2f8 mode 0
Event: 1.401 Thread 0x000002a9429581d0 DEOPT PACKING pc=0x000002a92617cbe2 sp=0x000000dc818fed70
Event: 1.401 Thread 0x000002a9429581d0 DEOPT UNPACKING pc=0x000002a9258fe23f sp=0x000000dc818fe2f8 mode 0
Event: 1.417 Thread 0x000002a9429581d0 DEOPT PACKING pc=0x000002a92617cbe2 sp=0x000000dc818fed70
Event: 1.417 Thread 0x000002a9429581d0 DEOPT UNPACKING pc=0x000002a9258fe23f sp=0x000000dc818fe2f8 mode 0
Event: 1.450 Thread 0x000002a9429581d0 DEOPT PACKING pc=0x000002a92617cbe2 sp=0x000000dc818fed70
Event: 1.450 Thread 0x000002a9429581d0 DEOPT UNPACKING pc=0x000002a9258fe23f sp=0x000000dc818fe2f8 mode 0

Classes unloaded (0 events):
No events

Classes redefined (0 events):
No events

Internal exceptions (1 events):
Event: 0.465 Thread 0x000002a9429581d0 Exception <a 'org/lwjgl/LWJGLException'{0x0000000712e8f780}: Failed to set device gamma.> (0x0000000712e8f780) 
thrown [./src/hotspot/share/prims/jni.cpp, line 599]

Events (20 events):
Event: 2.428 Loaded shared library C:\Users\dougl\AppData\Local\Temp\libgdxdougl\1cecf4f6\lwjgl64.dll
Event: 2.428 Loaded shared library C:\Users\dougl\AppData\Local\Temp\libgdxdougl\1cecf4f6\lwjgl64.dll
Event: 2.585 Loaded shared library C:\Users\dougl\.jdks\azul-15.0.5\bin\java.dll
Event: 2.861 Loaded shared library C:\Users\dougl\AppData\Local\Temp\libgdxdougl\1cecf4f6\lwjgl64.dll
Event: 3.128 Loaded shared library C:\Users\dougl\AppData\Local\Temp\libgdxdougl\1cecf4f6\lwjgl64.dll
Event: 3.128 Loaded shared library C:\Users\dougl\AppData\Local\Temp\libgdxdougl\1cecf4f6\lwjgl64.dll
Event: 4.894 Thread 0x000002a9467d09b0 Thread exited: 0x000002a9467d09b0
Event: 5.095 Loaded shared library C:\Users\dougl\AppData\Local\Temp\libgdxdougl\1cecf4f6\lwjgl64.dll
Event: 5.095 Loaded shared library C:\Users\dougl\AppData\Local\Temp\libgdxdougl\1cecf4f6\lwjgl64.dll
Event: 5.218 Loaded shared library C:\Users\dougl\AppData\Local\Temp\libgdxdougl\1cecf4f6\lwjgl64.dll
Event: 5.911 Thread 0x000002a942126430 Thread exited: 0x000002a942126430
Event: 5.911 Thread 0x000002a942125260 Thread exited: 0x000002a942125260
Event: 7.361 Loaded shared library C:\Users\dougl\AppData\Local\Temp\libgdxdougl\e1cd32f8\gdx64.dll
Event: 7.368 Loaded shared library C:\Users\dougl\AppData\Local\Temp\libgdxdougl\1cecf4f6\lwjgl64.dll
Event: 7.368 Loaded shared library C:\Users\dougl\AppData\Local\Temp\libgdxdougl\1cecf4f6\lwjgl64.dll
Event: 7.385 Thread 0x000002a94680bd50 Thread added: 0x000002a94680bd50
Event: 7.385 Thread 0x000002a946e87f90 Thread added: 0x000002a946e87f90
Event: 9.090 Thread 0x000002a946e87f90 Thread exited: 0x000002a946e87f90
Event: 9.323 Loaded shared library C:\Users\dougl\AppData\Local\Temp\libgdxdougl\1cecf4f6\lwjgl64.dll
Event: 10.940 Thread 0x000002a94680bd50 Thread exited: 0x000002a94680bd50


Dynamic libraries:
0x00007ff666ba0000 - 0x00007ff666bad000 	C:\Users\dougl\.jdks\azul-15.0.5\bin\java.exe
0x00007ffc92c10000 - 0x00007ffc92e05000 	C:\Windows\SYSTEM32\ntdll.dll
0x00007ffc92ab0000 - 0x00007ffc92b6e000 	C:\Windows\System32\KERNEL32.DLL
0x00007ffc905c0000 - 0x00007ffc90888000 	C:\Windows\System32\KERNELBASE.dll
0x00007ffc90b60000 - 0x00007ffc90c60000 	C:\Windows\System32\ucrtbase.dll
0x00007ffc722a0000 - 0x00007ffc722b8000 	C:\Users\dougl\.jdks\azul-15.0.5\bin\jli.dll
0x00007ffc722c0000 - 0x00007ffc722d5000 	C:\Users\dougl\.jdks\azul-15.0.5\bin\VCRUNTIME140.dll
0x00007ffc911b0000 - 0x00007ffc91351000 	C:\Windows\System32\USER32.dll
0x00007ffc7b9f0000 - 0x00007ffc7bc8a000 	C:\Windows\WinSxS\amd64_microsoft.windows.common-controls_6595b64144ccf1df_6.0.19041.1110_none_60b5254171f9507e\COMCTL32.dll
0x00007ffc90890000 - 0x00007ffc908b2000 	C:\Windows\System32\win32u.dll
0x00007ffc91b80000 - 0x00007ffc91c1e000 	C:\Windows\System32\msvcrt.dll
0x00007ffc91b50000 - 0x00007ffc91b7b000 	C:\Windows\System32\GDI32.dll
0x00007ffc908c0000 - 0x00007ffc909cb000 	C:\Windows\System32\gdi32full.dll
0x00007ffc903e0000 - 0x00007ffc9047d000 	C:\Windows\System32\msvcp_win.dll
0x00007ffc91850000 - 0x00007ffc91880000 	C:\Windows\System32\IMM32.DLL
0x00007ffc6f0d0000 - 0x00007ffc6f16b000 	C:\Users\dougl\.jdks\azul-15.0.5\bin\msvcp140.dll
0x00007ffbd8780000 - 0x00007ffbd9312000 	C:\Users\dougl\.jdks\azul-15.0.5\bin\server\jvm.dll
0x00007ffc91880000 - 0x00007ffc9192c000 	C:\Windows\System32\ADVAPI32.dll
0x00007ffc91c50000 - 0x00007ffc91ceb000 	C:\Windows\System32\sechost.dll
0x00007ffc92980000 - 0x00007ffc92aaa000 	C:\Windows\System32\RPCRT4.dll
0x00007ffc91b30000 - 0x00007ffc91b38000 	C:\Windows\System32\PSAPI.DLL
0x00007ffc79ef0000 - 0x00007ffc79ef9000 	C:\Windows\SYSTEM32\WSOCK32.dll
0x00007ffc86710000 - 0x00007ffc86737000 	C:\Windows\SYSTEM32\WINMM.dll
0x00007ffc89390000 - 0x00007ffc8939a000 	C:\Windows\SYSTEM32\VERSION.dll
0x00007ffc91090000 - 0x00007ffc910fb000 	C:\Windows\System32\WS2_32.dll
0x00007ffc8e430000 - 0x00007ffc8e442000 	C:\Windows\SYSTEM32\kernel.appcore.dll
0x00007ffc8cc10000 - 0x00007ffc8cc1a000 	C:\Users\dougl\.jdks\azul-15.0.5\bin\jimage.dll
0x00007ffc8dfd0000 - 0x00007ffc8e1b4000 	C:\Windows\SYSTEM32\DBGHELP.DLL
0x00007ffc78330000 - 0x00007ffc7835c000 	C:\Windows\SYSTEM32\dbgcore.DLL
0x00007ffc90530000 - 0x00007ffc905b3000 	C:\Windows\System32\bcryptPrimitives.dll
0x00007ffc71a30000 - 0x00007ffc71a55000 	C:\Users\dougl\.jdks\azul-15.0.5\bin\java.dll
0x00007ffc91dc0000 - 0x00007ffc924ff000 	C:\Windows\System32\SHELL32.dll
0x00007ffc8e450000 - 0x00007ffc8ebe0000 	C:\Windows\SYSTEM32\windows.storage.dll
0x00007ffc91440000 - 0x00007ffc91795000 	C:\Windows\System32\combase.dll
0x00007ffc8fd80000 - 0x00007ffc8fdae000 	C:\Windows\SYSTEM32\Wldp.dll
0x00007ffc917a0000 - 0x00007ffc9184d000 	C:\Windows\System32\SHCORE.dll
0x00007ffc92b70000 - 0x00007ffc92bc5000 	C:\Windows\System32\shlwapi.dll
0x00007ffc90270000 - 0x00007ffc9028f000 	C:\Windows\SYSTEM32\profapi.dll
0x00007ffc71c90000 - 0x00007ffc71ca9000 	C:\Users\dougl\.jdks\azul-15.0.5\bin\net.dll
0x00007ffc82250000 - 0x00007ffc8235c000 	C:\Windows\SYSTEM32\WINHTTP.dll
0x00007ffc8fae0000 - 0x00007ffc8fb4a000 	C:\Windows\system32\mswsock.dll
0x00007ffc71b40000 - 0x00007ffc71b52000 	C:\Users\dougl\.jdks\azul-15.0.5\bin\nio.dll
0x00007ffc71910000 - 0x00007ffc71928000 	C:\Users\dougl\.jdks\azul-15.0.5\bin\zip.dll
0x000000006e700000 - 0x000000006e72a000 	C:\Users\dougl\AppData\Local\Temp\libgdxdougl\e1cd32f8\gdx64.dll
0x00007ffc7aef0000 - 0x00007ffc7af00000 	C:\Users\dougl\.jdks\azul-15.0.5\bin\verify.dll
0x0000000180000000 - 0x0000000180053000 	C:\Users\dougl\AppData\Local\Temp\libgdxdougl\1cecf4f6\lwjgl64.dll
0x00007ffbf8bd0000 - 0x00007ffbf8cf5000 	C:\Windows\SYSTEM32\OPENGL32.dll
0x00007ffc763b0000 - 0x00007ffc763dc000 	C:\Windows\SYSTEM32\GLU32.dll
0x000002a942ce0000 - 0x000002a942d44000 	C:\Users\dougl\AppData\Local\Temp\libgdxdougl\1cecf4f6\OpenAL64.dll
0x00007ffc90cc0000 - 0x00007ffc90dea000 	C:\Windows\System32\ole32.dll
0x00007ffc8d920000 - 0x00007ffc8d9be000 	C:\Windows\system32\uxtheme.dll
0x00007ffbf1630000 - 0x00007ffbf172c000 	C:\ProgramData\A-Volute\DellInc.AlienwareSoundCenter\Modules\ScheduledModules\x64\DellInc.AlienwareSoundCenterDevProps2.dll
0x00007ffbf1730000 - 0x00007ffbf17dd000 	C:\ProgramData\A-Volute\DellInc.AlienwareSoundCenter\Modules\ScheduledModules\x64\NahimicOSD.dll
0x00007ffbf37e0000 - 0x00007ffbf3801000 	C:\ProgramData\A-Volute\DellInc.AlienwareSoundCenter\Modules\ScheduledModules\x64\ProductInfo.dll
0x00007ffc91100000 - 0x00007ffc911a9000 	C:\Windows\System32\clbcatq.dll
0x00007ffc8ab30000 - 0x00007ffc8abb5000 	C:\Windows\System32\MMDevApi.dll
0x00007ffc900d0000 - 0x00007ffc90104000 	C:\Windows\System32\DEVOBJ.dll
0x00007ffc90330000 - 0x00007ffc9037e000 	C:\Windows\System32\cfgmgr32.dll
0x00007ffc8ac90000 - 0x00007ffc8ae11000 	C:\Windows\SYSTEM32\AudioSes.dll
0x00007ffc91cf0000 - 0x00007ffc91dbd000 	C:\Windows\System32\OLEAUT32.dll
0x00007ffc8f8f0000 - 0x00007ffc8f93b000 	C:\Windows\SYSTEM32\powrprof.dll
0x00007ffc8f760000 - 0x00007ffc8f772000 	C:\Windows\SYSTEM32\UMPDC.dll
0x00007ffc8b690000 - 0x00007ffc8b786000 	C:\Windows\SYSTEM32\PropSys.dll
0x00007ffc82d80000 - 0x00007ffc82e1c000 	C:\Windows\SYSTEM32\dsound.dll
0x00007ffc82b00000 - 0x00007ffc82b26000 	C:\Windows\SYSTEM32\winmmbase.dll
0x00007ffc8dab0000 - 0x00007ffc8dac4000 	C:\Windows\SYSTEM32\resourcepolicyclient.dll
0x00007ffc89560000 - 0x00007ffc8960e000 	C:\Windows\SYSTEM32\mscms.dll
0x00007ffc901f0000 - 0x00007ffc9021e000 	C:\Windows\SYSTEM32\USERENV.dll
0x00007ffc8a050000 - 0x00007ffc8a061000 	C:\Windows\SYSTEM32\ColorAdapterClient.dll
0x00007ffc91a10000 - 0x00007ffc91b25000 	C:\Windows\System32\MSCTF.dll
0x00007ffc6ef60000 - 0x00007ffc6f059000 	C:\Windows\SYSTEM32\textinputframework.dll
0x00007ffc8d010000 - 0x00007ffc8d36e000 	C:\Windows\System32\CoreUIComponents.dll
0x00007ffc8d370000 - 0x00007ffc8d462000 	C:\Windows\System32\CoreMessaging.dll
0x00007ffc8bb40000 - 0x00007ffc8bc94000 	C:\Windows\SYSTEM32\wintypes.dll
0x00007ffc8f140000 - 0x00007ffc8f173000 	C:\Windows\SYSTEM32\ntmarta.dll
0x00007ffc78360000 - 0x00007ffc783c6000 	C:\Windows\system32\Oleacc.dll
0x00007ffc8a3b0000 - 0x00007ffc8a4a9000 	C:\Windows\System32\AppXDeploymentClient.dll
0x00007ffba9b70000 - 0x00007ffbac687000 	C:\Windows\System32\DriverStore\FileRepository\nvddi.inf_amd64_825a4c41796dab48\nvoglv64.dll
0x00007ffc92500000 - 0x00007ffc92972000 	C:\Windows\System32\SETUPAPI.dll
0x00007ffc90b30000 - 0x00007ffc90b57000 	C:\Windows\System32\bcrypt.dll
0x00007ffc8b850000 - 0x00007ffc8b864000 	C:\Windows\SYSTEM32\WTSAPI32.dll
0x00007ffc8ff10000 - 0x00007ffc8ff22000 	C:\Windows\SYSTEM32\msasn1.dll
0x00007ffc89120000 - 0x00007ffc89151000 	C:\Windows\SYSTEM32\cryptnet.dll
0x00007ffc909d0000 - 0x00007ffc90b26000 	C:\Windows\System32\CRYPT32.dll
0x00007ffc87920000 - 0x00007ffc87a6a000 	C:\Windows\SYSTEM32\drvstore.dll
0x00007ffc8fcf0000 - 0x00007ffc8fcfc000 	C:\Windows\SYSTEM32\cryptbase.dll
0x00007ffc90380000 - 0x00007ffc903e0000 	C:\Windows\System32\WINTRUST.dll
0x00007ffc8b2b0000 - 0x00007ffc8b2eb000 	C:\Windows\SYSTEM32\dxcore.dll
0x00007ffc582a0000 - 0x00007ffc58563000 	C:\Windows\system32\nvspcap64.dll
0x00007ffc8dbb0000 - 0x00007ffc8dbdf000 	C:\Windows\SYSTEM32\dwmapi.dll
0x00007ffc89090000 - 0x00007ffc890d3000 	C:\Windows\SYSTEM32\icm32.dll
0x00007ffc8f0e0000 - 0x00007ffc8f13a000 	C:\Windows\SYSTEM32\WINSTA.dll
0x00007ffc81890000 - 0x00007ffc81a5e000 	C:\Windows\SYSTEM32\d3d9.dll
0x00007ffc91c20000 - 0x00007ffc91c3d000 	C:\Windows\System32\imagehlp.dll
0x00007ffc8fcd0000 - 0x00007ffc8fce8000 	C:\Windows\SYSTEM32\CRYPTSP.dll
0x00007ffc8f3f0000 - 0x00007ffc8f424000 	C:\Windows\system32\rsaenh.dll
0x0000000066b00000 - 0x0000000066b5b000 	C:\Users\dougl\AppData\Local\Temp\libgdxdougl\a14961b7\gdx-box2d64.dll

dbghelp: loaded successfully - version: 4.0.5 - missing functions: none
symbol engine: initialized successfully - sym options: 0x614 - pdb path: .;C:\Users\dougl\.jdks\azul-15.0.5\bin;C:\Windows\SYSTEM32;C:\Windows\WinSxS\amd64_microsoft.windows.common-controls_6595b64144ccf1df_6.0.19041.1110_none_60b5254171f9507e;C:\Users\dougl\.jdks\azul-15.0.5\bin\server;C:\Users\dougl\AppData\Local\Temp\libgdxdougl\e1cd32f8;C:\Users\dougl\AppData\Local\Temp\libgdxdougl\1cecf4f6;C:\ProgramData\A-Volute\DellInc.AlienwareSoundCenter\Modules\ScheduledModules\x64;C:\Windows\System32\DriverStore\FileRepository\nvddi.inf_amd64_825a4c41796dab48;C:\Users\dougl\AppData\Local\Temp\libgdxdougl\a14961b7

VM Arguments:
jvm_args: -Dfile.encoding=windows-1252 -Duser.country=CA -Duser.language=en -Duser.variant 
java_command: com.mygdx.game.desktop.DesktopLauncher
java_class_path (initial): D:\Documents\GitHub\PortalGame\PortalGame\desktop\build\classes\java\main;D:\Documents\GitHub\PortalGame\PortalGame\desktop\build\resources\main;C:\Users\dougl\.gradle\caches\modules-2\files-2.1\com.badlogicgames.gdx\gdx-tools\1.10.0\d699cf4953fb42a071c7c3feb9b5c45601aa6a4b\gdx-tools-1.10.0.jar;C:\Users\dougl\.gradle\caches\modules-2\files-2.1\com.badlogicgames.gdx\gdx-backend-lwjgl\1.10.0\58ff89d9e4fd8a82591367f187d606e781cacc05\gdx-backend-lwjgl-1.10.0.jar;C:\Users\dougl\.gradle\caches\modules-2\files-2.1\com.badlogicgames.gdx\gdx-platform\1.10.0\9a8fa793d2fd6d360afc6c9e4c1f5583da263b88\gdx-platform-1.10.0-natives-desktop.jar;C:\Users\dougl\.gradle\caches\modules-2\files-2.1\com.badlogicgames.gdx\gdx-box2d-platform\1.10.0\588c4191c5a64ed39365e71484aa37d81c38eb5e\gdx-box2d-platform-1.10.0-natives-desktop.jar;C:\Users\dougl\.gradle\caches\modules-2\files-2.1\com.badlogicgames.gdx\gdx-bullet-platform\1.10.0\ce92e8dfc762523d769cbc50853163c03bf98cf1\gdx-bullet-platform-1.10.0-natives-desktop.jar;C:\Users\dougl\.gradle\caches\modules-2\files-2.1\com.badlogicgames.gdx\gdx-freetype-platform\1.10.0\6e5d28752759e69384f12e4569d2c884ff71352f\gdx-freetype-platform-1.10.0-natives-desktop.jar;D:\Documents\GitHub\PortalGame\PortalGame\core\build\libs\core-1.0.jar;C:\Users\dougl\.gradle\caches\modules-2\files-2.1\com.badlogicgames.gdx\gdx-backend-headless\1.10.0\990eadbb431197c5b9b816d1659c772e0268e65\gdx-backend-headless-1.10.0.jar;C:\Users\dougl\.gradle\caches\modules-2\files-2.1\com.badlogicgames.gdx\gdx-freetype\1.10.0\de1d0d5c1e92e8d91364256fd6b7bb279d3e9859\gdx-freetype-1.10.0.jar;C:\Users\dougl\.gradle\caches\modules-2\files-2.1\com.badlogicgames.box2dlights\box2dlights\1.5\6902dbcd250c95a27973aa24a147a95b3828d348\box2dlights-1.5.jar;C:\Users\dougl\.gradle\caches\modules-2\files-2.1\com.badlogicgames.gdx\gdx-box2d\1.10.0\b3a3c0f00b90716238835434d0ae8985604c37f8\gdx-box2d-1.10.0.jar;C:\Users\dougl\.gradle\caches\modules-2\files-2.1\com.badlogicga
Launcher Type: SUN_STANDARD

[Global flags]
     intx CICompilerCount                          = 12                                        {product} {ergonomic}
     uint ConcGCThreads                            = 3                                         {product} {ergonomic}
     uint G1ConcRefinementThreads                  = 13                                        {product} {ergonomic}
   size_t G1HeapRegionSize                         = 2097152                                   {product} {ergonomic}
    uintx GCDrainStackTargetSize                   = 64                                        {product} {ergonomic}
   size_t InitialHeapSize                          = 266338304                                 {product} {ergonomic}
   size_t MarkStackSize                            = 4194304                                   {product} {ergonomic}
   size_t MaxHeapSize                              = 4236247040                                {product} {ergonomic}
   size_t MaxNewSize                               = 2541748224                                {product} {ergonomic}
   size_t MinHeapDeltaBytes                        = 2097152                                   {product} {ergonomic}
   size_t MinHeapSize                              = 8388608                                   {product} {ergonomic}
    uintx NonNMethodCodeHeapSize                   = 7602480                                {pd product} {ergonomic}
    uintx NonProfiledCodeHeapSize                  = 122027880                              {pd product} {ergonomic}
    uintx ProfiledCodeHeapSize                     = 122027880                              {pd product} {ergonomic}
    uintx ReservedCodeCacheSize                    = 251658240                              {pd product} {ergonomic}
     bool SegmentedCodeCache                       = true                                      {product} {ergonomic}
   size_t SoftMaxHeapSize                          = 4236247040                             {manageable} {ergonomic}
     bool UseCompressedClassPointers               = true                                 {lp64_product} {ergonomic}
     bool UseCompressedOops                        = true                                 {lp64_product} {ergonomic}
     bool UseG1GC                                  = true                                      {product} {ergonomic}
     bool UseLargePagesIndividualAllocation        = false                                  {pd product} {ergonomic}

Logging:
Log output configuration:
 #0: stdout all=warning uptime,level,tags
 #1: stderr all=off uptime,level,tags

Environment Variables:
PATH=C:\Program Files (x86)\Common Files\Oracle\Java\javapath;C:\Windows\system32;C:\Windows;C:\Windows\System32\Wbem;C:\Windows\System32\WindowsPowerShell\v1.0\;C:\Windows\System32\OpenSSH\;C:\Program Files\NVIDIA Corporation\NVIDIA NvDLISR;C:\Program Files\dotnet\;C:\Program Files\Git\cmd;C:\ProgramData\chocolatey\bin;C:\Program Files (x86)\NVIDIA Corporation\PhysX\Common;C:\msys64\mingw64\bin;C:\Users\dougl\AppData\Local\Microsoft\WindowsApps;C:\Users\dougl\AppData\Local\Programs\Microsoft VS Code\bin;C:\Users\dougl\.dotnet\tools;C:\Users\dougl\AppData\Local\GitHubDesktop\bin;D:\Apps\IntelliJ IDEA\IntelliJ IDEA Community Edition 2021.3\bin;
USERNAME=dougl
OS=Windows_NT
PROCESSOR_IDENTIFIER=Intel64 Family 6 Model 165 Stepping 5, GenuineIntel



---------------  S Y S T E M  ---------------

OS:
 Windows 10 , 64 bit Build 19041 (10.0.19041.1348)
OS uptime: 2 days 23:38 hours

CPU: total 16 (initial active 16) (8 cores per cpu, 2 threads per core) family 6 model 165 stepping 5 microcode 0xec, cmov, cx8, fxsr, mmx, sse, sse2, sse3, ssse3, sse4.1, sse4.2, popcnt, vzeroupper, avx, avx2, aes, clmul, erms, 3dnowpref, lzcnt, ht, tsc, tscinvbit, bmi1, bmi2, adx, fma, clflush, clflushopt

Memory: 4k page, system-wide physical 16154M (3200M free)
TotalPageFile size 31002M (AvailPageFile size 8519M)
current process WorkingSet (physical memory assigned to process): 113M, peak: 132M
current process commit charge ("private bytes"): 448M, peak: 467M

vm_info: OpenJDK 64-Bit Server VM (15.0.5+3-MTS) for windows-amd64 JRE (15.0.5+3-MTS) (Zulu15.36+13-CA), built on Oct  8 2021 11:07:26 by "zulu_re" with MS VC++ 15.9 (VS2017)

END.
