#
# A fatal error has been detected by the Java Runtime Environment:
#
#  EXCEPTION_ACCESS_VIOLATION (0xc0000005) at pc=0x0000000066b2155b, pid=10412, tid=7532
#
# JRE version: OpenJDK Runtime Environment Zulu15.36+13-CA (15.0.5+3) (build 15.0.5+3-MTS)
# Java VM: OpenJDK 64-Bit Server VM Zulu15.36+13-CA (15.0.5+3-MTS, mixed mode, sharing, tiered, compressed oops, g1 gc, windows-amd64)
# Problematic frame:
# C  [gdx-box2d64.dll+0x2155b]
#
# No core dump will be written. Minidumps are not enabled by default on client versions of Windows
#
# If you would like to submit a bug report, please visit:
#   http://www.azul.com/support/
# The crash happened outside the Java Virtual Machine in native code.
# See problematic frame for where to report the bug.
#

---------------  S U M M A R Y ------------

Command Line: -Dfile.encoding=windows-1252 -Duser.country=CA -Duser.language=en -Duser.variant com.mygdx.game.desktop.DesktopLauncher

Host: Intel(R) Core(TM) i7-8665U CPU @ 1.90GHz, 8 cores, 15G,  Windows 10 , 64 bit Build 18362 (10.0.18362.1110)
Time: Fri Dec 24 14:07:01 2021 Eastern Standard Time elapsed time: 62.116633 seconds (0d 0h 1m 2s)

---------------  T H R E A D  ---------------

Current thread (0x000002718a039350):  JavaThread "LWJGL Application" [_thread_in_native, id=7532, stack(0x000000fca3600000,0x000000fca3700000)]

Stack: [0x000000fca3600000,0x000000fca3700000],  sp=0x000000fca36fed80,  free space=1019k
Native frames: (J=compiled Java code, j=interpreted, Vv=VM code, C=native code)
C  [gdx-box2d64.dll+0x2155b]

Java frames: (J=compiled Java code, j=interpreted, Vv=VM code)
j  com.badlogic.gdx.physics.box2d.World.jniDestroyBody(JJ)V+0
j  com.badlogic.gdx.physics.box2d.World.destroyBody(Lcom/badlogic/gdx/physics/box2d/Body;)V+42
j  com.mygdx.game.Entity.dispose()V+8
j  com.mygdx.game.MyGdxGame.dispose()V+82
j  com.badlogic.gdx.backends.lwjgl.LwjglApplication.mainLoop()V+924
j  com.badlogic.gdx.backends.lwjgl.LwjglApplication$1.run()V+27
v  ~StubRoutines::call_stub

siginfo: EXCEPTION_ACCESS_VIOLATION (0xc0000005), reading address 0x000002718a752430


Register to memory mapping:

RIP=0x0000000066b2155b gdx-box2d64.dll
RAX=0x000000000000000e is an unknown value
RBX=0x000002718a6fe100 points into unknown readable memory: 0x00000271e3360150 | 50 01 36 e3 71 02 00 00
RCX=0x000002718a6fe100 points into unknown readable memory: 0x00000271e3360150 | 50 01 36 e3 71 02 00 00
RDX=0x000002718a7523b0 is an unknown value
RSP=0x000000fca36fed80 is pointing into the stack for thread: 0x000002718a039350
RBP=0x000000fca36feee8 is pointing into the stack for thread: 0x000002718a039350
RSI=0x000002718a6fe100 points into unknown readable memory: 0x00000271e3360150 | 50 01 36 e3 71 02 00 00
RDI=0x000002718a7523b0 is an unknown value
R8 =0x000002718a6fe100 points into unknown readable memory: 0x00000271e3360150 | 50 01 36 e3 71 02 00 00
R9 =0x000002718a7523b0 is an unknown value
R10=0x00000271ed6cf148 is at code_begin+1000 in an Interpreter codelet
method entry point (kind = native)  [0x00000271ed6ced60, 0x00000271ed6cf7e0]  2688 bytes
R11=0x0000000000000102 is an unknown value
R12=0x0 is NULL
R13={method} {0x00000271ff2a21a0} 'jniDestroyBody' '(JJ)V' in 'com/badlogic/gdx/physics/box2d/World'
R14=0x000000fca36fef28 is pointing into the stack for thread: 0x000002718a039350
R15=0x000002718a039350 is a thread


Registers:
RAX=0x000000000000000e, RBX=0x000002718a6fe100, RCX=0x000002718a6fe100, RDX=0x000002718a7523b0
RSP=0x000000fca36fed80, RBP=0x000000fca36feee8, RSI=0x000002718a6fe100, RDI=0x000002718a7523b0
R8 =0x000002718a6fe100, R9 =0x000002718a7523b0, R10=0x00000271ed6cf148, R11=0x0000000000000102
R12=0x0000000000000000, R13=0x00000271ff2a2198, R14=0x000000fca36fef28, R15=0x000002718a039350
RIP=0x0000000066b2155b, EFLAGS=0x0000000000010246

Top of Stack: (sp=0x000000fca36fed80)
0x000000fca36fed80:   00000271fec13be0 0000002800000003
0x000000fca36fed90:   000000fca36feee8 000002718a039350
0x000000fca36feda0:   000002718a6fe100 000002718a7523b0
0x000000fca36fedb0:   0000000000002972 000000fca36feee8
0x000000fca36fedc0:   0000000000000000 0000000066b26a9d
0x000000fca36fedd0:   000000fca36feee8 00007ffa92fce3d7
0x000000fca36fede0:   000000fca36fee00 000002718a0d4f30
0x000000fca36fedf0:   0000000066b487e0 000002718a039678
0x000000fca36fee00:   000000fca36fef28 000002718a039350
0x000000fca36fee10:   0000000066b48840 000002718a039678
0x000000fca36fee20:   000000fca36fef28 00000271ff2a2198
0x000000fca36fee30:   00000271ff2a2198 00000271ff2a2198
0x000000fca36fee40:   0000000000000148 00000271ed6cf177
0x000000fca36fee50:   00000271ff2a2198 000002718a039350
0x000000fca36fee60:   0000000000002972 00000271ed6cee5c
0x000000fca36fee70:   00000271ff2a2198 0000000000000148 

Instructions: (pc=0x0000000066b2155b)
0x0000000066b2145b:   30 75 f2 48 8b 50 08 48 8b 40 18 83 4a 08 08 48
0x0000000066b2146b:   85 c0 75 ea 48 83 c4 20 5b 5e 5f 5d 41 5c c3 66
0x0000000066b2147b:   0f 1f 44 00 00 83 c8 02 c7 85 ac 00 00 00 00 00
0x0000000066b2148b:   00 00 66 89 45 04 e9 04 ff ff ff 66 2e 0f 1f 84
0x0000000066b2149b:   00 00 00 00 00 48 8d 15 49 34 02 00 48 8d 0d a0
0x0000000066b214ab:   34 02 00 41 b8 12 01 00 00 e8 17 51 01 00 f6 87
0x0000000066b214bb:   98 92 01 00 02 0f 84 77 fe ff ff 48 83 c4 20 5b
0x0000000066b214cb:   5e 5f 5d 41 5c c3 48 89 97 28 93 01 00 e9 90 fe
0x0000000066b214db:   ff ff 0f 1f 00 48 89 96 80 00 00 00 e9 dd fe ff
0x0000000066b214eb:   ff 0f 1f 40 00 48 89 95 80 00 00 00 e9 0c ff ff
0x0000000066b214fb:   ff 0f 1f 40 00 48 8d 15 e9 33 02 00 48 8d 0d 54
0x0000000066b2150b:   34 02 00 41 b8 5a 01 00 00 e8 b7 50 01 00 8b 87
0x0000000066b2151b:   34 93 01 00 e9 0d ff ff ff 66 90 66 2e 0f 1f 84
0x0000000066b2152b:   00 00 00 00 00 41 54 55 57 56 53 48 83 ec 20 8b
0x0000000066b2153b:   81 30 93 01 00 48 89 ce 48 89 d7 85 c0 0f 8e 93
0x0000000066b2154b:   01 00 00 f6 86 98 92 01 00 02 0f 85 55 01 00 00
0x0000000066b2155b:   48 8b 9f 80 00 00 00 48 85 db 74 3e 66 0f 1f 84
0x0000000066b2156b:   00 00 00 00 00 48 8b 8e 48 93 01 00 48 8b 6b 18
0x0000000066b2157b:   48 85 c9 74 0a 48 8b 01 48 8b 53 08 ff 50 10 48
0x0000000066b2158b:   8b 53 08 48 89 f1 48 89 eb e8 87 fd ff ff 48 85
0x0000000066b2159b:   ed 48 89 af 80 00 00 00 75 cb 48 8b 87 88 00 00
0x0000000066b215ab:   00 48 c7 87 80 00 00 00 00 00 00 00 48 8d ae a0
0x0000000066b215bb:   92 01 00 48 85 c0 74 18 48 8b 58 18 48 8b 50 08
0x0000000066b215cb:   48 89 e9 e8 0d dd ff ff 48 85 db 48 89 d8 75 e8
0x0000000066b215db:   48 8b 5f 70 48 c7 87 88 00 00 00 00 00 00 00 4c
0x0000000066b215eb:   8d a6 a0 92 01 00 48 85 db 74 5a 66 2e 0f 1f 84
0x0000000066b215fb:   00 00 00 00 00 48 8b 8e 48 93 01 00 48 8b 6b 08
0x0000000066b2160b:   48 85 c9 74 09 48 8b 01 48 89 da ff 50 18 48 89
0x0000000066b2161b:   d9 4c 89 e2 e8 7c e4 ff ff 48 89 d9 48 89 f2 e8
0x0000000066b2162b:   61 e2 ff ff 48 89 da 41 b8 48 00 00 00 48 89 f1
0x0000000066b2163b:   e8 60 a7 fe ff 83 6f 78 01 48 85 ed 48 89 6f 70
0x0000000066b2164b:   48 89 eb 75 b0 48 8b 47 60 48 c7 47 70 00 00 00 


Stack slot to memory mapping:
stack at sp + 0 slots: 0x00000271fec13be0 points into unknown readable memory: 0x00007ffa93491b08 | 08 1b 49 93 fa 7f 00 00
stack at sp + 1 slots: 0x0000002800000003 is an unknown value
stack at sp + 2 slots: 0x000000fca36feee8 is pointing into the stack for thread: 0x000002718a039350
stack at sp + 3 slots: 0x000002718a039350 is a thread
stack at sp + 4 slots: 0x000002718a6fe100 points into unknown readable memory: 0x00000271e3360150 | 50 01 36 e3 71 02 00 00
stack at sp + 5 slots: 0x000002718a7523b0 is an unknown value
stack at sp + 6 slots: 0x0000000000002972 is an unknown value
stack at sp + 7 slots: 0x000000fca36feee8 is pointing into the stack for thread: 0x000002718a039350


---------------  P R O C E S S  ---------------

Threads class SMR info:
_java_thread_list=0x00000271966b48b0, length=13, elements={
0x00000271febde4f0, 0x00000271febdf860, 0x00000271febfb0e0, 0x00000271febfdba0,
0x00000271febfe650, 0x00000271fec01430, 0x00000271fec054d0, 0x00000271fec06770,
0x00000271ff5baef0, 0x00000271ff5cbe80, 0x000002718a039350, 0x00000271e51b4520,
0x000002719669d4c0
}

Java Threads: ( => current thread )
  0x00000271febde4f0 JavaThread "Reference Handler" daemon [_thread_blocked, id=4116, stack(0x000000fca2900000,0x000000fca2a00000)]
  0x00000271febdf860 JavaThread "Finalizer" daemon [_thread_blocked, id=4468, stack(0x000000fca2a00000,0x000000fca2b00000)]
  0x00000271febfb0e0 JavaThread "Signal Dispatcher" daemon [_thread_blocked, id=15684, stack(0x000000fca2b00000,0x000000fca2c00000)]
  0x00000271febfdba0 JavaThread "Attach Listener" daemon [_thread_blocked, id=16268, stack(0x000000fca2c00000,0x000000fca2d00000)]
  0x00000271febfe650 JavaThread "Service Thread" daemon [_thread_blocked, id=10892, stack(0x000000fca2d00000,0x000000fca2e00000)]
  0x00000271fec01430 JavaThread "C2 CompilerThread0" daemon [_thread_blocked, id=10752, stack(0x000000fca2e00000,0x000000fca2f00000)]
  0x00000271fec054d0 JavaThread "C1 CompilerThread0" daemon [_thread_blocked, id=16300, stack(0x000000fca2f00000,0x000000fca3000000)]
  0x00000271fec06770 JavaThread "Sweeper thread" daemon [_thread_blocked, id=5064, stack(0x000000fca3000000,0x000000fca3100000)]
  0x00000271ff5baef0 JavaThread "Notification Thread" daemon [_thread_blocked, id=8708, stack(0x000000fca3100000,0x000000fca3200000)]
  0x00000271ff5cbe80 JavaThread "Common-Cleaner" daemon [_thread_blocked, id=17704, stack(0x000000fca3300000,0x000000fca3400000)]
=>0x000002718a039350 JavaThread "LWJGL Application" [_thread_in_native, id=7532, stack(0x000000fca3600000,0x000000fca3700000)]
  0x00000271e51b4520 JavaThread "DestroyJavaVM" [_thread_blocked, id=3892, stack(0x000000fca2200000,0x000000fca2300000)]
  0x000002719669d4c0 JavaThread "LWJGL Timer" daemon [_thread_blocked, id=1372, stack(0x000000fca3d00000,0x000000fca3e00000)]

Other Threads:
  0x00000271febdc4d0 VMThread "VM Thread" [stack: 0x000000fca2800000,0x000000fca2900000] [id=17480]
  0x00000271ff5c7b60 WatcherThread [stack: 0x000000fca3200000,0x000000fca3300000] [id=8832]
  0x00000271e5202640 GCTaskThread "GC Thread#0" [stack: 0x000000fca2300000,0x000000fca2400000] [id=3136]
  0x00000271e5214630 ConcurrentGCThread "G1 Main Marker" [stack: 0x000000fca2400000,0x000000fca2500000] [id=7108]
  0x00000271e5215ae0 ConcurrentGCThread "G1 Conc#0" [stack: 0x000000fca2500000,0x000000fca2600000] [id=10680]
  0x00000271e527dae0 ConcurrentGCThread "G1 Refine#0" [stack: 0x000000fca2600000,0x000000fca2700000] [id=15280]
  0x00000271e527e760 ConcurrentGCThread "G1 Young RemSet Sampling" [stack: 0x000000fca2700000,0x000000fca2800000] [id=11896]

Threads with active compile tasks:

VM state: not at safepoint (normal execution)

VM Mutex/Monitor currently owned by a thread: None

Heap address: 0x0000000702e00000, size: 4050 MB, Compressed Oops mode: Zero based, Oop shift amount: 3
CDS archive(s) mapped at: [0x0000000800000000-0x0000000800b50000-0x0000000800b50000), size 11862016, SharedBaseAddress: 0x0000000800000000, ArchiveRelocationMode: 0.
Compressed class space mapped at: 0x0000000800b50000-0x0000000840b50000, size: 1073741824
Narrow klass base: 0x0000000800000000, Narrow klass shift: 3, Narrow klass range: 0x100000000

GC Precious Log:
 CPUs: 8 total, 8 available
 Memory: 16198M
 Large Page Support: Disabled
 NUMA Support: Disabled
 Compressed Oops: Enabled (Zero based)
 Heap Region Size: 2M
 Heap Min Capacity: 8M
 Heap Initial Capacity: 254M
 Heap Max Capacity: 4050M
 Pre-touch: Disabled
 Parallel Workers: 8
 Concurrent Workers: 2
 Concurrent Refinement Workers: 8
 Periodic GC: Disabled

Heap:
 garbage-first heap   total 260096K, used 16384K [0x0000000702e00000, 0x0000000800000000)
  region size 2048K, 9 young (18432K), 0 survivors (0K)
 Metaspace       used 4902K, capacity 7966K, committed 8320K, reserved 1056768K
  class space    used 321K, capacity 617K, committed 640K, reserved 1048576K

Heap Regions: E=young(eden), S=young(survivor), O=old, HS=humongous(starts), HC=humongous(continues), CS=collection set, F=free, OA=open archive, CA=closed archive, TAMS=top-at-mark-start (previous, next)
|   0|0x0000000702e00000, 0x0000000702e00000, 0x0000000703000000|  0%| F|  |TAMS 0x0000000702e00000, 0x0000000702e00000| Untracked 
|   1|0x0000000703000000, 0x0000000703000000, 0x0000000703200000|  0%| F|  |TAMS 0x0000000703000000, 0x0000000703000000| Untracked 
|   2|0x0000000703200000, 0x0000000703200000, 0x0000000703400000|  0%| F|  |TAMS 0x0000000703200000, 0x0000000703200000| Untracked 
|   3|0x0000000703400000, 0x0000000703400000, 0x0000000703600000|  0%| F|  |TAMS 0x0000000703400000, 0x0000000703400000| Untracked 
|   4|0x0000000703600000, 0x0000000703600000, 0x0000000703800000|  0%| F|  |TAMS 0x0000000703600000, 0x0000000703600000| Untracked 
|   5|0x0000000703800000, 0x0000000703800000, 0x0000000703a00000|  0%| F|  |TAMS 0x0000000703800000, 0x0000000703800000| Untracked 
|   6|0x0000000703a00000, 0x0000000703a00000, 0x0000000703c00000|  0%| F|  |TAMS 0x0000000703a00000, 0x0000000703a00000| Untracked 
|   7|0x0000000703c00000, 0x0000000703c00000, 0x0000000703e00000|  0%| F|  |TAMS 0x0000000703c00000, 0x0000000703c00000| Untracked 
|   8|0x0000000703e00000, 0x0000000703e00000, 0x0000000704000000|  0%| F|  |TAMS 0x0000000703e00000, 0x0000000703e00000| Untracked 
|   9|0x0000000704000000, 0x0000000704000000, 0x0000000704200000|  0%| F|  |TAMS 0x0000000704000000, 0x0000000704000000| Untracked 
|  10|0x0000000704200000, 0x0000000704200000, 0x0000000704400000|  0%| F|  |TAMS 0x0000000704200000, 0x0000000704200000| Untracked 
|  11|0x0000000704400000, 0x0000000704400000, 0x0000000704600000|  0%| F|  |TAMS 0x0000000704400000, 0x0000000704400000| Untracked 
|  12|0x0000000704600000, 0x0000000704600000, 0x0000000704800000|  0%| F|  |TAMS 0x0000000704600000, 0x0000000704600000| Untracked 
|  13|0x0000000704800000, 0x0000000704800000, 0x0000000704a00000|  0%| F|  |TAMS 0x0000000704800000, 0x0000000704800000| Untracked 
|  14|0x0000000704a00000, 0x0000000704a00000, 0x0000000704c00000|  0%| F|  |TAMS 0x0000000704a00000, 0x0000000704a00000| Untracked 
|  15|0x0000000704c00000, 0x0000000704c00000, 0x0000000704e00000|  0%| F|  |TAMS 0x0000000704c00000, 0x0000000704c00000| Untracked 
|  16|0x0000000704e00000, 0x0000000704e00000, 0x0000000705000000|  0%| F|  |TAMS 0x0000000704e00000, 0x0000000704e00000| Untracked 
|  17|0x0000000705000000, 0x0000000705000000, 0x0000000705200000|  0%| F|  |TAMS 0x0000000705000000, 0x0000000705000000| Untracked 
|  18|0x0000000705200000, 0x0000000705200000, 0x0000000705400000|  0%| F|  |TAMS 0x0000000705200000, 0x0000000705200000| Untracked 
|  19|0x0000000705400000, 0x0000000705400000, 0x0000000705600000|  0%| F|  |TAMS 0x0000000705400000, 0x0000000705400000| Untracked 
|  20|0x0000000705600000, 0x0000000705600000, 0x0000000705800000|  0%| F|  |TAMS 0x0000000705600000, 0x0000000705600000| Untracked 
|  21|0x0000000705800000, 0x0000000705800000, 0x0000000705a00000|  0%| F|  |TAMS 0x0000000705800000, 0x0000000705800000| Untracked 
|  22|0x0000000705a00000, 0x0000000705a00000, 0x0000000705c00000|  0%| F|  |TAMS 0x0000000705a00000, 0x0000000705a00000| Untracked 
|  23|0x0000000705c00000, 0x0000000705c00000, 0x0000000705e00000|  0%| F|  |TAMS 0x0000000705c00000, 0x0000000705c00000| Untracked 
|  24|0x0000000705e00000, 0x0000000705e00000, 0x0000000706000000|  0%| F|  |TAMS 0x0000000705e00000, 0x0000000705e00000| Untracked 
|  25|0x0000000706000000, 0x0000000706000000, 0x0000000706200000|  0%| F|  |TAMS 0x0000000706000000, 0x0000000706000000| Untracked 
|  26|0x0000000706200000, 0x0000000706200000, 0x0000000706400000|  0%| F|  |TAMS 0x0000000706200000, 0x0000000706200000| Untracked 
|  27|0x0000000706400000, 0x0000000706400000, 0x0000000706600000|  0%| F|  |TAMS 0x0000000706400000, 0x0000000706400000| Untracked 
|  28|0x0000000706600000, 0x0000000706600000, 0x0000000706800000|  0%| F|  |TAMS 0x0000000706600000, 0x0000000706600000| Untracked 
|  29|0x0000000706800000, 0x0000000706800000, 0x0000000706a00000|  0%| F|  |TAMS 0x0000000706800000, 0x0000000706800000| Untracked 
|  30|0x0000000706a00000, 0x0000000706a00000, 0x0000000706c00000|  0%| F|  |TAMS 0x0000000706a00000, 0x0000000706a00000| Untracked 
|  31|0x0000000706c00000, 0x0000000706c00000, 0x0000000706e00000|  0%| F|  |TAMS 0x0000000706c00000, 0x0000000706c00000| Untracked 
|  32|0x0000000706e00000, 0x0000000706e00000, 0x0000000707000000|  0%| F|  |TAMS 0x0000000706e00000, 0x0000000706e00000| Untracked 
|  33|0x0000000707000000, 0x0000000707000000, 0x0000000707200000|  0%| F|  |TAMS 0x0000000707000000, 0x0000000707000000| Untracked 
|  34|0x0000000707200000, 0x0000000707200000, 0x0000000707400000|  0%| F|  |TAMS 0x0000000707200000, 0x0000000707200000| Untracked 
|  35|0x0000000707400000, 0x0000000707400000, 0x0000000707600000|  0%| F|  |TAMS 0x0000000707400000, 0x0000000707400000| Untracked 
|  36|0x0000000707600000, 0x0000000707600000, 0x0000000707800000|  0%| F|  |TAMS 0x0000000707600000, 0x0000000707600000| Untracked 
|  37|0x0000000707800000, 0x0000000707800000, 0x0000000707a00000|  0%| F|  |TAMS 0x0000000707800000, 0x0000000707800000| Untracked 
|  38|0x0000000707a00000, 0x0000000707a00000, 0x0000000707c00000|  0%| F|  |TAMS 0x0000000707a00000, 0x0000000707a00000| Untracked 
|  39|0x0000000707c00000, 0x0000000707c00000, 0x0000000707e00000|  0%| F|  |TAMS 0x0000000707c00000, 0x0000000707c00000| Untracked 
|  40|0x0000000707e00000, 0x0000000707e00000, 0x0000000708000000|  0%| F|  |TAMS 0x0000000707e00000, 0x0000000707e00000| Untracked 
|  41|0x0000000708000000, 0x0000000708000000, 0x0000000708200000|  0%| F|  |TAMS 0x0000000708000000, 0x0000000708000000| Untracked 
|  42|0x0000000708200000, 0x0000000708200000, 0x0000000708400000|  0%| F|  |TAMS 0x0000000708200000, 0x0000000708200000| Untracked 
|  43|0x0000000708400000, 0x0000000708400000, 0x0000000708600000|  0%| F|  |TAMS 0x0000000708400000, 0x0000000708400000| Untracked 
|  44|0x0000000708600000, 0x0000000708600000, 0x0000000708800000|  0%| F|  |TAMS 0x0000000708600000, 0x0000000708600000| Untracked 
|  45|0x0000000708800000, 0x0000000708800000, 0x0000000708a00000|  0%| F|  |TAMS 0x0000000708800000, 0x0000000708800000| Untracked 
|  46|0x0000000708a00000, 0x0000000708a00000, 0x0000000708c00000|  0%| F|  |TAMS 0x0000000708a00000, 0x0000000708a00000| Untracked 
|  47|0x0000000708c00000, 0x0000000708c00000, 0x0000000708e00000|  0%| F|  |TAMS 0x0000000708c00000, 0x0000000708c00000| Untracked 
|  48|0x0000000708e00000, 0x0000000708e00000, 0x0000000709000000|  0%| F|  |TAMS 0x0000000708e00000, 0x0000000708e00000| Untracked 
|  49|0x0000000709000000, 0x0000000709000000, 0x0000000709200000|  0%| F|  |TAMS 0x0000000709000000, 0x0000000709000000| Untracked 
|  50|0x0000000709200000, 0x0000000709200000, 0x0000000709400000|  0%| F|  |TAMS 0x0000000709200000, 0x0000000709200000| Untracked 
|  51|0x0000000709400000, 0x0000000709400000, 0x0000000709600000|  0%| F|  |TAMS 0x0000000709400000, 0x0000000709400000| Untracked 
|  52|0x0000000709600000, 0x0000000709600000, 0x0000000709800000|  0%| F|  |TAMS 0x0000000709600000, 0x0000000709600000| Untracked 
|  53|0x0000000709800000, 0x0000000709800000, 0x0000000709a00000|  0%| F|  |TAMS 0x0000000709800000, 0x0000000709800000| Untracked 
|  54|0x0000000709a00000, 0x0000000709a00000, 0x0000000709c00000|  0%| F|  |TAMS 0x0000000709a00000, 0x0000000709a00000| Untracked 
|  55|0x0000000709c00000, 0x0000000709c00000, 0x0000000709e00000|  0%| F|  |TAMS 0x0000000709c00000, 0x0000000709c00000| Untracked 
|  56|0x0000000709e00000, 0x0000000709e00000, 0x000000070a000000|  0%| F|  |TAMS 0x0000000709e00000, 0x0000000709e00000| Untracked 
|  57|0x000000070a000000, 0x000000070a000000, 0x000000070a200000|  0%| F|  |TAMS 0x000000070a000000, 0x000000070a000000| Untracked 
|  58|0x000000070a200000, 0x000000070a200000, 0x000000070a400000|  0%| F|  |TAMS 0x000000070a200000, 0x000000070a200000| Untracked 
|  59|0x000000070a400000, 0x000000070a400000, 0x000000070a600000|  0%| F|  |TAMS 0x000000070a400000, 0x000000070a400000| Untracked 
|  60|0x000000070a600000, 0x000000070a600000, 0x000000070a800000|  0%| F|  |TAMS 0x000000070a600000, 0x000000070a600000| Untracked 
|  61|0x000000070a800000, 0x000000070a800000, 0x000000070aa00000|  0%| F|  |TAMS 0x000000070a800000, 0x000000070a800000| Untracked 
|  62|0x000000070aa00000, 0x000000070aa00000, 0x000000070ac00000|  0%| F|  |TAMS 0x000000070aa00000, 0x000000070aa00000| Untracked 
|  63|0x000000070ac00000, 0x000000070ac00000, 0x000000070ae00000|  0%| F|  |TAMS 0x000000070ac00000, 0x000000070ac00000| Untracked 
|  64|0x000000070ae00000, 0x000000070ae00000, 0x000000070b000000|  0%| F|  |TAMS 0x000000070ae00000, 0x000000070ae00000| Untracked 
|  65|0x000000070b000000, 0x000000070b000000, 0x000000070b200000|  0%| F|  |TAMS 0x000000070b000000, 0x000000070b000000| Untracked 
|  66|0x000000070b200000, 0x000000070b200000, 0x000000070b400000|  0%| F|  |TAMS 0x000000070b200000, 0x000000070b200000| Untracked 
|  67|0x000000070b400000, 0x000000070b400000, 0x000000070b600000|  0%| F|  |TAMS 0x000000070b400000, 0x000000070b400000| Untracked 
|  68|0x000000070b600000, 0x000000070b600000, 0x000000070b800000|  0%| F|  |TAMS 0x000000070b600000, 0x000000070b600000| Untracked 
|  69|0x000000070b800000, 0x000000070b800000, 0x000000070ba00000|  0%| F|  |TAMS 0x000000070b800000, 0x000000070b800000| Untracked 
|  70|0x000000070ba00000, 0x000000070ba00000, 0x000000070bc00000|  0%| F|  |TAMS 0x000000070ba00000, 0x000000070ba00000| Untracked 
|  71|0x000000070bc00000, 0x000000070bc00000, 0x000000070be00000|  0%| F|  |TAMS 0x000000070bc00000, 0x000000070bc00000| Untracked 
|  72|0x000000070be00000, 0x000000070be00000, 0x000000070c000000|  0%| F|  |TAMS 0x000000070be00000, 0x000000070be00000| Untracked 
|  73|0x000000070c000000, 0x000000070c000000, 0x000000070c200000|  0%| F|  |TAMS 0x000000070c000000, 0x000000070c000000| Untracked 
|  74|0x000000070c200000, 0x000000070c200000, 0x000000070c400000|  0%| F|  |TAMS 0x000000070c200000, 0x000000070c200000| Untracked 
|  75|0x000000070c400000, 0x000000070c400000, 0x000000070c600000|  0%| F|  |TAMS 0x000000070c400000, 0x000000070c400000| Untracked 
|  76|0x000000070c600000, 0x000000070c600000, 0x000000070c800000|  0%| F|  |TAMS 0x000000070c600000, 0x000000070c600000| Untracked 
|  77|0x000000070c800000, 0x000000070c800000, 0x000000070ca00000|  0%| F|  |TAMS 0x000000070c800000, 0x000000070c800000| Untracked 
|  78|0x000000070ca00000, 0x000000070ca00000, 0x000000070cc00000|  0%| F|  |TAMS 0x000000070ca00000, 0x000000070ca00000| Untracked 
|  79|0x000000070cc00000, 0x000000070cc00000, 0x000000070ce00000|  0%| F|  |TAMS 0x000000070cc00000, 0x000000070cc00000| Untracked 
|  80|0x000000070ce00000, 0x000000070ce00000, 0x000000070d000000|  0%| F|  |TAMS 0x000000070ce00000, 0x000000070ce00000| Untracked 
|  81|0x000000070d000000, 0x000000070d000000, 0x000000070d200000|  0%| F|  |TAMS 0x000000070d000000, 0x000000070d000000| Untracked 
|  82|0x000000070d200000, 0x000000070d200000, 0x000000070d400000|  0%| F|  |TAMS 0x000000070d200000, 0x000000070d200000| Untracked 
|  83|0x000000070d400000, 0x000000070d400000, 0x000000070d600000|  0%| F|  |TAMS 0x000000070d400000, 0x000000070d400000| Untracked 
|  84|0x000000070d600000, 0x000000070d600000, 0x000000070d800000|  0%| F|  |TAMS 0x000000070d600000, 0x000000070d600000| Untracked 
|  85|0x000000070d800000, 0x000000070d800000, 0x000000070da00000|  0%| F|  |TAMS 0x000000070d800000, 0x000000070d800000| Untracked 
|  86|0x000000070da00000, 0x000000070da00000, 0x000000070dc00000|  0%| F|  |TAMS 0x000000070da00000, 0x000000070da00000| Untracked 
|  87|0x000000070dc00000, 0x000000070dc00000, 0x000000070de00000|  0%| F|  |TAMS 0x000000070dc00000, 0x000000070dc00000| Untracked 
|  88|0x000000070de00000, 0x000000070de00000, 0x000000070e000000|  0%| F|  |TAMS 0x000000070de00000, 0x000000070de00000| Untracked 
|  89|0x000000070e000000, 0x000000070e000000, 0x000000070e200000|  0%| F|  |TAMS 0x000000070e000000, 0x000000070e000000| Untracked 
|  90|0x000000070e200000, 0x000000070e200000, 0x000000070e400000|  0%| F|  |TAMS 0x000000070e200000, 0x000000070e200000| Untracked 
|  91|0x000000070e400000, 0x000000070e400000, 0x000000070e600000|  0%| F|  |TAMS 0x000000070e400000, 0x000000070e400000| Untracked 
|  92|0x000000070e600000, 0x000000070e600000, 0x000000070e800000|  0%| F|  |TAMS 0x000000070e600000, 0x000000070e600000| Untracked 
|  93|0x000000070e800000, 0x000000070e800000, 0x000000070ea00000|  0%| F|  |TAMS 0x000000070e800000, 0x000000070e800000| Untracked 
|  94|0x000000070ea00000, 0x000000070ea00000, 0x000000070ec00000|  0%| F|  |TAMS 0x000000070ea00000, 0x000000070ea00000| Untracked 
|  95|0x000000070ec00000, 0x000000070ec00000, 0x000000070ee00000|  0%| F|  |TAMS 0x000000070ec00000, 0x000000070ec00000| Untracked 
|  96|0x000000070ee00000, 0x000000070ee00000, 0x000000070f000000|  0%| F|  |TAMS 0x000000070ee00000, 0x000000070ee00000| Untracked 
|  97|0x000000070f000000, 0x000000070f000000, 0x000000070f200000|  0%| F|  |TAMS 0x000000070f000000, 0x000000070f000000| Untracked 
|  98|0x000000070f200000, 0x000000070f200000, 0x000000070f400000|  0%| F|  |TAMS 0x000000070f200000, 0x000000070f200000| Untracked 
|  99|0x000000070f400000, 0x000000070f400000, 0x000000070f600000|  0%| F|  |TAMS 0x000000070f400000, 0x000000070f400000| Untracked 
| 100|0x000000070f600000, 0x000000070f600000, 0x000000070f800000|  0%| F|  |TAMS 0x000000070f600000, 0x000000070f600000| Untracked 
| 101|0x000000070f800000, 0x000000070f800000, 0x000000070fa00000|  0%| F|  |TAMS 0x000000070f800000, 0x000000070f800000| Untracked 
| 102|0x000000070fa00000, 0x000000070fa00000, 0x000000070fc00000|  0%| F|  |TAMS 0x000000070fa00000, 0x000000070fa00000| Untracked 
| 103|0x000000070fc00000, 0x000000070fc00000, 0x000000070fe00000|  0%| F|  |TAMS 0x000000070fc00000, 0x000000070fc00000| Untracked 
| 104|0x000000070fe00000, 0x000000070fe00000, 0x0000000710000000|  0%| F|  |TAMS 0x000000070fe00000, 0x000000070fe00000| Untracked 
| 105|0x0000000710000000, 0x0000000710000000, 0x0000000710200000|  0%| F|  |TAMS 0x0000000710000000, 0x0000000710000000| Untracked 
| 106|0x0000000710200000, 0x0000000710200000, 0x0000000710400000|  0%| F|  |TAMS 0x0000000710200000, 0x0000000710200000| Untracked 
| 107|0x0000000710400000, 0x0000000710400000, 0x0000000710600000|  0%| F|  |TAMS 0x0000000710400000, 0x0000000710400000| Untracked 
| 108|0x0000000710600000, 0x0000000710600000, 0x0000000710800000|  0%| F|  |TAMS 0x0000000710600000, 0x0000000710600000| Untracked 
| 109|0x0000000710800000, 0x0000000710800000, 0x0000000710a00000|  0%| F|  |TAMS 0x0000000710800000, 0x0000000710800000| Untracked 
| 110|0x0000000710a00000, 0x0000000710a00000, 0x0000000710c00000|  0%| F|  |TAMS 0x0000000710a00000, 0x0000000710a00000| Untracked 
| 111|0x0000000710c00000, 0x0000000710c00000, 0x0000000710e00000|  0%| F|  |TAMS 0x0000000710c00000, 0x0000000710c00000| Untracked 
| 112|0x0000000710e00000, 0x0000000710e00000, 0x0000000711000000|  0%| F|  |TAMS 0x0000000710e00000, 0x0000000710e00000| Untracked 
| 113|0x0000000711000000, 0x0000000711000000, 0x0000000711200000|  0%| F|  |TAMS 0x0000000711000000, 0x0000000711000000| Untracked 
| 114|0x0000000711200000, 0x0000000711200000, 0x0000000711400000|  0%| F|  |TAMS 0x0000000711200000, 0x0000000711200000| Untracked 
| 115|0x0000000711400000, 0x0000000711400000, 0x0000000711600000|  0%| F|  |TAMS 0x0000000711400000, 0x0000000711400000| Untracked 
| 116|0x0000000711600000, 0x0000000711600000, 0x0000000711800000|  0%| F|  |TAMS 0x0000000711600000, 0x0000000711600000| Untracked 
| 117|0x0000000711800000, 0x0000000711800000, 0x0000000711a00000|  0%| F|  |TAMS 0x0000000711800000, 0x0000000711800000| Untracked 
| 118|0x0000000711a00000, 0x0000000711bf9958, 0x0000000711c00000| 98%| E|  |TAMS 0x0000000711a00000, 0x0000000711a00000| Complete 
| 119|0x0000000711c00000, 0x0000000711e00000, 0x0000000711e00000|100%| E|CS|TAMS 0x0000000711c00000, 0x0000000711c00000| Complete 
| 120|0x0000000711e00000, 0x0000000712000000, 0x0000000712000000|100%| E|CS|TAMS 0x0000000711e00000, 0x0000000711e00000| Complete 
| 121|0x0000000712000000, 0x0000000712200000, 0x0000000712200000|100%| E|CS|TAMS 0x0000000712000000, 0x0000000712000000| Complete 
| 122|0x0000000712200000, 0x0000000712400000, 0x0000000712400000|100%| E|CS|TAMS 0x0000000712200000, 0x0000000712200000| Complete 
| 123|0x0000000712400000, 0x0000000712600000, 0x0000000712600000|100%| E|CS|TAMS 0x0000000712400000, 0x0000000712400000| Complete 
| 124|0x0000000712600000, 0x0000000712800000, 0x0000000712800000|100%| E|CS|TAMS 0x0000000712600000, 0x0000000712600000| Complete 
| 125|0x0000000712800000, 0x0000000712a00000, 0x0000000712a00000|100%| E|CS|TAMS 0x0000000712800000, 0x0000000712800000| Complete 
| 126|0x0000000712a00000, 0x0000000712c00000, 0x0000000712c00000|100%| E|CS|TAMS 0x0000000712a00000, 0x0000000712a00000| Complete 

Card table byte_map: [0x00000271fd1e0000,0x00000271fd9d0000] _byte_map_base: 0x00000271f99c9000

Marking Bits (Prev, Next): (CMBitMap*) 0x00000271e5203ec0, (CMBitMap*) 0x00000271e5203f00
 Prev Bits: [0x0000027180000000, 0x0000027183f48000)
 Next Bits: [0x0000027183f50000, 0x0000027187e98000)

Polling page: 0x00000271e3350000

Metaspace:

Usage:
  Non-class:      7.18 MB capacity,     4.47 MB ( 62%) used,     2.70 MB ( 38%) free+waste,     3.56 KB ( <1%) overhead. 
      Class:    617.00 KB capacity,   321.34 KB ( 52%) used,   294.84 KB ( 48%) free+waste,   832 bytes ( <1%) overhead. 
       Both:      7.78 MB capacity,     4.79 MB ( 62%) used,     2.99 MB ( 38%) free+waste,     4.38 KB ( <1%) overhead. 

Virtual space:
  Non-class space:        8.00 MB reserved,       7.50 MB ( 94%) committed 
      Class space:        1.00 GB reserved,     640.00 KB ( <1%) committed 
             Both:        1.01 GB reserved,       8.13 MB ( <1%) committed 

Chunk freelists:
   Non-Class:  139.00 KB
       Class:  23.00 KB
        Both:  162.00 KB

MaxMetaspaceSize: 17179869184.00 GB
CompressedClassSpaceSize: 1.00 GB

CodeHeap 'non-profiled nmethods': size=120000Kb used=611Kb max_used=611Kb free=119388Kb
 bounds [0x00000271f5190000, 0x00000271f5400000, 0x00000271fc6c0000]
CodeHeap 'profiled nmethods': size=120000Kb used=2040Kb max_used=2040Kb free=117959Kb
 bounds [0x00000271edc60000, 0x00000271eded0000, 0x00000271f5190000]
CodeHeap 'non-nmethods': size=5760Kb used=1287Kb max_used=1337Kb free=4473Kb
 bounds [0x00000271ed6c0000, 0x00000271ed930000, 0x00000271edc60000]
 total_blobs=1811 nmethods=1233 adapters=491
 compilation: enabled
              stopped_count=0, restarted_count=0
 full_count=0

Compilation events (20 events):
Event: 48.719 Thread 0x00000271fec01430 1223       4       org.lwjgl.opengl.GL11::glDisable (19 bytes)
Event: 48.721 Thread 0x00000271fec01430 nmethod 1223 0x00000271f5220d10 code [0x00000271f5220ea0, 0x00000271f5220fa8]
Event: 49.202 Thread 0x00000271fec01430 1224       4       jdk.internal.misc.Unsafe::toUnsignedLong (7 bytes)
Event: 49.203 Thread 0x00000271fec01430 nmethod 1224 0x00000271f5221110 code [0x00000271f5221280, 0x00000271f52212b8]
Event: 50.269 Thread 0x00000271fec01430 1225       4       com.badlogic.gdx.backends.lwjgl.DefaultLwjglInput::updateKeyboard (293 bytes)
Event: 50.299 Thread 0x00000271fec01430 nmethod 1225 0x00000271f5221410 code [0x00000271f52218a0, 0x00000271f52239e8]
Event: 51.502 Thread 0x00000271fec01430 1226       4       org.lwjgl.opengl.WindowsMouse::poll (222 bytes)
Event: 51.511 Thread 0x00000271fec01430 nmethod 1226 0x00000271f5224d90 code [0x00000271f5224f40, 0x00000271f5225798]
Event: 52.319 Thread 0x00000271fec01430 1227       4       com.badlogic.gdx.graphics.g2d.SpriteBatch::begin (65 bytes)
Event: 52.335 Thread 0x00000271fec01430 nmethod 1227 0x00000271f5225d10 code [0x00000271f5225fa0, 0x00000271f5227070]
Event: 54.203 Thread 0x00000271fec054d0 1228       3       java.nio.HeapByteBuffer::put (20 bytes)
Event: 54.204 Thread 0x00000271fec054d0 nmethod 1228 0x00000271ede5a590 code [0x00000271ede5a760, 0x00000271ede5abb8]
Event: 54.204 Thread 0x00000271fec054d0 1229       3       java.lang.Long::reverseBytes (46 bytes)
Event: 54.204 Thread 0x00000271fec054d0 nmethod 1229 0x00000271ede5ad90 code [0x00000271ede5af20, 0x00000271ede5b078]
Event: 54.452 Thread 0x00000271fec01430 1230       4       com.badlogic.gdx.graphics.g2d.SpriteBatch::end (66 bytes)
Event: 54.457 Thread 0x00000271fec01430 nmethod 1230 0x00000271f5228210 code [0x00000271f52283e0, 0x00000271f5228708]
Event: 58.535 Thread 0x00000271fec054d0 1231       3       org.lwjgl.opengl.WindowsDisplay::handleMessage (29 bytes)
Event: 58.536 Thread 0x00000271fec054d0 nmethod 1231 0x00000271ede5b110 code [0x00000271ede5b2c0, 0x00000271ede5b478]
Event: 58.536 Thread 0x00000271fec054d0 1232       3       org.lwjgl.opengl.WindowsDisplay::doHandleMessage (969 bytes)
Event: 58.540 Thread 0x00000271fec054d0 nmethod 1232 0x00000271ede5b590 code [0x00000271ede5ba00, 0x00000271ede5da88]

GC Heap History (0 events):
No events

Deoptimization events (20 events):
Event: 1.283 Thread 0x000002718a039350 DEOPT PACKING pc=0x00000271edd62591 sp=0x000000fca36fe860
Event: 1.283 Thread 0x000002718a039350 DEOPT UNPACKING pc=0x00000271ed70e23f sp=0x000000fca36fdeb8 mode 0
Event: 1.284 Thread 0x000002718a039350 DEOPT PACKING pc=0x00000271edd62591 sp=0x000000fca36fe860
Event: 1.284 Thread 0x000002718a039350 DEOPT UNPACKING pc=0x00000271ed70e23f sp=0x000000fca36fdeb8 mode 0
Event: 1.903 Thread 0x000002718a039350 DEOPT PACKING pc=0x00000271eddb0f55 sp=0x000000fca36fed90
Event: 1.903 Thread 0x000002718a039350 DEOPT UNPACKING pc=0x00000271ed70e23f sp=0x000000fca36fe218 mode 0
Event: 1.919 Thread 0x000002718a039350 DEOPT PACKING pc=0x00000271eddb8307 sp=0x000000fca36fede0
Event: 1.919 Thread 0x000002718a039350 DEOPT UNPACKING pc=0x00000271ed70e23f sp=0x000000fca36fe208 mode 0
Event: 1.936 Thread 0x000002718a039350 DEOPT PACKING pc=0x00000271eddb8307 sp=0x000000fca36fede0
Event: 1.936 Thread 0x000002718a039350 DEOPT UNPACKING pc=0x00000271ed70e23f sp=0x000000fca36fe208 mode 0
Event: 1.955 Thread 0x000002718a039350 DEOPT PACKING pc=0x00000271eddb8307 sp=0x000000fca36fede0
Event: 1.955 Thread 0x000002718a039350 DEOPT UNPACKING pc=0x00000271ed70e23f sp=0x000000fca36fe208 mode 0
Event: 1.971 Thread 0x000002718a039350 DEOPT PACKING pc=0x00000271eddb8307 sp=0x000000fca36fede0
Event: 1.971 Thread 0x000002718a039350 DEOPT UNPACKING pc=0x00000271ed70e23f sp=0x000000fca36fe208 mode 0
Event: 1.994 Thread 0x000002718a039350 DEOPT PACKING pc=0x00000271eddb8307 sp=0x000000fca36fede0
Event: 1.994 Thread 0x000002718a039350 DEOPT UNPACKING pc=0x00000271ed70e23f sp=0x000000fca36fe208 mode 0
Event: 2.008 Thread 0x000002718a039350 DEOPT PACKING pc=0x00000271eddb8307 sp=0x000000fca36fede0
Event: 2.008 Thread 0x000002718a039350 DEOPT UNPACKING pc=0x00000271ed70e23f sp=0x000000fca36fe208 mode 0
Event: 6.301 Thread 0x000002718a039350 DEOPT PACKING pc=0x00000271eddfbb52 sp=0x000000fca36feee0
Event: 6.301 Thread 0x000002718a039350 DEOPT UNPACKING pc=0x00000271ed70e23f sp=0x000000fca36fe468 mode 0

Classes unloaded (0 events):
No events

Classes redefined (0 events):
No events

Internal exceptions (0 events):
No events

Events (20 events):
Event: 2.137 Loaded shared library C:\Users\StefanieZuccarini\AppData\Local\Temp\libgdxStefanieZuccarini\1cecf4f6\lwjgl64.dll
Event: 2.155 Loaded shared library C:\Users\StefanieZuccarini\AppData\Local\Temp\libgdxStefanieZuccarini\1cecf4f6\lwjgl64.dll
Event: 2.156 Loaded shared library C:\Users\StefanieZuccarini\AppData\Local\Temp\libgdxStefanieZuccarini\1cecf4f6\lwjgl64.dll
Event: 2.337 Loaded shared library C:\Users\StefanieZuccarini\AppData\Local\Temp\libgdxStefanieZuccarini\1cecf4f6\lwjgl64.dll
Event: 2.440 Loaded shared library C:\Program Files\Zulu\zulu-15\bin\java.dll
Event: 2.820 Loaded shared library C:\Users\StefanieZuccarini\AppData\Local\Temp\libgdxStefanieZuccarini\1cecf4f6\lwjgl64.dll
Event: 3.354 Loaded shared library C:\Program Files\Zulu\zulu-15\bin\java.dll
Event: 3.637 Loaded shared library C:\Users\StefanieZuccarini\AppData\Local\Temp\libgdxStefanieZuccarini\1cecf4f6\lwjgl64.dll
Event: 4.137 Loaded shared library C:\Users\StefanieZuccarini\AppData\Local\Temp\libgdxStefanieZuccarini\1cecf4f6\lwjgl64.dll
Event: 4.138 Loaded shared library C:\Users\StefanieZuccarini\AppData\Local\Temp\libgdxStefanieZuccarini\1cecf4f6\lwjgl64.dll
Event: 4.336 Loaded shared library C:\Users\StefanieZuccarini\AppData\Local\Temp\libgdxStefanieZuccarini\1cecf4f6\lwjgl64.dll
Event: 4.954 Loaded shared library C:\Users\StefanieZuccarini\AppData\Local\Temp\libgdxStefanieZuccarini\1cecf4f6\lwjgl64.dll
Event: 4.955 Loaded shared library C:\Users\StefanieZuccarini\AppData\Local\Temp\libgdxStefanieZuccarini\1cecf4f6\lwjgl64.dll
Event: 5.986 Loaded shared library C:\Users\StefanieZuccarini\AppData\Local\Temp\libgdxStefanieZuccarini\1cecf4f6\lwjgl64.dll
Event: 6.287 Loaded shared library C:\Users\StefanieZuccarini\AppData\Local\Temp\libgdxStefanieZuccarini\1cecf4f6\lwjgl64.dll
Event: 6.288 Loaded shared library C:\Users\StefanieZuccarini\AppData\Local\Temp\libgdxStefanieZuccarini\1cecf4f6\lwjgl64.dll
Event: 10.254 Loaded shared library C:\Users\StefanieZuccarini\AppData\Local\Temp\libgdxStefanieZuccarini\e1cd32f8\gdx64.dll
Event: 10.270 Loaded shared library C:\Users\StefanieZuccarini\AppData\Local\Temp\libgdxStefanieZuccarini\1cecf4f6\lwjgl64.dll
Event: 10.271 Loaded shared library C:\Users\StefanieZuccarini\AppData\Local\Temp\libgdxStefanieZuccarini\1cecf4f6\lwjgl64.dll
Event: 58.905 Loaded shared library C:\Users\StefanieZuccarini\AppData\Local\Temp\libgdxStefanieZuccarini\1cecf4f6\lwjgl64.dll


Dynamic libraries:
0x00007ff611a20000 - 0x00007ff611a2d000 	C:\Program Files\Zulu\zulu-15\bin\java.exe
0x00007ffb2fe00000 - 0x00007ffb2fff0000 	C:\Windows\SYSTEM32\ntdll.dll
0x00007ffb2e5c0000 - 0x00007ffb2e672000 	C:\Windows\System32\KERNEL32.DLL
0x00007ffb2d090000 - 0x00007ffb2d335000 	C:\Windows\System32\KERNELBASE.dll
0x00007ffb2ce40000 - 0x00007ffb2cf3a000 	C:\Windows\System32\ucrtbase.dll
0x00007ffafcfd0000 - 0x00007ffafcfe5000 	C:\Program Files\Zulu\zulu-15\bin\VCRUNTIME140.dll
0x00007ffaeb840000 - 0x00007ffaeb858000 	C:\Program Files\Zulu\zulu-15\bin\jli.dll
0x00007ffb2e6a0000 - 0x00007ffb2e834000 	C:\Windows\System32\USER32.dll
0x00007ffb2d600000 - 0x00007ffb2d621000 	C:\Windows\System32\win32u.dll
0x00007ffb02d20000 - 0x00007ffb02fa4000 	C:\Windows\WinSxS\amd64_microsoft.windows.common-controls_6595b64144ccf1df_6.0.18362.1139_none_9e7bf2d3e4605ac6\COMCTL32.dll
0x00007ffb2fa60000 - 0x00007ffb2fa86000 	C:\Windows\System32\GDI32.dll
0x00007ffb2e520000 - 0x00007ffb2e5be000 	C:\Windows\System32\msvcrt.dll
0x00007ffb2d460000 - 0x00007ffb2d5f6000 	C:\Windows\System32\gdi32full.dll
0x00007ffb2ef30000 - 0x00007ffb2f265000 	C:\Windows\System32\combase.dll
0x00007ffb2d3c0000 - 0x00007ffb2d45e000 	C:\Windows\System32\msvcp_win.dll
0x00007ffb2fa90000 - 0x00007ffb2fbb0000 	C:\Windows\System32\RPCRT4.dll
0x00007ffb2d340000 - 0x00007ffb2d3c0000 	C:\Windows\System32\bcryptPrimitives.dll
0x00007ffb2f490000 - 0x00007ffb2f4be000 	C:\Windows\System32\IMM32.DLL
0x00007ffad6f10000 - 0x00007ffad6fab000 	C:\Program Files\Zulu\zulu-15\bin\msvcp140.dll
0x00007ffa92ca0000 - 0x00007ffa93832000 	C:\Program Files\Zulu\zulu-15\bin\server\jvm.dll
0x00007ffb2e000000 - 0x00007ffb2e0a3000 	C:\Windows\System32\ADVAPI32.dll
0x00007ffb2fd10000 - 0x00007ffb2fda7000 	C:\Windows\System32\sechost.dll
0x00007ffb2e3e0000 - 0x00007ffb2e3e8000 	C:\Windows\System32\PSAPI.DLL
0x00007ffb08570000 - 0x00007ffb08579000 	C:\Windows\SYSTEM32\WSOCK32.dll
0x00007ffb29590000 - 0x00007ffb295b4000 	C:\Windows\SYSTEM32\WINMM.dll
0x00007ffb207f0000 - 0x00007ffb207fa000 	C:\Windows\SYSTEM32\VERSION.dll
0x00007ffb2f270000 - 0x00007ffb2f2df000 	C:\Windows\System32\WS2_32.dll
0x00007ffb29560000 - 0x00007ffb2958d000 	C:\Windows\SYSTEM32\WINMMBASE.dll
0x00007ffb2d6e0000 - 0x00007ffb2d72a000 	C:\Windows\System32\cfgmgr32.dll
0x00007ffb2cd20000 - 0x00007ffb2cd31000 	C:\Windows\System32\kernel.appcore.dll
0x00007ffb05300000 - 0x00007ffb0530a000 	C:\Program Files\Zulu\zulu-15\bin\jimage.dll
0x00007ffb28c20000 - 0x00007ffb28e14000 	C:\Windows\SYSTEM32\DBGHELP.DLL
0x00007ffb06180000 - 0x00007ffb061aa000 	C:\Windows\SYSTEM32\dbgcore.DLL
0x00007ffaeb7c0000 - 0x00007ffaeb7e5000 	C:\Program Files\Zulu\zulu-15\bin\java.dll
0x00007ffb2e840000 - 0x00007ffb2ef27000 	C:\Windows\System32\SHELL32.dll
0x00007ffb2e3f0000 - 0x00007ffb2e499000 	C:\Windows\System32\shcore.dll
0x00007ffb2d730000 - 0x00007ffb2deb0000 	C:\Windows\System32\windows.storage.dll
0x00007ffb2ccd0000 - 0x00007ffb2ccf3000 	C:\Windows\System32\profapi.dll
0x00007ffb2cd40000 - 0x00007ffb2cd8a000 	C:\Windows\System32\powrprof.dll
0x00007ffb2ccc0000 - 0x00007ffb2ccd0000 	C:\Windows\System32\UMPDC.dll
0x00007ffb2e0b0000 - 0x00007ffb2e102000 	C:\Windows\System32\shlwapi.dll
0x00007ffb2d690000 - 0x00007ffb2d6a7000 	C:\Windows\System32\cryptsp.dll
0x00007ffae46b0000 - 0x00007ffae46c9000 	C:\Program Files\Zulu\zulu-15\bin\net.dll
0x00007ffb274d0000 - 0x00007ffb275c0000 	C:\Windows\SYSTEM32\WINHTTP.dll
0x00007ffb2c510000 - 0x00007ffb2c577000 	C:\Windows\system32\mswsock.dll
0x00007ffae1730000 - 0x00007ffae1742000 	C:\Program Files\Zulu\zulu-15\bin\nio.dll
0x00007ffad1010000 - 0x00007ffad1028000 	C:\Program Files\Zulu\zulu-15\bin\zip.dll
0x000000006e700000 - 0x000000006e72a000 	C:\Users\StefanieZuccarini\AppData\Local\Temp\libgdxStefanieZuccarini\e1cd32f8\gdx64.dll
0x00007ffafd2a0000 - 0x00007ffafd2b0000 	C:\Program Files\Zulu\zulu-15\bin\verify.dll
0x0000000180000000 - 0x0000000180053000 	C:\Users\StefanieZuccarini\AppData\Local\Temp\libgdxStefanieZuccarini\1cecf4f6\lwjgl64.dll
0x00007ffaef7f0000 - 0x00007ffaef946000 	C:\Windows\SYSTEM32\OPENGL32.dll
0x00007ffaf94c0000 - 0x00007ffaf94ec000 	C:\Windows\SYSTEM32\GLU32.dll
0x00007ffb2b6a0000 - 0x00007ffb2b6c0000 	C:\Windows\SYSTEM32\dxcore.dll
0x00000271ff980000 - 0x00000271ff9e4000 	C:\Users\STEFAN~1\AppData\Local\Temp\libgdxStefanieZuccarini\1cecf4f6\OpenAL64.dll
0x00007ffb2fbb0000 - 0x00007ffb2fd07000 	C:\Windows\System32\ole32.dll
0x00007ffb2ac90000 - 0x00007ffb2ad29000 	C:\Windows\system32\uxtheme.dll
0x00007ffb2e1e0000 - 0x00007ffb2e282000 	C:\Windows\System32\clbcatq.dll
0x00007ffad6500000 - 0x00007ffad6599000 	C:\Windows\SYSTEM32\dsound.dll
0x00007ffb19040000 - 0x00007ffb190b2000 	C:\Windows\System32\MMDevApi.dll
0x00007ffb2cab0000 - 0x00007ffb2cada000 	C:\Windows\System32\DEVOBJ.dll
0x00007ffb12830000 - 0x00007ffb1298d000 	C:\Windows\SYSTEM32\AUDIOSES.DLL
0x00007ffb2f930000 - 0x00007ffb2f9f5000 	C:\Windows\System32\OLEAUT32.dll
0x00007ffb27ef0000 - 0x00007ffb28043000 	C:\Windows\SYSTEM32\wintypes.dll
0x00007ffb27420000 - 0x00007ffb274ce000 	C:\Windows\SYSTEM32\mscms.dll
0x00007ffb2cbe0000 - 0x00007ffb2cc05000 	C:\Windows\SYSTEM32\USERENV.dll
0x00007ffb27400000 - 0x00007ffb27417000 	C:\Windows\SYSTEM32\ColorAdapterClient.dll
0x00007ffb21ba0000 - 0x00007ffb21bba000 	C:\Windows\System32\Windows.Internal.Graphics.Display.DisplayColorManagement.dll
0x00007ffb2e290000 - 0x00007ffb2e3c5000 	C:\Windows\System32\MSCTF.dll
0x00007ffb20010000 - 0x00007ffb200ae000 	C:\Windows\System32\TextInputFramework.dll
0x00007ffb281a0000 - 0x00007ffb284ca000 	C:\Windows\System32\CoreUIComponents.dll
0x00007ffb2a860000 - 0x00007ffb2a934000 	C:\Windows\System32\CoreMessaging.dll
0x00007ffb2bba0000 - 0x00007ffb2bbd1000 	C:\Windows\SYSTEM32\ntmarta.dll
0x00007ffb1a960000 - 0x00007ffb1ac07000 	C:\Windows\System32\iertutil.dll
0x00007ffa91d80000 - 0x00007ffa92c97000 	C:\Windows\System32\DriverStore\FileRepository\iigd_dch.inf_amd64_dc945736c722f2b5\ig9icd64.dll
0x00007ffb2b290000 - 0x00007ffb2b2bd000 	C:\Windows\system32\dwmapi.dll
0x00007ffb2b730000 - 0x00007ffb2b81b000 	C:\Windows\system32\dxgi.dll
0x00007ffb20f80000 - 0x00007ffb21124000 	C:\Windows\System32\DriverStore\FileRepository\iigd_dch.inf_amd64_dc945736c722f2b5\igdgmm64.dll
0x00007ffaebb40000 - 0x00007ffaebb83000 	C:\Windows\SYSTEM32\icm32.dll
0x00007ffa99930000 - 0x00007ffa99c8b000 	C:\Windows\System32\DriverStore\FileRepository\iigd_dch.inf_amd64_dc945736c722f2b5\igdml64.dll
0x00007ffb1c3d0000 - 0x00007ffb1e9d1000 	C:\Windows\System32\DriverStore\FileRepository\iigd_dch.inf_amd64_dc945736c722f2b5\igc64.dll
0x0000000066b00000 - 0x0000000066b5b000 	C:\Users\StefanieZuccarini\AppData\Local\Temp\libgdxStefanieZuccarini\a14961b7\gdx-box2d64.dll

dbghelp: loaded successfully - version: 4.0.5 - missing functions: none
symbol engine: initialized successfully - sym options: 0x614 - pdb path: .;C:\Program Files\Zulu\zulu-15\bin;C:\Windows\SYSTEM32;C:\Windows\WinSxS\amd64_microsoft.windows.common-controls_6595b64144ccf1df_6.0.18362.1139_none_9e7bf2d3e4605ac6;C:\Program Files\Zulu\zulu-15\bin\server;C:\Users\StefanieZuccarini\AppData\Local\Temp\libgdxStefanieZuccarini\e1cd32f8;C:\Users\StefanieZuccarini\AppData\Local\Temp\libgdxStefanieZuccarini\1cecf4f6;C:\Users\STEFAN~1\AppData\Local\Temp\libgdxStefanieZuccarini\1cecf4f6;C:\Windows\System32\DriverStore\FileRepository\iigd_dch.inf_amd64_dc945736c722f2b5;C:\Users\StefanieZuccarini\AppData\Local\Temp\libgdxStefanieZuccarini\a14961b7

VM Arguments:
jvm_args: -Dfile.encoding=windows-1252 -Duser.country=CA -Duser.language=en -Duser.variant 
java_command: com.mygdx.game.desktop.DesktopLauncher
java_class_path (initial): C:\Users\StefanieZuccarini\Documents\GitHub\PortalGame\PortalGame\desktop\build\classes\java\main;C:\Users\StefanieZuccarini\Documents\GitHub\PortalGame\PortalGame\desktop\build\resources\main;C:\Users\StefanieZuccarini\.gradle\caches\modules-2\files-2.1\com.badlogicgames.gdx\gdx-tools\1.10.0\d699cf4953fb42a071c7c3feb9b5c45601aa6a4b\gdx-tools-1.10.0.jar;C:\Users\StefanieZuccarini\.gradle\caches\modules-2\files-2.1\com.badlogicgames.gdx\gdx-backend-lwjgl\1.10.0\58ff89d9e4fd8a82591367f187d606e781cacc05\gdx-backend-lwjgl-1.10.0.jar;C:\Users\StefanieZuccarini\.gradle\caches\modules-2\files-2.1\com.badlogicgames.gdx\gdx-platform\1.10.0\9a8fa793d2fd6d360afc6c9e4c1f5583da263b88\gdx-platform-1.10.0-natives-desktop.jar;C:\Users\StefanieZuccarini\.gradle\caches\modules-2\files-2.1\com.badlogicgames.gdx\gdx-box2d-platform\1.10.0\588c4191c5a64ed39365e71484aa37d81c38eb5e\gdx-box2d-platform-1.10.0-natives-desktop.jar;C:\Users\StefanieZuccarini\.gradle\caches\modules-2\files-2.1\com.badlogicgames.gdx\gdx-bullet-platform\1.10.0\ce92e8dfc762523d769cbc50853163c03bf98cf1\gdx-bullet-platform-1.10.0-natives-desktop.jar;C:\Users\StefanieZuccarini\.gradle\caches\modules-2\files-2.1\com.badlogicgames.gdx\gdx-freetype-platform\1.10.0\6e5d28752759e69384f12e4569d2c884ff71352f\gdx-freetype-platform-1.10.0-natives-desktop.jar;C:\Users\StefanieZuccarini\Documents\GitHub\PortalGame\PortalGame\core\build\libs\core-1.0.jar;C:\Users\StefanieZuccarini\.gradle\caches\modules-2\files-2.1\com.badlogicgames.gdx\gdx-backend-headless\1.10.0\990eadbb431197c5b9b816d1659c772e0268e65\gdx-backend-headless-1.10.0.jar;C:\Users\StefanieZuccarini\.gradle\caches\modules-2\files-2.1\com.badlogicgames.gdx\gdx-freetype\1.10.0\de1d0d5c1e92e8d91364256fd6b7bb279d3e9859\gdx-freetype-1.10.0.jar;C:\Users\StefanieZuccarini\.gradle\caches\modules-2\files-2.1\com.badlogicgames.box2dlights\box2dlights\1.5\6902dbcd250c95a27973aa24a147a95b3828d348\box2dlights-1.5.jar;C:\Users\StefanieZuccarini\.gradle\
Launcher Type: SUN_STANDARD

[Global flags]
     intx CICompilerCount                          = 4                                         {product} {ergonomic}
     uint ConcGCThreads                            = 2                                         {product} {ergonomic}
     uint G1ConcRefinementThreads                  = 8                                         {product} {ergonomic}
   size_t G1HeapRegionSize                         = 2097152                                   {product} {ergonomic}
    uintx GCDrainStackTargetSize                   = 64                                        {product} {ergonomic}
   size_t InitialHeapSize                          = 266338304                                 {product} {ergonomic}
   size_t MarkStackSize                            = 4194304                                   {product} {ergonomic}
   size_t MaxHeapSize                              = 4246732800                                {product} {ergonomic}
   size_t MaxNewSize                               = 2548039680                                {product} {ergonomic}
   size_t MinHeapDeltaBytes                        = 2097152                                   {product} {ergonomic}
   size_t MinHeapSize                              = 8388608                                   {product} {ergonomic}
    uintx NonNMethodCodeHeapSize                   = 5839372                                {pd product} {ergonomic}
    uintx NonProfiledCodeHeapSize                  = 122909434                              {pd product} {ergonomic}
    uintx ProfiledCodeHeapSize                     = 122909434                              {pd product} {ergonomic}
    uintx ReservedCodeCacheSize                    = 251658240                              {pd product} {ergonomic}
     bool SegmentedCodeCache                       = true                                      {product} {ergonomic}
   size_t SoftMaxHeapSize                          = 4246732800                             {manageable} {ergonomic}
     bool UseCompressedClassPointers               = true                                 {lp64_product} {ergonomic}
     bool UseCompressedOops                        = true                                 {lp64_product} {ergonomic}
     bool UseG1GC                                  = true                                      {product} {ergonomic}
     bool UseLargePagesIndividualAllocation        = false                                  {pd product} {ergonomic}

Logging:
Log output configuration:
 #0: stdout all=warning uptime,level,tags
 #1: stderr all=off uptime,level,tags

Environment Variables:
PATH=C:\Program Files\Zulu\zulu-15\bin\;C:\Program Files\Common Files\Oracle\Java\javapath;C:\Program Files (x86)\Common Files\Oracle\Java\javapath;C:\Windows\system32;C:\Windows;C:\Windows\System32\Wbem;C:\Windows\System32\WindowsPowerShell\v1.0\;C:\Windows\System32\OpenSSH\;C:\Program Files\Git\cmd;C:\Users\StefanieZuccarini\AppData\Local\Microsoft\WindowsApps;C:\Program Files\JetBrains\IntelliJ IDEA Community Edition 2021.3\bin;;C:\Users\StefanieZuccarini\AppData\Local\GitHubDesktop\bin
USERNAME=StefanieZuccarini
OS=Windows_NT
PROCESSOR_IDENTIFIER=Intel64 Family 6 Model 142 Stepping 12, GenuineIntel



---------------  S Y S T E M  ---------------

OS:
 Windows 10 , 64 bit Build 18362 (10.0.18362.1110)
OS uptime: 0 days 0:10 hours

CPU: total 8 (initial active 8) (4 cores per cpu, 2 threads per core) family 6 model 142 stepping 12 microcode 0xca, cmov, cx8, fxsr, mmx, sse, sse2, sse3, ssse3, sse4.1, sse4.2, popcnt, vzeroupper, avx, avx2, aes, clmul, erms, 3dnowpref, lzcnt, ht, tsc, tscinvbit, bmi1, bmi2, adx, fma, clflush, clflushopt

Memory: 4k page, system-wide physical 16198M (7513M free)
TotalPageFile size 20038M (AvailPageFile size 10080M)
current process WorkingSet (physical memory assigned to process): 186M, peak: 207M
current process commit charge ("private bytes"): 460M, peak: 482M

vm_info: OpenJDK 64-Bit Server VM (15.0.5+3-MTS) for windows-amd64 JRE (15.0.5+3-MTS) (Zulu15.36+13-CA), built on Oct  8 2021 11:07:26 by "zulu_re" with MS VC++ 15.9 (VS2017)

END.
