#
# A fatal error has been detected by the Java Runtime Environment:
#
#  EXCEPTION_ACCESS_VIOLATION (0xc0000005) at pc=0x0000000066b1f8ac, pid=17052, tid=6540
#
# JRE version: OpenJDK Runtime Environment Zulu15.36+13-CA (15.0.5+3) (build 15.0.5+3-MTS)
# Java VM: OpenJDK 64-Bit Server VM Zulu15.36+13-CA (15.0.5+3-MTS, mixed mode, sharing, tiered, compressed oops, g1 gc, windows-amd64)
# Problematic frame:
# C  [gdx-box2d64.dll+0x1f8ac]
#
# No core dump will be written. Minidumps are not enabled by default on client versions of Windows
#
# If you would like to submit a bug report, please visit:
#   http://www.azul.com/support/
# The crash happened outside the Java Virtual Machine in native code.
# See problematic frame for where to report the bug.
#

---------------  S U M M A R Y ------------

Command Line: -Dfile.encoding=windows-1252 -Duser.country=CA -Duser.language=en -Duser.variant com.mygdx.game.desktop.DesktopLauncher

Host: Intel(R) Core(TM) i7-8665U CPU @ 1.90GHz, 8 cores, 15G,  Windows 10 , 64 bit Build 18362 (10.0.18362.1110)
Time: Tue Jan 18 09:06:10 2022 Eastern Standard Time elapsed time: 54.541427 seconds (0d 0h 0m 54s)

---------------  T H R E A D  ---------------

Current thread (0x000001c85c3e5500):  JavaThread "LWJGL Application" [_thread_in_native, id=6540, stack(0x0000006c21c00000,0x0000006c21d00000)]

Stack: [0x0000006c21c00000,0x0000006c21d00000],  sp=0x0000006c21cfee20,  free space=1019k
Native frames: (J=compiled Java code, j=interpreted, Vv=VM code, C=native code)
C  [gdx-box2d64.dll+0x1f8ac]

Java frames: (J=compiled Java code, j=interpreted, Vv=VM code)
j  com.badlogic.gdx.physics.box2d.World.jniDestroyBody(JJ)V+0
j  com.badlogic.gdx.physics.box2d.World.destroyBody(Lcom/badlogic/gdx/physics/box2d/Body;)V+42
j  com.mygdx.game.Entity.dispose()V+16
j  com.mygdx.game.MyGdxGame.dispose()V+82
j  com.badlogic.gdx.backends.lwjgl.LwjglApplication.mainLoop()V+924
j  com.badlogic.gdx.backends.lwjgl.LwjglApplication$1.run()V+27
v  ~StubRoutines::call_stub

siginfo: EXCEPTION_ACCESS_VIOLATION (0xc0000005), reading address 0x0000000000000000


Register to memory mapping:

RIP=0x0000000066b1f8ac gdx-box2d64.dll
RAX=0x0 is NULL
RBX=0x000001c85d0d64d0 points into unknown readable memory: 0x000001c841200000 | 00 00 20 41 c8 01 00 00
RCX=0x0 is NULL
RDX=0x000001c85d07e600 points into unknown readable memory: 0x000001c86b70ebf0 | f0 eb 70 6b c8 01 00 00
RSP=0x0000006c21cfee20 is pointing into the stack for thread: 0x000001c85c3e5500
RBP=0x0 is NULL
RSI=0x000001c85d07e600 points into unknown readable memory: 0x000001c86b70ebf0 | f0 eb 70 6b c8 01 00 00
RDI=0x000001c85d07e600 points into unknown readable memory: 0x000001c86b70ebf0 | f0 eb 70 6b c8 01 00 00
R8 =0x000001c85d07e600 points into unknown readable memory: 0x000001c86b70ebf0 | f0 eb 70 6b c8 01 00 00
R9 =0x000001c85d0d2b20 points into unknown readable memory: 0x0000003600000002 | 02 00 00 00 36 00 00 00
R10=0x000001c84005f148 is at code_begin+1000 in an Interpreter codelet
method entry point (kind = native)  [0x000001c84005ed60, 0x000001c84005f7e0]  2688 bytes
R11=0x0000000000000102 is an unknown value
R12=0x000001c85d0978a0 points into unknown readable memory: 0x0000000000000020 | 20 00 00 00 00 00 00 00
R13={method} {0x000001c85bad8680} 'jniDestroyBody' '(JJ)V' in 'com/badlogic/gdx/physics/box2d/World'
R14=0x0000006c21cff008 is pointing into the stack for thread: 0x000001c85c3e5500
R15=0x000001c85c3e5500 is a thread


Registers:
RAX=0x0000000000000000, RBX=0x000001c85d0d64d0, RCX=0x0000000000000000, RDX=0x000001c85d07e600
RSP=0x0000006c21cfee20, RBP=0x0000000000000000, RSI=0x000001c85d07e600, RDI=0x000001c85d07e600
R8 =0x000001c85d07e600, R9 =0x000001c85d0d2b20, R10=0x000001c84005f148, R11=0x0000000000000102
R12=0x000001c85d0978a0, R13=0x000001c85bad8678, R14=0x0000006c21cff008, R15=0x000001c85c3e5500
RIP=0x0000000066b1f8ac, EFLAGS=0x0000000000010246

Top of Stack: (sp=0x0000006c21cfee20)
0x0000006c21cfee20:   000001c85b8a60d0 000001c85c3e5500
0x0000006c21cfee30:   000001c85d0d64d0 000001c85d07e600
0x0000006c21cfee40:   000001c85d0d64d0 000001c85d07e600
0x0000006c21cfee50:   000001c85d0d2b20 0000000066b2162f
0x0000006c21cfee60:   0000000800bbb318 000001c85b8a60d0
0x0000006c21cfee70:   000001c85c3e5500 000001c85b8a60d0
0x0000006c21cfee80:   000001c85d07e600 000001c85d0d2b20
0x0000006c21cfee90:   000000000004feb6 0000006c21cfefc8
0x0000006c21cfeea0:   0000000000000000 0000000066b26a9d
0x0000006c21cfeeb0:   000001c85b8a29c8 000001c800000000
0x0000006c21cfeec0:   0000006c21cff138 0000006c21cff0e8
0x0000006c21cfeed0:   0000000066b487e0 000001c85c3e5828
0x0000006c21cfeee0:   0000006c21cff008 0000000000000000
0x0000006c21cfeef0:   0000000066b48840 000001c85c3e5828
0x0000006c21cfef00:   0000006c21cff008 00007ffac991eca4
0x0000006c21cfef10:   000001c85b8a60d0 000001c85bad8678 

Instructions: (pc=0x0000000066b1f8ac)
0x0000000066b1f7ac:   41 08 00 00 00 00 48 c7 41 28 00 00 00 00 c7 41
0x0000000066b1f7bc:   30 00 00 00 00 48 c7 41 18 00 00 00 00 c7 01 00
0x0000000066b1f7cc:   00 00 00 c3 55 57 56 53 48 83 ec 28 49 8b 41 08
0x0000000066b1f7dc:   f3 41 0f 10 41 10 48 89 cb 48 89 d5 f3 0f 11 41
0x0000000066b1f7ec:   20 4c 89 ce 48 89 41 40 41 8b 41 1e f3 41 0f 10
0x0000000066b1f7fc:   41 14 f3 0f 11 41 24 4c 89 41 10 48 c7 41 08 00
0x0000000066b1f80c:   00 00 00 89 41 34 41 0f b7 41 22 66 89 41 38 41
0x0000000066b1f81c:   0f b6 41 1c 88 41 3a 49 8b 09 48 8b 01 ff 50 10
0x0000000066b1f82c:   48 8b 10 48 89 c1 48 89 43 18 ff 52 18 89 c2 89
0x0000000066b1f83c:   c7 48 89 e9 c1 e2 05 e8 18 c3 fe ff 85 ff 48 89
0x0000000066b1f84c:   43 28 7e 27 8d 4f ff 48 8d 50 10 48 c1 e1 05 48
0x0000000066b1f85c:   8d 44 08 30 48 c7 02 00 00 00 00 c7 42 0c ff ff
0x0000000066b1f86c:   ff ff 48 83 c2 20 48 39 c2 75 e9 f3 0f 10 46 18
0x0000000066b1f87c:   c7 43 30 00 00 00 00 f3 0f 11 03 48 83 c4 28 5b
0x0000000066b1f88c:   5e 5f 5d c3 57 56 53 48 83 ec 20 8b 41 30 48 89
0x0000000066b1f89c:   cb 48 89 d7 85 c0 0f 85 a8 00 00 00 48 8b 4b 18
0x0000000066b1f8ac:   48 8b 01 ff 50 18 48 8b 53 28 c1 e0 05 48 89 f9
0x0000000066b1f8bc:   41 89 c0 e8 dc c4 fe ff 48 8b 73 18 48 c7 43 28
0x0000000066b1f8cc:   00 00 00 00 8b 46 08 83 f8 01 0f 84 94 00 00 00
0x0000000066b1f8dc:   0f 82 be 00 00 00 83 f8 02 74 39 83 f8 03 0f 85
0x0000000066b1f8ec:   e0 00 00 00 48 8b 06 48 89 f1 ff 10 41 b8 30 00
0x0000000066b1f8fc:   00 00 48 89 f2 48 89 f9 e8 97 c4 fe ff 48 c7 43
0x0000000066b1f90c:   18 00 00 00 00 48 83 c4 20 5b 5e 5f c3 0f 1f 80
0x0000000066b1f91c:   00 00 00 00 48 8b 06 48 89 f1 ff 10 41 b8 a0 00
0x0000000066b1f92c:   00 00 48 89 f2 48 89 f9 e8 67 c4 fe ff 48 c7 43
0x0000000066b1f93c:   18 00 00 00 00 48 83 c4 20 5b 5e 5f c3 0f 1f 80
0x0000000066b1f94c:   00 00 00 00 48 8d 15 d9 49 02 00 48 8d 0d 32 4a
0x0000000066b1f95c:   02 00 41 b8 48 00 00 00 e8 67 6c 01 00 e9 3a ff
0x0000000066b1f96c:   ff ff 66 90 48 8b 06 48 89 f1 ff 10 41 b8 38 00
0x0000000066b1f97c:   00 00 48 89 f2 48 89 f9 e8 17 c4 fe ff 48 c7 43
0x0000000066b1f98c:   18 00 00 00 00 48 83 c4 20 5b 5e 5f c3 0f 1f 80
0x0000000066b1f99c:   00 00 00 00 48 8b 06 48 89 f1 ff 10 41 b8 18 00 


Stack slot to memory mapping:
stack at sp + 0 slots: {method} {0x000001c85b8a60d8} 'dispose' '()V' in 'com/mygdx/game/Entity'
stack at sp + 1 slots: 0x000001c85c3e5500 is a thread
stack at sp + 2 slots: 0x000001c85d0d64d0 points into unknown readable memory: 0x000001c841200000 | 00 00 20 41 c8 01 00 00
stack at sp + 3 slots: 0x000001c85d07e600 points into unknown readable memory: 0x000001c86b70ebf0 | f0 eb 70 6b c8 01 00 00
stack at sp + 4 slots: 0x000001c85d0d64d0 points into unknown readable memory: 0x000001c841200000 | 00 00 20 41 c8 01 00 00
stack at sp + 5 slots: 0x000001c85d07e600 points into unknown readable memory: 0x000001c86b70ebf0 | f0 eb 70 6b c8 01 00 00
stack at sp + 6 slots: 0x000001c85d0d2b20 points into unknown readable memory: 0x0000003600000002 | 02 00 00 00 36 00 00 00
stack at sp + 7 slots: 0x0000000066b2162f gdx-box2d64.dll


---------------  P R O C E S S  ---------------

Threads class SMR info:
_java_thread_list=0x000001c86927d7a0, length=13, elements={
0x000001c85b421ec0, 0x000001c85b422fb0, 0x000001c85b43a370, 0x000001c85b43cc40,
0x000001c85b43d600, 0x000001c85b43f3b0, 0x000001c85b44b770, 0x000001c85bd11fa0,
0x000001c85be17140, 0x000001c85be1b930, 0x000001c85c3e5500, 0x000001c837b45310,
0x000001c868cdc0e0
}

Java Threads: ( => current thread )
  0x000001c85b421ec0 JavaThread "Reference Handler" daemon [_thread_blocked, id=10320, stack(0x0000006c20f00000,0x0000006c21000000)]
  0x000001c85b422fb0 JavaThread "Finalizer" daemon [_thread_blocked, id=2892, stack(0x0000006c21000000,0x0000006c21100000)]
  0x000001c85b43a370 JavaThread "Signal Dispatcher" daemon [_thread_blocked, id=11932, stack(0x0000006c21100000,0x0000006c21200000)]
  0x000001c85b43cc40 JavaThread "Attach Listener" daemon [_thread_blocked, id=10192, stack(0x0000006c21200000,0x0000006c21300000)]
  0x000001c85b43d600 JavaThread "Service Thread" daemon [_thread_blocked, id=17364, stack(0x0000006c21300000,0x0000006c21400000)]
  0x000001c85b43f3b0 JavaThread "C2 CompilerThread0" daemon [_thread_blocked, id=8156, stack(0x0000006c21400000,0x0000006c21500000)]
  0x000001c85b44b770 JavaThread "C1 CompilerThread0" daemon [_thread_blocked, id=12696, stack(0x0000006c21500000,0x0000006c21600000)]
  0x000001c85bd11fa0 JavaThread "Sweeper thread" daemon [_thread_blocked, id=4404, stack(0x0000006c21600000,0x0000006c21700000)]
  0x000001c85be17140 JavaThread "Notification Thread" daemon [_thread_blocked, id=3476, stack(0x0000006c21700000,0x0000006c21800000)]
  0x000001c85be1b930 JavaThread "Common-Cleaner" daemon [_thread_blocked, id=15508, stack(0x0000006c21900000,0x0000006c21a00000)]
=>0x000001c85c3e5500 JavaThread "LWJGL Application" [_thread_in_native, id=6540, stack(0x0000006c21c00000,0x0000006c21d00000)]
  0x000001c837b45310 JavaThread "DestroyJavaVM" [_thread_blocked, id=14792, stack(0x0000006c20800000,0x0000006c20900000)]
  0x000001c868cdc0e0 JavaThread "LWJGL Timer" daemon [_thread_blocked, id=232, stack(0x0000006c22300000,0x0000006c22400000)]

Other Threads:
  0x000001c85b420730 VMThread "VM Thread" [stack: 0x0000006c20e00000,0x0000006c20f00000] [id=10136]
  0x000001c85be17610 WatcherThread [stack: 0x0000006c21800000,0x0000006c21900000] [id=8212]
  0x000001c837b947c0 GCTaskThread "GC Thread#0" [stack: 0x0000006c20900000,0x0000006c20a00000] [id=5820]
  0x000001c85c75b270 GCTaskThread "GC Thread#1" [stack: 0x0000006c21d00000,0x0000006c21e00000] [id=16668]
  0x000001c85c75c8c0 GCTaskThread "GC Thread#2" [stack: 0x0000006c22400000,0x0000006c22500000] [id=9872]
  0x000001c85c75c590 GCTaskThread "GC Thread#3" [stack: 0x0000006c22500000,0x0000006c22600000] [id=1260]
  0x000001c85c759290 GCTaskThread "GC Thread#4" [stack: 0x0000006c22600000,0x0000006c22700000] [id=2388]
  0x000001c85c759c20 GCTaskThread "GC Thread#5" [stack: 0x0000006c22700000,0x0000006c22800000] [id=4780]
  0x000001c837ba76d0 ConcurrentGCThread "G1 Main Marker" [stack: 0x0000006c20a00000,0x0000006c20b00000] [id=13116]
  0x000001c837ba8250 ConcurrentGCThread "G1 Conc#0" [stack: 0x0000006c20b00000,0x0000006c20c00000] [id=11172]
  0x000001c837c0ec20 ConcurrentGCThread "G1 Refine#0" [stack: 0x0000006c20c00000,0x0000006c20d00000] [id=14684]
  0x000001c868d98520 ConcurrentGCThread "G1 Refine#1" [stack: 0x0000006c22800000,0x0000006c22900000] [id=10248]
  0x000001c868cefcc0 ConcurrentGCThread "G1 Refine#2" [stack: 0x0000006c22900000,0x0000006c22a00000] [id=12744]
  0x000001c85b31aa10 ConcurrentGCThread "G1 Young RemSet Sampling" [stack: 0x0000006c20d00000,0x0000006c20e00000] [id=11668]

Threads with active compile tasks:

VM state: not at safepoint (normal execution)

VM Mutex/Monitor currently owned by a thread: None

Heap address: 0x0000000702e00000, size: 4050 MB, Compressed Oops mode: Zero based, Oop shift amount: 3
CDS archive(s) mapped at: [0x0000000800000000-0x0000000800b50000-0x0000000800b50000), size 11862016, SharedBaseAddress: 0x0000000800000000, ArchiveRelocationMode: 0.
Compressed class space mapped at: 0x0000000800b50000-0x0000000840b50000, size: 1073741824
Narrow klass base: 0x0000000800000000, Narrow klass shift: 3, Narrow klass range: 0x100000000

GC Precious Log:
 CPUs: 8 total, 8 available
 Memory: 16198M
 Large Page Support: Disabled
 NUMA Support: Disabled
 Compressed Oops: Enabled (Zero based)
 Heap Region Size: 2M
 Heap Min Capacity: 8M
 Heap Initial Capacity: 254M
 Heap Max Capacity: 4050M
 Pre-touch: Disabled
 Parallel Workers: 8
 Concurrent Workers: 2
 Concurrent Refinement Workers: 8
 Periodic GC: Disabled

Heap:
 garbage-first heap   total 260096K, used 6834K [0x0000000702e00000, 0x0000000800000000)
  region size 2048K, 3 young (6144K), 2 survivors (4096K)
 Metaspace       used 5046K, capacity 8062K, committed 8448K, reserved 1056768K
  class space    used 331K, capacity 649K, committed 768K, reserved 1048576K

Heap Regions: E=young(eden), S=young(survivor), O=old, HS=humongous(starts), HC=humongous(continues), CS=collection set, F=free, OA=open archive, CA=closed archive, TAMS=top-at-mark-start (previous, next)
|   0|0x0000000702e00000, 0x0000000703000000, 0x0000000703000000|100%| O|  |TAMS 0x0000000702e00000, 0x0000000702e00000| Untracked 
|   1|0x0000000703000000, 0x00000007030ac800, 0x0000000703200000| 33%| O|  |TAMS 0x0000000703000000, 0x0000000703000000| Untracked 
|   2|0x0000000703200000, 0x0000000703200000, 0x0000000703400000|  0%| F|  |TAMS 0x0000000703200000, 0x0000000703200000| Untracked 
|   3|0x0000000703400000, 0x0000000703400000, 0x0000000703600000|  0%| F|  |TAMS 0x0000000703400000, 0x0000000703400000| Untracked 
|   4|0x0000000703600000, 0x0000000703600000, 0x0000000703800000|  0%| F|  |TAMS 0x0000000703600000, 0x0000000703600000| Untracked 
|   5|0x0000000703800000, 0x0000000703800000, 0x0000000703a00000|  0%| F|  |TAMS 0x0000000703800000, 0x0000000703800000| Untracked 
|   6|0x0000000703a00000, 0x0000000703a00000, 0x0000000703c00000|  0%| F|  |TAMS 0x0000000703a00000, 0x0000000703a00000| Untracked 
|   7|0x0000000703c00000, 0x0000000703c00000, 0x0000000703e00000|  0%| F|  |TAMS 0x0000000703c00000, 0x0000000703c00000| Untracked 
|   8|0x0000000703e00000, 0x0000000703e00000, 0x0000000704000000|  0%| F|  |TAMS 0x0000000703e00000, 0x0000000703e00000| Untracked 
|   9|0x0000000704000000, 0x0000000704000000, 0x0000000704200000|  0%| F|  |TAMS 0x0000000704000000, 0x0000000704000000| Untracked 
|  10|0x0000000704200000, 0x0000000704200000, 0x0000000704400000|  0%| F|  |TAMS 0x0000000704200000, 0x0000000704200000| Untracked 
|  11|0x0000000704400000, 0x0000000704400000, 0x0000000704600000|  0%| F|  |TAMS 0x0000000704400000, 0x0000000704400000| Untracked 
|  12|0x0000000704600000, 0x0000000704600000, 0x0000000704800000|  0%| F|  |TAMS 0x0000000704600000, 0x0000000704600000| Untracked 
|  13|0x0000000704800000, 0x0000000704800000, 0x0000000704a00000|  0%| F|  |TAMS 0x0000000704800000, 0x0000000704800000| Untracked 
|  14|0x0000000704a00000, 0x0000000704a00000, 0x0000000704c00000|  0%| F|  |TAMS 0x0000000704a00000, 0x0000000704a00000| Untracked 
|  15|0x0000000704c00000, 0x0000000704c00000, 0x0000000704e00000|  0%| F|  |TAMS 0x0000000704c00000, 0x0000000704c00000| Untracked 
|  16|0x0000000704e00000, 0x0000000704e00000, 0x0000000705000000|  0%| F|  |TAMS 0x0000000704e00000, 0x0000000704e00000| Untracked 
|  17|0x0000000705000000, 0x0000000705000000, 0x0000000705200000|  0%| F|  |TAMS 0x0000000705000000, 0x0000000705000000| Untracked 
|  18|0x0000000705200000, 0x0000000705200000, 0x0000000705400000|  0%| F|  |TAMS 0x0000000705200000, 0x0000000705200000| Untracked 
|  19|0x0000000705400000, 0x0000000705400000, 0x0000000705600000|  0%| F|  |TAMS 0x0000000705400000, 0x0000000705400000| Untracked 
|  20|0x0000000705600000, 0x0000000705600000, 0x0000000705800000|  0%| F|  |TAMS 0x0000000705600000, 0x0000000705600000| Untracked 
|  21|0x0000000705800000, 0x0000000705800000, 0x0000000705a00000|  0%| F|  |TAMS 0x0000000705800000, 0x0000000705800000| Untracked 
|  22|0x0000000705a00000, 0x0000000705a00000, 0x0000000705c00000|  0%| F|  |TAMS 0x0000000705a00000, 0x0000000705a00000| Untracked 
|  23|0x0000000705c00000, 0x0000000705c00000, 0x0000000705e00000|  0%| F|  |TAMS 0x0000000705c00000, 0x0000000705c00000| Untracked 
|  24|0x0000000705e00000, 0x0000000705e00000, 0x0000000706000000|  0%| F|  |TAMS 0x0000000705e00000, 0x0000000705e00000| Untracked 
|  25|0x0000000706000000, 0x0000000706000000, 0x0000000706200000|  0%| F|  |TAMS 0x0000000706000000, 0x0000000706000000| Untracked 
|  26|0x0000000706200000, 0x0000000706200000, 0x0000000706400000|  0%| F|  |TAMS 0x0000000706200000, 0x0000000706200000| Untracked 
|  27|0x0000000706400000, 0x0000000706400000, 0x0000000706600000|  0%| F|  |TAMS 0x0000000706400000, 0x0000000706400000| Untracked 
|  28|0x0000000706600000, 0x0000000706600000, 0x0000000706800000|  0%| F|  |TAMS 0x0000000706600000, 0x0000000706600000| Untracked 
|  29|0x0000000706800000, 0x0000000706800000, 0x0000000706a00000|  0%| F|  |TAMS 0x0000000706800000, 0x0000000706800000| Untracked 
|  30|0x0000000706a00000, 0x0000000706a00000, 0x0000000706c00000|  0%| F|  |TAMS 0x0000000706a00000, 0x0000000706a00000| Untracked 
|  31|0x0000000706c00000, 0x0000000706c00000, 0x0000000706e00000|  0%| F|  |TAMS 0x0000000706c00000, 0x0000000706c00000| Untracked 
|  32|0x0000000706e00000, 0x0000000706e00000, 0x0000000707000000|  0%| F|  |TAMS 0x0000000706e00000, 0x0000000706e00000| Untracked 
|  33|0x0000000707000000, 0x0000000707000000, 0x0000000707200000|  0%| F|  |TAMS 0x0000000707000000, 0x0000000707000000| Untracked 
|  34|0x0000000707200000, 0x0000000707200000, 0x0000000707400000|  0%| F|  |TAMS 0x0000000707200000, 0x0000000707200000| Untracked 
|  35|0x0000000707400000, 0x0000000707400000, 0x0000000707600000|  0%| F|  |TAMS 0x0000000707400000, 0x0000000707400000| Untracked 
|  36|0x0000000707600000, 0x0000000707600000, 0x0000000707800000|  0%| F|  |TAMS 0x0000000707600000, 0x0000000707600000| Untracked 
|  37|0x0000000707800000, 0x0000000707800000, 0x0000000707a00000|  0%| F|  |TAMS 0x0000000707800000, 0x0000000707800000| Untracked 
|  38|0x0000000707a00000, 0x0000000707a00000, 0x0000000707c00000|  0%| F|  |TAMS 0x0000000707a00000, 0x0000000707a00000| Untracked 
|  39|0x0000000707c00000, 0x0000000707c00000, 0x0000000707e00000|  0%| F|  |TAMS 0x0000000707c00000, 0x0000000707c00000| Untracked 
|  40|0x0000000707e00000, 0x0000000707e00000, 0x0000000708000000|  0%| F|  |TAMS 0x0000000707e00000, 0x0000000707e00000| Untracked 
|  41|0x0000000708000000, 0x0000000708000000, 0x0000000708200000|  0%| F|  |TAMS 0x0000000708000000, 0x0000000708000000| Untracked 
|  42|0x0000000708200000, 0x0000000708200000, 0x0000000708400000|  0%| F|  |TAMS 0x0000000708200000, 0x0000000708200000| Untracked 
|  43|0x0000000708400000, 0x0000000708400000, 0x0000000708600000|  0%| F|  |TAMS 0x0000000708400000, 0x0000000708400000| Untracked 
|  44|0x0000000708600000, 0x0000000708600000, 0x0000000708800000|  0%| F|  |TAMS 0x0000000708600000, 0x0000000708600000| Untracked 
|  45|0x0000000708800000, 0x0000000708800000, 0x0000000708a00000|  0%| F|  |TAMS 0x0000000708800000, 0x0000000708800000| Untracked 
|  46|0x0000000708a00000, 0x0000000708a00000, 0x0000000708c00000|  0%| F|  |TAMS 0x0000000708a00000, 0x0000000708a00000| Untracked 
|  47|0x0000000708c00000, 0x0000000708c00000, 0x0000000708e00000|  0%| F|  |TAMS 0x0000000708c00000, 0x0000000708c00000| Untracked 
|  48|0x0000000708e00000, 0x0000000708e00000, 0x0000000709000000|  0%| F|  |TAMS 0x0000000708e00000, 0x0000000708e00000| Untracked 
|  49|0x0000000709000000, 0x0000000709000000, 0x0000000709200000|  0%| F|  |TAMS 0x0000000709000000, 0x0000000709000000| Untracked 
|  50|0x0000000709200000, 0x0000000709200000, 0x0000000709400000|  0%| F|  |TAMS 0x0000000709200000, 0x0000000709200000| Untracked 
|  51|0x0000000709400000, 0x0000000709400000, 0x0000000709600000|  0%| F|  |TAMS 0x0000000709400000, 0x0000000709400000| Untracked 
|  52|0x0000000709600000, 0x0000000709600000, 0x0000000709800000|  0%| F|  |TAMS 0x0000000709600000, 0x0000000709600000| Untracked 
|  53|0x0000000709800000, 0x0000000709800000, 0x0000000709a00000|  0%| F|  |TAMS 0x0000000709800000, 0x0000000709800000| Untracked 
|  54|0x0000000709a00000, 0x0000000709a00000, 0x0000000709c00000|  0%| F|  |TAMS 0x0000000709a00000, 0x0000000709a00000| Untracked 
|  55|0x0000000709c00000, 0x0000000709c00000, 0x0000000709e00000|  0%| F|  |TAMS 0x0000000709c00000, 0x0000000709c00000| Untracked 
|  56|0x0000000709e00000, 0x0000000709e00000, 0x000000070a000000|  0%| F|  |TAMS 0x0000000709e00000, 0x0000000709e00000| Untracked 
|  57|0x000000070a000000, 0x000000070a000000, 0x000000070a200000|  0%| F|  |TAMS 0x000000070a000000, 0x000000070a000000| Untracked 
|  58|0x000000070a200000, 0x000000070a200000, 0x000000070a400000|  0%| F|  |TAMS 0x000000070a200000, 0x000000070a200000| Untracked 
|  59|0x000000070a400000, 0x000000070a400000, 0x000000070a600000|  0%| F|  |TAMS 0x000000070a400000, 0x000000070a400000| Untracked 
|  60|0x000000070a600000, 0x000000070a600000, 0x000000070a800000|  0%| F|  |TAMS 0x000000070a600000, 0x000000070a600000| Untracked 
|  61|0x000000070a800000, 0x000000070a800000, 0x000000070aa00000|  0%| F|  |TAMS 0x000000070a800000, 0x000000070a800000| Untracked 
|  62|0x000000070aa00000, 0x000000070aa00000, 0x000000070ac00000|  0%| F|  |TAMS 0x000000070aa00000, 0x000000070aa00000| Untracked 
|  63|0x000000070ac00000, 0x000000070ac00000, 0x000000070ae00000|  0%| F|  |TAMS 0x000000070ac00000, 0x000000070ac00000| Untracked 
|  64|0x000000070ae00000, 0x000000070ae00000, 0x000000070b000000|  0%| F|  |TAMS 0x000000070ae00000, 0x000000070ae00000| Untracked 
|  65|0x000000070b000000, 0x000000070b000000, 0x000000070b200000|  0%| F|  |TAMS 0x000000070b000000, 0x000000070b000000| Untracked 
|  66|0x000000070b200000, 0x000000070b200000, 0x000000070b400000|  0%| F|  |TAMS 0x000000070b200000, 0x000000070b200000| Untracked 
|  67|0x000000070b400000, 0x000000070b400000, 0x000000070b600000|  0%| F|  |TAMS 0x000000070b400000, 0x000000070b400000| Untracked 
|  68|0x000000070b600000, 0x000000070b600000, 0x000000070b800000|  0%| F|  |TAMS 0x000000070b600000, 0x000000070b600000| Untracked 
|  69|0x000000070b800000, 0x000000070b800000, 0x000000070ba00000|  0%| F|  |TAMS 0x000000070b800000, 0x000000070b800000| Untracked 
|  70|0x000000070ba00000, 0x000000070ba00000, 0x000000070bc00000|  0%| F|  |TAMS 0x000000070ba00000, 0x000000070ba00000| Untracked 
|  71|0x000000070bc00000, 0x000000070bc00000, 0x000000070be00000|  0%| F|  |TAMS 0x000000070bc00000, 0x000000070bc00000| Untracked 
|  72|0x000000070be00000, 0x000000070be00000, 0x000000070c000000|  0%| F|  |TAMS 0x000000070be00000, 0x000000070be00000| Untracked 
|  73|0x000000070c000000, 0x000000070c000000, 0x000000070c200000|  0%| F|  |TAMS 0x000000070c000000, 0x000000070c000000| Untracked 
|  74|0x000000070c200000, 0x000000070c200000, 0x000000070c400000|  0%| F|  |TAMS 0x000000070c200000, 0x000000070c200000| Untracked 
|  75|0x000000070c400000, 0x000000070c400000, 0x000000070c600000|  0%| F|  |TAMS 0x000000070c400000, 0x000000070c400000| Untracked 
|  76|0x000000070c600000, 0x000000070c600000, 0x000000070c800000|  0%| F|  |TAMS 0x000000070c600000, 0x000000070c600000| Untracked 
|  77|0x000000070c800000, 0x000000070c800000, 0x000000070ca00000|  0%| F|  |TAMS 0x000000070c800000, 0x000000070c800000| Untracked 
|  78|0x000000070ca00000, 0x000000070ca00000, 0x000000070cc00000|  0%| F|  |TAMS 0x000000070ca00000, 0x000000070ca00000| Untracked 
|  79|0x000000070cc00000, 0x000000070cc00000, 0x000000070ce00000|  0%| F|  |TAMS 0x000000070cc00000, 0x000000070cc00000| Untracked 
|  80|0x000000070ce00000, 0x000000070ce00000, 0x000000070d000000|  0%| F|  |TAMS 0x000000070ce00000, 0x000000070ce00000| Untracked 
|  81|0x000000070d000000, 0x000000070d000000, 0x000000070d200000|  0%| F|  |TAMS 0x000000070d000000, 0x000000070d000000| Untracked 
|  82|0x000000070d200000, 0x000000070d200000, 0x000000070d400000|  0%| F|  |TAMS 0x000000070d200000, 0x000000070d200000| Untracked 
|  83|0x000000070d400000, 0x000000070d400000, 0x000000070d600000|  0%| F|  |TAMS 0x000000070d400000, 0x000000070d400000| Untracked 
|  84|0x000000070d600000, 0x000000070d600000, 0x000000070d800000|  0%| F|  |TAMS 0x000000070d600000, 0x000000070d600000| Untracked 
|  85|0x000000070d800000, 0x000000070d800000, 0x000000070da00000|  0%| F|  |TAMS 0x000000070d800000, 0x000000070d800000| Untracked 
|  86|0x000000070da00000, 0x000000070da00000, 0x000000070dc00000|  0%| F|  |TAMS 0x000000070da00000, 0x000000070da00000| Untracked 
|  87|0x000000070dc00000, 0x000000070dc00000, 0x000000070de00000|  0%| F|  |TAMS 0x000000070dc00000, 0x000000070dc00000| Untracked 
|  88|0x000000070de00000, 0x000000070de00000, 0x000000070e000000|  0%| F|  |TAMS 0x000000070de00000, 0x000000070de00000| Untracked 
|  89|0x000000070e000000, 0x000000070e000000, 0x000000070e200000|  0%| F|  |TAMS 0x000000070e000000, 0x000000070e000000| Untracked 
|  90|0x000000070e200000, 0x000000070e200000, 0x000000070e400000|  0%| F|  |TAMS 0x000000070e200000, 0x000000070e200000| Untracked 
|  91|0x000000070e400000, 0x000000070e400000, 0x000000070e600000|  0%| F|  |TAMS 0x000000070e400000, 0x000000070e400000| Untracked 
|  92|0x000000070e600000, 0x000000070e600000, 0x000000070e800000|  0%| F|  |TAMS 0x000000070e600000, 0x000000070e600000| Untracked 
|  93|0x000000070e800000, 0x000000070e800000, 0x000000070ea00000|  0%| F|  |TAMS 0x000000070e800000, 0x000000070e800000| Untracked 
|  94|0x000000070ea00000, 0x000000070ea00000, 0x000000070ec00000|  0%| F|  |TAMS 0x000000070ea00000, 0x000000070ea00000| Untracked 
|  95|0x000000070ec00000, 0x000000070ec00000, 0x000000070ee00000|  0%| F|  |TAMS 0x000000070ec00000, 0x000000070ec00000| Untracked 
|  96|0x000000070ee00000, 0x000000070ee00000, 0x000000070f000000|  0%| F|  |TAMS 0x000000070ee00000, 0x000000070ee00000| Untracked 
|  97|0x000000070f000000, 0x000000070f000000, 0x000000070f200000|  0%| F|  |TAMS 0x000000070f000000, 0x000000070f000000| Untracked 
|  98|0x000000070f200000, 0x000000070f200000, 0x000000070f400000|  0%| F|  |TAMS 0x000000070f200000, 0x000000070f200000| Untracked 
|  99|0x000000070f400000, 0x000000070f400000, 0x000000070f600000|  0%| F|  |TAMS 0x000000070f400000, 0x000000070f400000| Untracked 
| 100|0x000000070f600000, 0x000000070f600000, 0x000000070f800000|  0%| F|  |TAMS 0x000000070f600000, 0x000000070f600000| Untracked 
| 101|0x000000070f800000, 0x000000070f800000, 0x000000070fa00000|  0%| F|  |TAMS 0x000000070f800000, 0x000000070f800000| Untracked 
| 102|0x000000070fa00000, 0x000000070fa00000, 0x000000070fc00000|  0%| F|  |TAMS 0x000000070fa00000, 0x000000070fa00000| Untracked 
| 103|0x000000070fc00000, 0x000000070fc00000, 0x000000070fe00000|  0%| F|  |TAMS 0x000000070fc00000, 0x000000070fc00000| Untracked 
| 104|0x000000070fe00000, 0x000000070fe00000, 0x0000000710000000|  0%| F|  |TAMS 0x000000070fe00000, 0x000000070fe00000| Untracked 
| 105|0x0000000710000000, 0x0000000710000000, 0x0000000710200000|  0%| F|  |TAMS 0x0000000710000000, 0x0000000710000000| Untracked 
| 106|0x0000000710200000, 0x0000000710200000, 0x0000000710400000|  0%| F|  |TAMS 0x0000000710200000, 0x0000000710200000| Untracked 
| 107|0x0000000710400000, 0x0000000710400000, 0x0000000710600000|  0%| F|  |TAMS 0x0000000710400000, 0x0000000710400000| Untracked 
| 108|0x0000000710600000, 0x0000000710600000, 0x0000000710800000|  0%| F|  |TAMS 0x0000000710600000, 0x0000000710600000| Untracked 
| 109|0x0000000710800000, 0x0000000710800000, 0x0000000710a00000|  0%| F|  |TAMS 0x0000000710800000, 0x0000000710800000| Untracked 
| 110|0x0000000710a00000, 0x0000000710a00000, 0x0000000710c00000|  0%| F|  |TAMS 0x0000000710a00000, 0x0000000710a00000| Untracked 
| 111|0x0000000710c00000, 0x0000000710c00000, 0x0000000710e00000|  0%| F|  |TAMS 0x0000000710c00000, 0x0000000710c00000| Untracked 
| 112|0x0000000710e00000, 0x0000000710e00000, 0x0000000711000000|  0%| F|  |TAMS 0x0000000710e00000, 0x0000000710e00000| Untracked 
| 113|0x0000000711000000, 0x0000000711000000, 0x0000000711200000|  0%| F|  |TAMS 0x0000000711000000, 0x0000000711000000| Untracked 
| 114|0x0000000711200000, 0x0000000711400000, 0x0000000711400000|100%| S|CS|TAMS 0x0000000711200000, 0x0000000711200000| Complete 
| 115|0x0000000711400000, 0x0000000711600000, 0x0000000711600000|100%| S|CS|TAMS 0x0000000711400000, 0x0000000711400000| Complete 
| 116|0x0000000711600000, 0x0000000711600000, 0x0000000711800000|  0%| F|  |TAMS 0x0000000711600000, 0x0000000711600000| Untracked 
| 117|0x0000000711800000, 0x0000000711800000, 0x0000000711a00000|  0%| F|  |TAMS 0x0000000711800000, 0x0000000711800000| Untracked 
| 118|0x0000000711a00000, 0x0000000711a00000, 0x0000000711c00000|  0%| F|  |TAMS 0x0000000711a00000, 0x0000000711a00000| Untracked 
| 119|0x0000000711c00000, 0x0000000711c00000, 0x0000000711e00000|  0%| F|  |TAMS 0x0000000711c00000, 0x0000000711c00000| Untracked 
| 120|0x0000000711e00000, 0x0000000711e00000, 0x0000000712000000|  0%| F|  |TAMS 0x0000000711e00000, 0x0000000711e00000| Untracked 
| 121|0x0000000712000000, 0x0000000712000000, 0x0000000712200000|  0%| F|  |TAMS 0x0000000712000000, 0x0000000712000000| Untracked 
| 122|0x0000000712200000, 0x0000000712200000, 0x0000000712400000|  0%| F|  |TAMS 0x0000000712200000, 0x0000000712200000| Untracked 
| 123|0x0000000712400000, 0x0000000712400000, 0x0000000712600000|  0%| F|  |TAMS 0x0000000712400000, 0x0000000712400000| Untracked 
| 124|0x0000000712600000, 0x0000000712600000, 0x0000000712800000|  0%| F|  |TAMS 0x0000000712600000, 0x0000000712600000| Untracked 
| 125|0x0000000712800000, 0x0000000712800000, 0x0000000712a00000|  0%| F|  |TAMS 0x0000000712800000, 0x0000000712800000| Untracked 
| 126|0x0000000712a00000, 0x0000000712c00000, 0x0000000712c00000|100%| E|  |TAMS 0x0000000712a00000, 0x0000000712a00000| Complete 

Card table byte_map: [0x000001c84fb70000,0x000001c850360000] _byte_map_base: 0x000001c84c359000

Marking Bits (Prev, Next): (CMBitMap*) 0x000001c837b96f60, (CMBitMap*) 0x000001c837b96fa0
 Prev Bits: [0x000001c850b50000, 0x000001c854a98000)
 Next Bits: [0x000001c854aa0000, 0x000001c8589e8000)

Polling page: 0x000001c837310000

Metaspace:

Usage:
  Non-class:      7.24 MB capacity,     4.60 MB ( 64%) used,     2.63 MB ( 36%) free+waste,     3.63 KB ( <1%) overhead. 
      Class:    649.00 KB capacity,   331.41 KB ( 51%) used,   316.72 KB ( 49%) free+waste,   896 bytes ( <1%) overhead. 
       Both:      7.87 MB capacity,     4.93 MB ( 63%) used,     2.94 MB ( 37%) free+waste,     4.50 KB ( <1%) overhead. 

Virtual space:
  Non-class space:        8.00 MB reserved,       7.50 MB ( 94%) committed 
      Class space:        1.00 GB reserved,     768.00 KB ( <1%) committed 
             Both:        1.01 GB reserved,       8.25 MB ( <1%) committed 

Chunk freelists:
   Non-Class:  139.00 KB
       Class:  23.00 KB
        Both:  162.00 KB

MaxMetaspaceSize: 17179869184.00 GB
CompressedClassSpaceSize: 1.00 GB

CodeHeap 'non-profiled nmethods': size=120000Kb used=694Kb max_used=694Kb free=119305Kb
 bounds [0x000001c847b20000, 0x000001c847d90000, 0x000001c84f050000]
CodeHeap 'profiled nmethods': size=120000Kb used=2291Kb max_used=2291Kb free=117708Kb
 bounds [0x000001c8405f0000, 0x000001c840860000, 0x000001c847b20000]
CodeHeap 'non-nmethods': size=5760Kb used=1288Kb max_used=1340Kb free=4472Kb
 bounds [0x000001c840050000, 0x000001c8402c0000, 0x000001c8405f0000]
 total_blobs=1951 nmethods=1370 adapters=494
 compilation: enabled
              stopped_count=0, restarted_count=0
 full_count=0

Compilation events (20 events):
Event: 48.787 Thread 0x000001c85b44b770 nmethod 1360 0x000001c840820310 code [0x000001c840820660, 0x000001c840821798]
Event: 48.818 Thread 0x000001c85b43f3b0 1361       4       com.badlogic.gdx.physics.box2d.World::preSolve (41 bytes)
Event: 48.821 Thread 0x000001c85b43f3b0 nmethod 1361 0x000001c847bc8990 code [0x000001c847bc8b20, 0x000001c847bc8c28]
Event: 49.399 Thread 0x000001c85b44b770 1362       3       com.mygdx.game.Entity::updateReflection (726 bytes)
Event: 49.411 Thread 0x000001c85b44b770 nmethod 1362 0x000001c840821e10 code [0x000001c840822600, 0x000001c840827838]
Event: 49.532 Thread 0x000001c85b43f3b0 1364       4       com.mygdx.game.Player$2::<init> (15 bytes)
Event: 49.532 Thread 0x000001c85b44b770 1363       3       com.mygdx.game.Player::onGround (249 bytes)
Event: 49.537 Thread 0x000001c85b44b770 nmethod 1363 0x000001c840829710 code [0x000001c840829ae0, 0x000001c84082b2a8]
Event: 49.538 Thread 0x000001c85b43f3b0 nmethod 1364 0x000001c847bc8d90 code [0x000001c847bc8f00, 0x000001c847bc9138]
Event: 50.084 Thread 0x000001c85b43f3b0 1365       4       com.badlogic.gdx.physics.box2d.World::postSolve (41 bytes)
Event: 50.087 Thread 0x000001c85b43f3b0 nmethod 1365 0x000001c847bc9190 code [0x000001c847bc9320, 0x000001c847bc9428]
Event: 51.033 Thread 0x000001c85b43f3b0 1366       4       java.util.HashMap::putVal (300 bytes)
Event: 51.070 Thread 0x000001c85b43f3b0 nmethod 1366 0x000001c847bc9590 code [0x000001c847bc97a0, 0x000001c847bca2d0]
Event: 51.981 Thread 0x000001c85b43f3b0 1367       4       org.lwjgl.opengl.WindowsMouse::poll (222 bytes)
Event: 52.019 Thread 0x000001c85b43f3b0 nmethod 1367 0x000001c847bca990 code [0x000001c847bcab40, 0x000001c847bcb398]
Event: 52.784 Thread 0x000001c85b43f3b0 1368       4       com.badlogic.gdx.physics.box2d.Box2DDebugRenderer::renderBody (102 bytes)
Event: 52.821 Thread 0x000001c85b43f3b0 nmethod 1368 0x000001c847bcb890 code [0x000001c847bcbb40, 0x000001c847bccc18]
Event: 54.516 Thread 0x000001c85b44b770 1369       3       java.util.jar.JavaUtilJarAccessImpl::getTrustedAttributes (6 bytes)
Event: 54.517 Thread 0x000001c85b44b770 nmethod 1369 0x000001c84082bc90 code [0x000001c84082be40, 0x000001c84082bf88]
Event: 54.518 Thread 0x000001c85b44b770 1370       3       java.util.jar.Manifest::getTrustedAttributes (57 bytes)

GC Heap History (2 events):
Event: 36.457 GC heap before
{Heap before GC invocations=0 (full 0):
 garbage-first heap   total 260096K, used 20480K [0x0000000702e00000, 0x0000000800000000)
  region size 2048K, 11 young (22528K), 0 survivors (0K)
 Metaspace       used 4998K, capacity 8062K, committed 8448K, reserved 1056768K
  class space    used 329K, capacity 649K, committed 768K, reserved 1048576K
}
Event: 36.464 GC heap after
{Heap after GC invocations=1 (full 0):
 garbage-first heap   total 260096K, used 6834K [0x0000000702e00000, 0x0000000800000000)
  region size 2048K, 2 young (4096K), 2 survivors (4096K)
 Metaspace       used 4998K, capacity 8062K, committed 8448K, reserved 1056768K
  class space    used 329K, capacity 649K, committed 768K, reserved 1048576K
}

Deoptimization events (20 events):
Event: 48.325 Thread 0x000001c85c3e5500 Uncommon trap: trap_request=0xffffff45 fr.pc=0x000001c847bc8460 relative=0x0000000000000140
Event: 48.325 Thread 0x000001c85c3e5500 Uncommon trap: reason=unstable_if action=reinterpret pc=0x000001c847bc8460 method=com.mygdx.game.Entity.updateReflection(Lcom/mygdx/game/Portals;)V @ 29 c2
Event: 48.325 Thread 0x000001c85c3e5500 DEOPT PACKING pc=0x000001c847bc8460 sp=0x0000006c21cff030
Event: 48.325 Thread 0x000001c85c3e5500 DEOPT UNPACKING pc=0x000001c84009e42f sp=0x0000006c21cfef90 mode 2
Event: 48.365 Thread 0x000001c85c3e5500 Uncommon trap: trap_request=0xffffff3d fr.pc=0x000001c847b9fdd4 relative=0x0000000000004754
Event: 48.365 Thread 0x000001c85c3e5500 Uncommon trap: reason=unstable_fused_if action=reinterpret pc=0x000001c847b9fdd4 method=com.badlogic.gdx.utils.Array.ensureCapacity(I)[Ljava/lang/Object; @ 1 c2
Event: 48.365 Thread 0x000001c85c3e5500 DEOPT PACKING pc=0x000001c847b9fdd4 sp=0x0000006c21cfefc0
Event: 48.365 Thread 0x000001c85c3e5500 DEOPT UNPACKING pc=0x000001c84009e42f sp=0x0000006c21cfeef0 mode 2
Event: 48.365 Thread 0x000001c85c3e5500 Uncommon trap: trap_request=0xffffff45 fr.pc=0x000001c847b85568 relative=0x0000000000000548
Event: 48.365 Thread 0x000001c85c3e5500 Uncommon trap: reason=unstable_if action=reinterpret pc=0x000001c847b85568 method=com.badlogic.gdx.utils.Array.iterator()Lcom/badlogic/gdx/utils/Array$ArrayIterator; @ 20 c2
Event: 48.365 Thread 0x000001c85c3e5500 DEOPT PACKING pc=0x000001c847b85568 sp=0x0000006c21cfef80
Event: 48.365 Thread 0x000001c85c3e5500 DEOPT UNPACKING pc=0x000001c84009e42f sp=0x0000006c21cfeee0 mode 2
Event: 48.365 Thread 0x000001c85c3e5500 Uncommon trap: trap_request=0xffffff45 fr.pc=0x000001c847b826f0 relative=0x00000000000000d0
Event: 48.365 Thread 0x000001c85c3e5500 Uncommon trap: reason=unstable_if action=reinterpret pc=0x000001c847b826f0 method=com.badlogic.gdx.utils.Array$ArrayIterable.iterator()Lcom/badlogic/gdx/utils/Array$ArrayIterator; @ 26 c2
Event: 48.365 Thread 0x000001c85c3e5500 DEOPT PACKING pc=0x000001c847b826f0 sp=0x0000006c21cfeed0
Event: 48.365 Thread 0x000001c85c3e5500 DEOPT UNPACKING pc=0x000001c84009e42f sp=0x0000006c21cfee70 mode 2
Event: 48.499 Thread 0x000001c85c3e5500 Uncommon trap: trap_request=0xffffff45 fr.pc=0x000001c847bc4e48 relative=0x0000000000000a28
Event: 48.499 Thread 0x000001c85c3e5500 Uncommon trap: reason=unstable_if action=reinterpret pc=0x000001c847bc4e48 method=com.mygdx.game.Player.onGround()Z @ 64 c2
Event: 48.499 Thread 0x000001c85c3e5500 DEOPT PACKING pc=0x000001c847bc4e48 sp=0x0000006c21cfeef0
Event: 48.499 Thread 0x000001c85c3e5500 DEOPT UNPACKING pc=0x000001c84009e42f sp=0x0000006c21cfee98 mode 2

Classes unloaded (0 events):
No events

Classes redefined (0 events):
No events

Internal exceptions (3 events):
Event: 41.229 Thread 0x000001c85c3e5500 Implicit null exception at 0x000001c847b7dc60 to 0x000001c847b7eadc
Event: 48.365 Thread 0x000001c85c3e5500 Implicit null exception at 0x000001c847b850a6 to 0x000001c847b85540
Event: 48.365 Thread 0x000001c85c3e5500 Implicit null exception at 0x000001c847b8266c to 0x000001c847b826e0

Events (20 events):
Event: 2.774 Loaded shared library C:\Users\StefanieZuccarini\AppData\Local\Temp\libgdxStefanieZuccarini\1cecf4f6\lwjgl64.dll
Event: 2.915 Loaded shared library C:\Program Files\Zulu\zulu-15\bin\java.dll
Event: 3.024 Loaded shared library C:\Users\StefanieZuccarini\AppData\Local\Temp\libgdxStefanieZuccarini\1cecf4f6\lwjgl64.dll
Event: 3.205 Loaded shared library C:\Users\StefanieZuccarini\AppData\Local\Temp\libgdxStefanieZuccarini\1cecf4f6\lwjgl64.dll
Event: 3.442 Loaded shared library C:\Users\StefanieZuccarini\AppData\Local\Temp\libgdxStefanieZuccarini\1cecf4f6\lwjgl64.dll
Event: 3.444 Loaded shared library C:\Users\StefanieZuccarini\AppData\Local\Temp\libgdxStefanieZuccarini\1cecf4f6\lwjgl64.dll
Event: 3.506 Loaded shared library C:\Users\StefanieZuccarini\AppData\Local\Temp\libgdxStefanieZuccarini\1cecf4f6\lwjgl64.dll
Event: 3.789 Loaded shared library C:\Users\StefanieZuccarini\AppData\Local\Temp\libgdxStefanieZuccarini\1cecf4f6\lwjgl64.dll
Event: 3.821 Loaded shared library C:\Program Files\Zulu\zulu-15\bin\java.dll
Event: 3.822 Loaded shared library C:\Users\StefanieZuccarini\AppData\Local\Temp\libgdxStefanieZuccarini\1cecf4f6\lwjgl64.dll
Event: 3.823 Loaded shared library C:\Users\StefanieZuccarini\AppData\Local\Temp\libgdxStefanieZuccarini\1cecf4f6\lwjgl64.dll
Event: 5.222 Loaded shared library C:\Users\StefanieZuccarini\AppData\Local\Temp\libgdxStefanieZuccarini\1cecf4f6\lwjgl64.dll
Event: 5.422 Loaded shared library C:\Program Files\Zulu\zulu-15\bin\java.dll
Event: 6.455 Loaded shared library C:\Users\StefanieZuccarini\AppData\Local\Temp\libgdxStefanieZuccarini\1cecf4f6\lwjgl64.dll
Event: 10.723 Loaded shared library C:\Users\StefanieZuccarini\AppData\Local\Temp\libgdxStefanieZuccarini\e1cd32f8\gdx64.dll
Event: 10.739 Loaded shared library C:\Users\StefanieZuccarini\AppData\Local\Temp\libgdxStefanieZuccarini\1cecf4f6\lwjgl64.dll
Event: 10.741 Loaded shared library C:\Users\StefanieZuccarini\AppData\Local\Temp\libgdxStefanieZuccarini\1cecf4f6\lwjgl64.dll
Event: 36.457 Executing VM operation: G1CollectForAllocation
Event: 36.464 Executing VM operation: G1CollectForAllocation done
Event: 39.760 Loaded shared library C:\Users\StefanieZuccarini\AppData\Local\Temp\libgdxStefanieZuccarini\1cecf4f6\lwjgl64.dll


Dynamic libraries:
0x00007ff69fe20000 - 0x00007ff69fe2d000 	C:\Program Files\Zulu\zulu-15\bin\java.exe
0x00007ffb5fea0000 - 0x00007ffb60090000 	C:\Windows\SYSTEM32\ntdll.dll
0x00007ffb5ed60000 - 0x00007ffb5ee12000 	C:\Windows\System32\KERNEL32.DLL
0x00007ffb5d050000 - 0x00007ffb5d2f5000 	C:\Windows\System32\KERNELBASE.dll
0x00007ffb5d680000 - 0x00007ffb5d77a000 	C:\Windows\System32\ucrtbase.dll
0x00007ffb2fe70000 - 0x00007ffb2fe88000 	C:\Program Files\Zulu\zulu-15\bin\jli.dll
0x00007ffb2faa0000 - 0x00007ffb2fab5000 	C:\Program Files\Zulu\zulu-15\bin\VCRUNTIME140.dll
0x00007ffb5e290000 - 0x00007ffb5e424000 	C:\Windows\System32\USER32.dll
0x00007ffb5c1e0000 - 0x00007ffb5c464000 	C:\Windows\WinSxS\amd64_microsoft.windows.common-controls_6595b64144ccf1df_6.0.18362.1139_none_9e7bf2d3e4605ac6\COMCTL32.dll
0x00007ffb5d300000 - 0x00007ffb5d321000 	C:\Windows\System32\win32u.dll
0x00007ffb5fb00000 - 0x00007ffb5fb9e000 	C:\Windows\System32\msvcrt.dll
0x00007ffb5e260000 - 0x00007ffb5e286000 	C:\Windows\System32\GDI32.dll
0x00007ffb5f680000 - 0x00007ffb5f9b5000 	C:\Windows\System32\combase.dll
0x00007ffb5d360000 - 0x00007ffb5d4f6000 	C:\Windows\System32\gdi32full.dll
0x00007ffb5fca0000 - 0x00007ffb5fdc0000 	C:\Windows\System32\RPCRT4.dll
0x00007ffb5d580000 - 0x00007ffb5d61e000 	C:\Windows\System32\msvcp_win.dll
0x00007ffb5d500000 - 0x00007ffb5d580000 	C:\Windows\System32\bcryptPrimitives.dll
0x00007ffb5fba0000 - 0x00007ffb5fbce000 	C:\Windows\System32\IMM32.DLL
0x00007ffb08e20000 - 0x00007ffb08ebb000 	C:\Program Files\Zulu\zulu-15\bin\msvcp140.dll
0x00007ffac95f0000 - 0x00007ffaca182000 	C:\Program Files\Zulu\zulu-15\bin\server\jvm.dll
0x00007ffb5e920000 - 0x00007ffb5e9c3000 	C:\Windows\System32\ADVAPI32.dll
0x00007ffb5eb00000 - 0x00007ffb5eb97000 	C:\Windows\System32\sechost.dll
0x00007ffb5fdc0000 - 0x00007ffb5fdc8000 	C:\Windows\System32\PSAPI.DLL
0x00007ffb50da0000 - 0x00007ffb50daa000 	C:\Windows\SYSTEM32\VERSION.dll
0x00007ffb3f280000 - 0x00007ffb3f289000 	C:\Windows\SYSTEM32\WSOCK32.dll
0x00007ffb590e0000 - 0x00007ffb59104000 	C:\Windows\SYSTEM32\WINMM.dll
0x000001c8372a0000 - 0x000001c83730f000 	C:\Windows\System32\ws2_32.DLL
0x00007ffb590b0000 - 0x00007ffb590dd000 	C:\Windows\SYSTEM32\WINMMBASE.dll
0x00007ffb5d780000 - 0x00007ffb5d7ca000 	C:\Windows\System32\cfgmgr32.dll
0x00007ffb5ce10000 - 0x00007ffb5ce21000 	C:\Windows\System32\kernel.appcore.dll
0x00007ffb461c0000 - 0x00007ffb461ca000 	C:\Program Files\Zulu\zulu-15\bin\jimage.dll
0x00007ffb5c830000 - 0x00007ffb5ca24000 	C:\Windows\SYSTEM32\DBGHELP.DLL
0x00007ffb5c5d0000 - 0x00007ffb5c5fa000 	C:\Windows\SYSTEM32\dbgcore.DLL
0x00007ffb2c2b0000 - 0x00007ffb2c2d5000 	C:\Program Files\Zulu\zulu-15\bin\java.dll
0x00007ffb5ee80000 - 0x00007ffb5f567000 	C:\Windows\System32\SHELL32.dll
0x00007ffb5e9d0000 - 0x00007ffb5ea79000 	C:\Windows\System32\shcore.dll
0x00007ffb5d7d0000 - 0x00007ffb5df50000 	C:\Windows\System32\windows.storage.dll
0x00007ffb5cdc0000 - 0x00007ffb5cde3000 	C:\Windows\System32\profapi.dll
0x00007ffb5cd70000 - 0x00007ffb5cdba000 	C:\Windows\System32\powrprof.dll
0x00007ffb5cd60000 - 0x00007ffb5cd70000 	C:\Windows\System32\UMPDC.dll
0x00007ffb5ed00000 - 0x00007ffb5ed52000 	C:\Windows\System32\shlwapi.dll
0x00007ffb5ce30000 - 0x00007ffb5ce47000 	C:\Windows\System32\cryptsp.dll
0x00007ffb2fa80000 - 0x00007ffb2fa99000 	C:\Program Files\Zulu\zulu-15\bin\net.dll
0x00007ffb56b70000 - 0x00007ffb56c60000 	C:\Windows\SYSTEM32\WINHTTP.dll
0x00007ffb5bf30000 - 0x00007ffb5bf97000 	C:\Windows\system32\mswsock.dll
0x00007ffb2c290000 - 0x00007ffb2c2a2000 	C:\Program Files\Zulu\zulu-15\bin\nio.dll
0x00007ffb2c270000 - 0x00007ffb2c288000 	C:\Program Files\Zulu\zulu-15\bin\zip.dll
0x000000006e700000 - 0x000000006e72a000 	C:\Users\StefanieZuccarini\AppData\Local\Temp\libgdxStefanieZuccarini\e1cd32f8\gdx64.dll
0x00007ffb45d10000 - 0x00007ffb45d20000 	C:\Program Files\Zulu\zulu-15\bin\verify.dll
0x0000000180000000 - 0x0000000180053000 	C:\Users\StefanieZuccarini\AppData\Local\Temp\libgdxStefanieZuccarini\1cecf4f6\lwjgl64.dll
0x00007ffb28fc0000 - 0x00007ffb29116000 	C:\Windows\SYSTEM32\OPENGL32.dll
0x00007ffb2ec00000 - 0x00007ffb2ec2c000 	C:\Windows\SYSTEM32\GLU32.dll
0x00007ffb5b0d0000 - 0x00007ffb5b0f0000 	C:\Windows\SYSTEM32\dxcore.dll
0x000001c85c9b0000 - 0x000001c85ca14000 	C:\Users\STEFAN~1\AppData\Local\Temp\libgdxStefanieZuccarini\1cecf4f6\OpenAL64.dll
0x00007ffb5e100000 - 0x00007ffb5e257000 	C:\Windows\System32\ole32.dll
0x00007ffb5a780000 - 0x00007ffb5a819000 	C:\Windows\system32\uxtheme.dll
0x00007ffb5f5d0000 - 0x00007ffb5f672000 	C:\Windows\System32\clbcatq.dll
0x00007ffb08d80000 - 0x00007ffb08e19000 	C:\Windows\SYSTEM32\dsound.dll
0x00007ffb4c010000 - 0x00007ffb4c082000 	C:\Windows\System32\MMDevApi.dll
0x00007ffb5cb50000 - 0x00007ffb5cb7a000 	C:\Windows\System32\DEVOBJ.dll
0x00007ffb4a190000 - 0x00007ffb4a2ed000 	C:\Windows\SYSTEM32\AUDIOSES.DLL
0x00007ffb5eba0000 - 0x00007ffb5ec65000 	C:\Windows\System32\OLEAUT32.dll
0x00007ffb57f20000 - 0x00007ffb58073000 	C:\Windows\SYSTEM32\wintypes.dll
0x00007ffb573f0000 - 0x00007ffb5749e000 	C:\Windows\SYSTEM32\mscms.dll
0x00007ffb573d0000 - 0x00007ffb573e7000 	C:\Windows\SYSTEM32\ColorAdapterClient.dll
0x00007ffb5cc80000 - 0x00007ffb5cca5000 	C:\Windows\SYSTEM32\USERENV.dll
0x00007ffb478f0000 - 0x00007ffb4790a000 	C:\Windows\System32\Windows.Internal.Graphics.Display.DisplayColorManagement.dll
0x00007ffb5f9c0000 - 0x00007ffb5faf5000 	C:\Windows\System32\MSCTF.dll
0x00007ffb3d270000 - 0x00007ffb3d30e000 	C:\Windows\System32\TextInputFramework.dll
0x00007ffb58160000 - 0x00007ffb5848a000 	C:\Windows\System32\CoreUIComponents.dll
0x00007ffb5a3b0000 - 0x00007ffb5a484000 	C:\Windows\System32\CoreMessaging.dll
0x00007ffb5cb10000 - 0x00007ffb5cb41000 	C:\Windows\SYSTEM32\ntmarta.dll
0x00007ffb3ae30000 - 0x00007ffb3b0d7000 	C:\Windows\System32\iertutil.dll
0x00007ffac86d0000 - 0x00007ffac95e7000 	C:\Windows\System32\DriverStore\FileRepository\iigd_dch.inf_amd64_dc945736c722f2b5\ig9icd64.dll
0x00007ffb5ab00000 - 0x00007ffb5ab2d000 	C:\Windows\system32\dwmapi.dll
0x00007ffb5b160000 - 0x00007ffb5b24b000 	C:\Windows\system32\dxgi.dll
0x00007ffb536b0000 - 0x00007ffb53854000 	C:\Windows\System32\DriverStore\FileRepository\iigd_dch.inf_amd64_dc945736c722f2b5\igdgmm64.dll
0x00007ffb1cf10000 - 0x00007ffb1cf53000 	C:\Windows\SYSTEM32\icm32.dll
0x00007fface460000 - 0x00007fface7bb000 	C:\Windows\System32\DriverStore\FileRepository\iigd_dch.inf_amd64_dc945736c722f2b5\igdml64.dll
0x00007ffb510a0000 - 0x00007ffb536a1000 	C:\Windows\System32\DriverStore\FileRepository\iigd_dch.inf_amd64_dc945736c722f2b5\igc64.dll
0x0000000066b00000 - 0x0000000066b5b000 	C:\Users\StefanieZuccarini\AppData\Local\Temp\libgdxStefanieZuccarini\a14961b7\gdx-box2d64.dll

dbghelp: loaded successfully - version: 4.0.5 - missing functions: none
symbol engine: initialized successfully - sym options: 0x614 - pdb path: .;C:\Program Files\Zulu\zulu-15\bin;C:\Windows\SYSTEM32;C:\Windows\WinSxS\amd64_microsoft.windows.common-controls_6595b64144ccf1df_6.0.18362.1139_none_9e7bf2d3e4605ac6;C:\Program Files\Zulu\zulu-15\bin\server;C:\Users\StefanieZuccarini\AppData\Local\Temp\libgdxStefanieZuccarini\e1cd32f8;C:\Users\StefanieZuccarini\AppData\Local\Temp\libgdxStefanieZuccarini\1cecf4f6;C:\Users\STEFAN~1\AppData\Local\Temp\libgdxStefanieZuccarini\1cecf4f6;C:\Windows\System32\DriverStore\FileRepository\iigd_dch.inf_amd64_dc945736c722f2b5;C:\Users\StefanieZuccarini\AppData\Local\Temp\libgdxStefanieZuccarini\a14961b7

VM Arguments:
jvm_args: -Dfile.encoding=windows-1252 -Duser.country=CA -Duser.language=en -Duser.variant 
java_command: com.mygdx.game.desktop.DesktopLauncher
java_class_path (initial): C:\Users\StefanieZuccarini\Documents\GitHub\PortalGame\PortalGame\desktop\build\classes\java\main;C:\Users\StefanieZuccarini\Documents\GitHub\PortalGame\PortalGame\desktop\build\resources\main;C:\Users\StefanieZuccarini\.gradle\caches\modules-2\files-2.1\com.badlogicgames.gdx\gdx-tools\1.10.0\d699cf4953fb42a071c7c3feb9b5c45601aa6a4b\gdx-tools-1.10.0.jar;C:\Users\StefanieZuccarini\.gradle\caches\modules-2\files-2.1\com.badlogicgames.gdx\gdx-backend-lwjgl\1.10.0\58ff89d9e4fd8a82591367f187d606e781cacc05\gdx-backend-lwjgl-1.10.0.jar;C:\Users\StefanieZuccarini\.gradle\caches\modules-2\files-2.1\com.badlogicgames.gdx\gdx-platform\1.10.0\9a8fa793d2fd6d360afc6c9e4c1f5583da263b88\gdx-platform-1.10.0-natives-desktop.jar;C:\Users\StefanieZuccarini\.gradle\caches\modules-2\files-2.1\com.badlogicgames.gdx\gdx-box2d-platform\1.10.0\588c4191c5a64ed39365e71484aa37d81c38eb5e\gdx-box2d-platform-1.10.0-natives-desktop.jar;C:\Users\StefanieZuccarini\.gradle\caches\modules-2\files-2.1\com.badlogicgames.gdx\gdx-bullet-platform\1.10.0\ce92e8dfc762523d769cbc50853163c03bf98cf1\gdx-bullet-platform-1.10.0-natives-desktop.jar;C:\Users\StefanieZuccarini\.gradle\caches\modules-2\files-2.1\com.badlogicgames.gdx\gdx-freetype-platform\1.10.0\6e5d28752759e69384f12e4569d2c884ff71352f\gdx-freetype-platform-1.10.0-natives-desktop.jar;C:\Users\StefanieZuccarini\Documents\GitHub\PortalGame\PortalGame\core\build\libs\core-1.0.jar;C:\Users\StefanieZuccarini\.gradle\caches\modules-2\files-2.1\com.badlogicgames.gdx\gdx-backend-headless\1.10.0\990eadbb431197c5b9b816d1659c772e0268e65\gdx-backend-headless-1.10.0.jar;C:\Users\StefanieZuccarini\.gradle\caches\modules-2\files-2.1\com.badlogicgames.gdx\gdx-freetype\1.10.0\de1d0d5c1e92e8d91364256fd6b7bb279d3e9859\gdx-freetype-1.10.0.jar;C:\Users\StefanieZuccarini\.gradle\caches\modules-2\files-2.1\com.badlogicgames.box2dlights\box2dlights\1.5\6902dbcd250c95a27973aa24a147a95b3828d348\box2dlights-1.5.jar;C:\Users\StefanieZuccarini\.gradle\
Launcher Type: SUN_STANDARD

[Global flags]
     intx CICompilerCount                          = 4                                         {product} {ergonomic}
     uint ConcGCThreads                            = 2                                         {product} {ergonomic}
     uint G1ConcRefinementThreads                  = 8                                         {product} {ergonomic}
   size_t G1HeapRegionSize                         = 2097152                                   {product} {ergonomic}
    uintx GCDrainStackTargetSize                   = 64                                        {product} {ergonomic}
   size_t InitialHeapSize                          = 266338304                                 {product} {ergonomic}
   size_t MarkStackSize                            = 4194304                                   {product} {ergonomic}
   size_t MaxHeapSize                              = 4246732800                                {product} {ergonomic}
   size_t MaxNewSize                               = 2548039680                                {product} {ergonomic}
   size_t MinHeapDeltaBytes                        = 2097152                                   {product} {ergonomic}
   size_t MinHeapSize                              = 8388608                                   {product} {ergonomic}
    uintx NonNMethodCodeHeapSize                   = 5839372                                {pd product} {ergonomic}
    uintx NonProfiledCodeHeapSize                  = 122909434                              {pd product} {ergonomic}
    uintx ProfiledCodeHeapSize                     = 122909434                              {pd product} {ergonomic}
    uintx ReservedCodeCacheSize                    = 251658240                              {pd product} {ergonomic}
     bool SegmentedCodeCache                       = true                                      {product} {ergonomic}
   size_t SoftMaxHeapSize                          = 4246732800                             {manageable} {ergonomic}
     bool UseCompressedClassPointers               = true                                 {lp64_product} {ergonomic}
     bool UseCompressedOops                        = true                                 {lp64_product} {ergonomic}
     bool UseG1GC                                  = true                                      {product} {ergonomic}
     bool UseLargePagesIndividualAllocation        = false                                  {pd product} {ergonomic}

Logging:
Log output configuration:
 #0: stdout all=warning uptime,level,tags
 #1: stderr all=off uptime,level,tags

Environment Variables:
PATH=C:\Program Files\Zulu\zulu-15\bin\;C:\Program Files\Common Files\Oracle\Java\javapath;C:\Program Files (x86)\Common Files\Oracle\Java\javapath;C:\Windows\system32;C:\Windows;C:\Windows\System32\Wbem;C:\Windows\System32\WindowsPowerShell\v1.0\;C:\Windows\System32\OpenSSH\;C:\Program Files\Git\cmd;C:\Users\StefanieZuccarini\AppData\Local\Microsoft\WindowsApps;C:\Program Files\JetBrains\IntelliJ IDEA Community Edition 2021.3\bin;;C:\Users\StefanieZuccarini\AppData\Local\GitHubDesktop\bin
USERNAME=StefanieZuccarini
OS=Windows_NT
PROCESSOR_IDENTIFIER=Intel64 Family 6 Model 142 Stepping 12, GenuineIntel



---------------  S Y S T E M  ---------------

OS:
 Windows 10 , 64 bit Build 18362 (10.0.18362.1110)
OS uptime: 3 days 18:09 hours

CPU: total 8 (initial active 8) (4 cores per cpu, 2 threads per core) family 6 model 142 stepping 12 microcode 0xca, cmov, cx8, fxsr, mmx, sse, sse2, sse3, ssse3, sse4.1, sse4.2, popcnt, vzeroupper, avx, avx2, aes, clmul, erms, 3dnowpref, lzcnt, ht, tsc, tscinvbit, bmi1, bmi2, adx, fma, clflush, clflushopt

Memory: 4k page, system-wide physical 16198M (6559M free)
TotalPageFile size 32582M (AvailPageFile size 22340M)
current process WorkingSet (physical memory assigned to process): 209M, peak: 219M
current process commit charge ("private bytes"): 471M, peak: 491M

vm_info: OpenJDK 64-Bit Server VM (15.0.5+3-MTS) for windows-amd64 JRE (15.0.5+3-MTS) (Zulu15.36+13-CA), built on Oct  8 2021 11:07:26 by "zulu_re" with MS VC++ 15.9 (VS2017)

END.
