#
# A fatal error has been detected by the Java Runtime Environment:
#
#  EXCEPTION_ACCESS_VIOLATION (0xc0000005) at pc=0x0000000066b0cfa7, pid=20340, tid=22936
#
# JRE version: OpenJDK Runtime Environment JBR-11.0.13.7-1751.19-jcef (11.0.13+7) (build 11.0.13+7-b1751.19)
# Java VM: OpenJDK 64-Bit Server VM JBR-11.0.13.7-1751.19-jcef (11.0.13+7-b1751.19, mixed mode, tiered, compressed oops, g1 gc, windows-amd64)
# Problematic frame:
# C  [gdx-box2d64.dll+0xcfa7]
#
# No core dump will be written. Minidumps are not enabled by default on client versions of Windows
#
# If you would like to submit a bug report, please visit:
#   https://bugreport.java.com/bugreport/crash.jsp
# The crash happened outside the Java Virtual Machine in native code.
# See problematic frame for where to report the bug.
#

---------------  S U M M A R Y ------------

Command Line: -Dfile.encoding=windows-1252 -Duser.country=CA -Duser.language=en -Duser.variant com.mygdx.game.desktop.DesktopLauncher

Host: Intel(R) Core(TM) i7-10700F CPU @ 2.90GHz, 16 cores, 15G,  Windows 10 , 64 bit Build 19041 (10.0.19041.1348)
Time: Wed Dec 29 17:14:27 2021 Eastern Standard Time elapsed time: 46.974345 seconds (0d 0h 0m 46s)

---------------  T H R E A D  ---------------

Current thread (0x000002c315b96000):  JavaThread "LWJGL Application" [_thread_in_native, id=22936, stack(0x000000de82100000,0x000000de82200000)]

Stack: [0x000000de82100000,0x000000de82200000],  sp=0x000000de821feea0,  free space=1019k
Native frames: (J=compiled Java code, j=interpreted, Vv=VM code, C=native code)
C  [gdx-box2d64.dll+0xcfa7]

Java frames: (J=compiled Java code, j=interpreted, Vv=VM code)
j  com.badlogic.gdx.physics.box2d.World.jniDestroyBody(JJ)V+0
j  com.badlogic.gdx.physics.box2d.World.destroyBody(Lcom/badlogic/gdx/physics/box2d/Body;)V+42
j  com.mygdx.game.Entity.dispose()V+8
j  com.mygdx.game.MyGdxGame.dispose()V+82
j  com.badlogic.gdx.backends.lwjgl.LwjglApplication.mainLoop()V+924
j  com.badlogic.gdx.backends.lwjgl.LwjglApplication$1.run()V+27
v  ~StubRoutines::call_stub

siginfo: EXCEPTION_ACCESS_VIOLATION (0xc0000005), reading address 0x0000000000000008


Register to memory mapping:

RIP=0x0000000066b0cfa7 gdx-box2d64.dll
RAX=0x0 is NULL
RBX=0x000002c31e206e30 points into unknown readable memory: 0x000002c31687f930 | 30 f9 87 16 c3 02 00 00
RCX=0x0 is NULL
RDX=0x000002c316883e20 points into unknown readable memory: 0x000002c341200000 | 00 00 20 41 c3 02 00 00
RSP=0x000000de821feea0 is pointing into the stack for thread: 0x000002c315b96000
RBP=0x000002c31682c0d0 points into unknown readable memory: 0x000002c372ec0150 | 50 01 ec 72 c3 02 00 00
RSI=0x000002c316845370 points into unknown readable memory: 0x0000000000000010 | 10 00 00 00 00 00 00 00
RDI=0x000002c31e206e30 points into unknown readable memory: 0x000002c31687f930 | 30 f9 87 16 c3 02 00 00
R8 =0x000002c31682c0d0 points into unknown readable memory: 0x000002c372ec0150 | 50 01 ec 72 c3 02 00 00
R9 =0x000002c3168802f0 points into unknown readable memory: 0x0000003600000002 | 02 00 00 00 36 00 00 00
R10=0x000002c30000f748 is at code_begin+1000 in an Interpreter codelet
method entry point (kind = native)  [0x000002c30000f360, 0x000002c30000fe00]  2720 bytes
R11=0x0000000000000102 is an unknown value
R12=0x0 is NULL
R13={method} {0x000002c31dee8058} 'jniDestroyBody' '(JJ)V' in 'com/badlogic/gdx/physics/box2d/World'
R14=0x000000de821ff0e8 is pointing into the stack for thread: 0x000002c315b96000
R15=0x000002c315b96000 is a thread


Registers:
RAX=0x0000000000000000, RBX=0x000002c31e206e30, RCX=0x0000000000000000, RDX=0x000002c316883e20
RSP=0x000000de821feea0, RBP=0x000002c31682c0d0, RSI=0x000002c316845370, RDI=0x000002c31e206e30
R8 =0x000002c31682c0d0, R9 =0x000002c3168802f0, R10=0x000002c30000f748, R11=0x0000000000000102
R12=0x0000000000000000, R13=0x000002c31dee8050, R14=0x000000de821ff0e8, R15=0x000002c315b96000
RIP=0x0000000066b0cfa7, EFLAGS=0x0000000000010246

Top of Stack: (sp=0x000000de821feea0)
0x000000de821feea0:   0000000000000000 000002c300053f80
0x000000de821feeb0:   0000000800000400 000000de821feec8
0x000000de821feec0:   000002c37f9bbaa0 000002c31e206e30
0x000000de821feed0:   000002c316845370 000002c3168802f0
0x000000de821feee0:   000002c31687fab0 0000000066b1f39f
0x000000de821feef0:   000002c37f9bba00 0000000000000000
0x000000de821fef00:   00006ea24de1bf6a 0000000000000000
0x000000de821fef10:   0000000000000000 000002c31e2070f0
0x000000de821fef20:   000002c31682c0d0 000002c3168802f0
0x000000de821fef30:   000002c316845370 0000000066b215d3
0x000000de821fef40:   0000000000000000 00007ffee92f812e
0x000000de821fef50:   000002c31dee8050 00007ffee92f4197
0x000000de821fef60:   000002c31682c0d0 000002c3168802f0
0x000000de821fef70:   00000000000c5dd8 000000de821ff0a8
0x000000de821fef80:   0000000000000000 0000000066b26a9d
0x000000de821fef90:   000000de821ff608 00007ffee908c37b 

Instructions: (pc=0x0000000066b0cfa7)
0x0000000066b0cea7:   e0 05 48 8d 04 d0 48 8d 15 8c 34 04 00 48 01 d0
0x0000000066b0ceb7:   4c 8b 10 4d 85 d2 0f 84 8e 00 00 00 80 78 10 00
0x0000000066b0cec7:   4c 89 b4 24 80 00 00 00 75 1f 41 89 e9 4d 89 e8
0x0000000066b0ced7:   89 fa 4c 89 e1 48 83 c4 20 5b 5e 5f 5d 41 5c 41
0x0000000066b0cee7:   5d 41 5e 49 ff e2 0f 1f 00 41 89 f9 4d 89 e0 89
0x0000000066b0cef7:   ea 4c 89 e9 eb df 0f 1f 00 48 8d 15 79 50 03 00
0x0000000066b0cf07:   48 8d 0d 12 51 03 00 41 b8 51 00 00 00 e8 b7 96
0x0000000066b0cf17:   02 00 e9 7f ff ff ff 66 90 48 8d 15 59 50 03 00
0x0000000066b0cf27:   48 8d 0d c2 50 03 00 41 b8 50 00 00 00 e8 97 96
0x0000000066b0cf37:   02 00 e9 5a ff ff ff 66 90 e8 fb fc ff ff c6 05
0x0000000066b0cf47:   d4 33 04 00 01 e9 2d ff ff ff 31 c0 48 83 c4 20
0x0000000066b0cf57:   5b 5e 5f 5d 41 5c 41 5d 41 5e c3 0f 1f 40 00 66
0x0000000066b0cf67:   2e 0f 1f 84 00 00 00 00 00 55 57 56 53 48 83 ec
0x0000000066b0cf77:   28 80 3d a1 33 04 00 00 48 89 cf 48 89 d5 0f 84
0x0000000066b0cf87:   f5 00 00 00 8b 8f b4 00 00 00 48 8b 47 60 48 8b
0x0000000066b0cf97:   57 68 85 c9 7e 06 80 78 3a 00 74 50 48 8b 40 18
0x0000000066b0cfa7:   48 63 58 08 48 8b 42 18 8b 70 08 85 db 0f 88 8a
0x0000000066b0cfb7:   00 00 00 83 fe 03 0f 8f 81 00 00 00 48 63 c6 48
0x0000000066b0cfc7:   89 f9 48 8d 14 40 48 8d 04 5b 48 c1 e0 05 48 8d
0x0000000066b0cfd7:   04 d0 48 8d 15 60 33 04 00 48 8b 44 02 08 48 89
0x0000000066b0cfe7:   ea 48 83 c4 28 5b 5e 5f 5d 48 ff e0 80 7a 3a 00
0x0000000066b0cff7:   75 aa 4c 8b 40 10 41 0f b7 48 04 f6 c1 02 75 13
0x0000000066b0d007:   83 c9 02 41 c7 80 ac 00 00 00 00 00 00 00 66 41
0x0000000066b0d017:   89 48 04 4c 8b 42 10 41 0f b7 48 04 f6 c1 02 0f
0x0000000066b0d027:   85 77 ff ff ff 83 c9 02 41 c7 80 ac 00 00 00 00
0x0000000066b0d037:   00 00 00 66 41 89 48 04 e9 5f ff ff ff 48 8d 15
0x0000000066b0d047:   35 4f 03 00 48 8d 0d 16 50 03 00 41 b8 77 00 00
0x0000000066b0d057:   00 e8 73 95 02 00 48 8d 15 1c 4f 03 00 48 8d 0d
0x0000000066b0d067:   fd 4f 03 00 41 b8 78 00 00 00 e8 5a 95 02 00 e9
0x0000000066b0d077:   48 ff ff ff 0f 1f 44 00 00 48 8d 15 f9 4e 03 00
0x0000000066b0d087:   48 8d 0d bd 4f 03 00 41 b8 67 00 00 00 e8 37 95
0x0000000066b0d097:   02 00 e9 ed fe ff ff 66 90 48 83 ec 38 48 8d 05 


Stack slot to memory mapping:
stack at sp + 0 slots: 0x0 is NULL
stack at sp + 1 slots: 0x000002c300053f80 is at code_begin+0 in 
[CodeBlob (0x000002c300053f10)]
Framesize: 0
BufferBlob (0x000002c300053f10) used for Signature Handler Temp Buffer
stack at sp + 2 slots: 0x0000000800000400 is pointing into metadata
stack at sp + 3 slots: 0x000000de821feec8 is pointing into the stack for thread: 0x000002c315b96000
stack at sp + 4 slots: 0x000002c37f9bbaa0 points into unknown readable memory: 0x000002c37fb19ae0 | e0 9a b1 7f c3 02 00 00
stack at sp + 5 slots: 0x000002c31e206e30 points into unknown readable memory: 0x000002c31687f930 | 30 f9 87 16 c3 02 00 00
stack at sp + 6 slots: 0x000002c316845370 points into unknown readable memory: 0x0000000000000010 | 10 00 00 00 00 00 00 00
stack at sp + 7 slots: 0x000002c3168802f0 points into unknown readable memory: 0x0000003600000002 | 02 00 00 00 36 00 00 00


---------------  P R O C E S S  ---------------

Threads class SMR info:
_java_thread_list=0x000002c317c78330, length=12, elements={
0x000002c37f9f8000, 0x000002c37fa06000, 0x000002c37fb08800, 0x000002c37fb0b000,
0x000002c37fb0c000, 0x000002c37fb18800, 0x000002c37fb1e800, 0x000002c37fb28800,
0x000002c37fcb0800, 0x000002c315b96000, 0x000002c372dd1800, 0x000002c317b50800
}

Java Threads: ( => current thread )
  0x000002c37f9f8000 JavaThread "Reference Handler" daemon [_thread_blocked, id=30040, stack(0x000000de81500000,0x000000de81600000)]
  0x000002c37fa06000 JavaThread "Finalizer" daemon [_thread_blocked, id=15400, stack(0x000000de81600000,0x000000de81700000)]
  0x000002c37fb08800 JavaThread "Signal Dispatcher" daemon [_thread_blocked, id=30680, stack(0x000000de81700000,0x000000de81800000)]
  0x000002c37fb0b000 JavaThread "Attach Listener" daemon [_thread_blocked, id=27460, stack(0x000000de81800000,0x000000de81900000)]
  0x000002c37fb0c000 JavaThread "Service Thread" daemon [_thread_blocked, id=28128, stack(0x000000de81900000,0x000000de81a00000)]
  0x000002c37fb18800 JavaThread "C2 CompilerThread0" daemon [_thread_blocked, id=22716, stack(0x000000de81a00000,0x000000de81b00000)]
  0x000002c37fb1e800 JavaThread "C1 CompilerThread0" daemon [_thread_blocked, id=21440, stack(0x000000de81b00000,0x000000de81c00000)]
  0x000002c37fb28800 JavaThread "Sweeper thread" daemon [_thread_blocked, id=28360, stack(0x000000de81c00000,0x000000de81d00000)]
  0x000002c37fcb0800 JavaThread "Common-Cleaner" daemon [_thread_blocked, id=29264, stack(0x000000de81e00000,0x000000de81f00000)]
=>0x000002c315b96000 JavaThread "LWJGL Application" [_thread_in_native, id=22936, stack(0x000000de82100000,0x000000de82200000)]
  0x000002c372dd1800 JavaThread "DestroyJavaVM" [_thread_blocked, id=17496, stack(0x000000de80e00000,0x000000de80f00000)]
  0x000002c317b50800 JavaThread "LWJGL Timer" daemon [_thread_blocked, id=4580, stack(0x000000de82e00000,0x000000de82f00000)]

Other Threads:
  0x000002c37faba800 VMThread "VM Thread" [stack: 0x000000de81400000,0x000000de81500000] [id=2540]
  0x000002c37fcae000 WatcherThread [stack: 0x000000de81d00000,0x000000de81e00000] [id=29352]
  0x000002c372dea800 GCTaskThread "GC Thread#0" [stack: 0x000000de80f00000,0x000000de81000000] [id=29028]
  0x000002c372e4a800 ConcurrentGCThread "G1 Main Marker" [stack: 0x000000de81000000,0x000000de81100000] [id=25772]
  0x000002c372e4c000 ConcurrentGCThread "G1 Conc#0" [stack: 0x000000de81100000,0x000000de81200000] [id=28052]
  0x000002c37f8e6000 ConcurrentGCThread "G1 Refine#0" [stack: 0x000000de81200000,0x000000de81300000] [id=13952]
  0x000002c37f8e7000 ConcurrentGCThread "G1 Young RemSet Sampling" [stack: 0x000000de81300000,0x000000de81400000] [id=3688]

Threads with active compile tasks:

VM state:not at safepoint (normal execution)

VM Mutex/Monitor currently owned by a thread: None

Heap address: 0x0000000703800000, size: 4040 MB, Compressed Oops mode: Zero based, Oop shift amount: 3
Narrow klass base: 0x0000000800000000, Narrow klass shift: 0
Compressed class space size: 1073741824 Address: 0x0000000800000000

Heap:
 garbage-first heap   total 260096K, used 18432K [0x0000000703800000, 0x0000000800000000)
  region size 1024K, 20 young (20480K), 0 survivors (0K)
 Metaspace       used 10701K, capacity 10791K, committed 11136K, reserved 1058816K
  class space    used 813K, capacity 855K, committed 896K, reserved 1048576K
Heap Regions: E=young(eden), S=young(survivor), O=old, HS=humongous(starts), HC=humongous(continues), CS=collection set, F=free, A=archive, TAMS=top-at-mark-start (previous, next)
|   0|0x0000000703800000, 0x0000000703800000, 0x0000000703900000|  0%| F|  |TAMS 0x0000000703800000, 0x0000000703800000| Untracked 
|   1|0x0000000703900000, 0x0000000703900000, 0x0000000703a00000|  0%| F|  |TAMS 0x0000000703900000, 0x0000000703900000| Untracked 
|   2|0x0000000703a00000, 0x0000000703a00000, 0x0000000703b00000|  0%| F|  |TAMS 0x0000000703a00000, 0x0000000703a00000| Untracked 
|   3|0x0000000703b00000, 0x0000000703b00000, 0x0000000703c00000|  0%| F|  |TAMS 0x0000000703b00000, 0x0000000703b00000| Untracked 
|   4|0x0000000703c00000, 0x0000000703c00000, 0x0000000703d00000|  0%| F|  |TAMS 0x0000000703c00000, 0x0000000703c00000| Untracked 
|   5|0x0000000703d00000, 0x0000000703d00000, 0x0000000703e00000|  0%| F|  |TAMS 0x0000000703d00000, 0x0000000703d00000| Untracked 
|   6|0x0000000703e00000, 0x0000000703e00000, 0x0000000703f00000|  0%| F|  |TAMS 0x0000000703e00000, 0x0000000703e00000| Untracked 
|   7|0x0000000703f00000, 0x0000000703f00000, 0x0000000704000000|  0%| F|  |TAMS 0x0000000703f00000, 0x0000000703f00000| Untracked 
|   8|0x0000000704000000, 0x0000000704000000, 0x0000000704100000|  0%| F|  |TAMS 0x0000000704000000, 0x0000000704000000| Untracked 
|   9|0x0000000704100000, 0x0000000704100000, 0x0000000704200000|  0%| F|  |TAMS 0x0000000704100000, 0x0000000704100000| Untracked 
|  10|0x0000000704200000, 0x0000000704200000, 0x0000000704300000|  0%| F|  |TAMS 0x0000000704200000, 0x0000000704200000| Untracked 
|  11|0x0000000704300000, 0x0000000704300000, 0x0000000704400000|  0%| F|  |TAMS 0x0000000704300000, 0x0000000704300000| Untracked 
|  12|0x0000000704400000, 0x0000000704400000, 0x0000000704500000|  0%| F|  |TAMS 0x0000000704400000, 0x0000000704400000| Untracked 
|  13|0x0000000704500000, 0x0000000704500000, 0x0000000704600000|  0%| F|  |TAMS 0x0000000704500000, 0x0000000704500000| Untracked 
|  14|0x0000000704600000, 0x0000000704600000, 0x0000000704700000|  0%| F|  |TAMS 0x0000000704600000, 0x0000000704600000| Untracked 
|  15|0x0000000704700000, 0x0000000704700000, 0x0000000704800000|  0%| F|  |TAMS 0x0000000704700000, 0x0000000704700000| Untracked 
|  16|0x0000000704800000, 0x0000000704800000, 0x0000000704900000|  0%| F|  |TAMS 0x0000000704800000, 0x0000000704800000| Untracked 
|  17|0x0000000704900000, 0x0000000704900000, 0x0000000704a00000|  0%| F|  |TAMS 0x0000000704900000, 0x0000000704900000| Untracked 
|  18|0x0000000704a00000, 0x0000000704a00000, 0x0000000704b00000|  0%| F|  |TAMS 0x0000000704a00000, 0x0000000704a00000| Untracked 
|  19|0x0000000704b00000, 0x0000000704b00000, 0x0000000704c00000|  0%| F|  |TAMS 0x0000000704b00000, 0x0000000704b00000| Untracked 
|  20|0x0000000704c00000, 0x0000000704c00000, 0x0000000704d00000|  0%| F|  |TAMS 0x0000000704c00000, 0x0000000704c00000| Untracked 
|  21|0x0000000704d00000, 0x0000000704d00000, 0x0000000704e00000|  0%| F|  |TAMS 0x0000000704d00000, 0x0000000704d00000| Untracked 
|  22|0x0000000704e00000, 0x0000000704e00000, 0x0000000704f00000|  0%| F|  |TAMS 0x0000000704e00000, 0x0000000704e00000| Untracked 
|  23|0x0000000704f00000, 0x0000000704f00000, 0x0000000705000000|  0%| F|  |TAMS 0x0000000704f00000, 0x0000000704f00000| Untracked 
|  24|0x0000000705000000, 0x0000000705000000, 0x0000000705100000|  0%| F|  |TAMS 0x0000000705000000, 0x0000000705000000| Untracked 
|  25|0x0000000705100000, 0x0000000705100000, 0x0000000705200000|  0%| F|  |TAMS 0x0000000705100000, 0x0000000705100000| Untracked 
|  26|0x0000000705200000, 0x0000000705200000, 0x0000000705300000|  0%| F|  |TAMS 0x0000000705200000, 0x0000000705200000| Untracked 
|  27|0x0000000705300000, 0x0000000705300000, 0x0000000705400000|  0%| F|  |TAMS 0x0000000705300000, 0x0000000705300000| Untracked 
|  28|0x0000000705400000, 0x0000000705400000, 0x0000000705500000|  0%| F|  |TAMS 0x0000000705400000, 0x0000000705400000| Untracked 
|  29|0x0000000705500000, 0x0000000705500000, 0x0000000705600000|  0%| F|  |TAMS 0x0000000705500000, 0x0000000705500000| Untracked 
|  30|0x0000000705600000, 0x0000000705600000, 0x0000000705700000|  0%| F|  |TAMS 0x0000000705600000, 0x0000000705600000| Untracked 
|  31|0x0000000705700000, 0x0000000705700000, 0x0000000705800000|  0%| F|  |TAMS 0x0000000705700000, 0x0000000705700000| Untracked 
|  32|0x0000000705800000, 0x0000000705800000, 0x0000000705900000|  0%| F|  |TAMS 0x0000000705800000, 0x0000000705800000| Untracked 
|  33|0x0000000705900000, 0x0000000705900000, 0x0000000705a00000|  0%| F|  |TAMS 0x0000000705900000, 0x0000000705900000| Untracked 
|  34|0x0000000705a00000, 0x0000000705a00000, 0x0000000705b00000|  0%| F|  |TAMS 0x0000000705a00000, 0x0000000705a00000| Untracked 
|  35|0x0000000705b00000, 0x0000000705b00000, 0x0000000705c00000|  0%| F|  |TAMS 0x0000000705b00000, 0x0000000705b00000| Untracked 
|  36|0x0000000705c00000, 0x0000000705c00000, 0x0000000705d00000|  0%| F|  |TAMS 0x0000000705c00000, 0x0000000705c00000| Untracked 
|  37|0x0000000705d00000, 0x0000000705d00000, 0x0000000705e00000|  0%| F|  |TAMS 0x0000000705d00000, 0x0000000705d00000| Untracked 
|  38|0x0000000705e00000, 0x0000000705e00000, 0x0000000705f00000|  0%| F|  |TAMS 0x0000000705e00000, 0x0000000705e00000| Untracked 
|  39|0x0000000705f00000, 0x0000000705f00000, 0x0000000706000000|  0%| F|  |TAMS 0x0000000705f00000, 0x0000000705f00000| Untracked 
|  40|0x0000000706000000, 0x0000000706000000, 0x0000000706100000|  0%| F|  |TAMS 0x0000000706000000, 0x0000000706000000| Untracked 
|  41|0x0000000706100000, 0x0000000706100000, 0x0000000706200000|  0%| F|  |TAMS 0x0000000706100000, 0x0000000706100000| Untracked 
|  42|0x0000000706200000, 0x0000000706200000, 0x0000000706300000|  0%| F|  |TAMS 0x0000000706200000, 0x0000000706200000| Untracked 
|  43|0x0000000706300000, 0x0000000706300000, 0x0000000706400000|  0%| F|  |TAMS 0x0000000706300000, 0x0000000706300000| Untracked 
|  44|0x0000000706400000, 0x0000000706400000, 0x0000000706500000|  0%| F|  |TAMS 0x0000000706400000, 0x0000000706400000| Untracked 
|  45|0x0000000706500000, 0x0000000706500000, 0x0000000706600000|  0%| F|  |TAMS 0x0000000706500000, 0x0000000706500000| Untracked 
|  46|0x0000000706600000, 0x0000000706600000, 0x0000000706700000|  0%| F|  |TAMS 0x0000000706600000, 0x0000000706600000| Untracked 
|  47|0x0000000706700000, 0x0000000706700000, 0x0000000706800000|  0%| F|  |TAMS 0x0000000706700000, 0x0000000706700000| Untracked 
|  48|0x0000000706800000, 0x0000000706800000, 0x0000000706900000|  0%| F|  |TAMS 0x0000000706800000, 0x0000000706800000| Untracked 
|  49|0x0000000706900000, 0x0000000706900000, 0x0000000706a00000|  0%| F|  |TAMS 0x0000000706900000, 0x0000000706900000| Untracked 
|  50|0x0000000706a00000, 0x0000000706a00000, 0x0000000706b00000|  0%| F|  |TAMS 0x0000000706a00000, 0x0000000706a00000| Untracked 
|  51|0x0000000706b00000, 0x0000000706b00000, 0x0000000706c00000|  0%| F|  |TAMS 0x0000000706b00000, 0x0000000706b00000| Untracked 
|  52|0x0000000706c00000, 0x0000000706c00000, 0x0000000706d00000|  0%| F|  |TAMS 0x0000000706c00000, 0x0000000706c00000| Untracked 
|  53|0x0000000706d00000, 0x0000000706d00000, 0x0000000706e00000|  0%| F|  |TAMS 0x0000000706d00000, 0x0000000706d00000| Untracked 
|  54|0x0000000706e00000, 0x0000000706e00000, 0x0000000706f00000|  0%| F|  |TAMS 0x0000000706e00000, 0x0000000706e00000| Untracked 
|  55|0x0000000706f00000, 0x0000000706f00000, 0x0000000707000000|  0%| F|  |TAMS 0x0000000706f00000, 0x0000000706f00000| Untracked 
|  56|0x0000000707000000, 0x0000000707000000, 0x0000000707100000|  0%| F|  |TAMS 0x0000000707000000, 0x0000000707000000| Untracked 
|  57|0x0000000707100000, 0x0000000707100000, 0x0000000707200000|  0%| F|  |TAMS 0x0000000707100000, 0x0000000707100000| Untracked 
|  58|0x0000000707200000, 0x0000000707200000, 0x0000000707300000|  0%| F|  |TAMS 0x0000000707200000, 0x0000000707200000| Untracked 
|  59|0x0000000707300000, 0x0000000707300000, 0x0000000707400000|  0%| F|  |TAMS 0x0000000707300000, 0x0000000707300000| Untracked 
|  60|0x0000000707400000, 0x0000000707400000, 0x0000000707500000|  0%| F|  |TAMS 0x0000000707400000, 0x0000000707400000| Untracked 
|  61|0x0000000707500000, 0x0000000707500000, 0x0000000707600000|  0%| F|  |TAMS 0x0000000707500000, 0x0000000707500000| Untracked 
|  62|0x0000000707600000, 0x0000000707600000, 0x0000000707700000|  0%| F|  |TAMS 0x0000000707600000, 0x0000000707600000| Untracked 
|  63|0x0000000707700000, 0x0000000707700000, 0x0000000707800000|  0%| F|  |TAMS 0x0000000707700000, 0x0000000707700000| Untracked 
|  64|0x0000000707800000, 0x0000000707800000, 0x0000000707900000|  0%| F|  |TAMS 0x0000000707800000, 0x0000000707800000| Untracked 
|  65|0x0000000707900000, 0x0000000707900000, 0x0000000707a00000|  0%| F|  |TAMS 0x0000000707900000, 0x0000000707900000| Untracked 
|  66|0x0000000707a00000, 0x0000000707a00000, 0x0000000707b00000|  0%| F|  |TAMS 0x0000000707a00000, 0x0000000707a00000| Untracked 
|  67|0x0000000707b00000, 0x0000000707b00000, 0x0000000707c00000|  0%| F|  |TAMS 0x0000000707b00000, 0x0000000707b00000| Untracked 
|  68|0x0000000707c00000, 0x0000000707c00000, 0x0000000707d00000|  0%| F|  |TAMS 0x0000000707c00000, 0x0000000707c00000| Untracked 
|  69|0x0000000707d00000, 0x0000000707d00000, 0x0000000707e00000|  0%| F|  |TAMS 0x0000000707d00000, 0x0000000707d00000| Untracked 
|  70|0x0000000707e00000, 0x0000000707e00000, 0x0000000707f00000|  0%| F|  |TAMS 0x0000000707e00000, 0x0000000707e00000| Untracked 
|  71|0x0000000707f00000, 0x0000000707f00000, 0x0000000708000000|  0%| F|  |TAMS 0x0000000707f00000, 0x0000000707f00000| Untracked 
|  72|0x0000000708000000, 0x0000000708000000, 0x0000000708100000|  0%| F|  |TAMS 0x0000000708000000, 0x0000000708000000| Untracked 
|  73|0x0000000708100000, 0x0000000708100000, 0x0000000708200000|  0%| F|  |TAMS 0x0000000708100000, 0x0000000708100000| Untracked 
|  74|0x0000000708200000, 0x0000000708200000, 0x0000000708300000|  0%| F|  |TAMS 0x0000000708200000, 0x0000000708200000| Untracked 
|  75|0x0000000708300000, 0x0000000708300000, 0x0000000708400000|  0%| F|  |TAMS 0x0000000708300000, 0x0000000708300000| Untracked 
|  76|0x0000000708400000, 0x0000000708400000, 0x0000000708500000|  0%| F|  |TAMS 0x0000000708400000, 0x0000000708400000| Untracked 
|  77|0x0000000708500000, 0x0000000708500000, 0x0000000708600000|  0%| F|  |TAMS 0x0000000708500000, 0x0000000708500000| Untracked 
|  78|0x0000000708600000, 0x0000000708600000, 0x0000000708700000|  0%| F|  |TAMS 0x0000000708600000, 0x0000000708600000| Untracked 
|  79|0x0000000708700000, 0x0000000708700000, 0x0000000708800000|  0%| F|  |TAMS 0x0000000708700000, 0x0000000708700000| Untracked 
|  80|0x0000000708800000, 0x0000000708800000, 0x0000000708900000|  0%| F|  |TAMS 0x0000000708800000, 0x0000000708800000| Untracked 
|  81|0x0000000708900000, 0x0000000708900000, 0x0000000708a00000|  0%| F|  |TAMS 0x0000000708900000, 0x0000000708900000| Untracked 
|  82|0x0000000708a00000, 0x0000000708a00000, 0x0000000708b00000|  0%| F|  |TAMS 0x0000000708a00000, 0x0000000708a00000| Untracked 
|  83|0x0000000708b00000, 0x0000000708b00000, 0x0000000708c00000|  0%| F|  |TAMS 0x0000000708b00000, 0x0000000708b00000| Untracked 
|  84|0x0000000708c00000, 0x0000000708c00000, 0x0000000708d00000|  0%| F|  |TAMS 0x0000000708c00000, 0x0000000708c00000| Untracked 
|  85|0x0000000708d00000, 0x0000000708d00000, 0x0000000708e00000|  0%| F|  |TAMS 0x0000000708d00000, 0x0000000708d00000| Untracked 
|  86|0x0000000708e00000, 0x0000000708e00000, 0x0000000708f00000|  0%| F|  |TAMS 0x0000000708e00000, 0x0000000708e00000| Untracked 
|  87|0x0000000708f00000, 0x0000000708f00000, 0x0000000709000000|  0%| F|  |TAMS 0x0000000708f00000, 0x0000000708f00000| Untracked 
|  88|0x0000000709000000, 0x0000000709000000, 0x0000000709100000|  0%| F|  |TAMS 0x0000000709000000, 0x0000000709000000| Untracked 
|  89|0x0000000709100000, 0x0000000709100000, 0x0000000709200000|  0%| F|  |TAMS 0x0000000709100000, 0x0000000709100000| Untracked 
|  90|0x0000000709200000, 0x0000000709200000, 0x0000000709300000|  0%| F|  |TAMS 0x0000000709200000, 0x0000000709200000| Untracked 
|  91|0x0000000709300000, 0x0000000709300000, 0x0000000709400000|  0%| F|  |TAMS 0x0000000709300000, 0x0000000709300000| Untracked 
|  92|0x0000000709400000, 0x0000000709400000, 0x0000000709500000|  0%| F|  |TAMS 0x0000000709400000, 0x0000000709400000| Untracked 
|  93|0x0000000709500000, 0x0000000709500000, 0x0000000709600000|  0%| F|  |TAMS 0x0000000709500000, 0x0000000709500000| Untracked 
|  94|0x0000000709600000, 0x0000000709600000, 0x0000000709700000|  0%| F|  |TAMS 0x0000000709600000, 0x0000000709600000| Untracked 
|  95|0x0000000709700000, 0x0000000709700000, 0x0000000709800000|  0%| F|  |TAMS 0x0000000709700000, 0x0000000709700000| Untracked 
|  96|0x0000000709800000, 0x0000000709800000, 0x0000000709900000|  0%| F|  |TAMS 0x0000000709800000, 0x0000000709800000| Untracked 
|  97|0x0000000709900000, 0x0000000709900000, 0x0000000709a00000|  0%| F|  |TAMS 0x0000000709900000, 0x0000000709900000| Untracked 
|  98|0x0000000709a00000, 0x0000000709a00000, 0x0000000709b00000|  0%| F|  |TAMS 0x0000000709a00000, 0x0000000709a00000| Untracked 
|  99|0x0000000709b00000, 0x0000000709b00000, 0x0000000709c00000|  0%| F|  |TAMS 0x0000000709b00000, 0x0000000709b00000| Untracked 
| 100|0x0000000709c00000, 0x0000000709c00000, 0x0000000709d00000|  0%| F|  |TAMS 0x0000000709c00000, 0x0000000709c00000| Untracked 
| 101|0x0000000709d00000, 0x0000000709d00000, 0x0000000709e00000|  0%| F|  |TAMS 0x0000000709d00000, 0x0000000709d00000| Untracked 
| 102|0x0000000709e00000, 0x0000000709e00000, 0x0000000709f00000|  0%| F|  |TAMS 0x0000000709e00000, 0x0000000709e00000| Untracked 
| 103|0x0000000709f00000, 0x0000000709f00000, 0x000000070a000000|  0%| F|  |TAMS 0x0000000709f00000, 0x0000000709f00000| Untracked 
| 104|0x000000070a000000, 0x000000070a000000, 0x000000070a100000|  0%| F|  |TAMS 0x000000070a000000, 0x000000070a000000| Untracked 
| 105|0x000000070a100000, 0x000000070a100000, 0x000000070a200000|  0%| F|  |TAMS 0x000000070a100000, 0x000000070a100000| Untracked 
| 106|0x000000070a200000, 0x000000070a200000, 0x000000070a300000|  0%| F|  |TAMS 0x000000070a200000, 0x000000070a200000| Untracked 
| 107|0x000000070a300000, 0x000000070a300000, 0x000000070a400000|  0%| F|  |TAMS 0x000000070a300000, 0x000000070a300000| Untracked 
| 108|0x000000070a400000, 0x000000070a400000, 0x000000070a500000|  0%| F|  |TAMS 0x000000070a400000, 0x000000070a400000| Untracked 
| 109|0x000000070a500000, 0x000000070a500000, 0x000000070a600000|  0%| F|  |TAMS 0x000000070a500000, 0x000000070a500000| Untracked 
| 110|0x000000070a600000, 0x000000070a600000, 0x000000070a700000|  0%| F|  |TAMS 0x000000070a600000, 0x000000070a600000| Untracked 
| 111|0x000000070a700000, 0x000000070a700000, 0x000000070a800000|  0%| F|  |TAMS 0x000000070a700000, 0x000000070a700000| Untracked 
| 112|0x000000070a800000, 0x000000070a800000, 0x000000070a900000|  0%| F|  |TAMS 0x000000070a800000, 0x000000070a800000| Untracked 
| 113|0x000000070a900000, 0x000000070a900000, 0x000000070aa00000|  0%| F|  |TAMS 0x000000070a900000, 0x000000070a900000| Untracked 
| 114|0x000000070aa00000, 0x000000070aa00000, 0x000000070ab00000|  0%| F|  |TAMS 0x000000070aa00000, 0x000000070aa00000| Untracked 
| 115|0x000000070ab00000, 0x000000070ab00000, 0x000000070ac00000|  0%| F|  |TAMS 0x000000070ab00000, 0x000000070ab00000| Untracked 
| 116|0x000000070ac00000, 0x000000070ac00000, 0x000000070ad00000|  0%| F|  |TAMS 0x000000070ac00000, 0x000000070ac00000| Untracked 
| 117|0x000000070ad00000, 0x000000070ad00000, 0x000000070ae00000|  0%| F|  |TAMS 0x000000070ad00000, 0x000000070ad00000| Untracked 
| 118|0x000000070ae00000, 0x000000070ae00000, 0x000000070af00000|  0%| F|  |TAMS 0x000000070ae00000, 0x000000070ae00000| Untracked 
| 119|0x000000070af00000, 0x000000070af00000, 0x000000070b000000|  0%| F|  |TAMS 0x000000070af00000, 0x000000070af00000| Untracked 
| 120|0x000000070b000000, 0x000000070b000000, 0x000000070b100000|  0%| F|  |TAMS 0x000000070b000000, 0x000000070b000000| Untracked 
| 121|0x000000070b100000, 0x000000070b100000, 0x000000070b200000|  0%| F|  |TAMS 0x000000070b100000, 0x000000070b100000| Untracked 
| 122|0x000000070b200000, 0x000000070b200000, 0x000000070b300000|  0%| F|  |TAMS 0x000000070b200000, 0x000000070b200000| Untracked 
| 123|0x000000070b300000, 0x000000070b300000, 0x000000070b400000|  0%| F|  |TAMS 0x000000070b300000, 0x000000070b300000| Untracked 
| 124|0x000000070b400000, 0x000000070b400000, 0x000000070b500000|  0%| F|  |TAMS 0x000000070b400000, 0x000000070b400000| Untracked 
| 125|0x000000070b500000, 0x000000070b500000, 0x000000070b600000|  0%| F|  |TAMS 0x000000070b500000, 0x000000070b500000| Untracked 
| 126|0x000000070b600000, 0x000000070b600000, 0x000000070b700000|  0%| F|  |TAMS 0x000000070b600000, 0x000000070b600000| Untracked 
| 127|0x000000070b700000, 0x000000070b700000, 0x000000070b800000|  0%| F|  |TAMS 0x000000070b700000, 0x000000070b700000| Untracked 
| 128|0x000000070b800000, 0x000000070b800000, 0x000000070b900000|  0%| F|  |TAMS 0x000000070b800000, 0x000000070b800000| Untracked 
| 129|0x000000070b900000, 0x000000070b900000, 0x000000070ba00000|  0%| F|  |TAMS 0x000000070b900000, 0x000000070b900000| Untracked 
| 130|0x000000070ba00000, 0x000000070ba00000, 0x000000070bb00000|  0%| F|  |TAMS 0x000000070ba00000, 0x000000070ba00000| Untracked 
| 131|0x000000070bb00000, 0x000000070bb00000, 0x000000070bc00000|  0%| F|  |TAMS 0x000000070bb00000, 0x000000070bb00000| Untracked 
| 132|0x000000070bc00000, 0x000000070bc00000, 0x000000070bd00000|  0%| F|  |TAMS 0x000000070bc00000, 0x000000070bc00000| Untracked 
| 133|0x000000070bd00000, 0x000000070bd00000, 0x000000070be00000|  0%| F|  |TAMS 0x000000070bd00000, 0x000000070bd00000| Untracked 
| 134|0x000000070be00000, 0x000000070be00000, 0x000000070bf00000|  0%| F|  |TAMS 0x000000070be00000, 0x000000070be00000| Untracked 
| 135|0x000000070bf00000, 0x000000070bf00000, 0x000000070c000000|  0%| F|  |TAMS 0x000000070bf00000, 0x000000070bf00000| Untracked 
| 136|0x000000070c000000, 0x000000070c000000, 0x000000070c100000|  0%| F|  |TAMS 0x000000070c000000, 0x000000070c000000| Untracked 
| 137|0x000000070c100000, 0x000000070c100000, 0x000000070c200000|  0%| F|  |TAMS 0x000000070c100000, 0x000000070c100000| Untracked 
| 138|0x000000070c200000, 0x000000070c200000, 0x000000070c300000|  0%| F|  |TAMS 0x000000070c200000, 0x000000070c200000| Untracked 
| 139|0x000000070c300000, 0x000000070c300000, 0x000000070c400000|  0%| F|  |TAMS 0x000000070c300000, 0x000000070c300000| Untracked 
| 140|0x000000070c400000, 0x000000070c400000, 0x000000070c500000|  0%| F|  |TAMS 0x000000070c400000, 0x000000070c400000| Untracked 
| 141|0x000000070c500000, 0x000000070c500000, 0x000000070c600000|  0%| F|  |TAMS 0x000000070c500000, 0x000000070c500000| Untracked 
| 142|0x000000070c600000, 0x000000070c600000, 0x000000070c700000|  0%| F|  |TAMS 0x000000070c600000, 0x000000070c600000| Untracked 
| 143|0x000000070c700000, 0x000000070c700000, 0x000000070c800000|  0%| F|  |TAMS 0x000000070c700000, 0x000000070c700000| Untracked 
| 144|0x000000070c800000, 0x000000070c800000, 0x000000070c900000|  0%| F|  |TAMS 0x000000070c800000, 0x000000070c800000| Untracked 
| 145|0x000000070c900000, 0x000000070c900000, 0x000000070ca00000|  0%| F|  |TAMS 0x000000070c900000, 0x000000070c900000| Untracked 
| 146|0x000000070ca00000, 0x000000070ca00000, 0x000000070cb00000|  0%| F|  |TAMS 0x000000070ca00000, 0x000000070ca00000| Untracked 
| 147|0x000000070cb00000, 0x000000070cb00000, 0x000000070cc00000|  0%| F|  |TAMS 0x000000070cb00000, 0x000000070cb00000| Untracked 
| 148|0x000000070cc00000, 0x000000070cc00000, 0x000000070cd00000|  0%| F|  |TAMS 0x000000070cc00000, 0x000000070cc00000| Untracked 
| 149|0x000000070cd00000, 0x000000070cd00000, 0x000000070ce00000|  0%| F|  |TAMS 0x000000070cd00000, 0x000000070cd00000| Untracked 
| 150|0x000000070ce00000, 0x000000070ce00000, 0x000000070cf00000|  0%| F|  |TAMS 0x000000070ce00000, 0x000000070ce00000| Untracked 
| 151|0x000000070cf00000, 0x000000070cf00000, 0x000000070d000000|  0%| F|  |TAMS 0x000000070cf00000, 0x000000070cf00000| Untracked 
| 152|0x000000070d000000, 0x000000070d000000, 0x000000070d100000|  0%| F|  |TAMS 0x000000070d000000, 0x000000070d000000| Untracked 
| 153|0x000000070d100000, 0x000000070d100000, 0x000000070d200000|  0%| F|  |TAMS 0x000000070d100000, 0x000000070d100000| Untracked 
| 154|0x000000070d200000, 0x000000070d200000, 0x000000070d300000|  0%| F|  |TAMS 0x000000070d200000, 0x000000070d200000| Untracked 
| 155|0x000000070d300000, 0x000000070d300000, 0x000000070d400000|  0%| F|  |TAMS 0x000000070d300000, 0x000000070d300000| Untracked 
| 156|0x000000070d400000, 0x000000070d400000, 0x000000070d500000|  0%| F|  |TAMS 0x000000070d400000, 0x000000070d400000| Untracked 
| 157|0x000000070d500000, 0x000000070d500000, 0x000000070d600000|  0%| F|  |TAMS 0x000000070d500000, 0x000000070d500000| Untracked 
| 158|0x000000070d600000, 0x000000070d600000, 0x000000070d700000|  0%| F|  |TAMS 0x000000070d600000, 0x000000070d600000| Untracked 
| 159|0x000000070d700000, 0x000000070d700000, 0x000000070d800000|  0%| F|  |TAMS 0x000000070d700000, 0x000000070d700000| Untracked 
| 160|0x000000070d800000, 0x000000070d800000, 0x000000070d900000|  0%| F|  |TAMS 0x000000070d800000, 0x000000070d800000| Untracked 
| 161|0x000000070d900000, 0x000000070d900000, 0x000000070da00000|  0%| F|  |TAMS 0x000000070d900000, 0x000000070d900000| Untracked 
| 162|0x000000070da00000, 0x000000070da00000, 0x000000070db00000|  0%| F|  |TAMS 0x000000070da00000, 0x000000070da00000| Untracked 
| 163|0x000000070db00000, 0x000000070db00000, 0x000000070dc00000|  0%| F|  |TAMS 0x000000070db00000, 0x000000070db00000| Untracked 
| 164|0x000000070dc00000, 0x000000070dc00000, 0x000000070dd00000|  0%| F|  |TAMS 0x000000070dc00000, 0x000000070dc00000| Untracked 
| 165|0x000000070dd00000, 0x000000070dd00000, 0x000000070de00000|  0%| F|  |TAMS 0x000000070dd00000, 0x000000070dd00000| Untracked 
| 166|0x000000070de00000, 0x000000070de00000, 0x000000070df00000|  0%| F|  |TAMS 0x000000070de00000, 0x000000070de00000| Untracked 
| 167|0x000000070df00000, 0x000000070df00000, 0x000000070e000000|  0%| F|  |TAMS 0x000000070df00000, 0x000000070df00000| Untracked 
| 168|0x000000070e000000, 0x000000070e000000, 0x000000070e100000|  0%| F|  |TAMS 0x000000070e000000, 0x000000070e000000| Untracked 
| 169|0x000000070e100000, 0x000000070e100000, 0x000000070e200000|  0%| F|  |TAMS 0x000000070e100000, 0x000000070e100000| Untracked 
| 170|0x000000070e200000, 0x000000070e200000, 0x000000070e300000|  0%| F|  |TAMS 0x000000070e200000, 0x000000070e200000| Untracked 
| 171|0x000000070e300000, 0x000000070e300000, 0x000000070e400000|  0%| F|  |TAMS 0x000000070e300000, 0x000000070e300000| Untracked 
| 172|0x000000070e400000, 0x000000070e400000, 0x000000070e500000|  0%| F|  |TAMS 0x000000070e400000, 0x000000070e400000| Untracked 
| 173|0x000000070e500000, 0x000000070e500000, 0x000000070e600000|  0%| F|  |TAMS 0x000000070e500000, 0x000000070e500000| Untracked 
| 174|0x000000070e600000, 0x000000070e600000, 0x000000070e700000|  0%| F|  |TAMS 0x000000070e600000, 0x000000070e600000| Untracked 
| 175|0x000000070e700000, 0x000000070e700000, 0x000000070e800000|  0%| F|  |TAMS 0x000000070e700000, 0x000000070e700000| Untracked 
| 176|0x000000070e800000, 0x000000070e800000, 0x000000070e900000|  0%| F|  |TAMS 0x000000070e800000, 0x000000070e800000| Untracked 
| 177|0x000000070e900000, 0x000000070e900000, 0x000000070ea00000|  0%| F|  |TAMS 0x000000070e900000, 0x000000070e900000| Untracked 
| 178|0x000000070ea00000, 0x000000070ea00000, 0x000000070eb00000|  0%| F|  |TAMS 0x000000070ea00000, 0x000000070ea00000| Untracked 
| 179|0x000000070eb00000, 0x000000070eb00000, 0x000000070ec00000|  0%| F|  |TAMS 0x000000070eb00000, 0x000000070eb00000| Untracked 
| 180|0x000000070ec00000, 0x000000070ec00000, 0x000000070ed00000|  0%| F|  |TAMS 0x000000070ec00000, 0x000000070ec00000| Untracked 
| 181|0x000000070ed00000, 0x000000070ed00000, 0x000000070ee00000|  0%| F|  |TAMS 0x000000070ed00000, 0x000000070ed00000| Untracked 
| 182|0x000000070ee00000, 0x000000070ee00000, 0x000000070ef00000|  0%| F|  |TAMS 0x000000070ee00000, 0x000000070ee00000| Untracked 
| 183|0x000000070ef00000, 0x000000070ef00000, 0x000000070f000000|  0%| F|  |TAMS 0x000000070ef00000, 0x000000070ef00000| Untracked 
| 184|0x000000070f000000, 0x000000070f000000, 0x000000070f100000|  0%| F|  |TAMS 0x000000070f000000, 0x000000070f000000| Untracked 
| 185|0x000000070f100000, 0x000000070f100000, 0x000000070f200000|  0%| F|  |TAMS 0x000000070f100000, 0x000000070f100000| Untracked 
| 186|0x000000070f200000, 0x000000070f200000, 0x000000070f300000|  0%| F|  |TAMS 0x000000070f200000, 0x000000070f200000| Untracked 
| 187|0x000000070f300000, 0x000000070f300000, 0x000000070f400000|  0%| F|  |TAMS 0x000000070f300000, 0x000000070f300000| Untracked 
| 188|0x000000070f400000, 0x000000070f400000, 0x000000070f500000|  0%| F|  |TAMS 0x000000070f400000, 0x000000070f400000| Untracked 
| 189|0x000000070f500000, 0x000000070f500000, 0x000000070f600000|  0%| F|  |TAMS 0x000000070f500000, 0x000000070f500000| Untracked 
| 190|0x000000070f600000, 0x000000070f600000, 0x000000070f700000|  0%| F|  |TAMS 0x000000070f600000, 0x000000070f600000| Untracked 
| 191|0x000000070f700000, 0x000000070f700000, 0x000000070f800000|  0%| F|  |TAMS 0x000000070f700000, 0x000000070f700000| Untracked 
| 192|0x000000070f800000, 0x000000070f800000, 0x000000070f900000|  0%| F|  |TAMS 0x000000070f800000, 0x000000070f800000| Untracked 
| 193|0x000000070f900000, 0x000000070f900000, 0x000000070fa00000|  0%| F|  |TAMS 0x000000070f900000, 0x000000070f900000| Untracked 
| 194|0x000000070fa00000, 0x000000070fa00000, 0x000000070fb00000|  0%| F|  |TAMS 0x000000070fa00000, 0x000000070fa00000| Untracked 
| 195|0x000000070fb00000, 0x000000070fb00000, 0x000000070fc00000|  0%| F|  |TAMS 0x000000070fb00000, 0x000000070fb00000| Untracked 
| 196|0x000000070fc00000, 0x000000070fc00000, 0x000000070fd00000|  0%| F|  |TAMS 0x000000070fc00000, 0x000000070fc00000| Untracked 
| 197|0x000000070fd00000, 0x000000070fd00000, 0x000000070fe00000|  0%| F|  |TAMS 0x000000070fd00000, 0x000000070fd00000| Untracked 
| 198|0x000000070fe00000, 0x000000070fe00000, 0x000000070ff00000|  0%| F|  |TAMS 0x000000070fe00000, 0x000000070fe00000| Untracked 
| 199|0x000000070ff00000, 0x000000070ff00000, 0x0000000710000000|  0%| F|  |TAMS 0x000000070ff00000, 0x000000070ff00000| Untracked 
| 200|0x0000000710000000, 0x0000000710000000, 0x0000000710100000|  0%| F|  |TAMS 0x0000000710000000, 0x0000000710000000| Untracked 
| 201|0x0000000710100000, 0x0000000710100000, 0x0000000710200000|  0%| F|  |TAMS 0x0000000710100000, 0x0000000710100000| Untracked 
| 202|0x0000000710200000, 0x0000000710200000, 0x0000000710300000|  0%| F|  |TAMS 0x0000000710200000, 0x0000000710200000| Untracked 
| 203|0x0000000710300000, 0x0000000710300000, 0x0000000710400000|  0%| F|  |TAMS 0x0000000710300000, 0x0000000710300000| Untracked 
| 204|0x0000000710400000, 0x0000000710400000, 0x0000000710500000|  0%| F|  |TAMS 0x0000000710400000, 0x0000000710400000| Untracked 
| 205|0x0000000710500000, 0x0000000710500000, 0x0000000710600000|  0%| F|  |TAMS 0x0000000710500000, 0x0000000710500000| Untracked 
| 206|0x0000000710600000, 0x0000000710600000, 0x0000000710700000|  0%| F|  |TAMS 0x0000000710600000, 0x0000000710600000| Untracked 
| 207|0x0000000710700000, 0x0000000710700000, 0x0000000710800000|  0%| F|  |TAMS 0x0000000710700000, 0x0000000710700000| Untracked 
| 208|0x0000000710800000, 0x0000000710800000, 0x0000000710900000|  0%| F|  |TAMS 0x0000000710800000, 0x0000000710800000| Untracked 
| 209|0x0000000710900000, 0x0000000710900000, 0x0000000710a00000|  0%| F|  |TAMS 0x0000000710900000, 0x0000000710900000| Untracked 
| 210|0x0000000710a00000, 0x0000000710a00000, 0x0000000710b00000|  0%| F|  |TAMS 0x0000000710a00000, 0x0000000710a00000| Untracked 
| 211|0x0000000710b00000, 0x0000000710b00000, 0x0000000710c00000|  0%| F|  |TAMS 0x0000000710b00000, 0x0000000710b00000| Untracked 
| 212|0x0000000710c00000, 0x0000000710c00000, 0x0000000710d00000|  0%| F|  |TAMS 0x0000000710c00000, 0x0000000710c00000| Untracked 
| 213|0x0000000710d00000, 0x0000000710d00000, 0x0000000710e00000|  0%| F|  |TAMS 0x0000000710d00000, 0x0000000710d00000| Untracked 
| 214|0x0000000710e00000, 0x0000000710e00000, 0x0000000710f00000|  0%| F|  |TAMS 0x0000000710e00000, 0x0000000710e00000| Untracked 
| 215|0x0000000710f00000, 0x0000000710f00000, 0x0000000711000000|  0%| F|  |TAMS 0x0000000710f00000, 0x0000000710f00000| Untracked 
| 216|0x0000000711000000, 0x0000000711000000, 0x0000000711100000|  0%| F|  |TAMS 0x0000000711000000, 0x0000000711000000| Untracked 
| 217|0x0000000711100000, 0x0000000711100000, 0x0000000711200000|  0%| F|  |TAMS 0x0000000711100000, 0x0000000711100000| Untracked 
| 218|0x0000000711200000, 0x0000000711200000, 0x0000000711300000|  0%| F|  |TAMS 0x0000000711200000, 0x0000000711200000| Untracked 
| 219|0x0000000711300000, 0x0000000711300000, 0x0000000711400000|  0%| F|  |TAMS 0x0000000711300000, 0x0000000711300000| Untracked 
| 220|0x0000000711400000, 0x0000000711400000, 0x0000000711500000|  0%| F|  |TAMS 0x0000000711400000, 0x0000000711400000| Untracked 
| 221|0x0000000711500000, 0x0000000711500000, 0x0000000711600000|  0%| F|  |TAMS 0x0000000711500000, 0x0000000711500000| Untracked 
| 222|0x0000000711600000, 0x0000000711600000, 0x0000000711700000|  0%| F|  |TAMS 0x0000000711600000, 0x0000000711600000| Untracked 
| 223|0x0000000711700000, 0x0000000711700000, 0x0000000711800000|  0%| F|  |TAMS 0x0000000711700000, 0x0000000711700000| Untracked 
| 224|0x0000000711800000, 0x0000000711800000, 0x0000000711900000|  0%| F|  |TAMS 0x0000000711800000, 0x0000000711800000| Untracked 
| 225|0x0000000711900000, 0x0000000711900000, 0x0000000711a00000|  0%| F|  |TAMS 0x0000000711900000, 0x0000000711900000| Untracked 
| 226|0x0000000711a00000, 0x0000000711a00000, 0x0000000711b00000|  0%| F|  |TAMS 0x0000000711a00000, 0x0000000711a00000| Untracked 
| 227|0x0000000711b00000, 0x0000000711b00000, 0x0000000711c00000|  0%| F|  |TAMS 0x0000000711b00000, 0x0000000711b00000| Untracked 
| 228|0x0000000711c00000, 0x0000000711c00000, 0x0000000711d00000|  0%| F|  |TAMS 0x0000000711c00000, 0x0000000711c00000| Untracked 
| 229|0x0000000711d00000, 0x0000000711d00000, 0x0000000711e00000|  0%| F|  |TAMS 0x0000000711d00000, 0x0000000711d00000| Untracked 
| 230|0x0000000711e00000, 0x0000000711e00000, 0x0000000711f00000|  0%| F|  |TAMS 0x0000000711e00000, 0x0000000711e00000| Untracked 
| 231|0x0000000711f00000, 0x0000000711f00000, 0x0000000712000000|  0%| F|  |TAMS 0x0000000711f00000, 0x0000000711f00000| Untracked 
| 232|0x0000000712000000, 0x0000000712000000, 0x0000000712100000|  0%| F|  |TAMS 0x0000000712000000, 0x0000000712000000| Untracked 
| 233|0x0000000712100000, 0x0000000712100000, 0x0000000712200000|  0%| F|  |TAMS 0x0000000712100000, 0x0000000712100000| Untracked 
| 234|0x0000000712200000, 0x0000000712300000, 0x0000000712300000|100%| E|  |TAMS 0x0000000712200000, 0x0000000712200000| Complete 
| 235|0x0000000712300000, 0x0000000712400000, 0x0000000712400000|100%| E|CS|TAMS 0x0000000712300000, 0x0000000712300000| Complete 
| 236|0x0000000712400000, 0x0000000712500000, 0x0000000712500000|100%| E|CS|TAMS 0x0000000712400000, 0x0000000712400000| Complete 
| 237|0x0000000712500000, 0x0000000712600000, 0x0000000712600000|100%| E|  |TAMS 0x0000000712500000, 0x0000000712500000| Complete 
| 238|0x0000000712600000, 0x0000000712700000, 0x0000000712700000|100%| E|CS|TAMS 0x0000000712600000, 0x0000000712600000| Complete 
| 239|0x0000000712700000, 0x0000000712800000, 0x0000000712800000|100%| E|CS|TAMS 0x0000000712700000, 0x0000000712700000| Complete 
| 240|0x0000000712800000, 0x0000000712900000, 0x0000000712900000|100%| E|CS|TAMS 0x0000000712800000, 0x0000000712800000| Complete 
| 241|0x0000000712900000, 0x0000000712a00000, 0x0000000712a00000|100%| E|CS|TAMS 0x0000000712900000, 0x0000000712900000| Complete 
| 242|0x0000000712a00000, 0x0000000712b00000, 0x0000000712b00000|100%| E|CS|TAMS 0x0000000712a00000, 0x0000000712a00000| Complete 
| 243|0x0000000712b00000, 0x0000000712c00000, 0x0000000712c00000|100%| E|CS|TAMS 0x0000000712b00000, 0x0000000712b00000| Complete 
| 244|0x0000000712c00000, 0x0000000712d00000, 0x0000000712d00000|100%| E|CS|TAMS 0x0000000712c00000, 0x0000000712c00000| Complete 
| 245|0x0000000712d00000, 0x0000000712e00000, 0x0000000712e00000|100%| E|CS|TAMS 0x0000000712d00000, 0x0000000712d00000| Complete 
| 246|0x0000000712e00000, 0x0000000712f00000, 0x0000000712f00000|100%| E|CS|TAMS 0x0000000712e00000, 0x0000000712e00000| Complete 
| 247|0x0000000712f00000, 0x0000000713000000, 0x0000000713000000|100%| E|CS|TAMS 0x0000000712f00000, 0x0000000712f00000| Complete 
| 248|0x0000000713000000, 0x0000000713100000, 0x0000000713100000|100%| E|CS|TAMS 0x0000000713000000, 0x0000000713000000| Complete 
| 249|0x0000000713100000, 0x0000000713200000, 0x0000000713200000|100%| E|CS|TAMS 0x0000000713100000, 0x0000000713100000| Complete 
| 250|0x0000000713200000, 0x0000000713300000, 0x0000000713300000|100%| E|CS|TAMS 0x0000000713200000, 0x0000000713200000| Complete 
| 251|0x0000000713300000, 0x0000000713400000, 0x0000000713400000|100%| E|CS|TAMS 0x0000000713300000, 0x0000000713300000| Complete 
| 252|0x0000000713400000, 0x0000000713500000, 0x0000000713500000|100%| E|CS|TAMS 0x0000000713400000, 0x0000000713400000| Complete 
| 253|0x0000000713500000, 0x0000000713600000, 0x0000000713600000|100%| E|CS|TAMS 0x0000000713500000, 0x0000000713500000| Complete 

Card table byte_map: [0x000002c3799a0000,0x000002c37a190000] _byte_map_base: 0x000002c376184000

Marking Bits (Prev, Next): (CMBitMap*) 0x000002c372e38d78, (CMBitMap*) 0x000002c372e38db0
 Prev Bits: [0x000002c37a980000, 0x000002c37e8a0000)
 Next Bits: [0x000002c30f000000, 0x000002c312f20000)

Polling page: 0x000002c372eb0000

Metaspace:

Usage:
  Non-class:      9.70 MB capacity,     9.66 MB (>99%) used,    40.98 KB ( <1%) free+waste,     7.00 KB ( <1%) overhead. 
      Class:    855.00 KB capacity,   813.95 KB ( 95%) used,    39.17 KB (  5%) free+waste,     1.88 KB ( <1%) overhead. 
       Both:     10.54 MB capacity,    10.45 MB (>99%) used,    80.15 KB ( <1%) free+waste,     8.88 KB ( <1%) overhead. 

Virtual space:
  Non-class space:       10.00 MB reserved,      10.00 MB (100%) committed 
      Class space:        1.00 GB reserved,     896.00 KB ( <1%) committed 
             Both:        1.01 GB reserved,      10.88 MB (  1%) committed 

Chunk freelists:
   Non-Class:  112.00 KB
       Class:  9.00 KB
        Both:  121.00 KB

MaxMetaspaceSize: 17179869184.00 GB
CompressedClassSpaceSize: 1.00 GB
Initial GC threshold: 20.80 MB
Current GC threshold: 20.80 MB
CDS: off

CodeHeap 'non-profiled nmethods': size=119168Kb used=576Kb max_used=576Kb free=118591Kb
 bounds [0x000002c307ba0000, 0x000002c307e10000, 0x000002c30f000000]
CodeHeap 'profiled nmethods': size=119168Kb used=2545Kb max_used=2545Kb free=116622Kb
 bounds [0x000002c300740000, 0x000002c3009c0000, 0x000002c307ba0000]
CodeHeap 'non-nmethods': size=7424Kb used=1257Kb max_used=2963Kb free=6166Kb
 bounds [0x000002c300000000, 0x000002c3002f0000, 0x000002c300740000]
 total_blobs=1888 nmethods=1339 adapters=462
 compilation: enabled
              stopped_count=0, restarted_count=0
 full_count=0

Compilation events (20 events):
Event: 40.680 Thread 0x000002c37fb18800 1330       4       java.nio.HeapByteBuffer::put (175 bytes)
Event: 40.682 Thread 0x000002c37fb18800 nmethod 1330 0x000002c307c2c190 code [0x000002c307c2c340, 0x000002c307c2c678]
Event: 41.130 Thread 0x000002c37fb18800 1331       4       java.lang.Long::reverseBytes (46 bytes)
Event: 41.130 Thread 0x000002c37fb18800 nmethod 1331 0x000002c307c2c990 code [0x000002c307c2cb20, 0x000002c307c2cbb8]
Event: 42.713 Thread 0x000002c37fb18800 1332       4       com.badlogic.gdx.physics.box2d.Body::getLinearVelocity (43 bytes)
Event: 42.713 Thread 0x000002c37fb18800 nmethod 1332 0x000002c307c2cc90 code [0x000002c307c2ce40, 0x000002c307c2cf48]
Event: 42.862 Thread 0x000002c37fb18800 1333       4       java.util.HashMap::get (23 bytes)
Event: 42.866 Thread 0x000002c37fb18800 nmethod 1333 0x000002c307c2d090 code [0x000002c307c2d260, 0x000002c307c2d878]
Event: 45.512 Thread 0x000002c37fb18800 1334       4       com.badlogic.gdx.utils.Array::clear (19 bytes)
Event: 45.515 Thread 0x000002c37fb18800 nmethod 1334 0x000002c307c2dc10 code [0x000002c307c2dda0, 0x000002c307c2e098]
Event: 45.563 Thread 0x000002c37fb18800 1335       4       com.badlogic.gdx.physics.box2d.World::preSolve (41 bytes)
Event: 45.564 Thread 0x000002c37fb18800 nmethod 1335 0x000002c307c2e210 code [0x000002c307c2e3c0, 0x000002c307c2e4c8]
Event: 45.779 Thread 0x000002c37fb18800 1336       4       java.nio.ByteBuffer::limit (6 bytes)
Event: 45.780 Thread 0x000002c37fb18800 nmethod 1336 0x000002c307c2e610 code [0x000002c307c2e7a0, 0x000002c307c2e898]
Event: 45.930 Thread 0x000002c37fb18800 1337       4       com.badlogic.gdx.math.Vector3::crs (62 bytes)
Event: 45.930 Thread 0x000002c37fb18800 nmethod 1337 0x000002c307c2ea10 code [0x000002c307c2eba0, 0x000002c307c2ec58]
Event: 45.946 Thread 0x000002c37fb18800 1338  s    4       org.lwjgl.opengl.EventQueue::copyEvents (77 bytes)
Event: 45.950 Thread 0x000002c37fb18800 nmethod 1338 0x000002c307c2ed10 code [0x000002c307c2eee0, 0x000002c307c2f718]
Event: 46.079 Thread 0x000002c37fb18800 1339       4       jdk.internal.misc.Unsafe::checkNativeAddress (28 bytes)
Event: 46.080 Thread 0x000002c37fb18800 nmethod 1339 0x000002c307c2fd90 code [0x000002c307c2ff20, 0x000002c307c2ff78]

GC Heap History (0 events):
No events

Deoptimization events (20 events):
Event: 0.129 Thread 0x000002c372dd1800 Uncommon trap: trap_request=0xffffff4d fr.pc=0x000002c307bac580 relative=0x0000000000000060
Event: 0.129 Thread 0x000002c372dd1800 Uncommon trap: reason=unstable_if action=reinterpret pc=0x000002c307bac580 method=java.io.WinNTFileSystem.isSlash(C)Z @ 9 c2
Event: 0.129 Thread 0x000002c372dd1800 DEOPT PACKING pc=0x000002c307bac580 sp=0x000000de80efebc0
Event: 0.129 Thread 0x000002c372dd1800 DEOPT UNPACKING pc=0x000002c30004a1af sp=0x000000de80efeb48 mode 2
Event: 0.156 Thread 0x000002c372dd1800 DEOPT PACKING pc=0x000002c30077057f sp=0x000000de80efcdc0
Event: 0.156 Thread 0x000002c372dd1800 DEOPT UNPACKING pc=0x000002c30004a95e sp=0x000000de80efc210 mode 0
Event: 0.474 Thread 0x000002c315b96000 DEOPT PACKING pc=0x000002c300784ec2 sp=0x000000de821fe040
Event: 0.474 Thread 0x000002c315b96000 DEOPT UNPACKING pc=0x000002c30004a95e sp=0x000000de821fd4a8 mode 0
Event: 0.479 Thread 0x000002c315b96000 DEOPT PACKING pc=0x000002c300770bd0 sp=0x000000de821fc600
Event: 0.479 Thread 0x000002c315b96000 DEOPT UNPACKING pc=0x000002c30004a95e sp=0x000000de821fba88 mode 0
Event: 0.933 Thread 0x000002c315b96000 DEOPT PACKING pc=0x000002c30079021b sp=0x000000de821fe130
Event: 0.933 Thread 0x000002c315b96000 DEOPT UNPACKING pc=0x000002c30004a95e sp=0x000000de821fd5a0 mode 0
Event: 1.328 Thread 0x000002c315b96000 DEOPT PACKING pc=0x000002c3008e26f7 sp=0x000000de821fef90
Event: 1.328 Thread 0x000002c315b96000 DEOPT UNPACKING pc=0x000002c30004a95e sp=0x000000de821fe3b8 mode 0
Event: 1.530 Thread 0x000002c315b96000 DEOPT PACKING pc=0x000002c3008fb402 sp=0x000000de821ff0a0
Event: 1.530 Thread 0x000002c315b96000 DEOPT UNPACKING pc=0x000002c30004a95e sp=0x000000de821fe628 mode 0
Event: 6.312 Thread 0x000002c315b96000 Uncommon trap: trap_request=0xffffff4d fr.pc=0x000002c307bfdffc relative=0x00000000000000dc
Event: 6.312 Thread 0x000002c315b96000 Uncommon trap: reason=unstable_if action=reinterpret pc=0x000002c307bfdffc method=com.badlogic.gdx.utils.Array.iterator()Lcom/badlogic/gdx/utils/Array$ArrayIterator; @ 20 c2
Event: 6.312 Thread 0x000002c315b96000 DEOPT PACKING pc=0x000002c307bfdffc sp=0x000000de821fef40
Event: 6.312 Thread 0x000002c315b96000 DEOPT UNPACKING pc=0x000002c30004a1af sp=0x000000de821feed8 mode 2

Classes redefined (0 events):
No events

Internal exceptions (8 events):
Event: 0.159 Thread 0x000002c372dd1800 Exception <a 'java/security/PrivilegedActionException'{0x0000000713160330}> (0x0000000713160330) thrown at [./src/hotspot/share/prims/jvm.cpp, line 1306]
Event: 0.159 Thread 0x000002c372dd1800 Exception <a 'java/security/PrivilegedActionException'{0x0000000713162b10}> (0x0000000713162b10) thrown at [./src/hotspot/share/prims/jvm.cpp, line 1306]
Event: 0.159 Thread 0x000002c372dd1800 Exception <a 'java/security/PrivilegedActionException'{0x0000000713163b08}> (0x0000000713163b08) thrown at [./src/hotspot/share/prims/jvm.cpp, line 1306]
Event: 0.161 Thread 0x000002c372dd1800 Exception <a 'java/security/PrivilegedActionException'{0x0000000713175b90}> (0x0000000713175b90) thrown at [./src/hotspot/share/prims/jvm.cpp, line 1306]
Event: 0.161 Thread 0x000002c372dd1800 Exception <a 'java/security/PrivilegedActionException'{0x0000000713176750}> (0x0000000713176750) thrown at [./src/hotspot/share/prims/jvm.cpp, line 1306]
Event: 0.161 Thread 0x000002c372dd1800 Exception <a 'java/security/PrivilegedActionException'{0x00000007131772d0}> (0x00000007131772d0) thrown at [./src/hotspot/share/prims/jvm.cpp, line 1306]
Event: 0.524 Thread 0x000002c315b96000 Exception <a 'org/lwjgl/LWJGLException'{0x0000000712f22760}: Failed to set device gamma.> (0x0000000712f22760) thrown at [./src/hotspot/share/prims/jni.cpp, line 637]
Event: 6.312 Thread 0x000002c315b96000 Implicit null exception at 0x000002c307bfdf64 to 0x000002c307bfdfe8

Events (20 events):
Event: 3.766 loading class com/mygdx/game/RayHitInfo
Event: 3.766 loading class com/mygdx/game/RayHitInfo done
Event: 5.315 Loaded shared library C:\Users\dougl\AppData\Local\Temp\libgdxdougl\1cecf4f6\lwjgl64.dll
Event: 5.329 Loaded shared library C:\Users\dougl\AppData\Local\Temp\libgdxdougl\e1cd32f8\gdx64.dll
Event: 6.411 Thread 0x000002c31765b000 Thread exited: 0x000002c31765b000
Event: 6.796 Thread 0x000002c31765d800 Thread exited: 0x000002c31765d800
Event: 6.998 Thread 0x000002c37fcc3800 Thread exited: 0x000002c37fcc3800
Event: 7.465 Loaded shared library C:\Users\dougl\AppData\Local\Temp\libgdxdougl\1cecf4f6\lwjgl64.dll
Event: 7.465 Loaded shared library C:\Users\dougl\AppData\Local\Temp\libgdxdougl\1cecf4f6\lwjgl64.dll
Event: 7.483 Thread 0x000002c37fcc3800 Thread added: 0x000002c37fcc3800
Event: 7.483 Thread 0x000002c31765d800 Thread added: 0x000002c31765d800
Event: 7.483 Thread 0x000002c31765b000 Thread added: 0x000002c31765b000
Event: 8.263 Thread 0x000002c31765b000 Thread exited: 0x000002c31765b000
Event: 9.712 Thread 0x000002c31765d800 Thread exited: 0x000002c31765d800
Event: 11.262 Thread 0x000002c37fcc3800 Thread exited: 0x000002c37fcc3800
Event: 21.930 Loaded shared library C:\Users\dougl\AppData\Local\Temp\libgdxdougl\1cecf4f6\lwjgl64.dll
Event: 33.246 loading class com/badlogic/gdx/utils/Pool$Poolable
Event: 33.246 loading class com/badlogic/gdx/utils/Pool$Poolable done
Event: 46.963 loading class com/badlogic/gdx/backends/lwjgl/LwjglApplication$2
Event: 46.963 loading class com/badlogic/gdx/backends/lwjgl/LwjglApplication$2 done


Dynamic libraries:
0x00007ff72c700000 - 0x00007ff72c70a000 	D:\Apps\IntelliJ IDEA\IntelliJ IDEA Community Edition 2021.3\jbr\bin\java.exe
0x00007fffb4cd0000 - 0x00007fffb4ec5000 	C:\Windows\SYSTEM32\ntdll.dll
0x00007fffb4ba0000 - 0x00007fffb4c5e000 	C:\Windows\System32\KERNEL32.DLL
0x00007fffb26f0000 - 0x00007fffb29b8000 	C:\Windows\System32\KERNELBASE.dll
0x00007fffaab60000 - 0x00007fffaab79000 	D:\Apps\IntelliJ IDEA\IntelliJ IDEA Community Edition 2021.3\jbr\bin\jli.dll
0x00007fffb2540000 - 0x00007fffb2640000 	C:\Windows\System32\ucrtbase.dll
0x00007fffa2670000 - 0x00007fffa2687000 	D:\Apps\IntelliJ IDEA\IntelliJ IDEA Community Edition 2021.3\jbr\bin\VCRUNTIME140.dll
0x00007fffb31a0000 - 0x00007fffb3341000 	C:\Windows\System32\USER32.dll
0x00007fffa3940000 - 0x00007fffa3bda000 	C:\Windows\WinSxS\amd64_microsoft.windows.common-controls_6595b64144ccf1df_6.0.19041.1110_none_60b5254171f9507e\COMCTL32.dll
0x00007fffb2c80000 - 0x00007fffb2ca2000 	C:\Windows\System32\win32u.dll
0x00007fffb44a0000 - 0x00007fffb453e000 	C:\Windows\System32\msvcrt.dll
0x00007fffb4930000 - 0x00007fffb495b000 	C:\Windows\System32\GDI32.dll
0x00007fffb2a80000 - 0x00007fffb2b8d000 	C:\Windows\System32\gdi32full.dll
0x00007fffb2be0000 - 0x00007fffb2c7d000 	C:\Windows\System32\msvcp_win.dll
0x00007fffb4c60000 - 0x00007fffb4c90000 	C:\Windows\System32\IMM32.DLL
0x00007fff8b670000 - 0x00007fff8b70d000 	D:\Apps\IntelliJ IDEA\IntelliJ IDEA Community Edition 2021.3\jbr\bin\msvcp140.dll
0x00007ffee8d10000 - 0x00007ffee9886000 	D:\Apps\IntelliJ IDEA\IntelliJ IDEA Community Edition 2021.3\jbr\bin\server\jvm.dll
0x00007fffb4280000 - 0x00007fffb432c000 	C:\Windows\System32\ADVAPI32.dll
0x00007fffb49d0000 - 0x00007fffb4a6b000 	C:\Windows\System32\sechost.dll
0x00007fffb3350000 - 0x00007fffb347a000 	C:\Windows\System32\RPCRT4.dll
0x00007fffb43c0000 - 0x00007fffb43c8000 	C:\Windows\System32\PSAPI.DLL
0x00007fffaab50000 - 0x00007fffaab59000 	C:\Windows\SYSTEM32\WSOCK32.dll
0x00007fffa5d20000 - 0x00007fffa5d47000 	C:\Windows\SYSTEM32\WINMM.dll
0x00007fffaae30000 - 0x00007fffaae3a000 	C:\Windows\SYSTEM32\VERSION.dll
0x00007fffb4960000 - 0x00007fffb49cb000 	C:\Windows\System32\WS2_32.dll
0x00007fffb04d0000 - 0x00007fffb04e2000 	C:\Windows\SYSTEM32\kernel.appcore.dll
0x00007fffaab30000 - 0x00007fffaab41000 	D:\Apps\IntelliJ IDEA\IntelliJ IDEA Community Edition 2021.3\jbr\bin\verify.dll
0x00007fffb0050000 - 0x00007fffb0234000 	C:\Windows\SYSTEM32\DBGHELP.DLL
0x00007fffaab00000 - 0x00007fffaab2c000 	C:\Windows\SYSTEM32\dbgcore.DLL
0x00007fffb29f0000 - 0x00007fffb2a72000 	C:\Windows\System32\bcryptPrimitives.dll
0x00007fff8b5a0000 - 0x00007fff8b5c9000 	D:\Apps\IntelliJ IDEA\IntelliJ IDEA Community Edition 2021.3\jbr\bin\java.dll
0x00007fffa2660000 - 0x00007fffa266b000 	D:\Apps\IntelliJ IDEA\IntelliJ IDEA Community Edition 2021.3\jbr\bin\jimage.dll
0x00007fffa2590000 - 0x00007fffa25a8000 	D:\Apps\IntelliJ IDEA\IntelliJ IDEA Community Edition 2021.3\jbr\bin\zip.dll
0x00007fffb34e0000 - 0x00007fffb3c24000 	C:\Windows\System32\SHELL32.dll
0x00007fffb04f0000 - 0x00007fffb0c84000 	C:\Windows\SYSTEM32\windows.storage.dll
0x00007fffb45d0000 - 0x00007fffb4925000 	C:\Windows\System32\combase.dll
0x00007fffb1e30000 - 0x00007fffb1e5e000 	C:\Windows\SYSTEM32\Wldp.dll
0x00007fffb3cf0000 - 0x00007fffb3d9d000 	C:\Windows\System32\SHCORE.dll
0x00007fffb3c30000 - 0x00007fffb3c85000 	C:\Windows\System32\shlwapi.dll
0x00007fffb2320000 - 0x00007fffb233f000 	C:\Windows\SYSTEM32\profapi.dll
0x00007fff95530000 - 0x00007fff9554a000 	D:\Apps\IntelliJ IDEA\IntelliJ IDEA Community Edition 2021.3\jbr\bin\net.dll
0x00007fffa7f90000 - 0x00007fffa809c000 	C:\Windows\SYSTEM32\WINHTTP.dll
0x00007fffb1b90000 - 0x00007fffb1bfa000 	C:\Windows\system32\mswsock.dll
0x00007fff8ba80000 - 0x00007fff8ba94000 	D:\Apps\IntelliJ IDEA\IntelliJ IDEA Community Edition 2021.3\jbr\bin\nio.dll
0x000000006e700000 - 0x000000006e72a000 	C:\Users\dougl\AppData\Local\Temp\libgdxdougl\e1cd32f8\gdx64.dll
0x0000000180000000 - 0x0000000180053000 	C:\Users\dougl\AppData\Local\Temp\libgdxdougl\1cecf4f6\lwjgl64.dll
0x00007fff71a60000 - 0x00007fff71b85000 	C:\Windows\SYSTEM32\OPENGL32.dll
0x00007fff9f7c0000 - 0x00007fff9f7ec000 	C:\Windows\SYSTEM32\GLU32.dll
0x000002c315f90000 - 0x000002c315ff4000 	C:\Users\dougl\AppData\Local\Temp\libgdxdougl\1cecf4f6\OpenAL64.dll
0x00007fffb4a70000 - 0x00007fffb4b9a000 	C:\Windows\System32\ole32.dll
0x00007fffafa60000 - 0x00007fffafafe000 	C:\Windows\system32\uxtheme.dll
0x00007fff0a380000 - 0x00007fff0a47c000 	C:\ProgramData\A-Volute\DellInc.AlienwareSoundCenter\Modules\ScheduledModules\x64\DellInc.AlienwareSoundCenterDevProps2.dll
0x00007fff0bf90000 - 0x00007fff0c03d000 	C:\ProgramData\A-Volute\DellInc.AlienwareSoundCenter\Modules\ScheduledModules\x64\NahimicOSD.dll
0x00007fffa2420000 - 0x00007fffa2441000 	C:\ProgramData\A-Volute\DellInc.AlienwareSoundCenter\Modules\ScheduledModules\x64\ProductInfo.dll
0x00007fffb3e80000 - 0x00007fffb3f29000 	C:\Windows\System32\clbcatq.dll
0x00007fffacbb0000 - 0x00007fffacc35000 	C:\Windows\System32\MMDevApi.dll
0x00007fffb2180000 - 0x00007fffb21b4000 	C:\Windows\System32\DEVOBJ.dll
0x00007fffb2b90000 - 0x00007fffb2bde000 	C:\Windows\System32\cfgmgr32.dll
0x00007fffaceb0000 - 0x00007fffad031000 	C:\Windows\SYSTEM32\AudioSes.dll
0x00007fffb43d0000 - 0x00007fffb449d000 	C:\Windows\System32\OLEAUT32.dll
0x00007fffb1950000 - 0x00007fffb199b000 	C:\Windows\SYSTEM32\powrprof.dll
0x00007fffb1810000 - 0x00007fffb1822000 	C:\Windows\SYSTEM32\UMPDC.dll
0x00007fffada40000 - 0x00007fffadb36000 	C:\Windows\SYSTEM32\PropSys.dll
0x00007fffa57e0000 - 0x00007fffa587c000 	C:\Windows\SYSTEM32\dsound.dll
0x00007fffa5580000 - 0x00007fffa55a6000 	C:\Windows\SYSTEM32\winmmbase.dll
0x00007fffafb50000 - 0x00007fffafb64000 	C:\Windows\SYSTEM32\resourcepolicyclient.dll
0x00007fff944e0000 - 0x00007fff9458e000 	C:\Windows\SYSTEM32\mscms.dll
0x00007fffb22a0000 - 0x00007fffb22ce000 	C:\Windows\SYSTEM32\USERENV.dll
0x00007fff944c0000 - 0x00007fff944d1000 	C:\Windows\SYSTEM32\ColorAdapterClient.dll
0x00007fffb3f30000 - 0x00007fffb4045000 	C:\Windows\System32\MSCTF.dll
0x00007fff95a00000 - 0x00007fff95af9000 	C:\Windows\SYSTEM32\textinputframework.dll
0x00007fffaf4e0000 - 0x00007fffaf83e000 	C:\Windows\System32\CoreUIComponents.dll
0x00007fffaf2e0000 - 0x00007fffaf3d2000 	C:\Windows\System32\CoreMessaging.dll
0x00007fffb10d0000 - 0x00007fffb1103000 	C:\Windows\SYSTEM32\ntmarta.dll
0x00007fffadf80000 - 0x00007fffae0d4000 	C:\Windows\SYSTEM32\wintypes.dll
0x00007fff9f360000 - 0x00007fff9f3c6000 	C:\Windows\system32\Oleacc.dll
0x00007fffaa460000 - 0x00007fffaa559000 	C:\Windows\System32\AppXDeploymentClient.dll
0x00007ffec2d00000 - 0x00007ffec5817000 	C:\Windows\System32\DriverStore\FileRepository\nvddi.inf_amd64_825a4c41796dab48\nvoglv64.dll
0x00007fffb2d10000 - 0x00007fffb3182000 	C:\Windows\System32\SETUPAPI.dll
0x00007fffb29c0000 - 0x00007fffb29e7000 	C:\Windows\System32\bcrypt.dll
0x00007fffadbd0000 - 0x00007fffadbe4000 	C:\Windows\SYSTEM32\WTSAPI32.dll
0x00007fffb1fc0000 - 0x00007fffb1fd2000 	C:\Windows\SYSTEM32\msasn1.dll
0x00007fffaac50000 - 0x00007fffaac81000 	C:\Windows\SYSTEM32\cryptnet.dll
0x00007fffb23e0000 - 0x00007fffb2536000 	C:\Windows\System32\CRYPT32.dll
0x00007fffa8940000 - 0x00007fffa8a8a000 	C:\Windows\SYSTEM32\drvstore.dll
0x00007fffb1da0000 - 0x00007fffb1dac000 	C:\Windows\SYSTEM32\cryptbase.dll
0x00007fffb2cb0000 - 0x00007fffb2d10000 	C:\Windows\System32\WINTRUST.dll
0x00007fffac940000 - 0x00007fffac97b000 	C:\Windows\SYSTEM32\dxcore.dll
0x00007fff77eb0000 - 0x00007fff78173000 	C:\Windows\system32\nvspcap64.dll
0x00007fffafc50000 - 0x00007fffafc7f000 	C:\Windows\SYSTEM32\dwmapi.dll
0x00007fff924c0000 - 0x00007fff92503000 	C:\Windows\SYSTEM32\icm32.dll
0x00007fffb12e0000 - 0x00007fffb133a000 	C:\Windows\SYSTEM32\WINSTA.dll
0x00007fffa9750000 - 0x00007fffa9920000 	C:\Windows\SYSTEM32\d3d9.dll
0x00007fffb4200000 - 0x00007fffb421d000 	C:\Windows\System32\imagehlp.dll
0x00007fffb1d80000 - 0x00007fffb1d98000 	C:\Windows\SYSTEM32\CRYPTSP.dll
0x00007fffb14a0000 - 0x00007fffb14d4000 	C:\Windows\system32\rsaenh.dll
0x0000000066b00000 - 0x0000000066b5b000 	C:\Users\dougl\AppData\Local\Temp\libgdxdougl\a14961b7\gdx-box2d64.dll

dbghelp: loaded successfully - version: 4.0.5 - missing functions: none
symbol engine: initialized successfully - sym options: 0x614 - pdb path: .;D:\Apps\IntelliJ IDEA\IntelliJ IDEA Community Edition 2021.3\jbr\bin;C:\Windows\SYSTEM32;C:\Windows\WinSxS\amd64_microsoft.windows.common-controls_6595b64144ccf1df_6.0.19041.1110_none_60b5254171f9507e;D:\Apps\IntelliJ IDEA\IntelliJ IDEA Community Edition 2021.3\jbr\bin\server;C:\Users\dougl\AppData\Local\Temp\libgdxdougl\e1cd32f8;C:\Users\dougl\AppData\Local\Temp\libgdxdougl\1cecf4f6;C:\ProgramData\A-Volute\DellInc.AlienwareSoundCenter\Modules\ScheduledModules\x64;C:\Windows\System32\DriverStore\FileRepository\nvddi.inf_amd64_825a4c41796dab48;C:\Users\dougl\AppData\Local\Temp\libgdxdougl\a14961b7

VM Arguments:
jvm_args: -Dfile.encoding=windows-1252 -Duser.country=CA -Duser.language=en -Duser.variant 
java_command: com.mygdx.game.desktop.DesktopLauncher
java_class_path (initial): D:\Documents\GitHub\PortalGame\PortalGame\desktop\build\classes\java\main;D:\Documents\GitHub\PortalGame\PortalGame\desktop\build\resources\main;C:\Users\dougl\.gradle\caches\modules-2\files-2.1\com.badlogicgames.gdx\gdx-tools\1.10.0\d699cf4953fb42a071c7c3feb9b5c45601aa6a4b\gdx-tools-1.10.0.jar;C:\Users\dougl\.gradle\caches\modules-2\files-2.1\com.badlogicgames.gdx\gdx-backend-lwjgl\1.10.0\58ff89d9e4fd8a82591367f187d606e781cacc05\gdx-backend-lwjgl-1.10.0.jar;C:\Users\dougl\.gradle\caches\modules-2\files-2.1\com.badlogicgames.gdx\gdx-platform\1.10.0\9a8fa793d2fd6d360afc6c9e4c1f5583da263b88\gdx-platform-1.10.0-natives-desktop.jar;C:\Users\dougl\.gradle\caches\modules-2\files-2.1\com.badlogicgames.gdx\gdx-box2d-platform\1.10.0\588c4191c5a64ed39365e71484aa37d81c38eb5e\gdx-box2d-platform-1.10.0-natives-desktop.jar;C:\Users\dougl\.gradle\caches\modules-2\files-2.1\com.badlogicgames.gdx\gdx-bullet-platform\1.10.0\ce92e8dfc762523d769cbc50853163c03bf98cf1\gdx-bullet-platform-1.10.0-natives-desktop.jar;C:\Users\dougl\.gradle\caches\modules-2\files-2.1\com.badlogicgames.gdx\gdx-freetype-platform\1.10.0\6e5d28752759e69384f12e4569d2c884ff71352f\gdx-freetype-platform-1.10.0-natives-desktop.jar;D:\Documents\GitHub\PortalGame\PortalGame\core\build\libs\core-1.0.jar;C:\Users\dougl\.gradle\caches\modules-2\files-2.1\com.badlogicgames.gdx\gdx-backend-headless\1.10.0\990eadbb431197c5b9b816d1659c772e0268e65\gdx-backend-headless-1.10.0.jar;C:\Users\dougl\.gradle\caches\modules-2\files-2.1\com.badlogicgames.gdx\gdx-freetype\1.10.0\de1d0d5c1e92e8d91364256fd6b7bb279d3e9859\gdx-freetype-1.10.0.jar;C:\Users\dougl\.gradle\caches\modules-2\files-2.1\com.badlogicgames.box2dlights\box2dlights\1.5\6902dbcd250c95a27973aa24a147a95b3828d348\box2dlights-1.5.jar;C:\Users\dougl\.gradle\caches\modules-2\files-2.1\com.badlogicgames.gdx\gdx-box2d\1.10.0\b3a3c0f00b90716238835434d0ae8985604c37f8\gdx-box2d-1.10.0.jar;C:\Users\dougl\.gradle\caches\modules-2\files-2.1\com.badlogicga
Launcher Type: SUN_STANDARD

[Global flags]
     intx CICompilerCount                          = 12                                        {product} {ergonomic}
     uint ConcGCThreads                            = 3                                         {product} {ergonomic}
     uint G1ConcRefinementThreads                  = 13                                        {product} {ergonomic}
   size_t G1HeapRegionSize                         = 1048576                                   {product} {ergonomic}
    uintx GCDrainStackTargetSize                   = 64                                        {product} {ergonomic}
   size_t InitialHeapSize                          = 266338304                                 {product} {ergonomic}
   size_t MarkStackSize                            = 4194304                                   {product} {ergonomic}
   size_t MaxHeapSize                              = 4236247040                                {product} {ergonomic}
   size_t MaxNewSize                               = 2541748224                                {product} {ergonomic}
   size_t MinHeapDeltaBytes                        = 1048576                                   {product} {ergonomic}
    uintx NonNMethodCodeHeapSize                   = 7594288                                {pd product} {ergonomic}
    uintx NonProfiledCodeHeapSize                  = 122031976                              {pd product} {ergonomic}
    uintx ProfiledCodeHeapSize                     = 122031976                              {pd product} {ergonomic}
    uintx ReservedCodeCacheSize                    = 251658240                              {pd product} {ergonomic}
     bool SegmentedCodeCache                       = true                                      {product} {ergonomic}
     bool UseCompressedClassPointers               = true                                 {lp64_product} {ergonomic}
     bool UseCompressedOops                        = true                                 {lp64_product} {ergonomic}
     bool UseG1GC                                  = true                                      {product} {ergonomic}
     bool UseLargePagesIndividualAllocation        = false                                  {pd product} {ergonomic}

Logging:
Log output configuration:
 #0: stdout all=warning uptime,level,tags
 #1: stderr all=off uptime,level,tags

Environment Variables:
PATH=C:\Program Files (x86)\Common Files\Oracle\Java\javapath;C:\Windows\system32;C:\Windows;C:\Windows\System32\Wbem;C:\Windows\System32\WindowsPowerShell\v1.0\;C:\Windows\System32\OpenSSH\;C:\Program Files\NVIDIA Corporation\NVIDIA NvDLISR;C:\Program Files\dotnet\;C:\Program Files\Git\cmd;C:\ProgramData\chocolatey\bin;C:\Program Files (x86)\NVIDIA Corporation\PhysX\Common;C:\msys64\mingw64\bin;C:\Users\dougl\AppData\Local\Microsoft\WindowsApps;C:\Users\dougl\AppData\Local\Programs\Microsoft VS Code\bin;C:\Users\dougl\.dotnet\tools;C:\Users\dougl\AppData\Local\GitHubDesktop\bin;D:\Apps\IntelliJ IDEA\IntelliJ IDEA Community Edition 2021.3\bin;
USERNAME=dougl
OS=Windows_NT
PROCESSOR_IDENTIFIER=Intel64 Family 6 Model 165 Stepping 5, GenuineIntel



---------------  S Y S T E M  ---------------

OS: Windows 10 , 64 bit Build 19041 (10.0.19041.1348)
OS uptime: 7 days 14:13 hours

CPU:total 16 (initial active 16) (8 cores per cpu, 2 threads per core) family 6 model 165 stepping 5 microcode 0xec, cmov, cx8, fxsr, mmx, sse, sse2, sse3, ssse3, sse4.1, sse4.2, popcnt, avx, avx2, aes, clmul, erms, 3dnowpref, lzcnt, ht, tsc, tscinvbit, bmi1, bmi2, adx, fma

Memory: 4k page, system-wide physical 16154M (3160M free)
TotalPageFile size 31002M (AvailPageFile size 5835M)
current process WorkingSet (physical memory assigned to process): 123M, peak: 146M
current process commit charge ("private bytes"): 440M, peak: 465M

vm_info: OpenJDK 64-Bit Server VM (11.0.13+7-b1751.19) for windows-amd64 JRE (11.0.13+7-b1751.19), built on Nov  9 2021 11:31:28 by "" with MS VC++ 14.0 (VS2015)

END.
