#
# A fatal error has been detected by the Java Runtime Environment:
#
#  EXCEPTION_ACCESS_VIOLATION (0xc0000005) at pc=0x0000000066b1f8ac, pid=15136, tid=17648
#
# JRE version: OpenJDK Runtime Environment Zulu15.36+13-CA (15.0.5+3) (build 15.0.5+3-MTS)
# Java VM: OpenJDK 64-Bit Server VM Zulu15.36+13-CA (15.0.5+3-MTS, mixed mode, sharing, tiered, compressed oops, g1 gc, windows-amd64)
# Problematic frame:
# C  [gdx-box2d64.dll+0x1f8ac]
#
# No core dump will be written. Minidumps are not enabled by default on client versions of Windows
#
# If you would like to submit a bug report, please visit:
#   http://www.azul.com/support/
# The crash happened outside the Java Virtual Machine in native code.
# See problematic frame for where to report the bug.
#

---------------  S U M M A R Y ------------

Command Line: -Dfile.encoding=windows-1252 -Duser.country=CA -Duser.language=en -Duser.variant com.mygdx.game.desktop.DesktopLauncher

Host: Intel(R) Core(TM) i7-10700F CPU @ 2.90GHz, 16 cores, 15G,  Windows 10 , 64 bit Build 19041 (10.0.19041.1348)
Time: Wed Dec 22 15:27:40 2021 Eastern Standard Time elapsed time: 28.965691 seconds (0d 0h 0m 28s)

---------------  T H R E A D  ---------------

Current thread (0x0000025c8221ac40):  JavaThread "LWJGL Application" [_thread_in_native, id=17648, stack(0x0000008a68b00000,0x0000008a68c00000)]

Stack: [0x0000008a68b00000,0x0000008a68c00000],  sp=0x0000008a68bfec20,  free space=1019k
Native frames: (J=compiled Java code, j=interpreted, Vv=VM code, C=native code)
C  [gdx-box2d64.dll+0x1f8ac]

Java frames: (J=compiled Java code, j=interpreted, Vv=VM code)
j  com.badlogic.gdx.physics.box2d.World.jniDestroyBody(JJ)V+0
j  com.badlogic.gdx.physics.box2d.World.destroyBody(Lcom/badlogic/gdx/physics/box2d/Body;)V+42
j  com.mygdx.game.Entity.dispose()V+8
j  com.mygdx.game.MyGdxGame.dispose()V+82
j  com.badlogic.gdx.backends.lwjgl.LwjglApplication.mainLoop()V+924
j  com.badlogic.gdx.backends.lwjgl.LwjglApplication$1.run()V+27
v  ~StubRoutines::call_stub

siginfo: EXCEPTION_ACCESS_VIOLATION (0xc0000005), reading address 0x0000000000000000


Register to memory mapping:

RIP=0x0000000066b1f8ac gdx-box2d64.dll
RAX=0x0 is NULL
RBX=0x0000025c8aa00320 points into unknown readable memory: 0x0000025c41200000 | 00 00 20 41 5c 02 00 00
RCX=0x0 is NULL
RDX=0x0000025c8380c0d0 points into unknown readable memory: 0x0000025cdae00150 | 50 01 e0 da 5c 02 00 00
RSP=0x0000008a68bfec20 is pointing into the stack for thread: 0x0000025c8221ac40
RBP=0x0 is NULL
RSI=0x0000025c8380c0d0 points into unknown readable memory: 0x0000025cdae00150 | 50 01 e0 da 5c 02 00 00
RDI=0x0000025c8380c0d0 points into unknown readable memory: 0x0000025cdae00150 | 50 01 e0 da 5c 02 00 00
R8 =0x0000025c8380c0d0 points into unknown readable memory: 0x0000025cdae00150 | 50 01 e0 da 5c 02 00 00
R9 =0x0000025c8385fe70 points into unknown readable memory: 0x0000003600000002 | 02 00 00 00 36 00 00 00
R10=0x0000025ce4a0f148 is at code_begin+1000 in an Interpreter codelet
method entry point (kind = native)  [0x0000025ce4a0ed60, 0x0000025ce4a0f7e0]  2688 bytes
R11=0x0000000000000102 is an unknown value
R12=0x0000025c83825370 points into unknown readable memory: 0x0000000000000002 | 02 00 00 00 00 00 00 00
R13={method} {0x0000025cff713ab0} 'jniDestroyBody' '(JJ)V' in 'com/badlogic/gdx/physics/box2d/World'
R14=0x0000008a68bfee08 is pointing into the stack for thread: 0x0000025c8221ac40
R15=0x0000025c8221ac40 is a thread


Registers:
RAX=0x0000000000000000, RBX=0x0000025c8aa00320, RCX=0x0000000000000000, RDX=0x0000025c8380c0d0
RSP=0x0000008a68bfec20, RBP=0x0000000000000000, RSI=0x0000025c8380c0d0, RDI=0x0000025c8380c0d0
R8 =0x0000025c8380c0d0, R9 =0x0000025c8385fe70, R10=0x0000025ce4a0f148, R11=0x0000000000000102
R12=0x0000025c83825370, R13=0x0000025cff713aa8, R14=0x0000008a68bfee08, R15=0x0000025c8221ac40
RIP=0x0000000066b1f8ac, EFLAGS=0x0000000000010246

Top of Stack: (sp=0x0000008a68bfec20)
0x0000008a68bfec20:   00007fff0438b548 0000000800406240
0x0000008a68bfec30:   0000025c8aa00320 0000025c8380c0d0
0x0000008a68bfec40:   0000025c8aa00320 0000025c8380c0d0
0x0000008a68bfec50:   0000025c8385fe70 0000000066b2162f
0x0000008a68bfec60:   0000025cff8be710 0000002800000003
0x0000008a68bfec70:   0000008a68bfedc8 0000025c8221ac40
0x0000008a68bfec80:   0000025c8380c0d0 0000025c8385fe70
0x0000008a68bfec90:   00000000000012c5 0000008a68bfedc8
0x0000008a68bfeca0:   0000000000000000 0000000066b26a9d
0x0000008a68bfecb0:   0000008a68bfedc8 00007fff03e0e3d7
0x0000008a68bfecc0:   0000008a68bfece0 0000025c821b07a0
0x0000008a68bfecd0:   0000000066b487e0 0000025c8221af68
0x0000008a68bfece0:   0000008a68bfee08 0000025c8221ac40
0x0000008a68bfecf0:   0000000066b48840 0000025c8221af68
0x0000008a68bfed00:   0000008a68bfee08 0000025cff713aa8
0x0000008a68bfed10:   0000025cff713aa8 0000025cff713aa8 

Instructions: (pc=0x0000000066b1f8ac)
0x0000000066b1f7ac:   41 08 00 00 00 00 48 c7 41 28 00 00 00 00 c7 41
0x0000000066b1f7bc:   30 00 00 00 00 48 c7 41 18 00 00 00 00 c7 01 00
0x0000000066b1f7cc:   00 00 00 c3 55 57 56 53 48 83 ec 28 49 8b 41 08
0x0000000066b1f7dc:   f3 41 0f 10 41 10 48 89 cb 48 89 d5 f3 0f 11 41
0x0000000066b1f7ec:   20 4c 89 ce 48 89 41 40 41 8b 41 1e f3 41 0f 10
0x0000000066b1f7fc:   41 14 f3 0f 11 41 24 4c 89 41 10 48 c7 41 08 00
0x0000000066b1f80c:   00 00 00 89 41 34 41 0f b7 41 22 66 89 41 38 41
0x0000000066b1f81c:   0f b6 41 1c 88 41 3a 49 8b 09 48 8b 01 ff 50 10
0x0000000066b1f82c:   48 8b 10 48 89 c1 48 89 43 18 ff 52 18 89 c2 89
0x0000000066b1f83c:   c7 48 89 e9 c1 e2 05 e8 18 c3 fe ff 85 ff 48 89
0x0000000066b1f84c:   43 28 7e 27 8d 4f ff 48 8d 50 10 48 c1 e1 05 48
0x0000000066b1f85c:   8d 44 08 30 48 c7 02 00 00 00 00 c7 42 0c ff ff
0x0000000066b1f86c:   ff ff 48 83 c2 20 48 39 c2 75 e9 f3 0f 10 46 18
0x0000000066b1f87c:   c7 43 30 00 00 00 00 f3 0f 11 03 48 83 c4 28 5b
0x0000000066b1f88c:   5e 5f 5d c3 57 56 53 48 83 ec 20 8b 41 30 48 89
0x0000000066b1f89c:   cb 48 89 d7 85 c0 0f 85 a8 00 00 00 48 8b 4b 18
0x0000000066b1f8ac:   48 8b 01 ff 50 18 48 8b 53 28 c1 e0 05 48 89 f9
0x0000000066b1f8bc:   41 89 c0 e8 dc c4 fe ff 48 8b 73 18 48 c7 43 28
0x0000000066b1f8cc:   00 00 00 00 8b 46 08 83 f8 01 0f 84 94 00 00 00
0x0000000066b1f8dc:   0f 82 be 00 00 00 83 f8 02 74 39 83 f8 03 0f 85
0x0000000066b1f8ec:   e0 00 00 00 48 8b 06 48 89 f1 ff 10 41 b8 30 00
0x0000000066b1f8fc:   00 00 48 89 f2 48 89 f9 e8 97 c4 fe ff 48 c7 43
0x0000000066b1f90c:   18 00 00 00 00 48 83 c4 20 5b 5e 5f c3 0f 1f 80
0x0000000066b1f91c:   00 00 00 00 48 8b 06 48 89 f1 ff 10 41 b8 a0 00
0x0000000066b1f92c:   00 00 48 89 f2 48 89 f9 e8 67 c4 fe ff 48 c7 43
0x0000000066b1f93c:   18 00 00 00 00 48 83 c4 20 5b 5e 5f c3 0f 1f 80
0x0000000066b1f94c:   00 00 00 00 48 8d 15 d9 49 02 00 48 8d 0d 32 4a
0x0000000066b1f95c:   02 00 41 b8 48 00 00 00 e8 67 6c 01 00 e9 3a ff
0x0000000066b1f96c:   ff ff 66 90 48 8b 06 48 89 f1 ff 10 41 b8 38 00
0x0000000066b1f97c:   00 00 48 89 f2 48 89 f9 e8 17 c4 fe ff 48 c7 43
0x0000000066b1f98c:   18 00 00 00 00 48 83 c4 20 5b 5e 5f c3 0f 1f 80
0x0000000066b1f99c:   00 00 00 00 48 8b 06 48 89 f1 ff 10 41 b8 18 00 


Stack slot to memory mapping:
stack at sp + 0 slots: 0x00007fff0438b548 jvm.dll
stack at sp + 1 slots: 0x0000000800406240 is pointing into metadata
stack at sp + 2 slots: 0x0000025c8aa00320 points into unknown readable memory: 0x0000025c41200000 | 00 00 20 41 5c 02 00 00
stack at sp + 3 slots: 0x0000025c8380c0d0 points into unknown readable memory: 0x0000025cdae00150 | 50 01 e0 da 5c 02 00 00
stack at sp + 4 slots: 0x0000025c8aa00320 points into unknown readable memory: 0x0000025c41200000 | 00 00 20 41 5c 02 00 00
stack at sp + 5 slots: 0x0000025c8380c0d0 points into unknown readable memory: 0x0000025cdae00150 | 50 01 e0 da 5c 02 00 00
stack at sp + 6 slots: 0x0000025c8385fe70 points into unknown readable memory: 0x0000003600000002 | 02 00 00 00 36 00 00 00
stack at sp + 7 slots: 0x0000000066b2162f gdx-box2d64.dll


---------------  P R O C E S S  ---------------

Threads class SMR info:
_java_thread_list=0x0000025c82232fb0, length=13, elements={
0x0000025cff8b23a0, 0x0000025cff8b3710, 0x0000025cff8cf2a0, 0x0000025cff8d1c70,
0x0000025cff8d2ec0, 0x0000025cff8d6510, 0x0000025cff8db4f0, 0x0000025cff8ec7a0,
0x0000025cffa04990, 0x0000025cffa0a330, 0x0000025c8221ac40, 0x0000025cdad10750,
0x0000025c8647ef50
}

Java Threads: ( => current thread )
  0x0000025cff8b23a0 JavaThread "Reference Handler" daemon [_thread_blocked, id=10492, stack(0x0000008a67c00000,0x0000008a67d00000)]
  0x0000025cff8b3710 JavaThread "Finalizer" daemon [_thread_blocked, id=2644, stack(0x0000008a67d00000,0x0000008a67e00000)]
  0x0000025cff8cf2a0 JavaThread "Signal Dispatcher" daemon [_thread_blocked, id=20592, stack(0x0000008a67e00000,0x0000008a67f00000)]
  0x0000025cff8d1c70 JavaThread "Attach Listener" daemon [_thread_blocked, id=16680, stack(0x0000008a67f00000,0x0000008a68000000)]
  0x0000025cff8d2ec0 JavaThread "Service Thread" daemon [_thread_blocked, id=22872, stack(0x0000008a68000000,0x0000008a68100000)]
  0x0000025cff8d6510 JavaThread "C2 CompilerThread0" daemon [_thread_blocked, id=8052, stack(0x0000008a68100000,0x0000008a68200000)]
  0x0000025cff8db4f0 JavaThread "C1 CompilerThread0" daemon [_thread_blocked, id=1680, stack(0x0000008a68200000,0x0000008a68300000)]
  0x0000025cff8ec7a0 JavaThread "Sweeper thread" daemon [_thread_blocked, id=12700, stack(0x0000008a68300000,0x0000008a68400000)]
  0x0000025cffa04990 JavaThread "Notification Thread" daemon [_thread_blocked, id=23832, stack(0x0000008a68600000,0x0000008a68700000)]
  0x0000025cffa0a330 JavaThread "Common-Cleaner" daemon [_thread_blocked, id=23264, stack(0x0000008a68800000,0x0000008a68900000)]
=>0x0000025c8221ac40 JavaThread "LWJGL Application" [_thread_in_native, id=17648, stack(0x0000008a68b00000,0x0000008a68c00000)]
  0x0000025cdad10750 JavaThread "DestroyJavaVM" [_thread_blocked, id=23120, stack(0x0000008a67500000,0x0000008a67600000)]
  0x0000025c8647ef50 JavaThread "LWJGL Timer" daemon [_thread_blocked, id=10844, stack(0x0000008a69500000,0x0000008a69600000)]

Other Threads:
  0x0000025cff8b0570 VMThread "VM Thread" [stack: 0x0000008a67b00000,0x0000008a67c00000] [id=18776]
  0x0000025cffa05e70 WatcherThread [stack: 0x0000008a68700000,0x0000008a68800000] [id=22632]
  0x0000025cdad61250 GCTaskThread "GC Thread#0" [stack: 0x0000008a67600000,0x0000008a67700000] [id=9564]
  0x0000025cdad731b0 ConcurrentGCThread "G1 Main Marker" [stack: 0x0000008a67700000,0x0000008a67800000] [id=20728]
  0x0000025cdad74660 ConcurrentGCThread "G1 Conc#0" [stack: 0x0000008a67800000,0x0000008a67900000] [id=21144]
  0x0000025cfef344e0 ConcurrentGCThread "G1 Refine#0" [stack: 0x0000008a67900000,0x0000008a67a00000] [id=23172]
  0x0000025cdaddf130 ConcurrentGCThread "G1 Young RemSet Sampling" [stack: 0x0000008a67a00000,0x0000008a67b00000] [id=14880]

Threads with active compile tasks:

VM state: not at safepoint (normal execution)

VM Mutex/Monitor currently owned by a thread: None

Heap address: 0x0000000703800000, size: 4040 MB, Compressed Oops mode: Zero based, Oop shift amount: 3
CDS archive(s) mapped at: [0x0000000800000000-0x0000000800b50000-0x0000000800b50000), size 11862016, SharedBaseAddress: 0x0000000800000000, ArchiveRelocationMode: 0.
Compressed class space mapped at: 0x0000000800b50000-0x0000000840b50000, size: 1073741824
Narrow klass base: 0x0000000800000000, Narrow klass shift: 3, Narrow klass range: 0x100000000

GC Precious Log:
 CPUs: 16 total, 16 available
 Memory: 16154M
 Large Page Support: Disabled
 NUMA Support: Disabled
 Compressed Oops: Enabled (Zero based)
 Heap Region Size: 2M
 Heap Min Capacity: 8M
 Heap Initial Capacity: 254M
 Heap Max Capacity: 4040M
 Pre-touch: Disabled
 Parallel Workers: 13
 Concurrent Workers: 3
 Concurrent Refinement Workers: 13
 Periodic GC: Disabled

Heap:
 garbage-first heap   total 260096K, used 16384K [0x0000000703800000, 0x0000000800000000)
  region size 2048K, 9 young (18432K), 0 survivors (0K)
 Metaspace       used 5007K, capacity 7966K, committed 8320K, reserved 1056768K
  class space    used 324K, capacity 617K, committed 640K, reserved 1048576K

Heap Regions: E=young(eden), S=young(survivor), O=old, HS=humongous(starts), HC=humongous(continues), CS=collection set, F=free, OA=open archive, CA=closed archive, TAMS=top-at-mark-start (previous, next)
|   0|0x0000000703800000, 0x0000000703800000, 0x0000000703a00000|  0%| F|  |TAMS 0x0000000703800000, 0x0000000703800000| Untracked 
|   1|0x0000000703a00000, 0x0000000703a00000, 0x0000000703c00000|  0%| F|  |TAMS 0x0000000703a00000, 0x0000000703a00000| Untracked 
|   2|0x0000000703c00000, 0x0000000703c00000, 0x0000000703e00000|  0%| F|  |TAMS 0x0000000703c00000, 0x0000000703c00000| Untracked 
|   3|0x0000000703e00000, 0x0000000703e00000, 0x0000000704000000|  0%| F|  |TAMS 0x0000000703e00000, 0x0000000703e00000| Untracked 
|   4|0x0000000704000000, 0x0000000704000000, 0x0000000704200000|  0%| F|  |TAMS 0x0000000704000000, 0x0000000704000000| Untracked 
|   5|0x0000000704200000, 0x0000000704200000, 0x0000000704400000|  0%| F|  |TAMS 0x0000000704200000, 0x0000000704200000| Untracked 
|   6|0x0000000704400000, 0x0000000704400000, 0x0000000704600000|  0%| F|  |TAMS 0x0000000704400000, 0x0000000704400000| Untracked 
|   7|0x0000000704600000, 0x0000000704600000, 0x0000000704800000|  0%| F|  |TAMS 0x0000000704600000, 0x0000000704600000| Untracked 
|   8|0x0000000704800000, 0x0000000704800000, 0x0000000704a00000|  0%| F|  |TAMS 0x0000000704800000, 0x0000000704800000| Untracked 
|   9|0x0000000704a00000, 0x0000000704a00000, 0x0000000704c00000|  0%| F|  |TAMS 0x0000000704a00000, 0x0000000704a00000| Untracked 
|  10|0x0000000704c00000, 0x0000000704c00000, 0x0000000704e00000|  0%| F|  |TAMS 0x0000000704c00000, 0x0000000704c00000| Untracked 
|  11|0x0000000704e00000, 0x0000000704e00000, 0x0000000705000000|  0%| F|  |TAMS 0x0000000704e00000, 0x0000000704e00000| Untracked 
|  12|0x0000000705000000, 0x0000000705000000, 0x0000000705200000|  0%| F|  |TAMS 0x0000000705000000, 0x0000000705000000| Untracked 
|  13|0x0000000705200000, 0x0000000705200000, 0x0000000705400000|  0%| F|  |TAMS 0x0000000705200000, 0x0000000705200000| Untracked 
|  14|0x0000000705400000, 0x0000000705400000, 0x0000000705600000|  0%| F|  |TAMS 0x0000000705400000, 0x0000000705400000| Untracked 
|  15|0x0000000705600000, 0x0000000705600000, 0x0000000705800000|  0%| F|  |TAMS 0x0000000705600000, 0x0000000705600000| Untracked 
|  16|0x0000000705800000, 0x0000000705800000, 0x0000000705a00000|  0%| F|  |TAMS 0x0000000705800000, 0x0000000705800000| Untracked 
|  17|0x0000000705a00000, 0x0000000705a00000, 0x0000000705c00000|  0%| F|  |TAMS 0x0000000705a00000, 0x0000000705a00000| Untracked 
|  18|0x0000000705c00000, 0x0000000705c00000, 0x0000000705e00000|  0%| F|  |TAMS 0x0000000705c00000, 0x0000000705c00000| Untracked 
|  19|0x0000000705e00000, 0x0000000705e00000, 0x0000000706000000|  0%| F|  |TAMS 0x0000000705e00000, 0x0000000705e00000| Untracked 
|  20|0x0000000706000000, 0x0000000706000000, 0x0000000706200000|  0%| F|  |TAMS 0x0000000706000000, 0x0000000706000000| Untracked 
|  21|0x0000000706200000, 0x0000000706200000, 0x0000000706400000|  0%| F|  |TAMS 0x0000000706200000, 0x0000000706200000| Untracked 
|  22|0x0000000706400000, 0x0000000706400000, 0x0000000706600000|  0%| F|  |TAMS 0x0000000706400000, 0x0000000706400000| Untracked 
|  23|0x0000000706600000, 0x0000000706600000, 0x0000000706800000|  0%| F|  |TAMS 0x0000000706600000, 0x0000000706600000| Untracked 
|  24|0x0000000706800000, 0x0000000706800000, 0x0000000706a00000|  0%| F|  |TAMS 0x0000000706800000, 0x0000000706800000| Untracked 
|  25|0x0000000706a00000, 0x0000000706a00000, 0x0000000706c00000|  0%| F|  |TAMS 0x0000000706a00000, 0x0000000706a00000| Untracked 
|  26|0x0000000706c00000, 0x0000000706c00000, 0x0000000706e00000|  0%| F|  |TAMS 0x0000000706c00000, 0x0000000706c00000| Untracked 
|  27|0x0000000706e00000, 0x0000000706e00000, 0x0000000707000000|  0%| F|  |TAMS 0x0000000706e00000, 0x0000000706e00000| Untracked 
|  28|0x0000000707000000, 0x0000000707000000, 0x0000000707200000|  0%| F|  |TAMS 0x0000000707000000, 0x0000000707000000| Untracked 
|  29|0x0000000707200000, 0x0000000707200000, 0x0000000707400000|  0%| F|  |TAMS 0x0000000707200000, 0x0000000707200000| Untracked 
|  30|0x0000000707400000, 0x0000000707400000, 0x0000000707600000|  0%| F|  |TAMS 0x0000000707400000, 0x0000000707400000| Untracked 
|  31|0x0000000707600000, 0x0000000707600000, 0x0000000707800000|  0%| F|  |TAMS 0x0000000707600000, 0x0000000707600000| Untracked 
|  32|0x0000000707800000, 0x0000000707800000, 0x0000000707a00000|  0%| F|  |TAMS 0x0000000707800000, 0x0000000707800000| Untracked 
|  33|0x0000000707a00000, 0x0000000707a00000, 0x0000000707c00000|  0%| F|  |TAMS 0x0000000707a00000, 0x0000000707a00000| Untracked 
|  34|0x0000000707c00000, 0x0000000707c00000, 0x0000000707e00000|  0%| F|  |TAMS 0x0000000707c00000, 0x0000000707c00000| Untracked 
|  35|0x0000000707e00000, 0x0000000707e00000, 0x0000000708000000|  0%| F|  |TAMS 0x0000000707e00000, 0x0000000707e00000| Untracked 
|  36|0x0000000708000000, 0x0000000708000000, 0x0000000708200000|  0%| F|  |TAMS 0x0000000708000000, 0x0000000708000000| Untracked 
|  37|0x0000000708200000, 0x0000000708200000, 0x0000000708400000|  0%| F|  |TAMS 0x0000000708200000, 0x0000000708200000| Untracked 
|  38|0x0000000708400000, 0x0000000708400000, 0x0000000708600000|  0%| F|  |TAMS 0x0000000708400000, 0x0000000708400000| Untracked 
|  39|0x0000000708600000, 0x0000000708600000, 0x0000000708800000|  0%| F|  |TAMS 0x0000000708600000, 0x0000000708600000| Untracked 
|  40|0x0000000708800000, 0x0000000708800000, 0x0000000708a00000|  0%| F|  |TAMS 0x0000000708800000, 0x0000000708800000| Untracked 
|  41|0x0000000708a00000, 0x0000000708a00000, 0x0000000708c00000|  0%| F|  |TAMS 0x0000000708a00000, 0x0000000708a00000| Untracked 
|  42|0x0000000708c00000, 0x0000000708c00000, 0x0000000708e00000|  0%| F|  |TAMS 0x0000000708c00000, 0x0000000708c00000| Untracked 
|  43|0x0000000708e00000, 0x0000000708e00000, 0x0000000709000000|  0%| F|  |TAMS 0x0000000708e00000, 0x0000000708e00000| Untracked 
|  44|0x0000000709000000, 0x0000000709000000, 0x0000000709200000|  0%| F|  |TAMS 0x0000000709000000, 0x0000000709000000| Untracked 
|  45|0x0000000709200000, 0x0000000709200000, 0x0000000709400000|  0%| F|  |TAMS 0x0000000709200000, 0x0000000709200000| Untracked 
|  46|0x0000000709400000, 0x0000000709400000, 0x0000000709600000|  0%| F|  |TAMS 0x0000000709400000, 0x0000000709400000| Untracked 
|  47|0x0000000709600000, 0x0000000709600000, 0x0000000709800000|  0%| F|  |TAMS 0x0000000709600000, 0x0000000709600000| Untracked 
|  48|0x0000000709800000, 0x0000000709800000, 0x0000000709a00000|  0%| F|  |TAMS 0x0000000709800000, 0x0000000709800000| Untracked 
|  49|0x0000000709a00000, 0x0000000709a00000, 0x0000000709c00000|  0%| F|  |TAMS 0x0000000709a00000, 0x0000000709a00000| Untracked 
|  50|0x0000000709c00000, 0x0000000709c00000, 0x0000000709e00000|  0%| F|  |TAMS 0x0000000709c00000, 0x0000000709c00000| Untracked 
|  51|0x0000000709e00000, 0x0000000709e00000, 0x000000070a000000|  0%| F|  |TAMS 0x0000000709e00000, 0x0000000709e00000| Untracked 
|  52|0x000000070a000000, 0x000000070a000000, 0x000000070a200000|  0%| F|  |TAMS 0x000000070a000000, 0x000000070a000000| Untracked 
|  53|0x000000070a200000, 0x000000070a200000, 0x000000070a400000|  0%| F|  |TAMS 0x000000070a200000, 0x000000070a200000| Untracked 
|  54|0x000000070a400000, 0x000000070a400000, 0x000000070a600000|  0%| F|  |TAMS 0x000000070a400000, 0x000000070a400000| Untracked 
|  55|0x000000070a600000, 0x000000070a600000, 0x000000070a800000|  0%| F|  |TAMS 0x000000070a600000, 0x000000070a600000| Untracked 
|  56|0x000000070a800000, 0x000000070a800000, 0x000000070aa00000|  0%| F|  |TAMS 0x000000070a800000, 0x000000070a800000| Untracked 
|  57|0x000000070aa00000, 0x000000070aa00000, 0x000000070ac00000|  0%| F|  |TAMS 0x000000070aa00000, 0x000000070aa00000| Untracked 
|  58|0x000000070ac00000, 0x000000070ac00000, 0x000000070ae00000|  0%| F|  |TAMS 0x000000070ac00000, 0x000000070ac00000| Untracked 
|  59|0x000000070ae00000, 0x000000070ae00000, 0x000000070b000000|  0%| F|  |TAMS 0x000000070ae00000, 0x000000070ae00000| Untracked 
|  60|0x000000070b000000, 0x000000070b000000, 0x000000070b200000|  0%| F|  |TAMS 0x000000070b000000, 0x000000070b000000| Untracked 
|  61|0x000000070b200000, 0x000000070b200000, 0x000000070b400000|  0%| F|  |TAMS 0x000000070b200000, 0x000000070b200000| Untracked 
|  62|0x000000070b400000, 0x000000070b400000, 0x000000070b600000|  0%| F|  |TAMS 0x000000070b400000, 0x000000070b400000| Untracked 
|  63|0x000000070b600000, 0x000000070b600000, 0x000000070b800000|  0%| F|  |TAMS 0x000000070b600000, 0x000000070b600000| Untracked 
|  64|0x000000070b800000, 0x000000070b800000, 0x000000070ba00000|  0%| F|  |TAMS 0x000000070b800000, 0x000000070b800000| Untracked 
|  65|0x000000070ba00000, 0x000000070ba00000, 0x000000070bc00000|  0%| F|  |TAMS 0x000000070ba00000, 0x000000070ba00000| Untracked 
|  66|0x000000070bc00000, 0x000000070bc00000, 0x000000070be00000|  0%| F|  |TAMS 0x000000070bc00000, 0x000000070bc00000| Untracked 
|  67|0x000000070be00000, 0x000000070be00000, 0x000000070c000000|  0%| F|  |TAMS 0x000000070be00000, 0x000000070be00000| Untracked 
|  68|0x000000070c000000, 0x000000070c000000, 0x000000070c200000|  0%| F|  |TAMS 0x000000070c000000, 0x000000070c000000| Untracked 
|  69|0x000000070c200000, 0x000000070c200000, 0x000000070c400000|  0%| F|  |TAMS 0x000000070c200000, 0x000000070c200000| Untracked 
|  70|0x000000070c400000, 0x000000070c400000, 0x000000070c600000|  0%| F|  |TAMS 0x000000070c400000, 0x000000070c400000| Untracked 
|  71|0x000000070c600000, 0x000000070c600000, 0x000000070c800000|  0%| F|  |TAMS 0x000000070c600000, 0x000000070c600000| Untracked 
|  72|0x000000070c800000, 0x000000070c800000, 0x000000070ca00000|  0%| F|  |TAMS 0x000000070c800000, 0x000000070c800000| Untracked 
|  73|0x000000070ca00000, 0x000000070ca00000, 0x000000070cc00000|  0%| F|  |TAMS 0x000000070ca00000, 0x000000070ca00000| Untracked 
|  74|0x000000070cc00000, 0x000000070cc00000, 0x000000070ce00000|  0%| F|  |TAMS 0x000000070cc00000, 0x000000070cc00000| Untracked 
|  75|0x000000070ce00000, 0x000000070ce00000, 0x000000070d000000|  0%| F|  |TAMS 0x000000070ce00000, 0x000000070ce00000| Untracked 
|  76|0x000000070d000000, 0x000000070d000000, 0x000000070d200000|  0%| F|  |TAMS 0x000000070d000000, 0x000000070d000000| Untracked 
|  77|0x000000070d200000, 0x000000070d200000, 0x000000070d400000|  0%| F|  |TAMS 0x000000070d200000, 0x000000070d200000| Untracked 
|  78|0x000000070d400000, 0x000000070d400000, 0x000000070d600000|  0%| F|  |TAMS 0x000000070d400000, 0x000000070d400000| Untracked 
|  79|0x000000070d600000, 0x000000070d600000, 0x000000070d800000|  0%| F|  |TAMS 0x000000070d600000, 0x000000070d600000| Untracked 
|  80|0x000000070d800000, 0x000000070d800000, 0x000000070da00000|  0%| F|  |TAMS 0x000000070d800000, 0x000000070d800000| Untracked 
|  81|0x000000070da00000, 0x000000070da00000, 0x000000070dc00000|  0%| F|  |TAMS 0x000000070da00000, 0x000000070da00000| Untracked 
|  82|0x000000070dc00000, 0x000000070dc00000, 0x000000070de00000|  0%| F|  |TAMS 0x000000070dc00000, 0x000000070dc00000| Untracked 
|  83|0x000000070de00000, 0x000000070de00000, 0x000000070e000000|  0%| F|  |TAMS 0x000000070de00000, 0x000000070de00000| Untracked 
|  84|0x000000070e000000, 0x000000070e000000, 0x000000070e200000|  0%| F|  |TAMS 0x000000070e000000, 0x000000070e000000| Untracked 
|  85|0x000000070e200000, 0x000000070e200000, 0x000000070e400000|  0%| F|  |TAMS 0x000000070e200000, 0x000000070e200000| Untracked 
|  86|0x000000070e400000, 0x000000070e400000, 0x000000070e600000|  0%| F|  |TAMS 0x000000070e400000, 0x000000070e400000| Untracked 
|  87|0x000000070e600000, 0x000000070e600000, 0x000000070e800000|  0%| F|  |TAMS 0x000000070e600000, 0x000000070e600000| Untracked 
|  88|0x000000070e800000, 0x000000070e800000, 0x000000070ea00000|  0%| F|  |TAMS 0x000000070e800000, 0x000000070e800000| Untracked 
|  89|0x000000070ea00000, 0x000000070ea00000, 0x000000070ec00000|  0%| F|  |TAMS 0x000000070ea00000, 0x000000070ea00000| Untracked 
|  90|0x000000070ec00000, 0x000000070ec00000, 0x000000070ee00000|  0%| F|  |TAMS 0x000000070ec00000, 0x000000070ec00000| Untracked 
|  91|0x000000070ee00000, 0x000000070ee00000, 0x000000070f000000|  0%| F|  |TAMS 0x000000070ee00000, 0x000000070ee00000| Untracked 
|  92|0x000000070f000000, 0x000000070f000000, 0x000000070f200000|  0%| F|  |TAMS 0x000000070f000000, 0x000000070f000000| Untracked 
|  93|0x000000070f200000, 0x000000070f200000, 0x000000070f400000|  0%| F|  |TAMS 0x000000070f200000, 0x000000070f200000| Untracked 
|  94|0x000000070f400000, 0x000000070f400000, 0x000000070f600000|  0%| F|  |TAMS 0x000000070f400000, 0x000000070f400000| Untracked 
|  95|0x000000070f600000, 0x000000070f600000, 0x000000070f800000|  0%| F|  |TAMS 0x000000070f600000, 0x000000070f600000| Untracked 
|  96|0x000000070f800000, 0x000000070f800000, 0x000000070fa00000|  0%| F|  |TAMS 0x000000070f800000, 0x000000070f800000| Untracked 
|  97|0x000000070fa00000, 0x000000070fa00000, 0x000000070fc00000|  0%| F|  |TAMS 0x000000070fa00000, 0x000000070fa00000| Untracked 
|  98|0x000000070fc00000, 0x000000070fc00000, 0x000000070fe00000|  0%| F|  |TAMS 0x000000070fc00000, 0x000000070fc00000| Untracked 
|  99|0x000000070fe00000, 0x000000070fe00000, 0x0000000710000000|  0%| F|  |TAMS 0x000000070fe00000, 0x000000070fe00000| Untracked 
| 100|0x0000000710000000, 0x0000000710000000, 0x0000000710200000|  0%| F|  |TAMS 0x0000000710000000, 0x0000000710000000| Untracked 
| 101|0x0000000710200000, 0x0000000710200000, 0x0000000710400000|  0%| F|  |TAMS 0x0000000710200000, 0x0000000710200000| Untracked 
| 102|0x0000000710400000, 0x0000000710400000, 0x0000000710600000|  0%| F|  |TAMS 0x0000000710400000, 0x0000000710400000| Untracked 
| 103|0x0000000710600000, 0x0000000710600000, 0x0000000710800000|  0%| F|  |TAMS 0x0000000710600000, 0x0000000710600000| Untracked 
| 104|0x0000000710800000, 0x0000000710800000, 0x0000000710a00000|  0%| F|  |TAMS 0x0000000710800000, 0x0000000710800000| Untracked 
| 105|0x0000000710a00000, 0x0000000710a00000, 0x0000000710c00000|  0%| F|  |TAMS 0x0000000710a00000, 0x0000000710a00000| Untracked 
| 106|0x0000000710c00000, 0x0000000710c00000, 0x0000000710e00000|  0%| F|  |TAMS 0x0000000710c00000, 0x0000000710c00000| Untracked 
| 107|0x0000000710e00000, 0x0000000710e00000, 0x0000000711000000|  0%| F|  |TAMS 0x0000000710e00000, 0x0000000710e00000| Untracked 
| 108|0x0000000711000000, 0x0000000711000000, 0x0000000711200000|  0%| F|  |TAMS 0x0000000711000000, 0x0000000711000000| Untracked 
| 109|0x0000000711200000, 0x0000000711200000, 0x0000000711400000|  0%| F|  |TAMS 0x0000000711200000, 0x0000000711200000| Untracked 
| 110|0x0000000711400000, 0x0000000711400000, 0x0000000711600000|  0%| F|  |TAMS 0x0000000711400000, 0x0000000711400000| Untracked 
| 111|0x0000000711600000, 0x0000000711600000, 0x0000000711800000|  0%| F|  |TAMS 0x0000000711600000, 0x0000000711600000| Untracked 
| 112|0x0000000711800000, 0x0000000711800000, 0x0000000711a00000|  0%| F|  |TAMS 0x0000000711800000, 0x0000000711800000| Untracked 
| 113|0x0000000711a00000, 0x0000000711a00000, 0x0000000711c00000|  0%| F|  |TAMS 0x0000000711a00000, 0x0000000711a00000| Untracked 
| 114|0x0000000711c00000, 0x0000000711c00000, 0x0000000711e00000|  0%| F|  |TAMS 0x0000000711c00000, 0x0000000711c00000| Untracked 
| 115|0x0000000711e00000, 0x0000000711e00000, 0x0000000712000000|  0%| F|  |TAMS 0x0000000711e00000, 0x0000000711e00000| Untracked 
| 116|0x0000000712000000, 0x0000000712000000, 0x0000000712200000|  0%| F|  |TAMS 0x0000000712000000, 0x0000000712000000| Untracked 
| 117|0x0000000712200000, 0x0000000712200000, 0x0000000712400000|  0%| F|  |TAMS 0x0000000712200000, 0x0000000712200000| Untracked 
| 118|0x0000000712400000, 0x00000007125fa090, 0x0000000712600000| 98%| E|  |TAMS 0x0000000712400000, 0x0000000712400000| Complete 
| 119|0x0000000712600000, 0x0000000712800000, 0x0000000712800000|100%| E|CS|TAMS 0x0000000712600000, 0x0000000712600000| Complete 
| 120|0x0000000712800000, 0x0000000712a00000, 0x0000000712a00000|100%| E|CS|TAMS 0x0000000712800000, 0x0000000712800000| Complete 
| 121|0x0000000712a00000, 0x0000000712c00000, 0x0000000712c00000|100%| E|CS|TAMS 0x0000000712a00000, 0x0000000712a00000| Complete 
| 122|0x0000000712c00000, 0x0000000712e00000, 0x0000000712e00000|100%| E|CS|TAMS 0x0000000712c00000, 0x0000000712c00000| Complete 
| 123|0x0000000712e00000, 0x0000000713000000, 0x0000000713000000|100%| E|CS|TAMS 0x0000000712e00000, 0x0000000712e00000| Complete 
| 124|0x0000000713000000, 0x0000000713200000, 0x0000000713200000|100%| E|CS|TAMS 0x0000000713000000, 0x0000000713000000| Complete 
| 125|0x0000000713200000, 0x0000000713400000, 0x0000000713400000|100%| E|CS|TAMS 0x0000000713200000, 0x0000000713200000| Complete 
| 126|0x0000000713400000, 0x0000000713600000, 0x0000000713600000|100%| E|CS|TAMS 0x0000000713400000, 0x0000000713400000| Complete 

Card table byte_map: [0x0000025cf51d0000,0x0000025cf59c0000] _byte_map_base: 0x0000025cf19b4000

Marking Bits (Prev, Next): (CMBitMap*) 0x0000025cdad62ad0, (CMBitMap*) 0x0000025cdad62b10
 Prev Bits: [0x0000025cf61b0000, 0x0000025cfa0d0000)
 Next Bits: [0x0000025cfa0d0000, 0x0000025cfdff0000)

Polling page: 0x0000025cdadf0000

Metaspace:

Usage:
  Non-class:      7.18 MB capacity,     4.57 MB ( 64%) used,     2.60 MB ( 36%) free+waste,     3.56 KB ( <1%) overhead. 
      Class:    617.00 KB capacity,   324.52 KB ( 53%) used,   291.67 KB ( 47%) free+waste,   832 bytes ( <1%) overhead. 
       Both:      7.78 MB capacity,     4.89 MB ( 63%) used,     2.88 MB ( 37%) free+waste,     4.38 KB ( <1%) overhead. 

Virtual space:
  Non-class space:        8.00 MB reserved,       7.50 MB ( 94%) committed 
      Class space:        1.00 GB reserved,     640.00 KB ( <1%) committed 
             Both:        1.01 GB reserved,       8.13 MB ( <1%) committed 

Chunk freelists:
   Non-Class:  139.00 KB
       Class:  23.00 KB
        Both:  162.00 KB

MaxMetaspaceSize: 17179869184.00 GB
CompressedClassSpaceSize: 1.00 GB

CodeHeap 'non-profiled nmethods': size=119168Kb used=459Kb max_used=459Kb free=118708Kb
 bounds [0x0000025cec5a0000, 0x0000025cec810000, 0x0000025cf3a00000]
CodeHeap 'profiled nmethods': size=119104Kb used=2269Kb max_used=2269Kb free=116834Kb
 bounds [0x0000025ce5150000, 0x0000025ce53c0000, 0x0000025cec5a0000]
CodeHeap 'non-nmethods': size=7488Kb used=1286Kb max_used=2998Kb free=6201Kb
 bounds [0x0000025ce4a00000, 0x0000025ce4d00000, 0x0000025ce5150000]
 total_blobs=1908 nmethods=1329 adapters=492
 compilation: enabled
              stopped_count=0, restarted_count=0
 full_count=0

Compilation events (20 events):
Event: 22.444 Thread 0x0000025cff8d6510 1320       4       com.badlogic.gdx.maps.MapLayer::getRenderOffsetX (16 bytes)
Event: 22.444 Thread 0x0000025cff8d6510 nmethod 1320 0x0000025cec60ff90 code [0x0000025cec610100, 0x0000025cec610178]
Event: 23.227 Thread 0x0000025cff8d6510 1321       4       java.nio.HeapByteBuffer::compact (85 bytes)
Event: 23.229 Thread 0x0000025cff8d6510 nmethod 1321 0x0000025cec610290 code [0x0000025cec610420, 0x0000025cec610638]
Event: 23.244 Thread 0x0000025cff8d6510 1322       4       java.util.Arrays::rangeCheck (74 bytes)
Event: 23.244 Thread 0x0000025cff8d6510 nmethod 1322 0x0000025cec610890 code [0x0000025cec610a00, 0x0000025cec610a98]
Event: 23.311 Thread 0x0000025cff8d6510 1323       4       org.lwjgl.opengl.GL11::glDepthMask (19 bytes)
Event: 23.312 Thread 0x0000025cff8d6510 nmethod 1323 0x0000025cec610b90 code [0x0000025cec610d20, 0x0000025cec610e28]
Event: 26.711 Thread 0x0000025cff8d6510 1324       4       com.badlogic.gdx.maps.MapLayer::getRenderOffsetY (16 bytes)
Event: 26.711 Thread 0x0000025cff8d6510 nmethod 1324 0x0000025cec610f90 code [0x0000025cec611100, 0x0000025cec611178]
Event: 27.027 Thread 0x0000025cff8d6510 1325       4       org.lwjgl.opengl.GL20::glUseProgram (19 bytes)
Event: 27.028 Thread 0x0000025cff8d6510 nmethod 1325 0x0000025cec611290 code [0x0000025cec611420, 0x0000025cec611528]
Event: 27.028 Thread 0x0000025cff8d6510 1326       4       com.badlogic.gdx.backends.lwjgl.LwjglGL20::glUniformMatrix4fv (17 bytes)
Event: 27.031 Thread 0x0000025cff8d6510 nmethod 1326 0x0000025cec611690 code [0x0000025cec611840, 0x0000025cec611bb8]
Event: 27.511 Thread 0x0000025cff8d6510 1327       4       com.badlogic.gdx.utils.Array::clear (19 bytes)
Event: 27.513 Thread 0x0000025cff8d6510 nmethod 1327 0x0000025cec612090 code [0x0000025cec612220, 0x0000025cec6124d8]
Event: 27.693 Thread 0x0000025cff8d6510 1328       4       jdk.internal.misc.Unsafe::copyMemory (33 bytes)
Event: 27.695 Thread 0x0000025cff8d6510 nmethod 1328 0x0000025cec612610 code [0x0000025cec6127a0, 0x0000025cec612ad8]
Event: 28.944 Thread 0x0000025cff8db4f0 1329       3       org.lwjgl.opengl.WindowsKeyboard::isKeyPressed (13 bytes)
Event: 28.944 Thread 0x0000025cff8db4f0 nmethod 1329 0x0000025ce5387410 code [0x0000025ce53875a0, 0x0000025ce53876d8]

GC Heap History (0 events):
No events

Deoptimization events (20 events):
Event: 1.166 Thread 0x0000025c8221ac40 DEOPT PACKING pc=0x0000025ce52ca207 sp=0x0000008a68bfecc0
Event: 1.166 Thread 0x0000025c8221ac40 DEOPT UNPACKING pc=0x0000025ce4a4e23f sp=0x0000008a68bfe0e8 mode 0
Event: 1.199 Thread 0x0000025c8221ac40 DEOPT PACKING pc=0x0000025ce52ca207 sp=0x0000008a68bfecc0
Event: 1.199 Thread 0x0000025c8221ac40 DEOPT UNPACKING pc=0x0000025ce4a4e23f sp=0x0000008a68bfe0e8 mode 0
Event: 1.218 Thread 0x0000025c8221ac40 DEOPT PACKING pc=0x0000025ce52ca207 sp=0x0000008a68bfecc0
Event: 1.218 Thread 0x0000025c8221ac40 DEOPT UNPACKING pc=0x0000025ce4a4e23f sp=0x0000008a68bfe0e8 mode 0
Event: 1.249 Thread 0x0000025c8221ac40 DEOPT PACKING pc=0x0000025ce52ca207 sp=0x0000008a68bfecc0
Event: 1.249 Thread 0x0000025c8221ac40 DEOPT UNPACKING pc=0x0000025ce4a4e23f sp=0x0000008a68bfe0e8 mode 0
Event: 1.317 Thread 0x0000025c8221ac40 DEOPT PACKING pc=0x0000025ce52d8c40 sp=0x0000008a68bfedb0
Event: 1.317 Thread 0x0000025c8221ac40 DEOPT UNPACKING pc=0x0000025ce4a4e23f sp=0x0000008a68bfe348 mode 0
Event: 1.334 Thread 0x0000025c8221ac40 DEOPT PACKING pc=0x0000025ce52dca62 sp=0x0000008a68bfedc0
Event: 1.334 Thread 0x0000025c8221ac40 DEOPT UNPACKING pc=0x0000025ce4a4e23f sp=0x0000008a68bfe348 mode 0
Event: 1.366 Thread 0x0000025c8221ac40 DEOPT PACKING pc=0x0000025ce52dca62 sp=0x0000008a68bfedc0
Event: 1.366 Thread 0x0000025c8221ac40 DEOPT UNPACKING pc=0x0000025ce4a4e23f sp=0x0000008a68bfe348 mode 0
Event: 1.383 Thread 0x0000025c8221ac40 DEOPT PACKING pc=0x0000025ce52dca62 sp=0x0000008a68bfedc0
Event: 1.383 Thread 0x0000025c8221ac40 DEOPT UNPACKING pc=0x0000025ce4a4e23f sp=0x0000008a68bfe348 mode 0
Event: 1.384 Thread 0x0000025c8221ac40 DEOPT PACKING pc=0x0000025ce52d8c40 sp=0x0000008a68bfedb0
Event: 1.384 Thread 0x0000025c8221ac40 DEOPT UNPACKING pc=0x0000025ce4a4e23f sp=0x0000008a68bfe348 mode 0
Event: 1.400 Thread 0x0000025c8221ac40 DEOPT PACKING pc=0x0000025ce52dca62 sp=0x0000008a68bfedc0
Event: 1.400 Thread 0x0000025c8221ac40 DEOPT UNPACKING pc=0x0000025ce4a4e23f sp=0x0000008a68bfe348 mode 0

Classes unloaded (0 events):
No events

Classes redefined (0 events):
No events

Internal exceptions (1 events):
Event: 0.454 Thread 0x0000025c8221ac40 Exception <a 'org/lwjgl/LWJGLException'{0x0000000712e8ffe8}: Failed to set device gamma.> (0x0000000712e8ffe8) 
thrown [./src/hotspot/share/prims/jni.cpp, line 599]

Events (20 events):
Event: 2.599 Loaded shared library C:\Users\dougl\AppData\Local\Temp\libgdxdougl\1cecf4f6\lwjgl64.dll
Event: 3.016 Loaded shared library C:\Users\dougl\AppData\Local\Temp\libgdxdougl\1cecf4f6\lwjgl64.dll
Event: 3.016 Loaded shared library C:\Users\dougl\AppData\Local\Temp\libgdxdougl\1cecf4f6\lwjgl64.dll
Event: 3.782 Thread 0x0000025c862817e0 Thread exited: 0x0000025c862817e0
Event: 4.666 Loaded shared library C:\Users\dougl\AppData\Local\Temp\libgdxdougl\1cecf4f6\lwjgl64.dll
Event: 4.667 Loaded shared library C:\Users\dougl\AppData\Local\Temp\libgdxdougl\1cecf4f6\lwjgl64.dll
Event: 4.668 loading class jdk/internal/math/FDBigInteger
Event: 4.668 loading class jdk/internal/math/FDBigInteger done
Event: 5.101 Loaded shared library C:\Users\dougl\AppData\Local\Temp\libgdxdougl\1cecf4f6\lwjgl64.dll
Event: 5.999 Thread 0x0000025cff9e81e0 Thread exited: 0x0000025cff9e81e0
Event: 6.249 Thread 0x0000025cff9e5cc0 Thread exited: 0x0000025cff9e5cc0
Event: 7.249 Loaded shared library C:\Users\dougl\AppData\Local\Temp\libgdxdougl\e1cd32f8\gdx64.dll
Event: 7.251 Loaded shared library C:\Users\dougl\AppData\Local\Temp\libgdxdougl\1cecf4f6\lwjgl64.dll
Event: 7.251 Loaded shared library C:\Users\dougl\AppData\Local\Temp\libgdxdougl\1cecf4f6\lwjgl64.dll
Event: 7.268 Thread 0x0000025c82232750 Thread added: 0x0000025c82232750
Event: 7.268 Thread 0x0000025c82224130 Thread added: 0x0000025c82224130
Event: 7.704 Loaded shared library C:\Users\dougl\.jdks\azul-15.0.5\bin\java.dll
Event: 8.111 Thread 0x0000025c82224130 Thread exited: 0x0000025c82224130
Event: 8.944 Thread 0x0000025c82232750 Thread exited: 0x0000025c82232750
Event: 11.344 Loaded shared library C:\Users\dougl\AppData\Local\Temp\libgdxdougl\1cecf4f6\lwjgl64.dll


Dynamic libraries:
0x00007ff65cfe0000 - 0x00007ff65cfed000 	C:\Users\dougl\.jdks\azul-15.0.5\bin\java.exe
0x00007fffb4cd0000 - 0x00007fffb4ec5000 	C:\Windows\SYSTEM32\ntdll.dll
0x00007fffb4ba0000 - 0x00007fffb4c5e000 	C:\Windows\System32\KERNEL32.DLL
0x00007fffb26f0000 - 0x00007fffb29b8000 	C:\Windows\System32\KERNELBASE.dll
0x00007fffa3f30000 - 0x00007fffa3f45000 	C:\Users\dougl\.jdks\azul-15.0.5\bin\VCRUNTIME140.dll
0x00007fffa3f50000 - 0x00007fffa3f68000 	C:\Users\dougl\.jdks\azul-15.0.5\bin\jli.dll
0x00007fffb2540000 - 0x00007fffb2640000 	C:\Windows\System32\ucrtbase.dll
0x00007fffb31a0000 - 0x00007fffb3341000 	C:\Windows\System32\USER32.dll
0x00007fffa3940000 - 0x00007fffa3bda000 	C:\Windows\WinSxS\amd64_microsoft.windows.common-controls_6595b64144ccf1df_6.0.19041.1110_none_60b5254171f9507e\COMCTL32.dll
0x00007fffb2c80000 - 0x00007fffb2ca2000 	C:\Windows\System32\win32u.dll
0x00007fffb44a0000 - 0x00007fffb453e000 	C:\Windows\System32\msvcrt.dll
0x00007fffb4930000 - 0x00007fffb495b000 	C:\Windows\System32\GDI32.dll
0x00007fffb2a80000 - 0x00007fffb2b8d000 	C:\Windows\System32\gdi32full.dll
0x00007fffb2be0000 - 0x00007fffb2c7d000 	C:\Windows\System32\msvcp_win.dll
0x00007fffb4c60000 - 0x00007fffb4c90000 	C:\Windows\System32\IMM32.DLL
0x00007fff71300000 - 0x00007fff7139b000 	C:\Users\dougl\.jdks\azul-15.0.5\bin\msvcp140.dll
0x00007fff03ae0000 - 0x00007fff04672000 	C:\Users\dougl\.jdks\azul-15.0.5\bin\server\jvm.dll
0x00007fffb4280000 - 0x00007fffb432c000 	C:\Windows\System32\ADVAPI32.dll
0x00007fffb49d0000 - 0x00007fffb4a6b000 	C:\Windows\System32\sechost.dll
0x00007fffb3350000 - 0x00007fffb347a000 	C:\Windows\System32\RPCRT4.dll
0x00007fffb43c0000 - 0x00007fffb43c8000 	C:\Windows\System32\PSAPI.DLL
0x00007fffa5d20000 - 0x00007fffa5d47000 	C:\Windows\SYSTEM32\WINMM.dll
0x00007fffac480000 - 0x00007fffac489000 	C:\Windows\SYSTEM32\WSOCK32.dll
0x00007fffb4960000 - 0x00007fffb49cb000 	C:\Windows\System32\WS2_32.dll
0x00007fffaae30000 - 0x00007fffaae3a000 	C:\Windows\SYSTEM32\VERSION.dll
0x00007fffb04d0000 - 0x00007fffb04e2000 	C:\Windows\SYSTEM32\kernel.appcore.dll
0x00007fffac060000 - 0x00007fffac06a000 	C:\Users\dougl\.jdks\azul-15.0.5\bin\jimage.dll
0x00007fffb0050000 - 0x00007fffb0234000 	C:\Windows\SYSTEM32\DBGHELP.DLL
0x00007fffaab00000 - 0x00007fffaab2c000 	C:\Windows\SYSTEM32\dbgcore.DLL
0x00007fffb29f0000 - 0x00007fffb2a72000 	C:\Windows\System32\bcryptPrimitives.dll
0x00007fff71460000 - 0x00007fff71485000 	C:\Users\dougl\.jdks\azul-15.0.5\bin\java.dll
0x00007fffb34e0000 - 0x00007fffb3c24000 	C:\Windows\System32\SHELL32.dll
0x00007fffb04f0000 - 0x00007fffb0c84000 	C:\Windows\SYSTEM32\windows.storage.dll
0x00007fffb45d0000 - 0x00007fffb4925000 	C:\Windows\System32\combase.dll
0x00007fffb1e30000 - 0x00007fffb1e5e000 	C:\Windows\SYSTEM32\Wldp.dll
0x00007fffb3cf0000 - 0x00007fffb3d9d000 	C:\Windows\System32\SHCORE.dll
0x00007fffb3c30000 - 0x00007fffb3c85000 	C:\Windows\System32\shlwapi.dll
0x00007fffb2320000 - 0x00007fffb233f000 	C:\Windows\SYSTEM32\profapi.dll
0x00007fff959e0000 - 0x00007fff959f9000 	C:\Users\dougl\.jdks\azul-15.0.5\bin\net.dll
0x00007fffa7f90000 - 0x00007fffa809c000 	C:\Windows\SYSTEM32\WINHTTP.dll
0x00007fffb1b90000 - 0x00007fffb1bfa000 	C:\Windows\system32\mswsock.dll
0x00007fff92780000 - 0x00007fff92792000 	C:\Users\dougl\.jdks\azul-15.0.5\bin\nio.dll
0x00007fff85ed0000 - 0x00007fff85ee8000 	C:\Users\dougl\.jdks\azul-15.0.5\bin\zip.dll
0x000000006e700000 - 0x000000006e72a000 	C:\Users\dougl\AppData\Local\Temp\libgdxdougl\e1cd32f8\gdx64.dll
0x00007fff95b00000 - 0x00007fff95b10000 	C:\Users\dougl\.jdks\azul-15.0.5\bin\verify.dll
0x0000000180000000 - 0x0000000180053000 	C:\Users\dougl\AppData\Local\Temp\libgdxdougl\1cecf4f6\lwjgl64.dll
0x00007fff27a40000 - 0x00007fff27b65000 	C:\Windows\SYSTEM32\OPENGL32.dll
0x00007fff86330000 - 0x00007fff8635c000 	C:\Windows\SYSTEM32\GLU32.dll
0x0000025cffe30000 - 0x0000025cffe94000 	C:\Users\dougl\AppData\Local\Temp\libgdxdougl\1cecf4f6\OpenAL64.dll
0x00007fffb4a70000 - 0x00007fffb4b9a000 	C:\Windows\System32\ole32.dll
0x00007fffafa60000 - 0x00007fffafafe000 	C:\Windows\system32\uxtheme.dll
0x00007fff0a380000 - 0x00007fff0a47c000 	C:\ProgramData\A-Volute\DellInc.AlienwareSoundCenter\Modules\ScheduledModules\x64\DellInc.AlienwareSoundCenterDevProps2.dll
0x00007fff0bf90000 - 0x00007fff0c03d000 	C:\ProgramData\A-Volute\DellInc.AlienwareSoundCenter\Modules\ScheduledModules\x64\NahimicOSD.dll
0x00007fffa2420000 - 0x00007fffa2441000 	C:\ProgramData\A-Volute\DellInc.AlienwareSoundCenter\Modules\ScheduledModules\x64\ProductInfo.dll
0x00007fffb3e80000 - 0x00007fffb3f29000 	C:\Windows\System32\clbcatq.dll
0x00007fffacbb0000 - 0x00007fffacc35000 	C:\Windows\System32\MMDevApi.dll
0x00007fffb2180000 - 0x00007fffb21b4000 	C:\Windows\System32\DEVOBJ.dll
0x00007fffb2b90000 - 0x00007fffb2bde000 	C:\Windows\System32\cfgmgr32.dll
0x00007fffaceb0000 - 0x00007fffad031000 	C:\Windows\SYSTEM32\AudioSes.dll
0x00007fffb43d0000 - 0x00007fffb449d000 	C:\Windows\System32\OLEAUT32.dll
0x00007fffb1950000 - 0x00007fffb199b000 	C:\Windows\SYSTEM32\powrprof.dll
0x00007fffb1810000 - 0x00007fffb1822000 	C:\Windows\SYSTEM32\UMPDC.dll
0x00007fffada40000 - 0x00007fffadb36000 	C:\Windows\SYSTEM32\PropSys.dll
0x00007fffa57e0000 - 0x00007fffa587c000 	C:\Windows\SYSTEM32\dsound.dll
0x00007fffa5580000 - 0x00007fffa55a6000 	C:\Windows\SYSTEM32\winmmbase.dll
0x00007fffafb50000 - 0x00007fffafb64000 	C:\Windows\SYSTEM32\resourcepolicyclient.dll
0x00007fff944e0000 - 0x00007fff9458e000 	C:\Windows\SYSTEM32\mscms.dll
0x00007fffb22a0000 - 0x00007fffb22ce000 	C:\Windows\SYSTEM32\USERENV.dll
0x00007fff944c0000 - 0x00007fff944d1000 	C:\Windows\SYSTEM32\ColorAdapterClient.dll
0x00007fffb3f30000 - 0x00007fffb4045000 	C:\Windows\System32\MSCTF.dll
0x00007fff95a00000 - 0x00007fff95af9000 	C:\Windows\SYSTEM32\textinputframework.dll
0x00007fffaf4e0000 - 0x00007fffaf83e000 	C:\Windows\System32\CoreUIComponents.dll
0x00007fffaf2e0000 - 0x00007fffaf3d2000 	C:\Windows\System32\CoreMessaging.dll
0x00007fffb10d0000 - 0x00007fffb1103000 	C:\Windows\SYSTEM32\ntmarta.dll
0x00007fffadf80000 - 0x00007fffae0d4000 	C:\Windows\SYSTEM32\wintypes.dll
0x00007fff9f360000 - 0x00007fff9f3c6000 	C:\Windows\system32\Oleacc.dll
0x00007fffaa460000 - 0x00007fffaa559000 	C:\Windows\System32\AppXDeploymentClient.dll
0x00007ffee7160000 - 0x00007ffee9c77000 	C:\Windows\System32\DriverStore\FileRepository\nvddi.inf_amd64_825a4c41796dab48\nvoglv64.dll
0x00007fffb2d10000 - 0x00007fffb3182000 	C:\Windows\System32\SETUPAPI.dll
0x00007fffb29c0000 - 0x00007fffb29e7000 	C:\Windows\System32\bcrypt.dll
0x00007fffadbd0000 - 0x00007fffadbe4000 	C:\Windows\SYSTEM32\WTSAPI32.dll
0x00007fffb1fc0000 - 0x00007fffb1fd2000 	C:\Windows\SYSTEM32\msasn1.dll
0x00007fffaac50000 - 0x00007fffaac81000 	C:\Windows\SYSTEM32\cryptnet.dll
0x00007fffb23e0000 - 0x00007fffb2536000 	C:\Windows\System32\CRYPT32.dll
0x00007fffa8940000 - 0x00007fffa8a8a000 	C:\Windows\SYSTEM32\drvstore.dll
0x00007fffb1da0000 - 0x00007fffb1dac000 	C:\Windows\SYSTEM32\cryptbase.dll
0x00007fffb2cb0000 - 0x00007fffb2d10000 	C:\Windows\System32\WINTRUST.dll
0x00007fffac940000 - 0x00007fffac97b000 	C:\Windows\SYSTEM32\dxcore.dll
0x00007fff77eb0000 - 0x00007fff78173000 	C:\Windows\system32\nvspcap64.dll
0x00007fffafc50000 - 0x00007fffafc7f000 	C:\Windows\SYSTEM32\dwmapi.dll
0x00007fff924c0000 - 0x00007fff92503000 	C:\Windows\SYSTEM32\icm32.dll
0x00007fffb12e0000 - 0x00007fffb133a000 	C:\Windows\SYSTEM32\WINSTA.dll
0x00007fffa9750000 - 0x00007fffa9920000 	C:\Windows\SYSTEM32\d3d9.dll
0x00007fffb4200000 - 0x00007fffb421d000 	C:\Windows\System32\imagehlp.dll
0x00007fffb1d80000 - 0x00007fffb1d98000 	C:\Windows\SYSTEM32\CRYPTSP.dll
0x00007fffb14a0000 - 0x00007fffb14d4000 	C:\Windows\system32\rsaenh.dll
0x0000000066b00000 - 0x0000000066b5b000 	C:\Users\dougl\AppData\Local\Temp\libgdxdougl\a14961b7\gdx-box2d64.dll

dbghelp: loaded successfully - version: 4.0.5 - missing functions: none
symbol engine: initialized successfully - sym options: 0x614 - pdb path: .;C:\Users\dougl\.jdks\azul-15.0.5\bin;C:\Windows\SYSTEM32;C:\Windows\WinSxS\amd64_microsoft.windows.common-controls_6595b64144ccf1df_6.0.19041.1110_none_60b5254171f9507e;C:\Users\dougl\.jdks\azul-15.0.5\bin\server;C:\Users\dougl\AppData\Local\Temp\libgdxdougl\e1cd32f8;C:\Users\dougl\AppData\Local\Temp\libgdxdougl\1cecf4f6;C:\ProgramData\A-Volute\DellInc.AlienwareSoundCenter\Modules\ScheduledModules\x64;C:\Windows\System32\DriverStore\FileRepository\nvddi.inf_amd64_825a4c41796dab48;C:\Users\dougl\AppData\Local\Temp\libgdxdougl\a14961b7

VM Arguments:
jvm_args: -Dfile.encoding=windows-1252 -Duser.country=CA -Duser.language=en -Duser.variant 
java_command: com.mygdx.game.desktop.DesktopLauncher
java_class_path (initial): D:\Documents\GitHub\PortalGame\PortalGame\desktop\build\classes\java\main;D:\Documents\GitHub\PortalGame\PortalGame\desktop\build\resources\main;C:\Users\dougl\.gradle\caches\modules-2\files-2.1\com.badlogicgames.gdx\gdx-tools\1.10.0\d699cf4953fb42a071c7c3feb9b5c45601aa6a4b\gdx-tools-1.10.0.jar;C:\Users\dougl\.gradle\caches\modules-2\files-2.1\com.badlogicgames.gdx\gdx-backend-lwjgl\1.10.0\58ff89d9e4fd8a82591367f187d606e781cacc05\gdx-backend-lwjgl-1.10.0.jar;C:\Users\dougl\.gradle\caches\modules-2\files-2.1\com.badlogicgames.gdx\gdx-platform\1.10.0\9a8fa793d2fd6d360afc6c9e4c1f5583da263b88\gdx-platform-1.10.0-natives-desktop.jar;C:\Users\dougl\.gradle\caches\modules-2\files-2.1\com.badlogicgames.gdx\gdx-box2d-platform\1.10.0\588c4191c5a64ed39365e71484aa37d81c38eb5e\gdx-box2d-platform-1.10.0-natives-desktop.jar;C:\Users\dougl\.gradle\caches\modules-2\files-2.1\com.badlogicgames.gdx\gdx-bullet-platform\1.10.0\ce92e8dfc762523d769cbc50853163c03bf98cf1\gdx-bullet-platform-1.10.0-natives-desktop.jar;C:\Users\dougl\.gradle\caches\modules-2\files-2.1\com.badlogicgames.gdx\gdx-freetype-platform\1.10.0\6e5d28752759e69384f12e4569d2c884ff71352f\gdx-freetype-platform-1.10.0-natives-desktop.jar;D:\Documents\GitHub\PortalGame\PortalGame\core\build\libs\core-1.0.jar;C:\Users\dougl\.gradle\caches\modules-2\files-2.1\com.badlogicgames.gdx\gdx-backend-headless\1.10.0\990eadbb431197c5b9b816d1659c772e0268e65\gdx-backend-headless-1.10.0.jar;C:\Users\dougl\.gradle\caches\modules-2\files-2.1\com.badlogicgames.gdx\gdx-freetype\1.10.0\de1d0d5c1e92e8d91364256fd6b7bb279d3e9859\gdx-freetype-1.10.0.jar;C:\Users\dougl\.gradle\caches\modules-2\files-2.1\com.badlogicgames.box2dlights\box2dlights\1.5\6902dbcd250c95a27973aa24a147a95b3828d348\box2dlights-1.5.jar;C:\Users\dougl\.gradle\caches\modules-2\files-2.1\com.badlogicgames.gdx\gdx-box2d\1.10.0\b3a3c0f00b90716238835434d0ae8985604c37f8\gdx-box2d-1.10.0.jar;C:\Users\dougl\.gradle\caches\modules-2\files-2.1\com.badlogicga
Launcher Type: SUN_STANDARD

[Global flags]
     intx CICompilerCount                          = 12                                        {product} {ergonomic}
     uint ConcGCThreads                            = 3                                         {product} {ergonomic}
     uint G1ConcRefinementThreads                  = 13                                        {product} {ergonomic}
   size_t G1HeapRegionSize                         = 2097152                                   {product} {ergonomic}
    uintx GCDrainStackTargetSize                   = 64                                        {product} {ergonomic}
   size_t InitialHeapSize                          = 266338304                                 {product} {ergonomic}
   size_t MarkStackSize                            = 4194304                                   {product} {ergonomic}
   size_t MaxHeapSize                              = 4236247040                                {product} {ergonomic}
   size_t MaxNewSize                               = 2541748224                                {product} {ergonomic}
   size_t MinHeapDeltaBytes                        = 2097152                                   {product} {ergonomic}
   size_t MinHeapSize                              = 8388608                                   {product} {ergonomic}
    uintx NonNMethodCodeHeapSize                   = 7602480                                {pd product} {ergonomic}
    uintx NonProfiledCodeHeapSize                  = 122027880                              {pd product} {ergonomic}
    uintx ProfiledCodeHeapSize                     = 122027880                              {pd product} {ergonomic}
    uintx ReservedCodeCacheSize                    = 251658240                              {pd product} {ergonomic}
     bool SegmentedCodeCache                       = true                                      {product} {ergonomic}
   size_t SoftMaxHeapSize                          = 4236247040                             {manageable} {ergonomic}
     bool UseCompressedClassPointers               = true                                 {lp64_product} {ergonomic}
     bool UseCompressedOops                        = true                                 {lp64_product} {ergonomic}
     bool UseG1GC                                  = true                                      {product} {ergonomic}
     bool UseLargePagesIndividualAllocation        = false                                  {pd product} {ergonomic}

Logging:
Log output configuration:
 #0: stdout all=warning uptime,level,tags
 #1: stderr all=off uptime,level,tags

Environment Variables:
PATH=C:\Program Files (x86)\Common Files\Oracle\Java\javapath;C:\Windows\system32;C:\Windows;C:\Windows\System32\Wbem;C:\Windows\System32\WindowsPowerShell\v1.0\;C:\Windows\System32\OpenSSH\;C:\Program Files\NVIDIA Corporation\NVIDIA NvDLISR;C:\Program Files\dotnet\;C:\Program Files\Git\cmd;C:\ProgramData\chocolatey\bin;C:\Program Files (x86)\NVIDIA Corporation\PhysX\Common;C:\msys64\mingw64\bin;C:\Users\dougl\AppData\Local\Microsoft\WindowsApps;C:\Users\dougl\AppData\Local\Programs\Microsoft VS Code\bin;C:\Users\dougl\.dotnet\tools;C:\Users\dougl\AppData\Local\GitHubDesktop\bin;D:\Apps\IntelliJ IDEA\IntelliJ IDEA Community Edition 2021.3\bin;
USERNAME=dougl
OS=Windows_NT
PROCESSOR_IDENTIFIER=Intel64 Family 6 Model 165 Stepping 5, GenuineIntel



---------------  S Y S T E M  ---------------

OS:
 Windows 10 , 64 bit Build 19041 (10.0.19041.1348)
OS uptime: 0 days 12:26 hours

CPU: total 16 (initial active 16) (8 cores per cpu, 2 threads per core) family 6 model 165 stepping 5 microcode 0xec, cmov, cx8, fxsr, mmx, sse, sse2, sse3, ssse3, sse4.1, sse4.2, popcnt, vzeroupper, avx, avx2, aes, clmul, erms, 3dnowpref, lzcnt, ht, tsc, tscinvbit, bmi1, bmi2, adx, fma, clflush, clflushopt

Memory: 4k page, system-wide physical 16154M (5786M free)
TotalPageFile size 31002M (AvailPageFile size 13997M)
current process WorkingSet (physical memory assigned to process): 110M, peak: 126M
current process commit charge ("private bytes"): 446M, peak: 462M

vm_info: OpenJDK 64-Bit Server VM (15.0.5+3-MTS) for windows-amd64 JRE (15.0.5+3-MTS) (Zulu15.36+13-CA), built on Oct  8 2021 11:07:26 by "zulu_re" with MS VC++ 15.9 (VS2017)

END.
