#
# A fatal error has been detected by the Java Runtime Environment:
#
#  EXCEPTION_ACCESS_VIOLATION (0xc0000005) at pc=0x0000000066b1fcd9, pid=28268, tid=24068
#
# JRE version: OpenJDK Runtime Environment Zulu15.36+13-CA (15.0.5+3) (build 15.0.5+3-MTS)
# Java VM: OpenJDK 64-Bit Server VM Zulu15.36+13-CA (15.0.5+3-MTS, mixed mode, sharing, tiered, compressed oops, g1 gc, windows-amd64)
# Problematic frame:
# C  [gdx-box2d64.dll+0x1fcd9]
#
# No core dump will be written. Minidumps are not enabled by default on client versions of Windows
#
# If you would like to submit a bug report, please visit:
#   http://www.azul.com/support/
# The crash happened outside the Java Virtual Machine in native code.
# See problematic frame for where to report the bug.
#

---------------  S U M M A R Y ------------

Command Line: -Dfile.encoding=windows-1252 -Duser.country=CA -Duser.language=en -Duser.variant com.mygdx.game.desktop.DesktopLauncher

Host: Intel(R) Core(TM) i7-10700F CPU @ 2.90GHz, 16 cores, 15G,  Windows 10 , 64 bit Build 19041 (10.0.19041.1348)
Time: Sun Dec 19 21:56:23 2021 Eastern Standard Time elapsed time: 2.292747 seconds (0d 0h 0m 2s)

---------------  T H R E A D  ---------------

Current thread (0x0000024239fbd410):  JavaThread "LWJGL Application" [_thread_in_native, id=24068, stack(0x000000af69500000,0x000000af69600000)]

Stack: [0x000000af69500000,0x000000af69600000],  sp=0x000000af695fedb8,  free space=1019k
Native frames: (J=compiled Java code, j=interpreted, Vv=VM code, C=native code)
C  [gdx-box2d64.dll+0x1fcd9]

Java frames: (J=compiled Java code, j=interpreted, Vv=VM code)
j  com.badlogic.gdx.physics.box2d.Fixture.jniSetSensor(JZ)V+0
j  com.badlogic.gdx.physics.box2d.Fixture.setSensor(Z)V+6
j  com.mygdx.game.Portals.setPortal(ILcom/badlogic/gdx/math/Vector2;Lcom/badlogic/gdx/math/Vector2;ZLcom/badlogic/gdx/physics/box2d/Fixture;)V+72
j  com.mygdx.game.Player.shootPortal(I)V+285
j  com.mygdx.game.Player.access$400(Lcom/mygdx/game/Player;I)V+2
j  com.mygdx.game.Player$2.touchDown(IIII)Z+10
j  com.badlogic.gdx.InputEventQueue.drain(Lcom/badlogic/gdx/InputProcessor;)V+239
j  com.badlogic.gdx.backends.lwjgl.DefaultLwjglInput.processEvents()V+8
j  com.badlogic.gdx.backends.lwjgl.LwjglApplication.mainLoop()V+663
j  com.badlogic.gdx.backends.lwjgl.LwjglApplication$1.run()V+27
v  ~StubRoutines::call_stub

siginfo: EXCEPTION_ACCESS_VIOLATION (0xc0000005), reading address 0x0000000000000004


Register to memory mapping:

RIP=0x0000000066b1fcd9 gdx-box2d64.dll
RAX=0x0000000066b25fd0 gdx-box2d64.dll
RBX={method} {0x000002423970bc70} 'jniSetSensor' '(JZ)V' in 'com/badlogic/gdx/physics/box2d/Fixture'
RCX=0x0000024242720380 points into unknown readable memory: 0x00000242427203e0 | e0 03 72 42 42 02 00 00
RDX=0x0000000000000001 is an unknown value
RSP=0x000000af695fedb8 is pointing into the stack for thread: 0x0000024239fbd410
RBP=0x000000af695fee50 is pointing into the stack for thread: 0x0000024239fbd410
RSI=0x0000000000000148 is an unknown value
RDI=0x0000000000000a5c is an unknown value
R8 =0x0 is NULL
R9 =0x0000000000000001 is an unknown value
R10=0x000002421d10f148 is at code_begin+1000 in an Interpreter codelet
method entry point (kind = native)  [0x000002421d10ed60, 0x000002421d10f7e0]  2688 bytes
R11=0x0000000000000102 is an unknown value
R12=0x0 is NULL
R13={method} {0x000002423970bc70} 'jniSetSensor' '(JZ)V' in 'com/badlogic/gdx/physics/box2d/Fixture'
R14=0x000000af695fee88 is pointing into the stack for thread: 0x0000024239fbd410
R15=0x0000024239fbd410 is a thread


Registers:
RAX=0x0000000066b25fd0, RBX=0x000002423970bc68, RCX=0x0000024242720380, RDX=0x0000000000000001
RSP=0x000000af695fedb8, RBP=0x000000af695fee50, RSI=0x0000000000000148, RDI=0x0000000000000a5c
R8 =0x0000000000000000, R9 =0x0000000000000001, R10=0x000002421d10f148, R11=0x0000000000000102
R12=0x0000000000000000, R13=0x000002423970bc68, R14=0x000000af695fee88, R15=0x0000024239fbd410
RIP=0x0000000066b1fcd9, EFLAGS=0x0000000000010297

Top of Stack: (sp=0x000000af695fedb8)
0x000000af695fedb8:   000002421d10f177 00000242396a89d8
0x000000af695fedc8:   0000000000000000 0000000712b39ae8
0x000000af695fedd8:   0000024239697ea0 0000000000000000
0x000000af695fede8:   000000af695fee00 000000af695fee58
0x000000af695fedf8:   000002421d10a1aa 00000007125122f0
0x000000af695fee08:   000000af695fee08 0000000000000000
0x000000af695fee18:   000000af695fee88 0000024239710af8
0x000000af695fee28:   0000000000000000 0000000712798d98
0x000000af695fee38:   000002423970bc68 0000000000000000
0x000000af695fee48:   000000af695fee70 000000af695feed8
0x000000af695fee58:   000002421d10a1aa 0000000000000000
0x000000af695fee68:   000002421d10c218 0000000000000001
0x000000af695fee78:   0000024242720380 0000000000000000
0x000000af695fee88:   0000000712512350 000000af695fee90
0x000000af695fee98:   000002423970bbae 000000af695feef0
0x000000af695feea8:   0000024239710af8 0000000000000000 

Instructions: (pc=0x0000000066b1fcd9)
0x0000000066b1fbd9:   11 4b 08 f3 0f 10 45 04 f3 0f 10 4d 00 f3 0f 5c
0x0000000066b1fbe9:   47 04 f3 0f 5c 0f f3 0f 11 44 24 34 f3 0f 11 4c
0x0000000066b1fbf9:   24 30 e8 00 3b fe ff 44 39 6e 30 0f 8f 46 ff ff
0x0000000066b1fc09:   ff 48 83 c4 68 5b 5e 5f 5d 41 5c 41 5d 41 5e 41
0x0000000066b1fc19:   5f c3 90 0f 1f 40 00 55 57 56 53 48 83 ec 28 48
0x0000000066b1fc29:   89 cb 48 8b 49 10 48 85 c9 74 6b 48 8b 81 88 00
0x0000000066b1fc39:   00 00 48 85 c0 75 11 eb 26 48 39 5a 68 74 13 48
0x0000000066b1fc49:   8b 40 18 48 85 c0 74 17 48 8b 50 08 48 39 5a 60
0x0000000066b1fc59:   75 e7 48 8b 40 18 83 4a 08 08 48 85 c0 75 e9 48
0x0000000066b1fc69:   8b 69 58 48 85 ed 74 2e 8b 43 30 48 81 c5 a0 92
0x0000000066b1fc79:   01 00 85 c0 7e 20 31 ff 31 f6 48 8b 43 28 48 89
0x0000000066b1fc89:   e9 83 c6 01 8b 54 38 1c 48 83 c7 20 e8 96 3a fe
0x0000000066b1fc99:   ff 39 73 30 7f e4 48 83 c4 28 5b 5e 5f 5d c3 0f
0x0000000066b1fca9:   1f 84 00 00 00 00 00 8b 02 89 41 34 0f b7 42 04
0x0000000066b1fcb9:   66 89 41 38 e9 5e ff ff ff 0f 1f 40 00 66 2e 0f
0x0000000066b1fcc9:   1f 84 00 00 00 00 00 38 51 3a 74 23 4c 8b 41 10
0x0000000066b1fcd9:   41 0f b7 40 04 a8 02 75 13 83 c8 02 41 c7 80 ac
0x0000000066b1fce9:   00 00 00 00 00 00 00 66 41 89 40 04 88 51 3a f3
0x0000000066b1fcf9:   c3 66 0f 1f 44 00 00 55 57 56 53 48 83 ec 28 48
0x0000000066b1fd09:   89 cb 48 8d 0d 96 46 02 00 89 d5 e8 07 c7 fe ff
0x0000000066b1fd19:   66 0f ef c0 48 8d 0d 9a 46 02 00 f3 0f 5a 43 20
0x0000000066b1fd29:   66 0f 28 c8 66 48 0f 7e c2 e8 e9 c6 fe ff 66 0f
0x0000000066b1fd39:   ef c0 48 8d 0d 9e 46 02 00 f3 0f 5a 43 24 66 0f
0x0000000066b1fd49:   28 c8 66 48 0f 7e c2 e8 cb c6 fe ff 66 0f ef c0
0x0000000066b1fd59:   48 8d 0d 9f 46 02 00 f3 0f 5a 03 66 48 0f 7e c2
0x0000000066b1fd69:   66 0f 28 c8 e8 ae c6 fe ff 0f b6 53 3a 48 8d 0d
0x0000000066b1fd79:   9d 46 02 00 e8 9e c6 fe ff 0f b7 53 34 48 8d 0d
0x0000000066b1fd89:   ab 46 02 00 e8 8e c6 fe ff 0f b7 53 36 48 8d 0d
0x0000000066b1fd99:   cb 46 02 00 e8 7e c6 fe ff 0f bf 53 38 48 8d 0d
0x0000000066b1fda9:   e3 46 02 00 e8 6e c6 fe ff 48 8b 5b 18 8b 43 08
0x0000000066b1fdb9:   83 f8 01 0f 84 3e 02 00 00 0f 82 d8 01 00 00 83
0x0000000066b1fdc9:   f8 02 0f 84 03 01 00 00 83 f8 03 0f 85 b6 01 00 


Stack slot to memory mapping:
stack at sp + 0 slots: 0x000002421d10f177 is at code_begin+1047 in an Interpreter codelet
method entry point (kind = native)  [0x000002421d10ed60, 0x000002421d10f7e0]  2688 bytes
stack at sp + 1 slots: 0x00000242396a89d8 is pointing into metadata
stack at sp + 2 slots: 0x0 is NULL
stack at sp + 3 slots: 0x0000000712b39ae8 is an oop: java.lang.Class 
{0x0000000712b39ae8} - klass: 'java/lang/Class'
stack at sp + 4 slots: {method} {0x0000024239697ea8} 'free' '(Ljava/lang/Object;)V' in 'com/badlogic/gdx/utils/Pool'
stack at sp + 5 slots: 0x0 is NULL
stack at sp + 6 slots: 0x000000af695fee00 is pointing into the stack for thread: 0x0000024239fbd410
stack at sp + 7 slots: 0x000000af695fee58 is pointing into the stack for thread: 0x0000024239fbd410


---------------  P R O C E S S  ---------------

Threads class SMR info:
_java_thread_list=0x000002423e30cdb0, length=16, elements={
0x0000024239839390, 0x000002423902ce90, 0x000002423984eee0, 0x00000242398517b0,
0x0000024239852170, 0x0000024239852e60, 0x00000242398569c0, 0x0000024239857ba0,
0x0000024239976220, 0x000002423997ba70, 0x00000242399be610, 0x00000242399c4e20,
0x0000024239fbd410, 0x0000024214be0a20, 0x000002423e03ad90, 0x000002423e3e8810
}

Java Threads: ( => current thread )
  0x0000024239839390 JavaThread "Reference Handler" daemon [_thread_blocked, id=27784, stack(0x000000af68600000,0x000000af68700000)]
  0x000002423902ce90 JavaThread "Finalizer" daemon [_thread_blocked, id=28644, stack(0x000000af68700000,0x000000af68800000)]
  0x000002423984eee0 JavaThread "Signal Dispatcher" daemon [_thread_blocked, id=3424, stack(0x000000af68800000,0x000000af68900000)]
  0x00000242398517b0 JavaThread "Attach Listener" daemon [_thread_blocked, id=28008, stack(0x000000af68900000,0x000000af68a00000)]
  0x0000024239852170 JavaThread "Service Thread" daemon [_thread_blocked, id=19932, stack(0x000000af68a00000,0x000000af68b00000)]
  0x0000024239852e60 JavaThread "C2 CompilerThread0" daemon [_thread_blocked, id=19460, stack(0x000000af68b00000,0x000000af68c00000)]
  0x00000242398569c0 JavaThread "C1 CompilerThread0" daemon [_thread_blocked, id=29300, stack(0x000000af68c00000,0x000000af68d00000)]
  0x0000024239857ba0 JavaThread "Sweeper thread" daemon [_thread_blocked, id=29820, stack(0x000000af68d00000,0x000000af68e00000)]
  0x0000024239976220 JavaThread "C1 CompilerThread1" daemon [_thread_blocked, id=15272, stack(0x000000af68e00000,0x000000af68f00000)]
  0x000002423997ba70 JavaThread "C1 CompilerThread2" daemon [_thread_blocked, id=26888, stack(0x000000af68f00000,0x000000af69000000)]
  0x00000242399be610 JavaThread "Notification Thread" daemon [_thread_blocked, id=6448, stack(0x000000af69000000,0x000000af69100000)]
  0x00000242399c4e20 JavaThread "Common-Cleaner" daemon [_thread_blocked, id=1812, stack(0x000000af69200000,0x000000af69300000)]
=>0x0000024239fbd410 JavaThread "LWJGL Application" [_thread_in_native, id=24068, stack(0x000000af69500000,0x000000af69600000)]
  0x0000024214be0a20 JavaThread "DestroyJavaVM" [_thread_blocked, id=24860, stack(0x000000af67f00000,0x000000af68000000)]
  0x000002423e03ad90 JavaThread "C1 CompilerThread3" daemon [_thread_blocked, id=14136, stack(0x000000af69b00000,0x000000af69c00000)]
  0x000002423e3e8810 JavaThread "LWJGL Timer" daemon [_thread_blocked, id=29804, stack(0x000000af69f00000,0x000000af6a000000)]

Other Threads:
  0x0000024239838c10 VMThread "VM Thread" [stack: 0x000000af68500000,0x000000af68600000] [id=19796]
  0x00000242399c2af0 WatcherThread [stack: 0x000000af69100000,0x000000af69200000] [id=8648]
  0x0000024214c33960 GCTaskThread "GC Thread#0" [stack: 0x000000af68000000,0x000000af68100000] [id=29132]
  0x0000024214c45650 ConcurrentGCThread "G1 Main Marker" [stack: 0x000000af68100000,0x000000af68200000] [id=27764]
  0x0000024214c46990 ConcurrentGCThread "G1 Conc#0" [stack: 0x000000af68200000,0x000000af68300000] [id=11816]
  0x0000024214cb1a20 ConcurrentGCThread "G1 Refine#0" [stack: 0x000000af68300000,0x000000af68400000] [id=19224]
  0x0000024238eb3630 ConcurrentGCThread "G1 Young RemSet Sampling" [stack: 0x000000af68400000,0x000000af68500000] [id=29788]

Threads with active compile tasks:

VM state: not at safepoint (normal execution)

VM Mutex/Monitor currently owned by a thread: None

Heap address: 0x0000000703800000, size: 4040 MB, Compressed Oops mode: Zero based, Oop shift amount: 3
CDS archive(s) mapped at: [0x0000000800000000-0x0000000800b50000-0x0000000800b50000), size 11862016, SharedBaseAddress: 0x0000000800000000, ArchiveRelocationMode: 0.
Compressed class space mapped at: 0x0000000800b50000-0x0000000840b50000, size: 1073741824
Narrow klass base: 0x0000000800000000, Narrow klass shift: 3, Narrow klass range: 0x100000000

GC Precious Log:
 CPUs: 16 total, 16 available
 Memory: 16154M
 Large Page Support: Disabled
 NUMA Support: Disabled
 Compressed Oops: Enabled (Zero based)
 Heap Region Size: 2M
 Heap Min Capacity: 8M
 Heap Initial Capacity: 254M
 Heap Max Capacity: 4040M
 Pre-touch: Disabled
 Parallel Workers: 13
 Concurrent Workers: 3
 Concurrent Refinement Workers: 13
 Periodic GC: Disabled

Heap:
 garbage-first heap   total 260096K, used 16384K [0x0000000703800000, 0x0000000800000000)
  region size 2048K, 9 young (18432K), 0 survivors (0K)
 Metaspace       used 4775K, capacity 7774K, committed 8064K, reserved 1056768K
  class space    used 321K, capacity 617K, committed 640K, reserved 1048576K

Heap Regions: E=young(eden), S=young(survivor), O=old, HS=humongous(starts), HC=humongous(continues), CS=collection set, F=free, OA=open archive, CA=closed archive, TAMS=top-at-mark-start (previous, next)
|   0|0x0000000703800000, 0x0000000703800000, 0x0000000703a00000|  0%| F|  |TAMS 0x0000000703800000, 0x0000000703800000| Untracked 
|   1|0x0000000703a00000, 0x0000000703a00000, 0x0000000703c00000|  0%| F|  |TAMS 0x0000000703a00000, 0x0000000703a00000| Untracked 
|   2|0x0000000703c00000, 0x0000000703c00000, 0x0000000703e00000|  0%| F|  |TAMS 0x0000000703c00000, 0x0000000703c00000| Untracked 
|   3|0x0000000703e00000, 0x0000000703e00000, 0x0000000704000000|  0%| F|  |TAMS 0x0000000703e00000, 0x0000000703e00000| Untracked 
|   4|0x0000000704000000, 0x0000000704000000, 0x0000000704200000|  0%| F|  |TAMS 0x0000000704000000, 0x0000000704000000| Untracked 
|   5|0x0000000704200000, 0x0000000704200000, 0x0000000704400000|  0%| F|  |TAMS 0x0000000704200000, 0x0000000704200000| Untracked 
|   6|0x0000000704400000, 0x0000000704400000, 0x0000000704600000|  0%| F|  |TAMS 0x0000000704400000, 0x0000000704400000| Untracked 
|   7|0x0000000704600000, 0x0000000704600000, 0x0000000704800000|  0%| F|  |TAMS 0x0000000704600000, 0x0000000704600000| Untracked 
|   8|0x0000000704800000, 0x0000000704800000, 0x0000000704a00000|  0%| F|  |TAMS 0x0000000704800000, 0x0000000704800000| Untracked 
|   9|0x0000000704a00000, 0x0000000704a00000, 0x0000000704c00000|  0%| F|  |TAMS 0x0000000704a00000, 0x0000000704a00000| Untracked 
|  10|0x0000000704c00000, 0x0000000704c00000, 0x0000000704e00000|  0%| F|  |TAMS 0x0000000704c00000, 0x0000000704c00000| Untracked 
|  11|0x0000000704e00000, 0x0000000704e00000, 0x0000000705000000|  0%| F|  |TAMS 0x0000000704e00000, 0x0000000704e00000| Untracked 
|  12|0x0000000705000000, 0x0000000705000000, 0x0000000705200000|  0%| F|  |TAMS 0x0000000705000000, 0x0000000705000000| Untracked 
|  13|0x0000000705200000, 0x0000000705200000, 0x0000000705400000|  0%| F|  |TAMS 0x0000000705200000, 0x0000000705200000| Untracked 
|  14|0x0000000705400000, 0x0000000705400000, 0x0000000705600000|  0%| F|  |TAMS 0x0000000705400000, 0x0000000705400000| Untracked 
|  15|0x0000000705600000, 0x0000000705600000, 0x0000000705800000|  0%| F|  |TAMS 0x0000000705600000, 0x0000000705600000| Untracked 
|  16|0x0000000705800000, 0x0000000705800000, 0x0000000705a00000|  0%| F|  |TAMS 0x0000000705800000, 0x0000000705800000| Untracked 
|  17|0x0000000705a00000, 0x0000000705a00000, 0x0000000705c00000|  0%| F|  |TAMS 0x0000000705a00000, 0x0000000705a00000| Untracked 
|  18|0x0000000705c00000, 0x0000000705c00000, 0x0000000705e00000|  0%| F|  |TAMS 0x0000000705c00000, 0x0000000705c00000| Untracked 
|  19|0x0000000705e00000, 0x0000000705e00000, 0x0000000706000000|  0%| F|  |TAMS 0x0000000705e00000, 0x0000000705e00000| Untracked 
|  20|0x0000000706000000, 0x0000000706000000, 0x0000000706200000|  0%| F|  |TAMS 0x0000000706000000, 0x0000000706000000| Untracked 
|  21|0x0000000706200000, 0x0000000706200000, 0x0000000706400000|  0%| F|  |TAMS 0x0000000706200000, 0x0000000706200000| Untracked 
|  22|0x0000000706400000, 0x0000000706400000, 0x0000000706600000|  0%| F|  |TAMS 0x0000000706400000, 0x0000000706400000| Untracked 
|  23|0x0000000706600000, 0x0000000706600000, 0x0000000706800000|  0%| F|  |TAMS 0x0000000706600000, 0x0000000706600000| Untracked 
|  24|0x0000000706800000, 0x0000000706800000, 0x0000000706a00000|  0%| F|  |TAMS 0x0000000706800000, 0x0000000706800000| Untracked 
|  25|0x0000000706a00000, 0x0000000706a00000, 0x0000000706c00000|  0%| F|  |TAMS 0x0000000706a00000, 0x0000000706a00000| Untracked 
|  26|0x0000000706c00000, 0x0000000706c00000, 0x0000000706e00000|  0%| F|  |TAMS 0x0000000706c00000, 0x0000000706c00000| Untracked 
|  27|0x0000000706e00000, 0x0000000706e00000, 0x0000000707000000|  0%| F|  |TAMS 0x0000000706e00000, 0x0000000706e00000| Untracked 
|  28|0x0000000707000000, 0x0000000707000000, 0x0000000707200000|  0%| F|  |TAMS 0x0000000707000000, 0x0000000707000000| Untracked 
|  29|0x0000000707200000, 0x0000000707200000, 0x0000000707400000|  0%| F|  |TAMS 0x0000000707200000, 0x0000000707200000| Untracked 
|  30|0x0000000707400000, 0x0000000707400000, 0x0000000707600000|  0%| F|  |TAMS 0x0000000707400000, 0x0000000707400000| Untracked 
|  31|0x0000000707600000, 0x0000000707600000, 0x0000000707800000|  0%| F|  |TAMS 0x0000000707600000, 0x0000000707600000| Untracked 
|  32|0x0000000707800000, 0x0000000707800000, 0x0000000707a00000|  0%| F|  |TAMS 0x0000000707800000, 0x0000000707800000| Untracked 
|  33|0x0000000707a00000, 0x0000000707a00000, 0x0000000707c00000|  0%| F|  |TAMS 0x0000000707a00000, 0x0000000707a00000| Untracked 
|  34|0x0000000707c00000, 0x0000000707c00000, 0x0000000707e00000|  0%| F|  |TAMS 0x0000000707c00000, 0x0000000707c00000| Untracked 
|  35|0x0000000707e00000, 0x0000000707e00000, 0x0000000708000000|  0%| F|  |TAMS 0x0000000707e00000, 0x0000000707e00000| Untracked 
|  36|0x0000000708000000, 0x0000000708000000, 0x0000000708200000|  0%| F|  |TAMS 0x0000000708000000, 0x0000000708000000| Untracked 
|  37|0x0000000708200000, 0x0000000708200000, 0x0000000708400000|  0%| F|  |TAMS 0x0000000708200000, 0x0000000708200000| Untracked 
|  38|0x0000000708400000, 0x0000000708400000, 0x0000000708600000|  0%| F|  |TAMS 0x0000000708400000, 0x0000000708400000| Untracked 
|  39|0x0000000708600000, 0x0000000708600000, 0x0000000708800000|  0%| F|  |TAMS 0x0000000708600000, 0x0000000708600000| Untracked 
|  40|0x0000000708800000, 0x0000000708800000, 0x0000000708a00000|  0%| F|  |TAMS 0x0000000708800000, 0x0000000708800000| Untracked 
|  41|0x0000000708a00000, 0x0000000708a00000, 0x0000000708c00000|  0%| F|  |TAMS 0x0000000708a00000, 0x0000000708a00000| Untracked 
|  42|0x0000000708c00000, 0x0000000708c00000, 0x0000000708e00000|  0%| F|  |TAMS 0x0000000708c00000, 0x0000000708c00000| Untracked 
|  43|0x0000000708e00000, 0x0000000708e00000, 0x0000000709000000|  0%| F|  |TAMS 0x0000000708e00000, 0x0000000708e00000| Untracked 
|  44|0x0000000709000000, 0x0000000709000000, 0x0000000709200000|  0%| F|  |TAMS 0x0000000709000000, 0x0000000709000000| Untracked 
|  45|0x0000000709200000, 0x0000000709200000, 0x0000000709400000|  0%| F|  |TAMS 0x0000000709200000, 0x0000000709200000| Untracked 
|  46|0x0000000709400000, 0x0000000709400000, 0x0000000709600000|  0%| F|  |TAMS 0x0000000709400000, 0x0000000709400000| Untracked 
|  47|0x0000000709600000, 0x0000000709600000, 0x0000000709800000|  0%| F|  |TAMS 0x0000000709600000, 0x0000000709600000| Untracked 
|  48|0x0000000709800000, 0x0000000709800000, 0x0000000709a00000|  0%| F|  |TAMS 0x0000000709800000, 0x0000000709800000| Untracked 
|  49|0x0000000709a00000, 0x0000000709a00000, 0x0000000709c00000|  0%| F|  |TAMS 0x0000000709a00000, 0x0000000709a00000| Untracked 
|  50|0x0000000709c00000, 0x0000000709c00000, 0x0000000709e00000|  0%| F|  |TAMS 0x0000000709c00000, 0x0000000709c00000| Untracked 
|  51|0x0000000709e00000, 0x0000000709e00000, 0x000000070a000000|  0%| F|  |TAMS 0x0000000709e00000, 0x0000000709e00000| Untracked 
|  52|0x000000070a000000, 0x000000070a000000, 0x000000070a200000|  0%| F|  |TAMS 0x000000070a000000, 0x000000070a000000| Untracked 
|  53|0x000000070a200000, 0x000000070a200000, 0x000000070a400000|  0%| F|  |TAMS 0x000000070a200000, 0x000000070a200000| Untracked 
|  54|0x000000070a400000, 0x000000070a400000, 0x000000070a600000|  0%| F|  |TAMS 0x000000070a400000, 0x000000070a400000| Untracked 
|  55|0x000000070a600000, 0x000000070a600000, 0x000000070a800000|  0%| F|  |TAMS 0x000000070a600000, 0x000000070a600000| Untracked 
|  56|0x000000070a800000, 0x000000070a800000, 0x000000070aa00000|  0%| F|  |TAMS 0x000000070a800000, 0x000000070a800000| Untracked 
|  57|0x000000070aa00000, 0x000000070aa00000, 0x000000070ac00000|  0%| F|  |TAMS 0x000000070aa00000, 0x000000070aa00000| Untracked 
|  58|0x000000070ac00000, 0x000000070ac00000, 0x000000070ae00000|  0%| F|  |TAMS 0x000000070ac00000, 0x000000070ac00000| Untracked 
|  59|0x000000070ae00000, 0x000000070ae00000, 0x000000070b000000|  0%| F|  |TAMS 0x000000070ae00000, 0x000000070ae00000| Untracked 
|  60|0x000000070b000000, 0x000000070b000000, 0x000000070b200000|  0%| F|  |TAMS 0x000000070b000000, 0x000000070b000000| Untracked 
|  61|0x000000070b200000, 0x000000070b200000, 0x000000070b400000|  0%| F|  |TAMS 0x000000070b200000, 0x000000070b200000| Untracked 
|  62|0x000000070b400000, 0x000000070b400000, 0x000000070b600000|  0%| F|  |TAMS 0x000000070b400000, 0x000000070b400000| Untracked 
|  63|0x000000070b600000, 0x000000070b600000, 0x000000070b800000|  0%| F|  |TAMS 0x000000070b600000, 0x000000070b600000| Untracked 
|  64|0x000000070b800000, 0x000000070b800000, 0x000000070ba00000|  0%| F|  |TAMS 0x000000070b800000, 0x000000070b800000| Untracked 
|  65|0x000000070ba00000, 0x000000070ba00000, 0x000000070bc00000|  0%| F|  |TAMS 0x000000070ba00000, 0x000000070ba00000| Untracked 
|  66|0x000000070bc00000, 0x000000070bc00000, 0x000000070be00000|  0%| F|  |TAMS 0x000000070bc00000, 0x000000070bc00000| Untracked 
|  67|0x000000070be00000, 0x000000070be00000, 0x000000070c000000|  0%| F|  |TAMS 0x000000070be00000, 0x000000070be00000| Untracked 
|  68|0x000000070c000000, 0x000000070c000000, 0x000000070c200000|  0%| F|  |TAMS 0x000000070c000000, 0x000000070c000000| Untracked 
|  69|0x000000070c200000, 0x000000070c200000, 0x000000070c400000|  0%| F|  |TAMS 0x000000070c200000, 0x000000070c200000| Untracked 
|  70|0x000000070c400000, 0x000000070c400000, 0x000000070c600000|  0%| F|  |TAMS 0x000000070c400000, 0x000000070c400000| Untracked 
|  71|0x000000070c600000, 0x000000070c600000, 0x000000070c800000|  0%| F|  |TAMS 0x000000070c600000, 0x000000070c600000| Untracked 
|  72|0x000000070c800000, 0x000000070c800000, 0x000000070ca00000|  0%| F|  |TAMS 0x000000070c800000, 0x000000070c800000| Untracked 
|  73|0x000000070ca00000, 0x000000070ca00000, 0x000000070cc00000|  0%| F|  |TAMS 0x000000070ca00000, 0x000000070ca00000| Untracked 
|  74|0x000000070cc00000, 0x000000070cc00000, 0x000000070ce00000|  0%| F|  |TAMS 0x000000070cc00000, 0x000000070cc00000| Untracked 
|  75|0x000000070ce00000, 0x000000070ce00000, 0x000000070d000000|  0%| F|  |TAMS 0x000000070ce00000, 0x000000070ce00000| Untracked 
|  76|0x000000070d000000, 0x000000070d000000, 0x000000070d200000|  0%| F|  |TAMS 0x000000070d000000, 0x000000070d000000| Untracked 
|  77|0x000000070d200000, 0x000000070d200000, 0x000000070d400000|  0%| F|  |TAMS 0x000000070d200000, 0x000000070d200000| Untracked 
|  78|0x000000070d400000, 0x000000070d400000, 0x000000070d600000|  0%| F|  |TAMS 0x000000070d400000, 0x000000070d400000| Untracked 
|  79|0x000000070d600000, 0x000000070d600000, 0x000000070d800000|  0%| F|  |TAMS 0x000000070d600000, 0x000000070d600000| Untracked 
|  80|0x000000070d800000, 0x000000070d800000, 0x000000070da00000|  0%| F|  |TAMS 0x000000070d800000, 0x000000070d800000| Untracked 
|  81|0x000000070da00000, 0x000000070da00000, 0x000000070dc00000|  0%| F|  |TAMS 0x000000070da00000, 0x000000070da00000| Untracked 
|  82|0x000000070dc00000, 0x000000070dc00000, 0x000000070de00000|  0%| F|  |TAMS 0x000000070dc00000, 0x000000070dc00000| Untracked 
|  83|0x000000070de00000, 0x000000070de00000, 0x000000070e000000|  0%| F|  |TAMS 0x000000070de00000, 0x000000070de00000| Untracked 
|  84|0x000000070e000000, 0x000000070e000000, 0x000000070e200000|  0%| F|  |TAMS 0x000000070e000000, 0x000000070e000000| Untracked 
|  85|0x000000070e200000, 0x000000070e200000, 0x000000070e400000|  0%| F|  |TAMS 0x000000070e200000, 0x000000070e200000| Untracked 
|  86|0x000000070e400000, 0x000000070e400000, 0x000000070e600000|  0%| F|  |TAMS 0x000000070e400000, 0x000000070e400000| Untracked 
|  87|0x000000070e600000, 0x000000070e600000, 0x000000070e800000|  0%| F|  |TAMS 0x000000070e600000, 0x000000070e600000| Untracked 
|  88|0x000000070e800000, 0x000000070e800000, 0x000000070ea00000|  0%| F|  |TAMS 0x000000070e800000, 0x000000070e800000| Untracked 
|  89|0x000000070ea00000, 0x000000070ea00000, 0x000000070ec00000|  0%| F|  |TAMS 0x000000070ea00000, 0x000000070ea00000| Untracked 
|  90|0x000000070ec00000, 0x000000070ec00000, 0x000000070ee00000|  0%| F|  |TAMS 0x000000070ec00000, 0x000000070ec00000| Untracked 
|  91|0x000000070ee00000, 0x000000070ee00000, 0x000000070f000000|  0%| F|  |TAMS 0x000000070ee00000, 0x000000070ee00000| Untracked 
|  92|0x000000070f000000, 0x000000070f000000, 0x000000070f200000|  0%| F|  |TAMS 0x000000070f000000, 0x000000070f000000| Untracked 
|  93|0x000000070f200000, 0x000000070f200000, 0x000000070f400000|  0%| F|  |TAMS 0x000000070f200000, 0x000000070f200000| Untracked 
|  94|0x000000070f400000, 0x000000070f400000, 0x000000070f600000|  0%| F|  |TAMS 0x000000070f400000, 0x000000070f400000| Untracked 
|  95|0x000000070f600000, 0x000000070f600000, 0x000000070f800000|  0%| F|  |TAMS 0x000000070f600000, 0x000000070f600000| Untracked 
|  96|0x000000070f800000, 0x000000070f800000, 0x000000070fa00000|  0%| F|  |TAMS 0x000000070f800000, 0x000000070f800000| Untracked 
|  97|0x000000070fa00000, 0x000000070fa00000, 0x000000070fc00000|  0%| F|  |TAMS 0x000000070fa00000, 0x000000070fa00000| Untracked 
|  98|0x000000070fc00000, 0x000000070fc00000, 0x000000070fe00000|  0%| F|  |TAMS 0x000000070fc00000, 0x000000070fc00000| Untracked 
|  99|0x000000070fe00000, 0x000000070fe00000, 0x0000000710000000|  0%| F|  |TAMS 0x000000070fe00000, 0x000000070fe00000| Untracked 
| 100|0x0000000710000000, 0x0000000710000000, 0x0000000710200000|  0%| F|  |TAMS 0x0000000710000000, 0x0000000710000000| Untracked 
| 101|0x0000000710200000, 0x0000000710200000, 0x0000000710400000|  0%| F|  |TAMS 0x0000000710200000, 0x0000000710200000| Untracked 
| 102|0x0000000710400000, 0x0000000710400000, 0x0000000710600000|  0%| F|  |TAMS 0x0000000710400000, 0x0000000710400000| Untracked 
| 103|0x0000000710600000, 0x0000000710600000, 0x0000000710800000|  0%| F|  |TAMS 0x0000000710600000, 0x0000000710600000| Untracked 
| 104|0x0000000710800000, 0x0000000710800000, 0x0000000710a00000|  0%| F|  |TAMS 0x0000000710800000, 0x0000000710800000| Untracked 
| 105|0x0000000710a00000, 0x0000000710a00000, 0x0000000710c00000|  0%| F|  |TAMS 0x0000000710a00000, 0x0000000710a00000| Untracked 
| 106|0x0000000710c00000, 0x0000000710c00000, 0x0000000710e00000|  0%| F|  |TAMS 0x0000000710c00000, 0x0000000710c00000| Untracked 
| 107|0x0000000710e00000, 0x0000000710e00000, 0x0000000711000000|  0%| F|  |TAMS 0x0000000710e00000, 0x0000000710e00000| Untracked 
| 108|0x0000000711000000, 0x0000000711000000, 0x0000000711200000|  0%| F|  |TAMS 0x0000000711000000, 0x0000000711000000| Untracked 
| 109|0x0000000711200000, 0x0000000711200000, 0x0000000711400000|  0%| F|  |TAMS 0x0000000711200000, 0x0000000711200000| Untracked 
| 110|0x0000000711400000, 0x0000000711400000, 0x0000000711600000|  0%| F|  |TAMS 0x0000000711400000, 0x0000000711400000| Untracked 
| 111|0x0000000711600000, 0x0000000711600000, 0x0000000711800000|  0%| F|  |TAMS 0x0000000711600000, 0x0000000711600000| Untracked 
| 112|0x0000000711800000, 0x0000000711800000, 0x0000000711a00000|  0%| F|  |TAMS 0x0000000711800000, 0x0000000711800000| Untracked 
| 113|0x0000000711a00000, 0x0000000711a00000, 0x0000000711c00000|  0%| F|  |TAMS 0x0000000711a00000, 0x0000000711a00000| Untracked 
| 114|0x0000000711c00000, 0x0000000711c00000, 0x0000000711e00000|  0%| F|  |TAMS 0x0000000711c00000, 0x0000000711c00000| Untracked 
| 115|0x0000000711e00000, 0x0000000711e00000, 0x0000000712000000|  0%| F|  |TAMS 0x0000000711e00000, 0x0000000711e00000| Untracked 
| 116|0x0000000712000000, 0x0000000712000000, 0x0000000712200000|  0%| F|  |TAMS 0x0000000712000000, 0x0000000712000000| Untracked 
| 117|0x0000000712200000, 0x0000000712200000, 0x0000000712400000|  0%| F|  |TAMS 0x0000000712200000, 0x0000000712200000| Untracked 
| 118|0x0000000712400000, 0x00000007125838f8, 0x0000000712600000| 75%| E|  |TAMS 0x0000000712400000, 0x0000000712400000| Complete 
| 119|0x0000000712600000, 0x0000000712800000, 0x0000000712800000|100%| E|CS|TAMS 0x0000000712600000, 0x0000000712600000| Complete 
| 120|0x0000000712800000, 0x0000000712a00000, 0x0000000712a00000|100%| E|CS|TAMS 0x0000000712800000, 0x0000000712800000| Complete 
| 121|0x0000000712a00000, 0x0000000712c00000, 0x0000000712c00000|100%| E|CS|TAMS 0x0000000712a00000, 0x0000000712a00000| Complete 
| 122|0x0000000712c00000, 0x0000000712e00000, 0x0000000712e00000|100%| E|CS|TAMS 0x0000000712c00000, 0x0000000712c00000| Complete 
| 123|0x0000000712e00000, 0x0000000713000000, 0x0000000713000000|100%| E|CS|TAMS 0x0000000712e00000, 0x0000000712e00000| Complete 
| 124|0x0000000713000000, 0x0000000713200000, 0x0000000713200000|100%| E|CS|TAMS 0x0000000713000000, 0x0000000713000000| Complete 
| 125|0x0000000713200000, 0x0000000713400000, 0x0000000713400000|100%| E|CS|TAMS 0x0000000713200000, 0x0000000713200000| Complete 
| 126|0x0000000713400000, 0x0000000713600000, 0x0000000713600000|100%| E|CS|TAMS 0x0000000713400000, 0x0000000713400000| Complete 

Card table byte_map: [0x000002422d170000,0x000002422d960000] _byte_map_base: 0x0000024229954000

Marking Bits (Prev, Next): (CMBitMap*) 0x0000024214c35070, (CMBitMap*) 0x0000024214c350b0
 Prev Bits: [0x000002422e150000, 0x0000024232070000)
 Next Bits: [0x0000024232070000, 0x0000024235f90000)

Polling page: 0x0000024212b20000

Metaspace:

Usage:
  Non-class:      6.99 MB capacity,     4.35 MB ( 62%) used,     2.64 MB ( 38%) free+waste,     3.38 KB ( <1%) overhead. 
      Class:    617.00 KB capacity,   321.80 KB ( 52%) used,   294.39 KB ( 48%) free+waste,   832 bytes ( <1%) overhead. 
       Both:      7.59 MB capacity,     4.66 MB ( 61%) used,     2.92 MB ( 39%) free+waste,     4.19 KB ( <1%) overhead. 

Virtual space:
  Non-class space:        8.00 MB reserved,       7.25 MB ( 91%) committed 
      Class space:        1.00 GB reserved,     640.00 KB ( <1%) committed 
             Both:        1.01 GB reserved,       7.88 MB ( <1%) committed 

Chunk freelists:
   Non-Class:  139.00 KB
       Class:  23.00 KB
        Both:  162.00 KB

MaxMetaspaceSize: 17179869184.00 GB
CompressedClassSpaceSize: 1.00 GB

CodeHeap 'non-profiled nmethods': size=119168Kb used=287Kb max_used=287Kb free=118880Kb
 bounds [0x0000024224ca0000, 0x0000024224f10000, 0x000002422c100000]
CodeHeap 'profiled nmethods': size=119104Kb used=1804Kb max_used=1804Kb free=117299Kb
 bounds [0x000002421d850000, 0x000002421dac0000, 0x0000024224ca0000]
CodeHeap 'non-nmethods': size=7488Kb used=2976Kb max_used=2994Kb free=4511Kb
 bounds [0x000002421d100000, 0x000002421d3f0000, 0x000002421d850000]
 total_blobs=1601 nmethods=1020 adapters=491
 compilation: enabled
              stopped_count=0, restarted_count=0
 full_count=0

Compilation events (20 events):
Event: 2.183 Thread 0x00000242398569c0 nmethod 1007 0x000002421da0e110 code [0x000002421da0e2e0, 0x000002421da0e558]
Event: 2.183 Thread 0x0000024239976220 nmethod 1008 0x000002421da0e690 code [0x000002421da0e840, 0x000002421da0ea38]
Event: 2.183 Thread 0x00000242398569c0 1011       3       com.badlogic.gdx.backends.lwjgl.LwjglGL20::toFloatBuffer (30 bytes)
Event: 2.183 Thread 0x0000024239976220 1012       3       com.badlogic.gdx.backends.lwjgl.LwjglGL20::ensureBufferCapacity (49 bytes)
Event: 2.183 Thread 0x000002423997ba70 nmethod 1009 0x000002421da0eb90 code [0x000002421da0ed60, 0x000002421da0f038]
Event: 2.183 Thread 0x000002423997ba70 1013       3       java.nio.FloatBuffer::clear (5 bytes)
Event: 2.183 Thread 0x000002423997ba70 nmethod 1013 0x000002421da0f210 code [0x000002421da0f3c0, 0x000002421da0f598]
Event: 2.183 Thread 0x000002423997ba70 1014       3       java.nio.FloatBuffer::clear (7 bytes)
Event: 2.183 Thread 0x00000242398569c0 nmethod 1011 0x000002421da0f690 code [0x000002421da0f860, 0x000002421da0fbd8]
Event: 2.183 Thread 0x00000242398569c0 1015       3       org.lwjgl.opengl.GL20::glUniformMatrix4 (37 bytes)
Event: 2.183 Thread 0x000002423997ba70 nmethod 1014 0x000002421da0fd90 code [0x000002421da0ff20, 0x000002421da10098]
Event: 2.183 Thread 0x000002423e03ad90 nmethod 1010 0x000002421da10190 code [0x000002421da10360, 0x000002421da107a8]
Event: 2.183 Thread 0x0000024239976220 nmethod 1012 0x000002421da10990 code [0x000002421da10ba0, 0x000002421da111f8]
Event: 2.183 Thread 0x00000242398569c0 nmethod 1015 0x000002421da11410 code [0x000002421da116a0, 0x000002421da12338]
Event: 2.265 Thread 0x000002423997ba70 1017       3       com.badlogic.gdx.maps.MapLayer::getRenderOffsetX (16 bytes)
Event: 2.265 Thread 0x000002423e03ad90 1018       3       com.badlogic.gdx.maps.MapLayer::getRenderOffsetY (16 bytes)
Event: 2.265 Thread 0x000002423e03ad90 nmethod 1018 0x000002421da12890 code [0x000002421da12a40, 0x000002421da12c48]
Event: 2.265 Thread 0x000002423997ba70 nmethod 1017 0x000002421da12d10 code [0x000002421da12ec0, 0x000002421da130c8]
Event: 2.288 Thread 0x000002423997ba70 1020       1       org.lwjgl.opengl.DisplayMode::getWidth (5 bytes)
Event: 2.288 Thread 0x000002423997ba70 nmethod 1020 0x0000024224ce7c10 code [0x0000024224ce7da0, 0x0000024224ce7e58]

GC Heap History (0 events):
No events

Deoptimization events (20 events):
Event: 1.282 Thread 0x0000024239fbd410 DEOPT PACKING pc=0x000002421d9c5d87 sp=0x000000af695fefa0
Event: 1.282 Thread 0x0000024239fbd410 DEOPT UNPACKING pc=0x000002421d14e23f sp=0x000000af695fe3c8 mode 0
Event: 1.315 Thread 0x0000024239fbd410 DEOPT PACKING pc=0x000002421d9c5d87 sp=0x000000af695fefa0
Event: 1.315 Thread 0x0000024239fbd410 DEOPT UNPACKING pc=0x000002421d14e23f sp=0x000000af695fe3c8 mode 0
Event: 1.320 Thread 0x0000024239fbd410 DEOPT PACKING pc=0x000002421d9d3740 sp=0x000000af695ff090
Event: 1.320 Thread 0x0000024239fbd410 DEOPT UNPACKING pc=0x000002421d14e23f sp=0x000000af695fe628 mode 0
Event: 1.337 Thread 0x0000024239fbd410 DEOPT PACKING pc=0x000002421d9c5d87 sp=0x000000af695fefa0
Event: 1.337 Thread 0x0000024239fbd410 DEOPT UNPACKING pc=0x000002421d14e23f sp=0x000000af695fe3c8 mode 0
Event: 1.352 Thread 0x0000024239fbd410 DEOPT PACKING pc=0x000002421d9d5de2 sp=0x000000af695ff0a0
Event: 1.352 Thread 0x0000024239fbd410 DEOPT UNPACKING pc=0x000002421d14e23f sp=0x000000af695fe628 mode 0
Event: 1.354 Thread 0x0000024239fbd410 DEOPT PACKING pc=0x000002421d9d3740 sp=0x000000af695ff090
Event: 1.354 Thread 0x0000024239fbd410 DEOPT UNPACKING pc=0x000002421d14e23f sp=0x000000af695fe628 mode 0
Event: 1.365 Thread 0x0000024239fbd410 DEOPT PACKING pc=0x000002421d9c5d87 sp=0x000000af695fefa0
Event: 1.365 Thread 0x0000024239fbd410 DEOPT UNPACKING pc=0x000002421d14e23f sp=0x000000af695fe3c8 mode 0
Event: 1.386 Thread 0x0000024239fbd410 DEOPT PACKING pc=0x000002421d9d5de2 sp=0x000000af695ff0a0
Event: 1.386 Thread 0x0000024239fbd410 DEOPT UNPACKING pc=0x000002421d14e23f sp=0x000000af695fe628 mode 0
Event: 1.404 Thread 0x0000024239fbd410 DEOPT PACKING pc=0x000002421d9d5de2 sp=0x000000af695ff0a0
Event: 1.404 Thread 0x0000024239fbd410 DEOPT UNPACKING pc=0x000002421d14e23f sp=0x000000af695fe628 mode 0
Event: 1.453 Thread 0x0000024239fbd410 DEOPT PACKING pc=0x000002421d9d5de2 sp=0x000000af695ff0a0
Event: 1.453 Thread 0x0000024239fbd410 DEOPT UNPACKING pc=0x000002421d14e23f sp=0x000000af695fe628 mode 0

Classes unloaded (0 events):
No events

Classes redefined (0 events):
No events

Internal exceptions (1 events):
Event: 0.510 Thread 0x0000024239fbd410 Exception <a 'org/lwjgl/LWJGLException'{0x0000000712e8f028}: Failed to set device gamma.> (0x0000000712e8f028) 
thrown [./src/hotspot/share/prims/jni.cpp, line 599]

Events (20 events):
Event: 0.938 Thread 0x000002423e2d2710 Thread added: 0x000002423e2d2710
Event: 0.938 Thread 0x000002423e3a52f0 Thread added: 0x000002423e3a52f0
Event: 0.938 loading class jdk/internal/math/FloatingDecimal$ASCIIToBinaryBuffer
Event: 0.938 loading class jdk/internal/math/FloatingDecimal$ASCIIToBinaryBuffer done
Event: 0.972 Thread 0x000002423e3e8810 Thread added: 0x000002423e3e8810
Event: 1.068 Thread 0x000002423e3a52f0 Thread exited: 0x000002423e3a52f0
Event: 1.087 Loaded shared library C:\Users\dougl\AppData\Local\Temp\libgdxdougl\1cecf4f6\lwjgl64.dll
Event: 1.096 Executing VM operation: HandshakeAllThreads
Event: 1.096 Executing VM operation: HandshakeAllThreads done
Event: 1.102 Loaded shared library C:\Users\dougl\.jdks\azul-15.0.5\bin\java.dll
Event: 1.205 Thread 0x000002423e2d2710 Thread exited: 0x000002423e2d2710
Event: 1.255 Loaded shared library C:\Users\dougl\AppData\Local\Temp\libgdxdougl\1cecf4f6\lwjgl64.dll
Event: 1.265 Loaded shared library C:\Users\dougl\AppData\Local\Temp\libgdxdougl\1cecf4f6\lwjgl64.dll
Event: 1.288 Loaded shared library C:\Users\dougl\AppData\Local\Temp\libgdxdougl\1cecf4f6\lwjgl64.dll
Event: 1.832 Loaded shared library C:\Users\dougl\AppData\Local\Temp\libgdxdougl\1cecf4f6\lwjgl64.dll
Event: 1.849 Loaded shared library C:\Users\dougl\AppData\Local\Temp\libgdxdougl\1cecf4f6\lwjgl64.dll
Event: 1.854 Loaded shared library C:\Users\dougl\AppData\Local\Temp\libgdxdougl\1cecf4f6\lwjgl64.dll
Event: 2.066 Loaded shared library C:\Users\dougl\AppData\Local\Temp\libgdxdougl\1cecf4f6\lwjgl64.dll
Event: 2.182 Loaded shared library C:\Users\dougl\AppData\Local\Temp\libgdxdougl\1cecf4f6\lwjgl64.dll
Event: 2.282 Loaded shared library C:\Users\dougl\AppData\Local\Temp\libgdxdougl\1cecf4f6\lwjgl64.dll


Dynamic libraries:
0x00007ff666ba0000 - 0x00007ff666bad000 	C:\Users\dougl\.jdks\azul-15.0.5\bin\java.exe
0x00007ffc92c10000 - 0x00007ffc92e05000 	C:\Windows\SYSTEM32\ntdll.dll
0x00007ffc92ab0000 - 0x00007ffc92b6e000 	C:\Windows\System32\KERNEL32.DLL
0x00007ffc905c0000 - 0x00007ffc90888000 	C:\Windows\System32\KERNELBASE.dll
0x00007ffc76390000 - 0x00007ffc763a8000 	C:\Users\dougl\.jdks\azul-15.0.5\bin\jli.dll
0x00007ffc90b60000 - 0x00007ffc90c60000 	C:\Windows\System32\ucrtbase.dll
0x00007ffc722c0000 - 0x00007ffc722d5000 	C:\Users\dougl\.jdks\azul-15.0.5\bin\VCRUNTIME140.dll
0x00007ffc911b0000 - 0x00007ffc91351000 	C:\Windows\System32\USER32.dll
0x00007ffc7b9f0000 - 0x00007ffc7bc8a000 	C:\Windows\WinSxS\amd64_microsoft.windows.common-controls_6595b64144ccf1df_6.0.19041.1110_none_60b5254171f9507e\COMCTL32.dll
0x00007ffc90890000 - 0x00007ffc908b2000 	C:\Windows\System32\win32u.dll
0x00007ffc91b80000 - 0x00007ffc91c1e000 	C:\Windows\System32\msvcrt.dll
0x00007ffc91b50000 - 0x00007ffc91b7b000 	C:\Windows\System32\GDI32.dll
0x00007ffc908c0000 - 0x00007ffc909cb000 	C:\Windows\System32\gdi32full.dll
0x00007ffc903e0000 - 0x00007ffc9047d000 	C:\Windows\System32\msvcp_win.dll
0x00007ffc91850000 - 0x00007ffc91880000 	C:\Windows\System32\IMM32.DLL
0x00007ffc60890000 - 0x00007ffc6092b000 	C:\Users\dougl\.jdks\azul-15.0.5\bin\msvcp140.dll
0x00007ffbba1f0000 - 0x00007ffbbad82000 	C:\Users\dougl\.jdks\azul-15.0.5\bin\server\jvm.dll
0x00007ffc91880000 - 0x00007ffc9192c000 	C:\Windows\System32\ADVAPI32.dll
0x00007ffc91c50000 - 0x00007ffc91ceb000 	C:\Windows\System32\sechost.dll
0x00007ffc92980000 - 0x00007ffc92aaa000 	C:\Windows\System32\RPCRT4.dll
0x00007ffc91b30000 - 0x00007ffc91b38000 	C:\Windows\System32\PSAPI.DLL
0x00007ffc79ef0000 - 0x00007ffc79ef9000 	C:\Windows\SYSTEM32\WSOCK32.dll
0x00007ffc89390000 - 0x00007ffc8939a000 	C:\Windows\SYSTEM32\VERSION.dll
0x00007ffc86710000 - 0x00007ffc86737000 	C:\Windows\SYSTEM32\WINMM.dll
0x00007ffc91090000 - 0x00007ffc910fb000 	C:\Windows\System32\WS2_32.dll
0x00007ffc8e430000 - 0x00007ffc8e442000 	C:\Windows\SYSTEM32\kernel.appcore.dll
0x00007ffc71b50000 - 0x00007ffc71b5a000 	C:\Users\dougl\.jdks\azul-15.0.5\bin\jimage.dll
0x00007ffc8dfd0000 - 0x00007ffc8e1b4000 	C:\Windows\SYSTEM32\DBGHELP.DLL
0x00007ffc78330000 - 0x00007ffc7835c000 	C:\Windows\SYSTEM32\dbgcore.DLL
0x00007ffc90530000 - 0x00007ffc905b3000 	C:\Windows\System32\bcryptPrimitives.dll
0x00007ffc71aa0000 - 0x00007ffc71ac5000 	C:\Users\dougl\.jdks\azul-15.0.5\bin\java.dll
0x00007ffc91dc0000 - 0x00007ffc924ff000 	C:\Windows\System32\SHELL32.dll
0x00007ffc8e450000 - 0x00007ffc8ebe0000 	C:\Windows\SYSTEM32\windows.storage.dll
0x00007ffc91440000 - 0x00007ffc91795000 	C:\Windows\System32\combase.dll
0x00007ffc8fd80000 - 0x00007ffc8fdae000 	C:\Windows\SYSTEM32\Wldp.dll
0x00007ffc917a0000 - 0x00007ffc9184d000 	C:\Windows\System32\SHCORE.dll
0x00007ffc92b70000 - 0x00007ffc92bc5000 	C:\Windows\System32\shlwapi.dll
0x00007ffc90270000 - 0x00007ffc9028f000 	C:\Windows\SYSTEM32\profapi.dll
0x00007ffc71910000 - 0x00007ffc71929000 	C:\Users\dougl\.jdks\azul-15.0.5\bin\net.dll
0x00007ffc82250000 - 0x00007ffc8235c000 	C:\Windows\SYSTEM32\WINHTTP.dll
0x00007ffc8fae0000 - 0x00007ffc8fb4a000 	C:\Windows\system32\mswsock.dll
0x00007ffc713d0000 - 0x00007ffc713e2000 	C:\Users\dougl\.jdks\azul-15.0.5\bin\nio.dll
0x00007ffc70520000 - 0x00007ffc70538000 	C:\Users\dougl\.jdks\azul-15.0.5\bin\zip.dll
0x000000006e700000 - 0x000000006e72a000 	C:\Users\dougl\AppData\Local\Temp\libgdxdougl\e1cd32f8\gdx64.dll
0x00007ffc71b40000 - 0x00007ffc71b50000 	C:\Users\dougl\.jdks\azul-15.0.5\bin\verify.dll
0x0000000180000000 - 0x0000000180053000 	C:\Users\dougl\AppData\Local\Temp\libgdxdougl\1cecf4f6\lwjgl64.dll
0x00007ffbf8bd0000 - 0x00007ffbf8cf5000 	C:\Windows\SYSTEM32\OPENGL32.dll
0x00007ffc763b0000 - 0x00007ffc763dc000 	C:\Windows\SYSTEM32\GLU32.dll
0x0000024214b00000 - 0x0000024214b64000 	C:\Users\dougl\AppData\Local\Temp\libgdxdougl\1cecf4f6\OpenAL64.dll
0x00007ffc90cc0000 - 0x00007ffc90dea000 	C:\Windows\System32\ole32.dll
0x00007ffc8d920000 - 0x00007ffc8d9be000 	C:\Windows\system32\uxtheme.dll
0x00007ffbf1630000 - 0x00007ffbf172c000 	C:\ProgramData\A-Volute\DellInc.AlienwareSoundCenter\Modules\ScheduledModules\x64\DellInc.AlienwareSoundCenterDevProps2.dll
0x00007ffbf1730000 - 0x00007ffbf17dd000 	C:\ProgramData\A-Volute\DellInc.AlienwareSoundCenter\Modules\ScheduledModules\x64\NahimicOSD.dll
0x00007ffbf37e0000 - 0x00007ffbf3801000 	C:\ProgramData\A-Volute\DellInc.AlienwareSoundCenter\Modules\ScheduledModules\x64\ProductInfo.dll
0x00007ffc91100000 - 0x00007ffc911a9000 	C:\Windows\System32\clbcatq.dll
0x00007ffc8ab30000 - 0x00007ffc8abb5000 	C:\Windows\System32\MMDevApi.dll
0x00007ffc900d0000 - 0x00007ffc90104000 	C:\Windows\System32\DEVOBJ.dll
0x00007ffc90330000 - 0x00007ffc9037e000 	C:\Windows\System32\cfgmgr32.dll
0x00007ffc8ac90000 - 0x00007ffc8ae11000 	C:\Windows\SYSTEM32\AudioSes.dll
0x00007ffc91cf0000 - 0x00007ffc91dbd000 	C:\Windows\System32\OLEAUT32.dll
0x00007ffc8f8f0000 - 0x00007ffc8f93b000 	C:\Windows\SYSTEM32\powrprof.dll
0x00007ffc8f760000 - 0x00007ffc8f772000 	C:\Windows\SYSTEM32\UMPDC.dll
0x00007ffc8b690000 - 0x00007ffc8b786000 	C:\Windows\SYSTEM32\PropSys.dll
0x00007ffc82d80000 - 0x00007ffc82e1c000 	C:\Windows\SYSTEM32\dsound.dll
0x00007ffc82b00000 - 0x00007ffc82b26000 	C:\Windows\SYSTEM32\winmmbase.dll
0x00007ffc8dab0000 - 0x00007ffc8dac4000 	C:\Windows\SYSTEM32\resourcepolicyclient.dll
0x00007ffc89560000 - 0x00007ffc8960e000 	C:\Windows\SYSTEM32\mscms.dll
0x00007ffc901f0000 - 0x00007ffc9021e000 	C:\Windows\SYSTEM32\USERENV.dll
0x00007ffc8a050000 - 0x00007ffc8a061000 	C:\Windows\SYSTEM32\ColorAdapterClient.dll
0x00007ffc91a10000 - 0x00007ffc91b25000 	C:\Windows\System32\MSCTF.dll
0x00007ffc6ef60000 - 0x00007ffc6f059000 	C:\Windows\SYSTEM32\textinputframework.dll
0x00007ffc8d010000 - 0x00007ffc8d36e000 	C:\Windows\System32\CoreUIComponents.dll
0x00007ffc8d370000 - 0x00007ffc8d462000 	C:\Windows\System32\CoreMessaging.dll
0x00007ffc8f140000 - 0x00007ffc8f173000 	C:\Windows\SYSTEM32\ntmarta.dll
0x00007ffc8bb40000 - 0x00007ffc8bc94000 	C:\Windows\SYSTEM32\wintypes.dll
0x00007ffc78360000 - 0x00007ffc783c6000 	C:\Windows\system32\Oleacc.dll
0x00007ffc8a3b0000 - 0x00007ffc8a4a9000 	C:\Windows\System32\AppXDeploymentClient.dll
0x00007ffbaf9c0000 - 0x00007ffbb24d7000 	C:\Windows\System32\DriverStore\FileRepository\nvddi.inf_amd64_825a4c41796dab48\nvoglv64.dll
0x00007ffc92500000 - 0x00007ffc92972000 	C:\Windows\System32\SETUPAPI.dll
0x00007ffc90b30000 - 0x00007ffc90b57000 	C:\Windows\System32\bcrypt.dll
0x00007ffc8b850000 - 0x00007ffc8b864000 	C:\Windows\SYSTEM32\WTSAPI32.dll
0x00007ffc8ff10000 - 0x00007ffc8ff22000 	C:\Windows\SYSTEM32\msasn1.dll
0x00007ffc89120000 - 0x00007ffc89151000 	C:\Windows\SYSTEM32\cryptnet.dll
0x00007ffc909d0000 - 0x00007ffc90b26000 	C:\Windows\System32\CRYPT32.dll
0x00007ffc87920000 - 0x00007ffc87a6a000 	C:\Windows\SYSTEM32\drvstore.dll
0x00007ffc8fcf0000 - 0x00007ffc8fcfc000 	C:\Windows\SYSTEM32\cryptbase.dll
0x00007ffc90380000 - 0x00007ffc903e0000 	C:\Windows\System32\WINTRUST.dll
0x00007ffc8b2b0000 - 0x00007ffc8b2eb000 	C:\Windows\SYSTEM32\dxcore.dll
0x00007ffc582a0000 - 0x00007ffc58563000 	C:\Windows\system32\nvspcap64.dll
0x00007ffc8dbb0000 - 0x00007ffc8dbdf000 	C:\Windows\SYSTEM32\dwmapi.dll
0x00007ffc89090000 - 0x00007ffc890d3000 	C:\Windows\SYSTEM32\icm32.dll
0x00007ffc8f0e0000 - 0x00007ffc8f13a000 	C:\Windows\SYSTEM32\WINSTA.dll
0x00007ffc81890000 - 0x00007ffc81a5e000 	C:\Windows\SYSTEM32\d3d9.dll
0x00007ffc91c20000 - 0x00007ffc91c3d000 	C:\Windows\System32\imagehlp.dll
0x00007ffc8fcd0000 - 0x00007ffc8fce8000 	C:\Windows\SYSTEM32\CRYPTSP.dll
0x00007ffc8f3f0000 - 0x00007ffc8f424000 	C:\Windows\system32\rsaenh.dll
0x0000000066b00000 - 0x0000000066b5b000 	C:\Users\dougl\AppData\Local\Temp\libgdxdougl\a14961b7\gdx-box2d64.dll

dbghelp: loaded successfully - version: 4.0.5 - missing functions: none
symbol engine: initialized successfully - sym options: 0x614 - pdb path: .;C:\Users\dougl\.jdks\azul-15.0.5\bin;C:\Windows\SYSTEM32;C:\Windows\WinSxS\amd64_microsoft.windows.common-controls_6595b64144ccf1df_6.0.19041.1110_none_60b5254171f9507e;C:\Users\dougl\.jdks\azul-15.0.5\bin\server;C:\Users\dougl\AppData\Local\Temp\libgdxdougl\e1cd32f8;C:\Users\dougl\AppData\Local\Temp\libgdxdougl\1cecf4f6;C:\ProgramData\A-Volute\DellInc.AlienwareSoundCenter\Modules\ScheduledModules\x64;C:\Windows\System32\DriverStore\FileRepository\nvddi.inf_amd64_825a4c41796dab48;C:\Users\dougl\AppData\Local\Temp\libgdxdougl\a14961b7

VM Arguments:
jvm_args: -Dfile.encoding=windows-1252 -Duser.country=CA -Duser.language=en -Duser.variant 
java_command: com.mygdx.game.desktop.DesktopLauncher
java_class_path (initial): D:\Documents\GitHub\PortalGame\PortalGame\desktop\build\classes\java\main;D:\Documents\GitHub\PortalGame\PortalGame\desktop\build\resources\main;C:\Users\dougl\.gradle\caches\modules-2\files-2.1\com.badlogicgames.gdx\gdx-tools\1.10.0\d699cf4953fb42a071c7c3feb9b5c45601aa6a4b\gdx-tools-1.10.0.jar;C:\Users\dougl\.gradle\caches\modules-2\files-2.1\com.badlogicgames.gdx\gdx-backend-lwjgl\1.10.0\58ff89d9e4fd8a82591367f187d606e781cacc05\gdx-backend-lwjgl-1.10.0.jar;C:\Users\dougl\.gradle\caches\modules-2\files-2.1\com.badlogicgames.gdx\gdx-platform\1.10.0\9a8fa793d2fd6d360afc6c9e4c1f5583da263b88\gdx-platform-1.10.0-natives-desktop.jar;C:\Users\dougl\.gradle\caches\modules-2\files-2.1\com.badlogicgames.gdx\gdx-box2d-platform\1.10.0\588c4191c5a64ed39365e71484aa37d81c38eb5e\gdx-box2d-platform-1.10.0-natives-desktop.jar;C:\Users\dougl\.gradle\caches\modules-2\files-2.1\com.badlogicgames.gdx\gdx-bullet-platform\1.10.0\ce92e8dfc762523d769cbc50853163c03bf98cf1\gdx-bullet-platform-1.10.0-natives-desktop.jar;C:\Users\dougl\.gradle\caches\modules-2\files-2.1\com.badlogicgames.gdx\gdx-freetype-platform\1.10.0\6e5d28752759e69384f12e4569d2c884ff71352f\gdx-freetype-platform-1.10.0-natives-desktop.jar;D:\Documents\GitHub\PortalGame\PortalGame\core\build\libs\core-1.0.jar;C:\Users\dougl\.gradle\caches\modules-2\files-2.1\com.badlogicgames.gdx\gdx-backend-headless\1.10.0\990eadbb431197c5b9b816d1659c772e0268e65\gdx-backend-headless-1.10.0.jar;C:\Users\dougl\.gradle\caches\modules-2\files-2.1\com.badlogicgames.gdx\gdx-freetype\1.10.0\de1d0d5c1e92e8d91364256fd6b7bb279d3e9859\gdx-freetype-1.10.0.jar;C:\Users\dougl\.gradle\caches\modules-2\files-2.1\com.badlogicgames.box2dlights\box2dlights\1.5\6902dbcd250c95a27973aa24a147a95b3828d348\box2dlights-1.5.jar;C:\Users\dougl\.gradle\caches\modules-2\files-2.1\com.badlogicgames.gdx\gdx-box2d\1.10.0\b3a3c0f00b90716238835434d0ae8985604c37f8\gdx-box2d-1.10.0.jar;C:\Users\dougl\.gradle\caches\modules-2\files-2.1\com.badlogicga
Launcher Type: SUN_STANDARD

[Global flags]
     intx CICompilerCount                          = 12                                        {product} {ergonomic}
     uint ConcGCThreads                            = 3                                         {product} {ergonomic}
     uint G1ConcRefinementThreads                  = 13                                        {product} {ergonomic}
   size_t G1HeapRegionSize                         = 2097152                                   {product} {ergonomic}
    uintx GCDrainStackTargetSize                   = 64                                        {product} {ergonomic}
   size_t InitialHeapSize                          = 266338304                                 {product} {ergonomic}
   size_t MarkStackSize                            = 4194304                                   {product} {ergonomic}
   size_t MaxHeapSize                              = 4236247040                                {product} {ergonomic}
   size_t MaxNewSize                               = 2541748224                                {product} {ergonomic}
   size_t MinHeapDeltaBytes                        = 2097152                                   {product} {ergonomic}
   size_t MinHeapSize                              = 8388608                                   {product} {ergonomic}
    uintx NonNMethodCodeHeapSize                   = 7602480                                {pd product} {ergonomic}
    uintx NonProfiledCodeHeapSize                  = 122027880                              {pd product} {ergonomic}
    uintx ProfiledCodeHeapSize                     = 122027880                              {pd product} {ergonomic}
    uintx ReservedCodeCacheSize                    = 251658240                              {pd product} {ergonomic}
     bool SegmentedCodeCache                       = true                                      {product} {ergonomic}
   size_t SoftMaxHeapSize                          = 4236247040                             {manageable} {ergonomic}
     bool UseCompressedClassPointers               = true                                 {lp64_product} {ergonomic}
     bool UseCompressedOops                        = true                                 {lp64_product} {ergonomic}
     bool UseG1GC                                  = true                                      {product} {ergonomic}
     bool UseLargePagesIndividualAllocation        = false                                  {pd product} {ergonomic}

Logging:
Log output configuration:
 #0: stdout all=warning uptime,level,tags
 #1: stderr all=off uptime,level,tags

Environment Variables:
PATH=C:\Program Files (x86)\Common Files\Oracle\Java\javapath;C:\Windows\system32;C:\Windows;C:\Windows\System32\Wbem;C:\Windows\System32\WindowsPowerShell\v1.0\;C:\Windows\System32\OpenSSH\;C:\Program Files\NVIDIA Corporation\NVIDIA NvDLISR;C:\Program Files\dotnet\;C:\Program Files\Git\cmd;C:\ProgramData\chocolatey\bin;C:\Program Files (x86)\NVIDIA Corporation\PhysX\Common;C:\msys64\mingw64\bin;C:\Users\dougl\AppData\Local\Microsoft\WindowsApps;C:\Users\dougl\AppData\Local\Programs\Microsoft VS Code\bin;C:\Users\dougl\.dotnet\tools;C:\Users\dougl\AppData\Local\GitHubDesktop\bin;D:\Apps\IntelliJ IDEA\IntelliJ IDEA Community Edition 2021.3\bin;
USERNAME=dougl
OS=Windows_NT
PROCESSOR_IDENTIFIER=Intel64 Family 6 Model 165 Stepping 5, GenuineIntel



---------------  S Y S T E M  ---------------

OS:
 Windows 10 , 64 bit Build 19041 (10.0.19041.1348)
OS uptime: 1 days 22:39 hours

CPU: total 16 (initial active 16) (8 cores per cpu, 2 threads per core) family 6 model 165 stepping 5 microcode 0xec, cmov, cx8, fxsr, mmx, sse, sse2, sse3, ssse3, sse4.1, sse4.2, popcnt, vzeroupper, avx, avx2, aes, clmul, erms, 3dnowpref, lzcnt, ht, tsc, tscinvbit, bmi1, bmi2, adx, fma, clflush, clflushopt

Memory: 4k page, system-wide physical 16154M (2942M free)
TotalPageFile size 31002M (AvailPageFile size 4723M)
current process WorkingSet (physical memory assigned to process): 119M, peak: 127M
current process commit charge ("private bytes"): 454M, peak: 461M

vm_info: OpenJDK 64-Bit Server VM (15.0.5+3-MTS) for windows-amd64 JRE (15.0.5+3-MTS) (Zulu15.36+13-CA), built on Oct  8 2021 11:07:26 by "zulu_re" with MS VC++ 15.9 (VS2017)

END.
