#
# A fatal error has been detected by the Java Runtime Environment:
#
#  EXCEPTION_ACCESS_VIOLATION (0xc0000005) at pc=0x0000000066b1f8ac, pid=9096, tid=25796
#
# JRE version: OpenJDK Runtime Environment Zulu15.36+13-CA (15.0.5+3) (build 15.0.5+3-MTS)
# Java VM: OpenJDK 64-Bit Server VM Zulu15.36+13-CA (15.0.5+3-MTS, mixed mode, sharing, tiered, compressed oops, g1 gc, windows-amd64)
# Problematic frame:
# C  [gdx-box2d64.dll+0x1f8ac]
#
# No core dump will be written. Minidumps are not enabled by default on client versions of Windows
#
# If you would like to submit a bug report, please visit:
#   http://www.azul.com/support/
# The crash happened outside the Java Virtual Machine in native code.
# See problematic frame for where to report the bug.
#

---------------  S U M M A R Y ------------

Command Line: -Dfile.encoding=windows-1252 -Duser.country=CA -Duser.language=en -Duser.variant com.mygdx.game.desktop.DesktopLauncher

Host: 11th Gen Intel(R) Core(TM) i5-1135G7 @ 2.40GHz, 8 cores, 7G,  Windows 10 , 64 bit Build 19041 (10.0.19041.1348)
Time: Mon Jan 10 13:58:24 2022 Eastern Standard Time elapsed time: 15.019627 seconds (0d 0h 0m 15s)

---------------  T H R E A D  ---------------

Current thread (0x000001d8f315eac0):  JavaThread "LWJGL Application" [_thread_in_native, id=25796, stack(0x000000369ed00000,0x000000369ee00000)]

Stack: [0x000000369ed00000,0x000000369ee00000],  sp=0x000000369edfeb70,  free space=1018k
Native frames: (J=compiled Java code, j=interpreted, Vv=VM code, C=native code)
C  [gdx-box2d64.dll+0x1f8ac]

Java frames: (J=compiled Java code, j=interpreted, Vv=VM code)
j  com.badlogic.gdx.physics.box2d.World.jniDestroyBody(JJ)V+0
j  com.badlogic.gdx.physics.box2d.World.destroyBody(Lcom/badlogic/gdx/physics/box2d/Body;)V+42
j  com.mygdx.game.Entity.dispose()V+16
j  com.mygdx.game.MyGdxGame.dispose()V+82
j  com.badlogic.gdx.backends.lwjgl.LwjglApplication.mainLoop()V+924
j  com.badlogic.gdx.backends.lwjgl.LwjglApplication$1.run()V+27
v  ~StubRoutines::call_stub

siginfo: EXCEPTION_ACCESS_VIOLATION (0xc0000005), reading address 0x0000000000000000


Register to memory mapping:

RIP=0x0000000066b1f8ac gdx-box2d64.dll
RAX=0x0 is NULL
RBX=0x000001d8f46cf430 points into unknown readable memory: 0x000001d841200000 | 00 00 20 41 d8 01 00 00
RCX=0x0 is NULL
RDX=0x000001d8f4677560 points into unknown readable memory: 0x000001d8d1520150 | 50 01 52 d1 d8 01 00 00
RSP=0x000000369edfeb70 is pointing into the stack for thread: 0x000001d8f315eac0
RBP=0x0 is NULL
RSI=0x000001d8f4677560 points into unknown readable memory: 0x000001d8d1520150 | 50 01 52 d1 d8 01 00 00
RDI=0x000001d8f4677560 points into unknown readable memory: 0x000001d8d1520150 | 50 01 52 d1 d8 01 00 00
R8 =0x000001d8f4677560 points into unknown readable memory: 0x000001d8d1520150 | 50 01 52 d1 d8 01 00 00
R9 =0x000001d8f46cba80 points into unknown readable memory: 0x0000003600000002 | 02 00 00 00 36 00 00 00
R10=0x000001d8db11f148 is at code_begin+1000 in an Interpreter codelet
method entry point (kind = native)  [0x000001d8db11ed60, 0x000001d8db11f7e0]  2688 bytes
R11=0x0000000000000102 is an unknown value
R12=0x000001d8f4690800 points into unknown readable memory: 0x0000000000000010 | 10 00 00 00 00 00 00 00
R13={method} {0x000001d8f2758d60} 'jniDestroyBody' '(JJ)V' in 'com/badlogic/gdx/physics/box2d/World'
R14=0x000000369edfed58 is pointing into the stack for thread: 0x000001d8f315eac0
R15=0x000001d8f315eac0 is a thread


Registers:
RAX=0x0000000000000000, RBX=0x000001d8f46cf430, RCX=0x0000000000000000, RDX=0x000001d8f4677560
RSP=0x000000369edfeb70, RBP=0x0000000000000000, RSI=0x000001d8f4677560, RDI=0x000001d8f4677560
R8 =0x000001d8f4677560, R9 =0x000001d8f46cba80, R10=0x000001d8db11f148, R11=0x0000000000000102
R12=0x000001d8f4690800, R13=0x000001d8f2758d58, R14=0x000000369edfed58, R15=0x000001d8f315eac0
RIP=0x0000000066b1f8ac, EFLAGS=0x0000000000010246

Top of Stack: (sp=0x000000369edfeb70)
0x000000369edfeb70:   0000000000000000 0000000000000000
0x000000369edfeb80:   000001d8f46cf430 000001d8f4677560
0x000000369edfeb90:   000001d8f46cf430 000001d8f4677560
0x000000369edfeba0:   000001d8f46cba80 0000000066b2162f
0x000000369edfebb0:   000001d8f315eac0 000000369edfee38
0x000000369edfebc0:   000001d8f2526068 0000000000000000
0x000000369edfebd0:   000001d8f4677560 000001d8f46cba80
0x000000369edfebe0:   000001d8db11a1aa 000000369edfed18
0x000000369edfebf0:   0000000000000000 0000000066b26a9d
0x000000369edfec00:   000001d8f20e69a0 00000000000003d8
0x000000369edfec10:   000000369edfee88 000000369edfee38
0x000000369edfec20:   0000000066b487e0 000001d8f315ede8
0x000000369edfec30:   000000369edfed58 0000000000000000
0x000000369edfec40:   0000000066b48840 000001d8f315ede8
0x000000369edfec50:   000000369edfed58 00007ff85f86eca4
0x000000369edfec60:   000001d8f2526088 000001d8f2758d58 

Instructions: (pc=0x0000000066b1f8ac)
0x0000000066b1f7ac:   41 08 00 00 00 00 48 c7 41 28 00 00 00 00 c7 41
0x0000000066b1f7bc:   30 00 00 00 00 48 c7 41 18 00 00 00 00 c7 01 00
0x0000000066b1f7cc:   00 00 00 c3 55 57 56 53 48 83 ec 28 49 8b 41 08
0x0000000066b1f7dc:   f3 41 0f 10 41 10 48 89 cb 48 89 d5 f3 0f 11 41
0x0000000066b1f7ec:   20 4c 89 ce 48 89 41 40 41 8b 41 1e f3 41 0f 10
0x0000000066b1f7fc:   41 14 f3 0f 11 41 24 4c 89 41 10 48 c7 41 08 00
0x0000000066b1f80c:   00 00 00 89 41 34 41 0f b7 41 22 66 89 41 38 41
0x0000000066b1f81c:   0f b6 41 1c 88 41 3a 49 8b 09 48 8b 01 ff 50 10
0x0000000066b1f82c:   48 8b 10 48 89 c1 48 89 43 18 ff 52 18 89 c2 89
0x0000000066b1f83c:   c7 48 89 e9 c1 e2 05 e8 18 c3 fe ff 85 ff 48 89
0x0000000066b1f84c:   43 28 7e 27 8d 4f ff 48 8d 50 10 48 c1 e1 05 48
0x0000000066b1f85c:   8d 44 08 30 48 c7 02 00 00 00 00 c7 42 0c ff ff
0x0000000066b1f86c:   ff ff 48 83 c2 20 48 39 c2 75 e9 f3 0f 10 46 18
0x0000000066b1f87c:   c7 43 30 00 00 00 00 f3 0f 11 03 48 83 c4 28 5b
0x0000000066b1f88c:   5e 5f 5d c3 57 56 53 48 83 ec 20 8b 41 30 48 89
0x0000000066b1f89c:   cb 48 89 d7 85 c0 0f 85 a8 00 00 00 48 8b 4b 18
0x0000000066b1f8ac:   48 8b 01 ff 50 18 48 8b 53 28 c1 e0 05 48 89 f9
0x0000000066b1f8bc:   41 89 c0 e8 dc c4 fe ff 48 8b 73 18 48 c7 43 28
0x0000000066b1f8cc:   00 00 00 00 8b 46 08 83 f8 01 0f 84 94 00 00 00
0x0000000066b1f8dc:   0f 82 be 00 00 00 83 f8 02 74 39 83 f8 03 0f 85
0x0000000066b1f8ec:   e0 00 00 00 48 8b 06 48 89 f1 ff 10 41 b8 30 00
0x0000000066b1f8fc:   00 00 48 89 f2 48 89 f9 e8 97 c4 fe ff 48 c7 43
0x0000000066b1f90c:   18 00 00 00 00 48 83 c4 20 5b 5e 5f c3 0f 1f 80
0x0000000066b1f91c:   00 00 00 00 48 8b 06 48 89 f1 ff 10 41 b8 a0 00
0x0000000066b1f92c:   00 00 48 89 f2 48 89 f9 e8 67 c4 fe ff 48 c7 43
0x0000000066b1f93c:   18 00 00 00 00 48 83 c4 20 5b 5e 5f c3 0f 1f 80
0x0000000066b1f94c:   00 00 00 00 48 8d 15 d9 49 02 00 48 8d 0d 32 4a
0x0000000066b1f95c:   02 00 41 b8 48 00 00 00 e8 67 6c 01 00 e9 3a ff
0x0000000066b1f96c:   ff ff 66 90 48 8b 06 48 89 f1 ff 10 41 b8 38 00
0x0000000066b1f97c:   00 00 48 89 f2 48 89 f9 e8 17 c4 fe ff 48 c7 43
0x0000000066b1f98c:   18 00 00 00 00 48 83 c4 20 5b 5e 5f c3 0f 1f 80
0x0000000066b1f99c:   00 00 00 00 48 8b 06 48 89 f1 ff 10 41 b8 18 00 


Stack slot to memory mapping:
stack at sp + 0 slots: 0x0 is NULL
stack at sp + 1 slots: 0x0 is NULL
stack at sp + 2 slots: 0x000001d8f46cf430 points into unknown readable memory: 0x000001d841200000 | 00 00 20 41 d8 01 00 00
stack at sp + 3 slots: 0x000001d8f4677560 points into unknown readable memory: 0x000001d8d1520150 | 50 01 52 d1 d8 01 00 00
stack at sp + 4 slots: 0x000001d8f46cf430 points into unknown readable memory: 0x000001d841200000 | 00 00 20 41 d8 01 00 00
stack at sp + 5 slots: 0x000001d8f4677560 points into unknown readable memory: 0x000001d8d1520150 | 50 01 52 d1 d8 01 00 00
stack at sp + 6 slots: 0x000001d8f46cba80 points into unknown readable memory: 0x0000003600000002 | 02 00 00 00 36 00 00 00
stack at sp + 7 slots: 0x0000000066b2162f gdx-box2d64.dll


---------------  P R O C E S S  ---------------

Threads class SMR info:
_java_thread_list=0x000001d8fad49fd0, length=13, elements={
0x000001d8f20b6610, 0x000001d8f20bb110, 0x000001d8f20d59b0, 0x000001d8f20d6370,
0x000001d8f20d6d30, 0x000001d8f20d7ad0, 0x000001d8f20e15a0, 0x000001d8f20e54a0,
0x000001d8f2b20a20, 0x000001d8f2ab26a0, 0x000001d8f315eac0, 0x000001d8d140ff80,
0x000001d8faceb9e0
}

Java Threads: ( => current thread )
  0x000001d8f20b6610 JavaThread "Reference Handler" daemon [_thread_blocked, id=24808, stack(0x000000369e000000,0x000000369e100000)]
  0x000001d8f20bb110 JavaThread "Finalizer" daemon [_thread_blocked, id=21416, stack(0x000000369e100000,0x000000369e200000)]
  0x000001d8f20d59b0 JavaThread "Signal Dispatcher" daemon [_thread_blocked, id=2656, stack(0x000000369e200000,0x000000369e300000)]
  0x000001d8f20d6370 JavaThread "Attach Listener" daemon [_thread_blocked, id=22180, stack(0x000000369e300000,0x000000369e400000)]
  0x000001d8f20d6d30 JavaThread "Service Thread" daemon [_thread_blocked, id=23016, stack(0x000000369e400000,0x000000369e500000)]
  0x000001d8f20d7ad0 JavaThread "C2 CompilerThread0" daemon [_thread_blocked, id=10228, stack(0x000000369e500000,0x000000369e600000)]
  0x000001d8f20e15a0 JavaThread "C1 CompilerThread0" daemon [_thread_blocked, id=14116, stack(0x000000369e600000,0x000000369e700000)]
  0x000001d8f20e54a0 JavaThread "Sweeper thread" daemon [_thread_blocked, id=8560, stack(0x000000369e700000,0x000000369e800000)]
  0x000001d8f2b20a20 JavaThread "Notification Thread" daemon [_thread_blocked, id=21936, stack(0x000000369e800000,0x000000369e900000)]
  0x000001d8f2ab26a0 JavaThread "Common-Cleaner" daemon [_thread_blocked, id=21360, stack(0x000000369ea00000,0x000000369eb00000)]
=>0x000001d8f315eac0 JavaThread "LWJGL Application" [_thread_in_native, id=25796, stack(0x000000369ed00000,0x000000369ee00000)]
  0x000001d8d140ff80 JavaThread "DestroyJavaVM" [_thread_blocked, id=20776, stack(0x000000369d900000,0x000000369da00000)]
  0x000001d8faceb9e0 JavaThread "LWJGL Timer" daemon [_thread_blocked, id=1872, stack(0x000000369f200000,0x000000369f300000)]

Other Threads:
  0x000001d8f20b4e80 VMThread "VM Thread" [stack: 0x000000369df00000,0x000000369e000000] [id=20280]
  0x000001d8f2b20ef0 WatcherThread [stack: 0x000000369e900000,0x000000369ea00000] [id=26436]
  0x000001d8d144ef50 GCTaskThread "GC Thread#0" [stack: 0x000000369da00000,0x000000369db00000] [id=27980]
  0x000001d8d14636e0 ConcurrentGCThread "G1 Main Marker" [stack: 0x000000369db00000,0x000000369dc00000] [id=2540]
  0x000001d8d1463f20 ConcurrentGCThread "G1 Conc#0" [stack: 0x000000369dc00000,0x000000369dd00000] [id=10916]
  0x000001d8f1f324d0 ConcurrentGCThread "G1 Refine#0" [stack: 0x000000369dd00000,0x000000369de00000] [id=28944]
  0x000001d8f1f32d20 ConcurrentGCThread "G1 Young RemSet Sampling" [stack: 0x000000369de00000,0x000000369df00000] [id=23824]

Threads with active compile tasks:

VM state: not at safepoint (normal execution)

VM Mutex/Monitor currently owned by a thread: None

Heap address: 0x0000000083200000, size: 1998 MB, Compressed Oops mode: 32-bit
CDS archive(s) mapped at: [0x0000000800000000-0x0000000800b50000-0x0000000800b50000), size 11862016, SharedBaseAddress: 0x0000000800000000, ArchiveRelocationMode: 0.
Compressed class space mapped at: 0x0000000800b50000-0x0000000840b50000, size: 1073741824
Narrow klass base: 0x0000000800000000, Narrow klass shift: 3, Narrow klass range: 0x100000000

GC Precious Log:
 CPUs: 8 total, 8 available
 Memory: 7987M
 Large Page Support: Disabled
 NUMA Support: Disabled
 Compressed Oops: Enabled (32-bit)
 Heap Region Size: 1M
 Heap Min Capacity: 8M
 Heap Initial Capacity: 126M
 Heap Max Capacity: 1998M
 Pre-touch: Disabled
 Parallel Workers: 8
 Concurrent Workers: 2
 Concurrent Refinement Workers: 8
 Periodic GC: Disabled

Heap:
 garbage-first heap   total 129024K, used 18432K [0x0000000083200000, 0x0000000100000000)
  region size 1024K, 20 young (20480K), 0 survivors (0K)
 Metaspace       used 5025K, capacity 8062K, committed 8448K, reserved 1056768K
  class space    used 330K, capacity 649K, committed 768K, reserved 1048576K

Heap Regions: E=young(eden), S=young(survivor), O=old, HS=humongous(starts), HC=humongous(continues), CS=collection set, F=free, OA=open archive, CA=closed archive, TAMS=top-at-mark-start (previous, next)
|   0|0x0000000083200000, 0x0000000083200000, 0x0000000083300000|  0%| F|  |TAMS 0x0000000083200000, 0x0000000083200000| Untracked 
|   1|0x0000000083300000, 0x0000000083300000, 0x0000000083400000|  0%| F|  |TAMS 0x0000000083300000, 0x0000000083300000| Untracked 
|   2|0x0000000083400000, 0x0000000083400000, 0x0000000083500000|  0%| F|  |TAMS 0x0000000083400000, 0x0000000083400000| Untracked 
|   3|0x0000000083500000, 0x0000000083500000, 0x0000000083600000|  0%| F|  |TAMS 0x0000000083500000, 0x0000000083500000| Untracked 
|   4|0x0000000083600000, 0x0000000083600000, 0x0000000083700000|  0%| F|  |TAMS 0x0000000083600000, 0x0000000083600000| Untracked 
|   5|0x0000000083700000, 0x0000000083700000, 0x0000000083800000|  0%| F|  |TAMS 0x0000000083700000, 0x0000000083700000| Untracked 
|   6|0x0000000083800000, 0x0000000083800000, 0x0000000083900000|  0%| F|  |TAMS 0x0000000083800000, 0x0000000083800000| Untracked 
|   7|0x0000000083900000, 0x0000000083900000, 0x0000000083a00000|  0%| F|  |TAMS 0x0000000083900000, 0x0000000083900000| Untracked 
|   8|0x0000000083a00000, 0x0000000083a00000, 0x0000000083b00000|  0%| F|  |TAMS 0x0000000083a00000, 0x0000000083a00000| Untracked 
|   9|0x0000000083b00000, 0x0000000083b00000, 0x0000000083c00000|  0%| F|  |TAMS 0x0000000083b00000, 0x0000000083b00000| Untracked 
|  10|0x0000000083c00000, 0x0000000083c00000, 0x0000000083d00000|  0%| F|  |TAMS 0x0000000083c00000, 0x0000000083c00000| Untracked 
|  11|0x0000000083d00000, 0x0000000083d00000, 0x0000000083e00000|  0%| F|  |TAMS 0x0000000083d00000, 0x0000000083d00000| Untracked 
|  12|0x0000000083e00000, 0x0000000083e00000, 0x0000000083f00000|  0%| F|  |TAMS 0x0000000083e00000, 0x0000000083e00000| Untracked 
|  13|0x0000000083f00000, 0x0000000083f00000, 0x0000000084000000|  0%| F|  |TAMS 0x0000000083f00000, 0x0000000083f00000| Untracked 
|  14|0x0000000084000000, 0x0000000084000000, 0x0000000084100000|  0%| F|  |TAMS 0x0000000084000000, 0x0000000084000000| Untracked 
|  15|0x0000000084100000, 0x0000000084100000, 0x0000000084200000|  0%| F|  |TAMS 0x0000000084100000, 0x0000000084100000| Untracked 
|  16|0x0000000084200000, 0x0000000084200000, 0x0000000084300000|  0%| F|  |TAMS 0x0000000084200000, 0x0000000084200000| Untracked 
|  17|0x0000000084300000, 0x0000000084300000, 0x0000000084400000|  0%| F|  |TAMS 0x0000000084300000, 0x0000000084300000| Untracked 
|  18|0x0000000084400000, 0x0000000084400000, 0x0000000084500000|  0%| F|  |TAMS 0x0000000084400000, 0x0000000084400000| Untracked 
|  19|0x0000000084500000, 0x0000000084500000, 0x0000000084600000|  0%| F|  |TAMS 0x0000000084500000, 0x0000000084500000| Untracked 
|  20|0x0000000084600000, 0x0000000084600000, 0x0000000084700000|  0%| F|  |TAMS 0x0000000084600000, 0x0000000084600000| Untracked 
|  21|0x0000000084700000, 0x0000000084700000, 0x0000000084800000|  0%| F|  |TAMS 0x0000000084700000, 0x0000000084700000| Untracked 
|  22|0x0000000084800000, 0x0000000084800000, 0x0000000084900000|  0%| F|  |TAMS 0x0000000084800000, 0x0000000084800000| Untracked 
|  23|0x0000000084900000, 0x0000000084900000, 0x0000000084a00000|  0%| F|  |TAMS 0x0000000084900000, 0x0000000084900000| Untracked 
|  24|0x0000000084a00000, 0x0000000084a00000, 0x0000000084b00000|  0%| F|  |TAMS 0x0000000084a00000, 0x0000000084a00000| Untracked 
|  25|0x0000000084b00000, 0x0000000084b00000, 0x0000000084c00000|  0%| F|  |TAMS 0x0000000084b00000, 0x0000000084b00000| Untracked 
|  26|0x0000000084c00000, 0x0000000084c00000, 0x0000000084d00000|  0%| F|  |TAMS 0x0000000084c00000, 0x0000000084c00000| Untracked 
|  27|0x0000000084d00000, 0x0000000084d00000, 0x0000000084e00000|  0%| F|  |TAMS 0x0000000084d00000, 0x0000000084d00000| Untracked 
|  28|0x0000000084e00000, 0x0000000084e00000, 0x0000000084f00000|  0%| F|  |TAMS 0x0000000084e00000, 0x0000000084e00000| Untracked 
|  29|0x0000000084f00000, 0x0000000084f00000, 0x0000000085000000|  0%| F|  |TAMS 0x0000000084f00000, 0x0000000084f00000| Untracked 
|  30|0x0000000085000000, 0x0000000085000000, 0x0000000085100000|  0%| F|  |TAMS 0x0000000085000000, 0x0000000085000000| Untracked 
|  31|0x0000000085100000, 0x0000000085100000, 0x0000000085200000|  0%| F|  |TAMS 0x0000000085100000, 0x0000000085100000| Untracked 
|  32|0x0000000085200000, 0x0000000085200000, 0x0000000085300000|  0%| F|  |TAMS 0x0000000085200000, 0x0000000085200000| Untracked 
|  33|0x0000000085300000, 0x0000000085300000, 0x0000000085400000|  0%| F|  |TAMS 0x0000000085300000, 0x0000000085300000| Untracked 
|  34|0x0000000085400000, 0x0000000085400000, 0x0000000085500000|  0%| F|  |TAMS 0x0000000085400000, 0x0000000085400000| Untracked 
|  35|0x0000000085500000, 0x0000000085500000, 0x0000000085600000|  0%| F|  |TAMS 0x0000000085500000, 0x0000000085500000| Untracked 
|  36|0x0000000085600000, 0x0000000085600000, 0x0000000085700000|  0%| F|  |TAMS 0x0000000085600000, 0x0000000085600000| Untracked 
|  37|0x0000000085700000, 0x0000000085700000, 0x0000000085800000|  0%| F|  |TAMS 0x0000000085700000, 0x0000000085700000| Untracked 
|  38|0x0000000085800000, 0x0000000085800000, 0x0000000085900000|  0%| F|  |TAMS 0x0000000085800000, 0x0000000085800000| Untracked 
|  39|0x0000000085900000, 0x0000000085900000, 0x0000000085a00000|  0%| F|  |TAMS 0x0000000085900000, 0x0000000085900000| Untracked 
|  40|0x0000000085a00000, 0x0000000085a00000, 0x0000000085b00000|  0%| F|  |TAMS 0x0000000085a00000, 0x0000000085a00000| Untracked 
|  41|0x0000000085b00000, 0x0000000085b00000, 0x0000000085c00000|  0%| F|  |TAMS 0x0000000085b00000, 0x0000000085b00000| Untracked 
|  42|0x0000000085c00000, 0x0000000085c00000, 0x0000000085d00000|  0%| F|  |TAMS 0x0000000085c00000, 0x0000000085c00000| Untracked 
|  43|0x0000000085d00000, 0x0000000085d00000, 0x0000000085e00000|  0%| F|  |TAMS 0x0000000085d00000, 0x0000000085d00000| Untracked 
|  44|0x0000000085e00000, 0x0000000085e00000, 0x0000000085f00000|  0%| F|  |TAMS 0x0000000085e00000, 0x0000000085e00000| Untracked 
|  45|0x0000000085f00000, 0x0000000085f00000, 0x0000000086000000|  0%| F|  |TAMS 0x0000000085f00000, 0x0000000085f00000| Untracked 
|  46|0x0000000086000000, 0x0000000086000000, 0x0000000086100000|  0%| F|  |TAMS 0x0000000086000000, 0x0000000086000000| Untracked 
|  47|0x0000000086100000, 0x0000000086100000, 0x0000000086200000|  0%| F|  |TAMS 0x0000000086100000, 0x0000000086100000| Untracked 
|  48|0x0000000086200000, 0x0000000086200000, 0x0000000086300000|  0%| F|  |TAMS 0x0000000086200000, 0x0000000086200000| Untracked 
|  49|0x0000000086300000, 0x0000000086300000, 0x0000000086400000|  0%| F|  |TAMS 0x0000000086300000, 0x0000000086300000| Untracked 
|  50|0x0000000086400000, 0x0000000086400000, 0x0000000086500000|  0%| F|  |TAMS 0x0000000086400000, 0x0000000086400000| Untracked 
|  51|0x0000000086500000, 0x0000000086500000, 0x0000000086600000|  0%| F|  |TAMS 0x0000000086500000, 0x0000000086500000| Untracked 
|  52|0x0000000086600000, 0x0000000086600000, 0x0000000086700000|  0%| F|  |TAMS 0x0000000086600000, 0x0000000086600000| Untracked 
|  53|0x0000000086700000, 0x0000000086700000, 0x0000000086800000|  0%| F|  |TAMS 0x0000000086700000, 0x0000000086700000| Untracked 
|  54|0x0000000086800000, 0x0000000086800000, 0x0000000086900000|  0%| F|  |TAMS 0x0000000086800000, 0x0000000086800000| Untracked 
|  55|0x0000000086900000, 0x0000000086900000, 0x0000000086a00000|  0%| F|  |TAMS 0x0000000086900000, 0x0000000086900000| Untracked 
|  56|0x0000000086a00000, 0x0000000086a00000, 0x0000000086b00000|  0%| F|  |TAMS 0x0000000086a00000, 0x0000000086a00000| Untracked 
|  57|0x0000000086b00000, 0x0000000086b00000, 0x0000000086c00000|  0%| F|  |TAMS 0x0000000086b00000, 0x0000000086b00000| Untracked 
|  58|0x0000000086c00000, 0x0000000086c00000, 0x0000000086d00000|  0%| F|  |TAMS 0x0000000086c00000, 0x0000000086c00000| Untracked 
|  59|0x0000000086d00000, 0x0000000086d00000, 0x0000000086e00000|  0%| F|  |TAMS 0x0000000086d00000, 0x0000000086d00000| Untracked 
|  60|0x0000000086e00000, 0x0000000086e00000, 0x0000000086f00000|  0%| F|  |TAMS 0x0000000086e00000, 0x0000000086e00000| Untracked 
|  61|0x0000000086f00000, 0x0000000086f00000, 0x0000000087000000|  0%| F|  |TAMS 0x0000000086f00000, 0x0000000086f00000| Untracked 
|  62|0x0000000087000000, 0x0000000087000000, 0x0000000087100000|  0%| F|  |TAMS 0x0000000087000000, 0x0000000087000000| Untracked 
|  63|0x0000000087100000, 0x0000000087100000, 0x0000000087200000|  0%| F|  |TAMS 0x0000000087100000, 0x0000000087100000| Untracked 
|  64|0x0000000087200000, 0x0000000087200000, 0x0000000087300000|  0%| F|  |TAMS 0x0000000087200000, 0x0000000087200000| Untracked 
|  65|0x0000000087300000, 0x0000000087300000, 0x0000000087400000|  0%| F|  |TAMS 0x0000000087300000, 0x0000000087300000| Untracked 
|  66|0x0000000087400000, 0x0000000087400000, 0x0000000087500000|  0%| F|  |TAMS 0x0000000087400000, 0x0000000087400000| Untracked 
|  67|0x0000000087500000, 0x0000000087500000, 0x0000000087600000|  0%| F|  |TAMS 0x0000000087500000, 0x0000000087500000| Untracked 
|  68|0x0000000087600000, 0x0000000087600000, 0x0000000087700000|  0%| F|  |TAMS 0x0000000087600000, 0x0000000087600000| Untracked 
|  69|0x0000000087700000, 0x0000000087700000, 0x0000000087800000|  0%| F|  |TAMS 0x0000000087700000, 0x0000000087700000| Untracked 
|  70|0x0000000087800000, 0x0000000087800000, 0x0000000087900000|  0%| F|  |TAMS 0x0000000087800000, 0x0000000087800000| Untracked 
|  71|0x0000000087900000, 0x0000000087900000, 0x0000000087a00000|  0%| F|  |TAMS 0x0000000087900000, 0x0000000087900000| Untracked 
|  72|0x0000000087a00000, 0x0000000087a00000, 0x0000000087b00000|  0%| F|  |TAMS 0x0000000087a00000, 0x0000000087a00000| Untracked 
|  73|0x0000000087b00000, 0x0000000087b00000, 0x0000000087c00000|  0%| F|  |TAMS 0x0000000087b00000, 0x0000000087b00000| Untracked 
|  74|0x0000000087c00000, 0x0000000087c00000, 0x0000000087d00000|  0%| F|  |TAMS 0x0000000087c00000, 0x0000000087c00000| Untracked 
|  75|0x0000000087d00000, 0x0000000087d00000, 0x0000000087e00000|  0%| F|  |TAMS 0x0000000087d00000, 0x0000000087d00000| Untracked 
|  76|0x0000000087e00000, 0x0000000087e00000, 0x0000000087f00000|  0%| F|  |TAMS 0x0000000087e00000, 0x0000000087e00000| Untracked 
|  77|0x0000000087f00000, 0x0000000087f00000, 0x0000000088000000|  0%| F|  |TAMS 0x0000000087f00000, 0x0000000087f00000| Untracked 
|  78|0x0000000088000000, 0x0000000088000000, 0x0000000088100000|  0%| F|  |TAMS 0x0000000088000000, 0x0000000088000000| Untracked 
|  79|0x0000000088100000, 0x0000000088100000, 0x0000000088200000|  0%| F|  |TAMS 0x0000000088100000, 0x0000000088100000| Untracked 
|  80|0x0000000088200000, 0x0000000088200000, 0x0000000088300000|  0%| F|  |TAMS 0x0000000088200000, 0x0000000088200000| Untracked 
|  81|0x0000000088300000, 0x0000000088300000, 0x0000000088400000|  0%| F|  |TAMS 0x0000000088300000, 0x0000000088300000| Untracked 
|  82|0x0000000088400000, 0x0000000088400000, 0x0000000088500000|  0%| F|  |TAMS 0x0000000088400000, 0x0000000088400000| Untracked 
|  83|0x0000000088500000, 0x0000000088500000, 0x0000000088600000|  0%| F|  |TAMS 0x0000000088500000, 0x0000000088500000| Untracked 
|  84|0x0000000088600000, 0x0000000088600000, 0x0000000088700000|  0%| F|  |TAMS 0x0000000088600000, 0x0000000088600000| Untracked 
|  85|0x0000000088700000, 0x0000000088700000, 0x0000000088800000|  0%| F|  |TAMS 0x0000000088700000, 0x0000000088700000| Untracked 
|  86|0x0000000088800000, 0x0000000088800000, 0x0000000088900000|  0%| F|  |TAMS 0x0000000088800000, 0x0000000088800000| Untracked 
|  87|0x0000000088900000, 0x0000000088900000, 0x0000000088a00000|  0%| F|  |TAMS 0x0000000088900000, 0x0000000088900000| Untracked 
|  88|0x0000000088a00000, 0x0000000088a00000, 0x0000000088b00000|  0%| F|  |TAMS 0x0000000088a00000, 0x0000000088a00000| Untracked 
|  89|0x0000000088b00000, 0x0000000088b00000, 0x0000000088c00000|  0%| F|  |TAMS 0x0000000088b00000, 0x0000000088b00000| Untracked 
|  90|0x0000000088c00000, 0x0000000088c00000, 0x0000000088d00000|  0%| F|  |TAMS 0x0000000088c00000, 0x0000000088c00000| Untracked 
|  91|0x0000000088d00000, 0x0000000088d00000, 0x0000000088e00000|  0%| F|  |TAMS 0x0000000088d00000, 0x0000000088d00000| Untracked 
|  92|0x0000000088e00000, 0x0000000088e00000, 0x0000000088f00000|  0%| F|  |TAMS 0x0000000088e00000, 0x0000000088e00000| Untracked 
|  93|0x0000000088f00000, 0x0000000088f00000, 0x0000000089000000|  0%| F|  |TAMS 0x0000000088f00000, 0x0000000088f00000| Untracked 
|  94|0x0000000089000000, 0x0000000089000000, 0x0000000089100000|  0%| F|  |TAMS 0x0000000089000000, 0x0000000089000000| Untracked 
|  95|0x0000000089100000, 0x0000000089100000, 0x0000000089200000|  0%| F|  |TAMS 0x0000000089100000, 0x0000000089100000| Untracked 
|  96|0x0000000089200000, 0x0000000089200000, 0x0000000089300000|  0%| F|  |TAMS 0x0000000089200000, 0x0000000089200000| Untracked 
|  97|0x0000000089300000, 0x0000000089300000, 0x0000000089400000|  0%| F|  |TAMS 0x0000000089300000, 0x0000000089300000| Untracked 
|  98|0x0000000089400000, 0x0000000089400000, 0x0000000089500000|  0%| F|  |TAMS 0x0000000089400000, 0x0000000089400000| Untracked 
|  99|0x0000000089500000, 0x0000000089500000, 0x0000000089600000|  0%| F|  |TAMS 0x0000000089500000, 0x0000000089500000| Untracked 
| 100|0x0000000089600000, 0x0000000089600000, 0x0000000089700000|  0%| F|  |TAMS 0x0000000089600000, 0x0000000089600000| Untracked 
| 101|0x0000000089700000, 0x0000000089700000, 0x0000000089800000|  0%| F|  |TAMS 0x0000000089700000, 0x0000000089700000| Untracked 
| 102|0x0000000089800000, 0x0000000089800000, 0x0000000089900000|  0%| F|  |TAMS 0x0000000089800000, 0x0000000089800000| Untracked 
| 103|0x0000000089900000, 0x0000000089900000, 0x0000000089a00000|  0%| F|  |TAMS 0x0000000089900000, 0x0000000089900000| Untracked 
| 104|0x0000000089a00000, 0x0000000089a00000, 0x0000000089b00000|  0%| F|  |TAMS 0x0000000089a00000, 0x0000000089a00000| Untracked 
| 105|0x0000000089b00000, 0x0000000089b00000, 0x0000000089c00000|  0%| F|  |TAMS 0x0000000089b00000, 0x0000000089b00000| Untracked 
| 106|0x0000000089c00000, 0x0000000089cf56c8, 0x0000000089d00000| 95%| E|  |TAMS 0x0000000089c00000, 0x0000000089c00000| Complete 
| 107|0x0000000089d00000, 0x0000000089e00000, 0x0000000089e00000|100%| E|  |TAMS 0x0000000089d00000, 0x0000000089d00000| Complete 
| 108|0x0000000089e00000, 0x0000000089f00000, 0x0000000089f00000|100%| E|CS|TAMS 0x0000000089e00000, 0x0000000089e00000| Complete 
| 109|0x0000000089f00000, 0x000000008a000000, 0x000000008a000000|100%| E|CS|TAMS 0x0000000089f00000, 0x0000000089f00000| Complete 
| 110|0x000000008a000000, 0x000000008a100000, 0x000000008a100000|100%| E|CS|TAMS 0x000000008a000000, 0x000000008a000000| Complete 
| 111|0x000000008a100000, 0x000000008a200000, 0x000000008a200000|100%| E|CS|TAMS 0x000000008a100000, 0x000000008a100000| Complete 
| 112|0x000000008a200000, 0x000000008a300000, 0x000000008a300000|100%| E|CS|TAMS 0x000000008a200000, 0x000000008a200000| Complete 
| 113|0x000000008a300000, 0x000000008a400000, 0x000000008a400000|100%| E|CS|TAMS 0x000000008a300000, 0x000000008a300000| Complete 
| 114|0x000000008a400000, 0x000000008a500000, 0x000000008a500000|100%| E|CS|TAMS 0x000000008a400000, 0x000000008a400000| Complete 
| 115|0x000000008a500000, 0x000000008a600000, 0x000000008a600000|100%| E|CS|TAMS 0x000000008a500000, 0x000000008a500000| Complete 
| 116|0x000000008a600000, 0x000000008a700000, 0x000000008a700000|100%| E|CS|TAMS 0x000000008a600000, 0x000000008a600000| Complete 
| 117|0x000000008a700000, 0x000000008a800000, 0x000000008a800000|100%| E|CS|TAMS 0x000000008a700000, 0x000000008a700000| Complete 
| 118|0x000000008a800000, 0x000000008a900000, 0x000000008a900000|100%| E|CS|TAMS 0x000000008a800000, 0x000000008a800000| Complete 
| 119|0x000000008a900000, 0x000000008aa00000, 0x000000008aa00000|100%| E|CS|TAMS 0x000000008a900000, 0x000000008a900000| Complete 
| 120|0x000000008aa00000, 0x000000008ab00000, 0x000000008ab00000|100%| E|CS|TAMS 0x000000008aa00000, 0x000000008aa00000| Complete 
| 121|0x000000008ab00000, 0x000000008ac00000, 0x000000008ac00000|100%| E|CS|TAMS 0x000000008ab00000, 0x000000008ab00000| Complete 
| 122|0x000000008ac00000, 0x000000008ad00000, 0x000000008ad00000|100%| E|CS|TAMS 0x000000008ac00000, 0x000000008ac00000| Complete 
| 123|0x000000008ad00000, 0x000000008ae00000, 0x000000008ae00000|100%| E|CS|TAMS 0x000000008ad00000, 0x000000008ad00000| Complete 
| 124|0x000000008ae00000, 0x000000008af00000, 0x000000008af00000|100%| E|CS|TAMS 0x000000008ae00000, 0x000000008ae00000| Complete 
| 125|0x000000008af00000, 0x000000008b000000, 0x000000008b000000|100%| E|CS|TAMS 0x000000008af00000, 0x000000008af00000| Complete 

Card table byte_map: [0x000001d8eaf70000,0x000001d8eb360000] _byte_map_base: 0x000001d8eab57000

Marking Bits (Prev, Next): (CMBitMap*) 0x000001d8d14533c0, (CMBitMap*) 0x000001d8d1453400
 Prev Bits: [0x000001d8eb750000, 0x000001d8ed688000)
 Next Bits: [0x000001d8ed690000, 0x000001d8ef5c8000)

Polling page: 0x000001d8d14f0000

Metaspace:

Usage:
  Non-class:      7.24 MB capacity,     4.58 MB ( 63%) used,     2.65 MB ( 37%) free+waste,     3.63 KB ( <1%) overhead. 
      Class:    649.00 KB capacity,   330.97 KB ( 51%) used,   317.16 KB ( 49%) free+waste,   896 bytes ( <1%) overhead. 
       Both:      7.87 MB capacity,     4.91 MB ( 62%) used,     2.96 MB ( 38%) free+waste,     4.50 KB ( <1%) overhead. 

Virtual space:
  Non-class space:        8.00 MB reserved,       7.50 MB ( 94%) committed 
      Class space:        1.00 GB reserved,     768.00 KB ( <1%) committed 
             Both:        1.01 GB reserved,       8.25 MB ( <1%) committed 

Chunk freelists:
   Non-Class:  139.00 KB
       Class:  23.00 KB
        Both:  162.00 KB

MaxMetaspaceSize: 17179869184.00 GB
CompressedClassSpaceSize: 1.00 GB

CodeHeap 'non-profiled nmethods': size=120000Kb used=491Kb max_used=491Kb free=119508Kb
 bounds [0x000001d8e2be0000, 0x000001d8e2e50000, 0x000001d8ea110000]
CodeHeap 'profiled nmethods': size=120000Kb used=2137Kb max_used=2137Kb free=117862Kb
 bounds [0x000001d8db6b0000, 0x000001d8db920000, 0x000001d8e2be0000]
CodeHeap 'non-nmethods': size=5760Kb used=1297Kb max_used=1325Kb free=4462Kb
 bounds [0x000001d8db110000, 0x000001d8db380000, 0x000001d8db6b0000]
 total_blobs=1858 nmethods=1279 adapters=492
 compilation: enabled
              stopped_count=0, restarted_count=0
 full_count=0

Compilation events (20 events):
Event: 12.021 Thread 0x000001d8f20e15a0 1269       3       com.badlogic.gdx.backends.lwjgl.LwjglGL20::glClearColor (9 bytes)
Event: 12.021 Thread 0x000001d8f20e15a0 nmethod 1269 0x000001d8db8c2490 code [0x000001d8db8c2640, 0x000001d8db8c2768]
Event: 12.021 Thread 0x000001d8f20e15a0 1270       3       com.badlogic.gdx.backends.lwjgl.LwjglGL20::glClear (5 bytes)
Event: 12.021 Thread 0x000001d8f20e15a0 nmethod 1270 0x000001d8db8c2810 code [0x000001d8db8c29c0, 0x000001d8db8c2ae8]
Event: 12.021 Thread 0x000001d8f20e15a0 1271       3       com.mygdx.game.Player::operate (51 bytes)
Event: 12.022 Thread 0x000001d8f20e15a0 nmethod 1271 0x000001d8db8c2b90 code [0x000001d8db8c2dc0, 0x000001d8db8c3578]
Event: 12.022 Thread 0x000001d8f20e15a0 1272       3       com.mygdx.game.Player::friction (85 bytes)
Event: 12.022 Thread 0x000001d8f20e15a0 nmethod 1272 0x000001d8db8c3890 code [0x000001d8db8c3ae0, 0x000001d8db8c4068]
Event: 12.022 Thread 0x000001d8f20e15a0 1273       3       com.mygdx.game.Renderer::debugLine (37 bytes)
Event: 12.022 Thread 0x000001d8f20e15a0 nmethod 1273 0x000001d8db8c4310 code [0x000001d8db8c4520, 0x000001d8db8c4918]
Event: 12.022 Thread 0x000001d8f20e15a0 1274       3       com.mygdx.game.Laser::beginRender (10 bytes)
Event: 12.022 Thread 0x000001d8f20e15a0 nmethod 1274 0x000001d8db8c4c10 code [0x000001d8db8c4dc0, 0x000001d8db8c4ee8]
Event: 12.022 Thread 0x000001d8f20e15a0 1275       3       com.mygdx.game.Laser::render (89 bytes)
Event: 12.022 Thread 0x000001d8f20e15a0 nmethod 1275 0x000001d8db8c4f90 code [0x000001d8db8c5220, 0x000001d8db8c5a08]
Event: 12.022 Thread 0x000001d8f20e15a0 1276       3       com.mygdx.game.Laser::endRender (7 bytes)
Event: 12.022 Thread 0x000001d8f20e15a0 nmethod 1276 0x000001d8db8c5e10 code [0x000001d8db8c5fc0, 0x000001d8db8c6228]
Event: 12.364 Thread 0x000001d8f20e15a0 1278       3       org.lwjgl.opengl.WindowsKeyboard::isKeyPressed (13 bytes)
Event: 12.364 Thread 0x000001d8f20e15a0 nmethod 1278 0x000001d8db8c6390 code [0x000001d8db8c6520, 0x000001d8db8c6658]
Event: 14.544 Thread 0x000001d8f20d7ad0 1279       4       java.nio.ByteBuffer::flip (7 bytes)
Event: 14.545 Thread 0x000001d8f20d7ad0 nmethod 1279 0x000001d8e2c5a990 code [0x000001d8e2c5ab00, 0x000001d8e2c5ab78]

GC Heap History (0 events):
No events

Deoptimization events (20 events):
Event: 1.769 Thread 0x000001d8f315eac0 DEOPT PACKING pc=0x000001d8db8108d2 sp=0x000000369edfed10
Event: 1.769 Thread 0x000001d8f315eac0 DEOPT UNPACKING pc=0x000001d8db15f6cf sp=0x000000369edfe298 mode 0
Event: 1.801 Thread 0x000001d8f315eac0 DEOPT PACKING pc=0x000001d8db8108d2 sp=0x000000369edfed10
Event: 1.801 Thread 0x000001d8f315eac0 DEOPT UNPACKING pc=0x000001d8db15f6cf sp=0x000000369edfe298 mode 0
Event: 1.818 Thread 0x000001d8f315eac0 DEOPT PACKING pc=0x000001d8db8108d2 sp=0x000000369edfed10
Event: 1.818 Thread 0x000001d8f315eac0 DEOPT UNPACKING pc=0x000001d8db15f6cf sp=0x000000369edfe298 mode 0
Event: 1.819 Thread 0x000001d8f315eac0 DEOPT PACKING pc=0x000001d8db80e020 sp=0x000000369edfed00
Event: 1.819 Thread 0x000001d8f315eac0 DEOPT UNPACKING pc=0x000001d8db15f6cf sp=0x000000369edfe298 mode 0
Event: 1.868 Thread 0x000001d8f315eac0 DEOPT PACKING pc=0x000001d8db8108d2 sp=0x000000369edfed10
Event: 1.868 Thread 0x000001d8f315eac0 DEOPT UNPACKING pc=0x000001d8db15f6cf sp=0x000000369edfe298 mode 0
Event: 1.885 Thread 0x000001d8f315eac0 DEOPT PACKING pc=0x000001d8db8108d2 sp=0x000000369edfed10
Event: 1.885 Thread 0x000001d8f315eac0 DEOPT UNPACKING pc=0x000001d8db15f6cf sp=0x000000369edfe298 mode 0
Event: 7.160 Thread 0x000001d8f315eac0 Uncommon trap: trap_request=0xffffff45 fr.pc=0x000001d8e2c46c78 relative=0x00000000000004d8
Event: 7.160 Thread 0x000001d8f315eac0 Uncommon trap: reason=unstable_if action=reinterpret pc=0x000001d8e2c46c78 method=com.badlogic.gdx.utils.Array.iterator()Lcom/badlogic/gdx/utils/Array$ArrayIterator; @ 20 c2
Event: 7.160 Thread 0x000001d8f315eac0 DEOPT PACKING pc=0x000001d8e2c46c78 sp=0x000000369edfec90
Event: 7.160 Thread 0x000001d8f315eac0 DEOPT UNPACKING pc=0x000001d8db11852f sp=0x000000369edfebe0 mode 2
Event: 7.160 Thread 0x000001d8f315eac0 Uncommon trap: trap_request=0xffffff45 fr.pc=0x000001d8e2c45edc relative=0x00000000000000bc
Event: 7.160 Thread 0x000001d8f315eac0 Uncommon trap: reason=unstable_if action=reinterpret pc=0x000001d8e2c45edc method=com.badlogic.gdx.utils.Array$ArrayIterable.iterator()Lcom/badlogic/gdx/utils/Array$ArrayIterator; @ 26 c2
Event: 7.160 Thread 0x000001d8f315eac0 DEOPT PACKING pc=0x000001d8e2c45edc sp=0x000000369edfebd0
Event: 7.160 Thread 0x000001d8f315eac0 DEOPT UNPACKING pc=0x000001d8db11852f sp=0x000000369edfeb70 mode 2

Classes unloaded (0 events):
No events

Classes redefined (0 events):
No events

Internal exceptions (4 events):
Event: 0.364 Thread 0x000001d8f315eac0 Exception <a 'org/lwjgl/LWJGLException'{0x000000008aa94228}: Failed to set device gamma.> (0x000000008aa94228) 
thrown [./src/hotspot/share/prims/jni.cpp, line 599]
Event: 7.160 Thread 0x000001d8f315eac0 Implicit null exception at 0x000001d8e2c46816 to 0x000001d8e2c46c50
Event: 7.160 Thread 0x000001d8f315eac0 Implicit null exception at 0x000001d8e2c45e63 to 0x000001d8e2c45ecc
Event: 12.369 Thread 0x000001d8f315eac0 Exception <a 'org/lwjgl/LWJGLException'{0x0000000089cc4150}: Failed to set device gamma.> (0x0000000089cc4150) 
thrown [./src/hotspot/share/prims/jni.cpp, line 599]

Events (20 events):
Event: 1.687 Loaded shared library C:\Users\spenc\AppData\Local\Temp\libgdxspenc\1cecf4f6\lwjgl64.dll
Event: 1.720 Loaded shared library C:\Users\spenc\AppData\Local\Temp\libgdxspenc\1cecf4f6\lwjgl64.dll
Event: 1.721 Loaded shared library C:\Users\spenc\AppData\Local\Temp\libgdxspenc\1cecf4f6\lwjgl64.dll
Event: 1.886 Loaded shared library C:\Users\spenc\AppData\Local\Temp\libgdxspenc\1cecf4f6\lwjgl64.dll
Event: 1.960 Loaded shared library C:\Program Files\Zulu\zulu-15\bin\java.dll
Event: 2.153 Loaded shared library C:\Users\spenc\AppData\Local\Temp\libgdxspenc\1cecf4f6\lwjgl64.dll
Event: 2.220 Loaded shared library C:\Users\spenc\AppData\Local\Temp\libgdxspenc\1cecf4f6\lwjgl64.dll
Event: 2.270 Loaded shared library C:\Users\spenc\AppData\Local\Temp\libgdxspenc\1cecf4f6\lwjgl64.dll
Event: 2.271 Loaded shared library C:\Users\spenc\AppData\Local\Temp\libgdxspenc\1cecf4f6\lwjgl64.dll
Event: 2.487 Loaded shared library C:\Users\spenc\AppData\Local\Temp\libgdxspenc\1cecf4f6\lwjgl64.dll
Event: 2.953 Loaded shared library C:\Program Files\Zulu\zulu-15\bin\java.dll
Event: 3.071 Loaded shared library C:\Users\spenc\AppData\Local\Temp\libgdxspenc\1cecf4f6\lwjgl64.dll
Event: 3.072 Loaded shared library C:\Users\spenc\AppData\Local\Temp\libgdxspenc\1cecf4f6\lwjgl64.dll
Event: 3.487 Loaded shared library C:\Users\spenc\AppData\Local\Temp\libgdxspenc\1cecf4f6\lwjgl64.dll
Event: 3.487 Loaded shared library C:\Users\spenc\AppData\Local\Temp\libgdxspenc\1cecf4f6\lwjgl64.dll
Event: 5.586 Loaded shared library C:\Users\spenc\AppData\Local\Temp\libgdxspenc\1cecf4f6\lwjgl64.dll
Event: 9.853 Loaded shared library C:\Users\spenc\AppData\Local\Temp\libgdxspenc\e1cd32f8\gdx64.dll
Event: 9.870 Loaded shared library C:\Users\spenc\AppData\Local\Temp\libgdxspenc\1cecf4f6\lwjgl64.dll
Event: 9.870 Loaded shared library C:\Users\spenc\AppData\Local\Temp\libgdxspenc\1cecf4f6\lwjgl64.dll
Event: 10.371 Loaded shared library C:\Users\spenc\AppData\Local\Temp\libgdxspenc\1cecf4f6\lwjgl64.dll


Dynamic libraries:
0x00007ff6e2680000 - 0x00007ff6e268d000 	C:\Program Files\Zulu\zulu-15\bin\java.exe
0x00007ff913ed0000 - 0x00007ff9140c5000 	C:\Windows\SYSTEM32\ntdll.dll
0x00007ff912920000 - 0x00007ff9129de000 	C:\Windows\System32\KERNEL32.DLL
0x00007ff911800000 - 0x00007ff911ac8000 	C:\Windows\System32\KERNELBASE.dll
0x00007ff911c60000 - 0x00007ff911d60000 	C:\Windows\System32\ucrtbase.dll
0x00007ff8e9c20000 - 0x00007ff8e9c38000 	C:\Program Files\Zulu\zulu-15\bin\jli.dll
0x00007ff913860000 - 0x00007ff913a01000 	C:\Windows\System32\USER32.dll
0x00007ff911ad0000 - 0x00007ff911af2000 	C:\Windows\System32\win32u.dll
0x00007ff911f10000 - 0x00007ff911f3b000 	C:\Windows\System32\GDI32.dll
0x00007ff8f9e80000 - 0x00007ff8fa11a000 	C:\Windows\WinSxS\amd64_microsoft.windows.common-controls_6595b64144ccf1df_6.0.19041.1110_none_60b5254171f9507e\COMCTL32.dll
0x00007ff9116f0000 - 0x00007ff9117fd000 	C:\Windows\System32\gdi32full.dll
0x00007ff912e60000 - 0x00007ff912efe000 	C:\Windows\System32\msvcrt.dll
0x00007ff911e70000 - 0x00007ff911f0d000 	C:\Windows\System32\msvcp_win.dll
0x00007ff8df400000 - 0x00007ff8df415000 	C:\Program Files\Zulu\zulu-15\bin\VCRUNTIME140.dll
0x00007ff912bc0000 - 0x00007ff912bf0000 	C:\Windows\System32\IMM32.DLL
0x00007ff8b0720000 - 0x00007ff8b07bb000 	C:\Program Files\Zulu\zulu-15\bin\msvcp140.dll
0x00007ff85f540000 - 0x00007ff8600d2000 	C:\Program Files\Zulu\zulu-15\bin\server\jvm.dll
0x00007ff912b10000 - 0x00007ff912bbc000 	C:\Windows\System32\ADVAPI32.dll
0x00007ff912ce0000 - 0x00007ff912d7b000 	C:\Windows\System32\sechost.dll
0x00007ff9129e0000 - 0x00007ff912b0a000 	C:\Windows\System32\RPCRT4.dll
0x00007ff912850000 - 0x00007ff912858000 	C:\Windows\System32\PSAPI.DLL
0x00007ff8f1b20000 - 0x00007ff8f1b47000 	C:\Windows\SYSTEM32\WINMM.dll
0x00007ff8bb1b0000 - 0x00007ff8bb1b9000 	C:\Windows\SYSTEM32\WSOCK32.dll
0x00007ff902de0000 - 0x00007ff902dea000 	C:\Windows\SYSTEM32\VERSION.dll
0x00007ff913540000 - 0x00007ff9135ab000 	C:\Windows\System32\WS2_32.dll
0x00007ff90fe60000 - 0x00007ff90fe72000 	C:\Windows\SYSTEM32\kernel.appcore.dll
0x00007ff8ec550000 - 0x00007ff8ec55a000 	C:\Program Files\Zulu\zulu-15\bin\jimage.dll
0x00007ff90fb90000 - 0x00007ff90fd74000 	C:\Windows\SYSTEM32\DBGHELP.DLL
0x00007ff8f6a70000 - 0x00007ff8f6a9c000 	C:\Windows\SYSTEM32\dbgcore.DLL
0x00007ff9115e0000 - 0x00007ff911662000 	C:\Windows\System32\bcryptPrimitives.dll
0x00007ff8d6560000 - 0x00007ff8d6585000 	C:\Program Files\Zulu\zulu-15\bin\java.dll
0x00007ff912030000 - 0x00007ff912774000 	C:\Windows\System32\SHELL32.dll
0x00007ff90f3f0000 - 0x00007ff90fb84000 	C:\Windows\SYSTEM32\windows.storage.dll
0x00007ff9131e0000 - 0x00007ff913535000 	C:\Windows\System32\combase.dll
0x00007ff911030000 - 0x00007ff91105e000 	C:\Windows\SYSTEM32\Wldp.dll
0x00007ff913750000 - 0x00007ff9137fd000 	C:\Windows\System32\SHCORE.dll
0x00007ff913800000 - 0x00007ff913855000 	C:\Windows\System32\shlwapi.dll
0x00007ff911520000 - 0x00007ff91153f000 	C:\Windows\SYSTEM32\profapi.dll
0x00007ff8ddbd0000 - 0x00007ff8ddbe9000 	C:\Program Files\Zulu\zulu-15\bin\net.dll
0x00007ff908370000 - 0x00007ff90847c000 	C:\Windows\SYSTEM32\WINHTTP.dll
0x00007ff910d90000 - 0x00007ff910dfa000 	C:\Windows\system32\mswsock.dll
0x00007ff8dbc30000 - 0x00007ff8dbc42000 	C:\Program Files\Zulu\zulu-15\bin\nio.dll
0x00007ff8cef90000 - 0x00007ff8cefa8000 	C:\Program Files\Zulu\zulu-15\bin\zip.dll
0x000000006e700000 - 0x000000006e72a000 	C:\Users\spenc\AppData\Local\Temp\libgdxspenc\e1cd32f8\gdx64.dll
0x00007ff8ec4e0000 - 0x00007ff8ec4f0000 	C:\Program Files\Zulu\zulu-15\bin\verify.dll
0x0000000180000000 - 0x0000000180053000 	C:\Users\spenc\AppData\Local\Temp\libgdxspenc\1cecf4f6\lwjgl64.dll
0x00007ff8da4a0000 - 0x00007ff8da5c5000 	C:\Windows\SYSTEM32\OPENGL32.dll
0x00007ff8da470000 - 0x00007ff8da49c000 	C:\Windows\SYSTEM32\GLU32.dll
0x000001d8f3640000 - 0x000001d8f36a4000 	C:\Users\spenc\AppData\Local\Temp\libgdxspenc\1cecf4f6\OpenAL64.dll
0x00007ff912f00000 - 0x00007ff91302a000 	C:\Windows\System32\ole32.dll
0x00007ff90e8c0000 - 0x00007ff90e95e000 	C:\Windows\system32\uxtheme.dll
0x00007ff912860000 - 0x00007ff912909000 	C:\Windows\System32\clbcatq.dll
0x00007ff8b0680000 - 0x00007ff8b071c000 	C:\Windows\SYSTEM32\dsound.dll
0x00007ff8f6a40000 - 0x00007ff8f6a66000 	C:\Windows\SYSTEM32\winmmbase.dll
0x00007ff910b50000 - 0x00007ff910b9b000 	C:\Windows\SYSTEM32\powrprof.dll
0x00007ff910a10000 - 0x00007ff910a22000 	C:\Windows\SYSTEM32\UMPDC.dll
0x00007ff906460000 - 0x00007ff9064e5000 	C:\Windows\System32\MMDevApi.dll
0x00007ff911380000 - 0x00007ff9113b4000 	C:\Windows\System32\DEVOBJ.dll
0x00007ff9116a0000 - 0x00007ff9116ee000 	C:\Windows\System32\cfgmgr32.dll
0x00007ff905f60000 - 0x00007ff9060e1000 	C:\Windows\SYSTEM32\AUDIOSES.DLL
0x00007ff912780000 - 0x00007ff91284d000 	C:\Windows\System32\OLEAUT32.dll
0x00007ff90ea90000 - 0x00007ff90eaa4000 	C:\Windows\SYSTEM32\resourcepolicyclient.dll
0x00007ff9070e0000 - 0x00007ff90718e000 	C:\Windows\SYSTEM32\mscms.dll
0x00007ff9114a0000 - 0x00007ff9114ce000 	C:\Windows\SYSTEM32\USERENV.dll
0x00007ff907020000 - 0x00007ff907031000 	C:\Windows\SYSTEM32\ColorAdapterClient.dll
0x00007ff9135d0000 - 0x00007ff9136e5000 	C:\Windows\System32\MSCTF.dll
0x00007ff8fd660000 - 0x00007ff8fd759000 	C:\Windows\SYSTEM32\textinputframework.dll
0x00007ff90a8a0000 - 0x00007ff90abfe000 	C:\Windows\System32\CoreUIComponents.dll
0x00007ff90ac00000 - 0x00007ff90acf2000 	C:\Windows\System32\CoreMessaging.dll
0x00007ff910310000 - 0x00007ff910343000 	C:\Windows\SYSTEM32\ntmarta.dll
0x00007ff909540000 - 0x00007ff909694000 	C:\Windows\SYSTEM32\wintypes.dll
0x00007ff8e7720000 - 0x00007ff8e7786000 	C:\Windows\system32\Oleacc.dll
0x00007ff9062b0000 - 0x00007ff9063a9000 	C:\Windows\System32\AppXDeploymentClient.dll
0x00007ff85e530000 - 0x00007ff85f536000 	C:\Windows\System32\DriverStore\FileRepository\iigd_dch.inf_amd64_fe923c94e9ba883c\igxelpicd64.dll
0x00007ff90edb0000 - 0x00007ff90eddf000 	C:\Windows\system32\dwmapi.dll
0x00007ff90fed0000 - 0x00007ff90ffc4000 	C:\Windows\system32\dxgi.dll
0x00007ff88a230000 - 0x00007ff88a6ce000 	C:\Windows\System32\DriverStore\FileRepository\iigd_dch.inf_amd64_fe923c94e9ba883c\igdml64.dll
0x00007ff900fa0000 - 0x00007ff901361000 	C:\Windows\System32\DriverStore\FileRepository\iigd_dch.inf_amd64_fe923c94e9ba883c\igdgmm64.dll
0x00007ff8f13d0000 - 0x00007ff8f1413000 	C:\Windows\SYSTEM32\icm32.dll
0x00007ff8fd960000 - 0x00007ff900bc0000 	C:\Windows\System32\DriverStore\FileRepository\iigd_dch.inf_amd64_fe923c94e9ba883c\igc64.dll
0x0000000066b00000 - 0x0000000066b5b000 	C:\Users\spenc\AppData\Local\Temp\libgdxspenc\a14961b7\gdx-box2d64.dll

dbghelp: loaded successfully - version: 4.0.5 - missing functions: none
symbol engine: initialized successfully - sym options: 0x614 - pdb path: .;C:\Program Files\Zulu\zulu-15\bin;C:\Windows\SYSTEM32;C:\Windows\WinSxS\amd64_microsoft.windows.common-controls_6595b64144ccf1df_6.0.19041.1110_none_60b5254171f9507e;C:\Program Files\Zulu\zulu-15\bin\server;C:\Users\spenc\AppData\Local\Temp\libgdxspenc\e1cd32f8;C:\Users\spenc\AppData\Local\Temp\libgdxspenc\1cecf4f6;C:\Windows\System32\DriverStore\FileRepository\iigd_dch.inf_amd64_fe923c94e9ba883c;C:\Users\spenc\AppData\Local\Temp\libgdxspenc\a14961b7

VM Arguments:
jvm_args: -Dfile.encoding=windows-1252 -Duser.country=CA -Duser.language=en -Duser.variant 
java_command: com.mygdx.game.desktop.DesktopLauncher
java_class_path (initial): C:\Users\spenc\OneDrive\Documents\GitHub\PortalGame\PortalGame\desktop\build\classes\java\main;C:\Users\spenc\OneDrive\Documents\GitHub\PortalGame\PortalGame\desktop\build\resources\main;C:\Users\spenc\.gradle\caches\modules-2\files-2.1\com.badlogicgames.gdx\gdx-tools\1.10.0\d699cf4953fb42a071c7c3feb9b5c45601aa6a4b\gdx-tools-1.10.0.jar;C:\Users\spenc\.gradle\caches\modules-2\files-2.1\com.badlogicgames.gdx\gdx-backend-lwjgl\1.10.0\58ff89d9e4fd8a82591367f187d606e781cacc05\gdx-backend-lwjgl-1.10.0.jar;C:\Users\spenc\.gradle\caches\modules-2\files-2.1\com.badlogicgames.gdx\gdx-platform\1.10.0\9a8fa793d2fd6d360afc6c9e4c1f5583da263b88\gdx-platform-1.10.0-natives-desktop.jar;C:\Users\spenc\.gradle\caches\modules-2\files-2.1\com.badlogicgames.gdx\gdx-box2d-platform\1.10.0\588c4191c5a64ed39365e71484aa37d81c38eb5e\gdx-box2d-platform-1.10.0-natives-desktop.jar;C:\Users\spenc\.gradle\caches\modules-2\files-2.1\com.badlogicgames.gdx\gdx-bullet-platform\1.10.0\ce92e8dfc762523d769cbc50853163c03bf98cf1\gdx-bullet-platform-1.10.0-natives-desktop.jar;C:\Users\spenc\.gradle\caches\modules-2\files-2.1\com.badlogicgames.gdx\gdx-freetype-platform\1.10.0\6e5d28752759e69384f12e4569d2c884ff71352f\gdx-freetype-platform-1.10.0-natives-desktop.jar;C:\Users\spenc\OneDrive\Documents\GitHub\PortalGame\PortalGame\core\build\libs\core-1.0.jar;C:\Users\spenc\.gradle\caches\modules-2\files-2.1\com.badlogicgames.gdx\gdx-backend-headless\1.10.0\990eadbb431197c5b9b816d1659c772e0268e65\gdx-backend-headless-1.10.0.jar;C:\Users\spenc\.gradle\caches\modules-2\files-2.1\com.badlogicgames.gdx\gdx-freetype\1.10.0\de1d0d5c1e92e8d91364256fd6b7bb279d3e9859\gdx-freetype-1.10.0.jar;C:\Users\spenc\.gradle\caches\modules-2\files-2.1\com.badlogicgames.box2dlights\box2dlights\1.5\6902dbcd250c95a27973aa24a147a95b3828d348\box2dlights-1.5.jar;C:\Users\spenc\.gradle\caches\modules-2\files-2.1\com.badlogicgames.gdx\gdx-box2d\1.10.0\b3a3c0f00b90716238835434d0ae8985604c37f8\gdx-box2d-1.10.0.jar;C
Launcher Type: SUN_STANDARD

[Global flags]
     intx CICompilerCount                          = 4                                         {product} {ergonomic}
     uint ConcGCThreads                            = 2                                         {product} {ergonomic}
     uint G1ConcRefinementThreads                  = 8                                         {product} {ergonomic}
   size_t G1HeapRegionSize                         = 1048576                                   {product} {ergonomic}
    uintx GCDrainStackTargetSize                   = 64                                        {product} {ergonomic}
   size_t InitialHeapSize                          = 132120576                                 {product} {ergonomic}
   size_t MarkStackSize                            = 4194304                                   {product} {ergonomic}
   size_t MaxHeapSize                              = 2095054848                                {product} {ergonomic}
   size_t MaxNewSize                               = 1256194048                                {product} {ergonomic}
   size_t MinHeapDeltaBytes                        = 1048576                                   {product} {ergonomic}
   size_t MinHeapSize                              = 8388608                                   {product} {ergonomic}
    uintx NonNMethodCodeHeapSize                   = 5839372                                {pd product} {ergonomic}
    uintx NonProfiledCodeHeapSize                  = 122909434                              {pd product} {ergonomic}
    uintx ProfiledCodeHeapSize                     = 122909434                              {pd product} {ergonomic}
    uintx ReservedCodeCacheSize                    = 251658240                              {pd product} {ergonomic}
     bool SegmentedCodeCache                       = true                                      {product} {ergonomic}
   size_t SoftMaxHeapSize                          = 2095054848                             {manageable} {ergonomic}
     bool UseCompressedClassPointers               = true                                 {lp64_product} {ergonomic}
     bool UseCompressedOops                        = true                                 {lp64_product} {ergonomic}
     bool UseG1GC                                  = true                                      {product} {ergonomic}
     bool UseLargePagesIndividualAllocation        = false                                  {pd product} {ergonomic}

Logging:
Log output configuration:
 #0: stdout all=warning uptime,level,tags
 #1: stderr all=off uptime,level,tags

Environment Variables:
JAVA_HOME=C:\Program Files\Java\jdk1.8.0_311
PATH=C:\Program Files\Zulu\zulu-15\bin\;C:\Program Files (x86)\Common Files\Oracle\Java\javapath;C:\Windows\system32;C:\Windows;C:\Windows\System32\Wbem;C:\Windows\System32\WindowsPowerShell\v1.0\;C:\Windows\System32\OpenSSH\;C:\Program Files\Git\cmd;C:\Users\spenc\AppData\Local\Microsoft\WindowsApps;C:\Users\spenc\AppData\Local\GitHubDesktop\bin;C:\Program Files\JetBrains\IntelliJ IDEA Community Edition 2021.3\bin;
USERNAME=spenc
OS=Windows_NT
PROCESSOR_IDENTIFIER=Intel64 Family 6 Model 140 Stepping 1, GenuineIntel



---------------  S Y S T E M  ---------------

OS:
 Windows 10 , 64 bit Build 19041 (10.0.19041.1348)
OS uptime: 3 days 22:12 hours

CPU: total 8 (initial active 8) (4 cores per cpu, 2 threads per core) family 6 model 140 stepping 1 microcode 0x78, cmov, cx8, fxsr, mmx, sse, sse2, sse3, ssse3, sse4.1, sse4.2, popcnt, vzeroupper, avx, avx2, aes, clmul, erms, 3dnowpref, lzcnt, ht, tsc, tscinvbit, bmi1, bmi2, adx, avx512f, avx512dq, avx512cd, avx512bw, avx512vl, avx512_vpopcntdq, avx512_vpclmulqdq, avx512_vbmi, avx512_vbmi2, avx512_vaes, avx512_vnni, sha, fma, clflush, clflushopt, clwb

Memory: 4k page, system-wide physical 7987M (450M free)
TotalPageFile size 21811M (AvailPageFile size 6280M)
current process WorkingSet (physical memory assigned to process): 172M, peak: 190M
current process commit charge ("private bytes"): 295M, peak: 314M

vm_info: OpenJDK 64-Bit Server VM (15.0.5+3-MTS) for windows-amd64 JRE (15.0.5+3-MTS) (Zulu15.36+13-CA), built on Oct  8 2021 11:07:26 by "zulu_re" with MS VC++ 15.9 (VS2017)

END.
