#
# A fatal error has been detected by the Java Runtime Environment:
#
#  EXCEPTION_ACCESS_VIOLATION (0xc0000005) at pc=0x0000000066b0cfa7, pid=28428, tid=34768
#
# JRE version: OpenJDK Runtime Environment Zulu15.36+13-CA (15.0.5+3) (build 15.0.5+3-MTS)
# Java VM: OpenJDK 64-Bit Server VM Zulu15.36+13-CA (15.0.5+3-MTS, mixed mode, sharing, tiered, compressed oops, g1 gc, windows-amd64)
# Problematic frame:
# C  [gdx-box2d64.dll+0xcfa7]
#
# No core dump will be written. Minidumps are not enabled by default on client versions of Windows
#
# If you would like to submit a bug report, please visit:
#   http://www.azul.com/support/
# The crash happened outside the Java Virtual Machine in native code.
# See problematic frame for where to report the bug.
#

---------------  S U M M A R Y ------------

Command Line: -Dfile.encoding=windows-1252 -Duser.country=CA -Duser.language=en -Duser.variant com.mygdx.game.desktop.DesktopLauncher

Host: 11th Gen Intel(R) Core(TM) i5-1135G7 @ 2.40GHz, 8 cores, 7G,  Windows 10 , 64 bit Build 19041 (10.0.19041.1348)
Time: Sun Jan  2 13:17:56 2022 Eastern Standard Time elapsed time: 19.912276 seconds (0d 0h 0m 19s)

---------------  T H R E A D  ---------------

Current thread (0x0000029491728e90):  JavaThread "LWJGL Application" [_thread_in_native, id=34768, stack(0x000000a31ab00000,0x000000a31ac00000)]

Stack: [0x000000a31ab00000,0x000000a31ac00000],  sp=0x000000a31abfee90,  free space=1019k
Native frames: (J=compiled Java code, j=interpreted, Vv=VM code, C=native code)
C  [gdx-box2d64.dll+0xcfa7]

Java frames: (J=compiled Java code, j=interpreted, Vv=VM code)
j  com.badlogic.gdx.physics.box2d.World.jniDestroyBody(JJ)V+0
j  com.badlogic.gdx.physics.box2d.World.destroyBody(Lcom/badlogic/gdx/physics/box2d/Body;)V+42
j  com.mygdx.game.Entity.dispose()V+8
j  com.mygdx.game.MyGdxGame.dispose()V+82
j  com.badlogic.gdx.backends.lwjgl.LwjglApplication.mainLoop()V+924
j  com.badlogic.gdx.backends.lwjgl.LwjglApplication$1.run()V+27
v  ~StubRoutines::call_stub

siginfo: EXCEPTION_ACCESS_VIOLATION (0xc0000005), reading address 0x0000000000000008


Register to memory mapping:

RIP=0x0000000066b0cfa7 gdx-box2d64.dll
RAX=0x0 is NULL
RBX=0x000002949abf66c0 points into unknown readable memory: 0x0000000066b48700 | 00 87 b4 66 00 00 00 00
RCX=0x0000000000000036 is an unknown value
RDX=0x0000029492caf2e0 points into unknown readable memory: 0x0000029441200000 | 00 00 20 41 94 02 00 00
RSP=0x000000a31abfee90 is pointing into the stack for thread: 0x0000029491728e90
RBP=0x0000029492c57590 points into unknown readable memory: 0x00000294efc10150 | 50 01 c1 ef 94 02 00 00
RSI=0x0000029492c70830 points into unknown readable memory: 0x0000000000000010 | 10 00 00 00 00 00 00 00
RDI=0x000002949abf66c0 points into unknown readable memory: 0x0000000066b48700 | 00 87 b4 66 00 00 00 00
R8 =0x0000029492cab7b0 points into unknown readable memory: 0x0000003600000002 | 02 00 00 00 36 00 00 00
R9 =0x0000000000000004 is an unknown value
R10=0x00000294917341b0 points into unknown readable memory: 0x0000001e00000003 | 03 00 00 00 1e 00 00 00
R11=0x000000a31abfee80 is pointing into the stack for thread: 0x0000029491728e90
R12=0x0 is NULL
R13={method} {0x00000294ffe36360} 'jniDestroyBody' '(JJ)V' in 'com/badlogic/gdx/physics/box2d/World'
R14=0x000000a31abff0d8 is pointing into the stack for thread: 0x0000029491728e90
R15=0x0000029491728e90 is a thread


Registers:
RAX=0x0000000000000000, RBX=0x000002949abf66c0, RCX=0x0000000000000036, RDX=0x0000029492caf2e0
RSP=0x000000a31abfee90, RBP=0x0000029492c57590, RSI=0x0000029492c70830, RDI=0x000002949abf66c0
R8 =0x0000029492cab7b0, R9 =0x0000000000000004, R10=0x00000294917341b0, R11=0x000000a31abfee80
R12=0x0000000000000000, R13=0x00000294ffe36358, R14=0x000000a31abff0d8, R15=0x0000029491728e90
RIP=0x0000000066b0cfa7, EFLAGS=0x0000000000010202

Top of Stack: (sp=0x000000a31abfee90)
0x000000a31abfee90:   0000000000000000 0000000066b3d36c
0x000000a31abfeea0:   000002949abf66c0 0000029492cab330
0x000000a31abfeeb0:   0000029492c70830 000002949abf66c0
0x000000a31abfeec0:   0000029492c70830 0000029492cab7b0
0x000000a31abfeed0:   0000029492cab330 0000000066b1f39f
0x000000a31abfeee0:   0000029491728e00 0000000000000000
0x000000a31abfeef0:   00007ffa7cebb548 000002949abf66c0
0x000000a31abfef00:   000000000000000e 000002949abf6520
0x000000a31abfef10:   0000029492c57590 0000029492cab7b0
0x000000a31abfef20:   0000029492c70830 0000000066b215d3
0x000000a31abfef30:   00000294ff7924a0 0000002800000003
0x000000a31abfef40:   000000a31abff098 0000029491728e90
0x000000a31abfef50:   0000029492c57590 0000029492cab7b0
0x000000a31abfef60:   00000000000010e8 000000a31abff098
0x000000a31abfef70:   0000000000000000 0000000066b26a9d
0x000000a31abfef80:   000000a31abff098 00007ffa7c93e3d7 

Instructions: (pc=0x0000000066b0cfa7)
0x0000000066b0cea7:   e0 05 48 8d 04 d0 48 8d 15 8c 34 04 00 48 01 d0
0x0000000066b0ceb7:   4c 8b 10 4d 85 d2 0f 84 8e 00 00 00 80 78 10 00
0x0000000066b0cec7:   4c 89 b4 24 80 00 00 00 75 1f 41 89 e9 4d 89 e8
0x0000000066b0ced7:   89 fa 4c 89 e1 48 83 c4 20 5b 5e 5f 5d 41 5c 41
0x0000000066b0cee7:   5d 41 5e 49 ff e2 0f 1f 00 41 89 f9 4d 89 e0 89
0x0000000066b0cef7:   ea 4c 89 e9 eb df 0f 1f 00 48 8d 15 79 50 03 00
0x0000000066b0cf07:   48 8d 0d 12 51 03 00 41 b8 51 00 00 00 e8 b7 96
0x0000000066b0cf17:   02 00 e9 7f ff ff ff 66 90 48 8d 15 59 50 03 00
0x0000000066b0cf27:   48 8d 0d c2 50 03 00 41 b8 50 00 00 00 e8 97 96
0x0000000066b0cf37:   02 00 e9 5a ff ff ff 66 90 e8 fb fc ff ff c6 05
0x0000000066b0cf47:   d4 33 04 00 01 e9 2d ff ff ff 31 c0 48 83 c4 20
0x0000000066b0cf57:   5b 5e 5f 5d 41 5c 41 5d 41 5e c3 0f 1f 40 00 66
0x0000000066b0cf67:   2e 0f 1f 84 00 00 00 00 00 55 57 56 53 48 83 ec
0x0000000066b0cf77:   28 80 3d a1 33 04 00 00 48 89 cf 48 89 d5 0f 84
0x0000000066b0cf87:   f5 00 00 00 8b 8f b4 00 00 00 48 8b 47 60 48 8b
0x0000000066b0cf97:   57 68 85 c9 7e 06 80 78 3a 00 74 50 48 8b 40 18
0x0000000066b0cfa7:   48 63 58 08 48 8b 42 18 8b 70 08 85 db 0f 88 8a
0x0000000066b0cfb7:   00 00 00 83 fe 03 0f 8f 81 00 00 00 48 63 c6 48
0x0000000066b0cfc7:   89 f9 48 8d 14 40 48 8d 04 5b 48 c1 e0 05 48 8d
0x0000000066b0cfd7:   04 d0 48 8d 15 60 33 04 00 48 8b 44 02 08 48 89
0x0000000066b0cfe7:   ea 48 83 c4 28 5b 5e 5f 5d 48 ff e0 80 7a 3a 00
0x0000000066b0cff7:   75 aa 4c 8b 40 10 41 0f b7 48 04 f6 c1 02 75 13
0x0000000066b0d007:   83 c9 02 41 c7 80 ac 00 00 00 00 00 00 00 66 41
0x0000000066b0d017:   89 48 04 4c 8b 42 10 41 0f b7 48 04 f6 c1 02 0f
0x0000000066b0d027:   85 77 ff ff ff 83 c9 02 41 c7 80 ac 00 00 00 00
0x0000000066b0d037:   00 00 00 66 41 89 48 04 e9 5f ff ff ff 48 8d 15
0x0000000066b0d047:   35 4f 03 00 48 8d 0d 16 50 03 00 41 b8 77 00 00
0x0000000066b0d057:   00 e8 73 95 02 00 48 8d 15 1c 4f 03 00 48 8d 0d
0x0000000066b0d067:   fd 4f 03 00 41 b8 78 00 00 00 e8 5a 95 02 00 e9
0x0000000066b0d077:   48 ff ff ff 0f 1f 44 00 00 48 8d 15 f9 4e 03 00
0x0000000066b0d087:   48 8d 0d bd 4f 03 00 41 b8 67 00 00 00 e8 37 95
0x0000000066b0d097:   02 00 e9 ed fe ff ff 66 90 48 83 ec 38 48 8d 05 


Stack slot to memory mapping:
stack at sp + 0 slots: 0x0 is NULL
stack at sp + 1 slots: 0x0000000066b3d36c gdx-box2d64.dll
stack at sp + 2 slots: 0x000002949abf66c0 points into unknown readable memory: 0x0000000066b48700 | 00 87 b4 66 00 00 00 00
stack at sp + 3 slots: 0x0000029492cab330 points into unknown readable memory: 0x0000002600000000 | 00 00 00 00 26 00 00 00
stack at sp + 4 slots: 0x0000029492c70830 points into unknown readable memory: 0x0000000000000010 | 10 00 00 00 00 00 00 00
stack at sp + 5 slots: 0x000002949abf66c0 points into unknown readable memory: 0x0000000066b48700 | 00 87 b4 66 00 00 00 00
stack at sp + 6 slots: 0x0000029492c70830 points into unknown readable memory: 0x0000000000000010 | 10 00 00 00 00 00 00 00
stack at sp + 7 slots: 0x0000029492cab7b0 points into unknown readable memory: 0x0000003600000002 | 02 00 00 00 36 00 00 00


---------------  P R O C E S S  ---------------

Threads class SMR info:
_java_thread_list=0x000002949942ca10, length=13, elements={
0x00000294ff75c4b0, 0x00000294ff7610a0, 0x00000294ff7797d0, 0x00000294ff77a280,
0x00000294ff77ad30, 0x00000294ff77cbd0, 0x00000294ff78e8d0, 0x00000294ff7903d0,
0x00000294911eb3d0, 0x00000294911fbd60, 0x0000029491728e90, 0x00000294ef92ea30,
0x0000029499297bf0
}

Java Threads: ( => current thread )
  0x00000294ff75c4b0 JavaThread "Reference Handler" daemon [_thread_blocked, id=23632, stack(0x000000a319e00000,0x000000a319f00000)]
  0x00000294ff7610a0 JavaThread "Finalizer" daemon [_thread_blocked, id=31908, stack(0x000000a319f00000,0x000000a31a000000)]
  0x00000294ff7797d0 JavaThread "Signal Dispatcher" daemon [_thread_blocked, id=29328, stack(0x000000a31a000000,0x000000a31a100000)]
  0x00000294ff77a280 JavaThread "Attach Listener" daemon [_thread_blocked, id=34932, stack(0x000000a31a100000,0x000000a31a200000)]
  0x00000294ff77ad30 JavaThread "Service Thread" daemon [_thread_blocked, id=25868, stack(0x000000a31a200000,0x000000a31a300000)]
  0x00000294ff77cbd0 JavaThread "C2 CompilerThread0" daemon [_thread_blocked, id=30440, stack(0x000000a31a300000,0x000000a31a400000)]
  0x00000294ff78e8d0 JavaThread "C1 CompilerThread0" daemon [_thread_blocked, id=3516, stack(0x000000a31a400000,0x000000a31a500000)]
  0x00000294ff7903d0 JavaThread "Sweeper thread" daemon [_thread_blocked, id=35472, stack(0x000000a31a500000,0x000000a31a600000)]
  0x00000294911eb3d0 JavaThread "Notification Thread" daemon [_thread_blocked, id=23472, stack(0x000000a31a600000,0x000000a31a700000)]
  0x00000294911fbd60 JavaThread "Common-Cleaner" daemon [_thread_blocked, id=29068, stack(0x000000a31a800000,0x000000a31a900000)]
=>0x0000029491728e90 JavaThread "LWJGL Application" [_thread_in_native, id=34768, stack(0x000000a31ab00000,0x000000a31ac00000)]
  0x00000294ef92ea30 JavaThread "DestroyJavaVM" [_thread_blocked, id=21552, stack(0x000000a319700000,0x000000a319800000)]
  0x0000029499297bf0 JavaThread "LWJGL Timer" daemon [_thread_blocked, id=31564, stack(0x000000a31b000000,0x000000a31b100000)]

Other Threads:
  0x00000294ff75ac30 VMThread "VM Thread" [stack: 0x000000a319d00000,0x000000a319e00000] [id=31464]
  0x00000294911f78a0 WatcherThread [stack: 0x000000a31a700000,0x000000a31a800000] [id=28196]
  0x00000294efb1d390 GCTaskThread "GC Thread#0" [stack: 0x000000a319800000,0x000000a319900000] [id=34860]
  0x00000294efb2f030 ConcurrentGCThread "G1 Main Marker" [stack: 0x000000a319900000,0x000000a319a00000] [id=29588]
  0x00000294efb2fca0 ConcurrentGCThread "G1 Conc#0" [stack: 0x000000a319a00000,0x000000a319b00000] [id=26032]
  0x00000294efbb0500 ConcurrentGCThread "G1 Refine#0" [stack: 0x000000a319b00000,0x000000a319c00000] [id=13624]
  0x00000294ff5e0350 ConcurrentGCThread "G1 Young RemSet Sampling" [stack: 0x000000a319c00000,0x000000a319d00000] [id=35692]

Threads with active compile tasks:

VM state: not at safepoint (normal execution)

VM Mutex/Monitor currently owned by a thread: None

Heap address: 0x0000000083200000, size: 1998 MB, Compressed Oops mode: 32-bit
CDS archive(s) mapped at: [0x0000000800000000-0x0000000800b50000-0x0000000800b50000), size 11862016, SharedBaseAddress: 0x0000000800000000, ArchiveRelocationMode: 0.
Compressed class space mapped at: 0x0000000800b50000-0x0000000840b50000, size: 1073741824
Narrow klass base: 0x0000000800000000, Narrow klass shift: 3, Narrow klass range: 0x100000000

GC Precious Log:
 CPUs: 8 total, 8 available
 Memory: 7987M
 Large Page Support: Disabled
 NUMA Support: Disabled
 Compressed Oops: Enabled (32-bit)
 Heap Region Size: 1M
 Heap Min Capacity: 8M
 Heap Initial Capacity: 126M
 Heap Max Capacity: 1998M
 Pre-touch: Disabled
 Parallel Workers: 8
 Concurrent Workers: 2
 Concurrent Refinement Workers: 8
 Periodic GC: Disabled

Heap:
 garbage-first heap   total 129024K, used 16384K [0x0000000083200000, 0x0000000100000000)
  region size 1024K, 18 young (18432K), 0 survivors (0K)
 Metaspace       used 4958K, capacity 7966K, committed 8320K, reserved 1056768K
  class space    used 326K, capacity 617K, committed 640K, reserved 1048576K

Heap Regions: E=young(eden), S=young(survivor), O=old, HS=humongous(starts), HC=humongous(continues), CS=collection set, F=free, OA=open archive, CA=closed archive, TAMS=top-at-mark-start (previous, next)
|   0|0x0000000083200000, 0x0000000083200000, 0x0000000083300000|  0%| F|  |TAMS 0x0000000083200000, 0x0000000083200000| Untracked 
|   1|0x0000000083300000, 0x0000000083300000, 0x0000000083400000|  0%| F|  |TAMS 0x0000000083300000, 0x0000000083300000| Untracked 
|   2|0x0000000083400000, 0x0000000083400000, 0x0000000083500000|  0%| F|  |TAMS 0x0000000083400000, 0x0000000083400000| Untracked 
|   3|0x0000000083500000, 0x0000000083500000, 0x0000000083600000|  0%| F|  |TAMS 0x0000000083500000, 0x0000000083500000| Untracked 
|   4|0x0000000083600000, 0x0000000083600000, 0x0000000083700000|  0%| F|  |TAMS 0x0000000083600000, 0x0000000083600000| Untracked 
|   5|0x0000000083700000, 0x0000000083700000, 0x0000000083800000|  0%| F|  |TAMS 0x0000000083700000, 0x0000000083700000| Untracked 
|   6|0x0000000083800000, 0x0000000083800000, 0x0000000083900000|  0%| F|  |TAMS 0x0000000083800000, 0x0000000083800000| Untracked 
|   7|0x0000000083900000, 0x0000000083900000, 0x0000000083a00000|  0%| F|  |TAMS 0x0000000083900000, 0x0000000083900000| Untracked 
|   8|0x0000000083a00000, 0x0000000083a00000, 0x0000000083b00000|  0%| F|  |TAMS 0x0000000083a00000, 0x0000000083a00000| Untracked 
|   9|0x0000000083b00000, 0x0000000083b00000, 0x0000000083c00000|  0%| F|  |TAMS 0x0000000083b00000, 0x0000000083b00000| Untracked 
|  10|0x0000000083c00000, 0x0000000083c00000, 0x0000000083d00000|  0%| F|  |TAMS 0x0000000083c00000, 0x0000000083c00000| Untracked 
|  11|0x0000000083d00000, 0x0000000083d00000, 0x0000000083e00000|  0%| F|  |TAMS 0x0000000083d00000, 0x0000000083d00000| Untracked 
|  12|0x0000000083e00000, 0x0000000083e00000, 0x0000000083f00000|  0%| F|  |TAMS 0x0000000083e00000, 0x0000000083e00000| Untracked 
|  13|0x0000000083f00000, 0x0000000083f00000, 0x0000000084000000|  0%| F|  |TAMS 0x0000000083f00000, 0x0000000083f00000| Untracked 
|  14|0x0000000084000000, 0x0000000084000000, 0x0000000084100000|  0%| F|  |TAMS 0x0000000084000000, 0x0000000084000000| Untracked 
|  15|0x0000000084100000, 0x0000000084100000, 0x0000000084200000|  0%| F|  |TAMS 0x0000000084100000, 0x0000000084100000| Untracked 
|  16|0x0000000084200000, 0x0000000084200000, 0x0000000084300000|  0%| F|  |TAMS 0x0000000084200000, 0x0000000084200000| Untracked 
|  17|0x0000000084300000, 0x0000000084300000, 0x0000000084400000|  0%| F|  |TAMS 0x0000000084300000, 0x0000000084300000| Untracked 
|  18|0x0000000084400000, 0x0000000084400000, 0x0000000084500000|  0%| F|  |TAMS 0x0000000084400000, 0x0000000084400000| Untracked 
|  19|0x0000000084500000, 0x0000000084500000, 0x0000000084600000|  0%| F|  |TAMS 0x0000000084500000, 0x0000000084500000| Untracked 
|  20|0x0000000084600000, 0x0000000084600000, 0x0000000084700000|  0%| F|  |TAMS 0x0000000084600000, 0x0000000084600000| Untracked 
|  21|0x0000000084700000, 0x0000000084700000, 0x0000000084800000|  0%| F|  |TAMS 0x0000000084700000, 0x0000000084700000| Untracked 
|  22|0x0000000084800000, 0x0000000084800000, 0x0000000084900000|  0%| F|  |TAMS 0x0000000084800000, 0x0000000084800000| Untracked 
|  23|0x0000000084900000, 0x0000000084900000, 0x0000000084a00000|  0%| F|  |TAMS 0x0000000084900000, 0x0000000084900000| Untracked 
|  24|0x0000000084a00000, 0x0000000084a00000, 0x0000000084b00000|  0%| F|  |TAMS 0x0000000084a00000, 0x0000000084a00000| Untracked 
|  25|0x0000000084b00000, 0x0000000084b00000, 0x0000000084c00000|  0%| F|  |TAMS 0x0000000084b00000, 0x0000000084b00000| Untracked 
|  26|0x0000000084c00000, 0x0000000084c00000, 0x0000000084d00000|  0%| F|  |TAMS 0x0000000084c00000, 0x0000000084c00000| Untracked 
|  27|0x0000000084d00000, 0x0000000084d00000, 0x0000000084e00000|  0%| F|  |TAMS 0x0000000084d00000, 0x0000000084d00000| Untracked 
|  28|0x0000000084e00000, 0x0000000084e00000, 0x0000000084f00000|  0%| F|  |TAMS 0x0000000084e00000, 0x0000000084e00000| Untracked 
|  29|0x0000000084f00000, 0x0000000084f00000, 0x0000000085000000|  0%| F|  |TAMS 0x0000000084f00000, 0x0000000084f00000| Untracked 
|  30|0x0000000085000000, 0x0000000085000000, 0x0000000085100000|  0%| F|  |TAMS 0x0000000085000000, 0x0000000085000000| Untracked 
|  31|0x0000000085100000, 0x0000000085100000, 0x0000000085200000|  0%| F|  |TAMS 0x0000000085100000, 0x0000000085100000| Untracked 
|  32|0x0000000085200000, 0x0000000085200000, 0x0000000085300000|  0%| F|  |TAMS 0x0000000085200000, 0x0000000085200000| Untracked 
|  33|0x0000000085300000, 0x0000000085300000, 0x0000000085400000|  0%| F|  |TAMS 0x0000000085300000, 0x0000000085300000| Untracked 
|  34|0x0000000085400000, 0x0000000085400000, 0x0000000085500000|  0%| F|  |TAMS 0x0000000085400000, 0x0000000085400000| Untracked 
|  35|0x0000000085500000, 0x0000000085500000, 0x0000000085600000|  0%| F|  |TAMS 0x0000000085500000, 0x0000000085500000| Untracked 
|  36|0x0000000085600000, 0x0000000085600000, 0x0000000085700000|  0%| F|  |TAMS 0x0000000085600000, 0x0000000085600000| Untracked 
|  37|0x0000000085700000, 0x0000000085700000, 0x0000000085800000|  0%| F|  |TAMS 0x0000000085700000, 0x0000000085700000| Untracked 
|  38|0x0000000085800000, 0x0000000085800000, 0x0000000085900000|  0%| F|  |TAMS 0x0000000085800000, 0x0000000085800000| Untracked 
|  39|0x0000000085900000, 0x0000000085900000, 0x0000000085a00000|  0%| F|  |TAMS 0x0000000085900000, 0x0000000085900000| Untracked 
|  40|0x0000000085a00000, 0x0000000085a00000, 0x0000000085b00000|  0%| F|  |TAMS 0x0000000085a00000, 0x0000000085a00000| Untracked 
|  41|0x0000000085b00000, 0x0000000085b00000, 0x0000000085c00000|  0%| F|  |TAMS 0x0000000085b00000, 0x0000000085b00000| Untracked 
|  42|0x0000000085c00000, 0x0000000085c00000, 0x0000000085d00000|  0%| F|  |TAMS 0x0000000085c00000, 0x0000000085c00000| Untracked 
|  43|0x0000000085d00000, 0x0000000085d00000, 0x0000000085e00000|  0%| F|  |TAMS 0x0000000085d00000, 0x0000000085d00000| Untracked 
|  44|0x0000000085e00000, 0x0000000085e00000, 0x0000000085f00000|  0%| F|  |TAMS 0x0000000085e00000, 0x0000000085e00000| Untracked 
|  45|0x0000000085f00000, 0x0000000085f00000, 0x0000000086000000|  0%| F|  |TAMS 0x0000000085f00000, 0x0000000085f00000| Untracked 
|  46|0x0000000086000000, 0x0000000086000000, 0x0000000086100000|  0%| F|  |TAMS 0x0000000086000000, 0x0000000086000000| Untracked 
|  47|0x0000000086100000, 0x0000000086100000, 0x0000000086200000|  0%| F|  |TAMS 0x0000000086100000, 0x0000000086100000| Untracked 
|  48|0x0000000086200000, 0x0000000086200000, 0x0000000086300000|  0%| F|  |TAMS 0x0000000086200000, 0x0000000086200000| Untracked 
|  49|0x0000000086300000, 0x0000000086300000, 0x0000000086400000|  0%| F|  |TAMS 0x0000000086300000, 0x0000000086300000| Untracked 
|  50|0x0000000086400000, 0x0000000086400000, 0x0000000086500000|  0%| F|  |TAMS 0x0000000086400000, 0x0000000086400000| Untracked 
|  51|0x0000000086500000, 0x0000000086500000, 0x0000000086600000|  0%| F|  |TAMS 0x0000000086500000, 0x0000000086500000| Untracked 
|  52|0x0000000086600000, 0x0000000086600000, 0x0000000086700000|  0%| F|  |TAMS 0x0000000086600000, 0x0000000086600000| Untracked 
|  53|0x0000000086700000, 0x0000000086700000, 0x0000000086800000|  0%| F|  |TAMS 0x0000000086700000, 0x0000000086700000| Untracked 
|  54|0x0000000086800000, 0x0000000086800000, 0x0000000086900000|  0%| F|  |TAMS 0x0000000086800000, 0x0000000086800000| Untracked 
|  55|0x0000000086900000, 0x0000000086900000, 0x0000000086a00000|  0%| F|  |TAMS 0x0000000086900000, 0x0000000086900000| Untracked 
|  56|0x0000000086a00000, 0x0000000086a00000, 0x0000000086b00000|  0%| F|  |TAMS 0x0000000086a00000, 0x0000000086a00000| Untracked 
|  57|0x0000000086b00000, 0x0000000086b00000, 0x0000000086c00000|  0%| F|  |TAMS 0x0000000086b00000, 0x0000000086b00000| Untracked 
|  58|0x0000000086c00000, 0x0000000086c00000, 0x0000000086d00000|  0%| F|  |TAMS 0x0000000086c00000, 0x0000000086c00000| Untracked 
|  59|0x0000000086d00000, 0x0000000086d00000, 0x0000000086e00000|  0%| F|  |TAMS 0x0000000086d00000, 0x0000000086d00000| Untracked 
|  60|0x0000000086e00000, 0x0000000086e00000, 0x0000000086f00000|  0%| F|  |TAMS 0x0000000086e00000, 0x0000000086e00000| Untracked 
|  61|0x0000000086f00000, 0x0000000086f00000, 0x0000000087000000|  0%| F|  |TAMS 0x0000000086f00000, 0x0000000086f00000| Untracked 
|  62|0x0000000087000000, 0x0000000087000000, 0x0000000087100000|  0%| F|  |TAMS 0x0000000087000000, 0x0000000087000000| Untracked 
|  63|0x0000000087100000, 0x0000000087100000, 0x0000000087200000|  0%| F|  |TAMS 0x0000000087100000, 0x0000000087100000| Untracked 
|  64|0x0000000087200000, 0x0000000087200000, 0x0000000087300000|  0%| F|  |TAMS 0x0000000087200000, 0x0000000087200000| Untracked 
|  65|0x0000000087300000, 0x0000000087300000, 0x0000000087400000|  0%| F|  |TAMS 0x0000000087300000, 0x0000000087300000| Untracked 
|  66|0x0000000087400000, 0x0000000087400000, 0x0000000087500000|  0%| F|  |TAMS 0x0000000087400000, 0x0000000087400000| Untracked 
|  67|0x0000000087500000, 0x0000000087500000, 0x0000000087600000|  0%| F|  |TAMS 0x0000000087500000, 0x0000000087500000| Untracked 
|  68|0x0000000087600000, 0x0000000087600000, 0x0000000087700000|  0%| F|  |TAMS 0x0000000087600000, 0x0000000087600000| Untracked 
|  69|0x0000000087700000, 0x0000000087700000, 0x0000000087800000|  0%| F|  |TAMS 0x0000000087700000, 0x0000000087700000| Untracked 
|  70|0x0000000087800000, 0x0000000087800000, 0x0000000087900000|  0%| F|  |TAMS 0x0000000087800000, 0x0000000087800000| Untracked 
|  71|0x0000000087900000, 0x0000000087900000, 0x0000000087a00000|  0%| F|  |TAMS 0x0000000087900000, 0x0000000087900000| Untracked 
|  72|0x0000000087a00000, 0x0000000087a00000, 0x0000000087b00000|  0%| F|  |TAMS 0x0000000087a00000, 0x0000000087a00000| Untracked 
|  73|0x0000000087b00000, 0x0000000087b00000, 0x0000000087c00000|  0%| F|  |TAMS 0x0000000087b00000, 0x0000000087b00000| Untracked 
|  74|0x0000000087c00000, 0x0000000087c00000, 0x0000000087d00000|  0%| F|  |TAMS 0x0000000087c00000, 0x0000000087c00000| Untracked 
|  75|0x0000000087d00000, 0x0000000087d00000, 0x0000000087e00000|  0%| F|  |TAMS 0x0000000087d00000, 0x0000000087d00000| Untracked 
|  76|0x0000000087e00000, 0x0000000087e00000, 0x0000000087f00000|  0%| F|  |TAMS 0x0000000087e00000, 0x0000000087e00000| Untracked 
|  77|0x0000000087f00000, 0x0000000087f00000, 0x0000000088000000|  0%| F|  |TAMS 0x0000000087f00000, 0x0000000087f00000| Untracked 
|  78|0x0000000088000000, 0x0000000088000000, 0x0000000088100000|  0%| F|  |TAMS 0x0000000088000000, 0x0000000088000000| Untracked 
|  79|0x0000000088100000, 0x0000000088100000, 0x0000000088200000|  0%| F|  |TAMS 0x0000000088100000, 0x0000000088100000| Untracked 
|  80|0x0000000088200000, 0x0000000088200000, 0x0000000088300000|  0%| F|  |TAMS 0x0000000088200000, 0x0000000088200000| Untracked 
|  81|0x0000000088300000, 0x0000000088300000, 0x0000000088400000|  0%| F|  |TAMS 0x0000000088300000, 0x0000000088300000| Untracked 
|  82|0x0000000088400000, 0x0000000088400000, 0x0000000088500000|  0%| F|  |TAMS 0x0000000088400000, 0x0000000088400000| Untracked 
|  83|0x0000000088500000, 0x0000000088500000, 0x0000000088600000|  0%| F|  |TAMS 0x0000000088500000, 0x0000000088500000| Untracked 
|  84|0x0000000088600000, 0x0000000088600000, 0x0000000088700000|  0%| F|  |TAMS 0x0000000088600000, 0x0000000088600000| Untracked 
|  85|0x0000000088700000, 0x0000000088700000, 0x0000000088800000|  0%| F|  |TAMS 0x0000000088700000, 0x0000000088700000| Untracked 
|  86|0x0000000088800000, 0x0000000088800000, 0x0000000088900000|  0%| F|  |TAMS 0x0000000088800000, 0x0000000088800000| Untracked 
|  87|0x0000000088900000, 0x0000000088900000, 0x0000000088a00000|  0%| F|  |TAMS 0x0000000088900000, 0x0000000088900000| Untracked 
|  88|0x0000000088a00000, 0x0000000088a00000, 0x0000000088b00000|  0%| F|  |TAMS 0x0000000088a00000, 0x0000000088a00000| Untracked 
|  89|0x0000000088b00000, 0x0000000088b00000, 0x0000000088c00000|  0%| F|  |TAMS 0x0000000088b00000, 0x0000000088b00000| Untracked 
|  90|0x0000000088c00000, 0x0000000088c00000, 0x0000000088d00000|  0%| F|  |TAMS 0x0000000088c00000, 0x0000000088c00000| Untracked 
|  91|0x0000000088d00000, 0x0000000088d00000, 0x0000000088e00000|  0%| F|  |TAMS 0x0000000088d00000, 0x0000000088d00000| Untracked 
|  92|0x0000000088e00000, 0x0000000088e00000, 0x0000000088f00000|  0%| F|  |TAMS 0x0000000088e00000, 0x0000000088e00000| Untracked 
|  93|0x0000000088f00000, 0x0000000088f00000, 0x0000000089000000|  0%| F|  |TAMS 0x0000000088f00000, 0x0000000088f00000| Untracked 
|  94|0x0000000089000000, 0x0000000089000000, 0x0000000089100000|  0%| F|  |TAMS 0x0000000089000000, 0x0000000089000000| Untracked 
|  95|0x0000000089100000, 0x0000000089100000, 0x0000000089200000|  0%| F|  |TAMS 0x0000000089100000, 0x0000000089100000| Untracked 
|  96|0x0000000089200000, 0x0000000089200000, 0x0000000089300000|  0%| F|  |TAMS 0x0000000089200000, 0x0000000089200000| Untracked 
|  97|0x0000000089300000, 0x0000000089300000, 0x0000000089400000|  0%| F|  |TAMS 0x0000000089300000, 0x0000000089300000| Untracked 
|  98|0x0000000089400000, 0x0000000089400000, 0x0000000089500000|  0%| F|  |TAMS 0x0000000089400000, 0x0000000089400000| Untracked 
|  99|0x0000000089500000, 0x0000000089500000, 0x0000000089600000|  0%| F|  |TAMS 0x0000000089500000, 0x0000000089500000| Untracked 
| 100|0x0000000089600000, 0x0000000089600000, 0x0000000089700000|  0%| F|  |TAMS 0x0000000089600000, 0x0000000089600000| Untracked 
| 101|0x0000000089700000, 0x0000000089700000, 0x0000000089800000|  0%| F|  |TAMS 0x0000000089700000, 0x0000000089700000| Untracked 
| 102|0x0000000089800000, 0x0000000089800000, 0x0000000089900000|  0%| F|  |TAMS 0x0000000089800000, 0x0000000089800000| Untracked 
| 103|0x0000000089900000, 0x0000000089900000, 0x0000000089a00000|  0%| F|  |TAMS 0x0000000089900000, 0x0000000089900000| Untracked 
| 104|0x0000000089a00000, 0x0000000089a00000, 0x0000000089b00000|  0%| F|  |TAMS 0x0000000089a00000, 0x0000000089a00000| Untracked 
| 105|0x0000000089b00000, 0x0000000089b00000, 0x0000000089c00000|  0%| F|  |TAMS 0x0000000089b00000, 0x0000000089b00000| Untracked 
| 106|0x0000000089c00000, 0x0000000089c00000, 0x0000000089d00000|  0%| F|  |TAMS 0x0000000089c00000, 0x0000000089c00000| Untracked 
| 107|0x0000000089d00000, 0x0000000089d00000, 0x0000000089e00000|  0%| F|  |TAMS 0x0000000089d00000, 0x0000000089d00000| Untracked 
| 108|0x0000000089e00000, 0x0000000089f00000, 0x0000000089f00000|100%| E|  |TAMS 0x0000000089e00000, 0x0000000089e00000| Complete 
| 109|0x0000000089f00000, 0x000000008a000000, 0x000000008a000000|100%| E|CS|TAMS 0x0000000089f00000, 0x0000000089f00000| Complete 
| 110|0x000000008a000000, 0x000000008a100000, 0x000000008a100000|100%| E|  |TAMS 0x000000008a000000, 0x000000008a000000| Complete 
| 111|0x000000008a100000, 0x000000008a200000, 0x000000008a200000|100%| E|CS|TAMS 0x000000008a100000, 0x000000008a100000| Complete 
| 112|0x000000008a200000, 0x000000008a300000, 0x000000008a300000|100%| E|CS|TAMS 0x000000008a200000, 0x000000008a200000| Complete 
| 113|0x000000008a300000, 0x000000008a400000, 0x000000008a400000|100%| E|CS|TAMS 0x000000008a300000, 0x000000008a300000| Complete 
| 114|0x000000008a400000, 0x000000008a500000, 0x000000008a500000|100%| E|CS|TAMS 0x000000008a400000, 0x000000008a400000| Complete 
| 115|0x000000008a500000, 0x000000008a600000, 0x000000008a600000|100%| E|CS|TAMS 0x000000008a500000, 0x000000008a500000| Complete 
| 116|0x000000008a600000, 0x000000008a700000, 0x000000008a700000|100%| E|CS|TAMS 0x000000008a600000, 0x000000008a600000| Complete 
| 117|0x000000008a700000, 0x000000008a800000, 0x000000008a800000|100%| E|CS|TAMS 0x000000008a700000, 0x000000008a700000| Complete 
| 118|0x000000008a800000, 0x000000008a900000, 0x000000008a900000|100%| E|CS|TAMS 0x000000008a800000, 0x000000008a800000| Complete 
| 119|0x000000008a900000, 0x000000008aa00000, 0x000000008aa00000|100%| E|CS|TAMS 0x000000008a900000, 0x000000008a900000| Complete 
| 120|0x000000008aa00000, 0x000000008ab00000, 0x000000008ab00000|100%| E|CS|TAMS 0x000000008aa00000, 0x000000008aa00000| Complete 
| 121|0x000000008ab00000, 0x000000008ac00000, 0x000000008ac00000|100%| E|CS|TAMS 0x000000008ab00000, 0x000000008ab00000| Complete 
| 122|0x000000008ac00000, 0x000000008ad00000, 0x000000008ad00000|100%| E|CS|TAMS 0x000000008ac00000, 0x000000008ac00000| Complete 
| 123|0x000000008ad00000, 0x000000008ae00000, 0x000000008ae00000|100%| E|CS|TAMS 0x000000008ad00000, 0x000000008ad00000| Complete 
| 124|0x000000008ae00000, 0x000000008af00000, 0x000000008af00000|100%| E|CS|TAMS 0x000000008ae00000, 0x000000008ae00000| Complete 
| 125|0x000000008af00000, 0x000000008b000000, 0x000000008b000000|100%| E|CS|TAMS 0x000000008af00000, 0x000000008af00000| Complete 

Card table byte_map: [0x00000294fa650000,0x00000294faa40000] _byte_map_base: 0x00000294fa237000

Marking Bits (Prev, Next): (CMBitMap*) 0x00000294efb1ec10, (CMBitMap*) 0x00000294efb1ec50
 Prev Bits: [0x00000294fae30000, 0x00000294fcd68000)
 Next Bits: [0x00000294fcd70000, 0x00000294feca8000)

Polling page: 0x00000294efbc0000

Metaspace:

Usage:
  Non-class:      7.18 MB capacity,     4.52 MB ( 63%) used,     2.65 MB ( 37%) free+waste,     3.56 KB ( <1%) overhead. 
      Class:    617.00 KB capacity,   326.14 KB ( 53%) used,   290.05 KB ( 47%) free+waste,   832 bytes ( <1%) overhead. 
       Both:      7.78 MB capacity,     4.84 MB ( 62%) used,     2.93 MB ( 38%) free+waste,     4.38 KB ( <1%) overhead. 

Virtual space:
  Non-class space:        8.00 MB reserved,       7.50 MB ( 94%) committed 
      Class space:        1.00 GB reserved,     640.00 KB ( <1%) committed 
             Both:        1.01 GB reserved,       8.13 MB ( <1%) committed 

Chunk freelists:
   Non-Class:  139.00 KB
       Class:  23.00 KB
        Both:  162.00 KB

MaxMetaspaceSize: 17179869184.00 GB
CompressedClassSpaceSize: 1.00 GB

CodeHeap 'non-profiled nmethods': size=120000Kb used=458Kb max_used=458Kb free=119541Kb
 bounds [0x0000029487ad0000, 0x0000029487d40000, 0x000002948f000000]
CodeHeap 'profiled nmethods': size=120000Kb used=2064Kb max_used=2064Kb free=117935Kb
 bounds [0x00000294805a0000, 0x0000029480810000, 0x0000029487ad0000]
CodeHeap 'non-nmethods': size=5760Kb used=1297Kb max_used=1325Kb free=4462Kb
 bounds [0x0000029480000000, 0x0000029480270000, 0x00000294805a0000]
 total_blobs=1817 nmethods=1239 adapters=491
 compilation: enabled
              stopped_count=0, restarted_count=0
 full_count=0

Compilation events (20 events):
Event: 14.513 Thread 0x00000294ff77cbd0 1229       4       java.nio.ByteBuffer::flip (7 bytes)
Event: 14.514 Thread 0x00000294ff77cbd0 nmethod 1229 0x0000029487b41690 code [0x0000029487b41800, 0x0000029487b41878]
Event: 14.897 Thread 0x00000294ff78e8d0 1230       3       com.badlogic.gdx.InputEventQueue::queueTime (22 bytes)
Event: 14.897 Thread 0x00000294ff78e8d0 nmethod 1230 0x00000294807a2790 code [0x00000294807a2940, 0x00000294807a2ad8]
Event: 15.514 Thread 0x00000294ff77cbd0 1232       4       com.badlogic.gdx.maps.MapLayer::getRenderOffsetX (16 bytes)
Event: 15.514 Thread 0x00000294ff77cbd0 nmethod 1232 0x0000029487b41d90 code [0x0000029487b41f00, 0x0000029487b41f78]
Event: 15.597 Thread 0x00000294ff77cbd0 1233   !   4       java.nio.DirectIntBufferU::put (36 bytes)
Event: 15.597 Thread 0x00000294ff77cbd0 nmethod 1233 0x0000029487b42090 code [0x0000029487b42200, 0x0000029487b422d8]
Event: 15.979 Thread 0x00000294ff78e8d0 1234       3       java.nio.ByteBuffer::clear (5 bytes)
Event: 15.979 Thread 0x00000294ff78e8d0 nmethod 1234 0x00000294807a2c10 code [0x00000294807a2dc0, 0x00000294807a2f88]
Event: 15.996 Thread 0x00000294ff78e8d0 1235       3       java.nio.HeapByteBuffer::putLong (32 bytes)
Event: 15.997 Thread 0x00000294ff78e8d0 nmethod 1235 0x00000294807a3010 code [0x00000294807a3200, 0x00000294807a36e8]
Event: 15.997 Thread 0x00000294ff78e8d0 1236       3       jdk.internal.misc.Unsafe::putLongUnaligned (14 bytes)
Event: 15.997 Thread 0x00000294ff78e8d0 nmethod 1236 0x00000294807a3910 code [0x00000294807a3ac0, 0x00000294807a3cc8]
Event: 16.071 Thread 0x00000294ff78e8d0 1237       3       org.lwjgl.opengl.WindowsKeyboard::isKeyPressed (13 bytes)
Event: 16.071 Thread 0x00000294ff78e8d0 nmethod 1237 0x00000294807a3e10 code [0x00000294807a3fa0, 0x00000294807a40d8]
Event: 16.552 Thread 0x00000294ff77cbd0 1238       4       jdk.internal.misc.Unsafe::checkOffset (32 bytes)
Event: 16.553 Thread 0x00000294ff77cbd0 nmethod 1238 0x0000029487b42410 code [0x0000029487b42580, 0x0000029487b42618]
Event: 19.802 Thread 0x00000294ff77cbd0 1239   !   4       java.nio.DirectIntBufferU::get (33 bytes)
Event: 19.803 Thread 0x00000294ff77cbd0 nmethod 1239 0x0000029487b42710 code [0x0000029487b42880, 0x0000029487b42958]

GC Heap History (0 events):
No events

Deoptimization events (20 events):
Event: 1.396 Thread 0x0000029491728e90 DEOPT PACKING pc=0x00000294806f3120 sp=0x000000a31abff080
Event: 1.396 Thread 0x0000029491728e90 DEOPT UNPACKING pc=0x000002948004f6cf sp=0x000000a31abfe618 mode 0
Event: 1.397 Thread 0x0000029491728e90 DEOPT PACKING pc=0x00000294806ec077 sp=0x000000a31abfef70
Event: 1.397 Thread 0x0000029491728e90 DEOPT UNPACKING pc=0x000002948004f6cf sp=0x000000a31abfe398 mode 0
Event: 1.428 Thread 0x0000029491728e90 DEOPT PACKING pc=0x00000294806f8852 sp=0x000000a31abff090
Event: 1.428 Thread 0x0000029491728e90 DEOPT UNPACKING pc=0x000002948004f6cf sp=0x000000a31abfe618 mode 0
Event: 1.446 Thread 0x0000029491728e90 DEOPT PACKING pc=0x00000294806f8852 sp=0x000000a31abff090
Event: 1.446 Thread 0x0000029491728e90 DEOPT UNPACKING pc=0x000002948004f6cf sp=0x000000a31abfe618 mode 0
Event: 1.462 Thread 0x0000029491728e90 DEOPT PACKING pc=0x00000294806f8852 sp=0x000000a31abff090
Event: 1.462 Thread 0x0000029491728e90 DEOPT UNPACKING pc=0x000002948004f6cf sp=0x000000a31abfe618 mode 0
Event: 1.463 Thread 0x0000029491728e90 DEOPT PACKING pc=0x00000294806f3120 sp=0x000000a31abff080
Event: 1.463 Thread 0x0000029491728e90 DEOPT UNPACKING pc=0x000002948004f6cf sp=0x000000a31abfe618 mode 0
Event: 1.495 Thread 0x0000029491728e90 DEOPT PACKING pc=0x00000294806f8852 sp=0x000000a31abff090
Event: 1.495 Thread 0x0000029491728e90 DEOPT UNPACKING pc=0x000002948004f6cf sp=0x000000a31abfe618 mode 0
Event: 1.512 Thread 0x0000029491728e90 DEOPT PACKING pc=0x00000294806f8852 sp=0x000000a31abff090
Event: 1.512 Thread 0x0000029491728e90 DEOPT UNPACKING pc=0x000002948004f6cf sp=0x000000a31abfe618 mode 0
Event: 2.831 Thread 0x0000029491728e90 Uncommon trap: trap_request=0xffffff45 fr.pc=0x0000029487b1cdec relative=0x00000000000000cc
Event: 2.831 Thread 0x0000029491728e90 Uncommon trap: reason=unstable_if action=reinterpret pc=0x0000029487b1cdec method=com.badlogic.gdx.graphics.glutils.ShapeRenderer.check(Lcom/badlogic/gdx/graphics/glutils/ShapeRenderer$ShapeType;Lcom/badlogic/gdx/graphics/glutils/ShapeRenderer$ShapeType;I
Event: 2.831 Thread 0x0000029491728e90 DEOPT PACKING pc=0x0000029487b1cdec sp=0x000000a31abfef70
Event: 2.831 Thread 0x0000029491728e90 DEOPT UNPACKING pc=0x000002948000852f sp=0x000000a31abfef10 mode 2

Classes unloaded (0 events):
No events

Classes redefined (0 events):
No events

Internal exceptions (2 events):
Event: 0.278 Thread 0x0000029491728e90 Exception <a 'org/lwjgl/LWJGLException'{0x000000008aa93138}: Failed to set device gamma.> (0x000000008aa93138) 
thrown [./src/hotspot/share/prims/jni.cpp, line 599]
Event: 16.118 Thread 0x0000029491728e90 Exception <a 'org/lwjgl/LWJGLException'{0x0000000089eada98}: Failed to set device gamma.> (0x0000000089eada98) 
thrown [./src/hotspot/share/prims/jni.cpp, line 599]

Events (20 events):
Event: 1.496 Loaded shared library C:\Users\spenc\AppData\Local\Temp\libgdxspenc\1cecf4f6\lwjgl64.dll
Event: 1.514 Loaded shared library C:\Users\spenc\AppData\Local\Temp\libgdxspenc\1cecf4f6\lwjgl64.dll
Event: 1.515 Loaded shared library C:\Users\spenc\AppData\Local\Temp\libgdxspenc\1cecf4f6\lwjgl64.dll
Event: 1.749 Loaded shared library C:\Program Files\Zulu\zulu-15\bin\java.dll
Event: 1.863 Loaded shared library C:\Users\spenc\AppData\Local\Temp\libgdxspenc\1cecf4f6\lwjgl64.dll
Event: 2.213 Loaded shared library C:\Users\spenc\AppData\Local\Temp\libgdxspenc\1cecf4f6\lwjgl64.dll
Event: 2.432 Loaded shared library C:\Users\spenc\AppData\Local\Temp\libgdxspenc\1cecf4f6\lwjgl64.dll
Event: 2.746 Loaded shared library C:\Program Files\Zulu\zulu-15\bin\java.dll
Event: 2.764 Loaded shared library C:\Users\spenc\AppData\Local\Temp\libgdxspenc\1cecf4f6\lwjgl64.dll
Event: 2.764 Loaded shared library C:\Users\spenc\AppData\Local\Temp\libgdxspenc\1cecf4f6\lwjgl64.dll
Event: 2.863 Loaded shared library C:\Users\spenc\AppData\Local\Temp\libgdxspenc\1cecf4f6\lwjgl64.dll
Event: 3.281 Loaded shared library C:\Users\spenc\AppData\Local\Temp\libgdxspenc\1cecf4f6\lwjgl64.dll
Event: 3.281 Loaded shared library C:\Users\spenc\AppData\Local\Temp\libgdxspenc\1cecf4f6\lwjgl64.dll
Event: 4.564 Loaded shared library C:\Users\spenc\AppData\Local\Temp\libgdxspenc\1cecf4f6\lwjgl64.dll
Event: 4.564 Loaded shared library C:\Users\spenc\AppData\Local\Temp\libgdxspenc\1cecf4f6\lwjgl64.dll
Event: 5.379 Loaded shared library C:\Users\spenc\AppData\Local\Temp\libgdxspenc\1cecf4f6\lwjgl64.dll
Event: 9.647 Loaded shared library C:\Users\spenc\AppData\Local\Temp\libgdxspenc\e1cd32f8\gdx64.dll
Event: 9.664 Loaded shared library C:\Users\spenc\AppData\Local\Temp\libgdxspenc\1cecf4f6\lwjgl64.dll
Event: 9.664 Loaded shared library C:\Users\spenc\AppData\Local\Temp\libgdxspenc\1cecf4f6\lwjgl64.dll
Event: 15.030 Loaded shared library C:\Users\spenc\AppData\Local\Temp\libgdxspenc\1cecf4f6\lwjgl64.dll


Dynamic libraries:
0x00007ff6f7be0000 - 0x00007ff6f7bed000 	C:\Program Files\Zulu\zulu-15\bin\java.exe
0x00007ffb0eff0000 - 0x00007ffb0f1e5000 	C:\Windows\SYSTEM32\ntdll.dll
0x00007ffb0e010000 - 0x00007ffb0e0ce000 	C:\Windows\System32\KERNEL32.DLL
0x00007ffb0caa0000 - 0x00007ffb0cd68000 	C:\Windows\System32\KERNELBASE.dll
0x00007ffb0ce40000 - 0x00007ffb0cf40000 	C:\Windows\System32\ucrtbase.dll
0x00007ffae3990000 - 0x00007ffae39a8000 	C:\Program Files\Zulu\zulu-15\bin\jli.dll
0x00007ffae3820000 - 0x00007ffae3835000 	C:\Program Files\Zulu\zulu-15\bin\VCRUNTIME140.dll
0x00007ffb0de60000 - 0x00007ffb0e001000 	C:\Windows\System32\USER32.dll
0x00007ffb0c910000 - 0x00007ffb0c932000 	C:\Windows\System32\win32u.dll
0x00007ffb0de20000 - 0x00007ffb0de4b000 	C:\Windows\System32\GDI32.dll
0x00007ffb0c7b0000 - 0x00007ffb0c8bd000 	C:\Windows\System32\gdi32full.dll
0x00007ffb0cd70000 - 0x00007ffb0ce0d000 	C:\Windows\System32\msvcp_win.dll
0x00007ffaf5a40000 - 0x00007ffaf5cda000 	C:\Windows\WinSxS\amd64_microsoft.windows.common-controls_6595b64144ccf1df_6.0.19041.1110_none_60b5254171f9507e\COMCTL32.dll
0x00007ffb0d0d0000 - 0x00007ffb0d16e000 	C:\Windows\System32\msvcrt.dll
0x00007ffb0ef80000 - 0x00007ffb0efb0000 	C:\Windows\System32\IMM32.DLL
0x00007ffae1b40000 - 0x00007ffae1bdb000 	C:\Program Files\Zulu\zulu-15\bin\msvcp140.dll
0x00007ffa7c610000 - 0x00007ffa7d1a2000 	C:\Program Files\Zulu\zulu-15\bin\server\jvm.dll
0x00007ffb0e1a0000 - 0x00007ffb0e24c000 	C:\Windows\System32\ADVAPI32.dll
0x00007ffb0e450000 - 0x00007ffb0e4eb000 	C:\Windows\System32\sechost.dll
0x00007ffb0e320000 - 0x00007ffb0e44a000 	C:\Windows\System32\RPCRT4.dll
0x00007ffb0e0d0000 - 0x00007ffb0e0d8000 	C:\Windows\System32\PSAPI.DLL
0x00007ffaf8f40000 - 0x00007ffaf8f4a000 	C:\Windows\SYSTEM32\VERSION.dll
0x00007ffa974a0000 - 0x00007ffa974a9000 	C:\Windows\SYSTEM32\WSOCK32.dll
0x00007ffae7d00000 - 0x00007ffae7d27000 	C:\Windows\SYSTEM32\WINMM.dll
0x00007ffb0e4f0000 - 0x00007ffb0e55b000 	C:\Windows\System32\WS2_32.dll
0x00007ffb0af80000 - 0x00007ffb0af92000 	C:\Windows\SYSTEM32\kernel.appcore.dll
0x00007ffaf0320000 - 0x00007ffaf032a000 	C:\Program Files\Zulu\zulu-15\bin\jimage.dll
0x00007ffb0a350000 - 0x00007ffb0a534000 	C:\Windows\SYSTEM32\DBGHELP.DLL
0x00007ffaf0b40000 - 0x00007ffaf0b6c000 	C:\Windows\SYSTEM32\dbgcore.DLL
0x00007ffb0cfa0000 - 0x00007ffb0d022000 	C:\Windows\System32\bcryptPrimitives.dll
0x00007ffae30a0000 - 0x00007ffae30c5000 	C:\Program Files\Zulu\zulu-15\bin\java.dll
0x00007ffb0d620000 - 0x00007ffb0dd64000 	C:\Windows\System32\SHELL32.dll
0x00007ffb0a7d0000 - 0x00007ffb0af64000 	C:\Windows\SYSTEM32\windows.storage.dll
0x00007ffb0d170000 - 0x00007ffb0d4c5000 	C:\Windows\System32\combase.dll
0x00007ffb0c150000 - 0x00007ffb0c17e000 	C:\Windows\SYSTEM32\Wldp.dll
0x00007ffb0dd70000 - 0x00007ffb0de1d000 	C:\Windows\System32\SHCORE.dll
0x00007ffb0d4d0000 - 0x00007ffb0d525000 	C:\Windows\System32\shlwapi.dll
0x00007ffb0c640000 - 0x00007ffb0c65f000 	C:\Windows\SYSTEM32\profapi.dll
0x00007ffae36f0000 - 0x00007ffae3709000 	C:\Program Files\Zulu\zulu-15\bin\net.dll
0x00007ffb06d40000 - 0x00007ffb06e4c000 	C:\Windows\SYSTEM32\WINHTTP.dll
0x00007ffb0beb0000 - 0x00007ffb0bf1a000 	C:\Windows\system32\mswsock.dll
0x00007ffae3690000 - 0x00007ffae36a2000 	C:\Program Files\Zulu\zulu-15\bin\nio.dll
0x00007ffae3520000 - 0x00007ffae3538000 	C:\Program Files\Zulu\zulu-15\bin\zip.dll
0x000000006e700000 - 0x000000006e72a000 	C:\Users\spenc\AppData\Local\Temp\libgdxspenc\e1cd32f8\gdx64.dll
0x00007ffae7e80000 - 0x00007ffae7e90000 	C:\Program Files\Zulu\zulu-15\bin\verify.dll
0x0000000180000000 - 0x0000000180053000 	C:\Users\spenc\AppData\Local\Temp\libgdxspenc\1cecf4f6\lwjgl64.dll
0x00007ffad4dd0000 - 0x00007ffad4ef5000 	C:\Windows\SYSTEM32\OPENGL32.dll
0x00007ffad56f0000 - 0x00007ffad571c000 	C:\Windows\SYSTEM32\GLU32.dll
0x0000029491d40000 - 0x0000029491da4000 	C:\Users\spenc\AppData\Local\Temp\libgdxspenc\1cecf4f6\OpenAL64.dll
0x00007ffb0e6e0000 - 0x00007ffb0e80a000 	C:\Windows\System32\ole32.dll
0x00007ffb09c80000 - 0x00007ffb09d1e000 	C:\Windows\system32\uxtheme.dll
0x00007ffb0eed0000 - 0x00007ffb0ef79000 	C:\Windows\System32\clbcatq.dll
0x00007ffae1150000 - 0x00007ffae11ec000 	C:\Windows\SYSTEM32\dsound.dll
0x00007ffaf09a0000 - 0x00007ffaf09c6000 	C:\Windows\SYSTEM32\winmmbase.dll
0x00007ffb0bc70000 - 0x00007ffb0bcbb000 	C:\Windows\SYSTEM32\powrprof.dll
0x00007ffb0bb30000 - 0x00007ffb0bb42000 	C:\Windows\SYSTEM32\UMPDC.dll
0x00007ffaffc30000 - 0x00007ffaffcb5000 	C:\Windows\System32\MMDevApi.dll
0x00007ffb0c4a0000 - 0x00007ffb0c4d4000 	C:\Windows\System32\DEVOBJ.dll
0x00007ffb0c8c0000 - 0x00007ffb0c90e000 	C:\Windows\System32\cfgmgr32.dll
0x00007ffaffd40000 - 0x00007ffaffec1000 	C:\Windows\SYSTEM32\AUDIOSES.DLL
0x00007ffb0e250000 - 0x00007ffb0e31d000 	C:\Windows\System32\OLEAUT32.dll
0x00007ffb09e50000 - 0x00007ffb09e64000 	C:\Windows\SYSTEM32\resourcepolicyclient.dll
0x00007ffb05e90000 - 0x00007ffb05f3e000 	C:\Windows\SYSTEM32\mscms.dll
0x00007ffb0c600000 - 0x00007ffb0c62e000 	C:\Windows\SYSTEM32\USERENV.dll
0x00007ffb05e70000 - 0x00007ffb05e81000 	C:\Windows\SYSTEM32\ColorAdapterClient.dll
0x00007ffb0e5c0000 - 0x00007ffb0e6d5000 	C:\Windows\System32\MSCTF.dll
0x00007ffafc260000 - 0x00007ffafc359000 	C:\Windows\SYSTEM32\textinputframework.dll
0x00007ffb09250000 - 0x00007ffb095ae000 	C:\Windows\System32\CoreUIComponents.dll
0x00007ffb095b0000 - 0x00007ffb096a2000 	C:\Windows\System32\CoreMessaging.dll
0x00007ffb08950000 - 0x00007ffb08aa4000 	C:\Windows\SYSTEM32\wintypes.dll
0x00007ffb0b3f0000 - 0x00007ffb0b423000 	C:\Windows\SYSTEM32\ntmarta.dll
0x00007ffadd780000 - 0x00007ffadd7e6000 	C:\Windows\system32\Oleacc.dll
0x00007ffb00080000 - 0x00007ffb00179000 	C:\Windows\System32\AppXDeploymentClient.dll
0x00007ffa745e0000 - 0x00007ffa755e6000 	C:\Windows\System32\DriverStore\FileRepository\iigd_dch.inf_amd64_fe923c94e9ba883c\igxelpicd64.dll
0x00007ffb09e70000 - 0x00007ffb09e9f000 	C:\Windows\system32\dwmapi.dll
0x00007ffb0aff0000 - 0x00007ffb0b0e4000 	C:\Windows\system32\dxgi.dll
0x00007ffa813e0000 - 0x00007ffa8187e000 	C:\Windows\System32\DriverStore\FileRepository\iigd_dch.inf_amd64_fe923c94e9ba883c\igdml64.dll
0x00007ffafc790000 - 0x00007ffafcb51000 	C:\Windows\System32\DriverStore\FileRepository\iigd_dch.inf_amd64_fe923c94e9ba883c\igdgmm64.dll
0x00007ffae5680000 - 0x00007ffae56c3000 	C:\Windows\SYSTEM32\icm32.dll
0x00007ffaf5ce0000 - 0x00007ffaf8f40000 	C:\Windows\System32\DriverStore\FileRepository\iigd_dch.inf_amd64_fe923c94e9ba883c\igc64.dll
0x0000000066b00000 - 0x0000000066b5b000 	C:\Users\spenc\AppData\Local\Temp\libgdxspenc\a14961b7\gdx-box2d64.dll

dbghelp: loaded successfully - version: 4.0.5 - missing functions: none
symbol engine: initialized successfully - sym options: 0x614 - pdb path: .;C:\Program Files\Zulu\zulu-15\bin;C:\Windows\SYSTEM32;C:\Windows\WinSxS\amd64_microsoft.windows.common-controls_6595b64144ccf1df_6.0.19041.1110_none_60b5254171f9507e;C:\Program Files\Zulu\zulu-15\bin\server;C:\Users\spenc\AppData\Local\Temp\libgdxspenc\e1cd32f8;C:\Users\spenc\AppData\Local\Temp\libgdxspenc\1cecf4f6;C:\Windows\System32\DriverStore\FileRepository\iigd_dch.inf_amd64_fe923c94e9ba883c;C:\Users\spenc\AppData\Local\Temp\libgdxspenc\a14961b7

VM Arguments:
jvm_args: -Dfile.encoding=windows-1252 -Duser.country=CA -Duser.language=en -Duser.variant 
java_command: com.mygdx.game.desktop.DesktopLauncher
java_class_path (initial): C:\Users\spenc\OneDrive\Documents\GitHub\PortalGame\PortalGame\desktop\build\classes\java\main;C:\Users\spenc\OneDrive\Documents\GitHub\PortalGame\PortalGame\desktop\build\resources\main;C:\Users\spenc\.gradle\caches\modules-2\files-2.1\com.badlogicgames.gdx\gdx-tools\1.10.0\d699cf4953fb42a071c7c3feb9b5c45601aa6a4b\gdx-tools-1.10.0.jar;C:\Users\spenc\.gradle\caches\modules-2\files-2.1\com.badlogicgames.gdx\gdx-backend-lwjgl\1.10.0\58ff89d9e4fd8a82591367f187d606e781cacc05\gdx-backend-lwjgl-1.10.0.jar;C:\Users\spenc\.gradle\caches\modules-2\files-2.1\com.badlogicgames.gdx\gdx-platform\1.10.0\9a8fa793d2fd6d360afc6c9e4c1f5583da263b88\gdx-platform-1.10.0-natives-desktop.jar;C:\Users\spenc\.gradle\caches\modules-2\files-2.1\com.badlogicgames.gdx\gdx-box2d-platform\1.10.0\588c4191c5a64ed39365e71484aa37d81c38eb5e\gdx-box2d-platform-1.10.0-natives-desktop.jar;C:\Users\spenc\.gradle\caches\modules-2\files-2.1\com.badlogicgames.gdx\gdx-bullet-platform\1.10.0\ce92e8dfc762523d769cbc50853163c03bf98cf1\gdx-bullet-platform-1.10.0-natives-desktop.jar;C:\Users\spenc\.gradle\caches\modules-2\files-2.1\com.badlogicgames.gdx\gdx-freetype-platform\1.10.0\6e5d28752759e69384f12e4569d2c884ff71352f\gdx-freetype-platform-1.10.0-natives-desktop.jar;C:\Users\spenc\OneDrive\Documents\GitHub\PortalGame\PortalGame\core\build\libs\core-1.0.jar;C:\Users\spenc\.gradle\caches\modules-2\files-2.1\com.badlogicgames.gdx\gdx-backend-headless\1.10.0\990eadbb431197c5b9b816d1659c772e0268e65\gdx-backend-headless-1.10.0.jar;C:\Users\spenc\.gradle\caches\modules-2\files-2.1\com.badlogicgames.gdx\gdx-freetype\1.10.0\de1d0d5c1e92e8d91364256fd6b7bb279d3e9859\gdx-freetype-1.10.0.jar;C:\Users\spenc\.gradle\caches\modules-2\files-2.1\com.badlogicgames.box2dlights\box2dlights\1.5\6902dbcd250c95a27973aa24a147a95b3828d348\box2dlights-1.5.jar;C:\Users\spenc\.gradle\caches\modules-2\files-2.1\com.badlogicgames.gdx\gdx-box2d\1.10.0\b3a3c0f00b90716238835434d0ae8985604c37f8\gdx-box2d-1.10.0.jar;C
Launcher Type: SUN_STANDARD

[Global flags]
     intx CICompilerCount                          = 4                                         {product} {ergonomic}
     uint ConcGCThreads                            = 2                                         {product} {ergonomic}
     uint G1ConcRefinementThreads                  = 8                                         {product} {ergonomic}
   size_t G1HeapRegionSize                         = 1048576                                   {product} {ergonomic}
    uintx GCDrainStackTargetSize                   = 64                                        {product} {ergonomic}
   size_t InitialHeapSize                          = 132120576                                 {product} {ergonomic}
   size_t MarkStackSize                            = 4194304                                   {product} {ergonomic}
   size_t MaxHeapSize                              = 2095054848                                {product} {ergonomic}
   size_t MaxNewSize                               = 1256194048                                {product} {ergonomic}
   size_t MinHeapDeltaBytes                        = 1048576                                   {product} {ergonomic}
   size_t MinHeapSize                              = 8388608                                   {product} {ergonomic}
    uintx NonNMethodCodeHeapSize                   = 5839372                                {pd product} {ergonomic}
    uintx NonProfiledCodeHeapSize                  = 122909434                              {pd product} {ergonomic}
    uintx ProfiledCodeHeapSize                     = 122909434                              {pd product} {ergonomic}
    uintx ReservedCodeCacheSize                    = 251658240                              {pd product} {ergonomic}
     bool SegmentedCodeCache                       = true                                      {product} {ergonomic}
   size_t SoftMaxHeapSize                          = 2095054848                             {manageable} {ergonomic}
     bool UseCompressedClassPointers               = true                                 {lp64_product} {ergonomic}
     bool UseCompressedOops                        = true                                 {lp64_product} {ergonomic}
     bool UseG1GC                                  = true                                      {product} {ergonomic}
     bool UseLargePagesIndividualAllocation        = false                                  {pd product} {ergonomic}

Logging:
Log output configuration:
 #0: stdout all=warning uptime,level,tags
 #1: stderr all=off uptime,level,tags

Environment Variables:
JAVA_HOME=C:\Program Files\Java\jdk1.8.0_311
PATH=C:\Program Files\Zulu\zulu-15\bin\;C:\Program Files (x86)\Common Files\Oracle\Java\javapath;C:\Windows\system32;C:\Windows;C:\Windows\System32\Wbem;C:\Windows\System32\WindowsPowerShell\v1.0\;C:\Windows\System32\OpenSSH\;C:\Program Files\Git\cmd;C:\Users\spenc\AppData\Local\Microsoft\WindowsApps;C:\Users\spenc\AppData\Local\GitHubDesktop\bin;C:\Program Files\JetBrains\IntelliJ IDEA Community Edition 2021.3\bin;
USERNAME=spenc
OS=Windows_NT
PROCESSOR_IDENTIFIER=Intel64 Family 6 Model 140 Stepping 1, GenuineIntel



---------------  S Y S T E M  ---------------

OS:
 Windows 10 , 64 bit Build 19041 (10.0.19041.1348)
OS uptime: 10 days 23:00 hours

CPU: total 8 (initial active 8) (4 cores per cpu, 2 threads per core) family 6 model 140 stepping 1 microcode 0x78, cmov, cx8, fxsr, mmx, sse, sse2, sse3, ssse3, sse4.1, sse4.2, popcnt, vzeroupper, avx, avx2, aes, clmul, erms, 3dnowpref, lzcnt, ht, tsc, tscinvbit, bmi1, bmi2, adx, avx512f, avx512dq, avx512cd, avx512bw, avx512vl, avx512_vpopcntdq, avx512_vpclmulqdq, avx512_vbmi, avx512_vbmi2, avx512_vaes, avx512_vnni, sha, fma, clflush, clflushopt, clwb

Memory: 4k page, system-wide physical 7987M (611M free)
TotalPageFile size 30824M (AvailPageFile size 12450M)
current process WorkingSet (physical memory assigned to process): 164M, peak: 185M
current process commit charge ("private bytes"): 287M, peak: 309M

vm_info: OpenJDK 64-Bit Server VM (15.0.5+3-MTS) for windows-amd64 JRE (15.0.5+3-MTS) (Zulu15.36+13-CA), built on Oct  8 2021 11:07:26 by "zulu_re" with MS VC++ 15.9 (VS2017)

END.
