#
# A fatal error has been detected by the Java Runtime Environment:
#
#  EXCEPTION_ACCESS_VIOLATION (0xc0000005) at pc=0x0000000066b0cfa7, pid=16628, tid=13268
#
# JRE version: OpenJDK Runtime Environment Zulu15.36+13-CA (15.0.5+3) (build 15.0.5+3-MTS)
# Java VM: OpenJDK 64-Bit Server VM Zulu15.36+13-CA (15.0.5+3-MTS, mixed mode, sharing, tiered, compressed oops, g1 gc, windows-amd64)
# Problematic frame:
# C  [gdx-box2d64.dll+0xcfa7]
#
# No core dump will be written. Minidumps are not enabled by default on client versions of Windows
#
# If you would like to submit a bug report, please visit:
#   http://www.azul.com/support/
# The crash happened outside the Java Virtual Machine in native code.
# See problematic frame for where to report the bug.
#

---------------  S U M M A R Y ------------

Command Line: -Dfile.encoding=windows-1252 -Duser.country=CA -Duser.language=en -Duser.variant com.mygdx.game.desktop.DesktopLauncher

Host: Intel(R) Core(TM) i7-8665U CPU @ 1.90GHz, 8 cores, 15G,  Windows 10 , 64 bit Build 18362 (10.0.18362.1110)
Time: Tue Jan  4 19:30:45 2022 Eastern Standard Time elapsed time: 37.205277 seconds (0d 0h 0m 37s)

---------------  T H R E A D  ---------------

Current thread (0x000002795db0d940):  JavaThread "LWJGL Application" [_thread_in_native, id=13268, stack(0x000000c7a2b00000,0x000000c7a2c00000)]

Stack: [0x000000c7a2b00000,0x000000c7a2c00000],  sp=0x000000c7a2bfeb30,  free space=1018k
Native frames: (J=compiled Java code, j=interpreted, Vv=VM code, C=native code)
C  [gdx-box2d64.dll+0xcfa7]

Java frames: (J=compiled Java code, j=interpreted, Vv=VM code)
j  com.badlogic.gdx.physics.box2d.World.jniDestroyBody(JJ)V+0
j  com.badlogic.gdx.physics.box2d.World.destroyBody(Lcom/badlogic/gdx/physics/box2d/Body;)V+42
j  com.mygdx.game.Entity.dispose()V+8
j  com.mygdx.game.MyGdxGame.dispose()V+82
j  com.badlogic.gdx.backends.lwjgl.LwjglApplication.mainLoop()V+924
j  com.badlogic.gdx.backends.lwjgl.LwjglApplication$1.run()V+27
v  ~StubRoutines::call_stub

siginfo: EXCEPTION_ACCESS_VIOLATION (0xc0000005), reading address 0x0000000000000008


Register to memory mapping:

RIP=0x0000000066b0cfa7 gdx-box2d64.dll
RAX=0x0 is NULL
RBX=0x000002796befa620 points into unknown readable memory: 0x0000000066b48700 | 00 87 b4 66 00 00 00 00
RCX=0x0000000000000036 is an unknown value
RDX=0x000002795e876300 points into unknown readable memory: 0x0000027941200000 | 00 00 20 41 79 02 00 00
RSP=0x000000c7a2bfeb30 is pointing into the stack for thread: 0x000002795db0d940
RBP=0x000002795e81e5b0 points into unknown readable memory: 0x00000279372b0150 | 50 01 2b 37 79 02 00 00
RSI=0x000002795e837850 points into unknown readable memory: 0x0000000000000010 | 10 00 00 00 00 00 00 00
RDI=0x000002796befa620 points into unknown readable memory: 0x0000000066b48700 | 00 87 b4 66 00 00 00 00
R8 =0x000002795e8727d0 points into unknown readable memory: 0x0000003600000002 | 02 00 00 00 36 00 00 00
R9 =0x0000000000000004 is an unknown value
R10=0x000002795dd08880 points into unknown readable memory: 0x0000001e00000003 | 03 00 00 00 1e 00 00 00
R11=0x000000c7a2bfeb20 is pointing into the stack for thread: 0x000002795db0d940
R12=0x0 is NULL
R13={method} {0x000002795d2262d0} 'jniDestroyBody' '(JJ)V' in 'com/badlogic/gdx/physics/box2d/World'
R14=0x000000c7a2bfed78 is pointing into the stack for thread: 0x000002795db0d940
R15=0x000002795db0d940 is a thread


Registers:
RAX=0x0000000000000000, RBX=0x000002796befa620, RCX=0x0000000000000036, RDX=0x000002795e876300
RSP=0x000000c7a2bfeb30, RBP=0x000002795e81e5b0, RSI=0x000002795e837850, RDI=0x000002796befa620
R8 =0x000002795e8727d0, R9 =0x0000000000000004, R10=0x000002795dd08880, R11=0x000000c7a2bfeb20
R12=0x0000000000000000, R13=0x000002795d2262c8, R14=0x000000c7a2bfed78, R15=0x000002795db0d940
RIP=0x0000000066b0cfa7, EFLAGS=0x0000000000010202

Top of Stack: (sp=0x000000c7a2bfeb30)
0x000000c7a2bfeb30:   0000000000000000 0000000066b3d36c
0x000000c7a2bfeb40:   000002796befa620 000002795e872110
0x000000c7a2bfeb50:   000002795e837850 000002796befa620
0x000000c7a2bfeb60:   000002795e837850 000002795e8727d0
0x000000c7a2bfeb70:   000002795e872110 0000000066b1f39f
0x000000c7a2bfeb80:   000002795db0d940 fffffffe00000000
0x000000c7a2bfeb90:   0000000000000000 000002796befa620
0x000000c7a2bfeba0:   000002795cff5820 000002796befa740
0x000000c7a2bfebb0:   000002795e81e5b0 000002795e8727d0
0x000000c7a2bfebc0:   000002795e837850 0000000066b215d3
0x000000c7a2bfebd0:   000002795db0d940 000000c7a2bfee58
0x000000c7a2bfebe0:   000002795cff5820 0000000000000000
0x000000c7a2bfebf0:   000002795e81e5b0 000002795e8727d0
0x000000c7a2bfec00:   000000000002535c 000000c7a2bfed38
0x000000c7a2bfec10:   0000000000000000 0000000066b26a9d
0x000000c7a2bfec20:   000002795d440350 00000000000003d8 

Instructions: (pc=0x0000000066b0cfa7)
0x0000000066b0cea7:   e0 05 48 8d 04 d0 48 8d 15 8c 34 04 00 48 01 d0
0x0000000066b0ceb7:   4c 8b 10 4d 85 d2 0f 84 8e 00 00 00 80 78 10 00
0x0000000066b0cec7:   4c 89 b4 24 80 00 00 00 75 1f 41 89 e9 4d 89 e8
0x0000000066b0ced7:   89 fa 4c 89 e1 48 83 c4 20 5b 5e 5f 5d 41 5c 41
0x0000000066b0cee7:   5d 41 5e 49 ff e2 0f 1f 00 41 89 f9 4d 89 e0 89
0x0000000066b0cef7:   ea 4c 89 e9 eb df 0f 1f 00 48 8d 15 79 50 03 00
0x0000000066b0cf07:   48 8d 0d 12 51 03 00 41 b8 51 00 00 00 e8 b7 96
0x0000000066b0cf17:   02 00 e9 7f ff ff ff 66 90 48 8d 15 59 50 03 00
0x0000000066b0cf27:   48 8d 0d c2 50 03 00 41 b8 50 00 00 00 e8 97 96
0x0000000066b0cf37:   02 00 e9 5a ff ff ff 66 90 e8 fb fc ff ff c6 05
0x0000000066b0cf47:   d4 33 04 00 01 e9 2d ff ff ff 31 c0 48 83 c4 20
0x0000000066b0cf57:   5b 5e 5f 5d 41 5c 41 5d 41 5e c3 0f 1f 40 00 66
0x0000000066b0cf67:   2e 0f 1f 84 00 00 00 00 00 55 57 56 53 48 83 ec
0x0000000066b0cf77:   28 80 3d a1 33 04 00 00 48 89 cf 48 89 d5 0f 84
0x0000000066b0cf87:   f5 00 00 00 8b 8f b4 00 00 00 48 8b 47 60 48 8b
0x0000000066b0cf97:   57 68 85 c9 7e 06 80 78 3a 00 74 50 48 8b 40 18
0x0000000066b0cfa7:   48 63 58 08 48 8b 42 18 8b 70 08 85 db 0f 88 8a
0x0000000066b0cfb7:   00 00 00 83 fe 03 0f 8f 81 00 00 00 48 63 c6 48
0x0000000066b0cfc7:   89 f9 48 8d 14 40 48 8d 04 5b 48 c1 e0 05 48 8d
0x0000000066b0cfd7:   04 d0 48 8d 15 60 33 04 00 48 8b 44 02 08 48 89
0x0000000066b0cfe7:   ea 48 83 c4 28 5b 5e 5f 5d 48 ff e0 80 7a 3a 00
0x0000000066b0cff7:   75 aa 4c 8b 40 10 41 0f b7 48 04 f6 c1 02 75 13
0x0000000066b0d007:   83 c9 02 41 c7 80 ac 00 00 00 00 00 00 00 66 41
0x0000000066b0d017:   89 48 04 4c 8b 42 10 41 0f b7 48 04 f6 c1 02 0f
0x0000000066b0d027:   85 77 ff ff ff 83 c9 02 41 c7 80 ac 00 00 00 00
0x0000000066b0d037:   00 00 00 66 41 89 48 04 e9 5f ff ff ff 48 8d 15
0x0000000066b0d047:   35 4f 03 00 48 8d 0d 16 50 03 00 41 b8 77 00 00
0x0000000066b0d057:   00 e8 73 95 02 00 48 8d 15 1c 4f 03 00 48 8d 0d
0x0000000066b0d067:   fd 4f 03 00 41 b8 78 00 00 00 e8 5a 95 02 00 e9
0x0000000066b0d077:   48 ff ff ff 0f 1f 44 00 00 48 8d 15 f9 4e 03 00
0x0000000066b0d087:   48 8d 0d bd 4f 03 00 41 b8 67 00 00 00 e8 37 95
0x0000000066b0d097:   02 00 e9 ed fe ff ff 66 90 48 83 ec 38 48 8d 05 


Stack slot to memory mapping:
stack at sp + 0 slots: 0x0 is NULL
stack at sp + 1 slots: 0x0000000066b3d36c gdx-box2d64.dll
stack at sp + 2 slots: 0x000002796befa620 points into unknown readable memory: 0x0000000066b48700 | 00 87 b4 66 00 00 00 00
stack at sp + 3 slots: 0x000002795e872110 points into unknown readable memory: 0x0000002600000000 | 00 00 00 00 26 00 00 00
stack at sp + 4 slots: 0x000002795e837850 points into unknown readable memory: 0x0000000000000010 | 10 00 00 00 00 00 00 00
stack at sp + 5 slots: 0x000002796befa620 points into unknown readable memory: 0x0000000066b48700 | 00 87 b4 66 00 00 00 00
stack at sp + 6 slots: 0x000002795e837850 points into unknown readable memory: 0x0000000000000010 | 10 00 00 00 00 00 00 00
stack at sp + 7 slots: 0x000002795e8727d0 points into unknown readable memory: 0x0000003600000002 | 02 00 00 00 36 00 00 00


---------------  P R O C E S S  ---------------

Threads class SMR info:
_java_thread_list=0x000002796a32bdb0, length=13, elements={
0x000002795d3c2840, 0x000002795d3c3b30, 0x000002795d3daff0, 0x000002795d3dd8c0,
0x000002795d3de390, 0x000002795d400370, 0x000002795d405a50, 0x000002795d40bf90,
0x000002795d539070, 0x000002795d540e50, 0x000002795db0d940, 0x0000027939293750,
0x000002796a4fbd60
}

Java Threads: ( => current thread )
  0x000002795d3c2840 JavaThread "Reference Handler" daemon [_thread_blocked, id=13396, stack(0x000000c7a1e00000,0x000000c7a1f00000)]
  0x000002795d3c3b30 JavaThread "Finalizer" daemon [_thread_blocked, id=16440, stack(0x000000c7a1f00000,0x000000c7a2000000)]
  0x000002795d3daff0 JavaThread "Signal Dispatcher" daemon [_thread_blocked, id=1996, stack(0x000000c7a2000000,0x000000c7a2100000)]
  0x000002795d3dd8c0 JavaThread "Attach Listener" daemon [_thread_blocked, id=16580, stack(0x000000c7a2100000,0x000000c7a2200000)]
  0x000002795d3de390 JavaThread "Service Thread" daemon [_thread_blocked, id=14644, stack(0x000000c7a2200000,0x000000c7a2300000)]
  0x000002795d400370 JavaThread "C2 CompilerThread0" daemon [_thread_blocked, id=12504, stack(0x000000c7a2300000,0x000000c7a2400000)]
  0x000002795d405a50 JavaThread "C1 CompilerThread0" daemon [_thread_blocked, id=11068, stack(0x000000c7a2400000,0x000000c7a2500000)]
  0x000002795d40bf90 JavaThread "Sweeper thread" daemon [_thread_blocked, id=14144, stack(0x000000c7a2500000,0x000000c7a2600000)]
  0x000002795d539070 JavaThread "Notification Thread" daemon [_thread_blocked, id=16772, stack(0x000000c7a2600000,0x000000c7a2700000)]
  0x000002795d540e50 JavaThread "Common-Cleaner" daemon [_thread_blocked, id=16528, stack(0x000000c7a2800000,0x000000c7a2900000)]
=>0x000002795db0d940 JavaThread "LWJGL Application" [_thread_in_native, id=13268, stack(0x000000c7a2b00000,0x000000c7a2c00000)]
  0x0000027939293750 JavaThread "DestroyJavaVM" [_thread_blocked, id=15348, stack(0x000000c7a1700000,0x000000c7a1800000)]
  0x000002796a4fbd60 JavaThread "LWJGL Timer" daemon [_thread_blocked, id=12564, stack(0x000000c7a3200000,0x000000c7a3300000)]

Other Threads:
  0x000002795cbbe7f0 VMThread "VM Thread" [stack: 0x000000c7a1d00000,0x000000c7a1e00000] [id=15656]
  0x000002795d539f60 WatcherThread [stack: 0x000000c7a2700000,0x000000c7a2800000] [id=14744]
  0x00000279392e2a00 GCTaskThread "GC Thread#0" [stack: 0x000000c7a1800000,0x000000c7a1900000] [id=10876]
  0x00000279392f4900 ConcurrentGCThread "G1 Main Marker" [stack: 0x000000c7a1900000,0x000000c7a1a00000] [id=2104]
  0x00000279392f6490 ConcurrentGCThread "G1 Conc#0" [stack: 0x000000c7a1a00000,0x000000c7a1b00000] [id=16928]
  0x000002795ca444e0 ConcurrentGCThread "G1 Refine#0" [stack: 0x000000c7a1b00000,0x000000c7a1c00000] [id=12900]
  0x0000027939350f70 ConcurrentGCThread "G1 Young RemSet Sampling" [stack: 0x000000c7a1c00000,0x000000c7a1d00000] [id=10380]

Threads with active compile tasks:

VM state: not at safepoint (normal execution)

VM Mutex/Monitor currently owned by a thread: None

Heap address: 0x0000000702e00000, size: 4050 MB, Compressed Oops mode: Zero based, Oop shift amount: 3
CDS archive(s) mapped at: [0x0000000800000000-0x0000000800b50000-0x0000000800b50000), size 11862016, SharedBaseAddress: 0x0000000800000000, ArchiveRelocationMode: 0.
Compressed class space mapped at: 0x0000000800b50000-0x0000000840b50000, size: 1073741824
Narrow klass base: 0x0000000800000000, Narrow klass shift: 3, Narrow klass range: 0x100000000

GC Precious Log:
 CPUs: 8 total, 8 available
 Memory: 16198M
 Large Page Support: Disabled
 NUMA Support: Disabled
 Compressed Oops: Enabled (Zero based)
 Heap Region Size: 2M
 Heap Min Capacity: 8M
 Heap Initial Capacity: 254M
 Heap Max Capacity: 4050M
 Pre-touch: Disabled
 Parallel Workers: 8
 Concurrent Workers: 2
 Concurrent Refinement Workers: 8
 Periodic GC: Disabled

Heap:
 garbage-first heap   total 260096K, used 16384K [0x0000000702e00000, 0x0000000800000000)
  region size 2048K, 10 young (20480K), 0 survivors (0K)
 Metaspace       used 4964K, capacity 7966K, committed 8320K, reserved 1056768K
  class space    used 326K, capacity 617K, committed 640K, reserved 1048576K

Heap Regions: E=young(eden), S=young(survivor), O=old, HS=humongous(starts), HC=humongous(continues), CS=collection set, F=free, OA=open archive, CA=closed archive, TAMS=top-at-mark-start (previous, next)
|   0|0x0000000702e00000, 0x0000000702e00000, 0x0000000703000000|  0%| F|  |TAMS 0x0000000702e00000, 0x0000000702e00000| Untracked 
|   1|0x0000000703000000, 0x0000000703000000, 0x0000000703200000|  0%| F|  |TAMS 0x0000000703000000, 0x0000000703000000| Untracked 
|   2|0x0000000703200000, 0x0000000703200000, 0x0000000703400000|  0%| F|  |TAMS 0x0000000703200000, 0x0000000703200000| Untracked 
|   3|0x0000000703400000, 0x0000000703400000, 0x0000000703600000|  0%| F|  |TAMS 0x0000000703400000, 0x0000000703400000| Untracked 
|   4|0x0000000703600000, 0x0000000703600000, 0x0000000703800000|  0%| F|  |TAMS 0x0000000703600000, 0x0000000703600000| Untracked 
|   5|0x0000000703800000, 0x0000000703800000, 0x0000000703a00000|  0%| F|  |TAMS 0x0000000703800000, 0x0000000703800000| Untracked 
|   6|0x0000000703a00000, 0x0000000703a00000, 0x0000000703c00000|  0%| F|  |TAMS 0x0000000703a00000, 0x0000000703a00000| Untracked 
|   7|0x0000000703c00000, 0x0000000703c00000, 0x0000000703e00000|  0%| F|  |TAMS 0x0000000703c00000, 0x0000000703c00000| Untracked 
|   8|0x0000000703e00000, 0x0000000703e00000, 0x0000000704000000|  0%| F|  |TAMS 0x0000000703e00000, 0x0000000703e00000| Untracked 
|   9|0x0000000704000000, 0x0000000704000000, 0x0000000704200000|  0%| F|  |TAMS 0x0000000704000000, 0x0000000704000000| Untracked 
|  10|0x0000000704200000, 0x0000000704200000, 0x0000000704400000|  0%| F|  |TAMS 0x0000000704200000, 0x0000000704200000| Untracked 
|  11|0x0000000704400000, 0x0000000704400000, 0x0000000704600000|  0%| F|  |TAMS 0x0000000704400000, 0x0000000704400000| Untracked 
|  12|0x0000000704600000, 0x0000000704600000, 0x0000000704800000|  0%| F|  |TAMS 0x0000000704600000, 0x0000000704600000| Untracked 
|  13|0x0000000704800000, 0x0000000704800000, 0x0000000704a00000|  0%| F|  |TAMS 0x0000000704800000, 0x0000000704800000| Untracked 
|  14|0x0000000704a00000, 0x0000000704a00000, 0x0000000704c00000|  0%| F|  |TAMS 0x0000000704a00000, 0x0000000704a00000| Untracked 
|  15|0x0000000704c00000, 0x0000000704c00000, 0x0000000704e00000|  0%| F|  |TAMS 0x0000000704c00000, 0x0000000704c00000| Untracked 
|  16|0x0000000704e00000, 0x0000000704e00000, 0x0000000705000000|  0%| F|  |TAMS 0x0000000704e00000, 0x0000000704e00000| Untracked 
|  17|0x0000000705000000, 0x0000000705000000, 0x0000000705200000|  0%| F|  |TAMS 0x0000000705000000, 0x0000000705000000| Untracked 
|  18|0x0000000705200000, 0x0000000705200000, 0x0000000705400000|  0%| F|  |TAMS 0x0000000705200000, 0x0000000705200000| Untracked 
|  19|0x0000000705400000, 0x0000000705400000, 0x0000000705600000|  0%| F|  |TAMS 0x0000000705400000, 0x0000000705400000| Untracked 
|  20|0x0000000705600000, 0x0000000705600000, 0x0000000705800000|  0%| F|  |TAMS 0x0000000705600000, 0x0000000705600000| Untracked 
|  21|0x0000000705800000, 0x0000000705800000, 0x0000000705a00000|  0%| F|  |TAMS 0x0000000705800000, 0x0000000705800000| Untracked 
|  22|0x0000000705a00000, 0x0000000705a00000, 0x0000000705c00000|  0%| F|  |TAMS 0x0000000705a00000, 0x0000000705a00000| Untracked 
|  23|0x0000000705c00000, 0x0000000705c00000, 0x0000000705e00000|  0%| F|  |TAMS 0x0000000705c00000, 0x0000000705c00000| Untracked 
|  24|0x0000000705e00000, 0x0000000705e00000, 0x0000000706000000|  0%| F|  |TAMS 0x0000000705e00000, 0x0000000705e00000| Untracked 
|  25|0x0000000706000000, 0x0000000706000000, 0x0000000706200000|  0%| F|  |TAMS 0x0000000706000000, 0x0000000706000000| Untracked 
|  26|0x0000000706200000, 0x0000000706200000, 0x0000000706400000|  0%| F|  |TAMS 0x0000000706200000, 0x0000000706200000| Untracked 
|  27|0x0000000706400000, 0x0000000706400000, 0x0000000706600000|  0%| F|  |TAMS 0x0000000706400000, 0x0000000706400000| Untracked 
|  28|0x0000000706600000, 0x0000000706600000, 0x0000000706800000|  0%| F|  |TAMS 0x0000000706600000, 0x0000000706600000| Untracked 
|  29|0x0000000706800000, 0x0000000706800000, 0x0000000706a00000|  0%| F|  |TAMS 0x0000000706800000, 0x0000000706800000| Untracked 
|  30|0x0000000706a00000, 0x0000000706a00000, 0x0000000706c00000|  0%| F|  |TAMS 0x0000000706a00000, 0x0000000706a00000| Untracked 
|  31|0x0000000706c00000, 0x0000000706c00000, 0x0000000706e00000|  0%| F|  |TAMS 0x0000000706c00000, 0x0000000706c00000| Untracked 
|  32|0x0000000706e00000, 0x0000000706e00000, 0x0000000707000000|  0%| F|  |TAMS 0x0000000706e00000, 0x0000000706e00000| Untracked 
|  33|0x0000000707000000, 0x0000000707000000, 0x0000000707200000|  0%| F|  |TAMS 0x0000000707000000, 0x0000000707000000| Untracked 
|  34|0x0000000707200000, 0x0000000707200000, 0x0000000707400000|  0%| F|  |TAMS 0x0000000707200000, 0x0000000707200000| Untracked 
|  35|0x0000000707400000, 0x0000000707400000, 0x0000000707600000|  0%| F|  |TAMS 0x0000000707400000, 0x0000000707400000| Untracked 
|  36|0x0000000707600000, 0x0000000707600000, 0x0000000707800000|  0%| F|  |TAMS 0x0000000707600000, 0x0000000707600000| Untracked 
|  37|0x0000000707800000, 0x0000000707800000, 0x0000000707a00000|  0%| F|  |TAMS 0x0000000707800000, 0x0000000707800000| Untracked 
|  38|0x0000000707a00000, 0x0000000707a00000, 0x0000000707c00000|  0%| F|  |TAMS 0x0000000707a00000, 0x0000000707a00000| Untracked 
|  39|0x0000000707c00000, 0x0000000707c00000, 0x0000000707e00000|  0%| F|  |TAMS 0x0000000707c00000, 0x0000000707c00000| Untracked 
|  40|0x0000000707e00000, 0x0000000707e00000, 0x0000000708000000|  0%| F|  |TAMS 0x0000000707e00000, 0x0000000707e00000| Untracked 
|  41|0x0000000708000000, 0x0000000708000000, 0x0000000708200000|  0%| F|  |TAMS 0x0000000708000000, 0x0000000708000000| Untracked 
|  42|0x0000000708200000, 0x0000000708200000, 0x0000000708400000|  0%| F|  |TAMS 0x0000000708200000, 0x0000000708200000| Untracked 
|  43|0x0000000708400000, 0x0000000708400000, 0x0000000708600000|  0%| F|  |TAMS 0x0000000708400000, 0x0000000708400000| Untracked 
|  44|0x0000000708600000, 0x0000000708600000, 0x0000000708800000|  0%| F|  |TAMS 0x0000000708600000, 0x0000000708600000| Untracked 
|  45|0x0000000708800000, 0x0000000708800000, 0x0000000708a00000|  0%| F|  |TAMS 0x0000000708800000, 0x0000000708800000| Untracked 
|  46|0x0000000708a00000, 0x0000000708a00000, 0x0000000708c00000|  0%| F|  |TAMS 0x0000000708a00000, 0x0000000708a00000| Untracked 
|  47|0x0000000708c00000, 0x0000000708c00000, 0x0000000708e00000|  0%| F|  |TAMS 0x0000000708c00000, 0x0000000708c00000| Untracked 
|  48|0x0000000708e00000, 0x0000000708e00000, 0x0000000709000000|  0%| F|  |TAMS 0x0000000708e00000, 0x0000000708e00000| Untracked 
|  49|0x0000000709000000, 0x0000000709000000, 0x0000000709200000|  0%| F|  |TAMS 0x0000000709000000, 0x0000000709000000| Untracked 
|  50|0x0000000709200000, 0x0000000709200000, 0x0000000709400000|  0%| F|  |TAMS 0x0000000709200000, 0x0000000709200000| Untracked 
|  51|0x0000000709400000, 0x0000000709400000, 0x0000000709600000|  0%| F|  |TAMS 0x0000000709400000, 0x0000000709400000| Untracked 
|  52|0x0000000709600000, 0x0000000709600000, 0x0000000709800000|  0%| F|  |TAMS 0x0000000709600000, 0x0000000709600000| Untracked 
|  53|0x0000000709800000, 0x0000000709800000, 0x0000000709a00000|  0%| F|  |TAMS 0x0000000709800000, 0x0000000709800000| Untracked 
|  54|0x0000000709a00000, 0x0000000709a00000, 0x0000000709c00000|  0%| F|  |TAMS 0x0000000709a00000, 0x0000000709a00000| Untracked 
|  55|0x0000000709c00000, 0x0000000709c00000, 0x0000000709e00000|  0%| F|  |TAMS 0x0000000709c00000, 0x0000000709c00000| Untracked 
|  56|0x0000000709e00000, 0x0000000709e00000, 0x000000070a000000|  0%| F|  |TAMS 0x0000000709e00000, 0x0000000709e00000| Untracked 
|  57|0x000000070a000000, 0x000000070a000000, 0x000000070a200000|  0%| F|  |TAMS 0x000000070a000000, 0x000000070a000000| Untracked 
|  58|0x000000070a200000, 0x000000070a200000, 0x000000070a400000|  0%| F|  |TAMS 0x000000070a200000, 0x000000070a200000| Untracked 
|  59|0x000000070a400000, 0x000000070a400000, 0x000000070a600000|  0%| F|  |TAMS 0x000000070a400000, 0x000000070a400000| Untracked 
|  60|0x000000070a600000, 0x000000070a600000, 0x000000070a800000|  0%| F|  |TAMS 0x000000070a600000, 0x000000070a600000| Untracked 
|  61|0x000000070a800000, 0x000000070a800000, 0x000000070aa00000|  0%| F|  |TAMS 0x000000070a800000, 0x000000070a800000| Untracked 
|  62|0x000000070aa00000, 0x000000070aa00000, 0x000000070ac00000|  0%| F|  |TAMS 0x000000070aa00000, 0x000000070aa00000| Untracked 
|  63|0x000000070ac00000, 0x000000070ac00000, 0x000000070ae00000|  0%| F|  |TAMS 0x000000070ac00000, 0x000000070ac00000| Untracked 
|  64|0x000000070ae00000, 0x000000070ae00000, 0x000000070b000000|  0%| F|  |TAMS 0x000000070ae00000, 0x000000070ae00000| Untracked 
|  65|0x000000070b000000, 0x000000070b000000, 0x000000070b200000|  0%| F|  |TAMS 0x000000070b000000, 0x000000070b000000| Untracked 
|  66|0x000000070b200000, 0x000000070b200000, 0x000000070b400000|  0%| F|  |TAMS 0x000000070b200000, 0x000000070b200000| Untracked 
|  67|0x000000070b400000, 0x000000070b400000, 0x000000070b600000|  0%| F|  |TAMS 0x000000070b400000, 0x000000070b400000| Untracked 
|  68|0x000000070b600000, 0x000000070b600000, 0x000000070b800000|  0%| F|  |TAMS 0x000000070b600000, 0x000000070b600000| Untracked 
|  69|0x000000070b800000, 0x000000070b800000, 0x000000070ba00000|  0%| F|  |TAMS 0x000000070b800000, 0x000000070b800000| Untracked 
|  70|0x000000070ba00000, 0x000000070ba00000, 0x000000070bc00000|  0%| F|  |TAMS 0x000000070ba00000, 0x000000070ba00000| Untracked 
|  71|0x000000070bc00000, 0x000000070bc00000, 0x000000070be00000|  0%| F|  |TAMS 0x000000070bc00000, 0x000000070bc00000| Untracked 
|  72|0x000000070be00000, 0x000000070be00000, 0x000000070c000000|  0%| F|  |TAMS 0x000000070be00000, 0x000000070be00000| Untracked 
|  73|0x000000070c000000, 0x000000070c000000, 0x000000070c200000|  0%| F|  |TAMS 0x000000070c000000, 0x000000070c000000| Untracked 
|  74|0x000000070c200000, 0x000000070c200000, 0x000000070c400000|  0%| F|  |TAMS 0x000000070c200000, 0x000000070c200000| Untracked 
|  75|0x000000070c400000, 0x000000070c400000, 0x000000070c600000|  0%| F|  |TAMS 0x000000070c400000, 0x000000070c400000| Untracked 
|  76|0x000000070c600000, 0x000000070c600000, 0x000000070c800000|  0%| F|  |TAMS 0x000000070c600000, 0x000000070c600000| Untracked 
|  77|0x000000070c800000, 0x000000070c800000, 0x000000070ca00000|  0%| F|  |TAMS 0x000000070c800000, 0x000000070c800000| Untracked 
|  78|0x000000070ca00000, 0x000000070ca00000, 0x000000070cc00000|  0%| F|  |TAMS 0x000000070ca00000, 0x000000070ca00000| Untracked 
|  79|0x000000070cc00000, 0x000000070cc00000, 0x000000070ce00000|  0%| F|  |TAMS 0x000000070cc00000, 0x000000070cc00000| Untracked 
|  80|0x000000070ce00000, 0x000000070ce00000, 0x000000070d000000|  0%| F|  |TAMS 0x000000070ce00000, 0x000000070ce00000| Untracked 
|  81|0x000000070d000000, 0x000000070d000000, 0x000000070d200000|  0%| F|  |TAMS 0x000000070d000000, 0x000000070d000000| Untracked 
|  82|0x000000070d200000, 0x000000070d200000, 0x000000070d400000|  0%| F|  |TAMS 0x000000070d200000, 0x000000070d200000| Untracked 
|  83|0x000000070d400000, 0x000000070d400000, 0x000000070d600000|  0%| F|  |TAMS 0x000000070d400000, 0x000000070d400000| Untracked 
|  84|0x000000070d600000, 0x000000070d600000, 0x000000070d800000|  0%| F|  |TAMS 0x000000070d600000, 0x000000070d600000| Untracked 
|  85|0x000000070d800000, 0x000000070d800000, 0x000000070da00000|  0%| F|  |TAMS 0x000000070d800000, 0x000000070d800000| Untracked 
|  86|0x000000070da00000, 0x000000070da00000, 0x000000070dc00000|  0%| F|  |TAMS 0x000000070da00000, 0x000000070da00000| Untracked 
|  87|0x000000070dc00000, 0x000000070dc00000, 0x000000070de00000|  0%| F|  |TAMS 0x000000070dc00000, 0x000000070dc00000| Untracked 
|  88|0x000000070de00000, 0x000000070de00000, 0x000000070e000000|  0%| F|  |TAMS 0x000000070de00000, 0x000000070de00000| Untracked 
|  89|0x000000070e000000, 0x000000070e000000, 0x000000070e200000|  0%| F|  |TAMS 0x000000070e000000, 0x000000070e000000| Untracked 
|  90|0x000000070e200000, 0x000000070e200000, 0x000000070e400000|  0%| F|  |TAMS 0x000000070e200000, 0x000000070e200000| Untracked 
|  91|0x000000070e400000, 0x000000070e400000, 0x000000070e600000|  0%| F|  |TAMS 0x000000070e400000, 0x000000070e400000| Untracked 
|  92|0x000000070e600000, 0x000000070e600000, 0x000000070e800000|  0%| F|  |TAMS 0x000000070e600000, 0x000000070e600000| Untracked 
|  93|0x000000070e800000, 0x000000070e800000, 0x000000070ea00000|  0%| F|  |TAMS 0x000000070e800000, 0x000000070e800000| Untracked 
|  94|0x000000070ea00000, 0x000000070ea00000, 0x000000070ec00000|  0%| F|  |TAMS 0x000000070ea00000, 0x000000070ea00000| Untracked 
|  95|0x000000070ec00000, 0x000000070ec00000, 0x000000070ee00000|  0%| F|  |TAMS 0x000000070ec00000, 0x000000070ec00000| Untracked 
|  96|0x000000070ee00000, 0x000000070ee00000, 0x000000070f000000|  0%| F|  |TAMS 0x000000070ee00000, 0x000000070ee00000| Untracked 
|  97|0x000000070f000000, 0x000000070f000000, 0x000000070f200000|  0%| F|  |TAMS 0x000000070f000000, 0x000000070f000000| Untracked 
|  98|0x000000070f200000, 0x000000070f200000, 0x000000070f400000|  0%| F|  |TAMS 0x000000070f200000, 0x000000070f200000| Untracked 
|  99|0x000000070f400000, 0x000000070f400000, 0x000000070f600000|  0%| F|  |TAMS 0x000000070f400000, 0x000000070f400000| Untracked 
| 100|0x000000070f600000, 0x000000070f600000, 0x000000070f800000|  0%| F|  |TAMS 0x000000070f600000, 0x000000070f600000| Untracked 
| 101|0x000000070f800000, 0x000000070f800000, 0x000000070fa00000|  0%| F|  |TAMS 0x000000070f800000, 0x000000070f800000| Untracked 
| 102|0x000000070fa00000, 0x000000070fa00000, 0x000000070fc00000|  0%| F|  |TAMS 0x000000070fa00000, 0x000000070fa00000| Untracked 
| 103|0x000000070fc00000, 0x000000070fc00000, 0x000000070fe00000|  0%| F|  |TAMS 0x000000070fc00000, 0x000000070fc00000| Untracked 
| 104|0x000000070fe00000, 0x000000070fe00000, 0x0000000710000000|  0%| F|  |TAMS 0x000000070fe00000, 0x000000070fe00000| Untracked 
| 105|0x0000000710000000, 0x0000000710000000, 0x0000000710200000|  0%| F|  |TAMS 0x0000000710000000, 0x0000000710000000| Untracked 
| 106|0x0000000710200000, 0x0000000710200000, 0x0000000710400000|  0%| F|  |TAMS 0x0000000710200000, 0x0000000710200000| Untracked 
| 107|0x0000000710400000, 0x0000000710400000, 0x0000000710600000|  0%| F|  |TAMS 0x0000000710400000, 0x0000000710400000| Untracked 
| 108|0x0000000710600000, 0x0000000710600000, 0x0000000710800000|  0%| F|  |TAMS 0x0000000710600000, 0x0000000710600000| Untracked 
| 109|0x0000000710800000, 0x0000000710800000, 0x0000000710a00000|  0%| F|  |TAMS 0x0000000710800000, 0x0000000710800000| Untracked 
| 110|0x0000000710a00000, 0x0000000710a00000, 0x0000000710c00000|  0%| F|  |TAMS 0x0000000710a00000, 0x0000000710a00000| Untracked 
| 111|0x0000000710c00000, 0x0000000710c00000, 0x0000000710e00000|  0%| F|  |TAMS 0x0000000710c00000, 0x0000000710c00000| Untracked 
| 112|0x0000000710e00000, 0x0000000710e00000, 0x0000000711000000|  0%| F|  |TAMS 0x0000000710e00000, 0x0000000710e00000| Untracked 
| 113|0x0000000711000000, 0x0000000711000000, 0x0000000711200000|  0%| F|  |TAMS 0x0000000711000000, 0x0000000711000000| Untracked 
| 114|0x0000000711200000, 0x0000000711200000, 0x0000000711400000|  0%| F|  |TAMS 0x0000000711200000, 0x0000000711200000| Untracked 
| 115|0x0000000711400000, 0x0000000711400000, 0x0000000711600000|  0%| F|  |TAMS 0x0000000711400000, 0x0000000711400000| Untracked 
| 116|0x0000000711600000, 0x0000000711600000, 0x0000000711800000|  0%| F|  |TAMS 0x0000000711600000, 0x0000000711600000| Untracked 
| 117|0x0000000711800000, 0x000000071197b780, 0x0000000711a00000| 74%| E|  |TAMS 0x0000000711800000, 0x0000000711800000| Complete 
| 118|0x0000000711a00000, 0x0000000711c00000, 0x0000000711c00000|100%| E|CS|TAMS 0x0000000711a00000, 0x0000000711a00000| Complete 
| 119|0x0000000711c00000, 0x0000000711e00000, 0x0000000711e00000|100%| E|  |TAMS 0x0000000711c00000, 0x0000000711c00000| Complete 
| 120|0x0000000711e00000, 0x0000000712000000, 0x0000000712000000|100%| E|CS|TAMS 0x0000000711e00000, 0x0000000711e00000| Complete 
| 121|0x0000000712000000, 0x0000000712200000, 0x0000000712200000|100%| E|CS|TAMS 0x0000000712000000, 0x0000000712000000| Complete 
| 122|0x0000000712200000, 0x0000000712400000, 0x0000000712400000|100%| E|CS|TAMS 0x0000000712200000, 0x0000000712200000| Complete 
| 123|0x0000000712400000, 0x0000000712600000, 0x0000000712600000|100%| E|CS|TAMS 0x0000000712400000, 0x0000000712400000| Complete 
| 124|0x0000000712600000, 0x0000000712800000, 0x0000000712800000|100%| E|CS|TAMS 0x0000000712600000, 0x0000000712600000| Complete 
| 125|0x0000000712800000, 0x0000000712a00000, 0x0000000712a00000|100%| E|CS|TAMS 0x0000000712800000, 0x0000000712800000| Complete 
| 126|0x0000000712a00000, 0x0000000712c00000, 0x0000000712c00000|100%| E|CS|TAMS 0x0000000712a00000, 0x0000000712a00000| Complete 

Card table byte_map: [0x00000279512c0000,0x0000027951ab0000] _byte_map_base: 0x000002794daa9000

Marking Bits (Prev, Next): (CMBitMap*) 0x00000279392e4190, (CMBitMap*) 0x00000279392e41d0
 Prev Bits: [0x00000279522a0000, 0x00000279561e8000)
 Next Bits: [0x00000279561f0000, 0x000002795a138000)

Polling page: 0x0000027937040000

Metaspace:

Usage:
  Non-class:      7.18 MB capacity,     4.53 MB ( 63%) used,     2.64 MB ( 37%) free+waste,     3.56 KB ( <1%) overhead. 
      Class:    617.00 KB capacity,   326.66 KB ( 53%) used,   289.53 KB ( 47%) free+waste,   832 bytes ( <1%) overhead. 
       Both:      7.78 MB capacity,     4.85 MB ( 62%) used,     2.93 MB ( 38%) free+waste,     4.38 KB ( <1%) overhead. 

Virtual space:
  Non-class space:        8.00 MB reserved,       7.50 MB ( 94%) committed 
      Class space:        1.00 GB reserved,     640.00 KB ( <1%) committed 
             Both:        1.01 GB reserved,       8.13 MB ( <1%) committed 

Chunk freelists:
   Non-Class:  139.00 KB
       Class:  23.00 KB
        Both:  162.00 KB

MaxMetaspaceSize: 17179869184.00 GB
CompressedClassSpaceSize: 1.00 GB

CodeHeap 'non-profiled nmethods': size=120000Kb used=631Kb max_used=631Kb free=119368Kb
 bounds [0x0000027949270000, 0x00000279494e0000, 0x00000279507a0000]
CodeHeap 'profiled nmethods': size=120000Kb used=2052Kb max_used=2052Kb free=117947Kb
 bounds [0x0000027941d40000, 0x0000027941fb0000, 0x0000027949270000]
CodeHeap 'non-nmethods': size=5760Kb used=1286Kb max_used=1338Kb free=4473Kb
 bounds [0x00000279417a0000, 0x0000027941a10000, 0x0000027941d40000]
 total_blobs=1848 nmethods=1270 adapters=491
 compilation: enabled
              stopped_count=0, restarted_count=0
 full_count=0

Compilation events (20 events):
Event: 30.428 Thread 0x000002795d405a50 1261       1       com.mygdx.game.Portal::getPosition (5 bytes)
Event: 30.428 Thread 0x000002795d405a50 nmethod 1261 0x0000027949304e10 code [0x0000027949304fa0, 0x0000027949305058]
Event: 30.468 Thread 0x000002795d405a50 1262       1       com.mygdx.game.Portal::getNormal (5 bytes)
Event: 30.468 Thread 0x000002795d405a50 nmethod 1262 0x0000027949305110 code [0x00000279493052a0, 0x0000027949305358]
Event: 31.336 Thread 0x000002795d400370 1263       4       com.badlogic.gdx.graphics.g2d.SpriteBatch::begin (65 bytes)
Event: 31.372 Thread 0x000002795d400370 nmethod 1263 0x0000027949305410 code [0x00000279493056a0, 0x0000027949306770]
Event: 31.373 Thread 0x000002795d400370 1264       4       com.badlogic.gdx.graphics.g2d.SpriteBatch::setupMatrices (76 bytes)
Event: 31.387 Thread 0x000002795d400370 nmethod 1264 0x0000027949307910 code [0x0000027949307b40, 0x00000279493088d0]
Event: 32.514 Thread 0x000002795d400370 1265       4       com.badlogic.gdx.physics.box2d.Box2DDebugRenderer::renderBody (102 bytes)
Event: 32.556 Thread 0x000002795d400370 nmethod 1265 0x0000027949309690 code [0x0000027949309940, 0x000002794930aa18]
Event: 32.579 Thread 0x000002795d400370 1266       4       com.badlogic.gdx.physics.box2d.Body::getLinearVelocity (43 bytes)
Event: 32.581 Thread 0x000002795d400370 nmethod 1266 0x000002794930b810 code [0x000002794930b9a0, 0x000002794930baa8]
Event: 32.979 Thread 0x000002795d405a50 1267       3       org.lwjgl.opengl.APIUtil::getString (59 bytes)
Event: 32.979 Thread 0x000002795d405a50 nmethod 1267 0x0000027941f40390 code [0x0000027941f40580, 0x0000027941f40a28]
Event: 33.030 Thread 0x000002795d405a50 1268       3       java.lang.Integer::valueOf (32 bytes)
Event: 33.030 Thread 0x000002795d405a50 nmethod 1268 0x0000027941f40c10 code [0x0000027941f40dc0, 0x0000027941f410d8]
Event: 35.365 Thread 0x000002795d400370 1269       4       com.badlogic.gdx.physics.box2d.Box2DDebugRenderer::drawContact (55 bytes)
Event: 35.404 Thread 0x000002795d400370 nmethod 1269 0x000002794930bb90 code [0x000002794930be00, 0x000002794930c970]
Event: 37.048 Thread 0x000002795d400370 1270       4       com.badlogic.gdx.graphics.g2d.SpriteBatch::end (66 bytes)
Event: 37.053 Thread 0x000002795d400370 nmethod 1270 0x000002794930d490 code [0x000002794930d660, 0x000002794930d988]

GC Heap History (0 events):
No events

Deoptimization events (20 events):
Event: 2.384 Thread 0x000002795db0d940 DEOPT PACKING pc=0x0000027941eab4e2 sp=0x000000c7a2bfed30
Event: 2.384 Thread 0x000002795db0d940 DEOPT UNPACKING pc=0x00000279417ee23f sp=0x000000c7a2bfe2b8 mode 0
Event: 2.417 Thread 0x000002795db0d940 DEOPT PACKING pc=0x0000027941eab4e2 sp=0x000000c7a2bfed30
Event: 2.417 Thread 0x000002795db0d940 DEOPT UNPACKING pc=0x00000279417ee23f sp=0x000000c7a2bfe2b8 mode 0
Event: 20.487 Thread 0x000002795db0d940 Uncommon trap: trap_request=0xffffff45 fr.pc=0x00000279492c9000 relative=0x00000000000000e0
Event: 20.487 Thread 0x000002795db0d940 Uncommon trap: reason=unstable_if action=reinterpret pc=0x00000279492c9000 method=com.badlogic.gdx.graphics.glutils.ShapeRenderer.check(Lcom/badlogic/gdx/graphics/glutils/ShapeRenderer$ShapeType;Lcom/badlogic/gdx/graphics/glutils/ShapeRenderer$ShapeType;I
Event: 20.487 Thread 0x000002795db0d940 DEOPT PACKING pc=0x00000279492c9000 sp=0x000000c7a2bfeb60
Event: 20.487 Thread 0x000002795db0d940 DEOPT UNPACKING pc=0x00000279417ee42f sp=0x000000c7a2bfeb00 mode 2
Event: 22.040 Thread 0x000002795db0d940 Uncommon trap: trap_request=0xffffff45 fr.pc=0x00000279492d5d68 relative=0x0000000000000f28
Event: 22.040 Thread 0x000002795db0d940 Uncommon trap: reason=unstable_if action=reinterpret pc=0x00000279492d5d68 method=com.badlogic.gdx.physics.box2d.Fixture.getShape()Lcom/badlogic/gdx/physics/box2d/Shape; @ 4 c2
Event: 22.040 Thread 0x000002795db0d940 DEOPT PACKING pc=0x00000279492d5d68 sp=0x000000c7a2bfeca0
Event: 22.041 Thread 0x000002795db0d940 DEOPT UNPACKING pc=0x00000279417ee42f sp=0x000000c7a2bfebc0 mode 2
Event: 27.224 Thread 0x000002795db0d940 Uncommon trap: trap_request=0xffffff3d fr.pc=0x00000279492f423c relative=0x00000000000047bc
Event: 27.224 Thread 0x000002795db0d940 Uncommon trap: reason=unstable_fused_if action=reinterpret pc=0x00000279492f423c method=com.badlogic.gdx.utils.Array.ensureCapacity(I)[Ljava/lang/Object; @ 1 c2
Event: 27.224 Thread 0x000002795db0d940 DEOPT PACKING pc=0x00000279492f423c sp=0x000000c7a2bfed00
Event: 27.224 Thread 0x000002795db0d940 DEOPT UNPACKING pc=0x00000279417ee42f sp=0x000000c7a2bfec30 mode 2
Event: 27.224 Thread 0x000002795db0d940 Uncommon trap: trap_request=0xffffff45 fr.pc=0x00000279492dc26c relative=0x000000000000054c
Event: 27.224 Thread 0x000002795db0d940 Uncommon trap: reason=unstable_if action=reinterpret pc=0x00000279492dc26c method=com.badlogic.gdx.utils.Array.iterator()Lcom/badlogic/gdx/utils/Array$ArrayIterator; @ 20 c2
Event: 27.224 Thread 0x000002795db0d940 DEOPT PACKING pc=0x00000279492dc26c sp=0x000000c7a2bfecc0
Event: 27.224 Thread 0x000002795db0d940 DEOPT UNPACKING pc=0x00000279417ee42f sp=0x000000c7a2bfec20 mode 2

Classes unloaded (0 events):
No events

Classes redefined (0 events):
No events

Internal exceptions (2 events):
Event: 22.040 Thread 0x000002795db0d940 Implicit null exception at 0x00000279492d4ee0 to 0x00000279492d5d5c
Event: 27.224 Thread 0x000002795db0d940 Implicit null exception at 0x00000279492dbda6 to 0x00000279492dc244

Events (20 events):
Event: 1.637 Loaded shared library C:\Users\StefanieZuccarini\AppData\Local\Temp\libgdxStefanieZuccarini\1cecf4f6\lwjgl64.dll
Event: 1.803 Loaded shared library C:\Users\StefanieZuccarini\AppData\Local\Temp\libgdxStefanieZuccarini\1cecf4f6\lwjgl64.dll
Event: 1.820 Loaded shared library C:\Users\StefanieZuccarini\AppData\Local\Temp\libgdxStefanieZuccarini\1cecf4f6\lwjgl64.dll
Event: 1.821 Loaded shared library C:\Users\StefanieZuccarini\AppData\Local\Temp\libgdxStefanieZuccarini\1cecf4f6\lwjgl64.dll
Event: 2.125 Loaded shared library C:\Program Files\Zulu\zulu-15\bin\java.dll
Event: 2.170 Loaded shared library C:\Users\StefanieZuccarini\AppData\Local\Temp\libgdxStefanieZuccarini\1cecf4f6\lwjgl64.dll
Event: 2.520 Loaded shared library C:\Users\StefanieZuccarini\AppData\Local\Temp\libgdxStefanieZuccarini\1cecf4f6\lwjgl64.dll
Event: 2.739 Loaded shared library C:\Users\StefanieZuccarini\AppData\Local\Temp\libgdxStefanieZuccarini\1cecf4f6\lwjgl64.dll
Event: 3.052 Loaded shared library C:\Program Files\Zulu\zulu-15\bin\java.dll
Event: 3.070 Loaded shared library C:\Users\StefanieZuccarini\AppData\Local\Temp\libgdxStefanieZuccarini\1cecf4f6\lwjgl64.dll
Event: 3.072 Loaded shared library C:\Users\StefanieZuccarini\AppData\Local\Temp\libgdxStefanieZuccarini\1cecf4f6\lwjgl64.dll
Event: 3.171 Loaded shared library C:\Users\StefanieZuccarini\AppData\Local\Temp\libgdxStefanieZuccarini\1cecf4f6\lwjgl64.dll
Event: 3.587 Loaded shared library C:\Users\StefanieZuccarini\AppData\Local\Temp\libgdxStefanieZuccarini\1cecf4f6\lwjgl64.dll
Event: 3.589 Loaded shared library C:\Users\StefanieZuccarini\AppData\Local\Temp\libgdxStefanieZuccarini\1cecf4f6\lwjgl64.dll
Event: 4.672 Loaded shared library C:\Users\StefanieZuccarini\AppData\Local\Temp\libgdxStefanieZuccarini\1cecf4f6\lwjgl64.dll
Event: 5.686 Loaded shared library C:\Users\StefanieZuccarini\AppData\Local\Temp\libgdxStefanieZuccarini\1cecf4f6\lwjgl64.dll
Event: 5.739 Loaded shared library C:\Users\StefanieZuccarini\AppData\Local\Temp\libgdxStefanieZuccarini\1cecf4f6\lwjgl64.dll
Event: 9.953 Loaded shared library C:\Users\StefanieZuccarini\AppData\Local\Temp\libgdxStefanieZuccarini\e1cd32f8\gdx64.dll
Event: 9.970 Loaded shared library C:\Users\StefanieZuccarini\AppData\Local\Temp\libgdxStefanieZuccarini\1cecf4f6\lwjgl64.dll
Event: 9.972 Loaded shared library C:\Users\StefanieZuccarini\AppData\Local\Temp\libgdxStefanieZuccarini\1cecf4f6\lwjgl64.dll


Dynamic libraries:
0x00007ff696c00000 - 0x00007ff696c0d000 	C:\Program Files\Zulu\zulu-15\bin\java.exe
0x00007ffa899a0000 - 0x00007ffa89b90000 	C:\Windows\SYSTEM32\ntdll.dll
0x00007ffa892d0000 - 0x00007ffa89382000 	C:\Windows\System32\KERNEL32.DLL
0x00007ffa875f0000 - 0x00007ffa87895000 	C:\Windows\System32\KERNELBASE.dll
0x00007ffa874a0000 - 0x00007ffa8759a000 	C:\Windows\System32\ucrtbase.dll
0x00007ffa6ea10000 - 0x00007ffa6ea25000 	C:\Program Files\Zulu\zulu-15\bin\VCRUNTIME140.dll
0x00007ffa6ea30000 - 0x00007ffa6ea48000 	C:\Program Files\Zulu\zulu-15\bin\jli.dll
0x00007ffa87a50000 - 0x00007ffa87be4000 	C:\Windows\System32\USER32.dll
0x00007ffa87a20000 - 0x00007ffa87a41000 	C:\Windows\System32\win32u.dll
0x00007ffa667b0000 - 0x00007ffa66a34000 	C:\Windows\WinSxS\amd64_microsoft.windows.common-controls_6595b64144ccf1df_6.0.18362.1139_none_9e7bf2d3e4605ac6\COMCTL32.dll
0x00007ffa89140000 - 0x00007ffa89166000 	C:\Windows\System32\GDI32.dll
0x00007ffa87f00000 - 0x00007ffa87f9e000 	C:\Windows\System32\msvcrt.dll
0x00007ffa871b0000 - 0x00007ffa87346000 	C:\Windows\System32\gdi32full.dll
0x00007ffa881e0000 - 0x00007ffa88515000 	C:\Windows\System32\combase.dll
0x00007ffa878a0000 - 0x00007ffa8793e000 	C:\Windows\System32\msvcp_win.dll
0x00007ffa88870000 - 0x00007ffa88990000 	C:\Windows\System32\RPCRT4.dll
0x00007ffa87940000 - 0x00007ffa879c0000 	C:\Windows\System32\bcryptPrimitives.dll
0x00007ffa887a0000 - 0x00007ffa887ce000 	C:\Windows\System32\IMM32.DLL
0x00007ffa35cc0000 - 0x00007ffa35d5b000 	C:\Program Files\Zulu\zulu-15\bin\msvcp140.dll
0x00007ffa22550000 - 0x00007ffa230e2000 	C:\Program Files\Zulu\zulu-15\bin\server\jvm.dll
0x00007ffa88990000 - 0x00007ffa88a33000 	C:\Windows\System32\ADVAPI32.dll
0x00007ffa887d0000 - 0x00007ffa88867000 	C:\Windows\System32\sechost.dll
0x00007ffa89130000 - 0x00007ffa89138000 	C:\Windows\System32\PSAPI.DLL
0x00007ffa6f4d0000 - 0x00007ffa6f4d9000 	C:\Windows\SYSTEM32\WSOCK32.dll
0x00007ffa83190000 - 0x00007ffa831b4000 	C:\Windows\SYSTEM32\WINMM.dll
0x00007ffa7d320000 - 0x00007ffa7d32a000 	C:\Windows\SYSTEM32\VERSION.dll
0x00007ffa89170000 - 0x00007ffa891df000 	C:\Windows\System32\WS2_32.dll
0x00007ffa83160000 - 0x00007ffa8318d000 	C:\Windows\SYSTEM32\winmmbase.dll
0x00007ffa875a0000 - 0x00007ffa875ea000 	C:\Windows\System32\cfgmgr32.dll
0x00007ffa868e0000 - 0x00007ffa868f1000 	C:\Windows\System32\kernel.appcore.dll
0x00007ffa77680000 - 0x00007ffa7768a000 	C:\Program Files\Zulu\zulu-15\bin\jimage.dll
0x00007ffa6bef0000 - 0x00007ffa6c0e4000 	C:\Windows\SYSTEM32\DBGHELP.DLL
0x00007ffa6aae0000 - 0x00007ffa6ab0a000 	C:\Windows\SYSTEM32\dbgcore.DLL
0x00007ffa6e9e0000 - 0x00007ffa6ea05000 	C:\Program Files\Zulu\zulu-15\bin\java.dll
0x00007ffa88a40000 - 0x00007ffa89127000 	C:\Windows\System32\SHELL32.dll
0x00007ffa87cc0000 - 0x00007ffa87d69000 	C:\Windows\System32\shcore.dll
0x00007ffa86a00000 - 0x00007ffa87180000 	C:\Windows\System32\windows.storage.dll
0x00007ffa86900000 - 0x00007ffa86923000 	C:\Windows\System32\profapi.dll
0x00007ffa86870000 - 0x00007ffa868ba000 	C:\Windows\System32\powrprof.dll
0x00007ffa86860000 - 0x00007ffa86870000 	C:\Windows\System32\UMPDC.dll
0x00007ffa88740000 - 0x00007ffa88792000 	C:\Windows\System32\shlwapi.dll
0x00007ffa86930000 - 0x00007ffa86947000 	C:\Windows\System32\cryptsp.dll
0x00007ffa35ca0000 - 0x00007ffa35cb9000 	C:\Program Files\Zulu\zulu-15\bin\net.dll
0x00007ffa81ba0000 - 0x00007ffa81c90000 	C:\Windows\SYSTEM32\WINHTTP.dll
0x00007ffa860b0000 - 0x00007ffa86117000 	C:\Windows\system32\mswsock.dll
0x00007ffa35c80000 - 0x00007ffa35c92000 	C:\Program Files\Zulu\zulu-15\bin\nio.dll
0x00007ffa35c60000 - 0x00007ffa35c78000 	C:\Program Files\Zulu\zulu-15\bin\zip.dll
0x000000006e700000 - 0x000000006e72a000 	C:\Users\StefanieZuccarini\AppData\Local\Temp\libgdxStefanieZuccarini\e1cd32f8\gdx64.dll
0x00007ffa6e9d0000 - 0x00007ffa6e9e0000 	C:\Program Files\Zulu\zulu-15\bin\verify.dll
0x0000000180000000 - 0x0000000180053000 	C:\Users\StefanieZuccarini\AppData\Local\Temp\libgdxStefanieZuccarini\1cecf4f6\lwjgl64.dll
0x00007ffa46d40000 - 0x00007ffa46e96000 	C:\Windows\SYSTEM32\OPENGL32.dll
0x00007ffa50920000 - 0x00007ffa5094c000 	C:\Windows\SYSTEM32\GLU32.dll
0x00007ffa85240000 - 0x00007ffa85260000 	C:\Windows\SYSTEM32\dxcore.dll
0x00000279391d0000 - 0x0000027939234000 	C:\Users\STEFAN~1\AppData\Local\Temp\libgdxStefanieZuccarini\1cecf4f6\OpenAL64.dll
0x00007ffa89800000 - 0x00007ffa89957000 	C:\Windows\System32\ole32.dll
0x00007ffa84830000 - 0x00007ffa848c9000 	C:\Windows\system32\uxtheme.dll
0x00007ffa88520000 - 0x00007ffa885c2000 	C:\Windows\System32\clbcatq.dll
0x00007ffa35bc0000 - 0x00007ffa35c59000 	C:\Windows\SYSTEM32\dsound.dll
0x00007ffa7c400000 - 0x00007ffa7c472000 	C:\Windows\System32\MMDevApi.dll
0x00007ffa86650000 - 0x00007ffa8667a000 	C:\Windows\System32\DEVOBJ.dll
0x00007ffa79710000 - 0x00007ffa7986d000 	C:\Windows\SYSTEM32\AUDIOSES.DLL
0x00007ffa87e30000 - 0x00007ffa87ef5000 	C:\Windows\System32\OLEAUT32.dll
0x00007ffa81da0000 - 0x00007ffa81ef3000 	C:\Windows\SYSTEM32\wintypes.dll
0x00007ffa81230000 - 0x00007ffa812de000 	C:\Windows\SYSTEM32\mscms.dll
0x00007ffa86780000 - 0x00007ffa867a5000 	C:\Windows\SYSTEM32\USERENV.dll
0x00007ffa81210000 - 0x00007ffa81227000 	C:\Windows\SYSTEM32\ColorAdapterClient.dll
0x00007ffa826c0000 - 0x00007ffa826da000 	C:\Windows\System32\Windows.Internal.Graphics.Display.DisplayColorManagement.dll
0x00007ffa885d0000 - 0x00007ffa88705000 	C:\Windows\System32\MSCTF.dll
0x00007ffa6eae0000 - 0x00007ffa6eb7e000 	C:\Windows\System32\TextInputFramework.dll
0x00007ffa84460000 - 0x00007ffa84534000 	C:\Windows\System32\CoreMessaging.dll
0x00007ffa81f00000 - 0x00007ffa8222a000 	C:\Windows\System32\CoreUIComponents.dll
0x00007ffa85730000 - 0x00007ffa85761000 	C:\Windows\SYSTEM32\ntmarta.dll
0x00007ffa6c0f0000 - 0x00007ffa6c397000 	C:\Windows\System32\iertutil.dll
0x00007ffa00640000 - 0x00007ffa01557000 	C:\Windows\System32\DriverStore\FileRepository\iigd_dch.inf_amd64_dc945736c722f2b5\ig9icd64.dll
0x00007ffa84bb0000 - 0x00007ffa84bdd000 	C:\Windows\system32\dwmapi.dll
0x00007ffa852d0000 - 0x00007ffa853bb000 	C:\Windows\system32\dxgi.dll
0x00007ffa7c250000 - 0x00007ffa7c3f4000 	C:\Windows\System32\DriverStore\FileRepository\iigd_dch.inf_amd64_dc945736c722f2b5\igdgmm64.dll
0x00007ffa35b70000 - 0x00007ffa35bb3000 	C:\Windows\SYSTEM32\icm32.dll
0x00007ffa002e0000 - 0x00007ffa0063b000 	C:\Windows\System32\DriverStore\FileRepository\iigd_dch.inf_amd64_dc945736c722f2b5\igdml64.dll
0x00007ffa79c40000 - 0x00007ffa7c241000 	C:\Windows\System32\DriverStore\FileRepository\iigd_dch.inf_amd64_dc945736c722f2b5\igc64.dll
0x0000000066b00000 - 0x0000000066b5b000 	C:\Users\StefanieZuccarini\AppData\Local\Temp\libgdxStefanieZuccarini\a14961b7\gdx-box2d64.dll

dbghelp: loaded successfully - version: 4.0.5 - missing functions: none
symbol engine: initialized successfully - sym options: 0x614 - pdb path: .;C:\Program Files\Zulu\zulu-15\bin;C:\Windows\SYSTEM32;C:\Windows\WinSxS\amd64_microsoft.windows.common-controls_6595b64144ccf1df_6.0.18362.1139_none_9e7bf2d3e4605ac6;C:\Program Files\Zulu\zulu-15\bin\server;C:\Users\StefanieZuccarini\AppData\Local\Temp\libgdxStefanieZuccarini\e1cd32f8;C:\Users\StefanieZuccarini\AppData\Local\Temp\libgdxStefanieZuccarini\1cecf4f6;C:\Users\STEFAN~1\AppData\Local\Temp\libgdxStefanieZuccarini\1cecf4f6;C:\Windows\System32\DriverStore\FileRepository\iigd_dch.inf_amd64_dc945736c722f2b5;C:\Users\StefanieZuccarini\AppData\Local\Temp\libgdxStefanieZuccarini\a14961b7

VM Arguments:
jvm_args: -Dfile.encoding=windows-1252 -Duser.country=CA -Duser.language=en -Duser.variant 
java_command: com.mygdx.game.desktop.DesktopLauncher
java_class_path (initial): C:\Users\StefanieZuccarini\Documents\GitHub\PortalGame\PortalGame\desktop\build\classes\java\main;C:\Users\StefanieZuccarini\Documents\GitHub\PortalGame\PortalGame\desktop\build\resources\main;C:\Users\StefanieZuccarini\.gradle\caches\modules-2\files-2.1\com.badlogicgames.gdx\gdx-tools\1.10.0\d699cf4953fb42a071c7c3feb9b5c45601aa6a4b\gdx-tools-1.10.0.jar;C:\Users\StefanieZuccarini\.gradle\caches\modules-2\files-2.1\com.badlogicgames.gdx\gdx-backend-lwjgl\1.10.0\58ff89d9e4fd8a82591367f187d606e781cacc05\gdx-backend-lwjgl-1.10.0.jar;C:\Users\StefanieZuccarini\.gradle\caches\modules-2\files-2.1\com.badlogicgames.gdx\gdx-platform\1.10.0\9a8fa793d2fd6d360afc6c9e4c1f5583da263b88\gdx-platform-1.10.0-natives-desktop.jar;C:\Users\StefanieZuccarini\.gradle\caches\modules-2\files-2.1\com.badlogicgames.gdx\gdx-box2d-platform\1.10.0\588c4191c5a64ed39365e71484aa37d81c38eb5e\gdx-box2d-platform-1.10.0-natives-desktop.jar;C:\Users\StefanieZuccarini\.gradle\caches\modules-2\files-2.1\com.badlogicgames.gdx\gdx-bullet-platform\1.10.0\ce92e8dfc762523d769cbc50853163c03bf98cf1\gdx-bullet-platform-1.10.0-natives-desktop.jar;C:\Users\StefanieZuccarini\.gradle\caches\modules-2\files-2.1\com.badlogicgames.gdx\gdx-freetype-platform\1.10.0\6e5d28752759e69384f12e4569d2c884ff71352f\gdx-freetype-platform-1.10.0-natives-desktop.jar;C:\Users\StefanieZuccarini\Documents\GitHub\PortalGame\PortalGame\core\build\libs\core-1.0.jar;C:\Users\StefanieZuccarini\.gradle\caches\modules-2\files-2.1\com.badlogicgames.gdx\gdx-backend-headless\1.10.0\990eadbb431197c5b9b816d1659c772e0268e65\gdx-backend-headless-1.10.0.jar;C:\Users\StefanieZuccarini\.gradle\caches\modules-2\files-2.1\com.badlogicgames.gdx\gdx-freetype\1.10.0\de1d0d5c1e92e8d91364256fd6b7bb279d3e9859\gdx-freetype-1.10.0.jar;C:\Users\StefanieZuccarini\.gradle\caches\modules-2\files-2.1\com.badlogicgames.box2dlights\box2dlights\1.5\6902dbcd250c95a27973aa24a147a95b3828d348\box2dlights-1.5.jar;C:\Users\StefanieZuccarini\.gradle\
Launcher Type: SUN_STANDARD

[Global flags]
     intx CICompilerCount                          = 4                                         {product} {ergonomic}
     uint ConcGCThreads                            = 2                                         {product} {ergonomic}
     uint G1ConcRefinementThreads                  = 8                                         {product} {ergonomic}
   size_t G1HeapRegionSize                         = 2097152                                   {product} {ergonomic}
    uintx GCDrainStackTargetSize                   = 64                                        {product} {ergonomic}
   size_t InitialHeapSize                          = 266338304                                 {product} {ergonomic}
   size_t MarkStackSize                            = 4194304                                   {product} {ergonomic}
   size_t MaxHeapSize                              = 4246732800                                {product} {ergonomic}
   size_t MaxNewSize                               = 2548039680                                {product} {ergonomic}
   size_t MinHeapDeltaBytes                        = 2097152                                   {product} {ergonomic}
   size_t MinHeapSize                              = 8388608                                   {product} {ergonomic}
    uintx NonNMethodCodeHeapSize                   = 5839372                                {pd product} {ergonomic}
    uintx NonProfiledCodeHeapSize                  = 122909434                              {pd product} {ergonomic}
    uintx ProfiledCodeHeapSize                     = 122909434                              {pd product} {ergonomic}
    uintx ReservedCodeCacheSize                    = 251658240                              {pd product} {ergonomic}
     bool SegmentedCodeCache                       = true                                      {product} {ergonomic}
   size_t SoftMaxHeapSize                          = 4246732800                             {manageable} {ergonomic}
     bool UseCompressedClassPointers               = true                                 {lp64_product} {ergonomic}
     bool UseCompressedOops                        = true                                 {lp64_product} {ergonomic}
     bool UseG1GC                                  = true                                      {product} {ergonomic}
     bool UseLargePagesIndividualAllocation        = false                                  {pd product} {ergonomic}

Logging:
Log output configuration:
 #0: stdout all=warning uptime,level,tags
 #1: stderr all=off uptime,level,tags

Environment Variables:
PATH=C:\Program Files\Zulu\zulu-15\bin\;C:\Program Files\Common Files\Oracle\Java\javapath;C:\Program Files (x86)\Common Files\Oracle\Java\javapath;C:\Windows\system32;C:\Windows;C:\Windows\System32\Wbem;C:\Windows\System32\WindowsPowerShell\v1.0\;C:\Windows\System32\OpenSSH\;C:\Program Files\Git\cmd;C:\Users\StefanieZuccarini\AppData\Local\Microsoft\WindowsApps;C:\Program Files\JetBrains\IntelliJ IDEA Community Edition 2021.3\bin;;C:\Users\StefanieZuccarini\AppData\Local\GitHubDesktop\bin
USERNAME=StefanieZuccarini
OS=Windows_NT
PROCESSOR_IDENTIFIER=Intel64 Family 6 Model 142 Stepping 12, GenuineIntel



---------------  S Y S T E M  ---------------

OS:
 Windows 10 , 64 bit Build 18362 (10.0.18362.1110)
OS uptime: 0 days 2:25 hours

CPU: total 8 (initial active 8) (4 cores per cpu, 2 threads per core) family 6 model 142 stepping 12 microcode 0xca, cmov, cx8, fxsr, mmx, sse, sse2, sse3, ssse3, sse4.1, sse4.2, popcnt, vzeroupper, avx, avx2, aes, clmul, erms, 3dnowpref, lzcnt, ht, tsc, tscinvbit, bmi1, bmi2, adx, fma, clflush, clflushopt

Memory: 4k page, system-wide physical 16198M (8160M free)
TotalPageFile size 20166M (AvailPageFile size 11473M)
current process WorkingSet (physical memory assigned to process): 191M, peak: 212M
current process commit charge ("private bytes"): 465M, peak: 486M

vm_info: OpenJDK 64-Bit Server VM (15.0.5+3-MTS) for windows-amd64 JRE (15.0.5+3-MTS) (Zulu15.36+13-CA), built on Oct  8 2021 11:07:26 by "zulu_re" with MS VC++ 15.9 (VS2017)

END.
