#
# A fatal error has been detected by the Java Runtime Environment:
#
#  EXCEPTION_ACCESS_VIOLATION (0xc0000005) at pc=0x0000000066b1f8ac, pid=30448, tid=39860
#
# JRE version: OpenJDK Runtime Environment Zulu15.36+13-CA (15.0.5+3) (build 15.0.5+3-MTS)
# Java VM: OpenJDK 64-Bit Server VM Zulu15.36+13-CA (15.0.5+3-MTS, mixed mode, sharing, tiered, compressed oops, g1 gc, windows-amd64)
# Problematic frame:
# C  [gdx-box2d64.dll+0x1f8ac]
#
# No core dump will be written. Minidumps are not enabled by default on client versions of Windows
#
# If you would like to submit a bug report, please visit:
#   http://www.azul.com/support/
# The crash happened outside the Java Virtual Machine in native code.
# See problematic frame for where to report the bug.
#

---------------  S U M M A R Y ------------

Command Line: -Dfile.encoding=windows-1252 -Duser.country=CA -Duser.language=en -Duser.variant com.mygdx.game.desktop.DesktopLauncher

Host: 11th Gen Intel(R) Core(TM) i5-1135G7 @ 2.40GHz, 8 cores, 7G,  Windows 10 , 64 bit Build 19041 (10.0.19041.1348)
Time: Wed Jan  5 08:43:55 2022 Eastern Standard Time elapsed time: 34.977788 seconds (0d 0h 0m 34s)

---------------  T H R E A D  ---------------

Current thread (0x0000023c66dce3e0):  JavaThread "LWJGL Application" [_thread_in_native, id=39860, stack(0x000000762d200000,0x000000762d300000)]

Stack: [0x000000762d200000,0x000000762d300000],  sp=0x000000762d2fec20,  free space=1019k
Native frames: (J=compiled Java code, j=interpreted, Vv=VM code, C=native code)
C  [gdx-box2d64.dll+0x1f8ac]

Java frames: (J=compiled Java code, j=interpreted, Vv=VM code)
j  com.badlogic.gdx.physics.box2d.World.jniDestroyBody(JJ)V+0
j  com.badlogic.gdx.physics.box2d.World.destroyBody(Lcom/badlogic/gdx/physics/box2d/Body;)V+42
j  com.mygdx.game.Entity.dispose()V+8
j  com.mygdx.game.MyGdxGame.dispose()V+82
j  com.badlogic.gdx.backends.lwjgl.LwjglApplication.mainLoop()V+924
j  com.badlogic.gdx.backends.lwjgl.LwjglApplication$1.run()V+27
v  ~StubRoutines::call_stub

siginfo: EXCEPTION_ACCESS_VIOLATION (0xc0000005), reading address 0x0000000000000000


Register to memory mapping:

RIP=0x0000000066b1f8ac gdx-box2d64.dll
RAX=0x0 is NULL
RBX=0x0000023c683ef2e0 points into unknown readable memory: 0x0000023c41200000 | 00 00 20 41 3c 02 00 00
RCX=0x0 is NULL
RDX=0x0000023c68397590 points into unknown readable memory: 0x0000023c45090150 | 50 01 09 45 3c 02 00 00
RSP=0x000000762d2fec20 is pointing into the stack for thread: 0x0000023c66dce3e0
RBP=0x0 is NULL
RSI=0x0000023c68397590 points into unknown readable memory: 0x0000023c45090150 | 50 01 09 45 3c 02 00 00
RDI=0x0000023c68397590 points into unknown readable memory: 0x0000023c45090150 | 50 01 09 45 3c 02 00 00
R8 =0x0000023c68397590 points into unknown readable memory: 0x0000023c45090150 | 50 01 09 45 3c 02 00 00
R9 =0x0000023c683eb7b0 points into unknown readable memory: 0x0000003600000002 | 02 00 00 00 36 00 00 00
R10=0x0000023c4f6ef148 is at code_begin+1000 in an Interpreter codelet
method entry point (kind = native)  [0x0000023c4f6eed60, 0x0000023c4f6ef7e0]  2688 bytes
R11=0x0000000000000102 is an unknown value
R12=0x0000023c683b0830 points into unknown readable memory: 0x0000000000000010 | 10 00 00 00 00 00 00 00
R13={method} {0x0000023c665452b8} 'jniDestroyBody' '(JJ)V' in 'com/badlogic/gdx/physics/box2d/World'
R14=0x000000762d2fee08 is pointing into the stack for thread: 0x0000023c66dce3e0
R15=0x0000023c66dce3e0 is a thread


Registers:
RAX=0x0000000000000000, RBX=0x0000023c683ef2e0, RCX=0x0000000000000000, RDX=0x0000023c68397590
RSP=0x000000762d2fec20, RBP=0x0000000000000000, RSI=0x0000023c68397590, RDI=0x0000023c68397590
R8 =0x0000023c68397590, R9 =0x0000023c683eb7b0, R10=0x0000023c4f6ef148, R11=0x0000000000000102
R12=0x0000023c683b0830, R13=0x0000023c665452b0, R14=0x000000762d2fee08, R15=0x0000023c66dce3e0
RIP=0x0000000066b1f8ac, EFLAGS=0x0000000000010246

Top of Stack: (sp=0x000000762d2fec20)
0x000000762d2fec20:   0000000000000000 0000000000000000
0x000000762d2fec30:   0000023c683ef2e0 0000023c68397590
0x000000762d2fec40:   0000023c683ef2e0 0000023c68397590
0x000000762d2fec50:   0000023c683eb7b0 0000000066b2162f
0x000000762d2fec60:   0000023c66dce3e0 000000762d2feee8
0x000000762d2fec70:   0000023c663157d8 0000000000000000
0x000000762d2fec80:   0000023c68397590 0000023c683eb7b0
0x000000762d2fec90:   000000000002d268 000000762d2fedc8
0x000000762d2feca0:   0000000000000000 0000000066b26a9d
0x000000762d2fecb0:   0000023c65ed8820 00000000000003d8
0x000000762d2fecc0:   000000762d2fef38 000000762d2feee8
0x000000762d2fecd0:   0000000066b487e0 0000023c66dce708
0x000000762d2fece0:   000000762d2fee08 0000000000000000
0x000000762d2fecf0:   0000000066b48840 0000023c66dce708
0x000000762d2fed00:   000000762d2fee08 00007ffa9db0eca4
0x000000762d2fed10:   0000023c663157f0 0000023c665452b0 

Instructions: (pc=0x0000000066b1f8ac)
0x0000000066b1f7ac:   41 08 00 00 00 00 48 c7 41 28 00 00 00 00 c7 41
0x0000000066b1f7bc:   30 00 00 00 00 48 c7 41 18 00 00 00 00 c7 01 00
0x0000000066b1f7cc:   00 00 00 c3 55 57 56 53 48 83 ec 28 49 8b 41 08
0x0000000066b1f7dc:   f3 41 0f 10 41 10 48 89 cb 48 89 d5 f3 0f 11 41
0x0000000066b1f7ec:   20 4c 89 ce 48 89 41 40 41 8b 41 1e f3 41 0f 10
0x0000000066b1f7fc:   41 14 f3 0f 11 41 24 4c 89 41 10 48 c7 41 08 00
0x0000000066b1f80c:   00 00 00 89 41 34 41 0f b7 41 22 66 89 41 38 41
0x0000000066b1f81c:   0f b6 41 1c 88 41 3a 49 8b 09 48 8b 01 ff 50 10
0x0000000066b1f82c:   48 8b 10 48 89 c1 48 89 43 18 ff 52 18 89 c2 89
0x0000000066b1f83c:   c7 48 89 e9 c1 e2 05 e8 18 c3 fe ff 85 ff 48 89
0x0000000066b1f84c:   43 28 7e 27 8d 4f ff 48 8d 50 10 48 c1 e1 05 48
0x0000000066b1f85c:   8d 44 08 30 48 c7 02 00 00 00 00 c7 42 0c ff ff
0x0000000066b1f86c:   ff ff 48 83 c2 20 48 39 c2 75 e9 f3 0f 10 46 18
0x0000000066b1f87c:   c7 43 30 00 00 00 00 f3 0f 11 03 48 83 c4 28 5b
0x0000000066b1f88c:   5e 5f 5d c3 57 56 53 48 83 ec 20 8b 41 30 48 89
0x0000000066b1f89c:   cb 48 89 d7 85 c0 0f 85 a8 00 00 00 48 8b 4b 18
0x0000000066b1f8ac:   48 8b 01 ff 50 18 48 8b 53 28 c1 e0 05 48 89 f9
0x0000000066b1f8bc:   41 89 c0 e8 dc c4 fe ff 48 8b 73 18 48 c7 43 28
0x0000000066b1f8cc:   00 00 00 00 8b 46 08 83 f8 01 0f 84 94 00 00 00
0x0000000066b1f8dc:   0f 82 be 00 00 00 83 f8 02 74 39 83 f8 03 0f 85
0x0000000066b1f8ec:   e0 00 00 00 48 8b 06 48 89 f1 ff 10 41 b8 30 00
0x0000000066b1f8fc:   00 00 48 89 f2 48 89 f9 e8 97 c4 fe ff 48 c7 43
0x0000000066b1f90c:   18 00 00 00 00 48 83 c4 20 5b 5e 5f c3 0f 1f 80
0x0000000066b1f91c:   00 00 00 00 48 8b 06 48 89 f1 ff 10 41 b8 a0 00
0x0000000066b1f92c:   00 00 48 89 f2 48 89 f9 e8 67 c4 fe ff 48 c7 43
0x0000000066b1f93c:   18 00 00 00 00 48 83 c4 20 5b 5e 5f c3 0f 1f 80
0x0000000066b1f94c:   00 00 00 00 48 8d 15 d9 49 02 00 48 8d 0d 32 4a
0x0000000066b1f95c:   02 00 41 b8 48 00 00 00 e8 67 6c 01 00 e9 3a ff
0x0000000066b1f96c:   ff ff 66 90 48 8b 06 48 89 f1 ff 10 41 b8 38 00
0x0000000066b1f97c:   00 00 48 89 f2 48 89 f9 e8 17 c4 fe ff 48 c7 43
0x0000000066b1f98c:   18 00 00 00 00 48 83 c4 20 5b 5e 5f c3 0f 1f 80
0x0000000066b1f99c:   00 00 00 00 48 8b 06 48 89 f1 ff 10 41 b8 18 00 


Stack slot to memory mapping:
stack at sp + 0 slots: 0x0 is NULL
stack at sp + 1 slots: 0x0 is NULL
stack at sp + 2 slots: 0x0000023c683ef2e0 points into unknown readable memory: 0x0000023c41200000 | 00 00 20 41 3c 02 00 00
stack at sp + 3 slots: 0x0000023c68397590 points into unknown readable memory: 0x0000023c45090150 | 50 01 09 45 3c 02 00 00
stack at sp + 4 slots: 0x0000023c683ef2e0 points into unknown readable memory: 0x0000023c41200000 | 00 00 20 41 3c 02 00 00
stack at sp + 5 slots: 0x0000023c68397590 points into unknown readable memory: 0x0000023c45090150 | 50 01 09 45 3c 02 00 00
stack at sp + 6 slots: 0x0000023c683eb7b0 points into unknown readable memory: 0x0000003600000002 | 02 00 00 00 36 00 00 00
stack at sp + 7 slots: 0x0000000066b2162f gdx-box2d64.dll


---------------  P R O C E S S  ---------------

Threads class SMR info:
_java_thread_list=0x0000023c6e91cf10, length=13, elements={
0x0000023c65e6ce60, 0x0000023c65e71960, 0x0000023c65e8a280, 0x0000023c65e8ab40,
0x0000023c65e8b500, 0x0000023c65e8d200, 0x0000023c65e911b0, 0x0000023c65e91bb0,
0x0000023c668c8020, 0x0000023c668d6b60, 0x0000023c66dce3e0, 0x0000023c471c3e70,
0x0000023c6eacab30
}

Java Threads: ( => current thread )
  0x0000023c65e6ce60 JavaThread "Reference Handler" daemon [_thread_blocked, id=39352, stack(0x000000762c500000,0x000000762c600000)]
  0x0000023c65e71960 JavaThread "Finalizer" daemon [_thread_blocked, id=36568, stack(0x000000762c600000,0x000000762c700000)]
  0x0000023c65e8a280 JavaThread "Signal Dispatcher" daemon [_thread_blocked, id=35112, stack(0x000000762c700000,0x000000762c800000)]
  0x0000023c65e8ab40 JavaThread "Attach Listener" daemon [_thread_blocked, id=13532, stack(0x000000762c800000,0x000000762c900000)]
  0x0000023c65e8b500 JavaThread "Service Thread" daemon [_thread_blocked, id=29636, stack(0x000000762c900000,0x000000762ca00000)]
  0x0000023c65e8d200 JavaThread "C2 CompilerThread0" daemon [_thread_blocked, id=22340, stack(0x000000762ca00000,0x000000762cb00000)]
  0x0000023c65e911b0 JavaThread "C1 CompilerThread0" daemon [_thread_blocked, id=23456, stack(0x000000762cb00000,0x000000762cc00000)]
  0x0000023c65e91bb0 JavaThread "Sweeper thread" daemon [_thread_blocked, id=23184, stack(0x000000762cc00000,0x000000762cd00000)]
  0x0000023c668c8020 JavaThread "Notification Thread" daemon [_thread_blocked, id=22884, stack(0x000000762cd00000,0x000000762ce00000)]
  0x0000023c668d6b60 JavaThread "Common-Cleaner" daemon [_thread_blocked, id=37784, stack(0x000000762cf00000,0x000000762d000000)]
=>0x0000023c66dce3e0 JavaThread "LWJGL Application" [_thread_in_native, id=39860, stack(0x000000762d200000,0x000000762d300000)]
  0x0000023c471c3e70 JavaThread "DestroyJavaVM" [_thread_blocked, id=31812, stack(0x000000762be00000,0x000000762bf00000)]
  0x0000023c6eacab30 JavaThread "LWJGL Timer" daemon [_thread_blocked, id=33324, stack(0x000000762d700000,0x000000762d800000)]

Other Threads:
  0x0000023c65e6b6d0 VMThread "VM Thread" [stack: 0x000000762c400000,0x000000762c500000] [id=30780]
  0x0000023c668c8700 WatcherThread [stack: 0x000000762ce00000,0x000000762cf00000] [id=34256]
  0x0000023c471fe680 GCTaskThread "GC Thread#0" [stack: 0x000000762bf00000,0x000000762c000000] [id=29648]
  0x0000023c47210230 ConcurrentGCThread "G1 Main Marker" [stack: 0x000000762c000000,0x000000762c100000] [id=6884]
  0x0000023c472115f0 ConcurrentGCThread "G1 Conc#0" [stack: 0x000000762c100000,0x000000762c200000] [id=38892]
  0x0000023c65cf0090 ConcurrentGCThread "G1 Refine#0" [stack: 0x000000762c200000,0x000000762c300000] [id=15512]
  0x0000023c65cf0c20 ConcurrentGCThread "G1 Young RemSet Sampling" [stack: 0x000000762c300000,0x000000762c400000] [id=37392]

Threads with active compile tasks:

VM state: not at safepoint (normal execution)

VM Mutex/Monitor currently owned by a thread: None

Heap address: 0x0000000083200000, size: 1998 MB, Compressed Oops mode: 32-bit
CDS archive(s) mapped at: [0x0000000800000000-0x0000000800b50000-0x0000000800b50000), size 11862016, SharedBaseAddress: 0x0000000800000000, ArchiveRelocationMode: 0.
Compressed class space mapped at: 0x0000000800b50000-0x0000000840b50000, size: 1073741824
Narrow klass base: 0x0000000800000000, Narrow klass shift: 3, Narrow klass range: 0x100000000

GC Precious Log:
 CPUs: 8 total, 8 available
 Memory: 7987M
 Large Page Support: Disabled
 NUMA Support: Disabled
 Compressed Oops: Enabled (32-bit)
 Heap Region Size: 1M
 Heap Min Capacity: 8M
 Heap Initial Capacity: 126M
 Heap Max Capacity: 1998M
 Pre-touch: Disabled
 Parallel Workers: 8
 Concurrent Workers: 2
 Concurrent Refinement Workers: 8
 Periodic GC: Disabled

Heap:
 garbage-first heap   total 129024K, used 17408K [0x0000000083200000, 0x0000000100000000)
  region size 1024K, 19 young (19456K), 0 survivors (0K)
 Metaspace       used 4937K, capacity 7966K, committed 8320K, reserved 1056768K
  class space    used 325K, capacity 617K, committed 640K, reserved 1048576K

Heap Regions: E=young(eden), S=young(survivor), O=old, HS=humongous(starts), HC=humongous(continues), CS=collection set, F=free, OA=open archive, CA=closed archive, TAMS=top-at-mark-start (previous, next)
|   0|0x0000000083200000, 0x0000000083200000, 0x0000000083300000|  0%| F|  |TAMS 0x0000000083200000, 0x0000000083200000| Untracked 
|   1|0x0000000083300000, 0x0000000083300000, 0x0000000083400000|  0%| F|  |TAMS 0x0000000083300000, 0x0000000083300000| Untracked 
|   2|0x0000000083400000, 0x0000000083400000, 0x0000000083500000|  0%| F|  |TAMS 0x0000000083400000, 0x0000000083400000| Untracked 
|   3|0x0000000083500000, 0x0000000083500000, 0x0000000083600000|  0%| F|  |TAMS 0x0000000083500000, 0x0000000083500000| Untracked 
|   4|0x0000000083600000, 0x0000000083600000, 0x0000000083700000|  0%| F|  |TAMS 0x0000000083600000, 0x0000000083600000| Untracked 
|   5|0x0000000083700000, 0x0000000083700000, 0x0000000083800000|  0%| F|  |TAMS 0x0000000083700000, 0x0000000083700000| Untracked 
|   6|0x0000000083800000, 0x0000000083800000, 0x0000000083900000|  0%| F|  |TAMS 0x0000000083800000, 0x0000000083800000| Untracked 
|   7|0x0000000083900000, 0x0000000083900000, 0x0000000083a00000|  0%| F|  |TAMS 0x0000000083900000, 0x0000000083900000| Untracked 
|   8|0x0000000083a00000, 0x0000000083a00000, 0x0000000083b00000|  0%| F|  |TAMS 0x0000000083a00000, 0x0000000083a00000| Untracked 
|   9|0x0000000083b00000, 0x0000000083b00000, 0x0000000083c00000|  0%| F|  |TAMS 0x0000000083b00000, 0x0000000083b00000| Untracked 
|  10|0x0000000083c00000, 0x0000000083c00000, 0x0000000083d00000|  0%| F|  |TAMS 0x0000000083c00000, 0x0000000083c00000| Untracked 
|  11|0x0000000083d00000, 0x0000000083d00000, 0x0000000083e00000|  0%| F|  |TAMS 0x0000000083d00000, 0x0000000083d00000| Untracked 
|  12|0x0000000083e00000, 0x0000000083e00000, 0x0000000083f00000|  0%| F|  |TAMS 0x0000000083e00000, 0x0000000083e00000| Untracked 
|  13|0x0000000083f00000, 0x0000000083f00000, 0x0000000084000000|  0%| F|  |TAMS 0x0000000083f00000, 0x0000000083f00000| Untracked 
|  14|0x0000000084000000, 0x0000000084000000, 0x0000000084100000|  0%| F|  |TAMS 0x0000000084000000, 0x0000000084000000| Untracked 
|  15|0x0000000084100000, 0x0000000084100000, 0x0000000084200000|  0%| F|  |TAMS 0x0000000084100000, 0x0000000084100000| Untracked 
|  16|0x0000000084200000, 0x0000000084200000, 0x0000000084300000|  0%| F|  |TAMS 0x0000000084200000, 0x0000000084200000| Untracked 
|  17|0x0000000084300000, 0x0000000084300000, 0x0000000084400000|  0%| F|  |TAMS 0x0000000084300000, 0x0000000084300000| Untracked 
|  18|0x0000000084400000, 0x0000000084400000, 0x0000000084500000|  0%| F|  |TAMS 0x0000000084400000, 0x0000000084400000| Untracked 
|  19|0x0000000084500000, 0x0000000084500000, 0x0000000084600000|  0%| F|  |TAMS 0x0000000084500000, 0x0000000084500000| Untracked 
|  20|0x0000000084600000, 0x0000000084600000, 0x0000000084700000|  0%| F|  |TAMS 0x0000000084600000, 0x0000000084600000| Untracked 
|  21|0x0000000084700000, 0x0000000084700000, 0x0000000084800000|  0%| F|  |TAMS 0x0000000084700000, 0x0000000084700000| Untracked 
|  22|0x0000000084800000, 0x0000000084800000, 0x0000000084900000|  0%| F|  |TAMS 0x0000000084800000, 0x0000000084800000| Untracked 
|  23|0x0000000084900000, 0x0000000084900000, 0x0000000084a00000|  0%| F|  |TAMS 0x0000000084900000, 0x0000000084900000| Untracked 
|  24|0x0000000084a00000, 0x0000000084a00000, 0x0000000084b00000|  0%| F|  |TAMS 0x0000000084a00000, 0x0000000084a00000| Untracked 
|  25|0x0000000084b00000, 0x0000000084b00000, 0x0000000084c00000|  0%| F|  |TAMS 0x0000000084b00000, 0x0000000084b00000| Untracked 
|  26|0x0000000084c00000, 0x0000000084c00000, 0x0000000084d00000|  0%| F|  |TAMS 0x0000000084c00000, 0x0000000084c00000| Untracked 
|  27|0x0000000084d00000, 0x0000000084d00000, 0x0000000084e00000|  0%| F|  |TAMS 0x0000000084d00000, 0x0000000084d00000| Untracked 
|  28|0x0000000084e00000, 0x0000000084e00000, 0x0000000084f00000|  0%| F|  |TAMS 0x0000000084e00000, 0x0000000084e00000| Untracked 
|  29|0x0000000084f00000, 0x0000000084f00000, 0x0000000085000000|  0%| F|  |TAMS 0x0000000084f00000, 0x0000000084f00000| Untracked 
|  30|0x0000000085000000, 0x0000000085000000, 0x0000000085100000|  0%| F|  |TAMS 0x0000000085000000, 0x0000000085000000| Untracked 
|  31|0x0000000085100000, 0x0000000085100000, 0x0000000085200000|  0%| F|  |TAMS 0x0000000085100000, 0x0000000085100000| Untracked 
|  32|0x0000000085200000, 0x0000000085200000, 0x0000000085300000|  0%| F|  |TAMS 0x0000000085200000, 0x0000000085200000| Untracked 
|  33|0x0000000085300000, 0x0000000085300000, 0x0000000085400000|  0%| F|  |TAMS 0x0000000085300000, 0x0000000085300000| Untracked 
|  34|0x0000000085400000, 0x0000000085400000, 0x0000000085500000|  0%| F|  |TAMS 0x0000000085400000, 0x0000000085400000| Untracked 
|  35|0x0000000085500000, 0x0000000085500000, 0x0000000085600000|  0%| F|  |TAMS 0x0000000085500000, 0x0000000085500000| Untracked 
|  36|0x0000000085600000, 0x0000000085600000, 0x0000000085700000|  0%| F|  |TAMS 0x0000000085600000, 0x0000000085600000| Untracked 
|  37|0x0000000085700000, 0x0000000085700000, 0x0000000085800000|  0%| F|  |TAMS 0x0000000085700000, 0x0000000085700000| Untracked 
|  38|0x0000000085800000, 0x0000000085800000, 0x0000000085900000|  0%| F|  |TAMS 0x0000000085800000, 0x0000000085800000| Untracked 
|  39|0x0000000085900000, 0x0000000085900000, 0x0000000085a00000|  0%| F|  |TAMS 0x0000000085900000, 0x0000000085900000| Untracked 
|  40|0x0000000085a00000, 0x0000000085a00000, 0x0000000085b00000|  0%| F|  |TAMS 0x0000000085a00000, 0x0000000085a00000| Untracked 
|  41|0x0000000085b00000, 0x0000000085b00000, 0x0000000085c00000|  0%| F|  |TAMS 0x0000000085b00000, 0x0000000085b00000| Untracked 
|  42|0x0000000085c00000, 0x0000000085c00000, 0x0000000085d00000|  0%| F|  |TAMS 0x0000000085c00000, 0x0000000085c00000| Untracked 
|  43|0x0000000085d00000, 0x0000000085d00000, 0x0000000085e00000|  0%| F|  |TAMS 0x0000000085d00000, 0x0000000085d00000| Untracked 
|  44|0x0000000085e00000, 0x0000000085e00000, 0x0000000085f00000|  0%| F|  |TAMS 0x0000000085e00000, 0x0000000085e00000| Untracked 
|  45|0x0000000085f00000, 0x0000000085f00000, 0x0000000086000000|  0%| F|  |TAMS 0x0000000085f00000, 0x0000000085f00000| Untracked 
|  46|0x0000000086000000, 0x0000000086000000, 0x0000000086100000|  0%| F|  |TAMS 0x0000000086000000, 0x0000000086000000| Untracked 
|  47|0x0000000086100000, 0x0000000086100000, 0x0000000086200000|  0%| F|  |TAMS 0x0000000086100000, 0x0000000086100000| Untracked 
|  48|0x0000000086200000, 0x0000000086200000, 0x0000000086300000|  0%| F|  |TAMS 0x0000000086200000, 0x0000000086200000| Untracked 
|  49|0x0000000086300000, 0x0000000086300000, 0x0000000086400000|  0%| F|  |TAMS 0x0000000086300000, 0x0000000086300000| Untracked 
|  50|0x0000000086400000, 0x0000000086400000, 0x0000000086500000|  0%| F|  |TAMS 0x0000000086400000, 0x0000000086400000| Untracked 
|  51|0x0000000086500000, 0x0000000086500000, 0x0000000086600000|  0%| F|  |TAMS 0x0000000086500000, 0x0000000086500000| Untracked 
|  52|0x0000000086600000, 0x0000000086600000, 0x0000000086700000|  0%| F|  |TAMS 0x0000000086600000, 0x0000000086600000| Untracked 
|  53|0x0000000086700000, 0x0000000086700000, 0x0000000086800000|  0%| F|  |TAMS 0x0000000086700000, 0x0000000086700000| Untracked 
|  54|0x0000000086800000, 0x0000000086800000, 0x0000000086900000|  0%| F|  |TAMS 0x0000000086800000, 0x0000000086800000| Untracked 
|  55|0x0000000086900000, 0x0000000086900000, 0x0000000086a00000|  0%| F|  |TAMS 0x0000000086900000, 0x0000000086900000| Untracked 
|  56|0x0000000086a00000, 0x0000000086a00000, 0x0000000086b00000|  0%| F|  |TAMS 0x0000000086a00000, 0x0000000086a00000| Untracked 
|  57|0x0000000086b00000, 0x0000000086b00000, 0x0000000086c00000|  0%| F|  |TAMS 0x0000000086b00000, 0x0000000086b00000| Untracked 
|  58|0x0000000086c00000, 0x0000000086c00000, 0x0000000086d00000|  0%| F|  |TAMS 0x0000000086c00000, 0x0000000086c00000| Untracked 
|  59|0x0000000086d00000, 0x0000000086d00000, 0x0000000086e00000|  0%| F|  |TAMS 0x0000000086d00000, 0x0000000086d00000| Untracked 
|  60|0x0000000086e00000, 0x0000000086e00000, 0x0000000086f00000|  0%| F|  |TAMS 0x0000000086e00000, 0x0000000086e00000| Untracked 
|  61|0x0000000086f00000, 0x0000000086f00000, 0x0000000087000000|  0%| F|  |TAMS 0x0000000086f00000, 0x0000000086f00000| Untracked 
|  62|0x0000000087000000, 0x0000000087000000, 0x0000000087100000|  0%| F|  |TAMS 0x0000000087000000, 0x0000000087000000| Untracked 
|  63|0x0000000087100000, 0x0000000087100000, 0x0000000087200000|  0%| F|  |TAMS 0x0000000087100000, 0x0000000087100000| Untracked 
|  64|0x0000000087200000, 0x0000000087200000, 0x0000000087300000|  0%| F|  |TAMS 0x0000000087200000, 0x0000000087200000| Untracked 
|  65|0x0000000087300000, 0x0000000087300000, 0x0000000087400000|  0%| F|  |TAMS 0x0000000087300000, 0x0000000087300000| Untracked 
|  66|0x0000000087400000, 0x0000000087400000, 0x0000000087500000|  0%| F|  |TAMS 0x0000000087400000, 0x0000000087400000| Untracked 
|  67|0x0000000087500000, 0x0000000087500000, 0x0000000087600000|  0%| F|  |TAMS 0x0000000087500000, 0x0000000087500000| Untracked 
|  68|0x0000000087600000, 0x0000000087600000, 0x0000000087700000|  0%| F|  |TAMS 0x0000000087600000, 0x0000000087600000| Untracked 
|  69|0x0000000087700000, 0x0000000087700000, 0x0000000087800000|  0%| F|  |TAMS 0x0000000087700000, 0x0000000087700000| Untracked 
|  70|0x0000000087800000, 0x0000000087800000, 0x0000000087900000|  0%| F|  |TAMS 0x0000000087800000, 0x0000000087800000| Untracked 
|  71|0x0000000087900000, 0x0000000087900000, 0x0000000087a00000|  0%| F|  |TAMS 0x0000000087900000, 0x0000000087900000| Untracked 
|  72|0x0000000087a00000, 0x0000000087a00000, 0x0000000087b00000|  0%| F|  |TAMS 0x0000000087a00000, 0x0000000087a00000| Untracked 
|  73|0x0000000087b00000, 0x0000000087b00000, 0x0000000087c00000|  0%| F|  |TAMS 0x0000000087b00000, 0x0000000087b00000| Untracked 
|  74|0x0000000087c00000, 0x0000000087c00000, 0x0000000087d00000|  0%| F|  |TAMS 0x0000000087c00000, 0x0000000087c00000| Untracked 
|  75|0x0000000087d00000, 0x0000000087d00000, 0x0000000087e00000|  0%| F|  |TAMS 0x0000000087d00000, 0x0000000087d00000| Untracked 
|  76|0x0000000087e00000, 0x0000000087e00000, 0x0000000087f00000|  0%| F|  |TAMS 0x0000000087e00000, 0x0000000087e00000| Untracked 
|  77|0x0000000087f00000, 0x0000000087f00000, 0x0000000088000000|  0%| F|  |TAMS 0x0000000087f00000, 0x0000000087f00000| Untracked 
|  78|0x0000000088000000, 0x0000000088000000, 0x0000000088100000|  0%| F|  |TAMS 0x0000000088000000, 0x0000000088000000| Untracked 
|  79|0x0000000088100000, 0x0000000088100000, 0x0000000088200000|  0%| F|  |TAMS 0x0000000088100000, 0x0000000088100000| Untracked 
|  80|0x0000000088200000, 0x0000000088200000, 0x0000000088300000|  0%| F|  |TAMS 0x0000000088200000, 0x0000000088200000| Untracked 
|  81|0x0000000088300000, 0x0000000088300000, 0x0000000088400000|  0%| F|  |TAMS 0x0000000088300000, 0x0000000088300000| Untracked 
|  82|0x0000000088400000, 0x0000000088400000, 0x0000000088500000|  0%| F|  |TAMS 0x0000000088400000, 0x0000000088400000| Untracked 
|  83|0x0000000088500000, 0x0000000088500000, 0x0000000088600000|  0%| F|  |TAMS 0x0000000088500000, 0x0000000088500000| Untracked 
|  84|0x0000000088600000, 0x0000000088600000, 0x0000000088700000|  0%| F|  |TAMS 0x0000000088600000, 0x0000000088600000| Untracked 
|  85|0x0000000088700000, 0x0000000088700000, 0x0000000088800000|  0%| F|  |TAMS 0x0000000088700000, 0x0000000088700000| Untracked 
|  86|0x0000000088800000, 0x0000000088800000, 0x0000000088900000|  0%| F|  |TAMS 0x0000000088800000, 0x0000000088800000| Untracked 
|  87|0x0000000088900000, 0x0000000088900000, 0x0000000088a00000|  0%| F|  |TAMS 0x0000000088900000, 0x0000000088900000| Untracked 
|  88|0x0000000088a00000, 0x0000000088a00000, 0x0000000088b00000|  0%| F|  |TAMS 0x0000000088a00000, 0x0000000088a00000| Untracked 
|  89|0x0000000088b00000, 0x0000000088b00000, 0x0000000088c00000|  0%| F|  |TAMS 0x0000000088b00000, 0x0000000088b00000| Untracked 
|  90|0x0000000088c00000, 0x0000000088c00000, 0x0000000088d00000|  0%| F|  |TAMS 0x0000000088c00000, 0x0000000088c00000| Untracked 
|  91|0x0000000088d00000, 0x0000000088d00000, 0x0000000088e00000|  0%| F|  |TAMS 0x0000000088d00000, 0x0000000088d00000| Untracked 
|  92|0x0000000088e00000, 0x0000000088e00000, 0x0000000088f00000|  0%| F|  |TAMS 0x0000000088e00000, 0x0000000088e00000| Untracked 
|  93|0x0000000088f00000, 0x0000000088f00000, 0x0000000089000000|  0%| F|  |TAMS 0x0000000088f00000, 0x0000000088f00000| Untracked 
|  94|0x0000000089000000, 0x0000000089000000, 0x0000000089100000|  0%| F|  |TAMS 0x0000000089000000, 0x0000000089000000| Untracked 
|  95|0x0000000089100000, 0x0000000089100000, 0x0000000089200000|  0%| F|  |TAMS 0x0000000089100000, 0x0000000089100000| Untracked 
|  96|0x0000000089200000, 0x0000000089200000, 0x0000000089300000|  0%| F|  |TAMS 0x0000000089200000, 0x0000000089200000| Untracked 
|  97|0x0000000089300000, 0x0000000089300000, 0x0000000089400000|  0%| F|  |TAMS 0x0000000089300000, 0x0000000089300000| Untracked 
|  98|0x0000000089400000, 0x0000000089400000, 0x0000000089500000|  0%| F|  |TAMS 0x0000000089400000, 0x0000000089400000| Untracked 
|  99|0x0000000089500000, 0x0000000089500000, 0x0000000089600000|  0%| F|  |TAMS 0x0000000089500000, 0x0000000089500000| Untracked 
| 100|0x0000000089600000, 0x0000000089600000, 0x0000000089700000|  0%| F|  |TAMS 0x0000000089600000, 0x0000000089600000| Untracked 
| 101|0x0000000089700000, 0x0000000089700000, 0x0000000089800000|  0%| F|  |TAMS 0x0000000089700000, 0x0000000089700000| Untracked 
| 102|0x0000000089800000, 0x0000000089800000, 0x0000000089900000|  0%| F|  |TAMS 0x0000000089800000, 0x0000000089800000| Untracked 
| 103|0x0000000089900000, 0x0000000089900000, 0x0000000089a00000|  0%| F|  |TAMS 0x0000000089900000, 0x0000000089900000| Untracked 
| 104|0x0000000089a00000, 0x0000000089a00000, 0x0000000089b00000|  0%| F|  |TAMS 0x0000000089a00000, 0x0000000089a00000| Untracked 
| 105|0x0000000089b00000, 0x0000000089b00000, 0x0000000089c00000|  0%| F|  |TAMS 0x0000000089b00000, 0x0000000089b00000| Untracked 
| 106|0x0000000089c00000, 0x0000000089c00000, 0x0000000089d00000|  0%| F|  |TAMS 0x0000000089c00000, 0x0000000089c00000| Untracked 
| 107|0x0000000089d00000, 0x0000000089e00000, 0x0000000089e00000|100%| E|  |TAMS 0x0000000089d00000, 0x0000000089d00000| Complete 
| 108|0x0000000089e00000, 0x0000000089f00000, 0x0000000089f00000|100%| E|CS|TAMS 0x0000000089e00000, 0x0000000089e00000| Complete 
| 109|0x0000000089f00000, 0x000000008a000000, 0x000000008a000000|100%| E|CS|TAMS 0x0000000089f00000, 0x0000000089f00000| Complete 
| 110|0x000000008a000000, 0x000000008a100000, 0x000000008a100000|100%| E|  |TAMS 0x000000008a000000, 0x000000008a000000| Complete 
| 111|0x000000008a100000, 0x000000008a200000, 0x000000008a200000|100%| E|CS|TAMS 0x000000008a100000, 0x000000008a100000| Complete 
| 112|0x000000008a200000, 0x000000008a300000, 0x000000008a300000|100%| E|CS|TAMS 0x000000008a200000, 0x000000008a200000| Complete 
| 113|0x000000008a300000, 0x000000008a400000, 0x000000008a400000|100%| E|CS|TAMS 0x000000008a300000, 0x000000008a300000| Complete 
| 114|0x000000008a400000, 0x000000008a500000, 0x000000008a500000|100%| E|CS|TAMS 0x000000008a400000, 0x000000008a400000| Complete 
| 115|0x000000008a500000, 0x000000008a600000, 0x000000008a600000|100%| E|CS|TAMS 0x000000008a500000, 0x000000008a500000| Complete 
| 116|0x000000008a600000, 0x000000008a700000, 0x000000008a700000|100%| E|CS|TAMS 0x000000008a600000, 0x000000008a600000| Complete 
| 117|0x000000008a700000, 0x000000008a800000, 0x000000008a800000|100%| E|CS|TAMS 0x000000008a700000, 0x000000008a700000| Complete 
| 118|0x000000008a800000, 0x000000008a900000, 0x000000008a900000|100%| E|CS|TAMS 0x000000008a800000, 0x000000008a800000| Complete 
| 119|0x000000008a900000, 0x000000008aa00000, 0x000000008aa00000|100%| E|CS|TAMS 0x000000008a900000, 0x000000008a900000| Complete 
| 120|0x000000008aa00000, 0x000000008ab00000, 0x000000008ab00000|100%| E|CS|TAMS 0x000000008aa00000, 0x000000008aa00000| Complete 
| 121|0x000000008ab00000, 0x000000008ac00000, 0x000000008ac00000|100%| E|CS|TAMS 0x000000008ab00000, 0x000000008ab00000| Complete 
| 122|0x000000008ac00000, 0x000000008ad00000, 0x000000008ad00000|100%| E|CS|TAMS 0x000000008ac00000, 0x000000008ac00000| Complete 
| 123|0x000000008ad00000, 0x000000008ae00000, 0x000000008ae00000|100%| E|CS|TAMS 0x000000008ad00000, 0x000000008ad00000| Complete 
| 124|0x000000008ae00000, 0x000000008af00000, 0x000000008af00000|100%| E|CS|TAMS 0x000000008ae00000, 0x000000008ae00000| Complete 
| 125|0x000000008af00000, 0x000000008b000000, 0x000000008b000000|100%| E|CS|TAMS 0x000000008af00000, 0x000000008af00000| Complete 

Card table byte_map: [0x0000023c5ee00000,0x0000023c5f1f0000] _byte_map_base: 0x0000023c5e9e7000

Marking Bits (Prev, Next): (CMBitMap*) 0x0000023c471ffe10, (CMBitMap*) 0x0000023c471ffe50
 Prev Bits: [0x0000023c5f5e0000, 0x0000023c61518000)
 Next Bits: [0x0000023c61520000, 0x0000023c63458000)

Polling page: 0x0000023c469a0000

Metaspace:

Usage:
  Non-class:      7.18 MB capacity,     4.50 MB ( 63%) used,     2.67 MB ( 37%) free+waste,     3.56 KB ( <1%) overhead. 
      Class:    617.00 KB capacity,   325.48 KB ( 53%) used,   290.70 KB ( 47%) free+waste,   832 bytes ( <1%) overhead. 
       Both:      7.78 MB capacity,     4.82 MB ( 62%) used,     2.95 MB ( 38%) free+waste,     4.38 KB ( <1%) overhead. 

Virtual space:
  Non-class space:        8.00 MB reserved,       7.50 MB ( 94%) committed 
      Class space:        1.00 GB reserved,     640.00 KB ( <1%) committed 
             Both:        1.01 GB reserved,       8.13 MB ( <1%) committed 

Chunk freelists:
   Non-Class:  139.00 KB
       Class:  23.00 KB
        Both:  162.00 KB

MaxMetaspaceSize: 17179869184.00 GB
CompressedClassSpaceSize: 1.00 GB

CodeHeap 'non-profiled nmethods': size=120000Kb used=446Kb max_used=446Kb free=119553Kb
 bounds [0x0000023c571b0000, 0x0000023c57420000, 0x0000023c5e6e0000]
CodeHeap 'profiled nmethods': size=120000Kb used=2068Kb max_used=2068Kb free=117931Kb
 bounds [0x0000023c4fc80000, 0x0000023c4fef0000, 0x0000023c571b0000]
CodeHeap 'non-nmethods': size=5760Kb used=1295Kb max_used=1321Kb free=4464Kb
 bounds [0x0000023c4f6e0000, 0x0000023c4f950000, 0x0000023c4fc80000]
 total_blobs=1807 nmethods=1229 adapters=491
 compilation: enabled
              stopped_count=0, restarted_count=0
 full_count=0

Compilation events (20 events):
Event: 26.956 Thread 0x0000023c65e911b0 1220   !   3       org.lwjgl.input.Mouse::getEventNanoseconds (17 bytes)
Event: 26.956 Thread 0x0000023c65e911b0 nmethod 1220 0x0000023c4fe81190 code [0x0000023c4fe81320, 0x0000023c4fe81498]
Event: 27.121 Thread 0x0000023c65e8d200 1221       4       com.badlogic.gdx.math.Matrix4::det (444 bytes)
Event: 27.124 Thread 0x0000023c65e8d200 nmethod 1221 0x0000023c5721ee90 code [0x0000023c5721f000, 0x0000023c5721f258]
Event: 27.237 Thread 0x0000023c65e911b0 1222       3       java.nio.HeapByteBuffer::getLong (30 bytes)
Event: 27.237 Thread 0x0000023c65e911b0 nmethod 1222 0x0000023c4fe81590 code [0x0000023c4fe81780, 0x0000023c4fe81c48]
Event: 27.237 Thread 0x0000023c65e911b0 1223       3       jdk.internal.misc.Unsafe::getLongUnaligned (12 bytes)
Event: 27.238 Thread 0x0000023c65e911b0 nmethod 1223 0x0000023c4fe81e10 code [0x0000023c4fe81fc0, 0x0000023c4fe821a8]
Event: 27.238 Thread 0x0000023c65e911b0 1224       3       jdk.internal.misc.Unsafe::getLongUnaligned (173 bytes)
Event: 27.238 Thread 0x0000023c65e911b0 nmethod 1224 0x0000023c4fe82290 code [0x0000023c4fe82460, 0x0000023c4fe82828]
Event: 27.953 Thread 0x0000023c65e911b0 1225  s    3       com.badlogic.gdx.InputEventQueue::mouseMoved (83 bytes)
Event: 27.954 Thread 0x0000023c65e911b0 nmethod 1225 0x0000023c4fe82910 code [0x0000023c4fe82b40, 0x0000023c4fe830a8]
Event: 28.453 Thread 0x0000023c65e911b0 1226       3       org.lwjgl.opengl.WindowsMouse::handleMouseMoved (100 bytes)
Event: 28.454 Thread 0x0000023c65e911b0 nmethod 1226 0x0000023c4fe83410 code [0x0000023c4fe835c0, 0x0000023c4fe83878]
Event: 28.904 Thread 0x0000023c65e8d200 1227       4       jdk.internal.misc.Unsafe::copyMemory (33 bytes)
Event: 28.908 Thread 0x0000023c65e8d200 nmethod 1227 0x0000023c5721f310 code [0x0000023c5721f4a0, 0x0000023c5721f7d8]
Event: 29.537 Thread 0x0000023c65e911b0 1228  s    3       org.lwjgl.opengl.EventQueue::putEvent (80 bytes)
Event: 29.538 Thread 0x0000023c65e911b0 nmethod 1228 0x0000023c4fe83990 code [0x0000023c4fe83c40, 0x0000023c4fe848e8]
Event: 31.336 Thread 0x0000023c65e911b0 1229       3       org.lwjgl.opengl.WindowsKeyboard::isKeyPressed (13 bytes)
Event: 31.337 Thread 0x0000023c65e911b0 nmethod 1229 0x0000023c4fe84d10 code [0x0000023c4fe84ea0, 0x0000023c4fe84fd8]

GC Heap History (0 events):
No events

Deoptimization events (20 events):
Event: 1.771 Thread 0x0000023c66dce3e0 DEOPT PACKING pc=0x0000023c4fdc7277 sp=0x000000762d2feca0
Event: 1.771 Thread 0x0000023c66dce3e0 DEOPT UNPACKING pc=0x0000023c4f72f6cf sp=0x000000762d2fe0c8 mode 0
Event: 1.787 Thread 0x0000023c66dce3e0 DEOPT PACKING pc=0x0000023c4fdc7277 sp=0x000000762d2feca0
Event: 1.787 Thread 0x0000023c66dce3e0 DEOPT UNPACKING pc=0x0000023c4f72f6cf sp=0x000000762d2fe0c8 mode 0
Event: 1.802 Thread 0x0000023c66dce3e0 DEOPT PACKING pc=0x0000023c4fdd16a0 sp=0x000000762d2fedb0
Event: 1.802 Thread 0x0000023c66dce3e0 DEOPT UNPACKING pc=0x0000023c4f72f6cf sp=0x000000762d2fe348 mode 0
Event: 1.835 Thread 0x0000023c66dce3e0 DEOPT PACKING pc=0x0000023c4fdd3fd2 sp=0x000000762d2fedc0
Event: 1.835 Thread 0x0000023c66dce3e0 DEOPT UNPACKING pc=0x0000023c4f72f6cf sp=0x000000762d2fe348 mode 0
Event: 1.852 Thread 0x0000023c66dce3e0 DEOPT PACKING pc=0x0000023c4fdd3fd2 sp=0x000000762d2fedc0
Event: 1.852 Thread 0x0000023c66dce3e0 DEOPT UNPACKING pc=0x0000023c4f72f6cf sp=0x000000762d2fe348 mode 0
Event: 1.853 Thread 0x0000023c66dce3e0 DEOPT PACKING pc=0x0000023c4fdd16a0 sp=0x000000762d2fedb0
Event: 1.853 Thread 0x0000023c66dce3e0 DEOPT UNPACKING pc=0x0000023c4f72f6cf sp=0x000000762d2fe348 mode 0
Event: 1.902 Thread 0x0000023c66dce3e0 DEOPT PACKING pc=0x0000023c4fdd3fd2 sp=0x000000762d2fedc0
Event: 1.902 Thread 0x0000023c66dce3e0 DEOPT UNPACKING pc=0x0000023c4f72f6cf sp=0x000000762d2fe348 mode 0
Event: 1.903 Thread 0x0000023c66dce3e0 DEOPT PACKING pc=0x0000023c4fdd16a0 sp=0x000000762d2fedb0
Event: 1.903 Thread 0x0000023c66dce3e0 DEOPT UNPACKING pc=0x0000023c4f72f6cf sp=0x000000762d2fe348 mode 0
Event: 1.919 Thread 0x0000023c66dce3e0 DEOPT PACKING pc=0x0000023c4fdd3fd2 sp=0x000000762d2fedc0
Event: 1.919 Thread 0x0000023c66dce3e0 DEOPT UNPACKING pc=0x0000023c4f72f6cf sp=0x000000762d2fe348 mode 0
Event: 1.936 Thread 0x0000023c66dce3e0 DEOPT PACKING pc=0x0000023c4fdd3fd2 sp=0x000000762d2fedc0
Event: 1.936 Thread 0x0000023c66dce3e0 DEOPT UNPACKING pc=0x0000023c4f72f6cf sp=0x000000762d2fe348 mode 0

Classes unloaded (0 events):
No events

Classes redefined (0 events):
No events

Internal exceptions (2 events):
Event: 0.394 Thread 0x0000023c66dce3e0 Exception <a 'org/lwjgl/LWJGLException'{0x000000008aa93630}: Failed to set device gamma.> (0x000000008aa93630) 
thrown [./src/hotspot/share/prims/jni.cpp, line 599]
Event: 32.957 Thread 0x0000023c66dce3e0 Exception <a 'org/lwjgl/LWJGLException'{0x0000000089dec138}: Failed to set device gamma.> (0x0000000089dec138) 
thrown [./src/hotspot/share/prims/jni.cpp, line 599]

Events (20 events):
Event: 1.922 Loaded shared library C:\Users\spenc\AppData\Local\Temp\libgdxspenc\1cecf4f6\lwjgl64.dll
Event: 2.097 Loaded shared library C:\Program Files\Zulu\zulu-15\bin\java.dll
Event: 2.272 Loaded shared library C:\Users\spenc\AppData\Local\Temp\libgdxspenc\1cecf4f6\lwjgl64.dll
Event: 2.354 Loaded shared library C:\Users\spenc\AppData\Local\Temp\libgdxspenc\1cecf4f6\lwjgl64.dll
Event: 2.922 Loaded shared library C:\Users\spenc\AppData\Local\Temp\libgdxspenc\1cecf4f6\lwjgl64.dll
Event: 3.154 Loaded shared library C:\Program Files\Zulu\zulu-15\bin\java.dll
Event: 3.355 Loaded shared library C:\Users\spenc\AppData\Local\Temp\libgdxspenc\1cecf4f6\lwjgl64.dll
Event: 3.688 Loaded shared library C:\Users\spenc\AppData\Local\Temp\libgdxspenc\1cecf4f6\lwjgl64.dll
Event: 3.688 Loaded shared library C:\Users\spenc\AppData\Local\Temp\libgdxspenc\1cecf4f6\lwjgl64.dll
Event: 5.187 Loaded shared library C:\Users\spenc\AppData\Local\Temp\libgdxspenc\1cecf4f6\lwjgl64.dll
Event: 5.188 Loaded shared library C:\Users\spenc\AppData\Local\Temp\libgdxspenc\1cecf4f6\lwjgl64.dll
Event: 5.787 Loaded shared library C:\Users\spenc\AppData\Local\Temp\libgdxspenc\1cecf4f6\lwjgl64.dll
Event: 10.054 Loaded shared library C:\Users\spenc\AppData\Local\Temp\libgdxspenc\e1cd32f8\gdx64.dll
Event: 10.071 Loaded shared library C:\Users\spenc\AppData\Local\Temp\libgdxspenc\1cecf4f6\lwjgl64.dll
Event: 10.071 Loaded shared library C:\Users\spenc\AppData\Local\Temp\libgdxspenc\1cecf4f6\lwjgl64.dll
Event: 12.654 Loaded shared library C:\Users\spenc\AppData\Local\Temp\libgdxspenc\1cecf4f6\lwjgl64.dll
Event: 12.655 Loaded shared library C:\Users\spenc\AppData\Local\Temp\libgdxspenc\1cecf4f6\lwjgl64.dll
Event: 13.822 Executing VM operation: HandshakeAllThreads
Event: 13.822 Executing VM operation: HandshakeAllThreads done
Event: 17.621 Loaded shared library C:\Users\spenc\AppData\Local\Temp\libgdxspenc\1cecf4f6\lwjgl64.dll


Dynamic libraries:
0x00007ff672bf0000 - 0x00007ff672bfd000 	C:\Program Files\Zulu\zulu-15\bin\java.exe
0x00007ffb0eff0000 - 0x00007ffb0f1e5000 	C:\Windows\SYSTEM32\ntdll.dll
0x00007ffb0e010000 - 0x00007ffb0e0ce000 	C:\Windows\System32\KERNEL32.DLL
0x00007ffb0caa0000 - 0x00007ffb0cd68000 	C:\Windows\System32\KERNELBASE.dll
0x00007ffb0ce40000 - 0x00007ffb0cf40000 	C:\Windows\System32\ucrtbase.dll
0x00007ffae3bb0000 - 0x00007ffae3bc8000 	C:\Program Files\Zulu\zulu-15\bin\jli.dll
0x00007ffae39b0000 - 0x00007ffae39c5000 	C:\Program Files\Zulu\zulu-15\bin\VCRUNTIME140.dll
0x00007ffaf5a40000 - 0x00007ffaf5cda000 	C:\Windows\WinSxS\amd64_microsoft.windows.common-controls_6595b64144ccf1df_6.0.19041.1110_none_60b5254171f9507e\COMCTL32.dll
0x00007ffb0d0d0000 - 0x00007ffb0d16e000 	C:\Windows\System32\msvcrt.dll
0x00007ffb0de60000 - 0x00007ffb0e001000 	C:\Windows\System32\USER32.dll
0x00007ffb0de20000 - 0x00007ffb0de4b000 	C:\Windows\System32\GDI32.dll
0x00007ffb0c910000 - 0x00007ffb0c932000 	C:\Windows\System32\win32u.dll
0x00007ffb0c7b0000 - 0x00007ffb0c8bd000 	C:\Windows\System32\gdi32full.dll
0x00007ffb0cd70000 - 0x00007ffb0ce0d000 	C:\Windows\System32\msvcp_win.dll
0x00007ffb0ef80000 - 0x00007ffb0efb0000 	C:\Windows\System32\IMM32.DLL
0x00007ffae31d0000 - 0x00007ffae326b000 	C:\Program Files\Zulu\zulu-15\bin\msvcp140.dll
0x00007ffa9d7e0000 - 0x00007ffa9e372000 	C:\Program Files\Zulu\zulu-15\bin\server\jvm.dll
0x00007ffb0e1a0000 - 0x00007ffb0e24c000 	C:\Windows\System32\ADVAPI32.dll
0x00007ffb0e450000 - 0x00007ffb0e4eb000 	C:\Windows\System32\sechost.dll
0x00007ffb0e320000 - 0x00007ffb0e44a000 	C:\Windows\System32\RPCRT4.dll
0x00007ffb0e0d0000 - 0x00007ffb0e0d8000 	C:\Windows\System32\PSAPI.DLL
0x00007ffae7d00000 - 0x00007ffae7d27000 	C:\Windows\SYSTEM32\WINMM.dll
0x00007ffa974a0000 - 0x00007ffa974a9000 	C:\Windows\SYSTEM32\WSOCK32.dll
0x00007ffaf8f40000 - 0x00007ffaf8f4a000 	C:\Windows\SYSTEM32\VERSION.dll
0x00007ffb0e4f0000 - 0x00007ffb0e55b000 	C:\Windows\System32\WS2_32.dll
0x00007ffb0af80000 - 0x00007ffb0af92000 	C:\Windows\SYSTEM32\kernel.appcore.dll
0x00007ffb05cb0000 - 0x00007ffb05cba000 	C:\Program Files\Zulu\zulu-15\bin\jimage.dll
0x00007ffb0a350000 - 0x00007ffb0a534000 	C:\Windows\SYSTEM32\DBGHELP.DLL
0x00007ffaf0b40000 - 0x00007ffaf0b6c000 	C:\Windows\SYSTEM32\dbgcore.DLL
0x00007ffb0cfa0000 - 0x00007ffb0d022000 	C:\Windows\System32\bcryptPrimitives.dll
0x00007ffae3730000 - 0x00007ffae3755000 	C:\Program Files\Zulu\zulu-15\bin\java.dll
0x00007ffb0d620000 - 0x00007ffb0dd64000 	C:\Windows\System32\SHELL32.dll
0x00007ffb0a7d0000 - 0x00007ffb0af64000 	C:\Windows\SYSTEM32\windows.storage.dll
0x00007ffb0d170000 - 0x00007ffb0d4c5000 	C:\Windows\System32\combase.dll
0x00007ffb0c150000 - 0x00007ffb0c17e000 	C:\Windows\SYSTEM32\Wldp.dll
0x00007ffb0dd70000 - 0x00007ffb0de1d000 	C:\Windows\System32\SHCORE.dll
0x00007ffb0d4d0000 - 0x00007ffb0d525000 	C:\Windows\System32\shlwapi.dll
0x00007ffb0c640000 - 0x00007ffb0c65f000 	C:\Windows\SYSTEM32\profapi.dll
0x00007ffae3710000 - 0x00007ffae3729000 	C:\Program Files\Zulu\zulu-15\bin\net.dll
0x00007ffb06d40000 - 0x00007ffb06e4c000 	C:\Windows\SYSTEM32\WINHTTP.dll
0x00007ffb0beb0000 - 0x00007ffb0bf1a000 	C:\Windows\system32\mswsock.dll
0x00007ffae33a0000 - 0x00007ffae33b2000 	C:\Program Files\Zulu\zulu-15\bin\nio.dll
0x00007ffae3380000 - 0x00007ffae3398000 	C:\Program Files\Zulu\zulu-15\bin\zip.dll
0x000000006e700000 - 0x000000006e72a000 	C:\Users\spenc\AppData\Local\Temp\libgdxspenc\e1cd32f8\gdx64.dll
0x00007ffb05c90000 - 0x00007ffb05ca0000 	C:\Program Files\Zulu\zulu-15\bin\verify.dll
0x0000000180000000 - 0x0000000180053000 	C:\Users\spenc\AppData\Local\Temp\libgdxspenc\1cecf4f6\lwjgl64.dll
0x00007ffad4dd0000 - 0x00007ffad4ef5000 	C:\Windows\SYSTEM32\OPENGL32.dll
0x00007ffad56f0000 - 0x00007ffad571c000 	C:\Windows\SYSTEM32\GLU32.dll
0x0000023c67420000 - 0x0000023c67484000 	C:\Users\spenc\AppData\Local\Temp\libgdxspenc\1cecf4f6\OpenAL64.dll
0x00007ffb0e6e0000 - 0x00007ffb0e80a000 	C:\Windows\System32\ole32.dll
0x00007ffb09c80000 - 0x00007ffb09d1e000 	C:\Windows\system32\uxtheme.dll
0x00007ffb0eed0000 - 0x00007ffb0ef79000 	C:\Windows\System32\clbcatq.dll
0x00007ffae2d90000 - 0x00007ffae2e2c000 	C:\Windows\SYSTEM32\dsound.dll
0x00007ffb0bc70000 - 0x00007ffb0bcbb000 	C:\Windows\SYSTEM32\powrprof.dll
0x00007ffaf09a0000 - 0x00007ffaf09c6000 	C:\Windows\SYSTEM32\winmmbase.dll
0x00007ffb0bb30000 - 0x00007ffb0bb42000 	C:\Windows\SYSTEM32\UMPDC.dll
0x00007ffaffc30000 - 0x00007ffaffcb5000 	C:\Windows\System32\MMDevApi.dll
0x00007ffb0c4a0000 - 0x00007ffb0c4d4000 	C:\Windows\System32\DEVOBJ.dll
0x00007ffb0c8c0000 - 0x00007ffb0c90e000 	C:\Windows\System32\cfgmgr32.dll
0x00007ffaffd40000 - 0x00007ffaffec1000 	C:\Windows\SYSTEM32\AUDIOSES.DLL
0x00007ffb0e250000 - 0x00007ffb0e31d000 	C:\Windows\System32\OLEAUT32.dll
0x00007ffb09e50000 - 0x00007ffb09e64000 	C:\Windows\SYSTEM32\resourcepolicyclient.dll
0x00007ffb05e90000 - 0x00007ffb05f3e000 	C:\Windows\SYSTEM32\mscms.dll
0x00007ffb0c600000 - 0x00007ffb0c62e000 	C:\Windows\SYSTEM32\USERENV.dll
0x00007ffb05e70000 - 0x00007ffb05e81000 	C:\Windows\SYSTEM32\ColorAdapterClient.dll
0x00007ffb0e5c0000 - 0x00007ffb0e6d5000 	C:\Windows\System32\MSCTF.dll
0x00007ffafc260000 - 0x00007ffafc359000 	C:\Windows\SYSTEM32\textinputframework.dll
0x00007ffb09250000 - 0x00007ffb095ae000 	C:\Windows\System32\CoreUIComponents.dll
0x00007ffb095b0000 - 0x00007ffb096a2000 	C:\Windows\System32\CoreMessaging.dll
0x00007ffb0b3f0000 - 0x00007ffb0b423000 	C:\Windows\SYSTEM32\ntmarta.dll
0x00007ffb08950000 - 0x00007ffb08aa4000 	C:\Windows\SYSTEM32\wintypes.dll
0x00007ffadd780000 - 0x00007ffadd7e6000 	C:\Windows\system32\Oleacc.dll
0x00007ffb00080000 - 0x00007ffb00179000 	C:\Windows\System32\AppXDeploymentClient.dll
0x00007ffa84a60000 - 0x00007ffa85a66000 	C:\Windows\System32\DriverStore\FileRepository\iigd_dch.inf_amd64_fe923c94e9ba883c\igxelpicd64.dll
0x00007ffb09e70000 - 0x00007ffb09e9f000 	C:\Windows\system32\dwmapi.dll
0x00007ffb0aff0000 - 0x00007ffb0b0e4000 	C:\Windows\system32\dxgi.dll
0x00007ffa94280000 - 0x00007ffa9471e000 	C:\Windows\System32\DriverStore\FileRepository\iigd_dch.inf_amd64_fe923c94e9ba883c\igdml64.dll
0x00007ffafc790000 - 0x00007ffafcb51000 	C:\Windows\System32\DriverStore\FileRepository\iigd_dch.inf_amd64_fe923c94e9ba883c\igdgmm64.dll
0x00007ffae5680000 - 0x00007ffae56c3000 	C:\Windows\SYSTEM32\icm32.dll
0x00007ffaf5ce0000 - 0x00007ffaf8f40000 	C:\Windows\System32\DriverStore\FileRepository\iigd_dch.inf_amd64_fe923c94e9ba883c\igc64.dll
0x0000000066b00000 - 0x0000000066b5b000 	C:\Users\spenc\AppData\Local\Temp\libgdxspenc\a14961b7\gdx-box2d64.dll

dbghelp: loaded successfully - version: 4.0.5 - missing functions: none
symbol engine: initialized successfully - sym options: 0x614 - pdb path: .;C:\Program Files\Zulu\zulu-15\bin;C:\Windows\SYSTEM32;C:\Windows\WinSxS\amd64_microsoft.windows.common-controls_6595b64144ccf1df_6.0.19041.1110_none_60b5254171f9507e;C:\Program Files\Zulu\zulu-15\bin\server;C:\Users\spenc\AppData\Local\Temp\libgdxspenc\e1cd32f8;C:\Users\spenc\AppData\Local\Temp\libgdxspenc\1cecf4f6;C:\Windows\System32\DriverStore\FileRepository\iigd_dch.inf_amd64_fe923c94e9ba883c;C:\Users\spenc\AppData\Local\Temp\libgdxspenc\a14961b7

VM Arguments:
jvm_args: -Dfile.encoding=windows-1252 -Duser.country=CA -Duser.language=en -Duser.variant 
java_command: com.mygdx.game.desktop.DesktopLauncher
java_class_path (initial): C:\Users\spenc\OneDrive\Documents\GitHub\PortalGame\PortalGame\desktop\build\classes\java\main;C:\Users\spenc\OneDrive\Documents\GitHub\PortalGame\PortalGame\desktop\build\resources\main;C:\Users\spenc\.gradle\caches\modules-2\files-2.1\com.badlogicgames.gdx\gdx-tools\1.10.0\d699cf4953fb42a071c7c3feb9b5c45601aa6a4b\gdx-tools-1.10.0.jar;C:\Users\spenc\.gradle\caches\modules-2\files-2.1\com.badlogicgames.gdx\gdx-backend-lwjgl\1.10.0\58ff89d9e4fd8a82591367f187d606e781cacc05\gdx-backend-lwjgl-1.10.0.jar;C:\Users\spenc\.gradle\caches\modules-2\files-2.1\com.badlogicgames.gdx\gdx-platform\1.10.0\9a8fa793d2fd6d360afc6c9e4c1f5583da263b88\gdx-platform-1.10.0-natives-desktop.jar;C:\Users\spenc\.gradle\caches\modules-2\files-2.1\com.badlogicgames.gdx\gdx-box2d-platform\1.10.0\588c4191c5a64ed39365e71484aa37d81c38eb5e\gdx-box2d-platform-1.10.0-natives-desktop.jar;C:\Users\spenc\.gradle\caches\modules-2\files-2.1\com.badlogicgames.gdx\gdx-bullet-platform\1.10.0\ce92e8dfc762523d769cbc50853163c03bf98cf1\gdx-bullet-platform-1.10.0-natives-desktop.jar;C:\Users\spenc\.gradle\caches\modules-2\files-2.1\com.badlogicgames.gdx\gdx-freetype-platform\1.10.0\6e5d28752759e69384f12e4569d2c884ff71352f\gdx-freetype-platform-1.10.0-natives-desktop.jar;C:\Users\spenc\OneDrive\Documents\GitHub\PortalGame\PortalGame\core\build\libs\core-1.0.jar;C:\Users\spenc\.gradle\caches\modules-2\files-2.1\com.badlogicgames.gdx\gdx-backend-headless\1.10.0\990eadbb431197c5b9b816d1659c772e0268e65\gdx-backend-headless-1.10.0.jar;C:\Users\spenc\.gradle\caches\modules-2\files-2.1\com.badlogicgames.gdx\gdx-freetype\1.10.0\de1d0d5c1e92e8d91364256fd6b7bb279d3e9859\gdx-freetype-1.10.0.jar;C:\Users\spenc\.gradle\caches\modules-2\files-2.1\com.badlogicgames.box2dlights\box2dlights\1.5\6902dbcd250c95a27973aa24a147a95b3828d348\box2dlights-1.5.jar;C:\Users\spenc\.gradle\caches\modules-2\files-2.1\com.badlogicgames.gdx\gdx-box2d\1.10.0\b3a3c0f00b90716238835434d0ae8985604c37f8\gdx-box2d-1.10.0.jar;C
Launcher Type: SUN_STANDARD

[Global flags]
     intx CICompilerCount                          = 4                                         {product} {ergonomic}
     uint ConcGCThreads                            = 2                                         {product} {ergonomic}
     uint G1ConcRefinementThreads                  = 8                                         {product} {ergonomic}
   size_t G1HeapRegionSize                         = 1048576                                   {product} {ergonomic}
    uintx GCDrainStackTargetSize                   = 64                                        {product} {ergonomic}
   size_t InitialHeapSize                          = 132120576                                 {product} {ergonomic}
   size_t MarkStackSize                            = 4194304                                   {product} {ergonomic}
   size_t MaxHeapSize                              = 2095054848                                {product} {ergonomic}
   size_t MaxNewSize                               = 1256194048                                {product} {ergonomic}
   size_t MinHeapDeltaBytes                        = 1048576                                   {product} {ergonomic}
   size_t MinHeapSize                              = 8388608                                   {product} {ergonomic}
    uintx NonNMethodCodeHeapSize                   = 5839372                                {pd product} {ergonomic}
    uintx NonProfiledCodeHeapSize                  = 122909434                              {pd product} {ergonomic}
    uintx ProfiledCodeHeapSize                     = 122909434                              {pd product} {ergonomic}
    uintx ReservedCodeCacheSize                    = 251658240                              {pd product} {ergonomic}
     bool SegmentedCodeCache                       = true                                      {product} {ergonomic}
   size_t SoftMaxHeapSize                          = 2095054848                             {manageable} {ergonomic}
     bool UseCompressedClassPointers               = true                                 {lp64_product} {ergonomic}
     bool UseCompressedOops                        = true                                 {lp64_product} {ergonomic}
     bool UseG1GC                                  = true                                      {product} {ergonomic}
     bool UseLargePagesIndividualAllocation        = false                                  {pd product} {ergonomic}

Logging:
Log output configuration:
 #0: stdout all=warning uptime,level,tags
 #1: stderr all=off uptime,level,tags

Environment Variables:
JAVA_HOME=C:\Program Files\Java\jdk1.8.0_311
PATH=C:\Program Files\Zulu\zulu-15\bin\;C:\Program Files (x86)\Common Files\Oracle\Java\javapath;C:\Windows\system32;C:\Windows;C:\Windows\System32\Wbem;C:\Windows\System32\WindowsPowerShell\v1.0\;C:\Windows\System32\OpenSSH\;C:\Program Files\Git\cmd;C:\Users\spenc\AppData\Local\Microsoft\WindowsApps;C:\Users\spenc\AppData\Local\GitHubDesktop\bin;C:\Program Files\JetBrains\IntelliJ IDEA Community Edition 2021.3\bin;
USERNAME=spenc
OS=Windows_NT
PROCESSOR_IDENTIFIER=Intel64 Family 6 Model 140 Stepping 1, GenuineIntel



---------------  S Y S T E M  ---------------

OS:
 Windows 10 , 64 bit Build 19041 (10.0.19041.1348)
OS uptime: 13 days 18:26 hours

CPU: total 8 (initial active 8) (4 cores per cpu, 2 threads per core) family 6 model 140 stepping 1 microcode 0x78, cmov, cx8, fxsr, mmx, sse, sse2, sse3, ssse3, sse4.1, sse4.2, popcnt, vzeroupper, avx, avx2, aes, clmul, erms, 3dnowpref, lzcnt, ht, tsc, tscinvbit, bmi1, bmi2, adx, avx512f, avx512dq, avx512cd, avx512bw, avx512vl, avx512_vpopcntdq, avx512_vpclmulqdq, avx512_vbmi, avx512_vbmi2, avx512_vaes, avx512_vnni, sha, fma, clflush, clflushopt, clwb

Memory: 4k page, system-wide physical 7987M (532M free)
TotalPageFile size 30823M (AvailPageFile size 10924M)
current process WorkingSet (physical memory assigned to process): 167M, peak: 184M
current process commit charge ("private bytes"): 290M, peak: 308M

vm_info: OpenJDK 64-Bit Server VM (15.0.5+3-MTS) for windows-amd64 JRE (15.0.5+3-MTS) (Zulu15.36+13-CA), built on Oct  8 2021 11:07:26 by "zulu_re" with MS VC++ 15.9 (VS2017)

END.
