#
# A fatal error has been detected by the Java Runtime Environment:
#
#  EXCEPTION_ACCESS_VIOLATION (0xc0000005) at pc=0x0000000066b21110, pid=34912, tid=11800
#
# JRE version: OpenJDK Runtime Environment Zulu15.36+13-CA (15.0.5+3) (build 15.0.5+3-MTS)
# Java VM: OpenJDK 64-Bit Server VM Zulu15.36+13-CA (15.0.5+3-MTS, mixed mode, sharing, tiered, compressed oops, g1 gc, windows-amd64)
# Problematic frame:
# C  [gdx-box2d64.dll+0x21110]
#
# No core dump will be written. Minidumps are not enabled by default on client versions of Windows
#
# If you would like to submit a bug report, please visit:
#   http://www.azul.com/support/
# The crash happened outside the Java Virtual Machine in native code.
# See problematic frame for where to report the bug.
#

---------------  S U M M A R Y ------------

Command Line: -Dfile.encoding=windows-1252 -Duser.country=CA -Duser.language=en -Duser.variant com.mygdx.game.desktop.DesktopLauncher

Host: 11th Gen Intel(R) Core(TM) i5-1135G7 @ 2.40GHz, 8 cores, 7G,  Windows 10 , 64 bit Build 19041 (10.0.19041.1348)
Time: Sun Jan  2 21:11:58 2022 Eastern Standard Time elapsed time: 13.835456 seconds (0d 0h 0m 13s)

---------------  T H R E A D  ---------------

Current thread (0x00000285ddf88cb0):  JavaThread "LWJGL Application" [_thread_in_native, id=11800, stack(0x000000f756300000,0x000000f756400000)]

Stack: [0x000000f756300000,0x000000f756400000],  sp=0x000000f7563ff048,  free space=1020k
Native frames: (J=compiled Java code, j=interpreted, Vv=VM code, C=native code)
C  [gdx-box2d64.dll+0x21110]

Java frames: (J=compiled Java code, j=interpreted, Vv=VM code)
j  com.badlogic.gdx.physics.box2d.World.jniDestroyBody(JJ)V+0
j  com.badlogic.gdx.physics.box2d.World.destroyBody(Lcom/badlogic/gdx/physics/box2d/Body;)V+42
j  com.mygdx.game.Entity.dispose()V+8
j  com.mygdx.game.MyGdxGame.dispose()V+82
j  com.badlogic.gdx.backends.lwjgl.LwjglApplication.mainLoop()V+924
j  com.badlogic.gdx.backends.lwjgl.LwjglApplication$1.run()V+27
v  ~StubRoutines::call_stub

siginfo: EXCEPTION_ACCESS_VIOLATION (0xc0000005), writing address 0x00000285df630898


Register to memory mapping:

RIP=0x0000000066b21110 gdx-box2d64.dll
RAX=0x0000000066b48840 gdx-box2d64.dll
RBX=0x00000285df617590 points into unknown readable memory: 0x00000285bc5b0150 | 50 01 5b bc 85 02 00 00
RCX=0x00000285df617590 points into unknown readable memory: 0x00000285bc5b0150 | 50 01 5b bc 85 02 00 00
RDX=0x000000f7563ff070 is pointing into the stack for thread: 0x00000285ddf88cb0
RSP=0x000000f7563ff048 is pointing into the stack for thread: 0x00000285ddf88cb0
RBP=0x000000f7563ff168 is pointing into the stack for thread: 0x00000285ddf88cb0
RSI=0x00000285df66b7b0 is an unknown value
RDI=0x0000000000000999 is an unknown value
R8 =0x00000285df617590 points into unknown readable memory: 0x00000285bc5b0150 | 50 01 5b bc 85 02 00 00
R9 =0x00000285df66b7b0 is an unknown value
R10=0x00000285c691f148 is at code_begin+1000 in an Interpreter codelet
method entry point (kind = native)  [0x00000285c691ed60, 0x00000285c691f7e0]  2688 bytes
R11=0x0000000000000102 is an unknown value
R12=0x0 is NULL
R13={method} {0x00000285dd786d90} 'jniDestroyBody' '(JJ)V' in 'com/badlogic/gdx/physics/box2d/World'
R14=0x000000f7563ff1a8 is pointing into the stack for thread: 0x00000285ddf88cb0
R15=0x00000285ddf88cb0 is a thread


Registers:
RAX=0x0000000066b48840, RBX=0x00000285df617590, RCX=0x00000285df617590, RDX=0x000000f7563ff070
RSP=0x000000f7563ff048, RBP=0x000000f7563ff168, RSI=0x00000285df66b7b0, RDI=0x0000000000000999
R8 =0x00000285df617590, R9 =0x00000285df66b7b0, R10=0x00000285c691f148, R11=0x0000000000000102
R12=0x0000000000000000, R13=0x00000285dd786d88, R14=0x000000f7563ff1a8, R15=0x00000285ddf88cb0
RIP=0x0000000066b21110, EFLAGS=0x0000000000010206

Top of Stack: (sp=0x000000f7563ff048)
0x000000f7563ff048:   0000000066b26a85 000000f7563ff168
0x000000f7563ff058:   00007ffa79e0e3d7 000000f7563ff080
0x000000f7563ff068:   00000285ddfcaa10 0000000066b487e0
0x000000f7563ff078:   00000285ddf88fd8 000000f7563ff1a8
0x000000f7563ff088:   00000285ddf88cb0 0000000066b48840
0x000000f7563ff098:   00000285ddf88fd8 000000f7563ff1a8
0x000000f7563ff0a8:   00000285dd786d88 00000285dd786d88
0x000000f7563ff0b8:   00000285dd786d88 0000000000000148
0x000000f7563ff0c8:   00000285c691f177 00000285dd786d88
0x000000f7563ff0d8:   00000285ddf88cb0 0000000000000999
0x000000f7563ff0e8:   00000285c691ee5c 00000285dd786d88
0x000000f7563ff0f8:   0000000000000148 00000285dd7f9ee8
0x000000f7563ff108:   00007ffa7a08a8fc 0000000000000999
0x000000f7563ff118:   00000285c691ee16 000000f7563ff120
0x000000f7563ff128:   00000285dd786d88 000000f7563ff1a8
0x000000f7563ff138:   00000285dd79a060 0000000000000000 

Instructions: (pc=0x0000000066b21110)
0x0000000066b21010:   01 00 00 00 00 00 48 c7 83 78 93 01 00 00 00 00
0x0000000066b21020:   00 48 83 c4 20 5b 5e 5f c3 48 89 c6 48 89 d9 e8
0x0000000066b21030:   ec aa fe ff 48 89 f1 e8 74 50 01 00 48 89 c7 48
0x0000000066b21040:   89 f1 e8 39 b4 fe ff 48 89 fe eb e0 0f 1f 40 00
0x0000000066b21050:   57 56 53 48 83 ec 20 48 8b 81 20 93 01 00 48 89
0x0000000066b21060:   ce 48 85 c0 74 3d 66 2e 0f 1f 84 00 00 00 00 00
0x0000000066b21070:   48 8b 48 70 48 8b 78 68 48 85 c9 74 1e 0f 1f 00
0x0000000066b21080:   c7 41 30 00 00 00 00 48 89 f2 48 8b 59 08 e8 fd
0x0000000066b21090:   e7 ff ff 48 85 db 48 89 d9 75 e5 48 85 ff 48 89
0x0000000066b210a0:   f8 75 cd 48 8d 8e a0 92 01 00 e8 31 25 fe ff 48
0x0000000066b210b0:   8d 8e 80 00 00 00 e8 c5 b3 fe ff 48 89 f1 48 83
0x0000000066b210c0:   c4 20 5b 5e 5f e9 56 aa fe ff 48 8d 8e a0 92 01
0x0000000066b210d0:   00 48 89 c3 e8 07 25 fe ff 48 8d 8e 80 00 00 00
0x0000000066b210e0:   e8 9b b3 fe ff 48 89 f1 e8 33 aa fe ff 48 89 d9
0x0000000066b210f0:   e8 bb 4f 01 00 48 89 c3 eb eb 48 89 c3 eb da 90
0x0000000066b21100:   48 89 91 48 93 01 00 c3 0f 1f 84 00 00 00 00 00
0x0000000066b21110:   48 89 91 08 93 01 00 c3 0f 1f 84 00 00 00 00 00
0x0000000066b21120:   48 89 91 10 93 01 00 c3 0f 1f 84 00 00 00 00 00
0x0000000066b21130:   48 89 91 50 93 01 00 c3 0f 1f 84 00 00 00 00 00
0x0000000066b21140:   57 56 53 48 83 ec 20 f6 81 98 92 01 00 02 48 89
0x0000000066b21150:   ce 48 89 d7 75 5a ba b8 00 00 00 48 89 f1 e8 fd
0x0000000066b21160:   a9 fe ff 48 85 c0 48 89 c3 74 0e 49 89 f0 48 89
0x0000000066b21170:   fa 48 89 c1 e8 97 ce ff ff 48 8b 86 20 93 01 00
0x0000000066b21180:   48 c7 43 60 00 00 00 00 48 85 c0 48 89 43 68 74
0x0000000066b21190:   04 48 89 58 60 83 86 30 93 01 00 01 48 89 d8 48
0x0000000066b211a0:   89 9e 20 93 01 00 48 83 c4 20 5b 5e 5f c3 66 90
0x0000000066b211b0:   48 8d 15 39 37 02 00 48 8d 0d 90 37 02 00 41 b8
0x0000000066b211c0:   6d 00 00 00 e8 07 54 01 00 31 c0 f6 86 98 92 01
0x0000000066b211d0:   00 02 74 82 48 83 c4 20 5b 5e 5f c3 0f 1f 40 00
0x0000000066b211e0:   56 53 48 83 ec 28 f6 81 98 92 01 00 02 48 89 cb
0x0000000066b211f0:   48 89 d6 0f 85 f7 00 00 00 48 89 f1 48 89 da e8
0x0000000066b21200:   6c 28 ff ff 48 89 c1 48 c7 40 10 00 00 00 00 48 


Stack slot to memory mapping:
stack at sp + 0 slots: 0x0000000066b26a85 gdx-box2d64.dll
stack at sp + 1 slots: 0x000000f7563ff168 is pointing into the stack for thread: 0x00000285ddf88cb0
stack at sp + 2 slots: 0x00007ffa79e0e3d7 jvm.dll
stack at sp + 3 slots: 0x000000f7563ff080 is pointing into the stack for thread: 0x00000285ddf88cb0
stack at sp + 4 slots: 0x00000285ddfcaa10 points into unknown readable memory: 0x8a00f30000000002 | 02 00 00 00 00 f3 00 8a
stack at sp + 5 slots: 0x0000000066b487e0 gdx-box2d64.dll
stack at sp + 6 slots: 0x00000285ddf88fd8 points into unknown readable memory: 0x00007ffa7a506fb0 | b0 6f 50 7a fa 7f 00 00
stack at sp + 7 slots: 0x000000f7563ff1a8 is pointing into the stack for thread: 0x00000285ddf88cb0


---------------  P R O C E S S  ---------------

Threads class SMR info:
_java_thread_list=0x00000285e5d640f0, length=13, elements={
0x00000285dd0ec630, 0x00000285dd0f1220, 0x00000285dd1088b0, 0x00000285dd109360,
0x00000285dd109e10, 0x00000285dd10abf0, 0x00000285dd10bfa0, 0x00000285dd10eab0,
0x00000285ddb4e450, 0x00000285ddb54aa0, 0x00000285ddf88cb0, 0x00000285be3f03d0,
0x00000285e5d38480
}

Java Threads: ( => current thread )
  0x00000285dd0ec630 JavaThread "Reference Handler" daemon [_thread_blocked, id=30112, stack(0x000000f755600000,0x000000f755700000)]
  0x00000285dd0f1220 JavaThread "Finalizer" daemon [_thread_blocked, id=30996, stack(0x000000f755700000,0x000000f755800000)]
  0x00000285dd1088b0 JavaThread "Signal Dispatcher" daemon [_thread_blocked, id=35124, stack(0x000000f755800000,0x000000f755900000)]
  0x00000285dd109360 JavaThread "Attach Listener" daemon [_thread_blocked, id=23984, stack(0x000000f755900000,0x000000f755a00000)]
  0x00000285dd109e10 JavaThread "Service Thread" daemon [_thread_blocked, id=25452, stack(0x000000f755a00000,0x000000f755b00000)]
  0x00000285dd10abf0 JavaThread "C2 CompilerThread0" daemon [_thread_blocked, id=12888, stack(0x000000f755b00000,0x000000f755c00000)]
  0x00000285dd10bfa0 JavaThread "C1 CompilerThread0" daemon [_thread_blocked, id=28004, stack(0x000000f755c00000,0x000000f755d00000)]
  0x00000285dd10eab0 JavaThread "Sweeper thread" daemon [_thread_blocked, id=18088, stack(0x000000f755d00000,0x000000f755e00000)]
  0x00000285ddb4e450 JavaThread "Notification Thread" daemon [_thread_blocked, id=19928, stack(0x000000f755e00000,0x000000f755f00000)]
  0x00000285ddb54aa0 JavaThread "Common-Cleaner" daemon [_thread_blocked, id=31464, stack(0x000000f756000000,0x000000f756100000)]
=>0x00000285ddf88cb0 JavaThread "LWJGL Application" [_thread_in_native, id=11800, stack(0x000000f756300000,0x000000f756400000)]
  0x00000285be3f03d0 JavaThread "DestroyJavaVM" [_thread_blocked, id=18212, stack(0x000000f754f00000,0x000000f755000000)]
  0x00000285e5d38480 JavaThread "LWJGL Timer" daemon [_thread_blocked, id=20376, stack(0x000000f756800000,0x000000f756900000)]

Other Threads:
  0x00000285dd0e8da0 VMThread "VM Thread" [stack: 0x000000f755500000,0x000000f755600000] [id=29848]
  0x00000285ddb4f130 WatcherThread [stack: 0x000000f755f00000,0x000000f756000000] [id=32840]
  0x00000285be42fa50 GCTaskThread "GC Thread#0" [stack: 0x000000f755000000,0x000000f755100000] [id=25284]
  0x00000285be4406e0 ConcurrentGCThread "G1 Main Marker" [stack: 0x000000f755100000,0x000000f755200000] [id=25872]
  0x00000285be441350 ConcurrentGCThread "G1 Conc#0" [stack: 0x000000f755200000,0x000000f755300000] [id=30952]
  0x00000285dcf620d0 ConcurrentGCThread "G1 Refine#0" [stack: 0x000000f755300000,0x000000f755400000] [id=32136]
  0x00000285dcf63ce0 ConcurrentGCThread "G1 Young RemSet Sampling" [stack: 0x000000f755400000,0x000000f755500000] [id=25144]

Threads with active compile tasks:

VM state: not at safepoint (normal execution)

VM Mutex/Monitor currently owned by a thread: None

Heap address: 0x0000000083200000, size: 1998 MB, Compressed Oops mode: 32-bit
CDS archive(s) mapped at: [0x0000000800000000-0x0000000800b50000-0x0000000800b50000), size 11862016, SharedBaseAddress: 0x0000000800000000, ArchiveRelocationMode: 0.
Compressed class space mapped at: 0x0000000800b50000-0x0000000840b50000, size: 1073741824
Narrow klass base: 0x0000000800000000, Narrow klass shift: 3, Narrow klass range: 0x100000000

GC Precious Log:
 CPUs: 8 total, 8 available
 Memory: 7987M
 Large Page Support: Disabled
 NUMA Support: Disabled
 Compressed Oops: Enabled (32-bit)
 Heap Region Size: 1M
 Heap Min Capacity: 8M
 Heap Initial Capacity: 126M
 Heap Max Capacity: 1998M
 Pre-touch: Disabled
 Parallel Workers: 8
 Concurrent Workers: 2
 Concurrent Refinement Workers: 8
 Periodic GC: Disabled

Heap:
 garbage-first heap   total 129024K, used 16384K [0x0000000083200000, 0x0000000100000000)
  region size 1024K, 18 young (18432K), 0 survivors (0K)
 Metaspace       used 4917K, capacity 7966K, committed 8320K, reserved 1056768K
  class space    used 325K, capacity 617K, committed 640K, reserved 1048576K

Heap Regions: E=young(eden), S=young(survivor), O=old, HS=humongous(starts), HC=humongous(continues), CS=collection set, F=free, OA=open archive, CA=closed archive, TAMS=top-at-mark-start (previous, next)
|   0|0x0000000083200000, 0x0000000083200000, 0x0000000083300000|  0%| F|  |TAMS 0x0000000083200000, 0x0000000083200000| Untracked 
|   1|0x0000000083300000, 0x0000000083300000, 0x0000000083400000|  0%| F|  |TAMS 0x0000000083300000, 0x0000000083300000| Untracked 
|   2|0x0000000083400000, 0x0000000083400000, 0x0000000083500000|  0%| F|  |TAMS 0x0000000083400000, 0x0000000083400000| Untracked 
|   3|0x0000000083500000, 0x0000000083500000, 0x0000000083600000|  0%| F|  |TAMS 0x0000000083500000, 0x0000000083500000| Untracked 
|   4|0x0000000083600000, 0x0000000083600000, 0x0000000083700000|  0%| F|  |TAMS 0x0000000083600000, 0x0000000083600000| Untracked 
|   5|0x0000000083700000, 0x0000000083700000, 0x0000000083800000|  0%| F|  |TAMS 0x0000000083700000, 0x0000000083700000| Untracked 
|   6|0x0000000083800000, 0x0000000083800000, 0x0000000083900000|  0%| F|  |TAMS 0x0000000083800000, 0x0000000083800000| Untracked 
|   7|0x0000000083900000, 0x0000000083900000, 0x0000000083a00000|  0%| F|  |TAMS 0x0000000083900000, 0x0000000083900000| Untracked 
|   8|0x0000000083a00000, 0x0000000083a00000, 0x0000000083b00000|  0%| F|  |TAMS 0x0000000083a00000, 0x0000000083a00000| Untracked 
|   9|0x0000000083b00000, 0x0000000083b00000, 0x0000000083c00000|  0%| F|  |TAMS 0x0000000083b00000, 0x0000000083b00000| Untracked 
|  10|0x0000000083c00000, 0x0000000083c00000, 0x0000000083d00000|  0%| F|  |TAMS 0x0000000083c00000, 0x0000000083c00000| Untracked 
|  11|0x0000000083d00000, 0x0000000083d00000, 0x0000000083e00000|  0%| F|  |TAMS 0x0000000083d00000, 0x0000000083d00000| Untracked 
|  12|0x0000000083e00000, 0x0000000083e00000, 0x0000000083f00000|  0%| F|  |TAMS 0x0000000083e00000, 0x0000000083e00000| Untracked 
|  13|0x0000000083f00000, 0x0000000083f00000, 0x0000000084000000|  0%| F|  |TAMS 0x0000000083f00000, 0x0000000083f00000| Untracked 
|  14|0x0000000084000000, 0x0000000084000000, 0x0000000084100000|  0%| F|  |TAMS 0x0000000084000000, 0x0000000084000000| Untracked 
|  15|0x0000000084100000, 0x0000000084100000, 0x0000000084200000|  0%| F|  |TAMS 0x0000000084100000, 0x0000000084100000| Untracked 
|  16|0x0000000084200000, 0x0000000084200000, 0x0000000084300000|  0%| F|  |TAMS 0x0000000084200000, 0x0000000084200000| Untracked 
|  17|0x0000000084300000, 0x0000000084300000, 0x0000000084400000|  0%| F|  |TAMS 0x0000000084300000, 0x0000000084300000| Untracked 
|  18|0x0000000084400000, 0x0000000084400000, 0x0000000084500000|  0%| F|  |TAMS 0x0000000084400000, 0x0000000084400000| Untracked 
|  19|0x0000000084500000, 0x0000000084500000, 0x0000000084600000|  0%| F|  |TAMS 0x0000000084500000, 0x0000000084500000| Untracked 
|  20|0x0000000084600000, 0x0000000084600000, 0x0000000084700000|  0%| F|  |TAMS 0x0000000084600000, 0x0000000084600000| Untracked 
|  21|0x0000000084700000, 0x0000000084700000, 0x0000000084800000|  0%| F|  |TAMS 0x0000000084700000, 0x0000000084700000| Untracked 
|  22|0x0000000084800000, 0x0000000084800000, 0x0000000084900000|  0%| F|  |TAMS 0x0000000084800000, 0x0000000084800000| Untracked 
|  23|0x0000000084900000, 0x0000000084900000, 0x0000000084a00000|  0%| F|  |TAMS 0x0000000084900000, 0x0000000084900000| Untracked 
|  24|0x0000000084a00000, 0x0000000084a00000, 0x0000000084b00000|  0%| F|  |TAMS 0x0000000084a00000, 0x0000000084a00000| Untracked 
|  25|0x0000000084b00000, 0x0000000084b00000, 0x0000000084c00000|  0%| F|  |TAMS 0x0000000084b00000, 0x0000000084b00000| Untracked 
|  26|0x0000000084c00000, 0x0000000084c00000, 0x0000000084d00000|  0%| F|  |TAMS 0x0000000084c00000, 0x0000000084c00000| Untracked 
|  27|0x0000000084d00000, 0x0000000084d00000, 0x0000000084e00000|  0%| F|  |TAMS 0x0000000084d00000, 0x0000000084d00000| Untracked 
|  28|0x0000000084e00000, 0x0000000084e00000, 0x0000000084f00000|  0%| F|  |TAMS 0x0000000084e00000, 0x0000000084e00000| Untracked 
|  29|0x0000000084f00000, 0x0000000084f00000, 0x0000000085000000|  0%| F|  |TAMS 0x0000000084f00000, 0x0000000084f00000| Untracked 
|  30|0x0000000085000000, 0x0000000085000000, 0x0000000085100000|  0%| F|  |TAMS 0x0000000085000000, 0x0000000085000000| Untracked 
|  31|0x0000000085100000, 0x0000000085100000, 0x0000000085200000|  0%| F|  |TAMS 0x0000000085100000, 0x0000000085100000| Untracked 
|  32|0x0000000085200000, 0x0000000085200000, 0x0000000085300000|  0%| F|  |TAMS 0x0000000085200000, 0x0000000085200000| Untracked 
|  33|0x0000000085300000, 0x0000000085300000, 0x0000000085400000|  0%| F|  |TAMS 0x0000000085300000, 0x0000000085300000| Untracked 
|  34|0x0000000085400000, 0x0000000085400000, 0x0000000085500000|  0%| F|  |TAMS 0x0000000085400000, 0x0000000085400000| Untracked 
|  35|0x0000000085500000, 0x0000000085500000, 0x0000000085600000|  0%| F|  |TAMS 0x0000000085500000, 0x0000000085500000| Untracked 
|  36|0x0000000085600000, 0x0000000085600000, 0x0000000085700000|  0%| F|  |TAMS 0x0000000085600000, 0x0000000085600000| Untracked 
|  37|0x0000000085700000, 0x0000000085700000, 0x0000000085800000|  0%| F|  |TAMS 0x0000000085700000, 0x0000000085700000| Untracked 
|  38|0x0000000085800000, 0x0000000085800000, 0x0000000085900000|  0%| F|  |TAMS 0x0000000085800000, 0x0000000085800000| Untracked 
|  39|0x0000000085900000, 0x0000000085900000, 0x0000000085a00000|  0%| F|  |TAMS 0x0000000085900000, 0x0000000085900000| Untracked 
|  40|0x0000000085a00000, 0x0000000085a00000, 0x0000000085b00000|  0%| F|  |TAMS 0x0000000085a00000, 0x0000000085a00000| Untracked 
|  41|0x0000000085b00000, 0x0000000085b00000, 0x0000000085c00000|  0%| F|  |TAMS 0x0000000085b00000, 0x0000000085b00000| Untracked 
|  42|0x0000000085c00000, 0x0000000085c00000, 0x0000000085d00000|  0%| F|  |TAMS 0x0000000085c00000, 0x0000000085c00000| Untracked 
|  43|0x0000000085d00000, 0x0000000085d00000, 0x0000000085e00000|  0%| F|  |TAMS 0x0000000085d00000, 0x0000000085d00000| Untracked 
|  44|0x0000000085e00000, 0x0000000085e00000, 0x0000000085f00000|  0%| F|  |TAMS 0x0000000085e00000, 0x0000000085e00000| Untracked 
|  45|0x0000000085f00000, 0x0000000085f00000, 0x0000000086000000|  0%| F|  |TAMS 0x0000000085f00000, 0x0000000085f00000| Untracked 
|  46|0x0000000086000000, 0x0000000086000000, 0x0000000086100000|  0%| F|  |TAMS 0x0000000086000000, 0x0000000086000000| Untracked 
|  47|0x0000000086100000, 0x0000000086100000, 0x0000000086200000|  0%| F|  |TAMS 0x0000000086100000, 0x0000000086100000| Untracked 
|  48|0x0000000086200000, 0x0000000086200000, 0x0000000086300000|  0%| F|  |TAMS 0x0000000086200000, 0x0000000086200000| Untracked 
|  49|0x0000000086300000, 0x0000000086300000, 0x0000000086400000|  0%| F|  |TAMS 0x0000000086300000, 0x0000000086300000| Untracked 
|  50|0x0000000086400000, 0x0000000086400000, 0x0000000086500000|  0%| F|  |TAMS 0x0000000086400000, 0x0000000086400000| Untracked 
|  51|0x0000000086500000, 0x0000000086500000, 0x0000000086600000|  0%| F|  |TAMS 0x0000000086500000, 0x0000000086500000| Untracked 
|  52|0x0000000086600000, 0x0000000086600000, 0x0000000086700000|  0%| F|  |TAMS 0x0000000086600000, 0x0000000086600000| Untracked 
|  53|0x0000000086700000, 0x0000000086700000, 0x0000000086800000|  0%| F|  |TAMS 0x0000000086700000, 0x0000000086700000| Untracked 
|  54|0x0000000086800000, 0x0000000086800000, 0x0000000086900000|  0%| F|  |TAMS 0x0000000086800000, 0x0000000086800000| Untracked 
|  55|0x0000000086900000, 0x0000000086900000, 0x0000000086a00000|  0%| F|  |TAMS 0x0000000086900000, 0x0000000086900000| Untracked 
|  56|0x0000000086a00000, 0x0000000086a00000, 0x0000000086b00000|  0%| F|  |TAMS 0x0000000086a00000, 0x0000000086a00000| Untracked 
|  57|0x0000000086b00000, 0x0000000086b00000, 0x0000000086c00000|  0%| F|  |TAMS 0x0000000086b00000, 0x0000000086b00000| Untracked 
|  58|0x0000000086c00000, 0x0000000086c00000, 0x0000000086d00000|  0%| F|  |TAMS 0x0000000086c00000, 0x0000000086c00000| Untracked 
|  59|0x0000000086d00000, 0x0000000086d00000, 0x0000000086e00000|  0%| F|  |TAMS 0x0000000086d00000, 0x0000000086d00000| Untracked 
|  60|0x0000000086e00000, 0x0000000086e00000, 0x0000000086f00000|  0%| F|  |TAMS 0x0000000086e00000, 0x0000000086e00000| Untracked 
|  61|0x0000000086f00000, 0x0000000086f00000, 0x0000000087000000|  0%| F|  |TAMS 0x0000000086f00000, 0x0000000086f00000| Untracked 
|  62|0x0000000087000000, 0x0000000087000000, 0x0000000087100000|  0%| F|  |TAMS 0x0000000087000000, 0x0000000087000000| Untracked 
|  63|0x0000000087100000, 0x0000000087100000, 0x0000000087200000|  0%| F|  |TAMS 0x0000000087100000, 0x0000000087100000| Untracked 
|  64|0x0000000087200000, 0x0000000087200000, 0x0000000087300000|  0%| F|  |TAMS 0x0000000087200000, 0x0000000087200000| Untracked 
|  65|0x0000000087300000, 0x0000000087300000, 0x0000000087400000|  0%| F|  |TAMS 0x0000000087300000, 0x0000000087300000| Untracked 
|  66|0x0000000087400000, 0x0000000087400000, 0x0000000087500000|  0%| F|  |TAMS 0x0000000087400000, 0x0000000087400000| Untracked 
|  67|0x0000000087500000, 0x0000000087500000, 0x0000000087600000|  0%| F|  |TAMS 0x0000000087500000, 0x0000000087500000| Untracked 
|  68|0x0000000087600000, 0x0000000087600000, 0x0000000087700000|  0%| F|  |TAMS 0x0000000087600000, 0x0000000087600000| Untracked 
|  69|0x0000000087700000, 0x0000000087700000, 0x0000000087800000|  0%| F|  |TAMS 0x0000000087700000, 0x0000000087700000| Untracked 
|  70|0x0000000087800000, 0x0000000087800000, 0x0000000087900000|  0%| F|  |TAMS 0x0000000087800000, 0x0000000087800000| Untracked 
|  71|0x0000000087900000, 0x0000000087900000, 0x0000000087a00000|  0%| F|  |TAMS 0x0000000087900000, 0x0000000087900000| Untracked 
|  72|0x0000000087a00000, 0x0000000087a00000, 0x0000000087b00000|  0%| F|  |TAMS 0x0000000087a00000, 0x0000000087a00000| Untracked 
|  73|0x0000000087b00000, 0x0000000087b00000, 0x0000000087c00000|  0%| F|  |TAMS 0x0000000087b00000, 0x0000000087b00000| Untracked 
|  74|0x0000000087c00000, 0x0000000087c00000, 0x0000000087d00000|  0%| F|  |TAMS 0x0000000087c00000, 0x0000000087c00000| Untracked 
|  75|0x0000000087d00000, 0x0000000087d00000, 0x0000000087e00000|  0%| F|  |TAMS 0x0000000087d00000, 0x0000000087d00000| Untracked 
|  76|0x0000000087e00000, 0x0000000087e00000, 0x0000000087f00000|  0%| F|  |TAMS 0x0000000087e00000, 0x0000000087e00000| Untracked 
|  77|0x0000000087f00000, 0x0000000087f00000, 0x0000000088000000|  0%| F|  |TAMS 0x0000000087f00000, 0x0000000087f00000| Untracked 
|  78|0x0000000088000000, 0x0000000088000000, 0x0000000088100000|  0%| F|  |TAMS 0x0000000088000000, 0x0000000088000000| Untracked 
|  79|0x0000000088100000, 0x0000000088100000, 0x0000000088200000|  0%| F|  |TAMS 0x0000000088100000, 0x0000000088100000| Untracked 
|  80|0x0000000088200000, 0x0000000088200000, 0x0000000088300000|  0%| F|  |TAMS 0x0000000088200000, 0x0000000088200000| Untracked 
|  81|0x0000000088300000, 0x0000000088300000, 0x0000000088400000|  0%| F|  |TAMS 0x0000000088300000, 0x0000000088300000| Untracked 
|  82|0x0000000088400000, 0x0000000088400000, 0x0000000088500000|  0%| F|  |TAMS 0x0000000088400000, 0x0000000088400000| Untracked 
|  83|0x0000000088500000, 0x0000000088500000, 0x0000000088600000|  0%| F|  |TAMS 0x0000000088500000, 0x0000000088500000| Untracked 
|  84|0x0000000088600000, 0x0000000088600000, 0x0000000088700000|  0%| F|  |TAMS 0x0000000088600000, 0x0000000088600000| Untracked 
|  85|0x0000000088700000, 0x0000000088700000, 0x0000000088800000|  0%| F|  |TAMS 0x0000000088700000, 0x0000000088700000| Untracked 
|  86|0x0000000088800000, 0x0000000088800000, 0x0000000088900000|  0%| F|  |TAMS 0x0000000088800000, 0x0000000088800000| Untracked 
|  87|0x0000000088900000, 0x0000000088900000, 0x0000000088a00000|  0%| F|  |TAMS 0x0000000088900000, 0x0000000088900000| Untracked 
|  88|0x0000000088a00000, 0x0000000088a00000, 0x0000000088b00000|  0%| F|  |TAMS 0x0000000088a00000, 0x0000000088a00000| Untracked 
|  89|0x0000000088b00000, 0x0000000088b00000, 0x0000000088c00000|  0%| F|  |TAMS 0x0000000088b00000, 0x0000000088b00000| Untracked 
|  90|0x0000000088c00000, 0x0000000088c00000, 0x0000000088d00000|  0%| F|  |TAMS 0x0000000088c00000, 0x0000000088c00000| Untracked 
|  91|0x0000000088d00000, 0x0000000088d00000, 0x0000000088e00000|  0%| F|  |TAMS 0x0000000088d00000, 0x0000000088d00000| Untracked 
|  92|0x0000000088e00000, 0x0000000088e00000, 0x0000000088f00000|  0%| F|  |TAMS 0x0000000088e00000, 0x0000000088e00000| Untracked 
|  93|0x0000000088f00000, 0x0000000088f00000, 0x0000000089000000|  0%| F|  |TAMS 0x0000000088f00000, 0x0000000088f00000| Untracked 
|  94|0x0000000089000000, 0x0000000089000000, 0x0000000089100000|  0%| F|  |TAMS 0x0000000089000000, 0x0000000089000000| Untracked 
|  95|0x0000000089100000, 0x0000000089100000, 0x0000000089200000|  0%| F|  |TAMS 0x0000000089100000, 0x0000000089100000| Untracked 
|  96|0x0000000089200000, 0x0000000089200000, 0x0000000089300000|  0%| F|  |TAMS 0x0000000089200000, 0x0000000089200000| Untracked 
|  97|0x0000000089300000, 0x0000000089300000, 0x0000000089400000|  0%| F|  |TAMS 0x0000000089300000, 0x0000000089300000| Untracked 
|  98|0x0000000089400000, 0x0000000089400000, 0x0000000089500000|  0%| F|  |TAMS 0x0000000089400000, 0x0000000089400000| Untracked 
|  99|0x0000000089500000, 0x0000000089500000, 0x0000000089600000|  0%| F|  |TAMS 0x0000000089500000, 0x0000000089500000| Untracked 
| 100|0x0000000089600000, 0x0000000089600000, 0x0000000089700000|  0%| F|  |TAMS 0x0000000089600000, 0x0000000089600000| Untracked 
| 101|0x0000000089700000, 0x0000000089700000, 0x0000000089800000|  0%| F|  |TAMS 0x0000000089700000, 0x0000000089700000| Untracked 
| 102|0x0000000089800000, 0x0000000089800000, 0x0000000089900000|  0%| F|  |TAMS 0x0000000089800000, 0x0000000089800000| Untracked 
| 103|0x0000000089900000, 0x0000000089900000, 0x0000000089a00000|  0%| F|  |TAMS 0x0000000089900000, 0x0000000089900000| Untracked 
| 104|0x0000000089a00000, 0x0000000089a00000, 0x0000000089b00000|  0%| F|  |TAMS 0x0000000089a00000, 0x0000000089a00000| Untracked 
| 105|0x0000000089b00000, 0x0000000089b00000, 0x0000000089c00000|  0%| F|  |TAMS 0x0000000089b00000, 0x0000000089b00000| Untracked 
| 106|0x0000000089c00000, 0x0000000089c00000, 0x0000000089d00000|  0%| F|  |TAMS 0x0000000089c00000, 0x0000000089c00000| Untracked 
| 107|0x0000000089d00000, 0x0000000089d00000, 0x0000000089e00000|  0%| F|  |TAMS 0x0000000089d00000, 0x0000000089d00000| Untracked 
| 108|0x0000000089e00000, 0x0000000089e89528, 0x0000000089f00000| 53%| E|  |TAMS 0x0000000089e00000, 0x0000000089e00000| Complete 
| 109|0x0000000089f00000, 0x000000008a000000, 0x000000008a000000|100%| E|CS|TAMS 0x0000000089f00000, 0x0000000089f00000| Complete 
| 110|0x000000008a000000, 0x000000008a100000, 0x000000008a100000|100%| E|CS|TAMS 0x000000008a000000, 0x000000008a000000| Complete 
| 111|0x000000008a100000, 0x000000008a200000, 0x000000008a200000|100%| E|  |TAMS 0x000000008a100000, 0x000000008a100000| Complete 
| 112|0x000000008a200000, 0x000000008a300000, 0x000000008a300000|100%| E|CS|TAMS 0x000000008a200000, 0x000000008a200000| Complete 
| 113|0x000000008a300000, 0x000000008a400000, 0x000000008a400000|100%| E|CS|TAMS 0x000000008a300000, 0x000000008a300000| Complete 
| 114|0x000000008a400000, 0x000000008a500000, 0x000000008a500000|100%| E|CS|TAMS 0x000000008a400000, 0x000000008a400000| Complete 
| 115|0x000000008a500000, 0x000000008a600000, 0x000000008a600000|100%| E|CS|TAMS 0x000000008a500000, 0x000000008a500000| Complete 
| 116|0x000000008a600000, 0x000000008a700000, 0x000000008a700000|100%| E|CS|TAMS 0x000000008a600000, 0x000000008a600000| Complete 
| 117|0x000000008a700000, 0x000000008a800000, 0x000000008a800000|100%| E|CS|TAMS 0x000000008a700000, 0x000000008a700000| Complete 
| 118|0x000000008a800000, 0x000000008a900000, 0x000000008a900000|100%| E|CS|TAMS 0x000000008a800000, 0x000000008a800000| Complete 
| 119|0x000000008a900000, 0x000000008aa00000, 0x000000008aa00000|100%| E|CS|TAMS 0x000000008a900000, 0x000000008a900000| Complete 
| 120|0x000000008aa00000, 0x000000008ab00000, 0x000000008ab00000|100%| E|CS|TAMS 0x000000008aa00000, 0x000000008aa00000| Complete 
| 121|0x000000008ab00000, 0x000000008ac00000, 0x000000008ac00000|100%| E|CS|TAMS 0x000000008ab00000, 0x000000008ab00000| Complete 
| 122|0x000000008ac00000, 0x000000008ad00000, 0x000000008ad00000|100%| E|CS|TAMS 0x000000008ac00000, 0x000000008ac00000| Complete 
| 123|0x000000008ad00000, 0x000000008ae00000, 0x000000008ae00000|100%| E|CS|TAMS 0x000000008ad00000, 0x000000008ad00000| Complete 
| 124|0x000000008ae00000, 0x000000008af00000, 0x000000008af00000|100%| E|CS|TAMS 0x000000008ae00000, 0x000000008ae00000| Complete 
| 125|0x000000008af00000, 0x000000008b000000, 0x000000008b000000|100%| E|CS|TAMS 0x000000008af00000, 0x000000008af00000| Complete 

Card table byte_map: [0x00000285d6040000,0x00000285d6430000] _byte_map_base: 0x00000285d5c27000

Marking Bits (Prev, Next): (CMBitMap*) 0x00000285be4302c0, (CMBitMap*) 0x00000285be430300
 Prev Bits: [0x00000285d6820000, 0x00000285d8758000)
 Next Bits: [0x00000285d8760000, 0x00000285da698000)

Polling page: 0x00000285bc560000

Metaspace:

Usage:
  Non-class:      7.18 MB capacity,     4.48 MB ( 62%) used,     2.69 MB ( 37%) free+waste,     3.56 KB ( <1%) overhead. 
      Class:    617.00 KB capacity,   325.09 KB ( 53%) used,   291.09 KB ( 47%) free+waste,   832 bytes ( <1%) overhead. 
       Both:      7.78 MB capacity,     4.80 MB ( 62%) used,     2.97 MB ( 38%) free+waste,     4.38 KB ( <1%) overhead. 

Virtual space:
  Non-class space:        8.00 MB reserved,       7.50 MB ( 94%) committed 
      Class space:        1.00 GB reserved,     640.00 KB ( <1%) committed 
             Both:        1.01 GB reserved,       8.13 MB ( <1%) committed 

Chunk freelists:
   Non-Class:  139.00 KB
       Class:  23.00 KB
        Both:  162.00 KB

MaxMetaspaceSize: 17179869184.00 GB
CompressedClassSpaceSize: 1.00 GB

CodeHeap 'non-profiled nmethods': size=120000Kb used=451Kb max_used=451Kb free=119549Kb
 bounds [0x00000285ce3e0000, 0x00000285ce650000, 0x00000285d5910000]
CodeHeap 'profiled nmethods': size=120000Kb used=1967Kb max_used=1967Kb free=118033Kb
 bounds [0x00000285c6eb0000, 0x00000285c7120000, 0x00000285ce3e0000]
CodeHeap 'non-nmethods': size=5760Kb used=1299Kb max_used=1327Kb free=4460Kb
 bounds [0x00000285c6910000, 0x00000285c6b80000, 0x00000285c6eb0000]
 total_blobs=1754 nmethods=1176 adapters=491
 compilation: enabled
              stopped_count=0, restarted_count=0
 full_count=0

Compilation events (20 events):
Event: 9.656 Thread 0x00000285dd10bfa0 1166       3       com.badlogic.gdx.backends.lwjgl.DefaultLwjglInput::processEvents (12 bytes)
Event: 9.656 Thread 0x00000285dd10bfa0 nmethod 1166 0x00000285c7097810 code [0x00000285c70979c0, 0x00000285c7097b08]
Event: 9.656 Thread 0x00000285dd10bfa0 1168       3       com.badlogic.gdx.backends.lwjgl.audio.OpenALLwjglAudio::update (43 bytes)
Event: 9.656 Thread 0x00000285dd10bfa0 nmethod 1168 0x00000285c7097c10 code [0x00000285c7097de0, 0x00000285c70981e8]
Event: 9.656 Thread 0x00000285dd10bfa0 1169       3       com.badlogic.gdx.backends.lwjgl.LwjglGraphics::updateTime (85 bytes)
Event: 9.656 Thread 0x00000285dd10bfa0 nmethod 1169 0x00000285c7098390 code [0x00000285c7098560, 0x00000285c7098778]
Event: 9.656 Thread 0x00000285dd10bfa0 1170       3       com.mygdx.game.MyGdxGame::render (154 bytes)
Event: 9.657 Thread 0x00000285dd10bfa0 nmethod 1170 0x00000285c7098810 code [0x00000285c7098be0, 0x00000285c7099f98]
Event: 9.657 Thread 0x00000285dd10bfa0 1171       3       com.badlogic.gdx.utils.ScreenUtils::clear (9 bytes)
Event: 9.657 Thread 0x00000285dd10bfa0 nmethod 1171 0x00000285c709a910 code [0x00000285c709aaa0, 0x00000285c709aba8]
Event: 9.657 Thread 0x00000285dd10bfa0 1172       3       com.mygdx.game.Player::operate (37 bytes)
Event: 9.657 Thread 0x00000285dd10bfa0 nmethod 1172 0x00000285c709ac90 code [0x00000285c709ae60, 0x00000285c709b0d8]
Event: 9.671 Thread 0x00000285dd10abf0 1173       4       com.badlogic.gdx.graphics.g2d.SpriteBatch::switchTexture (32 bytes)
Event: 9.673 Thread 0x00000285dd10abf0 nmethod 1173 0x00000285ce450710 code [0x00000285ce4508c0, 0x00000285ce450a88]
Event: 9.822 Thread 0x00000285dd10bfa0 1174       3       org.lwjgl.opengl.WindowsKeyboard::isKeyPressed (13 bytes)
Event: 9.822 Thread 0x00000285dd10bfa0 nmethod 1174 0x00000285c709b210 code [0x00000285c709b3a0, 0x00000285c709b4d8]
Event: 9.926 Thread 0x00000285dd10bfa0 1175       3       java.nio.HeapByteBuffer::byteOffset (7 bytes)
Event: 9.926 Thread 0x00000285dd10bfa0 nmethod 1175 0x00000285c709b590 code [0x00000285c709b720, 0x00000285c709b818]
Event: 11.893 Thread 0x00000285dd10bfa0 1176       3       org.lwjgl.opengl.Display::sync (5 bytes)
Event: 11.893 Thread 0x00000285dd10bfa0 nmethod 1176 0x00000285c709b890 code [0x00000285c709ba20, 0x00000285c709bb28]

GC Heap History (0 events):
No events

Deoptimization events (20 events):
Event: 1.305 Thread 0x00000285ddf88cb0 DEOPT PACKING pc=0x00000285c6ffec77 sp=0x000000f7563ff040
Event: 1.305 Thread 0x00000285ddf88cb0 DEOPT UNPACKING pc=0x00000285c695f6cf sp=0x000000f7563fe468 mode 0
Event: 1.322 Thread 0x00000285ddf88cb0 DEOPT PACKING pc=0x00000285c6ffec77 sp=0x000000f7563ff040
Event: 1.322 Thread 0x00000285ddf88cb0 DEOPT UNPACKING pc=0x00000285c695f6cf sp=0x000000f7563fe468 mode 0
Event: 1.339 Thread 0x00000285ddf88cb0 DEOPT PACKING pc=0x00000285c6ffec77 sp=0x000000f7563ff040
Event: 1.339 Thread 0x00000285ddf88cb0 DEOPT UNPACKING pc=0x00000285c695f6cf sp=0x000000f7563fe468 mode 0
Event: 1.371 Thread 0x00000285ddf88cb0 DEOPT PACKING pc=0x00000285c6ffec77 sp=0x000000f7563ff040
Event: 1.371 Thread 0x00000285ddf88cb0 DEOPT UNPACKING pc=0x00000285c695f6cf sp=0x000000f7563fe468 mode 0
Event: 1.387 Thread 0x00000285ddf88cb0 DEOPT PACKING pc=0x00000285c7008ea0 sp=0x000000f7563ff150
Event: 1.387 Thread 0x00000285ddf88cb0 DEOPT UNPACKING pc=0x00000285c695f6cf sp=0x000000f7563fe6e8 mode 0
Event: 1.420 Thread 0x00000285ddf88cb0 DEOPT PACKING pc=0x00000285c700bed2 sp=0x000000f7563ff160
Event: 1.420 Thread 0x00000285ddf88cb0 DEOPT UNPACKING pc=0x00000285c695f6cf sp=0x000000f7563fe6e8 mode 0
Event: 1.437 Thread 0x00000285ddf88cb0 DEOPT PACKING pc=0x00000285c700bed2 sp=0x000000f7563ff160
Event: 1.437 Thread 0x00000285ddf88cb0 DEOPT UNPACKING pc=0x00000285c695f6cf sp=0x000000f7563fe6e8 mode 0
Event: 1.453 Thread 0x00000285ddf88cb0 DEOPT PACKING pc=0x00000285c700bed2 sp=0x000000f7563ff160
Event: 1.453 Thread 0x00000285ddf88cb0 DEOPT UNPACKING pc=0x00000285c695f6cf sp=0x000000f7563fe6e8 mode 0
Event: 1.486 Thread 0x00000285ddf88cb0 DEOPT PACKING pc=0x00000285c700bed2 sp=0x000000f7563ff160
Event: 1.486 Thread 0x00000285ddf88cb0 DEOPT UNPACKING pc=0x00000285c695f6cf sp=0x000000f7563fe6e8 mode 0
Event: 1.520 Thread 0x00000285ddf88cb0 DEOPT PACKING pc=0x00000285c700bed2 sp=0x000000f7563ff160
Event: 1.520 Thread 0x00000285ddf88cb0 DEOPT UNPACKING pc=0x00000285c695f6cf sp=0x000000f7563fe6e8 mode 0

Classes unloaded (0 events):
No events

Classes redefined (0 events):
No events

Internal exceptions (2 events):
Event: 0.289 Thread 0x00000285ddf88cb0 Exception <a 'org/lwjgl/LWJGLException'{0x000000008aa947e0}: Failed to set device gamma.> (0x000000008aa947e0) 
thrown [./src/hotspot/share/prims/jni.cpp, line 599]
Event: 9.862 Thread 0x00000285ddf88cb0 Exception <a 'org/lwjgl/LWJGLException'{0x0000000089e6b6a0}: Failed to set device gamma.> (0x0000000089e6b6a0) 
thrown [./src/hotspot/share/prims/jni.cpp, line 599]

Events (20 events):
Event: 1.339 Loaded shared library C:\Users\spenc\AppData\Local\Temp\libgdxspenc\1cecf4f6\lwjgl64.dll
Event: 1.471 Loaded shared library C:\Users\spenc\AppData\Local\Temp\libgdxspenc\1cecf4f6\lwjgl64.dll
Event: 1.489 Loaded shared library C:\Users\spenc\AppData\Local\Temp\libgdxspenc\1cecf4f6\lwjgl64.dll
Event: 1.489 Loaded shared library C:\Users\spenc\AppData\Local\Temp\libgdxspenc\1cecf4f6\lwjgl64.dll
Event: 1.698 Loaded shared library C:\Program Files\Zulu\zulu-15\bin\java.dll
Event: 1.839 Loaded shared library C:\Users\spenc\AppData\Local\Temp\libgdxspenc\1cecf4f6\lwjgl64.dll
Event: 2.188 Loaded shared library C:\Users\spenc\AppData\Local\Temp\libgdxspenc\1cecf4f6\lwjgl64.dll
Event: 2.272 Loaded shared library C:\Users\spenc\AppData\Local\Temp\libgdxspenc\1cecf4f6\lwjgl64.dll
Event: 2.354 Loaded shared library C:\Users\spenc\AppData\Local\Temp\libgdxspenc\1cecf4f6\lwjgl64.dll
Event: 2.355 Loaded shared library C:\Users\spenc\AppData\Local\Temp\libgdxspenc\1cecf4f6\lwjgl64.dll
Event: 2.622 Loaded shared library C:\Users\spenc\AppData\Local\Temp\libgdxspenc\1cecf4f6\lwjgl64.dll
Event: 2.721 Loaded shared library C:\Program Files\Zulu\zulu-15\bin\java.dll
Event: 3.255 Loaded shared library C:\Users\spenc\AppData\Local\Temp\libgdxspenc\1cecf4f6\lwjgl64.dll
Event: 3.256 Loaded shared library C:\Users\spenc\AppData\Local\Temp\libgdxspenc\1cecf4f6\lwjgl64.dll
Event: 4.122 Loaded shared library C:\Users\spenc\AppData\Local\Temp\libgdxspenc\1cecf4f6\lwjgl64.dll
Event: 4.123 Loaded shared library C:\Users\spenc\AppData\Local\Temp\libgdxspenc\1cecf4f6\lwjgl64.dll
Event: 5.355 Loaded shared library C:\Users\spenc\AppData\Local\Temp\libgdxspenc\1cecf4f6\lwjgl64.dll
Event: 9.622 Loaded shared library C:\Users\spenc\AppData\Local\Temp\libgdxspenc\e1cd32f8\gdx64.dll
Event: 9.639 Loaded shared library C:\Users\spenc\AppData\Local\Temp\libgdxspenc\1cecf4f6\lwjgl64.dll
Event: 9.639 Loaded shared library C:\Users\spenc\AppData\Local\Temp\libgdxspenc\1cecf4f6\lwjgl64.dll


Dynamic libraries:
0x00007ff6c0fa0000 - 0x00007ff6c0fad000 	C:\Program Files\Zulu\zulu-15\bin\java.exe
0x00007ffb0eff0000 - 0x00007ffb0f1e5000 	C:\Windows\SYSTEM32\ntdll.dll
0x00007ffb0e010000 - 0x00007ffb0e0ce000 	C:\Windows\System32\KERNEL32.DLL
0x00007ffb0caa0000 - 0x00007ffb0cd68000 	C:\Windows\System32\KERNELBASE.dll
0x00007ffb0ce40000 - 0x00007ffb0cf40000 	C:\Windows\System32\ucrtbase.dll
0x00007ffae3c30000 - 0x00007ffae3c48000 	C:\Program Files\Zulu\zulu-15\bin\jli.dll
0x00007ffb0de60000 - 0x00007ffb0e001000 	C:\Windows\System32\USER32.dll
0x00007ffb0c910000 - 0x00007ffb0c932000 	C:\Windows\System32\win32u.dll
0x00007ffaf5a40000 - 0x00007ffaf5cda000 	C:\Windows\WinSxS\amd64_microsoft.windows.common-controls_6595b64144ccf1df_6.0.19041.1110_none_60b5254171f9507e\COMCTL32.dll
0x00007ffb0de20000 - 0x00007ffb0de4b000 	C:\Windows\System32\GDI32.dll
0x00007ffae3690000 - 0x00007ffae36a5000 	C:\Program Files\Zulu\zulu-15\bin\VCRUNTIME140.dll
0x00007ffb0d0d0000 - 0x00007ffb0d16e000 	C:\Windows\System32\msvcrt.dll
0x00007ffb0c7b0000 - 0x00007ffb0c8bd000 	C:\Windows\System32\gdi32full.dll
0x00007ffb0cd70000 - 0x00007ffb0ce0d000 	C:\Windows\System32\msvcp_win.dll
0x00007ffb0ef80000 - 0x00007ffb0efb0000 	C:\Windows\System32\IMM32.DLL
0x00007ffae1590000 - 0x00007ffae162b000 	C:\Program Files\Zulu\zulu-15\bin\msvcp140.dll
0x00007ffa79ae0000 - 0x00007ffa7a672000 	C:\Program Files\Zulu\zulu-15\bin\server\jvm.dll
0x00007ffb0e1a0000 - 0x00007ffb0e24c000 	C:\Windows\System32\ADVAPI32.dll
0x00007ffb0e450000 - 0x00007ffb0e4eb000 	C:\Windows\System32\sechost.dll
0x00007ffb0e320000 - 0x00007ffb0e44a000 	C:\Windows\System32\RPCRT4.dll
0x00007ffb0e0d0000 - 0x00007ffb0e0d8000 	C:\Windows\System32\PSAPI.DLL
0x00007ffaf8f40000 - 0x00007ffaf8f4a000 	C:\Windows\SYSTEM32\VERSION.dll
0x00007ffa974a0000 - 0x00007ffa974a9000 	C:\Windows\SYSTEM32\WSOCK32.dll
0x00007ffb0e4f0000 - 0x00007ffb0e55b000 	C:\Windows\System32\WS2_32.dll
0x00007ffae7d00000 - 0x00007ffae7d27000 	C:\Windows\SYSTEM32\WINMM.dll
0x00007ffb0af80000 - 0x00007ffb0af92000 	C:\Windows\SYSTEM32\kernel.appcore.dll
0x00007ffb05c90000 - 0x00007ffb05c9a000 	C:\Program Files\Zulu\zulu-15\bin\jimage.dll
0x00007ffb0a350000 - 0x00007ffb0a534000 	C:\Windows\SYSTEM32\DBGHELP.DLL
0x00007ffaf0b40000 - 0x00007ffaf0b6c000 	C:\Windows\SYSTEM32\dbgcore.DLL
0x00007ffb0cfa0000 - 0x00007ffb0d022000 	C:\Windows\System32\bcryptPrimitives.dll
0x00007ffae3410000 - 0x00007ffae3435000 	C:\Program Files\Zulu\zulu-15\bin\java.dll
0x00007ffb0d620000 - 0x00007ffb0dd64000 	C:\Windows\System32\SHELL32.dll
0x00007ffb0a7d0000 - 0x00007ffb0af64000 	C:\Windows\SYSTEM32\windows.storage.dll
0x00007ffb0d170000 - 0x00007ffb0d4c5000 	C:\Windows\System32\combase.dll
0x00007ffb0c150000 - 0x00007ffb0c17e000 	C:\Windows\SYSTEM32\Wldp.dll
0x00007ffb0dd70000 - 0x00007ffb0de1d000 	C:\Windows\System32\SHCORE.dll
0x00007ffb0d4d0000 - 0x00007ffb0d525000 	C:\Windows\System32\shlwapi.dll
0x00007ffb0c640000 - 0x00007ffb0c65f000 	C:\Windows\SYSTEM32\profapi.dll
0x00007ffae2750000 - 0x00007ffae2769000 	C:\Program Files\Zulu\zulu-15\bin\net.dll
0x00007ffb06d40000 - 0x00007ffb06e4c000 	C:\Windows\SYSTEM32\WINHTTP.dll
0x00007ffb0beb0000 - 0x00007ffb0bf1a000 	C:\Windows\system32\mswsock.dll
0x00007ffae2730000 - 0x00007ffae2742000 	C:\Program Files\Zulu\zulu-15\bin\nio.dll
0x00007ffae2710000 - 0x00007ffae2728000 	C:\Program Files\Zulu\zulu-15\bin\zip.dll
0x000000006e700000 - 0x000000006e72a000 	C:\Users\spenc\AppData\Local\Temp\libgdxspenc\e1cd32f8\gdx64.dll
0x00007ffaf0340000 - 0x00007ffaf0350000 	C:\Program Files\Zulu\zulu-15\bin\verify.dll
0x0000000180000000 - 0x0000000180053000 	C:\Users\spenc\AppData\Local\Temp\libgdxspenc\1cecf4f6\lwjgl64.dll
0x00007ffad4dd0000 - 0x00007ffad4ef5000 	C:\Windows\SYSTEM32\OPENGL32.dll
0x00007ffad56f0000 - 0x00007ffad571c000 	C:\Windows\SYSTEM32\GLU32.dll
0x00000285de620000 - 0x00000285de684000 	C:\Users\spenc\AppData\Local\Temp\libgdxspenc\1cecf4f6\OpenAL64.dll
0x00007ffb0e6e0000 - 0x00007ffb0e80a000 	C:\Windows\System32\ole32.dll
0x00007ffb09c80000 - 0x00007ffb09d1e000 	C:\Windows\system32\uxtheme.dll
0x00007ffb0eed0000 - 0x00007ffb0ef79000 	C:\Windows\System32\clbcatq.dll
0x00007ffae14f0000 - 0x00007ffae158c000 	C:\Windows\SYSTEM32\dsound.dll
0x00007ffb0bc70000 - 0x00007ffb0bcbb000 	C:\Windows\SYSTEM32\powrprof.dll
0x00007ffaf09a0000 - 0x00007ffaf09c6000 	C:\Windows\SYSTEM32\winmmbase.dll
0x00007ffb0bb30000 - 0x00007ffb0bb42000 	C:\Windows\SYSTEM32\UMPDC.dll
0x00007ffaffc30000 - 0x00007ffaffcb5000 	C:\Windows\System32\MMDevApi.dll
0x00007ffb0c4a0000 - 0x00007ffb0c4d4000 	C:\Windows\System32\DEVOBJ.dll
0x00007ffb0c8c0000 - 0x00007ffb0c90e000 	C:\Windows\System32\cfgmgr32.dll
0x00007ffaffd40000 - 0x00007ffaffec1000 	C:\Windows\SYSTEM32\AUDIOSES.DLL
0x00007ffb0e250000 - 0x00007ffb0e31d000 	C:\Windows\System32\OLEAUT32.dll
0x00007ffb09e50000 - 0x00007ffb09e64000 	C:\Windows\SYSTEM32\resourcepolicyclient.dll
0x00007ffb05e90000 - 0x00007ffb05f3e000 	C:\Windows\SYSTEM32\mscms.dll
0x00007ffb0c600000 - 0x00007ffb0c62e000 	C:\Windows\SYSTEM32\USERENV.dll
0x00007ffb05e70000 - 0x00007ffb05e81000 	C:\Windows\SYSTEM32\ColorAdapterClient.dll
0x00007ffb0e5c0000 - 0x00007ffb0e6d5000 	C:\Windows\System32\MSCTF.dll
0x00007ffafc260000 - 0x00007ffafc359000 	C:\Windows\SYSTEM32\textinputframework.dll
0x00007ffb09250000 - 0x00007ffb095ae000 	C:\Windows\System32\CoreUIComponents.dll
0x00007ffb095b0000 - 0x00007ffb096a2000 	C:\Windows\System32\CoreMessaging.dll
0x00007ffb08950000 - 0x00007ffb08aa4000 	C:\Windows\SYSTEM32\wintypes.dll
0x00007ffb0b3f0000 - 0x00007ffb0b423000 	C:\Windows\SYSTEM32\ntmarta.dll
0x00007ffadd780000 - 0x00007ffadd7e6000 	C:\Windows\system32\Oleacc.dll
0x00007ffb00080000 - 0x00007ffb00179000 	C:\Windows\System32\AppXDeploymentClient.dll
0x00007ffa78ad0000 - 0x00007ffa79ad6000 	C:\Windows\System32\DriverStore\FileRepository\iigd_dch.inf_amd64_fe923c94e9ba883c\igxelpicd64.dll
0x00007ffb09e70000 - 0x00007ffb09e9f000 	C:\Windows\system32\dwmapi.dll
0x00007ffb0aff0000 - 0x00007ffb0b0e4000 	C:\Windows\system32\dxgi.dll
0x00007ffa81840000 - 0x00007ffa81cde000 	C:\Windows\System32\DriverStore\FileRepository\iigd_dch.inf_amd64_fe923c94e9ba883c\igdml64.dll
0x00007ffafc790000 - 0x00007ffafcb51000 	C:\Windows\System32\DriverStore\FileRepository\iigd_dch.inf_amd64_fe923c94e9ba883c\igdgmm64.dll
0x00007ffae5680000 - 0x00007ffae56c3000 	C:\Windows\SYSTEM32\icm32.dll
0x00007ffaf5ce0000 - 0x00007ffaf8f40000 	C:\Windows\System32\DriverStore\FileRepository\iigd_dch.inf_amd64_fe923c94e9ba883c\igc64.dll
0x0000000066b00000 - 0x0000000066b5b000 	C:\Users\spenc\AppData\Local\Temp\libgdxspenc\a14961b7\gdx-box2d64.dll

dbghelp: loaded successfully - version: 4.0.5 - missing functions: none
symbol engine: initialized successfully - sym options: 0x614 - pdb path: .;C:\Program Files\Zulu\zulu-15\bin;C:\Windows\SYSTEM32;C:\Windows\WinSxS\amd64_microsoft.windows.common-controls_6595b64144ccf1df_6.0.19041.1110_none_60b5254171f9507e;C:\Program Files\Zulu\zulu-15\bin\server;C:\Users\spenc\AppData\Local\Temp\libgdxspenc\e1cd32f8;C:\Users\spenc\AppData\Local\Temp\libgdxspenc\1cecf4f6;C:\Windows\System32\DriverStore\FileRepository\iigd_dch.inf_amd64_fe923c94e9ba883c;C:\Users\spenc\AppData\Local\Temp\libgdxspenc\a14961b7

VM Arguments:
jvm_args: -Dfile.encoding=windows-1252 -Duser.country=CA -Duser.language=en -Duser.variant 
java_command: com.mygdx.game.desktop.DesktopLauncher
java_class_path (initial): C:\Users\spenc\OneDrive\Documents\GitHub\PortalGame\PortalGame\desktop\build\classes\java\main;C:\Users\spenc\OneDrive\Documents\GitHub\PortalGame\PortalGame\desktop\build\resources\main;C:\Users\spenc\.gradle\caches\modules-2\files-2.1\com.badlogicgames.gdx\gdx-tools\1.10.0\d699cf4953fb42a071c7c3feb9b5c45601aa6a4b\gdx-tools-1.10.0.jar;C:\Users\spenc\.gradle\caches\modules-2\files-2.1\com.badlogicgames.gdx\gdx-backend-lwjgl\1.10.0\58ff89d9e4fd8a82591367f187d606e781cacc05\gdx-backend-lwjgl-1.10.0.jar;C:\Users\spenc\.gradle\caches\modules-2\files-2.1\com.badlogicgames.gdx\gdx-platform\1.10.0\9a8fa793d2fd6d360afc6c9e4c1f5583da263b88\gdx-platform-1.10.0-natives-desktop.jar;C:\Users\spenc\.gradle\caches\modules-2\files-2.1\com.badlogicgames.gdx\gdx-box2d-platform\1.10.0\588c4191c5a64ed39365e71484aa37d81c38eb5e\gdx-box2d-platform-1.10.0-natives-desktop.jar;C:\Users\spenc\.gradle\caches\modules-2\files-2.1\com.badlogicgames.gdx\gdx-bullet-platform\1.10.0\ce92e8dfc762523d769cbc50853163c03bf98cf1\gdx-bullet-platform-1.10.0-natives-desktop.jar;C:\Users\spenc\.gradle\caches\modules-2\files-2.1\com.badlogicgames.gdx\gdx-freetype-platform\1.10.0\6e5d28752759e69384f12e4569d2c884ff71352f\gdx-freetype-platform-1.10.0-natives-desktop.jar;C:\Users\spenc\OneDrive\Documents\GitHub\PortalGame\PortalGame\core\build\libs\core-1.0.jar;C:\Users\spenc\.gradle\caches\modules-2\files-2.1\com.badlogicgames.gdx\gdx-backend-headless\1.10.0\990eadbb431197c5b9b816d1659c772e0268e65\gdx-backend-headless-1.10.0.jar;C:\Users\spenc\.gradle\caches\modules-2\files-2.1\com.badlogicgames.gdx\gdx-freetype\1.10.0\de1d0d5c1e92e8d91364256fd6b7bb279d3e9859\gdx-freetype-1.10.0.jar;C:\Users\spenc\.gradle\caches\modules-2\files-2.1\com.badlogicgames.box2dlights\box2dlights\1.5\6902dbcd250c95a27973aa24a147a95b3828d348\box2dlights-1.5.jar;C:\Users\spenc\.gradle\caches\modules-2\files-2.1\com.badlogicgames.gdx\gdx-box2d\1.10.0\b3a3c0f00b90716238835434d0ae8985604c37f8\gdx-box2d-1.10.0.jar;C
Launcher Type: SUN_STANDARD

[Global flags]
     intx CICompilerCount                          = 4                                         {product} {ergonomic}
     uint ConcGCThreads                            = 2                                         {product} {ergonomic}
     uint G1ConcRefinementThreads                  = 8                                         {product} {ergonomic}
   size_t G1HeapRegionSize                         = 1048576                                   {product} {ergonomic}
    uintx GCDrainStackTargetSize                   = 64                                        {product} {ergonomic}
   size_t InitialHeapSize                          = 132120576                                 {product} {ergonomic}
   size_t MarkStackSize                            = 4194304                                   {product} {ergonomic}
   size_t MaxHeapSize                              = 2095054848                                {product} {ergonomic}
   size_t MaxNewSize                               = 1256194048                                {product} {ergonomic}
   size_t MinHeapDeltaBytes                        = 1048576                                   {product} {ergonomic}
   size_t MinHeapSize                              = 8388608                                   {product} {ergonomic}
    uintx NonNMethodCodeHeapSize                   = 5839372                                {pd product} {ergonomic}
    uintx NonProfiledCodeHeapSize                  = 122909434                              {pd product} {ergonomic}
    uintx ProfiledCodeHeapSize                     = 122909434                              {pd product} {ergonomic}
    uintx ReservedCodeCacheSize                    = 251658240                              {pd product} {ergonomic}
     bool SegmentedCodeCache                       = true                                      {product} {ergonomic}
   size_t SoftMaxHeapSize                          = 2095054848                             {manageable} {ergonomic}
     bool UseCompressedClassPointers               = true                                 {lp64_product} {ergonomic}
     bool UseCompressedOops                        = true                                 {lp64_product} {ergonomic}
     bool UseG1GC                                  = true                                      {product} {ergonomic}
     bool UseLargePagesIndividualAllocation        = false                                  {pd product} {ergonomic}

Logging:
Log output configuration:
 #0: stdout all=warning uptime,level,tags
 #1: stderr all=off uptime,level,tags

Environment Variables:
JAVA_HOME=C:\Program Files\Java\jdk1.8.0_311
PATH=C:\Program Files\Zulu\zulu-15\bin\;C:\Program Files (x86)\Common Files\Oracle\Java\javapath;C:\Windows\system32;C:\Windows;C:\Windows\System32\Wbem;C:\Windows\System32\WindowsPowerShell\v1.0\;C:\Windows\System32\OpenSSH\;C:\Program Files\Git\cmd;C:\Users\spenc\AppData\Local\Microsoft\WindowsApps;C:\Users\spenc\AppData\Local\GitHubDesktop\bin;C:\Program Files\JetBrains\IntelliJ IDEA Community Edition 2021.3\bin;
USERNAME=spenc
OS=Windows_NT
PROCESSOR_IDENTIFIER=Intel64 Family 6 Model 140 Stepping 1, GenuineIntel



---------------  S Y S T E M  ---------------

OS:
 Windows 10 , 64 bit Build 19041 (10.0.19041.1348)
OS uptime: 11 days 6:54 hours

CPU: total 8 (initial active 8) (4 cores per cpu, 2 threads per core) family 6 model 140 stepping 1 microcode 0x78, cmov, cx8, fxsr, mmx, sse, sse2, sse3, ssse3, sse4.1, sse4.2, popcnt, vzeroupper, avx, avx2, aes, clmul, erms, 3dnowpref, lzcnt, ht, tsc, tscinvbit, bmi1, bmi2, adx, avx512f, avx512dq, avx512cd, avx512bw, avx512vl, avx512_vpopcntdq, avx512_vpclmulqdq, avx512_vbmi, avx512_vbmi2, avx512_vaes, avx512_vnni, sha, fma, clflush, clflushopt, clwb

Memory: 4k page, system-wide physical 7987M (861M free)
TotalPageFile size 30824M (AvailPageFile size 12924M)
current process WorkingSet (physical memory assigned to process): 163M, peak: 185M
current process commit charge ("private bytes"): 286M, peak: 309M

vm_info: OpenJDK 64-Bit Server VM (15.0.5+3-MTS) for windows-amd64 JRE (15.0.5+3-MTS) (Zulu15.36+13-CA), built on Oct  8 2021 11:07:26 by "zulu_re" with MS VC++ 15.9 (VS2017)

END.
