#
# A fatal error has been detected by the Java Runtime Environment:
#
#  EXCEPTION_ACCESS_VIOLATION (0xc0000005) at pc=0x0000000066b2154e, pid=11876, tid=20860
#
# JRE version: OpenJDK Runtime Environment Zulu15.36+13-CA (15.0.5+3) (build 15.0.5+3-MTS)
# Java VM: OpenJDK 64-Bit Server VM Zulu15.36+13-CA (15.0.5+3-MTS, mixed mode, sharing, tiered, compressed oops, g1 gc, windows-amd64)
# Problematic frame:
# C  [gdx-box2d64.dll+0x2154e]
#
# No core dump will be written. Minidumps are not enabled by default on client versions of Windows
#
# If you would like to submit a bug report, please visit:
#   http://www.azul.com/support/
# The crash happened outside the Java Virtual Machine in native code.
# See problematic frame for where to report the bug.
#

---------------  S U M M A R Y ------------

Command Line: -Dfile.encoding=windows-1252 -Duser.country=CA -Duser.language=en -Duser.variant com.mygdx.game.desktop.DesktopLauncher

Host: 11th Gen Intel(R) Core(TM) i5-1135G7 @ 2.40GHz, 8 cores, 7G,  Windows 10 , 64 bit Build 19041 (10.0.19041.1348)
Time: Wed Jan 19 09:30:38 2022 Eastern Standard Time elapsed time: 25.213807 seconds (0d 0h 0m 25s)

---------------  T H R E A D  ---------------

Current thread (0x00000238e7db6830):  JavaThread "LWJGL Application" [_thread_in_native, id=20860, stack(0x0000006ba0d00000,0x0000006ba0e00000)]

Stack: [0x0000006ba0d00000,0x0000006ba0e00000],  sp=0x0000006ba0dfed30,  free space=1019k
Native frames: (J=compiled Java code, j=interpreted, Vv=VM code, C=native code)
C  [gdx-box2d64.dll+0x2154e]

Java frames: (J=compiled Java code, j=interpreted, Vv=VM code)
j  com.badlogic.gdx.physics.box2d.World.jniDestroyBody(JJ)V+0
j  com.badlogic.gdx.physics.box2d.World.destroyBody(Lcom/badlogic/gdx/physics/box2d/Body;)V+42
j  com.mygdx.game.Entity.dispose()V+16
j  com.mygdx.game.MyGdxGame.dispose()V+82
j  com.badlogic.gdx.backends.lwjgl.LwjglApplication.mainLoop()V+924
j  com.badlogic.gdx.backends.lwjgl.LwjglApplication$1.run()V+27
v  ~StubRoutines::call_stub

siginfo: EXCEPTION_ACCESS_VIOLATION (0xc0000005), reading address 0x00000238f0b58fe8


Register to memory mapping:

RIP=0x0000000066b2154e gdx-box2d64.dll
RAX=0x000000000000000f is an unknown value
RBX=0x00000238f0b3fd50 points into unknown readable memory: 0x00000238f0c60250 | 50 02 c6 f0 38 02 00 00
RCX=0x00000238f0b3fd50 points into unknown readable memory: 0x00000238f0c60250 | 50 02 c6 f0 38 02 00 00
RDX=0x00000238f0b74230 is an unknown value
RSP=0x0000006ba0dfed30 is pointing into the stack for thread: 0x00000238e7db6830
RBP=0x0000006ba0dfee98 is pointing into the stack for thread: 0x00000238e7db6830
RSI=0x00000238f0b3fd50 points into unknown readable memory: 0x00000238f0c60250 | 50 02 c6 f0 38 02 00 00
RDI=0x00000238f0b74230 is an unknown value
R8 =0x00000238f0b3fd50 points into unknown readable memory: 0x00000238f0c60250 | 50 02 c6 f0 38 02 00 00
R9 =0x00000238f0b74230 is an unknown value
R10=0x00000238d053f148 is at code_begin+1000 in an Interpreter codelet
method entry point (kind = native)  [0x00000238d053ed60, 0x00000238d053f7e0]  2688 bytes
R11=0x0000000000000102 is an unknown value
R12=0x0 is NULL
R13={method} {0x00000238e73b42e8} 'jniDestroyBody' '(JJ)V' in 'com/badlogic/gdx/physics/box2d/World'
R14=0x0000006ba0dfeed8 is pointing into the stack for thread: 0x00000238e7db6830
R15=0x00000238e7db6830 is a thread


Registers:
RAX=0x000000000000000f, RBX=0x00000238f0b3fd50, RCX=0x00000238f0b3fd50, RDX=0x00000238f0b74230
RSP=0x0000006ba0dfed30, RBP=0x0000006ba0dfee98, RSI=0x00000238f0b3fd50, RDI=0x00000238f0b74230
R8 =0x00000238f0b3fd50, R9 =0x00000238f0b74230, R10=0x00000238d053f148, R11=0x0000000000000102
R12=0x0000000000000000, R13=0x00000238e73b42e0, R14=0x0000006ba0dfeed8, R15=0x00000238e7db6830
RIP=0x0000000066b2154e, EFLAGS=0x0000000000010206

Top of Stack: (sp=0x0000006ba0dfed30)
0x0000006ba0dfed30:   00000238e6d436e0 0000002800000003
0x0000006ba0dfed40:   0000006ba0dfee98 00000238e7db6830
0x0000006ba0dfed50:   00000238f0b3fd50 00000238f0b74230
0x0000006ba0dfed60:   0000000000039f0e 0000006ba0dfee98
0x0000006ba0dfed70:   0000000000000000 0000000066b26a9d
0x0000006ba0dfed80:   0000006ba0dfee98 00007ffc5089e3d7
0x0000006ba0dfed90:   0000006ba0dfedb0 00000238e7afaf60
0x0000006ba0dfeda0:   0000000066b487e0 00000238e7db6b58
0x0000006ba0dfedb0:   0000006ba0dfeed8 00000238e7db6830
0x0000006ba0dfedc0:   0000000066b48840 00000238e7db6b58
0x0000006ba0dfedd0:   0000006ba0dfeed8 00000238e73b42e0
0x0000006ba0dfede0:   00000238e73b42e0 00000238e73b42e0
0x0000006ba0dfedf0:   0000000000000000 00000238d053f177
0x0000006ba0dfee00:   00000238e73b42e0 00000238e7db6830
0x0000006ba0dfee10:   0000000000039f0e 00000238d053ee5c
0x0000006ba0dfee20:   00000238e73b42e0 0000000000000000 

Instructions: (pc=0x0000000066b2154e)
0x0000000066b2144e:   1f 00 48 8b 40 18 48 85 c0 74 16 48 3b 30 75 f2
0x0000000066b2145e:   48 8b 50 08 48 8b 40 18 83 4a 08 08 48 85 c0 75
0x0000000066b2146e:   ea 48 83 c4 20 5b 5e 5f 5d 41 5c c3 66 0f 1f 44
0x0000000066b2147e:   00 00 83 c8 02 c7 85 ac 00 00 00 00 00 00 00 66
0x0000000066b2148e:   89 45 04 e9 04 ff ff ff 66 2e 0f 1f 84 00 00 00
0x0000000066b2149e:   00 00 48 8d 15 49 34 02 00 48 8d 0d a0 34 02 00
0x0000000066b214ae:   41 b8 12 01 00 00 e8 17 51 01 00 f6 87 98 92 01
0x0000000066b214be:   00 02 0f 84 77 fe ff ff 48 83 c4 20 5b 5e 5f 5d
0x0000000066b214ce:   41 5c c3 48 89 97 28 93 01 00 e9 90 fe ff ff 0f
0x0000000066b214de:   1f 00 48 89 96 80 00 00 00 e9 dd fe ff ff 0f 1f
0x0000000066b214ee:   40 00 48 89 95 80 00 00 00 e9 0c ff ff ff 0f 1f
0x0000000066b214fe:   40 00 48 8d 15 e9 33 02 00 48 8d 0d 54 34 02 00
0x0000000066b2150e:   41 b8 5a 01 00 00 e8 b7 50 01 00 8b 87 34 93 01
0x0000000066b2151e:   00 e9 0d ff ff ff 66 90 66 2e 0f 1f 84 00 00 00
0x0000000066b2152e:   00 00 41 54 55 57 56 53 48 83 ec 20 8b 81 30 93
0x0000000066b2153e:   01 00 48 89 ce 48 89 d7 85 c0 0f 8e 93 01 00 00
0x0000000066b2154e:   f6 86 98 92 01 00 02 0f 85 55 01 00 00 48 8b 9f
0x0000000066b2155e:   80 00 00 00 48 85 db 74 3e 66 0f 1f 84 00 00 00
0x0000000066b2156e:   00 00 48 8b 8e 48 93 01 00 48 8b 6b 18 48 85 c9
0x0000000066b2157e:   74 0a 48 8b 01 48 8b 53 08 ff 50 10 48 8b 53 08
0x0000000066b2158e:   48 89 f1 48 89 eb e8 87 fd ff ff 48 85 ed 48 89
0x0000000066b2159e:   af 80 00 00 00 75 cb 48 8b 87 88 00 00 00 48 c7
0x0000000066b215ae:   87 80 00 00 00 00 00 00 00 48 8d ae a0 92 01 00
0x0000000066b215be:   48 85 c0 74 18 48 8b 58 18 48 8b 50 08 48 89 e9
0x0000000066b215ce:   e8 0d dd ff ff 48 85 db 48 89 d8 75 e8 48 8b 5f
0x0000000066b215de:   70 48 c7 87 88 00 00 00 00 00 00 00 4c 8d a6 a0
0x0000000066b215ee:   92 01 00 48 85 db 74 5a 66 2e 0f 1f 84 00 00 00
0x0000000066b215fe:   00 00 48 8b 8e 48 93 01 00 48 8b 6b 08 48 85 c9
0x0000000066b2160e:   74 09 48 8b 01 48 89 da ff 50 18 48 89 d9 4c 89
0x0000000066b2161e:   e2 e8 7c e4 ff ff 48 89 d9 48 89 f2 e8 61 e2 ff
0x0000000066b2162e:   ff 48 89 da 41 b8 48 00 00 00 48 89 f1 e8 60 a7
0x0000000066b2163e:   fe ff 83 6f 78 01 48 85 ed 48 89 6f 70 48 89 eb 


Stack slot to memory mapping:
stack at sp + 0 slots: 0x00000238e6d436e0 points into unknown readable memory: 0x00007ffc50d61b08 | 08 1b d6 50 fc 7f 00 00
stack at sp + 1 slots: 0x0000002800000003 is an unknown value
stack at sp + 2 slots: 0x0000006ba0dfee98 is pointing into the stack for thread: 0x00000238e7db6830
stack at sp + 3 slots: 0x00000238e7db6830 is a thread
stack at sp + 4 slots: 0x00000238f0b3fd50 points into unknown readable memory: 0x00000238f0c60250 | 50 02 c6 f0 38 02 00 00
stack at sp + 5 slots: 0x00000238f0b74230 is an unknown value
stack at sp + 6 slots: 0x0000000000039f0e is an unknown value
stack at sp + 7 slots: 0x0000006ba0dfee98 is pointing into the stack for thread: 0x00000238e7db6830


---------------  P R O C E S S  ---------------

Threads class SMR info:
_java_thread_list=0x00000238efe126b0, length=13, elements={
0x00000238e6d130f0, 0x00000238e6d162e0, 0x00000238e6d31840, 0x00000238e6d322f0,
0x00000238e6d333b0, 0x00000238e6d34240, 0x00000238e6d3de00, 0x00000238e6d41df0,
0x00000238e776eb10, 0x00000238e7701ae0, 0x00000238e7db6830, 0x00000238c800e4c0,
0x00000238efda2aa0
}

Java Threads: ( => current thread )
  0x00000238e6d130f0 JavaThread "Reference Handler" daemon [_thread_blocked, id=23340, stack(0x0000006b9fe00000,0x0000006b9ff00000)]
  0x00000238e6d162e0 JavaThread "Finalizer" daemon [_thread_blocked, id=13452, stack(0x0000006b9ff00000,0x0000006ba0000000)]
  0x00000238e6d31840 JavaThread "Signal Dispatcher" daemon [_thread_blocked, id=21544, stack(0x0000006ba0000000,0x0000006ba0100000)]
  0x00000238e6d322f0 JavaThread "Attach Listener" daemon [_thread_blocked, id=21664, stack(0x0000006ba0100000,0x0000006ba0200000)]
  0x00000238e6d333b0 JavaThread "Service Thread" daemon [_thread_blocked, id=23128, stack(0x0000006ba0200000,0x0000006ba0300000)]
  0x00000238e6d34240 JavaThread "C2 CompilerThread0" daemon [_thread_blocked, id=4276, stack(0x0000006ba0300000,0x0000006ba0400000)]
  0x00000238e6d3de00 JavaThread "C1 CompilerThread0" daemon [_thread_blocked, id=19000, stack(0x0000006ba0400000,0x0000006ba0500000)]
  0x00000238e6d41df0 JavaThread "Sweeper thread" daemon [_thread_blocked, id=14196, stack(0x0000006ba0500000,0x0000006ba0600000)]
  0x00000238e776eb10 JavaThread "Notification Thread" daemon [_thread_blocked, id=9104, stack(0x0000006ba0600000,0x0000006ba0700000)]
  0x00000238e7701ae0 JavaThread "Common-Cleaner" daemon [_thread_blocked, id=20452, stack(0x0000006ba0800000,0x0000006ba0900000)]
=>0x00000238e7db6830 JavaThread "LWJGL Application" [_thread_in_native, id=20860, stack(0x0000006ba0d00000,0x0000006ba0e00000)]
  0x00000238c800e4c0 JavaThread "DestroyJavaVM" [_thread_blocked, id=20352, stack(0x0000006b9f700000,0x0000006b9f800000)]
  0x00000238efda2aa0 JavaThread "LWJGL Timer" daemon [_thread_blocked, id=14208, stack(0x0000006ba1300000,0x0000006ba1400000)]

Other Threads:
  0x00000238e6d11860 VMThread "VM Thread" [stack: 0x0000006b9fd00000,0x0000006b9fe00000] [id=13616]
  0x00000238e776f1f0 WatcherThread [stack: 0x0000006ba0700000,0x0000006ba0800000] [id=20816]
  0x00000238c804d550 GCTaskThread "GC Thread#0" [stack: 0x0000006b9f800000,0x0000006b9f900000] [id=4256]
  0x00000238c8060f40 ConcurrentGCThread "G1 Main Marker" [stack: 0x0000006b9f900000,0x0000006b9fa00000] [id=16520]
  0x00000238c80618f0 ConcurrentGCThread "G1 Conc#0" [stack: 0x0000006b9fa00000,0x0000006b9fb00000] [id=19888]
  0x00000238c80ee6d0 ConcurrentGCThread "G1 Refine#0" [stack: 0x0000006b9fb00000,0x0000006b9fc00000] [id=22820]
  0x00000238e6b8b610 ConcurrentGCThread "G1 Young RemSet Sampling" [stack: 0x0000006b9fc00000,0x0000006b9fd00000] [id=5960]

Threads with active compile tasks:

VM state: not at safepoint (normal execution)

VM Mutex/Monitor currently owned by a thread: None

Heap address: 0x0000000083200000, size: 1998 MB, Compressed Oops mode: 32-bit
CDS archive(s) mapped at: [0x0000000800000000-0x0000000800b50000-0x0000000800b50000), size 11862016, SharedBaseAddress: 0x0000000800000000, ArchiveRelocationMode: 0.
Compressed class space mapped at: 0x0000000800b50000-0x0000000840b50000, size: 1073741824
Narrow klass base: 0x0000000800000000, Narrow klass shift: 3, Narrow klass range: 0x100000000

GC Precious Log:
 CPUs: 8 total, 8 available
 Memory: 7987M
 Large Page Support: Disabled
 NUMA Support: Disabled
 Compressed Oops: Enabled (32-bit)
 Heap Region Size: 1M
 Heap Min Capacity: 8M
 Heap Initial Capacity: 126M
 Heap Max Capacity: 1998M
 Pre-touch: Disabled
 Parallel Workers: 8
 Concurrent Workers: 2
 Concurrent Refinement Workers: 8
 Periodic GC: Disabled

Heap:
 garbage-first heap   total 129024K, used 16384K [0x0000000083200000, 0x0000000100000000)
  region size 1024K, 18 young (18432K), 0 survivors (0K)
 Metaspace       used 5052K, capacity 8062K, committed 8448K, reserved 1056768K
  class space    used 333K, capacity 649K, committed 768K, reserved 1048576K

Heap Regions: E=young(eden), S=young(survivor), O=old, HS=humongous(starts), HC=humongous(continues), CS=collection set, F=free, OA=open archive, CA=closed archive, TAMS=top-at-mark-start (previous, next)
|   0|0x0000000083200000, 0x0000000083200000, 0x0000000083300000|  0%| F|  |TAMS 0x0000000083200000, 0x0000000083200000| Untracked 
|   1|0x0000000083300000, 0x0000000083300000, 0x0000000083400000|  0%| F|  |TAMS 0x0000000083300000, 0x0000000083300000| Untracked 
|   2|0x0000000083400000, 0x0000000083400000, 0x0000000083500000|  0%| F|  |TAMS 0x0000000083400000, 0x0000000083400000| Untracked 
|   3|0x0000000083500000, 0x0000000083500000, 0x0000000083600000|  0%| F|  |TAMS 0x0000000083500000, 0x0000000083500000| Untracked 
|   4|0x0000000083600000, 0x0000000083600000, 0x0000000083700000|  0%| F|  |TAMS 0x0000000083600000, 0x0000000083600000| Untracked 
|   5|0x0000000083700000, 0x0000000083700000, 0x0000000083800000|  0%| F|  |TAMS 0x0000000083700000, 0x0000000083700000| Untracked 
|   6|0x0000000083800000, 0x0000000083800000, 0x0000000083900000|  0%| F|  |TAMS 0x0000000083800000, 0x0000000083800000| Untracked 
|   7|0x0000000083900000, 0x0000000083900000, 0x0000000083a00000|  0%| F|  |TAMS 0x0000000083900000, 0x0000000083900000| Untracked 
|   8|0x0000000083a00000, 0x0000000083a00000, 0x0000000083b00000|  0%| F|  |TAMS 0x0000000083a00000, 0x0000000083a00000| Untracked 
|   9|0x0000000083b00000, 0x0000000083b00000, 0x0000000083c00000|  0%| F|  |TAMS 0x0000000083b00000, 0x0000000083b00000| Untracked 
|  10|0x0000000083c00000, 0x0000000083c00000, 0x0000000083d00000|  0%| F|  |TAMS 0x0000000083c00000, 0x0000000083c00000| Untracked 
|  11|0x0000000083d00000, 0x0000000083d00000, 0x0000000083e00000|  0%| F|  |TAMS 0x0000000083d00000, 0x0000000083d00000| Untracked 
|  12|0x0000000083e00000, 0x0000000083e00000, 0x0000000083f00000|  0%| F|  |TAMS 0x0000000083e00000, 0x0000000083e00000| Untracked 
|  13|0x0000000083f00000, 0x0000000083f00000, 0x0000000084000000|  0%| F|  |TAMS 0x0000000083f00000, 0x0000000083f00000| Untracked 
|  14|0x0000000084000000, 0x0000000084000000, 0x0000000084100000|  0%| F|  |TAMS 0x0000000084000000, 0x0000000084000000| Untracked 
|  15|0x0000000084100000, 0x0000000084100000, 0x0000000084200000|  0%| F|  |TAMS 0x0000000084100000, 0x0000000084100000| Untracked 
|  16|0x0000000084200000, 0x0000000084200000, 0x0000000084300000|  0%| F|  |TAMS 0x0000000084200000, 0x0000000084200000| Untracked 
|  17|0x0000000084300000, 0x0000000084300000, 0x0000000084400000|  0%| F|  |TAMS 0x0000000084300000, 0x0000000084300000| Untracked 
|  18|0x0000000084400000, 0x0000000084400000, 0x0000000084500000|  0%| F|  |TAMS 0x0000000084400000, 0x0000000084400000| Untracked 
|  19|0x0000000084500000, 0x0000000084500000, 0x0000000084600000|  0%| F|  |TAMS 0x0000000084500000, 0x0000000084500000| Untracked 
|  20|0x0000000084600000, 0x0000000084600000, 0x0000000084700000|  0%| F|  |TAMS 0x0000000084600000, 0x0000000084600000| Untracked 
|  21|0x0000000084700000, 0x0000000084700000, 0x0000000084800000|  0%| F|  |TAMS 0x0000000084700000, 0x0000000084700000| Untracked 
|  22|0x0000000084800000, 0x0000000084800000, 0x0000000084900000|  0%| F|  |TAMS 0x0000000084800000, 0x0000000084800000| Untracked 
|  23|0x0000000084900000, 0x0000000084900000, 0x0000000084a00000|  0%| F|  |TAMS 0x0000000084900000, 0x0000000084900000| Untracked 
|  24|0x0000000084a00000, 0x0000000084a00000, 0x0000000084b00000|  0%| F|  |TAMS 0x0000000084a00000, 0x0000000084a00000| Untracked 
|  25|0x0000000084b00000, 0x0000000084b00000, 0x0000000084c00000|  0%| F|  |TAMS 0x0000000084b00000, 0x0000000084b00000| Untracked 
|  26|0x0000000084c00000, 0x0000000084c00000, 0x0000000084d00000|  0%| F|  |TAMS 0x0000000084c00000, 0x0000000084c00000| Untracked 
|  27|0x0000000084d00000, 0x0000000084d00000, 0x0000000084e00000|  0%| F|  |TAMS 0x0000000084d00000, 0x0000000084d00000| Untracked 
|  28|0x0000000084e00000, 0x0000000084e00000, 0x0000000084f00000|  0%| F|  |TAMS 0x0000000084e00000, 0x0000000084e00000| Untracked 
|  29|0x0000000084f00000, 0x0000000084f00000, 0x0000000085000000|  0%| F|  |TAMS 0x0000000084f00000, 0x0000000084f00000| Untracked 
|  30|0x0000000085000000, 0x0000000085000000, 0x0000000085100000|  0%| F|  |TAMS 0x0000000085000000, 0x0000000085000000| Untracked 
|  31|0x0000000085100000, 0x0000000085100000, 0x0000000085200000|  0%| F|  |TAMS 0x0000000085100000, 0x0000000085100000| Untracked 
|  32|0x0000000085200000, 0x0000000085200000, 0x0000000085300000|  0%| F|  |TAMS 0x0000000085200000, 0x0000000085200000| Untracked 
|  33|0x0000000085300000, 0x0000000085300000, 0x0000000085400000|  0%| F|  |TAMS 0x0000000085300000, 0x0000000085300000| Untracked 
|  34|0x0000000085400000, 0x0000000085400000, 0x0000000085500000|  0%| F|  |TAMS 0x0000000085400000, 0x0000000085400000| Untracked 
|  35|0x0000000085500000, 0x0000000085500000, 0x0000000085600000|  0%| F|  |TAMS 0x0000000085500000, 0x0000000085500000| Untracked 
|  36|0x0000000085600000, 0x0000000085600000, 0x0000000085700000|  0%| F|  |TAMS 0x0000000085600000, 0x0000000085600000| Untracked 
|  37|0x0000000085700000, 0x0000000085700000, 0x0000000085800000|  0%| F|  |TAMS 0x0000000085700000, 0x0000000085700000| Untracked 
|  38|0x0000000085800000, 0x0000000085800000, 0x0000000085900000|  0%| F|  |TAMS 0x0000000085800000, 0x0000000085800000| Untracked 
|  39|0x0000000085900000, 0x0000000085900000, 0x0000000085a00000|  0%| F|  |TAMS 0x0000000085900000, 0x0000000085900000| Untracked 
|  40|0x0000000085a00000, 0x0000000085a00000, 0x0000000085b00000|  0%| F|  |TAMS 0x0000000085a00000, 0x0000000085a00000| Untracked 
|  41|0x0000000085b00000, 0x0000000085b00000, 0x0000000085c00000|  0%| F|  |TAMS 0x0000000085b00000, 0x0000000085b00000| Untracked 
|  42|0x0000000085c00000, 0x0000000085c00000, 0x0000000085d00000|  0%| F|  |TAMS 0x0000000085c00000, 0x0000000085c00000| Untracked 
|  43|0x0000000085d00000, 0x0000000085d00000, 0x0000000085e00000|  0%| F|  |TAMS 0x0000000085d00000, 0x0000000085d00000| Untracked 
|  44|0x0000000085e00000, 0x0000000085e00000, 0x0000000085f00000|  0%| F|  |TAMS 0x0000000085e00000, 0x0000000085e00000| Untracked 
|  45|0x0000000085f00000, 0x0000000085f00000, 0x0000000086000000|  0%| F|  |TAMS 0x0000000085f00000, 0x0000000085f00000| Untracked 
|  46|0x0000000086000000, 0x0000000086000000, 0x0000000086100000|  0%| F|  |TAMS 0x0000000086000000, 0x0000000086000000| Untracked 
|  47|0x0000000086100000, 0x0000000086100000, 0x0000000086200000|  0%| F|  |TAMS 0x0000000086100000, 0x0000000086100000| Untracked 
|  48|0x0000000086200000, 0x0000000086200000, 0x0000000086300000|  0%| F|  |TAMS 0x0000000086200000, 0x0000000086200000| Untracked 
|  49|0x0000000086300000, 0x0000000086300000, 0x0000000086400000|  0%| F|  |TAMS 0x0000000086300000, 0x0000000086300000| Untracked 
|  50|0x0000000086400000, 0x0000000086400000, 0x0000000086500000|  0%| F|  |TAMS 0x0000000086400000, 0x0000000086400000| Untracked 
|  51|0x0000000086500000, 0x0000000086500000, 0x0000000086600000|  0%| F|  |TAMS 0x0000000086500000, 0x0000000086500000| Untracked 
|  52|0x0000000086600000, 0x0000000086600000, 0x0000000086700000|  0%| F|  |TAMS 0x0000000086600000, 0x0000000086600000| Untracked 
|  53|0x0000000086700000, 0x0000000086700000, 0x0000000086800000|  0%| F|  |TAMS 0x0000000086700000, 0x0000000086700000| Untracked 
|  54|0x0000000086800000, 0x0000000086800000, 0x0000000086900000|  0%| F|  |TAMS 0x0000000086800000, 0x0000000086800000| Untracked 
|  55|0x0000000086900000, 0x0000000086900000, 0x0000000086a00000|  0%| F|  |TAMS 0x0000000086900000, 0x0000000086900000| Untracked 
|  56|0x0000000086a00000, 0x0000000086a00000, 0x0000000086b00000|  0%| F|  |TAMS 0x0000000086a00000, 0x0000000086a00000| Untracked 
|  57|0x0000000086b00000, 0x0000000086b00000, 0x0000000086c00000|  0%| F|  |TAMS 0x0000000086b00000, 0x0000000086b00000| Untracked 
|  58|0x0000000086c00000, 0x0000000086c00000, 0x0000000086d00000|  0%| F|  |TAMS 0x0000000086c00000, 0x0000000086c00000| Untracked 
|  59|0x0000000086d00000, 0x0000000086d00000, 0x0000000086e00000|  0%| F|  |TAMS 0x0000000086d00000, 0x0000000086d00000| Untracked 
|  60|0x0000000086e00000, 0x0000000086e00000, 0x0000000086f00000|  0%| F|  |TAMS 0x0000000086e00000, 0x0000000086e00000| Untracked 
|  61|0x0000000086f00000, 0x0000000086f00000, 0x0000000087000000|  0%| F|  |TAMS 0x0000000086f00000, 0x0000000086f00000| Untracked 
|  62|0x0000000087000000, 0x0000000087000000, 0x0000000087100000|  0%| F|  |TAMS 0x0000000087000000, 0x0000000087000000| Untracked 
|  63|0x0000000087100000, 0x0000000087100000, 0x0000000087200000|  0%| F|  |TAMS 0x0000000087100000, 0x0000000087100000| Untracked 
|  64|0x0000000087200000, 0x0000000087200000, 0x0000000087300000|  0%| F|  |TAMS 0x0000000087200000, 0x0000000087200000| Untracked 
|  65|0x0000000087300000, 0x0000000087300000, 0x0000000087400000|  0%| F|  |TAMS 0x0000000087300000, 0x0000000087300000| Untracked 
|  66|0x0000000087400000, 0x0000000087400000, 0x0000000087500000|  0%| F|  |TAMS 0x0000000087400000, 0x0000000087400000| Untracked 
|  67|0x0000000087500000, 0x0000000087500000, 0x0000000087600000|  0%| F|  |TAMS 0x0000000087500000, 0x0000000087500000| Untracked 
|  68|0x0000000087600000, 0x0000000087600000, 0x0000000087700000|  0%| F|  |TAMS 0x0000000087600000, 0x0000000087600000| Untracked 
|  69|0x0000000087700000, 0x0000000087700000, 0x0000000087800000|  0%| F|  |TAMS 0x0000000087700000, 0x0000000087700000| Untracked 
|  70|0x0000000087800000, 0x0000000087800000, 0x0000000087900000|  0%| F|  |TAMS 0x0000000087800000, 0x0000000087800000| Untracked 
|  71|0x0000000087900000, 0x0000000087900000, 0x0000000087a00000|  0%| F|  |TAMS 0x0000000087900000, 0x0000000087900000| Untracked 
|  72|0x0000000087a00000, 0x0000000087a00000, 0x0000000087b00000|  0%| F|  |TAMS 0x0000000087a00000, 0x0000000087a00000| Untracked 
|  73|0x0000000087b00000, 0x0000000087b00000, 0x0000000087c00000|  0%| F|  |TAMS 0x0000000087b00000, 0x0000000087b00000| Untracked 
|  74|0x0000000087c00000, 0x0000000087c00000, 0x0000000087d00000|  0%| F|  |TAMS 0x0000000087c00000, 0x0000000087c00000| Untracked 
|  75|0x0000000087d00000, 0x0000000087d00000, 0x0000000087e00000|  0%| F|  |TAMS 0x0000000087d00000, 0x0000000087d00000| Untracked 
|  76|0x0000000087e00000, 0x0000000087e00000, 0x0000000087f00000|  0%| F|  |TAMS 0x0000000087e00000, 0x0000000087e00000| Untracked 
|  77|0x0000000087f00000, 0x0000000087f00000, 0x0000000088000000|  0%| F|  |TAMS 0x0000000087f00000, 0x0000000087f00000| Untracked 
|  78|0x0000000088000000, 0x0000000088000000, 0x0000000088100000|  0%| F|  |TAMS 0x0000000088000000, 0x0000000088000000| Untracked 
|  79|0x0000000088100000, 0x0000000088100000, 0x0000000088200000|  0%| F|  |TAMS 0x0000000088100000, 0x0000000088100000| Untracked 
|  80|0x0000000088200000, 0x0000000088200000, 0x0000000088300000|  0%| F|  |TAMS 0x0000000088200000, 0x0000000088200000| Untracked 
|  81|0x0000000088300000, 0x0000000088300000, 0x0000000088400000|  0%| F|  |TAMS 0x0000000088300000, 0x0000000088300000| Untracked 
|  82|0x0000000088400000, 0x0000000088400000, 0x0000000088500000|  0%| F|  |TAMS 0x0000000088400000, 0x0000000088400000| Untracked 
|  83|0x0000000088500000, 0x0000000088500000, 0x0000000088600000|  0%| F|  |TAMS 0x0000000088500000, 0x0000000088500000| Untracked 
|  84|0x0000000088600000, 0x0000000088600000, 0x0000000088700000|  0%| F|  |TAMS 0x0000000088600000, 0x0000000088600000| Untracked 
|  85|0x0000000088700000, 0x0000000088700000, 0x0000000088800000|  0%| F|  |TAMS 0x0000000088700000, 0x0000000088700000| Untracked 
|  86|0x0000000088800000, 0x0000000088800000, 0x0000000088900000|  0%| F|  |TAMS 0x0000000088800000, 0x0000000088800000| Untracked 
|  87|0x0000000088900000, 0x0000000088900000, 0x0000000088a00000|  0%| F|  |TAMS 0x0000000088900000, 0x0000000088900000| Untracked 
|  88|0x0000000088a00000, 0x0000000088a00000, 0x0000000088b00000|  0%| F|  |TAMS 0x0000000088a00000, 0x0000000088a00000| Untracked 
|  89|0x0000000088b00000, 0x0000000088b00000, 0x0000000088c00000|  0%| F|  |TAMS 0x0000000088b00000, 0x0000000088b00000| Untracked 
|  90|0x0000000088c00000, 0x0000000088c00000, 0x0000000088d00000|  0%| F|  |TAMS 0x0000000088c00000, 0x0000000088c00000| Untracked 
|  91|0x0000000088d00000, 0x0000000088d00000, 0x0000000088e00000|  0%| F|  |TAMS 0x0000000088d00000, 0x0000000088d00000| Untracked 
|  92|0x0000000088e00000, 0x0000000088e00000, 0x0000000088f00000|  0%| F|  |TAMS 0x0000000088e00000, 0x0000000088e00000| Untracked 
|  93|0x0000000088f00000, 0x0000000088f00000, 0x0000000089000000|  0%| F|  |TAMS 0x0000000088f00000, 0x0000000088f00000| Untracked 
|  94|0x0000000089000000, 0x0000000089000000, 0x0000000089100000|  0%| F|  |TAMS 0x0000000089000000, 0x0000000089000000| Untracked 
|  95|0x0000000089100000, 0x0000000089100000, 0x0000000089200000|  0%| F|  |TAMS 0x0000000089100000, 0x0000000089100000| Untracked 
|  96|0x0000000089200000, 0x0000000089200000, 0x0000000089300000|  0%| F|  |TAMS 0x0000000089200000, 0x0000000089200000| Untracked 
|  97|0x0000000089300000, 0x0000000089300000, 0x0000000089400000|  0%| F|  |TAMS 0x0000000089300000, 0x0000000089300000| Untracked 
|  98|0x0000000089400000, 0x0000000089400000, 0x0000000089500000|  0%| F|  |TAMS 0x0000000089400000, 0x0000000089400000| Untracked 
|  99|0x0000000089500000, 0x0000000089500000, 0x0000000089600000|  0%| F|  |TAMS 0x0000000089500000, 0x0000000089500000| Untracked 
| 100|0x0000000089600000, 0x0000000089600000, 0x0000000089700000|  0%| F|  |TAMS 0x0000000089600000, 0x0000000089600000| Untracked 
| 101|0x0000000089700000, 0x0000000089700000, 0x0000000089800000|  0%| F|  |TAMS 0x0000000089700000, 0x0000000089700000| Untracked 
| 102|0x0000000089800000, 0x0000000089800000, 0x0000000089900000|  0%| F|  |TAMS 0x0000000089800000, 0x0000000089800000| Untracked 
| 103|0x0000000089900000, 0x0000000089900000, 0x0000000089a00000|  0%| F|  |TAMS 0x0000000089900000, 0x0000000089900000| Untracked 
| 104|0x0000000089a00000, 0x0000000089a00000, 0x0000000089b00000|  0%| F|  |TAMS 0x0000000089a00000, 0x0000000089a00000| Untracked 
| 105|0x0000000089b00000, 0x0000000089b00000, 0x0000000089c00000|  0%| F|  |TAMS 0x0000000089b00000, 0x0000000089b00000| Untracked 
| 106|0x0000000089c00000, 0x0000000089c00000, 0x0000000089d00000|  0%| F|  |TAMS 0x0000000089c00000, 0x0000000089c00000| Untracked 
| 107|0x0000000089d00000, 0x0000000089d00000, 0x0000000089e00000|  0%| F|  |TAMS 0x0000000089d00000, 0x0000000089d00000| Untracked 
| 108|0x0000000089e00000, 0x0000000089f00000, 0x0000000089f00000|100%| E|  |TAMS 0x0000000089e00000, 0x0000000089e00000| Complete 
| 109|0x0000000089f00000, 0x000000008a000000, 0x000000008a000000|100%| E|CS|TAMS 0x0000000089f00000, 0x0000000089f00000| Complete 
| 110|0x000000008a000000, 0x000000008a100000, 0x000000008a100000|100%| E|CS|TAMS 0x000000008a000000, 0x000000008a000000| Complete 
| 111|0x000000008a100000, 0x000000008a200000, 0x000000008a200000|100%| E|CS|TAMS 0x000000008a100000, 0x000000008a100000| Complete 
| 112|0x000000008a200000, 0x000000008a300000, 0x000000008a300000|100%| E|CS|TAMS 0x000000008a200000, 0x000000008a200000| Complete 
| 113|0x000000008a300000, 0x000000008a400000, 0x000000008a400000|100%| E|CS|TAMS 0x000000008a300000, 0x000000008a300000| Complete 
| 114|0x000000008a400000, 0x000000008a500000, 0x000000008a500000|100%| E|CS|TAMS 0x000000008a400000, 0x000000008a400000| Complete 
| 115|0x000000008a500000, 0x000000008a600000, 0x000000008a600000|100%| E|CS|TAMS 0x000000008a500000, 0x000000008a500000| Complete 
| 116|0x000000008a600000, 0x000000008a700000, 0x000000008a700000|100%| E|CS|TAMS 0x000000008a600000, 0x000000008a600000| Complete 
| 117|0x000000008a700000, 0x000000008a800000, 0x000000008a800000|100%| E|CS|TAMS 0x000000008a700000, 0x000000008a700000| Complete 
| 118|0x000000008a800000, 0x000000008a900000, 0x000000008a900000|100%| E|CS|TAMS 0x000000008a800000, 0x000000008a800000| Complete 
| 119|0x000000008a900000, 0x000000008aa00000, 0x000000008aa00000|100%| E|CS|TAMS 0x000000008a900000, 0x000000008a900000| Complete 
| 120|0x000000008aa00000, 0x000000008ab00000, 0x000000008ab00000|100%| E|  |TAMS 0x000000008aa00000, 0x000000008aa00000| Complete 
| 121|0x000000008ab00000, 0x000000008ac00000, 0x000000008ac00000|100%| E|CS|TAMS 0x000000008ab00000, 0x000000008ab00000| Complete 
| 122|0x000000008ac00000, 0x000000008ad00000, 0x000000008ad00000|100%| E|CS|TAMS 0x000000008ac00000, 0x000000008ac00000| Complete 
| 123|0x000000008ad00000, 0x000000008ae00000, 0x000000008ae00000|100%| E|CS|TAMS 0x000000008ad00000, 0x000000008ad00000| Complete 
| 124|0x000000008ae00000, 0x000000008af00000, 0x000000008af00000|100%| E|CS|TAMS 0x000000008ae00000, 0x000000008ae00000| Complete 
| 125|0x000000008af00000, 0x000000008b000000, 0x000000008b000000|100%| E|CS|TAMS 0x000000008af00000, 0x000000008af00000| Complete 

Card table byte_map: [0x00000238dfc60000,0x00000238e0050000] _byte_map_base: 0x00000238df847000

Marking Bits (Prev, Next): (CMBitMap*) 0x00000238c8050b20, (CMBitMap*) 0x00000238c8050b60
 Prev Bits: [0x00000238e0440000, 0x00000238e2378000)
 Next Bits: [0x00000238e2380000, 0x00000238e42b8000)

Polling page: 0x00000238c5f60000

Metaspace:

Usage:
  Non-class:      7.24 MB capacity,     4.61 MB ( 64%) used,     2.63 MB ( 36%) free+waste,     3.63 KB ( <1%) overhead. 
      Class:    649.00 KB capacity,   333.88 KB ( 51%) used,   314.25 KB ( 48%) free+waste,   896 bytes ( <1%) overhead. 
       Both:      7.87 MB capacity,     4.93 MB ( 63%) used,     2.93 MB ( 37%) free+waste,     4.50 KB ( <1%) overhead. 

Virtual space:
  Non-class space:        8.00 MB reserved,       7.50 MB ( 94%) committed 
      Class space:        1.00 GB reserved,     768.00 KB ( <1%) committed 
             Both:        1.01 GB reserved,       8.25 MB ( <1%) committed 

Chunk freelists:
   Non-Class:  139.00 KB
       Class:  23.00 KB
        Both:  162.00 KB

MaxMetaspaceSize: 17179869184.00 GB
CompressedClassSpaceSize: 1.00 GB

CodeHeap 'non-profiled nmethods': size=120000Kb used=571Kb max_used=571Kb free=119429Kb
 bounds [0x00000238d8000000, 0x00000238d8270000, 0x00000238df530000]
CodeHeap 'profiled nmethods': size=120000Kb used=2214Kb max_used=2214Kb free=117785Kb
 bounds [0x00000238d0ad0000, 0x00000238d0d40000, 0x00000238d8000000]
CodeHeap 'non-nmethods': size=5760Kb used=1299Kb max_used=1332Kb free=4460Kb
 bounds [0x00000238d0530000, 0x00000238d07a0000, 0x00000238d0ad0000]
 total_blobs=1873 nmethods=1292 adapters=494
 compilation: enabled
              stopped_count=0, restarted_count=0
 full_count=0

Compilation events (20 events):
Event: 16.375 Thread 0x00000238e6d34240 1283       4       com.badlogic.gdx.utils.LongMap::get (43 bytes)
Event: 16.376 Thread 0x00000238e6d34240 nmethod 1283 0x00000238d807ef90 code [0x00000238d807f120, 0x00000238d807f2b8]
Event: 16.691 Thread 0x00000238e6d3de00 1284       3       java.lang.Math::max (46 bytes)
Event: 16.691 Thread 0x00000238e6d3de00 nmethod 1284 0x00000238d0cf9290 code [0x00000238d0cf9460, 0x00000238d0cf9778]
Event: 16.941 Thread 0x00000238e6d34240 1285       4       jdk.internal.misc.Unsafe::checkOffset (32 bytes)
Event: 16.941 Thread 0x00000238e6d34240 nmethod 1285 0x00000238d807f490 code [0x00000238d807f600, 0x00000238d807f698]
Event: 17.025 Thread 0x00000238e6d34240 1286       4       com.badlogic.gdx.graphics.glutils.ShaderProgram::setUniformMatrix (25 bytes)
Event: 17.031 Thread 0x00000238e6d34240 nmethod 1286 0x00000238d807f790 code [0x00000238d807f940, 0x00000238d807fcd8]
Event: 17.891 Thread 0x00000238e6d34240 1287       4       com.mygdx.game.Renderer::render (64 bytes)
Event: 17.906 Thread 0x00000238e6d34240 nmethod 1287 0x00000238d8080210 code [0x00000238d80803c0, 0x00000238d80807c8]
Event: 18.708 Thread 0x00000238e6d34240 1288       4       com.badlogic.gdx.physics.box2d.Box2DDebugRenderer::renderBodies (194 bytes)
Event: 18.868 Thread 0x00000238e6d34240 nmethod 1288 0x00000238d8080d10 code [0x00000238d8081520, 0x00000238d8088100]
Event: 21.708 Thread 0x00000238e6d3de00 1289       3       org.lwjgl.opengl.WindowsKeyboard::isKeyPressed (13 bytes)
Event: 21.708 Thread 0x00000238e6d3de00 nmethod 1289 0x00000238d0cf9810 code [0x00000238d0cf99a0, 0x00000238d0cf9ad8]
Event: 22.177 Thread 0x00000238e6d34240 1290       4       org.lwjgl.opengl.Display::wasResized (4 bytes)
Event: 22.178 Thread 0x00000238e6d34240 nmethod 1290 0x00000238d808e010 code [0x00000238d808e180, 0x00000238d808e1d8]
Event: 22.544 Thread 0x00000238e6d34240 1291       4       java.nio.ByteBuffer::flip (5 bytes)
Event: 22.545 Thread 0x00000238e6d34240 nmethod 1291 0x00000238d808e310 code [0x00000238d808e480, 0x00000238d808e518]
Event: 23.078 Thread 0x00000238e6d34240 1292       4       java.nio.HeapByteBuffer::compact (85 bytes)
Event: 23.080 Thread 0x00000238e6d34240 nmethod 1292 0x00000238d808e610 code [0x00000238d808e7a0, 0x00000238d808e9b8]

GC Heap History (0 events):
No events

Deoptimization events (20 events):
Event: 1.106 Thread 0x00000238e7db6830 DEOPT PACKING pc=0x00000238d0c382d2 sp=0x0000006ba0dfee90
Event: 1.106 Thread 0x00000238e7db6830 DEOPT UNPACKING pc=0x00000238d057f6cf sp=0x0000006ba0dfe418 mode 0
Event: 1.124 Thread 0x00000238e7db6830 DEOPT PACKING pc=0x00000238d0c382d2 sp=0x0000006ba0dfee90
Event: 1.124 Thread 0x00000238e7db6830 DEOPT UNPACKING pc=0x00000238d057f6cf sp=0x0000006ba0dfe418 mode 0
Event: 1.140 Thread 0x00000238e7db6830 DEOPT PACKING pc=0x00000238d0c382d2 sp=0x0000006ba0dfee90
Event: 1.140 Thread 0x00000238e7db6830 DEOPT UNPACKING pc=0x00000238d057f6cf sp=0x0000006ba0dfe418 mode 0
Event: 1.156 Thread 0x00000238e7db6830 DEOPT PACKING pc=0x00000238d0c382d2 sp=0x0000006ba0dfee90
Event: 1.156 Thread 0x00000238e7db6830 DEOPT UNPACKING pc=0x00000238d057f6cf sp=0x0000006ba0dfe418 mode 0
Event: 1.157 Thread 0x00000238e7db6830 DEOPT PACKING pc=0x00000238d0c35420 sp=0x0000006ba0dfee80
Event: 1.157 Thread 0x00000238e7db6830 DEOPT UNPACKING pc=0x00000238d057f6cf sp=0x0000006ba0dfe418 mode 0
Event: 1.188 Thread 0x00000238e7db6830 DEOPT PACKING pc=0x00000238d0c382d2 sp=0x0000006ba0dfee90
Event: 1.188 Thread 0x00000238e7db6830 DEOPT UNPACKING pc=0x00000238d057f6cf sp=0x0000006ba0dfe418 mode 0
Event: 7.308 Thread 0x00000238e7db6830 Uncommon trap: trap_request=0xffffff54 fr.pc=0x00000238d803c0e8 relative=0x0000000000000068
Event: 7.308 Thread 0x00000238e7db6830 Uncommon trap: reason=speculate_null_assert action=make_not_entrant pc=0x00000238d803c0e8 method=jdk.internal.misc.Unsafe.getIntUnaligned(Ljava/lang/Object;JZ)I @ 5 c2
Event: 7.308 Thread 0x00000238e7db6830 DEOPT PACKING pc=0x00000238d803c0e8 sp=0x0000006ba0dfedf0
Event: 7.308 Thread 0x00000238e7db6830 DEOPT UNPACKING pc=0x00000238d053852f sp=0x0000006ba0dfed80 mode 2
Event: 13.232 Thread 0x00000238e7db6830 Uncommon trap: trap_request=0xffffff45 fr.pc=0x00000238d8060514 relative=0x0000000000000e54
Event: 13.232 Thread 0x00000238e7db6830 Uncommon trap: reason=unstable_if action=reinterpret pc=0x00000238d8060514 method=com.badlogic.gdx.physics.box2d.Fixture.getShape()Lcom/badlogic/gdx/physics/box2d/Shape; @ 4 c2
Event: 13.232 Thread 0x00000238e7db6830 DEOPT PACKING pc=0x00000238d8060514 sp=0x0000006ba0dfedd0
Event: 13.232 Thread 0x00000238e7db6830 DEOPT UNPACKING pc=0x00000238d053852f sp=0x0000006ba0dfecf0 mode 2

Classes unloaded (0 events):
No events

Classes redefined (0 events):
No events

Internal exceptions (1 events):
Event: 13.232 Thread 0x00000238e7db6830 Implicit null exception at 0x00000238d805f75a to 0x00000238d8060508

Events (20 events):
Event: 1.592 Loaded shared library C:\Users\spenc\AppData\Local\Temp\libgdxspenc\1cecf4f6\lwjgl64.dll
Event: 1.609 Loaded shared library C:\Users\spenc\AppData\Local\Temp\libgdxspenc\1cecf4f6\lwjgl64.dll
Event: 1.809 Executing VM operation: HandshakeAllThreads
Event: 1.809 Executing VM operation: HandshakeAllThreads done
Event: 1.942 Loaded shared library C:\Users\spenc\AppData\Local\Temp\libgdxspenc\1cecf4f6\lwjgl64.dll
Event: 2.292 Loaded shared library C:\Users\spenc\AppData\Local\Temp\libgdxspenc\1cecf4f6\lwjgl64.dll
Event: 2.408 Loaded shared library C:\Program Files\Zulu\zulu-15\bin\java.dll
Event: 2.409 Loaded shared library C:\Users\spenc\AppData\Local\Temp\libgdxspenc\1cecf4f6\lwjgl64.dll
Event: 2.410 Loaded shared library C:\Users\spenc\AppData\Local\Temp\libgdxspenc\1cecf4f6\lwjgl64.dll
Event: 2.592 Loaded shared library C:\Users\spenc\AppData\Local\Temp\libgdxspenc\1cecf4f6\lwjgl64.dll
Event: 2.592 Loaded shared library C:\Users\spenc\AppData\Local\Temp\libgdxspenc\1cecf4f6\lwjgl64.dll
Event: 2.821 Loaded shared library C:\Program Files\Zulu\zulu-15\bin\java.dll
Event: 3.127 Loaded shared library C:\Users\spenc\AppData\Local\Temp\libgdxspenc\1cecf4f6\lwjgl64.dll
Event: 5.041 Loaded shared library C:\Users\spenc\AppData\Local\Temp\libgdxspenc\1cecf4f6\lwjgl64.dll
Event: 5.259 Loaded shared library C:\Users\spenc\AppData\Local\Temp\libgdxspenc\1cecf4f6\lwjgl64.dll
Event: 9.308 Loaded shared library C:\Users\spenc\AppData\Local\Temp\libgdxspenc\e1cd32f8\gdx64.dll
Event: 9.326 Loaded shared library C:\Users\spenc\AppData\Local\Temp\libgdxspenc\1cecf4f6\lwjgl64.dll
Event: 9.326 Loaded shared library C:\Users\spenc\AppData\Local\Temp\libgdxspenc\1cecf4f6\lwjgl64.dll
Event: 10.812 Executing VM operation: HandshakeAllThreads
Event: 10.812 Executing VM operation: HandshakeAllThreads done


Dynamic libraries:
0x00007ff73ca70000 - 0x00007ff73ca7d000 	C:\Program Files\Zulu\zulu-15\bin\java.exe
0x00007ffce0190000 - 0x00007ffce0385000 	C:\Windows\SYSTEM32\ntdll.dll
0x00007ffcde3e0000 - 0x00007ffcde49e000 	C:\Windows\System32\KERNEL32.DLL
0x00007ffcddae0000 - 0x00007ffcddda8000 	C:\Windows\System32\KERNELBASE.dll
0x00007ffcde0d0000 - 0x00007ffcde1d0000 	C:\Windows\System32\ucrtbase.dll
0x00007ffcba1b0000 - 0x00007ffcba1c5000 	C:\Program Files\Zulu\zulu-15\bin\VCRUNTIME140.dll
0x00007ffcadc80000 - 0x00007ffcadc98000 	C:\Program Files\Zulu\zulu-15\bin\jli.dll
0x00007ffcdee30000 - 0x00007ffcdefd1000 	C:\Windows\System32\USER32.dll
0x00007ffcddab0000 - 0x00007ffcddad2000 	C:\Windows\System32\win32u.dll
0x00007ffcde9f0000 - 0x00007ffcdea1b000 	C:\Windows\System32\GDI32.dll
0x00007ffcc6c60000 - 0x00007ffcc6efa000 	C:\Windows\WinSxS\amd64_microsoft.windows.common-controls_6595b64144ccf1df_6.0.19041.1110_none_60b5254171f9507e\COMCTL32.dll
0x00007ffcdd8f0000 - 0x00007ffcdd9fd000 	C:\Windows\System32\gdi32full.dll
0x00007ffcde030000 - 0x00007ffcde0cd000 	C:\Windows\System32\msvcp_win.dll
0x00007ffce0000000 - 0x00007ffce009e000 	C:\Windows\System32\msvcrt.dll
0x00007ffce00a0000 - 0x00007ffce00d0000 	C:\Windows\System32\IMM32.DLL
0x00007ffcadbe0000 - 0x00007ffcadc7b000 	C:\Program Files\Zulu\zulu-15\bin\msvcp140.dll
0x00007ffc50570000 - 0x00007ffc51102000 	C:\Program Files\Zulu\zulu-15\bin\server\jvm.dll
0x00007ffcdf710000 - 0x00007ffcdf7bc000 	C:\Windows\System32\ADVAPI32.dll
0x00007ffcde8a0000 - 0x00007ffcde93b000 	C:\Windows\System32\sechost.dll
0x00007ffcde4a0000 - 0x00007ffcde5ca000 	C:\Windows\System32\RPCRT4.dll
0x00007ffcdee00000 - 0x00007ffcdee08000 	C:\Windows\System32\PSAPI.DLL
0x00007ffc6c6c0000 - 0x00007ffc6c6c9000 	C:\Windows\SYSTEM32\WSOCK32.dll
0x00007ffccf0e0000 - 0x00007ffccf0ea000 	C:\Windows\SYSTEM32\VERSION.dll
0x00007ffce00d0000 - 0x00007ffce013b000 	C:\Windows\System32\WS2_32.dll
0x00007ffcbb800000 - 0x00007ffcbb827000 	C:\Windows\SYSTEM32\WINMM.dll
0x00007ffcdc120000 - 0x00007ffcdc132000 	C:\Windows\SYSTEM32\kernel.appcore.dll
0x00007ffcd6890000 - 0x00007ffcd689a000 	C:\Program Files\Zulu\zulu-15\bin\jimage.dll
0x00007ffcdb2d0000 - 0x00007ffcdb4b4000 	C:\Windows\SYSTEM32\DBGHELP.DLL
0x00007ffcc3ca0000 - 0x00007ffcc3ccc000 	C:\Windows\SYSTEM32\dbgcore.DLL
0x00007ffcddf70000 - 0x00007ffcddff2000 	C:\Windows\System32\bcryptPrimitives.dll
0x00007ffcadbb0000 - 0x00007ffcadbd5000 	C:\Program Files\Zulu\zulu-15\bin\java.dll
0x00007ffcdf820000 - 0x00007ffcdff64000 	C:\Windows\System32\SHELL32.dll
0x00007ffcdb970000 - 0x00007ffcdc104000 	C:\Windows\SYSTEM32\windows.storage.dll
0x00007ffcdea20000 - 0x00007ffcded75000 	C:\Windows\System32\combase.dll
0x00007ffcdd2f0000 - 0x00007ffcdd31e000 	C:\Windows\SYSTEM32\Wldp.dll
0x00007ffcdf460000 - 0x00007ffcdf50d000 	C:\Windows\System32\SHCORE.dll
0x00007ffcdf650000 - 0x00007ffcdf6a5000 	C:\Windows\System32\shlwapi.dll
0x00007ffcdd7e0000 - 0x00007ffcdd7ff000 	C:\Windows\SYSTEM32\profapi.dll
0x00007ffca78a0000 - 0x00007ffca78b9000 	C:\Program Files\Zulu\zulu-15\bin\net.dll
0x00007ffcd4720000 - 0x00007ffcd482c000 	C:\Windows\SYSTEM32\WINHTTP.dll
0x00007ffcdd050000 - 0x00007ffcdd0ba000 	C:\Windows\system32\mswsock.dll
0x00007ffca7880000 - 0x00007ffca7892000 	C:\Program Files\Zulu\zulu-15\bin\nio.dll
0x00007ffca7860000 - 0x00007ffca7878000 	C:\Program Files\Zulu\zulu-15\bin\zip.dll
0x000000006e700000 - 0x000000006e72a000 	C:\Users\spenc\AppData\Local\Temp\libgdxspenc\e1cd32f8\gdx64.dll
0x00007ffcbaa10000 - 0x00007ffcbaa20000 	C:\Program Files\Zulu\zulu-15\bin\verify.dll
0x0000000180000000 - 0x0000000180053000 	C:\Users\spenc\AppData\Local\Temp\libgdxspenc\1cecf4f6\lwjgl64.dll
0x00007ffc9f620000 - 0x00007ffc9f745000 	C:\Windows\SYSTEM32\OPENGL32.dll
0x00007ffca0ab0000 - 0x00007ffca0adc000 	C:\Windows\SYSTEM32\GLU32.dll
0x00000238c7f60000 - 0x00000238c7fc4000 	C:\Users\spenc\AppData\Local\Temp\libgdxspenc\1cecf4f6\OpenAL64.dll
0x00007ffcdf520000 - 0x00007ffcdf64a000 	C:\Windows\System32\ole32.dll
0x00007ffcd7210000 - 0x00007ffcd72ae000 	C:\Windows\system32\uxtheme.dll
0x00007ffcde940000 - 0x00007ffcde9e9000 	C:\Windows\System32\clbcatq.dll
0x00007ffca5ea0000 - 0x00007ffca5f3c000 	C:\Windows\SYSTEM32\dsound.dll
0x00007ffcdce10000 - 0x00007ffcdce5b000 	C:\Windows\SYSTEM32\powrprof.dll
0x00007ffcc3b10000 - 0x00007ffcc3b36000 	C:\Windows\SYSTEM32\winmmbase.dll
0x00007ffcdccd0000 - 0x00007ffcdcce2000 	C:\Windows\SYSTEM32\UMPDC.dll
0x00007ffcd2640000 - 0x00007ffcd26c5000 	C:\Windows\System32\MMDevApi.dll
0x00007ffcdd640000 - 0x00007ffcdd674000 	C:\Windows\System32\DEVOBJ.dll
0x00007ffcdd8a0000 - 0x00007ffcdd8ee000 	C:\Windows\System32\cfgmgr32.dll
0x00007ffcd2740000 - 0x00007ffcd28c1000 	C:\Windows\SYSTEM32\AUDIOSES.DLL
0x00007ffcde5d0000 - 0x00007ffcde69d000 	C:\Windows\System32\OLEAUT32.dll
0x00007ffcdb030000 - 0x00007ffcdb044000 	C:\Windows\SYSTEM32\resourcepolicyclient.dll
0x00007ffcd3c60000 - 0x00007ffcd3d0e000 	C:\Windows\SYSTEM32\mscms.dll
0x00007ffcdd7a0000 - 0x00007ffcdd7ce000 	C:\Windows\SYSTEM32\USERENV.dll
0x00007ffcd3a50000 - 0x00007ffcd3a61000 	C:\Windows\SYSTEM32\ColorAdapterClient.dll
0x00007ffccfd30000 - 0x00007ffccfd74000 	C:\Windows\System32\Windows.Internal.Graphics.Display.DisplayColorManagement.dll
0x00007ffcde6a0000 - 0x00007ffcde7b5000 	C:\Windows\System32\MSCTF.dll
0x00007ffccec60000 - 0x00007ffcced59000 	C:\Windows\SYSTEM32\textinputframework.dll
0x00007ffcd6740000 - 0x00007ffcd6832000 	C:\Windows\System32\CoreMessaging.dll
0x00007ffcd6060000 - 0x00007ffcd63be000 	C:\Windows\System32\CoreUIComponents.dll
0x00007ffcdc5d0000 - 0x00007ffcdc603000 	C:\Windows\SYSTEM32\ntmarta.dll
0x00007ffcd4ba0000 - 0x00007ffcd4cf4000 	C:\Windows\SYSTEM32\wintypes.dll
0x00007ffcd1f90000 - 0x00007ffcd1ff6000 	C:\Windows\system32\Oleacc.dll
0x00007ffcd1460000 - 0x00007ffcd1559000 	C:\Windows\System32\AppXDeploymentClient.dll
0x00007ffc484c0000 - 0x00007ffc494c6000 	C:\Windows\System32\DriverStore\FileRepository\iigd_dch.inf_amd64_fe923c94e9ba883c\igxelpicd64.dll
0x00007ffcdb000000 - 0x00007ffcdb02f000 	C:\Windows\system32\dwmapi.dll
0x00007ffcdc190000 - 0x00007ffcdc284000 	C:\Windows\system32\dxgi.dll
0x00007ffc76fb0000 - 0x00007ffc7744e000 	C:\Windows\System32\DriverStore\FileRepository\iigd_dch.inf_amd64_fe923c94e9ba883c\igdml64.dll
0x00007ffccb800000 - 0x00007ffccbbc1000 	C:\Windows\System32\DriverStore\FileRepository\iigd_dch.inf_amd64_fe923c94e9ba883c\igdgmm64.dll
0x00007ffc93d20000 - 0x00007ffc93d63000 	C:\Windows\SYSTEM32\icm32.dll
0x00007ffcc8300000 - 0x00007ffccb560000 	C:\Windows\System32\DriverStore\FileRepository\iigd_dch.inf_amd64_fe923c94e9ba883c\igc64.dll
0x0000000066b00000 - 0x0000000066b5b000 	C:\Users\spenc\AppData\Local\Temp\libgdxspenc\a14961b7\gdx-box2d64.dll

dbghelp: loaded successfully - version: 4.0.5 - missing functions: none
symbol engine: initialized successfully - sym options: 0x614 - pdb path: .;C:\Program Files\Zulu\zulu-15\bin;C:\Windows\SYSTEM32;C:\Windows\WinSxS\amd64_microsoft.windows.common-controls_6595b64144ccf1df_6.0.19041.1110_none_60b5254171f9507e;C:\Program Files\Zulu\zulu-15\bin\server;C:\Users\spenc\AppData\Local\Temp\libgdxspenc\e1cd32f8;C:\Users\spenc\AppData\Local\Temp\libgdxspenc\1cecf4f6;C:\Windows\System32\DriverStore\FileRepository\iigd_dch.inf_amd64_fe923c94e9ba883c;C:\Users\spenc\AppData\Local\Temp\libgdxspenc\a14961b7

VM Arguments:
jvm_args: -Dfile.encoding=windows-1252 -Duser.country=CA -Duser.language=en -Duser.variant 
java_command: com.mygdx.game.desktop.DesktopLauncher
java_class_path (initial): C:\Users\spenc\OneDrive\Documents\GitHub\PortalGame\PortalGame\desktop\build\classes\java\main;C:\Users\spenc\OneDrive\Documents\GitHub\PortalGame\PortalGame\desktop\build\resources\main;C:\Users\spenc\.gradle\caches\modules-2\files-2.1\com.badlogicgames.gdx\gdx-tools\1.10.0\d699cf4953fb42a071c7c3feb9b5c45601aa6a4b\gdx-tools-1.10.0.jar;C:\Users\spenc\.gradle\caches\modules-2\files-2.1\com.badlogicgames.gdx\gdx-backend-lwjgl\1.10.0\58ff89d9e4fd8a82591367f187d606e781cacc05\gdx-backend-lwjgl-1.10.0.jar;C:\Users\spenc\.gradle\caches\modules-2\files-2.1\com.badlogicgames.gdx\gdx-platform\1.10.0\9a8fa793d2fd6d360afc6c9e4c1f5583da263b88\gdx-platform-1.10.0-natives-desktop.jar;C:\Users\spenc\.gradle\caches\modules-2\files-2.1\com.badlogicgames.gdx\gdx-box2d-platform\1.10.0\588c4191c5a64ed39365e71484aa37d81c38eb5e\gdx-box2d-platform-1.10.0-natives-desktop.jar;C:\Users\spenc\.gradle\caches\modules-2\files-2.1\com.badlogicgames.gdx\gdx-bullet-platform\1.10.0\ce92e8dfc762523d769cbc50853163c03bf98cf1\gdx-bullet-platform-1.10.0-natives-desktop.jar;C:\Users\spenc\.gradle\caches\modules-2\files-2.1\com.badlogicgames.gdx\gdx-freetype-platform\1.10.0\6e5d28752759e69384f12e4569d2c884ff71352f\gdx-freetype-platform-1.10.0-natives-desktop.jar;C:\Users\spenc\OneDrive\Documents\GitHub\PortalGame\PortalGame\core\build\libs\core-1.0.jar;C:\Users\spenc\.gradle\caches\modules-2\files-2.1\com.badlogicgames.gdx\gdx-backend-headless\1.10.0\990eadbb431197c5b9b816d1659c772e0268e65\gdx-backend-headless-1.10.0.jar;C:\Users\spenc\.gradle\caches\modules-2\files-2.1\com.badlogicgames.gdx\gdx-freetype\1.10.0\de1d0d5c1e92e8d91364256fd6b7bb279d3e9859\gdx-freetype-1.10.0.jar;C:\Users\spenc\.gradle\caches\modules-2\files-2.1\com.badlogicgames.box2dlights\box2dlights\1.5\6902dbcd250c95a27973aa24a147a95b3828d348\box2dlights-1.5.jar;C:\Users\spenc\.gradle\caches\modules-2\files-2.1\com.badlogicgames.gdx\gdx-box2d\1.10.0\b3a3c0f00b90716238835434d0ae8985604c37f8\gdx-box2d-1.10.0.jar;C
Launcher Type: SUN_STANDARD

[Global flags]
     intx CICompilerCount                          = 4                                         {product} {ergonomic}
     uint ConcGCThreads                            = 2                                         {product} {ergonomic}
     uint G1ConcRefinementThreads                  = 8                                         {product} {ergonomic}
   size_t G1HeapRegionSize                         = 1048576                                   {product} {ergonomic}
    uintx GCDrainStackTargetSize                   = 64                                        {product} {ergonomic}
   size_t InitialHeapSize                          = 132120576                                 {product} {ergonomic}
   size_t MarkStackSize                            = 4194304                                   {product} {ergonomic}
   size_t MaxHeapSize                              = 2095054848                                {product} {ergonomic}
   size_t MaxNewSize                               = 1256194048                                {product} {ergonomic}
   size_t MinHeapDeltaBytes                        = 1048576                                   {product} {ergonomic}
   size_t MinHeapSize                              = 8388608                                   {product} {ergonomic}
    uintx NonNMethodCodeHeapSize                   = 5839372                                {pd product} {ergonomic}
    uintx NonProfiledCodeHeapSize                  = 122909434                              {pd product} {ergonomic}
    uintx ProfiledCodeHeapSize                     = 122909434                              {pd product} {ergonomic}
    uintx ReservedCodeCacheSize                    = 251658240                              {pd product} {ergonomic}
     bool SegmentedCodeCache                       = true                                      {product} {ergonomic}
   size_t SoftMaxHeapSize                          = 2095054848                             {manageable} {ergonomic}
     bool UseCompressedClassPointers               = true                                 {lp64_product} {ergonomic}
     bool UseCompressedOops                        = true                                 {lp64_product} {ergonomic}
     bool UseG1GC                                  = true                                      {product} {ergonomic}
     bool UseLargePagesIndividualAllocation        = false                                  {pd product} {ergonomic}

Logging:
Log output configuration:
 #0: stdout all=warning uptime,level,tags
 #1: stderr all=off uptime,level,tags

Environment Variables:
JAVA_HOME=C:\Program Files\Java\jdk1.8.0_311
PATH=C:\Program Files\Zulu\zulu-15\bin\;C:\Program Files (x86)\Common Files\Oracle\Java\javapath;C:\Windows\system32;C:\Windows;C:\Windows\System32\Wbem;C:\Windows\System32\WindowsPowerShell\v1.0\;C:\Windows\System32\OpenSSH\;C:\Program Files\Git\cmd;C:\Users\spenc\AppData\Local\Microsoft\WindowsApps;C:\Users\spenc\AppData\Local\GitHubDesktop\bin;C:\Program Files\JetBrains\IntelliJ IDEA Community Edition 2021.3\bin;
USERNAME=spenc
OS=Windows_NT
PROCESSOR_IDENTIFIER=Intel64 Family 6 Model 140 Stepping 1, GenuineIntel



---------------  S Y S T E M  ---------------

OS:
 Windows 10 , 64 bit Build 19041 (10.0.19041.1348)
OS uptime: 4 days 10:35 hours

CPU: total 8 (initial active 8) (4 cores per cpu, 2 threads per core) family 6 model 140 stepping 1 microcode 0x78, cmov, cx8, fxsr, mmx, sse, sse2, sse3, ssse3, sse4.1, sse4.2, popcnt, vzeroupper, avx, avx2, aes, clmul, erms, 3dnowpref, lzcnt, ht, tsc, tscinvbit, bmi1, bmi2, adx, avx512f, avx512dq, avx512cd, avx512bw, avx512vl, avx512_vpopcntdq, avx512_vpclmulqdq, avx512_vbmi, avx512_vbmi2, avx512_vaes, avx512_vnni, sha, fma, clflush, clflushopt, clwb

Memory: 4k page, system-wide physical 7987M (818M free)
TotalPageFile size 23347M (AvailPageFile size 10968M)
current process WorkingSet (physical memory assigned to process): 188M, peak: 213M
current process commit charge ("private bytes"): 294M, peak: 320M

vm_info: OpenJDK 64-Bit Server VM (15.0.5+3-MTS) for windows-amd64 JRE (15.0.5+3-MTS) (Zulu15.36+13-CA), built on Oct  8 2021 11:07:26 by "zulu_re" with MS VC++ 15.9 (VS2017)

END.
