#
# A fatal error has been detected by the Java Runtime Environment:
#
#  EXCEPTION_ACCESS_VIOLATION (0xc0000005) at pc=0x0000000066b1f2f6, pid=6744, tid=10184
#
# JRE version: OpenJDK Runtime Environment JBR-11.0.13.7-1751.19-jcef (11.0.13+7) (build 11.0.13+7-b1751.19)
# Java VM: OpenJDK 64-Bit Server VM JBR-11.0.13.7-1751.19-jcef (11.0.13+7-b1751.19, mixed mode, tiered, compressed oops, g1 gc, windows-amd64)
# Problematic frame:
# C  [gdx-box2d64.dll+0x1f2f6]
#
# No core dump will be written. Minidumps are not enabled by default on client versions of Windows
#
# If you would like to submit a bug report, please visit:
#   https://bugreport.java.com/bugreport/crash.jsp
# The crash happened outside the Java Virtual Machine in native code.
# See problematic frame for where to report the bug.
#

---------------  S U M M A R Y ------------

Command Line: -Dfile.encoding=windows-1252 -Duser.country=CA -Duser.language=en -Duser.variant com.mygdx.game.desktop.DesktopLauncher

Host: Intel(R) Core(TM) i7-10700F CPU @ 2.90GHz, 16 cores, 15G,  Windows 10 , 64 bit Build 19041 (10.0.19041.1348)
Time: Tue Jan 18 11:15:53 2022 Eastern Standard Time elapsed time: 7.924328 seconds (0d 0h 0m 7s)

---------------  T H R E A D  ---------------

Current thread (0x0000023505941000):  JavaThread "LWJGL Application" [_thread_in_native, id=10184, stack(0x0000003f40a00000,0x0000003f40b00000)]

Stack: [0x0000003f40a00000,0x0000003f40b00000],  sp=0x0000003f40afef20,  free space=1019k
Native frames: (J=compiled Java code, j=interpreted, Vv=VM code, C=native code)
C  [gdx-box2d64.dll+0x1f2f6]

Java frames: (J=compiled Java code, j=interpreted, Vv=VM code)
j  com.badlogic.gdx.physics.box2d.World.jniDestroyBody(JJ)V+0
j  com.badlogic.gdx.physics.box2d.World.destroyBody(Lcom/badlogic/gdx/physics/box2d/Body;)V+42
j  com.mygdx.game.Entity.dispose()V+16
j  com.mygdx.game.MyGdxGame.dispose()V+82
j  com.badlogic.gdx.backends.lwjgl.LwjglApplication.mainLoop()V+924
j  com.badlogic.gdx.backends.lwjgl.LwjglApplication$1.run()V+27
v  ~StubRoutines::call_stub

siginfo: EXCEPTION_ACCESS_VIOLATION (0xc0000005), reading address 0x00000235071407f0


Register to memory mapping:

RIP=0x0000000066b1f2f6 gdx-box2d64.dll
RAX=0x00000235071407e0 is an unknown value
RBX=0x000002350719a750 points into unknown readable memory: 0x0000000066b48700 | 00 87 b4 66 00 00 00 00
RCX=0x0000003f40aff000 is pointing into the stack for thread: 0x0000023505941000
RDX=0x000002350719a750 points into unknown readable memory: 0x0000000066b48700 | 00 87 b4 66 00 00 00 00
RSP=0x0000003f40afef20 is pointing into the stack for thread: 0x0000023505941000
RBP=0x0000023507125280 points into unknown readable memory: 0x0000000000000010 | 10 00 00 00 00 00 00 00
RSI=0x0000023507125280 points into unknown readable memory: 0x0000000000000010 | 10 00 00 00 00 00 00 00
RDI=0x000002350713cf50 points into unknown readable memory: 0x0000003600000002 | 02 00 00 00 36 00 00 00
R8 =0x000002350710bfe0 points into unknown readable memory: 0x000002350dff00d0 | d0 00 ff 0d 35 02 00 00
R9 =0x000002350713cf50 points into unknown readable memory: 0x0000003600000002 | 02 00 00 00 36 00 00 00
R10=0x000002356828f748 is at code_begin+1000 in an Interpreter codelet
method entry point (kind = native)  [0x000002356828f360, 0x000002356828fe00]  2720 bytes
R11=0x0000000000000102 is an unknown value
R12=0x0 is NULL
R13={method} {0x000002350dea58b0} 'jniDestroyBody' '(JJ)V' in 'com/badlogic/gdx/physics/box2d/World'
R14=0x0000003f40aff118 is pointing into the stack for thread: 0x0000023505941000
R15=0x0000023505941000 is a thread


Registers:
RAX=0x00000235071407e0, RBX=0x000002350719a750, RCX=0x0000003f40aff000, RDX=0x000002350719a750
RSP=0x0000003f40afef20, RBP=0x0000023507125280, RSI=0x0000023507125280, RDI=0x000002350713cf50
R8 =0x000002350710bfe0, R9 =0x000002350713cf50, R10=0x000002356828f748, R11=0x0000000000000102
R12=0x0000000000000000, R13=0x000002350dea58a8, R14=0x0000003f40aff118, R15=0x0000023505941000
RIP=0x0000000066b1f2f6, EFLAGS=0x0000000000010202

Top of Stack: (sp=0x0000003f40afef20)
0x0000003f40afef20:   0000023504a56d00 0000000000000000
0x0000003f40afef30:   0000f5e5644725b2 0000000000000000
0x0000003f40afef40:   0000000000000000 0000000000000000
0x0000003f40afef50:   000002350710bfe0 000002350713cf50
0x0000003f40afef60:   0000023507125280 0000000066b215d3
0x0000003f40afef70:   0000000000000000 00007ffcf5d3812e
0x0000003f40afef80:   000002350dea58a8 00007ffcf5d34197
0x0000003f40afef90:   000002350710bfe0 000002350713cf50
0x0000003f40afefa0:   00000000000c7380 0000003f40aff0d8
0x0000003f40afefb0:   0000000000000000 0000000066b26a9d
0x0000003f40afefc0:   0000003f40aff638 00007ffcf5acc37b
0x0000003f40afefd0:   0000023505941108 0000023505941000
0x0000003f40afefe0:   0000000066b487e0 0000023505941348
0x0000003f40afeff0:   0000003f40aff118 0000023505941000
0x0000003f40aff000:   0000000066b48840 0000023505941348
0x0000003f40aff010:   0000003f40aff118 0000023505941000 

Instructions: (pc=0x0000000066b1f2f6)
0x0000000066b1f1f6:   50 02 00 f3 0f 5a 83 a8 00 00 00 66 48 0f 7e c2
0x0000000066b1f206:   66 0f 28 c8 e8 11 d2 fe ff 8b 53 08 48 8d 0d 57
0x0000000066b1f216:   50 02 00 e8 02 d2 fe ff 48 8d 0d 75 50 02 00 e8
0x0000000066b1f226:   f6 d1 fe ff 48 8b 5b 70 48 85 db 0f 84 34 00 00
0x0000000066b1f236:   00 66 0f 1f 84 00 00 00 00 00 48 8d 0d 58 50 02
0x0000000066b1f246:   00 e8 d4 d1 fe ff 48 89 d9 89 f2 e8 aa 0a 00 00
0x0000000066b1f256:   48 8d 0d 47 50 02 00 e8 be d1 fe ff 48 8b 5b 08
0x0000000066b1f266:   48 85 db 75 d5 48 8d 0d 2a 50 02 00 48 83 c4 28
0x0000000066b1f276:   5b 5e e9 a3 d1 fe ff 90 90 90 c3 0f 1f 44 00 00
0x0000000066b1f286:   66 2e 0f 1f 84 00 00 00 00 00 c3 90 0f 1f 40 00
0x0000000066b1f296:   66 2e 0f 1f 84 00 00 00 00 00 53 48 83 ec 20 48
0x0000000066b1f2a6:   89 cb e8 c3 42 fe ff 48 8d 05 14 12 03 00 48 c7
0x0000000066b1f2b6:   43 58 00 00 00 00 c7 43 60 00 00 00 00 48 c7 43
0x0000000066b1f2c6:   78 00 00 00 00 48 89 43 68 48 8d 05 ea 11 03 00
0x0000000066b1f2d6:   48 89 43 70 48 83 c4 20 5b c3 55 57 56 53 48 83
0x0000000066b1f2e6:   ec 28 48 8b 42 60 48 89 ce 48 8b 49 70 48 89 d3
0x0000000066b1f2f6:   48 8b 68 10 48 8b 42 68 48 85 c9 48 8b 78 10 74
0x0000000066b1f306:   0a f6 42 08 02 0f 85 9f 00 00 00 48 8b 43 10 48
0x0000000066b1f316:   85 c0 74 08 48 8b 53 18 48 89 50 18 48 8b 53 18
0x0000000066b1f326:   48 85 d2 74 04 48 89 42 10 48 3b 5e 58 0f 84 a7
0x0000000066b1f336:   00 00 00 48 8b 43 30 48 85 c0 74 08 48 8b 53 38
0x0000000066b1f346:   48 89 50 18 48 8b 53 38 48 85 d2 74 04 48 89 42
0x0000000066b1f356:   10 48 8d 43 20 48 39 85 88 00 00 00 0f 84 88 00
0x0000000066b1f366:   00 00 48 8b 43 50 48 85 c0 74 08 48 8b 53 58 48
0x0000000066b1f376:   89 50 18 48 8b 53 58 48 85 d2 74 04 48 89 42 10
0x0000000066b1f386:   48 8d 43 40 48 39 87 88 00 00 00 74 3e 48 8b 56
0x0000000066b1f396:   78 48 89 d9 e8 d1 db fe ff 83 6e 60 01 48 83 c4
0x0000000066b1f3a6:   28 5b 5e 5f 5d c3 0f 1f 40 00 48 8b 01 48 8d 15
0x0000000066b1f3b6:   66 dc 01 00 48 8b 40 18 48 39 d0 0f 84 4a ff ff
0x0000000066b1f3c6:   ff 48 89 da ff d0 e9 40 ff ff ff 48 89 97 88 00
0x0000000066b1f3d6:   00 00 eb b9 66 0f 1f 44 00 00 48 89 56 58 e9 50
0x0000000066b1f3e6:   ff ff ff 0f 1f 80 00 00 00 00 48 89 95 88 00 00 


Stack slot to memory mapping:
stack at sp + 0 slots: 0x0000023504a56d00 points into unknown readable memory: 0x22f823c000000002 | 02 00 00 00 c0 23 f8 22
stack at sp + 1 slots: 0x0 is NULL
stack at sp + 2 slots: 0x0000f5e5644725b2 is an unknown value
stack at sp + 3 slots: 0x0 is NULL
stack at sp + 4 slots: 0x0 is NULL
stack at sp + 5 slots: 0x0 is NULL
stack at sp + 6 slots: 0x000002350710bfe0 points into unknown readable memory: 0x000002350dff00d0 | d0 00 ff 0d 35 02 00 00
stack at sp + 7 slots: 0x000002350713cf50 points into unknown readable memory: 0x0000003600000002 | 02 00 00 00 36 00 00 00


---------------  P R O C E S S  ---------------

Threads class SMR info:
_java_thread_list=0x0000023505942020, length=13, elements={
0x0000023504a96800, 0x0000023504aa4800, 0x00000235053a8800, 0x00000235053aa800,
0x00000235053ab800, 0x00000235053b6800, 0x00000235053be000, 0x00000235053c9800,
0x0000023505330800, 0x0000023505556800, 0x0000023505941000, 0x0000023562e12000,
0x0000023507a3a000
}

Java Threads: ( => current thread )
  0x0000023504a96800 JavaThread "Reference Handler" daemon [_thread_blocked, id=2988, stack(0x0000003f3fd00000,0x0000003f3fe00000)]
  0x0000023504aa4800 JavaThread "Finalizer" daemon [_thread_blocked, id=26256, stack(0x0000003f3fe00000,0x0000003f3ff00000)]
  0x00000235053a8800 JavaThread "Signal Dispatcher" daemon [_thread_blocked, id=28492, stack(0x0000003f3ff00000,0x0000003f40000000)]
  0x00000235053aa800 JavaThread "Attach Listener" daemon [_thread_blocked, id=7288, stack(0x0000003f40000000,0x0000003f40100000)]
  0x00000235053ab800 JavaThread "Service Thread" daemon [_thread_blocked, id=15332, stack(0x0000003f40100000,0x0000003f40200000)]
  0x00000235053b6800 JavaThread "C2 CompilerThread0" daemon [_thread_blocked, id=1564, stack(0x0000003f40200000,0x0000003f40300000)]
  0x00000235053be000 JavaThread "C1 CompilerThread0" daemon [_thread_blocked, id=17552, stack(0x0000003f40300000,0x0000003f40400000)]
  0x00000235053c9800 JavaThread "Sweeper thread" daemon [_thread_blocked, id=24928, stack(0x0000003f40400000,0x0000003f40500000)]
  0x0000023505330800 JavaThread "C1 CompilerThread1" daemon [_thread_blocked, id=22352, stack(0x0000003f40500000,0x0000003f40600000)]
  0x0000023505556800 JavaThread "Common-Cleaner" daemon [_thread_blocked, id=2128, stack(0x0000003f40700000,0x0000003f40800000)]
=>0x0000023505941000 JavaThread "LWJGL Application" [_thread_in_native, id=10184, stack(0x0000003f40a00000,0x0000003f40b00000)]
  0x0000023562e12000 JavaThread "DestroyJavaVM" [_thread_blocked, id=26740, stack(0x0000003f3f600000,0x0000003f3f700000)]
  0x0000023507a3a000 JavaThread "LWJGL Timer" daemon [_thread_blocked, id=18640, stack(0x0000003f41500000,0x0000003f41600000)]

Other Threads:
  0x000002350535b000 VMThread "VM Thread" [stack: 0x0000003f3fc00000,0x0000003f3fd00000] [id=24128]
  0x0000023505554000 WatcherThread [stack: 0x0000003f40600000,0x0000003f40700000] [id=18048]
  0x0000023562e29800 GCTaskThread "GC Thread#0" [stack: 0x0000003f3f700000,0x0000003f3f800000] [id=19008]
  0x0000023562e8b000 ConcurrentGCThread "G1 Main Marker" [stack: 0x0000003f3f800000,0x0000003f3f900000] [id=2372]
  0x0000023562e8c800 ConcurrentGCThread "G1 Conc#0" [stack: 0x0000003f3f900000,0x0000003f3fa00000] [id=10320]
  0x0000023504986000 ConcurrentGCThread "G1 Refine#0" [stack: 0x0000003f3fa00000,0x0000003f3fb00000] [id=15500]
  0x0000023504987000 ConcurrentGCThread "G1 Young RemSet Sampling" [stack: 0x0000003f3fb00000,0x0000003f3fc00000] [id=11676]

Threads with active compile tasks:

VM state:not at safepoint (normal execution)

VM Mutex/Monitor currently owned by a thread: None

Heap address: 0x0000000703800000, size: 4040 MB, Compressed Oops mode: Zero based, Oop shift amount: 3
Narrow klass base: 0x0000000800000000, Narrow klass shift: 0
Compressed class space size: 1073741824 Address: 0x0000000800000000

Heap:
 garbage-first heap   total 260096K, used 17408K [0x0000000703800000, 0x0000000800000000)
  region size 1024K, 19 young (19456K), 0 survivors (0K)
 Metaspace       used 10701K, capacity 10791K, committed 11136K, reserved 1058816K
  class space    used 819K, capacity 855K, committed 896K, reserved 1048576K
Heap Regions: E=young(eden), S=young(survivor), O=old, HS=humongous(starts), HC=humongous(continues), CS=collection set, F=free, A=archive, TAMS=top-at-mark-start (previous, next)
|   0|0x0000000703800000, 0x0000000703800000, 0x0000000703900000|  0%| F|  |TAMS 0x0000000703800000, 0x0000000703800000| Untracked 
|   1|0x0000000703900000, 0x0000000703900000, 0x0000000703a00000|  0%| F|  |TAMS 0x0000000703900000, 0x0000000703900000| Untracked 
|   2|0x0000000703a00000, 0x0000000703a00000, 0x0000000703b00000|  0%| F|  |TAMS 0x0000000703a00000, 0x0000000703a00000| Untracked 
|   3|0x0000000703b00000, 0x0000000703b00000, 0x0000000703c00000|  0%| F|  |TAMS 0x0000000703b00000, 0x0000000703b00000| Untracked 
|   4|0x0000000703c00000, 0x0000000703c00000, 0x0000000703d00000|  0%| F|  |TAMS 0x0000000703c00000, 0x0000000703c00000| Untracked 
|   5|0x0000000703d00000, 0x0000000703d00000, 0x0000000703e00000|  0%| F|  |TAMS 0x0000000703d00000, 0x0000000703d00000| Untracked 
|   6|0x0000000703e00000, 0x0000000703e00000, 0x0000000703f00000|  0%| F|  |TAMS 0x0000000703e00000, 0x0000000703e00000| Untracked 
|   7|0x0000000703f00000, 0x0000000703f00000, 0x0000000704000000|  0%| F|  |TAMS 0x0000000703f00000, 0x0000000703f00000| Untracked 
|   8|0x0000000704000000, 0x0000000704000000, 0x0000000704100000|  0%| F|  |TAMS 0x0000000704000000, 0x0000000704000000| Untracked 
|   9|0x0000000704100000, 0x0000000704100000, 0x0000000704200000|  0%| F|  |TAMS 0x0000000704100000, 0x0000000704100000| Untracked 
|  10|0x0000000704200000, 0x0000000704200000, 0x0000000704300000|  0%| F|  |TAMS 0x0000000704200000, 0x0000000704200000| Untracked 
|  11|0x0000000704300000, 0x0000000704300000, 0x0000000704400000|  0%| F|  |TAMS 0x0000000704300000, 0x0000000704300000| Untracked 
|  12|0x0000000704400000, 0x0000000704400000, 0x0000000704500000|  0%| F|  |TAMS 0x0000000704400000, 0x0000000704400000| Untracked 
|  13|0x0000000704500000, 0x0000000704500000, 0x0000000704600000|  0%| F|  |TAMS 0x0000000704500000, 0x0000000704500000| Untracked 
|  14|0x0000000704600000, 0x0000000704600000, 0x0000000704700000|  0%| F|  |TAMS 0x0000000704600000, 0x0000000704600000| Untracked 
|  15|0x0000000704700000, 0x0000000704700000, 0x0000000704800000|  0%| F|  |TAMS 0x0000000704700000, 0x0000000704700000| Untracked 
|  16|0x0000000704800000, 0x0000000704800000, 0x0000000704900000|  0%| F|  |TAMS 0x0000000704800000, 0x0000000704800000| Untracked 
|  17|0x0000000704900000, 0x0000000704900000, 0x0000000704a00000|  0%| F|  |TAMS 0x0000000704900000, 0x0000000704900000| Untracked 
|  18|0x0000000704a00000, 0x0000000704a00000, 0x0000000704b00000|  0%| F|  |TAMS 0x0000000704a00000, 0x0000000704a00000| Untracked 
|  19|0x0000000704b00000, 0x0000000704b00000, 0x0000000704c00000|  0%| F|  |TAMS 0x0000000704b00000, 0x0000000704b00000| Untracked 
|  20|0x0000000704c00000, 0x0000000704c00000, 0x0000000704d00000|  0%| F|  |TAMS 0x0000000704c00000, 0x0000000704c00000| Untracked 
|  21|0x0000000704d00000, 0x0000000704d00000, 0x0000000704e00000|  0%| F|  |TAMS 0x0000000704d00000, 0x0000000704d00000| Untracked 
|  22|0x0000000704e00000, 0x0000000704e00000, 0x0000000704f00000|  0%| F|  |TAMS 0x0000000704e00000, 0x0000000704e00000| Untracked 
|  23|0x0000000704f00000, 0x0000000704f00000, 0x0000000705000000|  0%| F|  |TAMS 0x0000000704f00000, 0x0000000704f00000| Untracked 
|  24|0x0000000705000000, 0x0000000705000000, 0x0000000705100000|  0%| F|  |TAMS 0x0000000705000000, 0x0000000705000000| Untracked 
|  25|0x0000000705100000, 0x0000000705100000, 0x0000000705200000|  0%| F|  |TAMS 0x0000000705100000, 0x0000000705100000| Untracked 
|  26|0x0000000705200000, 0x0000000705200000, 0x0000000705300000|  0%| F|  |TAMS 0x0000000705200000, 0x0000000705200000| Untracked 
|  27|0x0000000705300000, 0x0000000705300000, 0x0000000705400000|  0%| F|  |TAMS 0x0000000705300000, 0x0000000705300000| Untracked 
|  28|0x0000000705400000, 0x0000000705400000, 0x0000000705500000|  0%| F|  |TAMS 0x0000000705400000, 0x0000000705400000| Untracked 
|  29|0x0000000705500000, 0x0000000705500000, 0x0000000705600000|  0%| F|  |TAMS 0x0000000705500000, 0x0000000705500000| Untracked 
|  30|0x0000000705600000, 0x0000000705600000, 0x0000000705700000|  0%| F|  |TAMS 0x0000000705600000, 0x0000000705600000| Untracked 
|  31|0x0000000705700000, 0x0000000705700000, 0x0000000705800000|  0%| F|  |TAMS 0x0000000705700000, 0x0000000705700000| Untracked 
|  32|0x0000000705800000, 0x0000000705800000, 0x0000000705900000|  0%| F|  |TAMS 0x0000000705800000, 0x0000000705800000| Untracked 
|  33|0x0000000705900000, 0x0000000705900000, 0x0000000705a00000|  0%| F|  |TAMS 0x0000000705900000, 0x0000000705900000| Untracked 
|  34|0x0000000705a00000, 0x0000000705a00000, 0x0000000705b00000|  0%| F|  |TAMS 0x0000000705a00000, 0x0000000705a00000| Untracked 
|  35|0x0000000705b00000, 0x0000000705b00000, 0x0000000705c00000|  0%| F|  |TAMS 0x0000000705b00000, 0x0000000705b00000| Untracked 
|  36|0x0000000705c00000, 0x0000000705c00000, 0x0000000705d00000|  0%| F|  |TAMS 0x0000000705c00000, 0x0000000705c00000| Untracked 
|  37|0x0000000705d00000, 0x0000000705d00000, 0x0000000705e00000|  0%| F|  |TAMS 0x0000000705d00000, 0x0000000705d00000| Untracked 
|  38|0x0000000705e00000, 0x0000000705e00000, 0x0000000705f00000|  0%| F|  |TAMS 0x0000000705e00000, 0x0000000705e00000| Untracked 
|  39|0x0000000705f00000, 0x0000000705f00000, 0x0000000706000000|  0%| F|  |TAMS 0x0000000705f00000, 0x0000000705f00000| Untracked 
|  40|0x0000000706000000, 0x0000000706000000, 0x0000000706100000|  0%| F|  |TAMS 0x0000000706000000, 0x0000000706000000| Untracked 
|  41|0x0000000706100000, 0x0000000706100000, 0x0000000706200000|  0%| F|  |TAMS 0x0000000706100000, 0x0000000706100000| Untracked 
|  42|0x0000000706200000, 0x0000000706200000, 0x0000000706300000|  0%| F|  |TAMS 0x0000000706200000, 0x0000000706200000| Untracked 
|  43|0x0000000706300000, 0x0000000706300000, 0x0000000706400000|  0%| F|  |TAMS 0x0000000706300000, 0x0000000706300000| Untracked 
|  44|0x0000000706400000, 0x0000000706400000, 0x0000000706500000|  0%| F|  |TAMS 0x0000000706400000, 0x0000000706400000| Untracked 
|  45|0x0000000706500000, 0x0000000706500000, 0x0000000706600000|  0%| F|  |TAMS 0x0000000706500000, 0x0000000706500000| Untracked 
|  46|0x0000000706600000, 0x0000000706600000, 0x0000000706700000|  0%| F|  |TAMS 0x0000000706600000, 0x0000000706600000| Untracked 
|  47|0x0000000706700000, 0x0000000706700000, 0x0000000706800000|  0%| F|  |TAMS 0x0000000706700000, 0x0000000706700000| Untracked 
|  48|0x0000000706800000, 0x0000000706800000, 0x0000000706900000|  0%| F|  |TAMS 0x0000000706800000, 0x0000000706800000| Untracked 
|  49|0x0000000706900000, 0x0000000706900000, 0x0000000706a00000|  0%| F|  |TAMS 0x0000000706900000, 0x0000000706900000| Untracked 
|  50|0x0000000706a00000, 0x0000000706a00000, 0x0000000706b00000|  0%| F|  |TAMS 0x0000000706a00000, 0x0000000706a00000| Untracked 
|  51|0x0000000706b00000, 0x0000000706b00000, 0x0000000706c00000|  0%| F|  |TAMS 0x0000000706b00000, 0x0000000706b00000| Untracked 
|  52|0x0000000706c00000, 0x0000000706c00000, 0x0000000706d00000|  0%| F|  |TAMS 0x0000000706c00000, 0x0000000706c00000| Untracked 
|  53|0x0000000706d00000, 0x0000000706d00000, 0x0000000706e00000|  0%| F|  |TAMS 0x0000000706d00000, 0x0000000706d00000| Untracked 
|  54|0x0000000706e00000, 0x0000000706e00000, 0x0000000706f00000|  0%| F|  |TAMS 0x0000000706e00000, 0x0000000706e00000| Untracked 
|  55|0x0000000706f00000, 0x0000000706f00000, 0x0000000707000000|  0%| F|  |TAMS 0x0000000706f00000, 0x0000000706f00000| Untracked 
|  56|0x0000000707000000, 0x0000000707000000, 0x0000000707100000|  0%| F|  |TAMS 0x0000000707000000, 0x0000000707000000| Untracked 
|  57|0x0000000707100000, 0x0000000707100000, 0x0000000707200000|  0%| F|  |TAMS 0x0000000707100000, 0x0000000707100000| Untracked 
|  58|0x0000000707200000, 0x0000000707200000, 0x0000000707300000|  0%| F|  |TAMS 0x0000000707200000, 0x0000000707200000| Untracked 
|  59|0x0000000707300000, 0x0000000707300000, 0x0000000707400000|  0%| F|  |TAMS 0x0000000707300000, 0x0000000707300000| Untracked 
|  60|0x0000000707400000, 0x0000000707400000, 0x0000000707500000|  0%| F|  |TAMS 0x0000000707400000, 0x0000000707400000| Untracked 
|  61|0x0000000707500000, 0x0000000707500000, 0x0000000707600000|  0%| F|  |TAMS 0x0000000707500000, 0x0000000707500000| Untracked 
|  62|0x0000000707600000, 0x0000000707600000, 0x0000000707700000|  0%| F|  |TAMS 0x0000000707600000, 0x0000000707600000| Untracked 
|  63|0x0000000707700000, 0x0000000707700000, 0x0000000707800000|  0%| F|  |TAMS 0x0000000707700000, 0x0000000707700000| Untracked 
|  64|0x0000000707800000, 0x0000000707800000, 0x0000000707900000|  0%| F|  |TAMS 0x0000000707800000, 0x0000000707800000| Untracked 
|  65|0x0000000707900000, 0x0000000707900000, 0x0000000707a00000|  0%| F|  |TAMS 0x0000000707900000, 0x0000000707900000| Untracked 
|  66|0x0000000707a00000, 0x0000000707a00000, 0x0000000707b00000|  0%| F|  |TAMS 0x0000000707a00000, 0x0000000707a00000| Untracked 
|  67|0x0000000707b00000, 0x0000000707b00000, 0x0000000707c00000|  0%| F|  |TAMS 0x0000000707b00000, 0x0000000707b00000| Untracked 
|  68|0x0000000707c00000, 0x0000000707c00000, 0x0000000707d00000|  0%| F|  |TAMS 0x0000000707c00000, 0x0000000707c00000| Untracked 
|  69|0x0000000707d00000, 0x0000000707d00000, 0x0000000707e00000|  0%| F|  |TAMS 0x0000000707d00000, 0x0000000707d00000| Untracked 
|  70|0x0000000707e00000, 0x0000000707e00000, 0x0000000707f00000|  0%| F|  |TAMS 0x0000000707e00000, 0x0000000707e00000| Untracked 
|  71|0x0000000707f00000, 0x0000000707f00000, 0x0000000708000000|  0%| F|  |TAMS 0x0000000707f00000, 0x0000000707f00000| Untracked 
|  72|0x0000000708000000, 0x0000000708000000, 0x0000000708100000|  0%| F|  |TAMS 0x0000000708000000, 0x0000000708000000| Untracked 
|  73|0x0000000708100000, 0x0000000708100000, 0x0000000708200000|  0%| F|  |TAMS 0x0000000708100000, 0x0000000708100000| Untracked 
|  74|0x0000000708200000, 0x0000000708200000, 0x0000000708300000|  0%| F|  |TAMS 0x0000000708200000, 0x0000000708200000| Untracked 
|  75|0x0000000708300000, 0x0000000708300000, 0x0000000708400000|  0%| F|  |TAMS 0x0000000708300000, 0x0000000708300000| Untracked 
|  76|0x0000000708400000, 0x0000000708400000, 0x0000000708500000|  0%| F|  |TAMS 0x0000000708400000, 0x0000000708400000| Untracked 
|  77|0x0000000708500000, 0x0000000708500000, 0x0000000708600000|  0%| F|  |TAMS 0x0000000708500000, 0x0000000708500000| Untracked 
|  78|0x0000000708600000, 0x0000000708600000, 0x0000000708700000|  0%| F|  |TAMS 0x0000000708600000, 0x0000000708600000| Untracked 
|  79|0x0000000708700000, 0x0000000708700000, 0x0000000708800000|  0%| F|  |TAMS 0x0000000708700000, 0x0000000708700000| Untracked 
|  80|0x0000000708800000, 0x0000000708800000, 0x0000000708900000|  0%| F|  |TAMS 0x0000000708800000, 0x0000000708800000| Untracked 
|  81|0x0000000708900000, 0x0000000708900000, 0x0000000708a00000|  0%| F|  |TAMS 0x0000000708900000, 0x0000000708900000| Untracked 
|  82|0x0000000708a00000, 0x0000000708a00000, 0x0000000708b00000|  0%| F|  |TAMS 0x0000000708a00000, 0x0000000708a00000| Untracked 
|  83|0x0000000708b00000, 0x0000000708b00000, 0x0000000708c00000|  0%| F|  |TAMS 0x0000000708b00000, 0x0000000708b00000| Untracked 
|  84|0x0000000708c00000, 0x0000000708c00000, 0x0000000708d00000|  0%| F|  |TAMS 0x0000000708c00000, 0x0000000708c00000| Untracked 
|  85|0x0000000708d00000, 0x0000000708d00000, 0x0000000708e00000|  0%| F|  |TAMS 0x0000000708d00000, 0x0000000708d00000| Untracked 
|  86|0x0000000708e00000, 0x0000000708e00000, 0x0000000708f00000|  0%| F|  |TAMS 0x0000000708e00000, 0x0000000708e00000| Untracked 
|  87|0x0000000708f00000, 0x0000000708f00000, 0x0000000709000000|  0%| F|  |TAMS 0x0000000708f00000, 0x0000000708f00000| Untracked 
|  88|0x0000000709000000, 0x0000000709000000, 0x0000000709100000|  0%| F|  |TAMS 0x0000000709000000, 0x0000000709000000| Untracked 
|  89|0x0000000709100000, 0x0000000709100000, 0x0000000709200000|  0%| F|  |TAMS 0x0000000709100000, 0x0000000709100000| Untracked 
|  90|0x0000000709200000, 0x0000000709200000, 0x0000000709300000|  0%| F|  |TAMS 0x0000000709200000, 0x0000000709200000| Untracked 
|  91|0x0000000709300000, 0x0000000709300000, 0x0000000709400000|  0%| F|  |TAMS 0x0000000709300000, 0x0000000709300000| Untracked 
|  92|0x0000000709400000, 0x0000000709400000, 0x0000000709500000|  0%| F|  |TAMS 0x0000000709400000, 0x0000000709400000| Untracked 
|  93|0x0000000709500000, 0x0000000709500000, 0x0000000709600000|  0%| F|  |TAMS 0x0000000709500000, 0x0000000709500000| Untracked 
|  94|0x0000000709600000, 0x0000000709600000, 0x0000000709700000|  0%| F|  |TAMS 0x0000000709600000, 0x0000000709600000| Untracked 
|  95|0x0000000709700000, 0x0000000709700000, 0x0000000709800000|  0%| F|  |TAMS 0x0000000709700000, 0x0000000709700000| Untracked 
|  96|0x0000000709800000, 0x0000000709800000, 0x0000000709900000|  0%| F|  |TAMS 0x0000000709800000, 0x0000000709800000| Untracked 
|  97|0x0000000709900000, 0x0000000709900000, 0x0000000709a00000|  0%| F|  |TAMS 0x0000000709900000, 0x0000000709900000| Untracked 
|  98|0x0000000709a00000, 0x0000000709a00000, 0x0000000709b00000|  0%| F|  |TAMS 0x0000000709a00000, 0x0000000709a00000| Untracked 
|  99|0x0000000709b00000, 0x0000000709b00000, 0x0000000709c00000|  0%| F|  |TAMS 0x0000000709b00000, 0x0000000709b00000| Untracked 
| 100|0x0000000709c00000, 0x0000000709c00000, 0x0000000709d00000|  0%| F|  |TAMS 0x0000000709c00000, 0x0000000709c00000| Untracked 
| 101|0x0000000709d00000, 0x0000000709d00000, 0x0000000709e00000|  0%| F|  |TAMS 0x0000000709d00000, 0x0000000709d00000| Untracked 
| 102|0x0000000709e00000, 0x0000000709e00000, 0x0000000709f00000|  0%| F|  |TAMS 0x0000000709e00000, 0x0000000709e00000| Untracked 
| 103|0x0000000709f00000, 0x0000000709f00000, 0x000000070a000000|  0%| F|  |TAMS 0x0000000709f00000, 0x0000000709f00000| Untracked 
| 104|0x000000070a000000, 0x000000070a000000, 0x000000070a100000|  0%| F|  |TAMS 0x000000070a000000, 0x000000070a000000| Untracked 
| 105|0x000000070a100000, 0x000000070a100000, 0x000000070a200000|  0%| F|  |TAMS 0x000000070a100000, 0x000000070a100000| Untracked 
| 106|0x000000070a200000, 0x000000070a200000, 0x000000070a300000|  0%| F|  |TAMS 0x000000070a200000, 0x000000070a200000| Untracked 
| 107|0x000000070a300000, 0x000000070a300000, 0x000000070a400000|  0%| F|  |TAMS 0x000000070a300000, 0x000000070a300000| Untracked 
| 108|0x000000070a400000, 0x000000070a400000, 0x000000070a500000|  0%| F|  |TAMS 0x000000070a400000, 0x000000070a400000| Untracked 
| 109|0x000000070a500000, 0x000000070a500000, 0x000000070a600000|  0%| F|  |TAMS 0x000000070a500000, 0x000000070a500000| Untracked 
| 110|0x000000070a600000, 0x000000070a600000, 0x000000070a700000|  0%| F|  |TAMS 0x000000070a600000, 0x000000070a600000| Untracked 
| 111|0x000000070a700000, 0x000000070a700000, 0x000000070a800000|  0%| F|  |TAMS 0x000000070a700000, 0x000000070a700000| Untracked 
| 112|0x000000070a800000, 0x000000070a800000, 0x000000070a900000|  0%| F|  |TAMS 0x000000070a800000, 0x000000070a800000| Untracked 
| 113|0x000000070a900000, 0x000000070a900000, 0x000000070aa00000|  0%| F|  |TAMS 0x000000070a900000, 0x000000070a900000| Untracked 
| 114|0x000000070aa00000, 0x000000070aa00000, 0x000000070ab00000|  0%| F|  |TAMS 0x000000070aa00000, 0x000000070aa00000| Untracked 
| 115|0x000000070ab00000, 0x000000070ab00000, 0x000000070ac00000|  0%| F|  |TAMS 0x000000070ab00000, 0x000000070ab00000| Untracked 
| 116|0x000000070ac00000, 0x000000070ac00000, 0x000000070ad00000|  0%| F|  |TAMS 0x000000070ac00000, 0x000000070ac00000| Untracked 
| 117|0x000000070ad00000, 0x000000070ad00000, 0x000000070ae00000|  0%| F|  |TAMS 0x000000070ad00000, 0x000000070ad00000| Untracked 
| 118|0x000000070ae00000, 0x000000070ae00000, 0x000000070af00000|  0%| F|  |TAMS 0x000000070ae00000, 0x000000070ae00000| Untracked 
| 119|0x000000070af00000, 0x000000070af00000, 0x000000070b000000|  0%| F|  |TAMS 0x000000070af00000, 0x000000070af00000| Untracked 
| 120|0x000000070b000000, 0x000000070b000000, 0x000000070b100000|  0%| F|  |TAMS 0x000000070b000000, 0x000000070b000000| Untracked 
| 121|0x000000070b100000, 0x000000070b100000, 0x000000070b200000|  0%| F|  |TAMS 0x000000070b100000, 0x000000070b100000| Untracked 
| 122|0x000000070b200000, 0x000000070b200000, 0x000000070b300000|  0%| F|  |TAMS 0x000000070b200000, 0x000000070b200000| Untracked 
| 123|0x000000070b300000, 0x000000070b300000, 0x000000070b400000|  0%| F|  |TAMS 0x000000070b300000, 0x000000070b300000| Untracked 
| 124|0x000000070b400000, 0x000000070b400000, 0x000000070b500000|  0%| F|  |TAMS 0x000000070b400000, 0x000000070b400000| Untracked 
| 125|0x000000070b500000, 0x000000070b500000, 0x000000070b600000|  0%| F|  |TAMS 0x000000070b500000, 0x000000070b500000| Untracked 
| 126|0x000000070b600000, 0x000000070b600000, 0x000000070b700000|  0%| F|  |TAMS 0x000000070b600000, 0x000000070b600000| Untracked 
| 127|0x000000070b700000, 0x000000070b700000, 0x000000070b800000|  0%| F|  |TAMS 0x000000070b700000, 0x000000070b700000| Untracked 
| 128|0x000000070b800000, 0x000000070b800000, 0x000000070b900000|  0%| F|  |TAMS 0x000000070b800000, 0x000000070b800000| Untracked 
| 129|0x000000070b900000, 0x000000070b900000, 0x000000070ba00000|  0%| F|  |TAMS 0x000000070b900000, 0x000000070b900000| Untracked 
| 130|0x000000070ba00000, 0x000000070ba00000, 0x000000070bb00000|  0%| F|  |TAMS 0x000000070ba00000, 0x000000070ba00000| Untracked 
| 131|0x000000070bb00000, 0x000000070bb00000, 0x000000070bc00000|  0%| F|  |TAMS 0x000000070bb00000, 0x000000070bb00000| Untracked 
| 132|0x000000070bc00000, 0x000000070bc00000, 0x000000070bd00000|  0%| F|  |TAMS 0x000000070bc00000, 0x000000070bc00000| Untracked 
| 133|0x000000070bd00000, 0x000000070bd00000, 0x000000070be00000|  0%| F|  |TAMS 0x000000070bd00000, 0x000000070bd00000| Untracked 
| 134|0x000000070be00000, 0x000000070be00000, 0x000000070bf00000|  0%| F|  |TAMS 0x000000070be00000, 0x000000070be00000| Untracked 
| 135|0x000000070bf00000, 0x000000070bf00000, 0x000000070c000000|  0%| F|  |TAMS 0x000000070bf00000, 0x000000070bf00000| Untracked 
| 136|0x000000070c000000, 0x000000070c000000, 0x000000070c100000|  0%| F|  |TAMS 0x000000070c000000, 0x000000070c000000| Untracked 
| 137|0x000000070c100000, 0x000000070c100000, 0x000000070c200000|  0%| F|  |TAMS 0x000000070c100000, 0x000000070c100000| Untracked 
| 138|0x000000070c200000, 0x000000070c200000, 0x000000070c300000|  0%| F|  |TAMS 0x000000070c200000, 0x000000070c200000| Untracked 
| 139|0x000000070c300000, 0x000000070c300000, 0x000000070c400000|  0%| F|  |TAMS 0x000000070c300000, 0x000000070c300000| Untracked 
| 140|0x000000070c400000, 0x000000070c400000, 0x000000070c500000|  0%| F|  |TAMS 0x000000070c400000, 0x000000070c400000| Untracked 
| 141|0x000000070c500000, 0x000000070c500000, 0x000000070c600000|  0%| F|  |TAMS 0x000000070c500000, 0x000000070c500000| Untracked 
| 142|0x000000070c600000, 0x000000070c600000, 0x000000070c700000|  0%| F|  |TAMS 0x000000070c600000, 0x000000070c600000| Untracked 
| 143|0x000000070c700000, 0x000000070c700000, 0x000000070c800000|  0%| F|  |TAMS 0x000000070c700000, 0x000000070c700000| Untracked 
| 144|0x000000070c800000, 0x000000070c800000, 0x000000070c900000|  0%| F|  |TAMS 0x000000070c800000, 0x000000070c800000| Untracked 
| 145|0x000000070c900000, 0x000000070c900000, 0x000000070ca00000|  0%| F|  |TAMS 0x000000070c900000, 0x000000070c900000| Untracked 
| 146|0x000000070ca00000, 0x000000070ca00000, 0x000000070cb00000|  0%| F|  |TAMS 0x000000070ca00000, 0x000000070ca00000| Untracked 
| 147|0x000000070cb00000, 0x000000070cb00000, 0x000000070cc00000|  0%| F|  |TAMS 0x000000070cb00000, 0x000000070cb00000| Untracked 
| 148|0x000000070cc00000, 0x000000070cc00000, 0x000000070cd00000|  0%| F|  |TAMS 0x000000070cc00000, 0x000000070cc00000| Untracked 
| 149|0x000000070cd00000, 0x000000070cd00000, 0x000000070ce00000|  0%| F|  |TAMS 0x000000070cd00000, 0x000000070cd00000| Untracked 
| 150|0x000000070ce00000, 0x000000070ce00000, 0x000000070cf00000|  0%| F|  |TAMS 0x000000070ce00000, 0x000000070ce00000| Untracked 
| 151|0x000000070cf00000, 0x000000070cf00000, 0x000000070d000000|  0%| F|  |TAMS 0x000000070cf00000, 0x000000070cf00000| Untracked 
| 152|0x000000070d000000, 0x000000070d000000, 0x000000070d100000|  0%| F|  |TAMS 0x000000070d000000, 0x000000070d000000| Untracked 
| 153|0x000000070d100000, 0x000000070d100000, 0x000000070d200000|  0%| F|  |TAMS 0x000000070d100000, 0x000000070d100000| Untracked 
| 154|0x000000070d200000, 0x000000070d200000, 0x000000070d300000|  0%| F|  |TAMS 0x000000070d200000, 0x000000070d200000| Untracked 
| 155|0x000000070d300000, 0x000000070d300000, 0x000000070d400000|  0%| F|  |TAMS 0x000000070d300000, 0x000000070d300000| Untracked 
| 156|0x000000070d400000, 0x000000070d400000, 0x000000070d500000|  0%| F|  |TAMS 0x000000070d400000, 0x000000070d400000| Untracked 
| 157|0x000000070d500000, 0x000000070d500000, 0x000000070d600000|  0%| F|  |TAMS 0x000000070d500000, 0x000000070d500000| Untracked 
| 158|0x000000070d600000, 0x000000070d600000, 0x000000070d700000|  0%| F|  |TAMS 0x000000070d600000, 0x000000070d600000| Untracked 
| 159|0x000000070d700000, 0x000000070d700000, 0x000000070d800000|  0%| F|  |TAMS 0x000000070d700000, 0x000000070d700000| Untracked 
| 160|0x000000070d800000, 0x000000070d800000, 0x000000070d900000|  0%| F|  |TAMS 0x000000070d800000, 0x000000070d800000| Untracked 
| 161|0x000000070d900000, 0x000000070d900000, 0x000000070da00000|  0%| F|  |TAMS 0x000000070d900000, 0x000000070d900000| Untracked 
| 162|0x000000070da00000, 0x000000070da00000, 0x000000070db00000|  0%| F|  |TAMS 0x000000070da00000, 0x000000070da00000| Untracked 
| 163|0x000000070db00000, 0x000000070db00000, 0x000000070dc00000|  0%| F|  |TAMS 0x000000070db00000, 0x000000070db00000| Untracked 
| 164|0x000000070dc00000, 0x000000070dc00000, 0x000000070dd00000|  0%| F|  |TAMS 0x000000070dc00000, 0x000000070dc00000| Untracked 
| 165|0x000000070dd00000, 0x000000070dd00000, 0x000000070de00000|  0%| F|  |TAMS 0x000000070dd00000, 0x000000070dd00000| Untracked 
| 166|0x000000070de00000, 0x000000070de00000, 0x000000070df00000|  0%| F|  |TAMS 0x000000070de00000, 0x000000070de00000| Untracked 
| 167|0x000000070df00000, 0x000000070df00000, 0x000000070e000000|  0%| F|  |TAMS 0x000000070df00000, 0x000000070df00000| Untracked 
| 168|0x000000070e000000, 0x000000070e000000, 0x000000070e100000|  0%| F|  |TAMS 0x000000070e000000, 0x000000070e000000| Untracked 
| 169|0x000000070e100000, 0x000000070e100000, 0x000000070e200000|  0%| F|  |TAMS 0x000000070e100000, 0x000000070e100000| Untracked 
| 170|0x000000070e200000, 0x000000070e200000, 0x000000070e300000|  0%| F|  |TAMS 0x000000070e200000, 0x000000070e200000| Untracked 
| 171|0x000000070e300000, 0x000000070e300000, 0x000000070e400000|  0%| F|  |TAMS 0x000000070e300000, 0x000000070e300000| Untracked 
| 172|0x000000070e400000, 0x000000070e400000, 0x000000070e500000|  0%| F|  |TAMS 0x000000070e400000, 0x000000070e400000| Untracked 
| 173|0x000000070e500000, 0x000000070e500000, 0x000000070e600000|  0%| F|  |TAMS 0x000000070e500000, 0x000000070e500000| Untracked 
| 174|0x000000070e600000, 0x000000070e600000, 0x000000070e700000|  0%| F|  |TAMS 0x000000070e600000, 0x000000070e600000| Untracked 
| 175|0x000000070e700000, 0x000000070e700000, 0x000000070e800000|  0%| F|  |TAMS 0x000000070e700000, 0x000000070e700000| Untracked 
| 176|0x000000070e800000, 0x000000070e800000, 0x000000070e900000|  0%| F|  |TAMS 0x000000070e800000, 0x000000070e800000| Untracked 
| 177|0x000000070e900000, 0x000000070e900000, 0x000000070ea00000|  0%| F|  |TAMS 0x000000070e900000, 0x000000070e900000| Untracked 
| 178|0x000000070ea00000, 0x000000070ea00000, 0x000000070eb00000|  0%| F|  |TAMS 0x000000070ea00000, 0x000000070ea00000| Untracked 
| 179|0x000000070eb00000, 0x000000070eb00000, 0x000000070ec00000|  0%| F|  |TAMS 0x000000070eb00000, 0x000000070eb00000| Untracked 
| 180|0x000000070ec00000, 0x000000070ec00000, 0x000000070ed00000|  0%| F|  |TAMS 0x000000070ec00000, 0x000000070ec00000| Untracked 
| 181|0x000000070ed00000, 0x000000070ed00000, 0x000000070ee00000|  0%| F|  |TAMS 0x000000070ed00000, 0x000000070ed00000| Untracked 
| 182|0x000000070ee00000, 0x000000070ee00000, 0x000000070ef00000|  0%| F|  |TAMS 0x000000070ee00000, 0x000000070ee00000| Untracked 
| 183|0x000000070ef00000, 0x000000070ef00000, 0x000000070f000000|  0%| F|  |TAMS 0x000000070ef00000, 0x000000070ef00000| Untracked 
| 184|0x000000070f000000, 0x000000070f000000, 0x000000070f100000|  0%| F|  |TAMS 0x000000070f000000, 0x000000070f000000| Untracked 
| 185|0x000000070f100000, 0x000000070f100000, 0x000000070f200000|  0%| F|  |TAMS 0x000000070f100000, 0x000000070f100000| Untracked 
| 186|0x000000070f200000, 0x000000070f200000, 0x000000070f300000|  0%| F|  |TAMS 0x000000070f200000, 0x000000070f200000| Untracked 
| 187|0x000000070f300000, 0x000000070f300000, 0x000000070f400000|  0%| F|  |TAMS 0x000000070f300000, 0x000000070f300000| Untracked 
| 188|0x000000070f400000, 0x000000070f400000, 0x000000070f500000|  0%| F|  |TAMS 0x000000070f400000, 0x000000070f400000| Untracked 
| 189|0x000000070f500000, 0x000000070f500000, 0x000000070f600000|  0%| F|  |TAMS 0x000000070f500000, 0x000000070f500000| Untracked 
| 190|0x000000070f600000, 0x000000070f600000, 0x000000070f700000|  0%| F|  |TAMS 0x000000070f600000, 0x000000070f600000| Untracked 
| 191|0x000000070f700000, 0x000000070f700000, 0x000000070f800000|  0%| F|  |TAMS 0x000000070f700000, 0x000000070f700000| Untracked 
| 192|0x000000070f800000, 0x000000070f800000, 0x000000070f900000|  0%| F|  |TAMS 0x000000070f800000, 0x000000070f800000| Untracked 
| 193|0x000000070f900000, 0x000000070f900000, 0x000000070fa00000|  0%| F|  |TAMS 0x000000070f900000, 0x000000070f900000| Untracked 
| 194|0x000000070fa00000, 0x000000070fa00000, 0x000000070fb00000|  0%| F|  |TAMS 0x000000070fa00000, 0x000000070fa00000| Untracked 
| 195|0x000000070fb00000, 0x000000070fb00000, 0x000000070fc00000|  0%| F|  |TAMS 0x000000070fb00000, 0x000000070fb00000| Untracked 
| 196|0x000000070fc00000, 0x000000070fc00000, 0x000000070fd00000|  0%| F|  |TAMS 0x000000070fc00000, 0x000000070fc00000| Untracked 
| 197|0x000000070fd00000, 0x000000070fd00000, 0x000000070fe00000|  0%| F|  |TAMS 0x000000070fd00000, 0x000000070fd00000| Untracked 
| 198|0x000000070fe00000, 0x000000070fe00000, 0x000000070ff00000|  0%| F|  |TAMS 0x000000070fe00000, 0x000000070fe00000| Untracked 
| 199|0x000000070ff00000, 0x000000070ff00000, 0x0000000710000000|  0%| F|  |TAMS 0x000000070ff00000, 0x000000070ff00000| Untracked 
| 200|0x0000000710000000, 0x0000000710000000, 0x0000000710100000|  0%| F|  |TAMS 0x0000000710000000, 0x0000000710000000| Untracked 
| 201|0x0000000710100000, 0x0000000710100000, 0x0000000710200000|  0%| F|  |TAMS 0x0000000710100000, 0x0000000710100000| Untracked 
| 202|0x0000000710200000, 0x0000000710200000, 0x0000000710300000|  0%| F|  |TAMS 0x0000000710200000, 0x0000000710200000| Untracked 
| 203|0x0000000710300000, 0x0000000710300000, 0x0000000710400000|  0%| F|  |TAMS 0x0000000710300000, 0x0000000710300000| Untracked 
| 204|0x0000000710400000, 0x0000000710400000, 0x0000000710500000|  0%| F|  |TAMS 0x0000000710400000, 0x0000000710400000| Untracked 
| 205|0x0000000710500000, 0x0000000710500000, 0x0000000710600000|  0%| F|  |TAMS 0x0000000710500000, 0x0000000710500000| Untracked 
| 206|0x0000000710600000, 0x0000000710600000, 0x0000000710700000|  0%| F|  |TAMS 0x0000000710600000, 0x0000000710600000| Untracked 
| 207|0x0000000710700000, 0x0000000710700000, 0x0000000710800000|  0%| F|  |TAMS 0x0000000710700000, 0x0000000710700000| Untracked 
| 208|0x0000000710800000, 0x0000000710800000, 0x0000000710900000|  0%| F|  |TAMS 0x0000000710800000, 0x0000000710800000| Untracked 
| 209|0x0000000710900000, 0x0000000710900000, 0x0000000710a00000|  0%| F|  |TAMS 0x0000000710900000, 0x0000000710900000| Untracked 
| 210|0x0000000710a00000, 0x0000000710a00000, 0x0000000710b00000|  0%| F|  |TAMS 0x0000000710a00000, 0x0000000710a00000| Untracked 
| 211|0x0000000710b00000, 0x0000000710b00000, 0x0000000710c00000|  0%| F|  |TAMS 0x0000000710b00000, 0x0000000710b00000| Untracked 
| 212|0x0000000710c00000, 0x0000000710c00000, 0x0000000710d00000|  0%| F|  |TAMS 0x0000000710c00000, 0x0000000710c00000| Untracked 
| 213|0x0000000710d00000, 0x0000000710d00000, 0x0000000710e00000|  0%| F|  |TAMS 0x0000000710d00000, 0x0000000710d00000| Untracked 
| 214|0x0000000710e00000, 0x0000000710e00000, 0x0000000710f00000|  0%| F|  |TAMS 0x0000000710e00000, 0x0000000710e00000| Untracked 
| 215|0x0000000710f00000, 0x0000000710f00000, 0x0000000711000000|  0%| F|  |TAMS 0x0000000710f00000, 0x0000000710f00000| Untracked 
| 216|0x0000000711000000, 0x0000000711000000, 0x0000000711100000|  0%| F|  |TAMS 0x0000000711000000, 0x0000000711000000| Untracked 
| 217|0x0000000711100000, 0x0000000711100000, 0x0000000711200000|  0%| F|  |TAMS 0x0000000711100000, 0x0000000711100000| Untracked 
| 218|0x0000000711200000, 0x0000000711200000, 0x0000000711300000|  0%| F|  |TAMS 0x0000000711200000, 0x0000000711200000| Untracked 
| 219|0x0000000711300000, 0x0000000711300000, 0x0000000711400000|  0%| F|  |TAMS 0x0000000711300000, 0x0000000711300000| Untracked 
| 220|0x0000000711400000, 0x0000000711400000, 0x0000000711500000|  0%| F|  |TAMS 0x0000000711400000, 0x0000000711400000| Untracked 
| 221|0x0000000711500000, 0x0000000711500000, 0x0000000711600000|  0%| F|  |TAMS 0x0000000711500000, 0x0000000711500000| Untracked 
| 222|0x0000000711600000, 0x0000000711600000, 0x0000000711700000|  0%| F|  |TAMS 0x0000000711600000, 0x0000000711600000| Untracked 
| 223|0x0000000711700000, 0x0000000711700000, 0x0000000711800000|  0%| F|  |TAMS 0x0000000711700000, 0x0000000711700000| Untracked 
| 224|0x0000000711800000, 0x0000000711800000, 0x0000000711900000|  0%| F|  |TAMS 0x0000000711800000, 0x0000000711800000| Untracked 
| 225|0x0000000711900000, 0x0000000711900000, 0x0000000711a00000|  0%| F|  |TAMS 0x0000000711900000, 0x0000000711900000| Untracked 
| 226|0x0000000711a00000, 0x0000000711a00000, 0x0000000711b00000|  0%| F|  |TAMS 0x0000000711a00000, 0x0000000711a00000| Untracked 
| 227|0x0000000711b00000, 0x0000000711b00000, 0x0000000711c00000|  0%| F|  |TAMS 0x0000000711b00000, 0x0000000711b00000| Untracked 
| 228|0x0000000711c00000, 0x0000000711c00000, 0x0000000711d00000|  0%| F|  |TAMS 0x0000000711c00000, 0x0000000711c00000| Untracked 
| 229|0x0000000711d00000, 0x0000000711d00000, 0x0000000711e00000|  0%| F|  |TAMS 0x0000000711d00000, 0x0000000711d00000| Untracked 
| 230|0x0000000711e00000, 0x0000000711e00000, 0x0000000711f00000|  0%| F|  |TAMS 0x0000000711e00000, 0x0000000711e00000| Untracked 
| 231|0x0000000711f00000, 0x0000000711f00000, 0x0000000712000000|  0%| F|  |TAMS 0x0000000711f00000, 0x0000000711f00000| Untracked 
| 232|0x0000000712000000, 0x0000000712000000, 0x0000000712100000|  0%| F|  |TAMS 0x0000000712000000, 0x0000000712000000| Untracked 
| 233|0x0000000712100000, 0x0000000712100000, 0x0000000712200000|  0%| F|  |TAMS 0x0000000712100000, 0x0000000712100000| Untracked 
| 234|0x0000000712200000, 0x0000000712200000, 0x0000000712300000|  0%| F|  |TAMS 0x0000000712200000, 0x0000000712200000| Untracked 
| 235|0x0000000712300000, 0x00000007123f64b8, 0x0000000712400000| 96%| E|  |TAMS 0x0000000712300000, 0x0000000712300000| Complete 
| 236|0x0000000712400000, 0x0000000712500000, 0x0000000712500000|100%| E|CS|TAMS 0x0000000712400000, 0x0000000712400000| Complete 
| 237|0x0000000712500000, 0x0000000712600000, 0x0000000712600000|100%| E|CS|TAMS 0x0000000712500000, 0x0000000712500000| Complete 
| 238|0x0000000712600000, 0x0000000712700000, 0x0000000712700000|100%| E|CS|TAMS 0x0000000712600000, 0x0000000712600000| Complete 
| 239|0x0000000712700000, 0x0000000712800000, 0x0000000712800000|100%| E|CS|TAMS 0x0000000712700000, 0x0000000712700000| Complete 
| 240|0x0000000712800000, 0x0000000712900000, 0x0000000712900000|100%| E|CS|TAMS 0x0000000712800000, 0x0000000712800000| Complete 
| 241|0x0000000712900000, 0x0000000712a00000, 0x0000000712a00000|100%| E|CS|TAMS 0x0000000712900000, 0x0000000712900000| Complete 
| 242|0x0000000712a00000, 0x0000000712b00000, 0x0000000712b00000|100%| E|  |TAMS 0x0000000712a00000, 0x0000000712a00000| Complete 
| 243|0x0000000712b00000, 0x0000000712c00000, 0x0000000712c00000|100%| E|CS|TAMS 0x0000000712b00000, 0x0000000712b00000| Complete 
| 244|0x0000000712c00000, 0x0000000712d00000, 0x0000000712d00000|100%| E|CS|TAMS 0x0000000712c00000, 0x0000000712c00000| Complete 
| 245|0x0000000712d00000, 0x0000000712e00000, 0x0000000712e00000|100%| E|CS|TAMS 0x0000000712d00000, 0x0000000712d00000| Complete 
| 246|0x0000000712e00000, 0x0000000712f00000, 0x0000000712f00000|100%| E|CS|TAMS 0x0000000712e00000, 0x0000000712e00000| Complete 
| 247|0x0000000712f00000, 0x0000000713000000, 0x0000000713000000|100%| E|CS|TAMS 0x0000000712f00000, 0x0000000712f00000| Complete 
| 248|0x0000000713000000, 0x0000000713100000, 0x0000000713100000|100%| E|CS|TAMS 0x0000000713000000, 0x0000000713000000| Complete 
| 249|0x0000000713100000, 0x0000000713200000, 0x0000000713200000|100%| E|CS|TAMS 0x0000000713100000, 0x0000000713100000| Complete 
| 250|0x0000000713200000, 0x0000000713300000, 0x0000000713300000|100%| E|CS|TAMS 0x0000000713200000, 0x0000000713200000| Complete 
| 251|0x0000000713300000, 0x0000000713400000, 0x0000000713400000|100%| E|CS|TAMS 0x0000000713300000, 0x0000000713300000| Complete 
| 252|0x0000000713400000, 0x0000000713500000, 0x0000000713500000|100%| E|CS|TAMS 0x0000000713400000, 0x0000000713400000| Complete 
| 253|0x0000000713500000, 0x0000000713600000, 0x0000000713600000|100%| E|CS|TAMS 0x0000000713500000, 0x0000000713500000| Complete 

Card table byte_map: [0x0000023578a20000,0x0000023579210000] _byte_map_base: 0x0000023575204000

Marking Bits (Prev, Next): (CMBitMap*) 0x0000023562e79788, (CMBitMap*) 0x0000023562e797c0
 Prev Bits: [0x0000023579a00000, 0x000002357d920000)
 Next Bits: [0x0000023500000000, 0x0000023503f20000)

Polling page: 0x0000023562c70000

Metaspace:

Usage:
  Non-class:      9.70 MB capacity,     9.65 MB (>99%) used,    46.77 KB ( <1%) free+waste,     7.00 KB ( <1%) overhead. 
      Class:    855.00 KB capacity,   819.33 KB ( 96%) used,    33.80 KB (  4%) free+waste,     1.88 KB ( <1%) overhead. 
       Both:     10.54 MB capacity,    10.45 MB (>99%) used,    80.56 KB ( <1%) free+waste,     8.88 KB ( <1%) overhead. 

Virtual space:
  Non-class space:       10.00 MB reserved,      10.00 MB (100%) committed 
      Class space:        1.00 GB reserved,     896.00 KB ( <1%) committed 
             Both:        1.01 GB reserved,      10.88 MB (  1%) committed 

Chunk freelists:
   Non-Class:  112.00 KB
       Class:  9.00 KB
        Both:  121.00 KB

MaxMetaspaceSize: 17179869184.00 GB
CompressedClassSpaceSize: 1.00 GB
Initial GC threshold: 20.80 MB
Current GC threshold: 20.80 MB
CDS: off

CodeHeap 'non-profiled nmethods': size=119168Kb used=373Kb max_used=373Kb free=118794Kb
 bounds [0x000002356fe20000, 0x0000023570090000, 0x0000023577280000]
CodeHeap 'profiled nmethods': size=119168Kb used=2545Kb max_used=2545Kb free=116622Kb
 bounds [0x00000235689c0000, 0x0000023568c40000, 0x000002356fe20000]
CodeHeap 'non-nmethods': size=7424Kb used=1823Kb max_used=2966Kb free=5600Kb
 bounds [0x0000023568280000, 0x0000023568570000, 0x00000235689c0000]
 total_blobs=1788 nmethods=1234 adapters=466
 compilation: enabled
              stopped_count=0, restarted_count=0
 full_count=0

Compilation events (20 events):
Event: 5.473 Thread 0x00000235053be000 1224       3       java.nio.Buffer::nextPutIndex (32 bytes)
Event: 5.473 Thread 0x0000023505330800 1225       3       java.nio.Buffer::nextGetIndex (32 bytes)
Event: 5.473 Thread 0x00000235053be000 nmethod 1224 0x0000023568c38290 code [0x0000023568c38460, 0x0000023568c38628]
Event: 5.473 Thread 0x0000023505330800 nmethod 1225 0x0000023568c38710 code [0x0000023568c388e0, 0x0000023568c38aa8]
Event: 5.541 Thread 0x0000023507969000 1226       3       jdk.internal.misc.Unsafe::pickPos (14 bytes)
Event: 5.541 Thread 0x0000023507969000 nmethod 1226 0x0000023568c38b90 code [0x0000023568c38d40, 0x0000023568c38e38]
Event: 5.556 Thread 0x00000235053b6800 1227       4       com.badlogic.gdx.graphics.glutils.ShaderProgram::checkManaged (25 bytes)
Event: 5.557 Thread 0x00000235053b6800 nmethod 1227 0x000002356fe7c110 code [0x000002356fe7c2a0, 0x000002356fe7c318]
Event: 5.840 Thread 0x0000023507733800 1229       3       jdk.internal.misc.Unsafe::toUnsignedLong (7 bytes)
Event: 5.840 Thread 0x0000023507733800 nmethod 1229 0x0000023568c38f10 code [0x0000023568c390c0, 0x0000023568c391b8]
Event: 5.857 Thread 0x00000235053b6800 1230       4       com.badlogic.gdx.physics.box2d.Body::getType (39 bytes)
Event: 5.857 Thread 0x00000235053b6800 nmethod 1230 0x000002356fe7c890 code [0x000002356fe7ca40, 0x000002356fe7cb08]
Event: 5.940 Thread 0x00000235053be000 1231       3       org.lwjgl.opengl.WindowsDisplay::handleMessage (29 bytes)
Event: 5.940 Thread 0x0000023505330800 1232       3       org.lwjgl.opengl.WindowsDisplay::doHandleMessage (969 bytes)
Event: 5.940 Thread 0x00000235053be000 nmethod 1231 0x0000023568c39290 code [0x0000023568c39460, 0x0000023568c39618]
Event: 5.941 Thread 0x0000023505330800 nmethod 1232 0x0000023568c39710 code [0x0000023568c39ba0, 0x0000023568c3bcc8]
Event: 5.956 Thread 0x00000235053b6800 1233       4       com.badlogic.gdx.utils.Array::iterator (43 bytes)
Event: 5.957 Thread 0x00000235053b6800 nmethod 1233 0x000002356fe7cc10 code [0x000002356fe7cda0, 0x000002356fe7ceb8]
Event: 6.423 Thread 0x00000235053b6800 1234       4       com.badlogic.gdx.physics.box2d.Box2DDebugRenderer::getColorByBody (59 bytes)
Event: 6.424 Thread 0x00000235053b6800 nmethod 1234 0x000002356fe7d010 code [0x000002356fe7d1e0, 0x000002356fe7d390]

GC Heap History (0 events):
No events

Deoptimization events (20 events):
Event: 1.009 Thread 0x0000023505941000 DEOPT PACKING pc=0x000002356fe4c44c sp=0x0000003f40afee50
Event: 1.009 Thread 0x0000023505941000 DEOPT UNPACKING pc=0x00000235682ca1af sp=0x0000003f40afeda8 mode 2
Event: 1.009 Thread 0x0000023505941000 Uncommon trap: trap_request=0xffffffde fr.pc=0x000002356fe4bcdc relative=0x000000000000019c
Event: 1.009 Thread 0x0000023505941000 Uncommon trap: reason=class_check action=maybe_recompile pc=0x000002356fe4bcdc method=com.badlogic.gdx.graphics.Texture.getWidth()I @ 4 c2
Event: 1.009 Thread 0x0000023505941000 DEOPT PACKING pc=0x000002356fe4bcdc sp=0x0000003f40afedc0
Event: 1.009 Thread 0x0000023505941000 DEOPT UNPACKING pc=0x00000235682ca1af sp=0x0000003f40afed00 mode 2
Event: 1.009 Thread 0x0000023505941000 Uncommon trap: trap_request=0xffffffde fr.pc=0x000002356fe4c44c relative=0x000000000000024c
Event: 1.009 Thread 0x0000023505941000 Uncommon trap: reason=class_check action=maybe_recompile pc=0x000002356fe4c44c method=com.badlogic.gdx.graphics.Texture.getWidth()I @ 4 c2
Event: 1.009 Thread 0x0000023505941000 DEOPT PACKING pc=0x000002356fe4c44c sp=0x0000003f40afee50
Event: 1.009 Thread 0x0000023505941000 DEOPT UNPACKING pc=0x00000235682ca1af sp=0x0000003f40afeda8 mode 2
Event: 1.009 Thread 0x0000023505941000 Uncommon trap: trap_request=0xffffffde fr.pc=0x000002356fe4bcdc relative=0x000000000000019c
Event: 1.009 Thread 0x0000023505941000 Uncommon trap: reason=class_check action=maybe_recompile pc=0x000002356fe4bcdc method=com.badlogic.gdx.graphics.Texture.getWidth()I @ 4 c2
Event: 1.009 Thread 0x0000023505941000 DEOPT PACKING pc=0x000002356fe4bcdc sp=0x0000003f40afedc0
Event: 1.009 Thread 0x0000023505941000 DEOPT UNPACKING pc=0x00000235682ca1af sp=0x0000003f40afed00 mode 2
Event: 1.009 Thread 0x0000023505941000 Uncommon trap: trap_request=0xffffffde fr.pc=0x000002356fe4c44c relative=0x000000000000024c
Event: 1.009 Thread 0x0000023505941000 Uncommon trap: reason=class_check action=maybe_recompile pc=0x000002356fe4c44c method=com.badlogic.gdx.graphics.Texture.getWidth()I @ 4 c2
Event: 1.009 Thread 0x0000023505941000 DEOPT PACKING pc=0x000002356fe4c44c sp=0x0000003f40afee50
Event: 1.009 Thread 0x0000023505941000 DEOPT UNPACKING pc=0x00000235682ca1af sp=0x0000003f40afeda8 mode 2
Event: 1.223 Thread 0x0000023505941000 DEOPT PACKING pc=0x0000023568b689b9 sp=0x0000003f40afef30
Event: 1.223 Thread 0x0000023505941000 DEOPT UNPACKING pc=0x00000235682ca95e sp=0x0000003f40afe358 mode 0

Classes redefined (0 events):
No events

Internal exceptions (7 events):
Event: 0.161 Thread 0x0000023562e12000 Exception <a 'java/security/PrivilegedActionException'{0x0000000713156fb0}> (0x0000000713156fb0) thrown at [./src/hotspot/share/prims/jvm.cpp, line 1306]
Event: 0.162 Thread 0x0000023562e12000 Exception <a 'java/security/PrivilegedActionException'{0x0000000713159790}> (0x0000000713159790) thrown at [./src/hotspot/share/prims/jvm.cpp, line 1306]
Event: 0.162 Thread 0x0000023562e12000 Exception <a 'java/security/PrivilegedActionException'{0x000000071315a788}> (0x000000071315a788) thrown at [./src/hotspot/share/prims/jvm.cpp, line 1306]
Event: 0.164 Thread 0x0000023562e12000 Exception <a 'java/security/PrivilegedActionException'{0x000000071316c810}> (0x000000071316c810) thrown at [./src/hotspot/share/prims/jvm.cpp, line 1306]
Event: 0.164 Thread 0x0000023562e12000 Exception <a 'java/security/PrivilegedActionException'{0x000000071316d3d0}> (0x000000071316d3d0) thrown at [./src/hotspot/share/prims/jvm.cpp, line 1306]
Event: 0.164 Thread 0x0000023562e12000 Exception <a 'java/security/PrivilegedActionException'{0x000000071316df50}> (0x000000071316df50) thrown at [./src/hotspot/share/prims/jvm.cpp, line 1306]
Event: 0.522 Thread 0x0000023505941000 Exception <a 'org/lwjgl/LWJGLException'{0x0000000712f239e8}: Failed to set device gamma.> (0x0000000712f239e8) thrown at [./src/hotspot/share/prims/jni.cpp, line 637]

Events (20 events):
Event: 1.474 Loaded shared library C:\Users\dougl\AppData\Local\Temp\libgdxdougl\1cecf4f6\lwjgl64.dll
Event: 1.606 Loaded shared library C:\Users\dougl\AppData\Local\Temp\libgdxdougl\1cecf4f6\lwjgl64.dll
Event: 1.740 Loaded shared library C:\Users\dougl\AppData\Local\Temp\libgdxdougl\1cecf4f6\lwjgl64.dll
Event: 1.907 Loaded shared library C:\Users\dougl\AppData\Local\Temp\libgdxdougl\1cecf4f6\lwjgl64.dll
Event: 1.907 Loaded shared library C:\Users\dougl\AppData\Local\Temp\libgdxdougl\1cecf4f6\lwjgl64.dll
Event: 2.040 Loaded shared library C:\Users\dougl\AppData\Local\Temp\libgdxdougl\1cecf4f6\lwjgl64.dll
Event: 2.140 Loaded shared library C:\Users\dougl\AppData\Local\Temp\libgdxdougl\1cecf4f6\lwjgl64.dll
Event: 2.140 Loaded shared library C:\Users\dougl\AppData\Local\Temp\libgdxdougl\1cecf4f6\lwjgl64.dll
Event: 2.440 Loaded shared library C:\Users\dougl\AppData\Local\Temp\libgdxdougl\1cecf4f6\lwjgl64.dll
Event: 2.590 Loaded shared library D:\Apps\IntelliJ IDEA\IntelliJ IDEA Community Edition 2021.3\jbr\bin\java.dll
Event: 2.606 Loaded shared library D:\Apps\IntelliJ IDEA\IntelliJ IDEA Community Edition 2021.3\jbr\bin\java.dll
Event: 2.623 Loaded shared library C:\Users\dougl\AppData\Local\Temp\libgdxdougl\1cecf4f6\lwjgl64.dll
Event: 2.624 Loaded shared library C:\Users\dougl\AppData\Local\Temp\libgdxdougl\1cecf4f6\lwjgl64.dll
Event: 5.290 Loaded shared library C:\Users\dougl\AppData\Local\Temp\libgdxdougl\1cecf4f6\lwjgl64.dll
Event: 6.423 Thread 0x0000023507969000 Thread exited: 0x0000023507969000
Event: 6.423 Thread 0x0000023507733800 Thread exited: 0x0000023507733800
Event: 6.590 loading class org/lwjgl/opengl/WindowsKeycodes
Event: 6.590 loading class org/lwjgl/opengl/WindowsKeycodes done
Event: 6.673 loading class com/badlogic/gdx/backends/lwjgl/LwjglApplication$2
Event: 6.673 loading class com/badlogic/gdx/backends/lwjgl/LwjglApplication$2 done


Dynamic libraries:
0x00007ff79b4c0000 - 0x00007ff79b4ca000 	D:\Apps\IntelliJ IDEA\IntelliJ IDEA Community Edition 2021.3\jbr\bin\java.exe
0x00007ffdbc730000 - 0x00007ffdbc925000 	C:\Windows\SYSTEM32\ntdll.dll
0x00007ffdbb9c0000 - 0x00007ffdbba7e000 	C:\Windows\System32\KERNEL32.DLL
0x00007ffdb9f90000 - 0x00007ffdba258000 	C:\Windows\System32\KERNELBASE.dll
0x00007ffda40d0000 - 0x00007ffda40e7000 	D:\Apps\IntelliJ IDEA\IntelliJ IDEA Community Edition 2021.3\jbr\bin\VCRUNTIME140.dll
0x00007ffdb4d60000 - 0x00007ffdb4d79000 	D:\Apps\IntelliJ IDEA\IntelliJ IDEA Community Edition 2021.3\jbr\bin\jli.dll
0x00007ffdb9e90000 - 0x00007ffdb9f90000 	C:\Windows\System32\ucrtbase.dll
0x00007ffdbae30000 - 0x00007ffdbafd1000 	C:\Windows\System32\USER32.dll
0x00007ffda5580000 - 0x00007ffda581a000 	C:\Windows\WinSxS\amd64_microsoft.windows.common-controls_6595b64144ccf1df_6.0.19041.1110_none_60b5254171f9507e\COMCTL32.dll
0x00007ffdba530000 - 0x00007ffdba552000 	C:\Windows\System32\win32u.dll
0x00007ffdbbf00000 - 0x00007ffdbbf9e000 	C:\Windows\System32\msvcrt.dll
0x00007ffdba810000 - 0x00007ffdba83b000 	C:\Windows\System32\GDI32.dll
0x00007ffdba3c0000 - 0x00007ffdba4cd000 	C:\Windows\System32\gdi32full.dll
0x00007ffdba260000 - 0x00007ffdba2fd000 	C:\Windows\System32\msvcp_win.dll
0x00007ffdba840000 - 0x00007ffdba870000 	C:\Windows\System32\IMM32.DLL
0x00007ffd73d80000 - 0x00007ffd73e1d000 	D:\Apps\IntelliJ IDEA\IntelliJ IDEA Community Edition 2021.3\jbr\bin\msvcp140.dll
0x00007ffcf5750000 - 0x00007ffcf62c6000 	D:\Apps\IntelliJ IDEA\IntelliJ IDEA Community Edition 2021.3\jbr\bin\server\jvm.dll
0x00007ffdbafe0000 - 0x00007ffdbb08c000 	C:\Windows\System32\ADVAPI32.dll
0x00007ffdba770000 - 0x00007ffdba80b000 	C:\Windows\System32\sechost.dll
0x00007ffdbbae0000 - 0x00007ffdbbc0a000 	C:\Windows\System32\RPCRT4.dll
0x00007ffdbaca0000 - 0x00007ffdbaca8000 	C:\Windows\System32\PSAPI.DLL
0x00007ffdb4d10000 - 0x00007ffdb4d19000 	C:\Windows\SYSTEM32\WSOCK32.dll
0x00007ffdb14b0000 - 0x00007ffdb14d7000 	C:\Windows\SYSTEM32\WINMM.dll
0x00007ffdb2200000 - 0x00007ffdb220a000 	C:\Windows\SYSTEM32\VERSION.dll
0x00007ffdba8d0000 - 0x00007ffdba93b000 	C:\Windows\System32\WS2_32.dll
0x00007ffdb86d0000 - 0x00007ffdb86e2000 	C:\Windows\SYSTEM32\kernel.appcore.dll
0x00007ffda4040000 - 0x00007ffda4051000 	D:\Apps\IntelliJ IDEA\IntelliJ IDEA Community Edition 2021.3\jbr\bin\verify.dll
0x00007ffdb83e0000 - 0x00007ffdb85c4000 	C:\Windows\SYSTEM32\DBGHELP.DLL
0x00007ffdb5490000 - 0x00007ffdb54bc000 	C:\Windows\SYSTEM32\dbgcore.DLL
0x00007ffdba300000 - 0x00007ffdba382000 	C:\Windows\System32\bcryptPrimitives.dll
0x00007ffda12a0000 - 0x00007ffda12c9000 	D:\Apps\IntelliJ IDEA\IntelliJ IDEA Community Edition 2021.3\jbr\bin\java.dll
0x00007ffda6360000 - 0x00007ffda636b000 	D:\Apps\IntelliJ IDEA\IntelliJ IDEA Community Edition 2021.3\jbr\bin\jimage.dll
0x00007ffda4020000 - 0x00007ffda4038000 	D:\Apps\IntelliJ IDEA\IntelliJ IDEA Community Edition 2021.3\jbr\bin\zip.dll
0x00007ffdbbfa0000 - 0x00007ffdbc6e4000 	C:\Windows\System32\SHELL32.dll
0x00007ffdb7b80000 - 0x00007ffdb8314000 	C:\Windows\SYSTEM32\windows.storage.dll
0x00007ffdba940000 - 0x00007ffdbac95000 	C:\Windows\System32\combase.dll
0x00007ffdb9890000 - 0x00007ffdb98be000 	C:\Windows\SYSTEM32\Wldp.dll
0x00007ffdbbd80000 - 0x00007ffdbbe2d000 	C:\Windows\System32\SHCORE.dll
0x00007ffdbba80000 - 0x00007ffdbbad5000 	C:\Windows\System32\shlwapi.dll
0x00007ffdb9d80000 - 0x00007ffdb9d9f000 	C:\Windows\SYSTEM32\profapi.dll
0x00007ffda3fa0000 - 0x00007ffda3fba000 	D:\Apps\IntelliJ IDEA\IntelliJ IDEA Community Edition 2021.3\jbr\bin\net.dll
0x00007ffdafe80000 - 0x00007ffdaff8c000 	C:\Windows\SYSTEM32\WINHTTP.dll
0x00007ffdb95f0000 - 0x00007ffdb965a000 	C:\Windows\system32\mswsock.dll
0x00007ffda1100000 - 0x00007ffda1114000 	D:\Apps\IntelliJ IDEA\IntelliJ IDEA Community Edition 2021.3\jbr\bin\nio.dll
0x000000006e700000 - 0x000000006e72a000 	C:\Users\dougl\AppData\Local\Temp\libgdxdougl\e1cd32f8\gdx64.dll
0x0000000180000000 - 0x0000000180053000 	C:\Users\dougl\AppData\Local\Temp\libgdxdougl\1cecf4f6\lwjgl64.dll
0x00007ffd95270000 - 0x00007ffd95395000 	C:\Windows\SYSTEM32\OPENGL32.dll
0x00007ffda40a0000 - 0x00007ffda40cc000 	C:\Windows\SYSTEM32\GLU32.dll
0x0000023505f20000 - 0x0000023505f84000 	C:\Users\dougl\AppData\Local\Temp\libgdxdougl\1cecf4f6\OpenAL64.dll
0x00007ffdbb340000 - 0x00007ffdbb46a000 	C:\Windows\System32\ole32.dll
0x00007ffdb74c0000 - 0x00007ffdb755e000 	C:\Windows\system32\uxtheme.dll
0x00007ffd65430000 - 0x00007ffd6552c000 	C:\ProgramData\A-Volute\DellInc.AlienwareSoundCenter\Modules\ScheduledModules\x64\DellInc.AlienwareSoundCenterDevProps2.dll
0x00007ffd65530000 - 0x00007ffd655dd000 	C:\ProgramData\A-Volute\DellInc.AlienwareSoundCenter\Modules\ScheduledModules\x64\NahimicOSD.dll
0x00007ffd655e0000 - 0x00007ffd65601000 	C:\ProgramData\A-Volute\DellInc.AlienwareSoundCenter\Modules\ScheduledModules\x64\ProductInfo.dll
0x00007ffdbb900000 - 0x00007ffdbb9a9000 	C:\Windows\System32\clbcatq.dll
0x00007ffdb1fb0000 - 0x00007ffdb2035000 	C:\Windows\System32\MMDevApi.dll
0x00007ffdb9be0000 - 0x00007ffdb9c14000 	C:\Windows\System32\DEVOBJ.dll
0x0000023506070000 - 0x00000235060be000 	C:\Windows\System32\cfgmgr32.dll
0x00007ffdb2040000 - 0x00007ffdb21c1000 	C:\Windows\SYSTEM32\AudioSes.dll
0x00007ffdbbe30000 - 0x00007ffdbbefd000 	C:\Windows\System32\OLEAUT32.dll
0x00007ffdb9400000 - 0x00007ffdb944b000 	C:\Windows\SYSTEM32\powrprof.dll
0x00007ffdb9270000 - 0x00007ffdb9282000 	C:\Windows\SYSTEM32\UMPDC.dll
0x00007ffdb5390000 - 0x00007ffdb5486000 	C:\Windows\SYSTEM32\PropSys.dll
0x00007ffda6400000 - 0x00007ffda649c000 	C:\Windows\SYSTEM32\dsound.dll
0x00007ffda64c0000 - 0x00007ffda64e6000 	C:\Windows\SYSTEM32\winmmbase.dll
0x00007ffdb75b0000 - 0x00007ffdb75c4000 	C:\Windows\SYSTEM32\resourcepolicyclient.dll
0x00007ffdb51f0000 - 0x00007ffdb529e000 	C:\Windows\SYSTEM32\mscms.dll
0x00007ffdb9d00000 - 0x00007ffdb9d2e000 	C:\Windows\SYSTEM32\USERENV.dll
0x00007ffdb51d0000 - 0x00007ffdb51e1000 	C:\Windows\SYSTEM32\ColorAdapterClient.dll
0x00007ffdbacb0000 - 0x00007ffdbadc5000 	C:\Windows\System32\MSCTF.dll
0x00007ffd98ef0000 - 0x00007ffd98fe9000 	C:\Windows\SYSTEM32\textinputframework.dll
0x00007ffdb6d90000 - 0x00007ffdb6e82000 	C:\Windows\System32\CoreMessaging.dll
0x00007ffdb6a30000 - 0x00007ffdb6d8e000 	C:\Windows\System32\CoreUIComponents.dll
0x00007ffdb8c50000 - 0x00007ffdb8c83000 	C:\Windows\SYSTEM32\ntmarta.dll
0x00007ffdb56d0000 - 0x00007ffdb5824000 	C:\Windows\SYSTEM32\wintypes.dll
0x00007ffda22f0000 - 0x00007ffda2356000 	C:\Windows\system32\Oleacc.dll
0x00007ffdb27a0000 - 0x00007ffdb2899000 	C:\Windows\System32\AppXDeploymentClient.dll
0x00007ffcfa400000 - 0x00007ffcfcf17000 	C:\Windows\System32\DriverStore\FileRepository\nvddi.inf_amd64_825a4c41796dab48\nvoglv64.dll
0x00007ffdbb480000 - 0x00007ffdbb8f2000 	C:\Windows\System32\SETUPAPI.dll
0x00007ffdba390000 - 0x00007ffdba3b7000 	C:\Windows\System32\bcrypt.dll
0x00007ffdb5570000 - 0x00007ffdb5584000 	C:\Windows\SYSTEM32\WTSAPI32.dll
0x00007ffdb9a20000 - 0x00007ffdb9a32000 	C:\Windows\SYSTEM32\msasn1.dll
0x00007ffdb1f70000 - 0x00007ffdb1fa1000 	C:\Windows\SYSTEM32\cryptnet.dll
0x00007ffdba560000 - 0x00007ffdba6b6000 	C:\Windows\System32\CRYPT32.dll
0x00007ffdb1e10000 - 0x00007ffdb1f5a000 	C:\Windows\SYSTEM32\drvstore.dll
0x00007ffdb9800000 - 0x00007ffdb980c000 	C:\Windows\SYSTEM32\cryptbase.dll
0x00007ffdba4d0000 - 0x00007ffdba530000 	C:\Windows\System32\WINTRUST.dll
0x00007ffdb47f0000 - 0x00007ffdb482b000 	C:\Windows\SYSTEM32\dxcore.dll
0x00007ffd7a3e0000 - 0x00007ffd7a6a3000 	C:\Windows\system32\nvspcap64.dll
0x00007ffdb77c0000 - 0x00007ffdb77ef000 	C:\Windows\SYSTEM32\dwmapi.dll
0x00007ffdb4070000 - 0x00007ffdb40b3000 	C:\Windows\SYSTEM32\icm32.dll
0x00007ffdb8ba0000 - 0x00007ffdb8bfa000 	C:\Windows\SYSTEM32\WINSTA.dll
0x00007ffdb08d0000 - 0x00007ffdb0aa0000 	C:\Windows\SYSTEM32\d3d9.dll
0x00007ffdbb090000 - 0x00007ffdbb0ad000 	C:\Windows\System32\imagehlp.dll
0x00007ffdb97e0000 - 0x00007ffdb97f8000 	C:\Windows\SYSTEM32\CRYPTSP.dll
0x00007ffdb8f00000 - 0x00007ffdb8f34000 	C:\Windows\system32\rsaenh.dll
0x0000000066b00000 - 0x0000000066b5b000 	C:\Users\dougl\AppData\Local\Temp\libgdxdougl\a14961b7\gdx-box2d64.dll

dbghelp: loaded successfully - version: 4.0.5 - missing functions: none
symbol engine: initialized successfully - sym options: 0x614 - pdb path: .;D:\Apps\IntelliJ IDEA\IntelliJ IDEA Community Edition 2021.3\jbr\bin;C:\Windows\SYSTEM32;C:\Windows\WinSxS\amd64_microsoft.windows.common-controls_6595b64144ccf1df_6.0.19041.1110_none_60b5254171f9507e;D:\Apps\IntelliJ IDEA\IntelliJ IDEA Community Edition 2021.3\jbr\bin\server;C:\Users\dougl\AppData\Local\Temp\libgdxdougl\e1cd32f8;C:\Users\dougl\AppData\Local\Temp\libgdxdougl\1cecf4f6;C:\ProgramData\A-Volute\DellInc.AlienwareSoundCenter\Modules\ScheduledModules\x64;C:\Windows\System32\DriverStore\FileRepository\nvddi.inf_amd64_825a4c41796dab48;C:\Users\dougl\AppData\Local\Temp\libgdxdougl\a14961b7

VM Arguments:
jvm_args: -Dfile.encoding=windows-1252 -Duser.country=CA -Duser.language=en -Duser.variant 
java_command: com.mygdx.game.desktop.DesktopLauncher
java_class_path (initial): D:\Documents\GitHub\PortalGame\PortalGame\desktop\build\classes\java\main;D:\Documents\GitHub\PortalGame\PortalGame\desktop\build\resources\main;C:\Users\dougl\.gradle\caches\modules-2\files-2.1\com.badlogicgames.gdx\gdx-tools\1.10.0\d699cf4953fb42a071c7c3feb9b5c45601aa6a4b\gdx-tools-1.10.0.jar;C:\Users\dougl\.gradle\caches\modules-2\files-2.1\com.badlogicgames.gdx\gdx-backend-lwjgl\1.10.0\58ff89d9e4fd8a82591367f187d606e781cacc05\gdx-backend-lwjgl-1.10.0.jar;C:\Users\dougl\.gradle\caches\modules-2\files-2.1\com.badlogicgames.gdx\gdx-platform\1.10.0\9a8fa793d2fd6d360afc6c9e4c1f5583da263b88\gdx-platform-1.10.0-natives-desktop.jar;C:\Users\dougl\.gradle\caches\modules-2\files-2.1\com.badlogicgames.gdx\gdx-box2d-platform\1.10.0\588c4191c5a64ed39365e71484aa37d81c38eb5e\gdx-box2d-platform-1.10.0-natives-desktop.jar;C:\Users\dougl\.gradle\caches\modules-2\files-2.1\com.badlogicgames.gdx\gdx-bullet-platform\1.10.0\ce92e8dfc762523d769cbc50853163c03bf98cf1\gdx-bullet-platform-1.10.0-natives-desktop.jar;C:\Users\dougl\.gradle\caches\modules-2\files-2.1\com.badlogicgames.gdx\gdx-freetype-platform\1.10.0\6e5d28752759e69384f12e4569d2c884ff71352f\gdx-freetype-platform-1.10.0-natives-desktop.jar;D:\Documents\GitHub\PortalGame\PortalGame\core\build\libs\core-1.0.jar;C:\Users\dougl\.gradle\caches\modules-2\files-2.1\com.badlogicgames.gdx\gdx-backend-headless\1.10.0\990eadbb431197c5b9b816d1659c772e0268e65\gdx-backend-headless-1.10.0.jar;C:\Users\dougl\.gradle\caches\modules-2\files-2.1\com.badlogicgames.gdx\gdx-freetype\1.10.0\de1d0d5c1e92e8d91364256fd6b7bb279d3e9859\gdx-freetype-1.10.0.jar;C:\Users\dougl\.gradle\caches\modules-2\files-2.1\com.badlogicgames.box2dlights\box2dlights\1.5\6902dbcd250c95a27973aa24a147a95b3828d348\box2dlights-1.5.jar;C:\Users\dougl\.gradle\caches\modules-2\files-2.1\com.badlogicgames.gdx\gdx-box2d\1.10.0\b3a3c0f00b90716238835434d0ae8985604c37f8\gdx-box2d-1.10.0.jar;C:\Users\dougl\.gradle\caches\modules-2\files-2.1\com.badlogicga
Launcher Type: SUN_STANDARD

[Global flags]
     intx CICompilerCount                          = 12                                        {product} {ergonomic}
     uint ConcGCThreads                            = 3                                         {product} {ergonomic}
     uint G1ConcRefinementThreads                  = 13                                        {product} {ergonomic}
   size_t G1HeapRegionSize                         = 1048576                                   {product} {ergonomic}
    uintx GCDrainStackTargetSize                   = 64                                        {product} {ergonomic}
   size_t InitialHeapSize                          = 266338304                                 {product} {ergonomic}
   size_t MarkStackSize                            = 4194304                                   {product} {ergonomic}
   size_t MaxHeapSize                              = 4236247040                                {product} {ergonomic}
   size_t MaxNewSize                               = 2541748224                                {product} {ergonomic}
   size_t MinHeapDeltaBytes                        = 1048576                                   {product} {ergonomic}
    uintx NonNMethodCodeHeapSize                   = 7594288                                {pd product} {ergonomic}
    uintx NonProfiledCodeHeapSize                  = 122031976                              {pd product} {ergonomic}
    uintx ProfiledCodeHeapSize                     = 122031976                              {pd product} {ergonomic}
    uintx ReservedCodeCacheSize                    = 251658240                              {pd product} {ergonomic}
     bool SegmentedCodeCache                       = true                                      {product} {ergonomic}
     bool UseCompressedClassPointers               = true                                 {lp64_product} {ergonomic}
     bool UseCompressedOops                        = true                                 {lp64_product} {ergonomic}
     bool UseG1GC                                  = true                                      {product} {ergonomic}
     bool UseLargePagesIndividualAllocation        = false                                  {pd product} {ergonomic}

Logging:
Log output configuration:
 #0: stdout all=warning uptime,level,tags
 #1: stderr all=off uptime,level,tags

Environment Variables:
PATH=C:\Program Files (x86)\Common Files\Oracle\Java\javapath;C:\Windows\system32;C:\Windows;C:\Windows\System32\Wbem;C:\Windows\System32\WindowsPowerShell\v1.0\;C:\Windows\System32\OpenSSH\;C:\Program Files\NVIDIA Corporation\NVIDIA NvDLISR;C:\Program Files\dotnet\;C:\Program Files\Git\cmd;C:\ProgramData\chocolatey\bin;C:\Program Files (x86)\NVIDIA Corporation\PhysX\Common;C:\msys64\mingw64\bin;C:\Users\dougl\AppData\Local\Microsoft\WindowsApps;C:\Users\dougl\AppData\Local\Programs\Microsoft VS Code\bin;C:\Users\dougl\.dotnet\tools;C:\Users\dougl\AppData\Local\GitHubDesktop\bin;D:\Apps\IntelliJ IDEA\IntelliJ IDEA Community Edition 2021.3\bin;
USERNAME=dougl
OS=Windows_NT
PROCESSOR_IDENTIFIER=Intel64 Family 6 Model 165 Stepping 5, GenuineIntel



---------------  S Y S T E M  ---------------

OS: Windows 10 , 64 bit Build 19041 (10.0.19041.1348)
OS uptime: 2 days 20:30 hours

CPU:total 16 (initial active 16) (8 cores per cpu, 2 threads per core) family 6 model 165 stepping 5 microcode 0xec, cmov, cx8, fxsr, mmx, sse, sse2, sse3, ssse3, sse4.1, sse4.2, popcnt, avx, avx2, aes, clmul, erms, 3dnowpref, lzcnt, ht, tsc, tscinvbit, bmi1, bmi2, adx, fma

Memory: 4k page, system-wide physical 16154M (4071M free)
TotalPageFile size 31002M (AvailPageFile size 9986M)
current process WorkingSet (physical memory assigned to process): 124M, peak: 140M
current process commit charge ("private bytes"): 452M, peak: 466M

vm_info: OpenJDK 64-Bit Server VM (11.0.13+7-b1751.19) for windows-amd64 JRE (11.0.13+7-b1751.19), built on Nov  9 2021 11:31:28 by "" with MS VC++ 14.0 (VS2015)

END.
