#
# A fatal error has been detected by the Java Runtime Environment:
#
#  EXCEPTION_ACCESS_VIOLATION (0xc0000005) at pc=0x0000000066b21110, pid=2392, tid=38584
#
# JRE version: OpenJDK Runtime Environment Zulu15.36+13-CA (15.0.5+3) (build 15.0.5+3-MTS)
# Java VM: OpenJDK 64-Bit Server VM Zulu15.36+13-CA (15.0.5+3-MTS, mixed mode, sharing, tiered, compressed oops, g1 gc, windows-amd64)
# Problematic frame:
# C  [gdx-box2d64.dll+0x21110]
#
# No core dump will be written. Minidumps are not enabled by default on client versions of Windows
#
# If you would like to submit a bug report, please visit:
#   http://www.azul.com/support/
# The crash happened outside the Java Virtual Machine in native code.
# See problematic frame for where to report the bug.
#

---------------  S U M M A R Y ------------

Command Line: -Dfile.encoding=windows-1252 -Duser.country=CA -Duser.language=en -Duser.variant com.mygdx.game.desktop.DesktopLauncher

Host: 11th Gen Intel(R) Core(TM) i5-1135G7 @ 2.40GHz, 8 cores, 7G,  Windows 10 , 64 bit Build 19041 (10.0.19041.1348)
Time: Mon Jan  3 21:49:33 2022 Eastern Standard Time elapsed time: 34.994841 seconds (0d 0h 0m 34s)

---------------  T H R E A D  ---------------

Current thread (0x0000019f0f3f4f90):  JavaThread "LWJGL Application" [_thread_in_native, id=38584, stack(0x0000008d30c00000,0x0000008d30d00000)]

Stack: [0x0000008d30c00000,0x0000008d30d00000],  sp=0x0000008d30cff138,  free space=1020k
Native frames: (J=compiled Java code, j=interpreted, Vv=VM code, C=native code)
C  [gdx-box2d64.dll+0x21110]

Java frames: (J=compiled Java code, j=interpreted, Vv=VM code)
j  com.badlogic.gdx.physics.box2d.World.jniDestroyBody(JJ)V+0
j  com.badlogic.gdx.physics.box2d.World.destroyBody(Lcom/badlogic/gdx/physics/box2d/Body;)V+42
j  com.mygdx.game.Entity.dispose()V+8
j  com.mygdx.game.MyGdxGame.dispose()V+82
j  com.badlogic.gdx.backends.lwjgl.LwjglApplication.mainLoop()V+924
j  com.badlogic.gdx.backends.lwjgl.LwjglApplication$1.run()V+27
v  ~StubRoutines::call_stub

siginfo: EXCEPTION_ACCESS_VIOLATION (0xc0000005), writing address 0x0000019f10780898


Register to memory mapping:

RIP=0x0000000066b21110 gdx-box2d64.dll
RAX=0x0000000066b48840 gdx-box2d64.dll
RBX=0x0000019f10767590 points into unknown readable memory: 0x0000019f6d370150 | 50 01 37 6d 9f 01 00 00
RCX=0x0000019f10767590 points into unknown readable memory: 0x0000019f6d370150 | 50 01 37 6d 9f 01 00 00
RDX=0x0000008d30cff160 is pointing into the stack for thread: 0x0000019f0f3f4f90
RSP=0x0000008d30cff138 is pointing into the stack for thread: 0x0000019f0f3f4f90
RBP=0x0000008d30cff258 is pointing into the stack for thread: 0x0000019f0f3f4f90
RSI=0x0000019f107bb7b0 is an unknown value
RDI=0x000000000002ebbe is an unknown value
R8 =0x0000019f10767590 points into unknown readable memory: 0x0000019f6d370150 | 50 01 37 6d 9f 01 00 00
R9 =0x0000019f107bb7b0 is an unknown value
R10=0x0000019f0000f148 is at code_begin+1000 in an Interpreter codelet
method entry point (kind = native)  [0x0000019f0000ed60, 0x0000019f0000f7e0]  2688 bytes
R11=0x0000000000000102 is an unknown value
R12=0x0 is NULL
R13={method} {0x0000019f7f6d6d90} 'jniDestroyBody' '(JJ)V' in 'com/badlogic/gdx/physics/box2d/World'
R14=0x0000008d30cff298 is pointing into the stack for thread: 0x0000019f0f3f4f90
R15=0x0000019f0f3f4f90 is a thread


Registers:
RAX=0x0000000066b48840, RBX=0x0000019f10767590, RCX=0x0000019f10767590, RDX=0x0000008d30cff160
RSP=0x0000008d30cff138, RBP=0x0000008d30cff258, RSI=0x0000019f107bb7b0, RDI=0x000000000002ebbe
R8 =0x0000019f10767590, R9 =0x0000019f107bb7b0, R10=0x0000019f0000f148, R11=0x0000000000000102
R12=0x0000000000000000, R13=0x0000019f7f6d6d88, R14=0x0000008d30cff298, R15=0x0000019f0f3f4f90
RIP=0x0000000066b21110, EFLAGS=0x0000000000010202

Top of Stack: (sp=0x0000008d30cff138)
0x0000008d30cff138:   0000000066b26a85 0000008d30cff258
0x0000008d30cff148:   00007ffa9e10e3d7 0000008d30cff170
0x0000008d30cff158:   0000019f0f3f4220 0000000066b487e0
0x0000008d30cff168:   0000019f0f3f52b8 0000008d30cff298
0x0000008d30cff178:   0000019f0f3f4f90 0000000066b48840
0x0000008d30cff188:   0000019f0f3f52b8 0000008d30cff298
0x0000008d30cff198:   0000019f7f6d6d88 0000019f7f6d6d88
0x0000008d30cff1a8:   0000019f7f6d6d88 0000000000000000
0x0000008d30cff1b8:   0000019f0000f177 0000019f7f6d6d88
0x0000008d30cff1c8:   0000019f0f3f4f90 000000000002ebbe
0x0000008d30cff1d8:   0000019f0000ee5c 0000019f7f6d6d88
0x0000008d30cff1e8:   0000000000000000 0000019f7f749f70
0x0000008d30cff1f8:   0000019f6d370000 000000000002ebbe
0x0000008d30cff208:   0000019f0000ee16 0000008d30cff210
0x0000008d30cff218:   0000019f7f6d6d88 0000008d30cff298
0x0000008d30cff228:   0000019f7f6ea060 0000000000000000 

Instructions: (pc=0x0000000066b21110)
0x0000000066b21010:   01 00 00 00 00 00 48 c7 83 78 93 01 00 00 00 00
0x0000000066b21020:   00 48 83 c4 20 5b 5e 5f c3 48 89 c6 48 89 d9 e8
0x0000000066b21030:   ec aa fe ff 48 89 f1 e8 74 50 01 00 48 89 c7 48
0x0000000066b21040:   89 f1 e8 39 b4 fe ff 48 89 fe eb e0 0f 1f 40 00
0x0000000066b21050:   57 56 53 48 83 ec 20 48 8b 81 20 93 01 00 48 89
0x0000000066b21060:   ce 48 85 c0 74 3d 66 2e 0f 1f 84 00 00 00 00 00
0x0000000066b21070:   48 8b 48 70 48 8b 78 68 48 85 c9 74 1e 0f 1f 00
0x0000000066b21080:   c7 41 30 00 00 00 00 48 89 f2 48 8b 59 08 e8 fd
0x0000000066b21090:   e7 ff ff 48 85 db 48 89 d9 75 e5 48 85 ff 48 89
0x0000000066b210a0:   f8 75 cd 48 8d 8e a0 92 01 00 e8 31 25 fe ff 48
0x0000000066b210b0:   8d 8e 80 00 00 00 e8 c5 b3 fe ff 48 89 f1 48 83
0x0000000066b210c0:   c4 20 5b 5e 5f e9 56 aa fe ff 48 8d 8e a0 92 01
0x0000000066b210d0:   00 48 89 c3 e8 07 25 fe ff 48 8d 8e 80 00 00 00
0x0000000066b210e0:   e8 9b b3 fe ff 48 89 f1 e8 33 aa fe ff 48 89 d9
0x0000000066b210f0:   e8 bb 4f 01 00 48 89 c3 eb eb 48 89 c3 eb da 90
0x0000000066b21100:   48 89 91 48 93 01 00 c3 0f 1f 84 00 00 00 00 00
0x0000000066b21110:   48 89 91 08 93 01 00 c3 0f 1f 84 00 00 00 00 00
0x0000000066b21120:   48 89 91 10 93 01 00 c3 0f 1f 84 00 00 00 00 00
0x0000000066b21130:   48 89 91 50 93 01 00 c3 0f 1f 84 00 00 00 00 00
0x0000000066b21140:   57 56 53 48 83 ec 20 f6 81 98 92 01 00 02 48 89
0x0000000066b21150:   ce 48 89 d7 75 5a ba b8 00 00 00 48 89 f1 e8 fd
0x0000000066b21160:   a9 fe ff 48 85 c0 48 89 c3 74 0e 49 89 f0 48 89
0x0000000066b21170:   fa 48 89 c1 e8 97 ce ff ff 48 8b 86 20 93 01 00
0x0000000066b21180:   48 c7 43 60 00 00 00 00 48 85 c0 48 89 43 68 74
0x0000000066b21190:   04 48 89 58 60 83 86 30 93 01 00 01 48 89 d8 48
0x0000000066b211a0:   89 9e 20 93 01 00 48 83 c4 20 5b 5e 5f c3 66 90
0x0000000066b211b0:   48 8d 15 39 37 02 00 48 8d 0d 90 37 02 00 41 b8
0x0000000066b211c0:   6d 00 00 00 e8 07 54 01 00 31 c0 f6 86 98 92 01
0x0000000066b211d0:   00 02 74 82 48 83 c4 20 5b 5e 5f c3 0f 1f 40 00
0x0000000066b211e0:   56 53 48 83 ec 28 f6 81 98 92 01 00 02 48 89 cb
0x0000000066b211f0:   48 89 d6 0f 85 f7 00 00 00 48 89 f1 48 89 da e8
0x0000000066b21200:   6c 28 ff ff 48 89 c1 48 c7 40 10 00 00 00 00 48 


Stack slot to memory mapping:
stack at sp + 0 slots: 0x0000000066b26a85 gdx-box2d64.dll
stack at sp + 1 slots: 0x0000008d30cff258 is pointing into the stack for thread: 0x0000019f0f3f4f90
stack at sp + 2 slots: 0x00007ffa9e10e3d7 jvm.dll
stack at sp + 3 slots: 0x0000008d30cff170 is pointing into the stack for thread: 0x0000019f0f3f4f90
stack at sp + 4 slots: 0x0000019f0f3f4220 points into unknown readable memory: 0xc400020000000002 | 02 00 00 00 00 02 00 c4
stack at sp + 5 slots: 0x0000000066b487e0 gdx-box2d64.dll
stack at sp + 6 slots: 0x0000019f0f3f52b8 points into unknown readable memory: 0x00007ffa9e806fb0 | b0 6f 80 9e fa 7f 00 00
stack at sp + 7 slots: 0x0000008d30cff298 is pointing into the stack for thread: 0x0000019f0f3f4f90


---------------  P R O C E S S  ---------------

Threads class SMR info:
_java_thread_list=0x0000019f16b19020, length=13, elements={
0x0000019f7f030cb0, 0x0000019f7f0358a0, 0x0000019f7f0508e0, 0x0000019f7f051390,
0x0000019f7f051e40, 0x0000019f7f05c6b0, 0x0000019f7f05e1b0, 0x0000019f7f05eca0,
0x0000019f7fa8fad0, 0x0000019f7fa9d470, 0x0000019f0f3f4f90, 0x0000019f6f3407e0,
0x0000019f16b71fe0
}

Java Threads: ( => current thread )
  0x0000019f7f030cb0 JavaThread "Reference Handler" daemon [_thread_blocked, id=10248, stack(0x0000008d2ff00000,0x0000008d30000000)]
  0x0000019f7f0358a0 JavaThread "Finalizer" daemon [_thread_blocked, id=35292, stack(0x0000008d30000000,0x0000008d30100000)]
  0x0000019f7f0508e0 JavaThread "Signal Dispatcher" daemon [_thread_blocked, id=38616, stack(0x0000008d30100000,0x0000008d30200000)]
  0x0000019f7f051390 JavaThread "Attach Listener" daemon [_thread_blocked, id=5704, stack(0x0000008d30200000,0x0000008d30300000)]
  0x0000019f7f051e40 JavaThread "Service Thread" daemon [_thread_blocked, id=13564, stack(0x0000008d30300000,0x0000008d30400000)]
  0x0000019f7f05c6b0 JavaThread "C2 CompilerThread0" daemon [_thread_blocked, id=1888, stack(0x0000008d30400000,0x0000008d30500000)]
  0x0000019f7f05e1b0 JavaThread "C1 CompilerThread0" daemon [_thread_blocked, id=24280, stack(0x0000008d30500000,0x0000008d30600000)]
  0x0000019f7f05eca0 JavaThread "Sweeper thread" daemon [_thread_blocked, id=36044, stack(0x0000008d30600000,0x0000008d30700000)]
  0x0000019f7fa8fad0 JavaThread "Notification Thread" daemon [_thread_blocked, id=24756, stack(0x0000008d30700000,0x0000008d30800000)]
  0x0000019f7fa9d470 JavaThread "Common-Cleaner" daemon [_thread_blocked, id=10172, stack(0x0000008d30900000,0x0000008d30a00000)]
=>0x0000019f0f3f4f90 JavaThread "LWJGL Application" [_thread_in_native, id=38584, stack(0x0000008d30c00000,0x0000008d30d00000)]
  0x0000019f6f3407e0 JavaThread "DestroyJavaVM" [_thread_blocked, id=36420, stack(0x0000008d2f800000,0x0000008d2f900000)]
  0x0000019f16b71fe0 JavaThread "LWJGL Timer" daemon [_thread_blocked, id=19240, stack(0x0000008d31100000,0x0000008d31200000)]

Other Threads:
  0x0000019f7f02d420 VMThread "VM Thread" [stack: 0x0000008d2fe00000,0x0000008d2ff00000] [id=27488]
  0x0000019f7fa907b0 WatcherThread [stack: 0x0000008d30800000,0x0000008d30900000] [id=31792]
  0x0000019f6f37ee50 GCTaskThread "GC Thread#0" [stack: 0x0000008d2f900000,0x0000008d2fa00000] [id=31568]
  0x0000019f6f390af0 ConcurrentGCThread "G1 Main Marker" [stack: 0x0000008d2fa00000,0x0000008d2fb00000] [id=10836]
  0x0000019f6f391760 ConcurrentGCThread "G1 Conc#0" [stack: 0x0000008d2fb00000,0x0000008d2fc00000] [id=31352]
  0x0000019f7eea20c0 ConcurrentGCThread "G1 Refine#0" [stack: 0x0000008d2fc00000,0x0000008d2fd00000] [id=36408]
  0x0000019f6f41c700 ConcurrentGCThread "G1 Young RemSet Sampling" [stack: 0x0000008d2fd00000,0x0000008d2fe00000] [id=30500]

Threads with active compile tasks:

VM state: not at safepoint (normal execution)

VM Mutex/Monitor currently owned by a thread: None

Heap address: 0x0000000083200000, size: 1998 MB, Compressed Oops mode: 32-bit
CDS archive(s) mapped at: [0x0000000800000000-0x0000000800b50000-0x0000000800b50000), size 11862016, SharedBaseAddress: 0x0000000800000000, ArchiveRelocationMode: 0.
Compressed class space mapped at: 0x0000000800b50000-0x0000000840b50000, size: 1073741824
Narrow klass base: 0x0000000800000000, Narrow klass shift: 3, Narrow klass range: 0x100000000

GC Precious Log:
 CPUs: 8 total, 8 available
 Memory: 7987M
 Large Page Support: Disabled
 NUMA Support: Disabled
 Compressed Oops: Enabled (32-bit)
 Heap Region Size: 1M
 Heap Min Capacity: 8M
 Heap Initial Capacity: 126M
 Heap Max Capacity: 1998M
 Pre-touch: Disabled
 Parallel Workers: 8
 Concurrent Workers: 2
 Concurrent Refinement Workers: 8
 Periodic GC: Disabled

Heap:
 garbage-first heap   total 129024K, used 17408K [0x0000000083200000, 0x0000000100000000)
  region size 1024K, 19 young (19456K), 0 survivors (0K)
 Metaspace       used 4958K, capacity 7966K, committed 8320K, reserved 1056768K
  class space    used 326K, capacity 617K, committed 640K, reserved 1048576K

Heap Regions: E=young(eden), S=young(survivor), O=old, HS=humongous(starts), HC=humongous(continues), CS=collection set, F=free, OA=open archive, CA=closed archive, TAMS=top-at-mark-start (previous, next)
|   0|0x0000000083200000, 0x0000000083200000, 0x0000000083300000|  0%| F|  |TAMS 0x0000000083200000, 0x0000000083200000| Untracked 
|   1|0x0000000083300000, 0x0000000083300000, 0x0000000083400000|  0%| F|  |TAMS 0x0000000083300000, 0x0000000083300000| Untracked 
|   2|0x0000000083400000, 0x0000000083400000, 0x0000000083500000|  0%| F|  |TAMS 0x0000000083400000, 0x0000000083400000| Untracked 
|   3|0x0000000083500000, 0x0000000083500000, 0x0000000083600000|  0%| F|  |TAMS 0x0000000083500000, 0x0000000083500000| Untracked 
|   4|0x0000000083600000, 0x0000000083600000, 0x0000000083700000|  0%| F|  |TAMS 0x0000000083600000, 0x0000000083600000| Untracked 
|   5|0x0000000083700000, 0x0000000083700000, 0x0000000083800000|  0%| F|  |TAMS 0x0000000083700000, 0x0000000083700000| Untracked 
|   6|0x0000000083800000, 0x0000000083800000, 0x0000000083900000|  0%| F|  |TAMS 0x0000000083800000, 0x0000000083800000| Untracked 
|   7|0x0000000083900000, 0x0000000083900000, 0x0000000083a00000|  0%| F|  |TAMS 0x0000000083900000, 0x0000000083900000| Untracked 
|   8|0x0000000083a00000, 0x0000000083a00000, 0x0000000083b00000|  0%| F|  |TAMS 0x0000000083a00000, 0x0000000083a00000| Untracked 
|   9|0x0000000083b00000, 0x0000000083b00000, 0x0000000083c00000|  0%| F|  |TAMS 0x0000000083b00000, 0x0000000083b00000| Untracked 
|  10|0x0000000083c00000, 0x0000000083c00000, 0x0000000083d00000|  0%| F|  |TAMS 0x0000000083c00000, 0x0000000083c00000| Untracked 
|  11|0x0000000083d00000, 0x0000000083d00000, 0x0000000083e00000|  0%| F|  |TAMS 0x0000000083d00000, 0x0000000083d00000| Untracked 
|  12|0x0000000083e00000, 0x0000000083e00000, 0x0000000083f00000|  0%| F|  |TAMS 0x0000000083e00000, 0x0000000083e00000| Untracked 
|  13|0x0000000083f00000, 0x0000000083f00000, 0x0000000084000000|  0%| F|  |TAMS 0x0000000083f00000, 0x0000000083f00000| Untracked 
|  14|0x0000000084000000, 0x0000000084000000, 0x0000000084100000|  0%| F|  |TAMS 0x0000000084000000, 0x0000000084000000| Untracked 
|  15|0x0000000084100000, 0x0000000084100000, 0x0000000084200000|  0%| F|  |TAMS 0x0000000084100000, 0x0000000084100000| Untracked 
|  16|0x0000000084200000, 0x0000000084200000, 0x0000000084300000|  0%| F|  |TAMS 0x0000000084200000, 0x0000000084200000| Untracked 
|  17|0x0000000084300000, 0x0000000084300000, 0x0000000084400000|  0%| F|  |TAMS 0x0000000084300000, 0x0000000084300000| Untracked 
|  18|0x0000000084400000, 0x0000000084400000, 0x0000000084500000|  0%| F|  |TAMS 0x0000000084400000, 0x0000000084400000| Untracked 
|  19|0x0000000084500000, 0x0000000084500000, 0x0000000084600000|  0%| F|  |TAMS 0x0000000084500000, 0x0000000084500000| Untracked 
|  20|0x0000000084600000, 0x0000000084600000, 0x0000000084700000|  0%| F|  |TAMS 0x0000000084600000, 0x0000000084600000| Untracked 
|  21|0x0000000084700000, 0x0000000084700000, 0x0000000084800000|  0%| F|  |TAMS 0x0000000084700000, 0x0000000084700000| Untracked 
|  22|0x0000000084800000, 0x0000000084800000, 0x0000000084900000|  0%| F|  |TAMS 0x0000000084800000, 0x0000000084800000| Untracked 
|  23|0x0000000084900000, 0x0000000084900000, 0x0000000084a00000|  0%| F|  |TAMS 0x0000000084900000, 0x0000000084900000| Untracked 
|  24|0x0000000084a00000, 0x0000000084a00000, 0x0000000084b00000|  0%| F|  |TAMS 0x0000000084a00000, 0x0000000084a00000| Untracked 
|  25|0x0000000084b00000, 0x0000000084b00000, 0x0000000084c00000|  0%| F|  |TAMS 0x0000000084b00000, 0x0000000084b00000| Untracked 
|  26|0x0000000084c00000, 0x0000000084c00000, 0x0000000084d00000|  0%| F|  |TAMS 0x0000000084c00000, 0x0000000084c00000| Untracked 
|  27|0x0000000084d00000, 0x0000000084d00000, 0x0000000084e00000|  0%| F|  |TAMS 0x0000000084d00000, 0x0000000084d00000| Untracked 
|  28|0x0000000084e00000, 0x0000000084e00000, 0x0000000084f00000|  0%| F|  |TAMS 0x0000000084e00000, 0x0000000084e00000| Untracked 
|  29|0x0000000084f00000, 0x0000000084f00000, 0x0000000085000000|  0%| F|  |TAMS 0x0000000084f00000, 0x0000000084f00000| Untracked 
|  30|0x0000000085000000, 0x0000000085000000, 0x0000000085100000|  0%| F|  |TAMS 0x0000000085000000, 0x0000000085000000| Untracked 
|  31|0x0000000085100000, 0x0000000085100000, 0x0000000085200000|  0%| F|  |TAMS 0x0000000085100000, 0x0000000085100000| Untracked 
|  32|0x0000000085200000, 0x0000000085200000, 0x0000000085300000|  0%| F|  |TAMS 0x0000000085200000, 0x0000000085200000| Untracked 
|  33|0x0000000085300000, 0x0000000085300000, 0x0000000085400000|  0%| F|  |TAMS 0x0000000085300000, 0x0000000085300000| Untracked 
|  34|0x0000000085400000, 0x0000000085400000, 0x0000000085500000|  0%| F|  |TAMS 0x0000000085400000, 0x0000000085400000| Untracked 
|  35|0x0000000085500000, 0x0000000085500000, 0x0000000085600000|  0%| F|  |TAMS 0x0000000085500000, 0x0000000085500000| Untracked 
|  36|0x0000000085600000, 0x0000000085600000, 0x0000000085700000|  0%| F|  |TAMS 0x0000000085600000, 0x0000000085600000| Untracked 
|  37|0x0000000085700000, 0x0000000085700000, 0x0000000085800000|  0%| F|  |TAMS 0x0000000085700000, 0x0000000085700000| Untracked 
|  38|0x0000000085800000, 0x0000000085800000, 0x0000000085900000|  0%| F|  |TAMS 0x0000000085800000, 0x0000000085800000| Untracked 
|  39|0x0000000085900000, 0x0000000085900000, 0x0000000085a00000|  0%| F|  |TAMS 0x0000000085900000, 0x0000000085900000| Untracked 
|  40|0x0000000085a00000, 0x0000000085a00000, 0x0000000085b00000|  0%| F|  |TAMS 0x0000000085a00000, 0x0000000085a00000| Untracked 
|  41|0x0000000085b00000, 0x0000000085b00000, 0x0000000085c00000|  0%| F|  |TAMS 0x0000000085b00000, 0x0000000085b00000| Untracked 
|  42|0x0000000085c00000, 0x0000000085c00000, 0x0000000085d00000|  0%| F|  |TAMS 0x0000000085c00000, 0x0000000085c00000| Untracked 
|  43|0x0000000085d00000, 0x0000000085d00000, 0x0000000085e00000|  0%| F|  |TAMS 0x0000000085d00000, 0x0000000085d00000| Untracked 
|  44|0x0000000085e00000, 0x0000000085e00000, 0x0000000085f00000|  0%| F|  |TAMS 0x0000000085e00000, 0x0000000085e00000| Untracked 
|  45|0x0000000085f00000, 0x0000000085f00000, 0x0000000086000000|  0%| F|  |TAMS 0x0000000085f00000, 0x0000000085f00000| Untracked 
|  46|0x0000000086000000, 0x0000000086000000, 0x0000000086100000|  0%| F|  |TAMS 0x0000000086000000, 0x0000000086000000| Untracked 
|  47|0x0000000086100000, 0x0000000086100000, 0x0000000086200000|  0%| F|  |TAMS 0x0000000086100000, 0x0000000086100000| Untracked 
|  48|0x0000000086200000, 0x0000000086200000, 0x0000000086300000|  0%| F|  |TAMS 0x0000000086200000, 0x0000000086200000| Untracked 
|  49|0x0000000086300000, 0x0000000086300000, 0x0000000086400000|  0%| F|  |TAMS 0x0000000086300000, 0x0000000086300000| Untracked 
|  50|0x0000000086400000, 0x0000000086400000, 0x0000000086500000|  0%| F|  |TAMS 0x0000000086400000, 0x0000000086400000| Untracked 
|  51|0x0000000086500000, 0x0000000086500000, 0x0000000086600000|  0%| F|  |TAMS 0x0000000086500000, 0x0000000086500000| Untracked 
|  52|0x0000000086600000, 0x0000000086600000, 0x0000000086700000|  0%| F|  |TAMS 0x0000000086600000, 0x0000000086600000| Untracked 
|  53|0x0000000086700000, 0x0000000086700000, 0x0000000086800000|  0%| F|  |TAMS 0x0000000086700000, 0x0000000086700000| Untracked 
|  54|0x0000000086800000, 0x0000000086800000, 0x0000000086900000|  0%| F|  |TAMS 0x0000000086800000, 0x0000000086800000| Untracked 
|  55|0x0000000086900000, 0x0000000086900000, 0x0000000086a00000|  0%| F|  |TAMS 0x0000000086900000, 0x0000000086900000| Untracked 
|  56|0x0000000086a00000, 0x0000000086a00000, 0x0000000086b00000|  0%| F|  |TAMS 0x0000000086a00000, 0x0000000086a00000| Untracked 
|  57|0x0000000086b00000, 0x0000000086b00000, 0x0000000086c00000|  0%| F|  |TAMS 0x0000000086b00000, 0x0000000086b00000| Untracked 
|  58|0x0000000086c00000, 0x0000000086c00000, 0x0000000086d00000|  0%| F|  |TAMS 0x0000000086c00000, 0x0000000086c00000| Untracked 
|  59|0x0000000086d00000, 0x0000000086d00000, 0x0000000086e00000|  0%| F|  |TAMS 0x0000000086d00000, 0x0000000086d00000| Untracked 
|  60|0x0000000086e00000, 0x0000000086e00000, 0x0000000086f00000|  0%| F|  |TAMS 0x0000000086e00000, 0x0000000086e00000| Untracked 
|  61|0x0000000086f00000, 0x0000000086f00000, 0x0000000087000000|  0%| F|  |TAMS 0x0000000086f00000, 0x0000000086f00000| Untracked 
|  62|0x0000000087000000, 0x0000000087000000, 0x0000000087100000|  0%| F|  |TAMS 0x0000000087000000, 0x0000000087000000| Untracked 
|  63|0x0000000087100000, 0x0000000087100000, 0x0000000087200000|  0%| F|  |TAMS 0x0000000087100000, 0x0000000087100000| Untracked 
|  64|0x0000000087200000, 0x0000000087200000, 0x0000000087300000|  0%| F|  |TAMS 0x0000000087200000, 0x0000000087200000| Untracked 
|  65|0x0000000087300000, 0x0000000087300000, 0x0000000087400000|  0%| F|  |TAMS 0x0000000087300000, 0x0000000087300000| Untracked 
|  66|0x0000000087400000, 0x0000000087400000, 0x0000000087500000|  0%| F|  |TAMS 0x0000000087400000, 0x0000000087400000| Untracked 
|  67|0x0000000087500000, 0x0000000087500000, 0x0000000087600000|  0%| F|  |TAMS 0x0000000087500000, 0x0000000087500000| Untracked 
|  68|0x0000000087600000, 0x0000000087600000, 0x0000000087700000|  0%| F|  |TAMS 0x0000000087600000, 0x0000000087600000| Untracked 
|  69|0x0000000087700000, 0x0000000087700000, 0x0000000087800000|  0%| F|  |TAMS 0x0000000087700000, 0x0000000087700000| Untracked 
|  70|0x0000000087800000, 0x0000000087800000, 0x0000000087900000|  0%| F|  |TAMS 0x0000000087800000, 0x0000000087800000| Untracked 
|  71|0x0000000087900000, 0x0000000087900000, 0x0000000087a00000|  0%| F|  |TAMS 0x0000000087900000, 0x0000000087900000| Untracked 
|  72|0x0000000087a00000, 0x0000000087a00000, 0x0000000087b00000|  0%| F|  |TAMS 0x0000000087a00000, 0x0000000087a00000| Untracked 
|  73|0x0000000087b00000, 0x0000000087b00000, 0x0000000087c00000|  0%| F|  |TAMS 0x0000000087b00000, 0x0000000087b00000| Untracked 
|  74|0x0000000087c00000, 0x0000000087c00000, 0x0000000087d00000|  0%| F|  |TAMS 0x0000000087c00000, 0x0000000087c00000| Untracked 
|  75|0x0000000087d00000, 0x0000000087d00000, 0x0000000087e00000|  0%| F|  |TAMS 0x0000000087d00000, 0x0000000087d00000| Untracked 
|  76|0x0000000087e00000, 0x0000000087e00000, 0x0000000087f00000|  0%| F|  |TAMS 0x0000000087e00000, 0x0000000087e00000| Untracked 
|  77|0x0000000087f00000, 0x0000000087f00000, 0x0000000088000000|  0%| F|  |TAMS 0x0000000087f00000, 0x0000000087f00000| Untracked 
|  78|0x0000000088000000, 0x0000000088000000, 0x0000000088100000|  0%| F|  |TAMS 0x0000000088000000, 0x0000000088000000| Untracked 
|  79|0x0000000088100000, 0x0000000088100000, 0x0000000088200000|  0%| F|  |TAMS 0x0000000088100000, 0x0000000088100000| Untracked 
|  80|0x0000000088200000, 0x0000000088200000, 0x0000000088300000|  0%| F|  |TAMS 0x0000000088200000, 0x0000000088200000| Untracked 
|  81|0x0000000088300000, 0x0000000088300000, 0x0000000088400000|  0%| F|  |TAMS 0x0000000088300000, 0x0000000088300000| Untracked 
|  82|0x0000000088400000, 0x0000000088400000, 0x0000000088500000|  0%| F|  |TAMS 0x0000000088400000, 0x0000000088400000| Untracked 
|  83|0x0000000088500000, 0x0000000088500000, 0x0000000088600000|  0%| F|  |TAMS 0x0000000088500000, 0x0000000088500000| Untracked 
|  84|0x0000000088600000, 0x0000000088600000, 0x0000000088700000|  0%| F|  |TAMS 0x0000000088600000, 0x0000000088600000| Untracked 
|  85|0x0000000088700000, 0x0000000088700000, 0x0000000088800000|  0%| F|  |TAMS 0x0000000088700000, 0x0000000088700000| Untracked 
|  86|0x0000000088800000, 0x0000000088800000, 0x0000000088900000|  0%| F|  |TAMS 0x0000000088800000, 0x0000000088800000| Untracked 
|  87|0x0000000088900000, 0x0000000088900000, 0x0000000088a00000|  0%| F|  |TAMS 0x0000000088900000, 0x0000000088900000| Untracked 
|  88|0x0000000088a00000, 0x0000000088a00000, 0x0000000088b00000|  0%| F|  |TAMS 0x0000000088a00000, 0x0000000088a00000| Untracked 
|  89|0x0000000088b00000, 0x0000000088b00000, 0x0000000088c00000|  0%| F|  |TAMS 0x0000000088b00000, 0x0000000088b00000| Untracked 
|  90|0x0000000088c00000, 0x0000000088c00000, 0x0000000088d00000|  0%| F|  |TAMS 0x0000000088c00000, 0x0000000088c00000| Untracked 
|  91|0x0000000088d00000, 0x0000000088d00000, 0x0000000088e00000|  0%| F|  |TAMS 0x0000000088d00000, 0x0000000088d00000| Untracked 
|  92|0x0000000088e00000, 0x0000000088e00000, 0x0000000088f00000|  0%| F|  |TAMS 0x0000000088e00000, 0x0000000088e00000| Untracked 
|  93|0x0000000088f00000, 0x0000000088f00000, 0x0000000089000000|  0%| F|  |TAMS 0x0000000088f00000, 0x0000000088f00000| Untracked 
|  94|0x0000000089000000, 0x0000000089000000, 0x0000000089100000|  0%| F|  |TAMS 0x0000000089000000, 0x0000000089000000| Untracked 
|  95|0x0000000089100000, 0x0000000089100000, 0x0000000089200000|  0%| F|  |TAMS 0x0000000089100000, 0x0000000089100000| Untracked 
|  96|0x0000000089200000, 0x0000000089200000, 0x0000000089300000|  0%| F|  |TAMS 0x0000000089200000, 0x0000000089200000| Untracked 
|  97|0x0000000089300000, 0x0000000089300000, 0x0000000089400000|  0%| F|  |TAMS 0x0000000089300000, 0x0000000089300000| Untracked 
|  98|0x0000000089400000, 0x0000000089400000, 0x0000000089500000|  0%| F|  |TAMS 0x0000000089400000, 0x0000000089400000| Untracked 
|  99|0x0000000089500000, 0x0000000089500000, 0x0000000089600000|  0%| F|  |TAMS 0x0000000089500000, 0x0000000089500000| Untracked 
| 100|0x0000000089600000, 0x0000000089600000, 0x0000000089700000|  0%| F|  |TAMS 0x0000000089600000, 0x0000000089600000| Untracked 
| 101|0x0000000089700000, 0x0000000089700000, 0x0000000089800000|  0%| F|  |TAMS 0x0000000089700000, 0x0000000089700000| Untracked 
| 102|0x0000000089800000, 0x0000000089800000, 0x0000000089900000|  0%| F|  |TAMS 0x0000000089800000, 0x0000000089800000| Untracked 
| 103|0x0000000089900000, 0x0000000089900000, 0x0000000089a00000|  0%| F|  |TAMS 0x0000000089900000, 0x0000000089900000| Untracked 
| 104|0x0000000089a00000, 0x0000000089a00000, 0x0000000089b00000|  0%| F|  |TAMS 0x0000000089a00000, 0x0000000089a00000| Untracked 
| 105|0x0000000089b00000, 0x0000000089b00000, 0x0000000089c00000|  0%| F|  |TAMS 0x0000000089b00000, 0x0000000089b00000| Untracked 
| 106|0x0000000089c00000, 0x0000000089c00000, 0x0000000089d00000|  0%| F|  |TAMS 0x0000000089c00000, 0x0000000089c00000| Untracked 
| 107|0x0000000089d00000, 0x0000000089dec088, 0x0000000089e00000| 92%| E|  |TAMS 0x0000000089d00000, 0x0000000089d00000| Complete 
| 108|0x0000000089e00000, 0x0000000089f00000, 0x0000000089f00000|100%| E|CS|TAMS 0x0000000089e00000, 0x0000000089e00000| Complete 
| 109|0x0000000089f00000, 0x000000008a000000, 0x000000008a000000|100%| E|CS|TAMS 0x0000000089f00000, 0x0000000089f00000| Complete 
| 110|0x000000008a000000, 0x000000008a100000, 0x000000008a100000|100%| E|  |TAMS 0x000000008a000000, 0x000000008a000000| Complete 
| 111|0x000000008a100000, 0x000000008a200000, 0x000000008a200000|100%| E|CS|TAMS 0x000000008a100000, 0x000000008a100000| Complete 
| 112|0x000000008a200000, 0x000000008a300000, 0x000000008a300000|100%| E|CS|TAMS 0x000000008a200000, 0x000000008a200000| Complete 
| 113|0x000000008a300000, 0x000000008a400000, 0x000000008a400000|100%| E|CS|TAMS 0x000000008a300000, 0x000000008a300000| Complete 
| 114|0x000000008a400000, 0x000000008a500000, 0x000000008a500000|100%| E|CS|TAMS 0x000000008a400000, 0x000000008a400000| Complete 
| 115|0x000000008a500000, 0x000000008a600000, 0x000000008a600000|100%| E|CS|TAMS 0x000000008a500000, 0x000000008a500000| Complete 
| 116|0x000000008a600000, 0x000000008a700000, 0x000000008a700000|100%| E|CS|TAMS 0x000000008a600000, 0x000000008a600000| Complete 
| 117|0x000000008a700000, 0x000000008a800000, 0x000000008a800000|100%| E|CS|TAMS 0x000000008a700000, 0x000000008a700000| Complete 
| 118|0x000000008a800000, 0x000000008a900000, 0x000000008a900000|100%| E|CS|TAMS 0x000000008a800000, 0x000000008a800000| Complete 
| 119|0x000000008a900000, 0x000000008aa00000, 0x000000008aa00000|100%| E|CS|TAMS 0x000000008a900000, 0x000000008a900000| Complete 
| 120|0x000000008aa00000, 0x000000008ab00000, 0x000000008ab00000|100%| E|CS|TAMS 0x000000008aa00000, 0x000000008aa00000| Complete 
| 121|0x000000008ab00000, 0x000000008ac00000, 0x000000008ac00000|100%| E|CS|TAMS 0x000000008ab00000, 0x000000008ab00000| Complete 
| 122|0x000000008ac00000, 0x000000008ad00000, 0x000000008ad00000|100%| E|CS|TAMS 0x000000008ac00000, 0x000000008ac00000| Complete 
| 123|0x000000008ad00000, 0x000000008ae00000, 0x000000008ae00000|100%| E|CS|TAMS 0x000000008ad00000, 0x000000008ad00000| Complete 
| 124|0x000000008ae00000, 0x000000008af00000, 0x000000008af00000|100%| E|CS|TAMS 0x000000008ae00000, 0x000000008ae00000| Complete 
| 125|0x000000008af00000, 0x000000008b000000, 0x000000008b000000|100%| E|CS|TAMS 0x000000008af00000, 0x000000008af00000| Complete 

Card table byte_map: [0x0000019f77f80000,0x0000019f78370000] _byte_map_base: 0x0000019f77b67000

Marking Bits (Prev, Next): (CMBitMap*) 0x0000019f6f3806d0, (CMBitMap*) 0x0000019f6f380710
 Prev Bits: [0x0000019f78760000, 0x0000019f7a698000)
 Next Bits: [0x0000019f7a6a0000, 0x0000019f7c5d8000)

Polling page: 0x0000019f6d310000

Metaspace:

Usage:
  Non-class:      7.18 MB capacity,     4.52 MB ( 63%) used,     2.65 MB ( 37%) free+waste,     3.56 KB ( <1%) overhead. 
      Class:    617.00 KB capacity,   326.16 KB ( 53%) used,   290.03 KB ( 47%) free+waste,   832 bytes ( <1%) overhead. 
       Both:      7.78 MB capacity,     4.84 MB ( 62%) used,     2.93 MB ( 38%) free+waste,     4.38 KB ( <1%) overhead. 

Virtual space:
  Non-class space:        8.00 MB reserved,       7.50 MB ( 94%) committed 
      Class space:        1.00 GB reserved,     640.00 KB ( <1%) committed 
             Both:        1.01 GB reserved,       8.13 MB ( <1%) committed 

Chunk freelists:
   Non-Class:  139.00 KB
       Class:  23.00 KB
        Both:  162.00 KB

MaxMetaspaceSize: 17179869184.00 GB
CompressedClassSpaceSize: 1.00 GB

CodeHeap 'non-profiled nmethods': size=120000Kb used=551Kb max_used=551Kb free=119448Kb
 bounds [0x0000019f07ad0000, 0x0000019f07d40000, 0x0000019f0f000000]
CodeHeap 'profiled nmethods': size=120000Kb used=2083Kb max_used=2083Kb free=117916Kb
 bounds [0x0000019f005a0000, 0x0000019f00810000, 0x0000019f07ad0000]
CodeHeap 'non-nmethods': size=5760Kb used=1296Kb max_used=1328Kb free=4463Kb
 bounds [0x0000019f00000000, 0x0000019f00270000, 0x0000019f005a0000]
 total_blobs=1858 nmethods=1280 adapters=491
 compilation: enabled
              stopped_count=0, restarted_count=0
 full_count=0

Compilation events (20 events):
Event: 26.092 Thread 0x0000019f7f05e1b0 1270       1       org.lwjgl.opengl.WindowsDisplay::getHwnd (5 bytes)
Event: 26.092 Thread 0x0000019f7f05e1b0 nmethod 1270 0x0000019f07b54f10 code [0x0000019f07b550a0, 0x0000019f07b55158]
Event: 26.340 Thread 0x0000019f7f05c6b0 1271       4       com.badlogic.gdx.math.Vector2::<init> (15 bytes)
Event: 26.340 Thread 0x0000019f7f05c6b0 nmethod 1271 0x0000019f07b55210 code [0x0000019f07b55380, 0x0000019f07b553f8]
Event: 26.742 Thread 0x0000019f7f05c6b0 1272       4       com.badlogic.gdx.math.Matrix4::det (444 bytes)
Event: 26.745 Thread 0x0000019f7f05c6b0 nmethod 1272 0x0000019f07b55510 code [0x0000019f07b55680, 0x0000019f07b558d8]
Event: 28.458 Thread 0x0000019f7f05e1b0 1273   !   3       com.badlogic.gdx.backends.lwjgl.LwjglGraphics::requestRendering (20 bytes)
Event: 28.459 Thread 0x0000019f7f05e1b0 nmethod 1273 0x0000019f007a8390 code [0x0000019f007a8520, 0x0000019f007a8718]
Event: 28.924 Thread 0x0000019f7f05c6b0 1274       4       jdk.internal.misc.Unsafe::copyMemory (33 bytes)
Event: 28.927 Thread 0x0000019f7f05c6b0 nmethod 1274 0x0000019f07b55990 code [0x0000019f07b55b20, 0x0000019f07b55e58]
Event: 29.860 Thread 0x0000019f7f05e1b0 1275       3       com.badlogic.gdx.physics.box2d.Contact::getFixtureB (22 bytes)
Event: 29.860 Thread 0x0000019f7f05e1b0 nmethod 1275 0x0000019f007a8810 code [0x0000019f007a89c0, 0x0000019f007a8c58]
Event: 29.907 Thread 0x0000019f7f05c6b0 1277       4       org.lwjgl.opengl.GL11::glDisable (19 bytes)
Event: 29.908 Thread 0x0000019f7f05c6b0 nmethod 1277 0x0000019f07b56610 code [0x0000019f07b567a0, 0x0000019f07b568a8]
Event: 31.041 Thread 0x0000019f7f05c6b0 1278       4       com.badlogic.gdx.graphics.g2d.SpriteBatch::begin (65 bytes)
Event: 31.057 Thread 0x0000019f7f05c6b0 nmethod 1278 0x0000019f07b56a10 code [0x0000019f07b56ca0, 0x0000019f07b57c70]
Event: 31.058 Thread 0x0000019f7f05c6b0 1279       4       com.badlogic.gdx.graphics.g2d.SpriteBatch::end (66 bytes)
Event: 31.060 Thread 0x0000019f7f05c6b0 nmethod 1279 0x0000019f07b58e10 code [0x0000019f07b58fe0, 0x0000019f07b592e8]
Event: 31.475 Thread 0x0000019f7f05c6b0 1280       4       com.badlogic.gdx.backends.lwjgl.LwjglGL20::glBufferData (113 bytes)
Event: 31.476 Thread 0x0000019f7f05c6b0 nmethod 1280 0x0000019f07b59690 code [0x0000019f07b59820, 0x0000019f07b599e8]

GC Heap History (0 events):
No events

Deoptimization events (20 events):
Event: 1.370 Thread 0x0000019f0f3f4f90 DEOPT PACKING pc=0x0000019f006ec777 sp=0x0000008d30cff130
Event: 1.370 Thread 0x0000019f0f3f4f90 DEOPT UNPACKING pc=0x0000019f0004f6cf sp=0x0000008d30cfe558 mode 0
Event: 1.386 Thread 0x0000019f0f3f4f90 DEOPT PACKING pc=0x0000019f006ec777 sp=0x0000008d30cff130
Event: 1.386 Thread 0x0000019f0f3f4f90 DEOPT UNPACKING pc=0x0000019f0004f6cf sp=0x0000008d30cfe558 mode 0
Event: 1.402 Thread 0x0000019f0f3f4f90 DEOPT PACKING pc=0x0000019f006ec777 sp=0x0000008d30cff130
Event: 1.402 Thread 0x0000019f0f3f4f90 DEOPT UNPACKING pc=0x0000019f0004f6cf sp=0x0000008d30cfe558 mode 0
Event: 1.584 Thread 0x0000019f0f3f4f90 DEOPT PACKING pc=0x0000019f007059d2 sp=0x0000008d30cff250
Event: 1.584 Thread 0x0000019f0f3f4f90 DEOPT UNPACKING pc=0x0000019f0004f6cf sp=0x0000008d30cfe7d8 mode 0
Event: 1.602 Thread 0x0000019f0f3f4f90 DEOPT PACKING pc=0x0000019f007059d2 sp=0x0000008d30cff250
Event: 1.602 Thread 0x0000019f0f3f4f90 DEOPT UNPACKING pc=0x0000019f0004f6cf sp=0x0000008d30cfe7d8 mode 0
Event: 1.636 Thread 0x0000019f0f3f4f90 DEOPT PACKING pc=0x0000019f007059d2 sp=0x0000008d30cff250
Event: 1.636 Thread 0x0000019f0f3f4f90 DEOPT UNPACKING pc=0x0000019f0004f6cf sp=0x0000008d30cfe7d8 mode 0
Event: 1.719 Thread 0x0000019f0f3f4f90 DEOPT PACKING pc=0x0000019f007059d2 sp=0x0000008d30cff250
Event: 1.719 Thread 0x0000019f0f3f4f90 DEOPT UNPACKING pc=0x0000019f0004f6cf sp=0x0000008d30cfe7d8 mode 0
Event: 1.752 Thread 0x0000019f0f3f4f90 DEOPT PACKING pc=0x0000019f007059d2 sp=0x0000008d30cff250
Event: 1.752 Thread 0x0000019f0f3f4f90 DEOPT UNPACKING pc=0x0000019f0004f6cf sp=0x0000008d30cfe7d8 mode 0
Event: 1.819 Thread 0x0000019f0f3f4f90 DEOPT PACKING pc=0x0000019f007059d2 sp=0x0000008d30cff250
Event: 1.819 Thread 0x0000019f0f3f4f90 DEOPT UNPACKING pc=0x0000019f0004f6cf sp=0x0000008d30cfe7d8 mode 0
Event: 1.836 Thread 0x0000019f0f3f4f90 DEOPT PACKING pc=0x0000019f007059d2 sp=0x0000008d30cff250
Event: 1.836 Thread 0x0000019f0f3f4f90 DEOPT UNPACKING pc=0x0000019f0004f6cf sp=0x0000008d30cfe7d8 mode 0

Classes unloaded (0 events):
No events

Classes redefined (0 events):
No events

Internal exceptions (2 events):
Event: 0.288 Thread 0x0000019f0f3f4f90 Exception <a 'org/lwjgl/LWJGLException'{0x000000008aa946a0}: Failed to set device gamma.> (0x000000008aa946a0) 
thrown [./src/hotspot/share/prims/jni.cpp, line 599]
Event: 31.796 Thread 0x0000019f0f3f4f90 Exception <a 'org/lwjgl/LWJGLException'{0x0000000089d7e918}: Failed to set device gamma.> (0x0000000089d7e918) 
thrown [./src/hotspot/share/prims/jni.cpp, line 599]

Events (20 events):
Event: 1.521 Loaded shared library C:\Users\spenc\AppData\Local\Temp\libgdxspenc\1cecf4f6\lwjgl64.dll
Event: 1.537 Loaded shared library C:\Users\spenc\AppData\Local\Temp\libgdxspenc\1cecf4f6\lwjgl64.dll
Event: 1.538 Loaded shared library C:\Users\spenc\AppData\Local\Temp\libgdxspenc\1cecf4f6\lwjgl64.dll
Event: 1.799 Loaded shared library C:\Program Files\Zulu\zulu-15\bin\java.dll
Event: 1.887 Loaded shared library C:\Users\spenc\AppData\Local\Temp\libgdxspenc\1cecf4f6\lwjgl64.dll
Event: 2.237 Loaded shared library C:\Users\spenc\AppData\Local\Temp\libgdxspenc\1cecf4f6\lwjgl64.dll
Event: 2.453 Loaded shared library C:\Users\spenc\AppData\Local\Temp\libgdxspenc\1cecf4f6\lwjgl64.dll
Event: 2.670 Loaded shared library C:\Users\spenc\AppData\Local\Temp\libgdxspenc\1cecf4f6\lwjgl64.dll
Event: 2.670 Loaded shared library C:\Users\spenc\AppData\Local\Temp\libgdxspenc\1cecf4f6\lwjgl64.dll
Event: 2.769 Loaded shared library C:\Program Files\Zulu\zulu-15\bin\java.dll
Event: 2.803 Loaded shared library C:\Users\spenc\AppData\Local\Temp\libgdxspenc\1cecf4f6\lwjgl64.dll
Event: 3.310 Loaded shared library C:\Users\spenc\AppData\Local\Temp\libgdxspenc\1cecf4f6\lwjgl64.dll
Event: 3.310 Loaded shared library C:\Users\spenc\AppData\Local\Temp\libgdxspenc\1cecf4f6\lwjgl64.dll
Event: 3.742 Loaded shared library C:\Users\spenc\AppData\Local\Temp\libgdxspenc\1cecf4f6\lwjgl64.dll
Event: 3.743 Loaded shared library C:\Users\spenc\AppData\Local\Temp\libgdxspenc\1cecf4f6\lwjgl64.dll
Event: 5.408 Loaded shared library C:\Users\spenc\AppData\Local\Temp\libgdxspenc\1cecf4f6\lwjgl64.dll
Event: 9.675 Loaded shared library C:\Users\spenc\AppData\Local\Temp\libgdxspenc\e1cd32f8\gdx64.dll
Event: 9.691 Loaded shared library C:\Users\spenc\AppData\Local\Temp\libgdxspenc\1cecf4f6\lwjgl64.dll
Event: 9.692 Loaded shared library C:\Users\spenc\AppData\Local\Temp\libgdxspenc\1cecf4f6\lwjgl64.dll
Event: 25.426 Loaded shared library C:\Users\spenc\AppData\Local\Temp\libgdxspenc\1cecf4f6\lwjgl64.dll


Dynamic libraries:
0x00007ff62ba30000 - 0x00007ff62ba3d000 	C:\Program Files\Zulu\zulu-15\bin\java.exe
0x00007ffb0eff0000 - 0x00007ffb0f1e5000 	C:\Windows\SYSTEM32\ntdll.dll
0x00007ffb0e010000 - 0x00007ffb0e0ce000 	C:\Windows\System32\KERNEL32.DLL
0x00007ffb0caa0000 - 0x00007ffb0cd68000 	C:\Windows\System32\KERNELBASE.dll
0x00007ffb0ce40000 - 0x00007ffb0cf40000 	C:\Windows\System32\ucrtbase.dll
0x00007ffae3c50000 - 0x00007ffae3c65000 	C:\Program Files\Zulu\zulu-15\bin\VCRUNTIME140.dll
0x00007ffae5930000 - 0x00007ffae5948000 	C:\Program Files\Zulu\zulu-15\bin\jli.dll
0x00007ffb0de60000 - 0x00007ffb0e001000 	C:\Windows\System32\USER32.dll
0x00007ffb0c910000 - 0x00007ffb0c932000 	C:\Windows\System32\win32u.dll
0x00007ffaf5a40000 - 0x00007ffaf5cda000 	C:\Windows\WinSxS\amd64_microsoft.windows.common-controls_6595b64144ccf1df_6.0.19041.1110_none_60b5254171f9507e\COMCTL32.dll
0x00007ffb0de20000 - 0x00007ffb0de4b000 	C:\Windows\System32\GDI32.dll
0x00007ffb0d0d0000 - 0x00007ffb0d16e000 	C:\Windows\System32\msvcrt.dll
0x00007ffb0c7b0000 - 0x00007ffb0c8bd000 	C:\Windows\System32\gdi32full.dll
0x00007ffb0cd70000 - 0x00007ffb0ce0d000 	C:\Windows\System32\msvcp_win.dll
0x00007ffb0ef80000 - 0x00007ffb0efb0000 	C:\Windows\System32\IMM32.DLL
0x00007ffae31d0000 - 0x00007ffae326b000 	C:\Program Files\Zulu\zulu-15\bin\msvcp140.dll
0x00007ffa9dde0000 - 0x00007ffa9e972000 	C:\Program Files\Zulu\zulu-15\bin\server\jvm.dll
0x00007ffb0e1a0000 - 0x00007ffb0e24c000 	C:\Windows\System32\ADVAPI32.dll
0x00007ffb0e450000 - 0x00007ffb0e4eb000 	C:\Windows\System32\sechost.dll
0x00007ffb0e320000 - 0x00007ffb0e44a000 	C:\Windows\System32\RPCRT4.dll
0x00007ffb0e0d0000 - 0x00007ffb0e0d8000 	C:\Windows\System32\PSAPI.DLL
0x00007ffa974a0000 - 0x00007ffa974a9000 	C:\Windows\SYSTEM32\WSOCK32.dll
0x00007ffaf8f40000 - 0x00007ffaf8f4a000 	C:\Windows\SYSTEM32\VERSION.dll
0x00007ffae7d00000 - 0x00007ffae7d27000 	C:\Windows\SYSTEM32\WINMM.dll
0x00007ffb0e4f0000 - 0x00007ffb0e55b000 	C:\Windows\System32\WS2_32.dll
0x00007ffb0af80000 - 0x00007ffb0af92000 	C:\Windows\SYSTEM32\kernel.appcore.dll
0x00007ffb071a0000 - 0x00007ffb071aa000 	C:\Program Files\Zulu\zulu-15\bin\jimage.dll
0x00007ffb0a350000 - 0x00007ffb0a534000 	C:\Windows\SYSTEM32\DBGHELP.DLL
0x00007ffaf0b40000 - 0x00007ffaf0b6c000 	C:\Windows\SYSTEM32\dbgcore.DLL
0x00007ffb0cfa0000 - 0x00007ffb0d022000 	C:\Windows\System32\bcryptPrimitives.dll
0x00007ffae3bc0000 - 0x00007ffae3be5000 	C:\Program Files\Zulu\zulu-15\bin\java.dll
0x00007ffb0d620000 - 0x00007ffb0dd64000 	C:\Windows\System32\SHELL32.dll
0x00007ffb0a7d0000 - 0x00007ffb0af64000 	C:\Windows\SYSTEM32\windows.storage.dll
0x00007ffb0d170000 - 0x00007ffb0d4c5000 	C:\Windows\System32\combase.dll
0x00007ffb0c150000 - 0x00007ffb0c17e000 	C:\Windows\SYSTEM32\Wldp.dll
0x00007ffb0dd70000 - 0x00007ffb0de1d000 	C:\Windows\System32\SHCORE.dll
0x00007ffb0d4d0000 - 0x00007ffb0d525000 	C:\Windows\System32\shlwapi.dll
0x00007ffb0c640000 - 0x00007ffb0c65f000 	C:\Windows\SYSTEM32\profapi.dll
0x00007ffae3c30000 - 0x00007ffae3c49000 	C:\Program Files\Zulu\zulu-15\bin\net.dll
0x00007ffb06d40000 - 0x00007ffb06e4c000 	C:\Windows\SYSTEM32\WINHTTP.dll
0x00007ffb0beb0000 - 0x00007ffb0bf1a000 	C:\Windows\system32\mswsock.dll
0x00007ffae3a30000 - 0x00007ffae3a42000 	C:\Program Files\Zulu\zulu-15\bin\nio.dll
0x00007ffae3a10000 - 0x00007ffae3a28000 	C:\Program Files\Zulu\zulu-15\bin\zip.dll
0x000000006e700000 - 0x000000006e72a000 	C:\Users\spenc\AppData\Local\Temp\libgdxspenc\e1cd32f8\gdx64.dll
0x00007ffb05cb0000 - 0x00007ffb05cc0000 	C:\Program Files\Zulu\zulu-15\bin\verify.dll
0x0000000180000000 - 0x0000000180053000 	C:\Users\spenc\AppData\Local\Temp\libgdxspenc\1cecf4f6\lwjgl64.dll
0x00007ffad4dd0000 - 0x00007ffad4ef5000 	C:\Windows\SYSTEM32\OPENGL32.dll
0x00007ffad56f0000 - 0x00007ffad571c000 	C:\Windows\SYSTEM32\GLU32.dll
0x0000019f7fd70000 - 0x0000019f7fdd4000 	C:\Users\spenc\AppData\Local\Temp\libgdxspenc\1cecf4f6\OpenAL64.dll
0x00007ffb0e6e0000 - 0x00007ffb0e80a000 	C:\Windows\System32\ole32.dll
0x00007ffb09c80000 - 0x00007ffb09d1e000 	C:\Windows\system32\uxtheme.dll
0x00007ffb0eed0000 - 0x00007ffb0ef79000 	C:\Windows\System32\clbcatq.dll
0x00007ffae2d60000 - 0x00007ffae2dfc000 	C:\Windows\SYSTEM32\dsound.dll
0x00007ffaf09a0000 - 0x00007ffaf09c6000 	C:\Windows\SYSTEM32\winmmbase.dll
0x00007ffb0bc70000 - 0x00007ffb0bcbb000 	C:\Windows\SYSTEM32\powrprof.dll
0x00007ffb0bb30000 - 0x00007ffb0bb42000 	C:\Windows\SYSTEM32\UMPDC.dll
0x00007ffaffc30000 - 0x00007ffaffcb5000 	C:\Windows\System32\MMDevApi.dll
0x00007ffb0c4a0000 - 0x00007ffb0c4d4000 	C:\Windows\System32\DEVOBJ.dll
0x00007ffb0c8c0000 - 0x00007ffb0c90e000 	C:\Windows\System32\cfgmgr32.dll
0x00007ffaffd40000 - 0x00007ffaffec1000 	C:\Windows\SYSTEM32\AUDIOSES.DLL
0x00007ffb0e250000 - 0x00007ffb0e31d000 	C:\Windows\System32\OLEAUT32.dll
0x00007ffb09e50000 - 0x00007ffb09e64000 	C:\Windows\SYSTEM32\resourcepolicyclient.dll
0x00007ffb05e90000 - 0x00007ffb05f3e000 	C:\Windows\SYSTEM32\mscms.dll
0x00007ffb05e70000 - 0x00007ffb05e81000 	C:\Windows\SYSTEM32\ColorAdapterClient.dll
0x00007ffb0c600000 - 0x00007ffb0c62e000 	C:\Windows\SYSTEM32\USERENV.dll
0x00007ffb0e5c0000 - 0x00007ffb0e6d5000 	C:\Windows\System32\MSCTF.dll
0x00007ffafc260000 - 0x00007ffafc359000 	C:\Windows\SYSTEM32\textinputframework.dll
0x00007ffb09250000 - 0x00007ffb095ae000 	C:\Windows\System32\CoreUIComponents.dll
0x00007ffb095b0000 - 0x00007ffb096a2000 	C:\Windows\System32\CoreMessaging.dll
0x00007ffb0b3f0000 - 0x00007ffb0b423000 	C:\Windows\SYSTEM32\ntmarta.dll
0x00007ffb08950000 - 0x00007ffb08aa4000 	C:\Windows\SYSTEM32\wintypes.dll
0x00007ffadd780000 - 0x00007ffadd7e6000 	C:\Windows\system32\Oleacc.dll
0x00007ffb00080000 - 0x00007ffb00179000 	C:\Windows\System32\AppXDeploymentClient.dll
0x00007ffa7aca0000 - 0x00007ffa7bca6000 	C:\Windows\System32\DriverStore\FileRepository\iigd_dch.inf_amd64_fe923c94e9ba883c\igxelpicd64.dll
0x00007ffb09e70000 - 0x00007ffb09e9f000 	C:\Windows\system32\dwmapi.dll
0x00007ffb0aff0000 - 0x00007ffb0b0e4000 	C:\Windows\system32\dxgi.dll
0x00007ffaa2600000 - 0x00007ffaa2a9e000 	C:\Windows\System32\DriverStore\FileRepository\iigd_dch.inf_amd64_fe923c94e9ba883c\igdml64.dll
0x00007ffafc790000 - 0x00007ffafcb51000 	C:\Windows\System32\DriverStore\FileRepository\iigd_dch.inf_amd64_fe923c94e9ba883c\igdgmm64.dll
0x00007ffae5680000 - 0x00007ffae56c3000 	C:\Windows\SYSTEM32\icm32.dll
0x00007ffaf5ce0000 - 0x00007ffaf8f40000 	C:\Windows\System32\DriverStore\FileRepository\iigd_dch.inf_amd64_fe923c94e9ba883c\igc64.dll
0x0000000066b00000 - 0x0000000066b5b000 	C:\Users\spenc\AppData\Local\Temp\libgdxspenc\a14961b7\gdx-box2d64.dll

dbghelp: loaded successfully - version: 4.0.5 - missing functions: none
symbol engine: initialized successfully - sym options: 0x614 - pdb path: .;C:\Program Files\Zulu\zulu-15\bin;C:\Windows\SYSTEM32;C:\Windows\WinSxS\amd64_microsoft.windows.common-controls_6595b64144ccf1df_6.0.19041.1110_none_60b5254171f9507e;C:\Program Files\Zulu\zulu-15\bin\server;C:\Users\spenc\AppData\Local\Temp\libgdxspenc\e1cd32f8;C:\Users\spenc\AppData\Local\Temp\libgdxspenc\1cecf4f6;C:\Windows\System32\DriverStore\FileRepository\iigd_dch.inf_amd64_fe923c94e9ba883c;C:\Users\spenc\AppData\Local\Temp\libgdxspenc\a14961b7

VM Arguments:
jvm_args: -Dfile.encoding=windows-1252 -Duser.country=CA -Duser.language=en -Duser.variant 
java_command: com.mygdx.game.desktop.DesktopLauncher
java_class_path (initial): C:\Users\spenc\OneDrive\Documents\GitHub\PortalGame\PortalGame\desktop\build\classes\java\main;C:\Users\spenc\OneDrive\Documents\GitHub\PortalGame\PortalGame\desktop\build\resources\main;C:\Users\spenc\.gradle\caches\modules-2\files-2.1\com.badlogicgames.gdx\gdx-tools\1.10.0\d699cf4953fb42a071c7c3feb9b5c45601aa6a4b\gdx-tools-1.10.0.jar;C:\Users\spenc\.gradle\caches\modules-2\files-2.1\com.badlogicgames.gdx\gdx-backend-lwjgl\1.10.0\58ff89d9e4fd8a82591367f187d606e781cacc05\gdx-backend-lwjgl-1.10.0.jar;C:\Users\spenc\.gradle\caches\modules-2\files-2.1\com.badlogicgames.gdx\gdx-platform\1.10.0\9a8fa793d2fd6d360afc6c9e4c1f5583da263b88\gdx-platform-1.10.0-natives-desktop.jar;C:\Users\spenc\.gradle\caches\modules-2\files-2.1\com.badlogicgames.gdx\gdx-box2d-platform\1.10.0\588c4191c5a64ed39365e71484aa37d81c38eb5e\gdx-box2d-platform-1.10.0-natives-desktop.jar;C:\Users\spenc\.gradle\caches\modules-2\files-2.1\com.badlogicgames.gdx\gdx-bullet-platform\1.10.0\ce92e8dfc762523d769cbc50853163c03bf98cf1\gdx-bullet-platform-1.10.0-natives-desktop.jar;C:\Users\spenc\.gradle\caches\modules-2\files-2.1\com.badlogicgames.gdx\gdx-freetype-platform\1.10.0\6e5d28752759e69384f12e4569d2c884ff71352f\gdx-freetype-platform-1.10.0-natives-desktop.jar;C:\Users\spenc\OneDrive\Documents\GitHub\PortalGame\PortalGame\core\build\libs\core-1.0.jar;C:\Users\spenc\.gradle\caches\modules-2\files-2.1\com.badlogicgames.gdx\gdx-backend-headless\1.10.0\990eadbb431197c5b9b816d1659c772e0268e65\gdx-backend-headless-1.10.0.jar;C:\Users\spenc\.gradle\caches\modules-2\files-2.1\com.badlogicgames.gdx\gdx-freetype\1.10.0\de1d0d5c1e92e8d91364256fd6b7bb279d3e9859\gdx-freetype-1.10.0.jar;C:\Users\spenc\.gradle\caches\modules-2\files-2.1\com.badlogicgames.box2dlights\box2dlights\1.5\6902dbcd250c95a27973aa24a147a95b3828d348\box2dlights-1.5.jar;C:\Users\spenc\.gradle\caches\modules-2\files-2.1\com.badlogicgames.gdx\gdx-box2d\1.10.0\b3a3c0f00b90716238835434d0ae8985604c37f8\gdx-box2d-1.10.0.jar;C
Launcher Type: SUN_STANDARD

[Global flags]
     intx CICompilerCount                          = 4                                         {product} {ergonomic}
     uint ConcGCThreads                            = 2                                         {product} {ergonomic}
     uint G1ConcRefinementThreads                  = 8                                         {product} {ergonomic}
   size_t G1HeapRegionSize                         = 1048576                                   {product} {ergonomic}
    uintx GCDrainStackTargetSize                   = 64                                        {product} {ergonomic}
   size_t InitialHeapSize                          = 132120576                                 {product} {ergonomic}
   size_t MarkStackSize                            = 4194304                                   {product} {ergonomic}
   size_t MaxHeapSize                              = 2095054848                                {product} {ergonomic}
   size_t MaxNewSize                               = 1256194048                                {product} {ergonomic}
   size_t MinHeapDeltaBytes                        = 1048576                                   {product} {ergonomic}
   size_t MinHeapSize                              = 8388608                                   {product} {ergonomic}
    uintx NonNMethodCodeHeapSize                   = 5839372                                {pd product} {ergonomic}
    uintx NonProfiledCodeHeapSize                  = 122909434                              {pd product} {ergonomic}
    uintx ProfiledCodeHeapSize                     = 122909434                              {pd product} {ergonomic}
    uintx ReservedCodeCacheSize                    = 251658240                              {pd product} {ergonomic}
     bool SegmentedCodeCache                       = true                                      {product} {ergonomic}
   size_t SoftMaxHeapSize                          = 2095054848                             {manageable} {ergonomic}
     bool UseCompressedClassPointers               = true                                 {lp64_product} {ergonomic}
     bool UseCompressedOops                        = true                                 {lp64_product} {ergonomic}
     bool UseG1GC                                  = true                                      {product} {ergonomic}
     bool UseLargePagesIndividualAllocation        = false                                  {pd product} {ergonomic}

Logging:
Log output configuration:
 #0: stdout all=warning uptime,level,tags
 #1: stderr all=off uptime,level,tags

Environment Variables:
JAVA_HOME=C:\Program Files\Java\jdk1.8.0_311
PATH=C:\Program Files\Zulu\zulu-15\bin\;C:\Program Files (x86)\Common Files\Oracle\Java\javapath;C:\Windows\system32;C:\Windows;C:\Windows\System32\Wbem;C:\Windows\System32\WindowsPowerShell\v1.0\;C:\Windows\System32\OpenSSH\;C:\Program Files\Git\cmd;C:\Users\spenc\AppData\Local\Microsoft\WindowsApps;C:\Users\spenc\AppData\Local\GitHubDesktop\bin;C:\Program Files\JetBrains\IntelliJ IDEA Community Edition 2021.3\bin;
USERNAME=spenc
OS=Windows_NT
PROCESSOR_IDENTIFIER=Intel64 Family 6 Model 140 Stepping 1, GenuineIntel



---------------  S Y S T E M  ---------------

OS:
 Windows 10 , 64 bit Build 19041 (10.0.19041.1348)
OS uptime: 12 days 7:31 hours

CPU: total 8 (initial active 8) (4 cores per cpu, 2 threads per core) family 6 model 140 stepping 1 microcode 0x78, cmov, cx8, fxsr, mmx, sse, sse2, sse3, ssse3, sse4.1, sse4.2, popcnt, vzeroupper, avx, avx2, aes, clmul, erms, 3dnowpref, lzcnt, ht, tsc, tscinvbit, bmi1, bmi2, adx, avx512f, avx512dq, avx512cd, avx512bw, avx512vl, avx512_vpopcntdq, avx512_vpclmulqdq, avx512_vbmi, avx512_vbmi2, avx512_vaes, avx512_vnni, sha, fma, clflush, clflushopt, clwb

Memory: 4k page, system-wide physical 7987M (924M free)
TotalPageFile size 30824M (AvailPageFile size 11390M)
current process WorkingSet (physical memory assigned to process): 168M, peak: 188M
current process commit charge ("private bytes"): 292M, peak: 312M

vm_info: OpenJDK 64-Bit Server VM (15.0.5+3-MTS) for windows-amd64 JRE (15.0.5+3-MTS) (Zulu15.36+13-CA), built on Oct  8 2021 11:07:26 by "zulu_re" with MS VC++ 15.9 (VS2017)

END.
