#
# A fatal error has been detected by the Java Runtime Environment:
#
#  SIGSEGV (0xb) at pc=0x000000011513fe04, pid=22023, tid=112387
#
# JRE version: OpenJDK Runtime Environment JBR-11.0.13.7-1751.19-jcef (11.0.13+7) (build 11.0.13+7-b1751.19)
# Java VM: OpenJDK 64-Bit Server VM JBR-11.0.13.7-1751.19-jcef (11.0.13+7-b1751.19, mixed mode, tiered, compressed oops, g1 gc, bsd-amd64)
# Problematic frame:
# C  [libgdx-box2d64.dylib+0xce04]  _ZN9b2Contact7DestroyEPS_P16b2BlockAllocator+0x74
#
# No core dump will be written. Core dumps have been disabled. To enable core dumping, try "ulimit -c unlimited" before starting Java again
#
# If you would like to submit a bug report, please visit:
#   https://bugreport.java.com/bugreport/crash.jsp
# The crash happened outside the Java Virtual Machine in native code.
# See problematic frame for where to report the bug.
#

---------------  S U M M A R Y ------------

Command Line: -Dfile.encoding=UTF-8 -Duser.country=CA -Duser.language=en -Duser.variant com.mygdx.game.desktop.DesktopLauncher

Host: MacBookAir6,2 x86_64 1300 MHz, 4 cores, 8G, Darwin 17.7.0
Time: Wed Jan 19 10:11:43 2022 EST elapsed time: 2.775485 seconds (0d 0h 0m 2s)

---------------  T H R E A D  ---------------

Current thread (0x00007fd6d4ad7000):  JavaThread "LWJGL Application" [_thread_in_native, id=112387, stack(0x00007000061a9000,0x00007000062a9000)]

Stack: [0x00007000061a9000,0x00007000062a9000],  sp=0x00007000062a8660,  free space=1021k
Native frames: (J=compiled Java code, A=aot compiled Java code, j=interpreted, Vv=VM code, C=native code)
C  [libgdx-box2d64.dylib+0xce04]  _ZN9b2Contact7DestroyEPS_P16b2BlockAllocator+0x74
C  [libgdx-box2d64.dylib+0x1c453]  _ZN16b2ContactManager7DestroyEP9b2Contact+0xd3
C  [libgdx-box2d64.dylib+0x1e8e0]  _ZN7b2World11DestroyBodyEP6b2Body+0x70
C  [libgdx-box2d64.dylib+0x244d2]  Java_com_badlogic_gdx_physics_box2d_World_jniDestroyBody+0x62
j  com.badlogic.gdx.physics.box2d.World.jniDestroyBody(JJ)V+0
j  com.badlogic.gdx.physics.box2d.World.destroyBody(Lcom/badlogic/gdx/physics/box2d/Body;)V+42
j  com.mygdx.game.Entity.dispose()V+16
j  com.mygdx.game.MyGdxGame.dispose()V+82
j  com.badlogic.gdx.backends.lwjgl.LwjglApplication.mainLoop()V+924
j  com.badlogic.gdx.backends.lwjgl.LwjglApplication$1.run()V+27
v  ~StubRoutines::call_stub
V  [libjvm.dylib+0x3a9569]  _ZN9JavaCalls11call_helperEP9JavaValueRK12methodHandleP17JavaCallArgumentsP6Thread+0x1fd
V  [libjvm.dylib+0x3a89b8]  _ZN9JavaCalls12call_virtualEP9JavaValueP5KlassP6SymbolS5_P17JavaCallArgumentsP6Thread+0xea
V  [libjvm.dylib+0x3a8a78]  _ZN9JavaCalls12call_virtualEP9JavaValue6HandleP5KlassP6SymbolS6_P6Thread+0x62
V  [libjvm.dylib+0x431b3d]  _ZL12thread_entryP10JavaThreadP6Thread+0x78
V  [libjvm.dylib+0x710e90]  _ZN10JavaThread17thread_main_innerEv+0x82
V  [libjvm.dylib+0x710ce0]  _ZN10JavaThread3runEv+0x126
V  [libjvm.dylib+0x70ec08]  _ZN6Thread8call_runEv+0x68
V  [libjvm.dylib+0x6154f6]  _ZL19thread_native_entryP6Thread+0x136
C  [libsystem_pthread.dylib+0x3661]  _pthread_body+0x154
C  [libsystem_pthread.dylib+0x350d]  _pthread_body+0x0
C  [libsystem_pthread.dylib+0x2bf9]  thread_start+0xd

Java frames: (J=compiled Java code, j=interpreted, Vv=VM code)
j  com.badlogic.gdx.physics.box2d.World.jniDestroyBody(JJ)V+0
j  com.badlogic.gdx.physics.box2d.World.destroyBody(Lcom/badlogic/gdx/physics/box2d/Body;)V+42
j  com.mygdx.game.Entity.dispose()V+16
j  com.mygdx.game.MyGdxGame.dispose()V+82
j  com.badlogic.gdx.backends.lwjgl.LwjglApplication.mainLoop()V+924
j  com.badlogic.gdx.backends.lwjgl.LwjglApplication$1.run()V+27
v  ~StubRoutines::call_stub

siginfo: si_signo: 11 (SIGSEGV), si_code: 1 (SEGV_MAPERR), si_addr: 0x0000000000000008

Register to memory mapping:

RAX=0x00007fd6d5b16d40 points into unknown readable memory: 0x00007fd641200000 | 00 00 20 41 d6 7f 00 00
RBX=0x00007fd6d63d2800 points into unknown readable memory: 0x0000000000000000 | 00 00 00 00 00 00 00 00
RCX=0x0 is NULL
RDX=0x0000000000000036 is an unknown value
RSP=0x00007000062a8660 is pointing into the stack for thread: 0x00007fd6d4ad7000
RBP=0x00007000062a8660 is pointing into the stack for thread: 0x00007fd6d4ad7000
RSI=0x00007fd6d63a1400 points into unknown readable memory: 0x00007fd6d6149400 | 00 94 14 d6 d6 7f 00 00
RDI=0x00007fd6d63d2800 points into unknown readable memory: 0x0000000000000000 | 00 00 00 00 00 00 00 00
R8 =0x00007fd6d6403280 points into unknown readable memory: 0x0000003600000002 | 02 00 00 00 36 00 00 00
R9 =0x00007000062a8418 is pointing into the stack for thread: 0x00007fd6d4ad7000
R10=0x0000000102d4beea: DTraceMethodProbes+0 in /Applications/IntelliJ IDEA CE.app/Contents/jbr/Contents/Home/lib/server/libjvm.dylib at 0x0000000102400000
R11=0x0000000000000102 is an unknown value
R12=0x00007fd6d6402c80 points into unknown readable memory: 0x0000002600000000 | 00 00 00 00 26 00 00 00
R13={method} {0x0000000114f5fdc8} 'jniDestroyBody' '(JJ)V' in 'com/badlogic/gdx/physics/box2d/World'
R14=0x00007fd6d63ba6a0 points into unknown readable memory: 0x0000000000000010 | 10 00 00 00 00 00 00 00
R15=0x00007fd6d6403280 points into unknown readable memory: 0x0000003600000002 | 02 00 00 00 36 00 00 00


Registers:
RAX=0x00007fd6d5b16d40, RBX=0x00007fd6d63d2800, RCX=0x0000000000000000, RDX=0x0000000000000036
RSP=0x00007000062a8660, RBP=0x00007000062a8660, RSI=0x00007fd6d63a1400, RDI=0x00007fd6d63d2800
R8 =0x00007fd6d6403280, R9 =0x00007000062a8418, R10=0x0000000102d4beea, R11=0x0000000000000102
R12=0x00007fd6d6402c80, R13=0x0000000114f5fdc8, R14=0x00007fd6d63ba6a0, R15=0x00007fd6d6403280
RIP=0x000000011513fe04, EFLAGS=0x0000000000010202, ERR=0x0000000000000004
  TRAPNO=0x000000000000000e

Top of Stack: (sp=0x00007000062a8660)
0x00007000062a8660:   00007000062a8690 000000011514f453
0x00007000062a8670:   0000000000000000 00007fd6d63a1400
0x00007000062a8680:   00007fd6d6403280 00007fd6d63ba6a0
0x00007000062a8690:   00007000062a86d0 00000001151518e0
0x00007000062a86a0:   000000011516bbe0 00007fd6d63a1400
0x00007000062a86b0:   0000000000000000 0000000114f5fdc8
0x00007000062a86c0:   00007fd6d6403280 00007fd6d4ad7000
0x00007000062a86d0:   00007000062a8720 00000001151574d2
0x00007000062a86e0:   000000011516bba0 00007fd6d4ad7348
0x00007000062a86f0:   00007000062a87e0 000000011516bbe0
0x00007000062a8700:   00007fd6d4ad7348 00007000062a87e0
0x00007000062a8710:   0000000114f5fdc8 00007000062a87e0
0x00007000062a8720:   00007000062a87a0 0000009c1ddfd177
0x00007000062a8730:   00007000062a87e0 00007fd6d4ad7000
0x00007000062a8740:   00007000062a87a0 0000009c1ddfce8e
0x00007000062a8750:   0000009c1ddfce36 00007000062a8758
0x00007000062a8760:   0000000114f5fdc8 00007000062a87e0
0x00007000062a8770:   0000000114f82e98 0000000000000000
0x00007000062a8780:   0000000787177a38 0000000114f5fdc8
0x00007000062a8790:   0000000000000000 00007000062a87c0
0x00007000062a87a0:   00007000062a8830 0000009c1ddf7287
0x00007000062a87b0:   0000000000000000 0000009c1ddf9e78
0x00007000062a87c0:   00007fd6d6403280 0000000000000000
0x00007000062a87d0:   00007fd6d63a1400 0000000000000000
0x00007000062a87e0:   00000007870190b0 00007000062a87e8
0x00007000062a87f0:   0000000114f5fc7a 00007000062a8860
0x00007000062a8800:   0000000114f82e98 0000000000000000
0x00007000062a8810:   0000000787177a38 0000000114f5fd20
0x00007000062a8820:   00007000062a87c0 00007000062a8858
0x00007000062a8830:   00007000062a88b0 0000009c1ddf7287
0x00007000062a8840:   0000000000000000 0000000000000000
0x00007000062a8850:   0000000787c8eb60 0000000787c8eab0 

Instructions: (pc=0x000000011513fe04)
0x000000011513fd04:   35 4f c4 02 00 c6 05 50 c4 02 00 01 48 89 05 f1
0x000000011513fd14:   c3 02 00 48 89 35 f2 c3 02 00 c6 05 f3 c3 02 00
0x000000011513fd24:   00 c6 05 54 c4 02 00 01 49 8b 42 18 8b 40 08 48
0x000000011513fd34:   83 f8 04 73 4d 48 8b 72 18 8b 76 08 83 fe 04 73
0x000000011513fd44:   46 48 8d 04 40 48 c1 e0 05 48 8d 3d ac c2 02 00
0x000000011513fd54:   48 01 c7 48 8d 34 76 48 8b 04 f7 48 85 c0 74 10
0x000000011513fd64:   80 7c f7 10 00 74 0d 4c 89 d7 44 89 ce 5d ff e0
0x000000011513fd74:   31 c0 5d c3 48 89 d7 89 ce 4c 89 d2 44 89 c9 5d
0x000000011513fd84:   ff e0 e8 15 ad 01 00 e8 40 ad 01 00 55 48 89 e5
0x000000011513fd94:   80 3d e5 c3 02 00 01 0f 85 a0 00 00 00 48 8b 4f
0x000000011513fda4:   60 48 8b 47 68 83 bf b4 00 00 00 00 7e 4e 80 79
0x000000011513fdb4:   3a 00 75 48 80 78 3a 00 75 42 4c 8b 41 10 41 0f
0x000000011513fdc4:   b7 50 04 f6 c2 02 75 13 83 ca 02 66 41 89 50 04
0x000000011513fdd4:   41 c7 80 ac 00 00 00 00 00 00 00 4c 8b 40 10 41
0x000000011513fde4:   0f b7 50 04 f6 c2 02 75 13 83 ca 02 66 41 89 50
0x000000011513fdf4:   04 41 c7 80 ac 00 00 00 00 00 00 00 48 8b 49 18
0x000000011513fe04:   44 8b 41 08 48 8b 40 18 8b 40 08 31 d2 83 f8 03
0x000000011513fe14:   0f 9f c2 4c 89 c1 48 c1 e9 1f 48 09 d1 75 23 4b
0x000000011513fe24:   8d 0c 40 48 c1 e1 05 48 8d 15 ce c1 02 00 48 01
0x000000011513fe34:   ca 48 8d 04 40 48 8b 44 c2 08 5d ff e0 e8 ea ac
0x000000011513fe44:   01 00 e8 b5 ac 01 00 0f 1f 44 00 00 55 48 89 e5
0x000000011513fe54:   48 8b 05 e5 b1 02 00 48 83 c0 10 48 89 07 c7 47
0x000000011513fe64:   08 04 00 00 00 48 89 77 60 48 89 4f 68 89 57 70
0x000000011513fe74:   44 89 47 74 48 c7 87 b4 00 00 00 00 00 00 00 48
0x000000011513fe84:   c7 47 10 00 00 00 00 48 c7 47 18 00 00 00 00 48
0x000000011513fe94:   c7 47 20 00 00 00 00 48 c7 47 28 00 00 00 00 48
0x000000011513fea4:   c7 47 30 00 00 00 00 48 c7 47 38 00 00 00 00 48
0x000000011513feb4:   c7 47 40 00 00 00 00 48 c7 47 48 00 00 00 00 48
0x000000011513fec4:   c7 47 50 00 00 00 00 48 c7 47 58 00 00 00 00 f3
0x000000011513fed4:   0f 10 46 20 f3 0f 59 41 20 f3 0f 51 c0 f3 0f 11
0x000000011513fee4:   87 c0 00 00 00 f3 0f 10 46 24 f3 0f 5f 41 24 f3
0x000000011513fef4:   0f 11 87 c4 00 00 00 c7 87 c8 00 00 00 00 00 00 


Stack slot to memory mapping:
stack at sp + 0 slots: 0x00007000062a8690 is pointing into the stack for thread: 0x00007fd6d4ad7000
stack at sp + 1 slots: 0x000000011514f453: _ZN16b2ContactManager7DestroyEP9b2Contact+0xd3 in /private/var/folders/6d/c05m1cpd2gg0_vssvks1l4z40000gq/T/libgdxkid/38faaa28/libgdx-box2d64.dylib at 0x0000000115133000
stack at sp + 2 slots: 0x0 is NULL
stack at sp + 3 slots: 0x00007fd6d63a1400 points into unknown readable memory: 0x00007fd6d6149400 | 00 94 14 d6 d6 7f 00 00
stack at sp + 4 slots: 0x00007fd6d6403280 points into unknown readable memory: 0x0000003600000002 | 02 00 00 00 36 00 00 00
stack at sp + 5 slots: 0x00007fd6d63ba6a0 points into unknown readable memory: 0x0000000000000010 | 10 00 00 00 00 00 00 00
stack at sp + 6 slots: 0x00007000062a86d0 is pointing into the stack for thread: 0x00007fd6d4ad7000
stack at sp + 7 slots: 0x00000001151518e0: _ZN7b2World11DestroyBodyEP6b2Body+0x70 in /private/var/folders/6d/c05m1cpd2gg0_vssvks1l4z40000gq/T/libgdxkid/38faaa28/libgdx-box2d64.dylib at 0x0000000115133000


---------------  P R O C E S S  ---------------

Threads class SMR info:
_java_thread_list=0x00007fd6d9801d40, length=12, elements={
0x00007fd6d4826000, 0x00007fd6d6037800, 0x00007fd6d508e000, 0x00007fd6d508c000,
0x00007fd6d508d000, 0x00007fd6d6045800, 0x00007fd6d6042800, 0x00007fd6d4826800,
0x00007fd6d517a800, 0x00007fd6d4ad7000, 0x00007fd6d4aeb000, 0x00007fd6d4b97000
}

Java Threads: ( => current thread )
  0x00007fd6d4826000 JavaThread "Reference Handler" daemon [_thread_blocked, id=15363, stack(0x0000700005479000,0x0000700005579000)]
  0x00007fd6d6037800 JavaThread "Finalizer" daemon [_thread_blocked, id=15875, stack(0x000070000557c000,0x000070000567c000)]
  0x00007fd6d508e000 JavaThread "Signal Dispatcher" daemon [_thread_blocked, id=18183, stack(0x000070000567f000,0x000070000577f000)]
  0x00007fd6d508c000 JavaThread "Service Thread" daemon [_thread_blocked, id=22019, stack(0x0000700005782000,0x0000700005882000)]
  0x00007fd6d508d000 JavaThread "C2 CompilerThread0" daemon [_thread_blocked, id=42499, stack(0x0000700005885000,0x0000700005985000)]
  0x00007fd6d6045800 JavaThread "C1 CompilerThread0" daemon [_thread_blocked, id=41987, stack(0x0000700005988000,0x0000700005a88000)]
  0x00007fd6d6042800 JavaThread "Sweeper thread" daemon [_thread_blocked, id=23299, stack(0x0000700005a8b000,0x0000700005b8b000)]
  0x00007fd6d4826800 JavaThread "Common-Cleaner" daemon [_thread_blocked, id=41475, stack(0x0000700005c91000,0x0000700005d91000)]
  0x00007fd6d517a800 JavaThread "AppKit Thread" daemon [_thread_in_native, id=775, stack(0x00007ffeed885000,0x00007ffeee085000)]
=>0x00007fd6d4ad7000 JavaThread "LWJGL Application" [_thread_in_native, id=112387, stack(0x00007000061a9000,0x00007000062a9000)]
  0x00007fd6d4aeb000 JavaThread "DestroyJavaVM" [_thread_blocked, id=8451, stack(0x0000000103121000,0x0000000103221000)]
  0x00007fd6d4b97000 JavaThread "AWT-Shutdown" [_thread_blocked, id=34607, stack(0x0000700005e17000,0x0000700005f17000)]

Other Threads:
  0x00007fd6d6039800 VMThread "VM Thread" [stack: 0x0000700005376000,0x0000700005476000] [id=14851]
  0x00007fd6d480a000 WatcherThread [stack: 0x0000700005b8e000,0x0000700005c8e000] [id=23811]
  0x00007fd6d500a000 GCTaskThread "GC Thread#0" [stack: 0x0000700004e67000,0x0000700004f67000] [id=12547]
  0x00007fd6d5a79000 GCTaskThread "GC Thread#1" [stack: 0x00007000062ac000,0x00007000063ac000] [id=131855]
  0x00007fd6d59ec800 GCTaskThread "GC Thread#2" [stack: 0x00007000063af000,0x00007000064af000] [id=173059]
  0x00007fd6d581a000 GCTaskThread "GC Thread#3" [stack: 0x00007000064b2000,0x00007000065b2000] [id=132611]
  0x00007fd6d503b000 ConcurrentGCThread "G1 Main Marker" [stack: 0x0000700004f6a000,0x000070000506a000] [id=20995]
  0x00007fd6d503c000 ConcurrentGCThread "G1 Conc#0" [stack: 0x000070000506d000,0x000070000516d000] [id=13571]
  0x00007fd6d600d800 ConcurrentGCThread "G1 Refine#0" [stack: 0x0000700005170000,0x0000700005270000] [id=20483]
  0x00007fd6d600e000 ConcurrentGCThread "G1 Young RemSet Sampling" [stack: 0x0000700005273000,0x0000700005373000] [id=14083]

Threads with active compile tasks:

VM state:not at safepoint (normal execution)

VM Mutex/Monitor currently owned by a thread: None

Heap address: 0x0000000780000000, size: 2048 MB, Compressed Oops mode: Zero based, Oop shift amount: 3
Narrow klass base: 0x0000000800000000, Narrow klass shift: 0
Compressed class space size: 1073741824 Address: 0x0000000800000000

Heap:
 garbage-first heap   total 131072K, used 8034K [0x0000000780000000, 0x0000000800000000)
  region size 1024K, 8 young (8192K), 2 survivors (2048K)
 Metaspace       used 12060K, capacity 12306K, committed 12672K, reserved 1060864K
  class space    used 1015K, capacity 1089K, committed 1152K, reserved 1048576K
Heap Regions: E=young(eden), S=young(survivor), O=old, HS=humongous(starts), HC=humongous(continues), CS=collection set, F=free, A=archive, TAMS=top-at-mark-start (previous, next)
|   0|0x0000000780000000, 0x00000007800d8a00, 0x0000000780100000| 84%| O|  |TAMS 0x0000000780000000, 0x0000000780000000| Untracked 
|   1|0x0000000780100000, 0x0000000780100000, 0x0000000780200000|  0%| F|  |TAMS 0x0000000780100000, 0x0000000780100000| Untracked 
|   2|0x0000000780200000, 0x0000000780200000, 0x0000000780300000|  0%| F|  |TAMS 0x0000000780200000, 0x0000000780200000| Untracked 
|   3|0x0000000780300000, 0x0000000780300000, 0x0000000780400000|  0%| F|  |TAMS 0x0000000780300000, 0x0000000780300000| Untracked 
|   4|0x0000000780400000, 0x0000000780400000, 0x0000000780500000|  0%| F|  |TAMS 0x0000000780400000, 0x0000000780400000| Untracked 
|   5|0x0000000780500000, 0x0000000780500000, 0x0000000780600000|  0%| F|  |TAMS 0x0000000780500000, 0x0000000780500000| Untracked 
|   6|0x0000000780600000, 0x0000000780600000, 0x0000000780700000|  0%| F|  |TAMS 0x0000000780600000, 0x0000000780600000| Untracked 
|   7|0x0000000780700000, 0x0000000780700000, 0x0000000780800000|  0%| F|  |TAMS 0x0000000780700000, 0x0000000780700000| Untracked 
|   8|0x0000000780800000, 0x0000000780800000, 0x0000000780900000|  0%| F|  |TAMS 0x0000000780800000, 0x0000000780800000| Untracked 
|   9|0x0000000780900000, 0x0000000780900000, 0x0000000780a00000|  0%| F|  |TAMS 0x0000000780900000, 0x0000000780900000| Untracked 
|  10|0x0000000780a00000, 0x0000000780a00000, 0x0000000780b00000|  0%| F|  |TAMS 0x0000000780a00000, 0x0000000780a00000| Untracked 
|  11|0x0000000780b00000, 0x0000000780b00000, 0x0000000780c00000|  0%| F|  |TAMS 0x0000000780b00000, 0x0000000780b00000| Untracked 
|  12|0x0000000780c00000, 0x0000000780c00000, 0x0000000780d00000|  0%| F|  |TAMS 0x0000000780c00000, 0x0000000780c00000| Untracked 
|  13|0x0000000780d00000, 0x0000000780d00000, 0x0000000780e00000|  0%| F|  |TAMS 0x0000000780d00000, 0x0000000780d00000| Untracked 
|  14|0x0000000780e00000, 0x0000000780e00000, 0x0000000780f00000|  0%| F|  |TAMS 0x0000000780e00000, 0x0000000780e00000| Untracked 
|  15|0x0000000780f00000, 0x0000000780f00000, 0x0000000781000000|  0%| F|  |TAMS 0x0000000780f00000, 0x0000000780f00000| Untracked 
|  16|0x0000000781000000, 0x0000000781000000, 0x0000000781100000|  0%| F|  |TAMS 0x0000000781000000, 0x0000000781000000| Untracked 
|  17|0x0000000781100000, 0x0000000781100000, 0x0000000781200000|  0%| F|  |TAMS 0x0000000781100000, 0x0000000781100000| Untracked 
|  18|0x0000000781200000, 0x0000000781200000, 0x0000000781300000|  0%| F|  |TAMS 0x0000000781200000, 0x0000000781200000| Untracked 
|  19|0x0000000781300000, 0x0000000781300000, 0x0000000781400000|  0%| F|  |TAMS 0x0000000781300000, 0x0000000781300000| Untracked 
|  20|0x0000000781400000, 0x0000000781400000, 0x0000000781500000|  0%| F|  |TAMS 0x0000000781400000, 0x0000000781400000| Untracked 
|  21|0x0000000781500000, 0x0000000781500000, 0x0000000781600000|  0%| F|  |TAMS 0x0000000781500000, 0x0000000781500000| Untracked 
|  22|0x0000000781600000, 0x0000000781600000, 0x0000000781700000|  0%| F|  |TAMS 0x0000000781600000, 0x0000000781600000| Untracked 
|  23|0x0000000781700000, 0x0000000781700000, 0x0000000781800000|  0%| F|  |TAMS 0x0000000781700000, 0x0000000781700000| Untracked 
|  24|0x0000000781800000, 0x0000000781800000, 0x0000000781900000|  0%| F|  |TAMS 0x0000000781800000, 0x0000000781800000| Untracked 
|  25|0x0000000781900000, 0x0000000781900000, 0x0000000781a00000|  0%| F|  |TAMS 0x0000000781900000, 0x0000000781900000| Untracked 
|  26|0x0000000781a00000, 0x0000000781a00000, 0x0000000781b00000|  0%| F|  |TAMS 0x0000000781a00000, 0x0000000781a00000| Untracked 
|  27|0x0000000781b00000, 0x0000000781b00000, 0x0000000781c00000|  0%| F|  |TAMS 0x0000000781b00000, 0x0000000781b00000| Untracked 
|  28|0x0000000781c00000, 0x0000000781c00000, 0x0000000781d00000|  0%| F|  |TAMS 0x0000000781c00000, 0x0000000781c00000| Untracked 
|  29|0x0000000781d00000, 0x0000000781d00000, 0x0000000781e00000|  0%| F|  |TAMS 0x0000000781d00000, 0x0000000781d00000| Untracked 
|  30|0x0000000781e00000, 0x0000000781e00000, 0x0000000781f00000|  0%| F|  |TAMS 0x0000000781e00000, 0x0000000781e00000| Untracked 
|  31|0x0000000781f00000, 0x0000000781f00000, 0x0000000782000000|  0%| F|  |TAMS 0x0000000781f00000, 0x0000000781f00000| Untracked 
|  32|0x0000000782000000, 0x0000000782000000, 0x0000000782100000|  0%| F|  |TAMS 0x0000000782000000, 0x0000000782000000| Untracked 
|  33|0x0000000782100000, 0x0000000782100000, 0x0000000782200000|  0%| F|  |TAMS 0x0000000782100000, 0x0000000782100000| Untracked 
|  34|0x0000000782200000, 0x0000000782200000, 0x0000000782300000|  0%| F|  |TAMS 0x0000000782200000, 0x0000000782200000| Untracked 
|  35|0x0000000782300000, 0x0000000782300000, 0x0000000782400000|  0%| F|  |TAMS 0x0000000782300000, 0x0000000782300000| Untracked 
|  36|0x0000000782400000, 0x0000000782400000, 0x0000000782500000|  0%| F|  |TAMS 0x0000000782400000, 0x0000000782400000| Untracked 
|  37|0x0000000782500000, 0x0000000782500000, 0x0000000782600000|  0%| F|  |TAMS 0x0000000782500000, 0x0000000782500000| Untracked 
|  38|0x0000000782600000, 0x0000000782600000, 0x0000000782700000|  0%| F|  |TAMS 0x0000000782600000, 0x0000000782600000| Untracked 
|  39|0x0000000782700000, 0x0000000782700000, 0x0000000782800000|  0%| F|  |TAMS 0x0000000782700000, 0x0000000782700000| Untracked 
|  40|0x0000000782800000, 0x0000000782800000, 0x0000000782900000|  0%| F|  |TAMS 0x0000000782800000, 0x0000000782800000| Untracked 
|  41|0x0000000782900000, 0x0000000782900000, 0x0000000782a00000|  0%| F|  |TAMS 0x0000000782900000, 0x0000000782900000| Untracked 
|  42|0x0000000782a00000, 0x0000000782a00000, 0x0000000782b00000|  0%| F|  |TAMS 0x0000000782a00000, 0x0000000782a00000| Untracked 
|  43|0x0000000782b00000, 0x0000000782b00000, 0x0000000782c00000|  0%| F|  |TAMS 0x0000000782b00000, 0x0000000782b00000| Untracked 
|  44|0x0000000782c00000, 0x0000000782c00000, 0x0000000782d00000|  0%| F|  |TAMS 0x0000000782c00000, 0x0000000782c00000| Untracked 
|  45|0x0000000782d00000, 0x0000000782d00000, 0x0000000782e00000|  0%| F|  |TAMS 0x0000000782d00000, 0x0000000782d00000| Untracked 
|  46|0x0000000782e00000, 0x0000000782e00000, 0x0000000782f00000|  0%| F|  |TAMS 0x0000000782e00000, 0x0000000782e00000| Untracked 
|  47|0x0000000782f00000, 0x0000000782f00000, 0x0000000783000000|  0%| F|  |TAMS 0x0000000782f00000, 0x0000000782f00000| Untracked 
|  48|0x0000000783000000, 0x0000000783000000, 0x0000000783100000|  0%| F|  |TAMS 0x0000000783000000, 0x0000000783000000| Untracked 
|  49|0x0000000783100000, 0x0000000783100000, 0x0000000783200000|  0%| F|  |TAMS 0x0000000783100000, 0x0000000783100000| Untracked 
|  50|0x0000000783200000, 0x0000000783200000, 0x0000000783300000|  0%| F|  |TAMS 0x0000000783200000, 0x0000000783200000| Untracked 
|  51|0x0000000783300000, 0x0000000783300000, 0x0000000783400000|  0%| F|  |TAMS 0x0000000783300000, 0x0000000783300000| Untracked 
|  52|0x0000000783400000, 0x0000000783400000, 0x0000000783500000|  0%| F|  |TAMS 0x0000000783400000, 0x0000000783400000| Untracked 
|  53|0x0000000783500000, 0x0000000783500000, 0x0000000783600000|  0%| F|  |TAMS 0x0000000783500000, 0x0000000783500000| Untracked 
|  54|0x0000000783600000, 0x0000000783600000, 0x0000000783700000|  0%| F|  |TAMS 0x0000000783600000, 0x0000000783600000| Untracked 
|  55|0x0000000783700000, 0x0000000783700000, 0x0000000783800000|  0%| F|  |TAMS 0x0000000783700000, 0x0000000783700000| Untracked 
|  56|0x0000000783800000, 0x0000000783800000, 0x0000000783900000|  0%| F|  |TAMS 0x0000000783800000, 0x0000000783800000| Untracked 
|  57|0x0000000783900000, 0x0000000783900000, 0x0000000783a00000|  0%| F|  |TAMS 0x0000000783900000, 0x0000000783900000| Untracked 
|  58|0x0000000783a00000, 0x0000000783a00000, 0x0000000783b00000|  0%| F|  |TAMS 0x0000000783a00000, 0x0000000783a00000| Untracked 
|  59|0x0000000783b00000, 0x0000000783b00000, 0x0000000783c00000|  0%| F|  |TAMS 0x0000000783b00000, 0x0000000783b00000| Untracked 
|  60|0x0000000783c00000, 0x0000000783c00000, 0x0000000783d00000|  0%| F|  |TAMS 0x0000000783c00000, 0x0000000783c00000| Untracked 
|  61|0x0000000783d00000, 0x0000000783d00000, 0x0000000783e00000|  0%| F|  |TAMS 0x0000000783d00000, 0x0000000783d00000| Untracked 
|  62|0x0000000783e00000, 0x0000000783e00000, 0x0000000783f00000|  0%| F|  |TAMS 0x0000000783e00000, 0x0000000783e00000| Untracked 
|  63|0x0000000783f00000, 0x0000000783f00000, 0x0000000784000000|  0%| F|  |TAMS 0x0000000783f00000, 0x0000000783f00000| Untracked 
|  64|0x0000000784000000, 0x0000000784000000, 0x0000000784100000|  0%| F|  |TAMS 0x0000000784000000, 0x0000000784000000| Untracked 
|  65|0x0000000784100000, 0x0000000784100000, 0x0000000784200000|  0%| F|  |TAMS 0x0000000784100000, 0x0000000784100000| Untracked 
|  66|0x0000000784200000, 0x0000000784200000, 0x0000000784300000|  0%| F|  |TAMS 0x0000000784200000, 0x0000000784200000| Untracked 
|  67|0x0000000784300000, 0x0000000784300000, 0x0000000784400000|  0%| F|  |TAMS 0x0000000784300000, 0x0000000784300000| Untracked 
|  68|0x0000000784400000, 0x0000000784400000, 0x0000000784500000|  0%| F|  |TAMS 0x0000000784400000, 0x0000000784400000| Untracked 
|  69|0x0000000784500000, 0x0000000784500000, 0x0000000784600000|  0%| F|  |TAMS 0x0000000784500000, 0x0000000784500000| Untracked 
|  70|0x0000000784600000, 0x0000000784600000, 0x0000000784700000|  0%| F|  |TAMS 0x0000000784600000, 0x0000000784600000| Untracked 
|  71|0x0000000784700000, 0x0000000784700000, 0x0000000784800000|  0%| F|  |TAMS 0x0000000784700000, 0x0000000784700000| Untracked 
|  72|0x0000000784800000, 0x0000000784800000, 0x0000000784900000|  0%| F|  |TAMS 0x0000000784800000, 0x0000000784800000| Untracked 
|  73|0x0000000784900000, 0x0000000784900000, 0x0000000784a00000|  0%| F|  |TAMS 0x0000000784900000, 0x0000000784900000| Untracked 
|  74|0x0000000784a00000, 0x0000000784a00000, 0x0000000784b00000|  0%| F|  |TAMS 0x0000000784a00000, 0x0000000784a00000| Untracked 
|  75|0x0000000784b00000, 0x0000000784b00000, 0x0000000784c00000|  0%| F|  |TAMS 0x0000000784b00000, 0x0000000784b00000| Untracked 
|  76|0x0000000784c00000, 0x0000000784c00000, 0x0000000784d00000|  0%| F|  |TAMS 0x0000000784c00000, 0x0000000784c00000| Untracked 
|  77|0x0000000784d00000, 0x0000000784d00000, 0x0000000784e00000|  0%| F|  |TAMS 0x0000000784d00000, 0x0000000784d00000| Untracked 
|  78|0x0000000784e00000, 0x0000000784e00000, 0x0000000784f00000|  0%| F|  |TAMS 0x0000000784e00000, 0x0000000784e00000| Untracked 
|  79|0x0000000784f00000, 0x0000000784f00000, 0x0000000785000000|  0%| F|  |TAMS 0x0000000784f00000, 0x0000000784f00000| Untracked 
|  80|0x0000000785000000, 0x0000000785000000, 0x0000000785100000|  0%| F|  |TAMS 0x0000000785000000, 0x0000000785000000| Untracked 
|  81|0x0000000785100000, 0x0000000785100000, 0x0000000785200000|  0%| F|  |TAMS 0x0000000785100000, 0x0000000785100000| Untracked 
|  82|0x0000000785200000, 0x0000000785200000, 0x0000000785300000|  0%| F|  |TAMS 0x0000000785200000, 0x0000000785200000| Untracked 
|  83|0x0000000785300000, 0x0000000785300000, 0x0000000785400000|  0%| F|  |TAMS 0x0000000785300000, 0x0000000785300000| Untracked 
|  84|0x0000000785400000, 0x0000000785400000, 0x0000000785500000|  0%| F|  |TAMS 0x0000000785400000, 0x0000000785400000| Untracked 
|  85|0x0000000785500000, 0x0000000785500000, 0x0000000785600000|  0%| F|  |TAMS 0x0000000785500000, 0x0000000785500000| Untracked 
|  86|0x0000000785600000, 0x0000000785600000, 0x0000000785700000|  0%| F|  |TAMS 0x0000000785600000, 0x0000000785600000| Untracked 
|  87|0x0000000785700000, 0x0000000785700000, 0x0000000785800000|  0%| F|  |TAMS 0x0000000785700000, 0x0000000785700000| Untracked 
|  88|0x0000000785800000, 0x0000000785800000, 0x0000000785900000|  0%| F|  |TAMS 0x0000000785800000, 0x0000000785800000| Untracked 
|  89|0x0000000785900000, 0x0000000785900000, 0x0000000785a00000|  0%| F|  |TAMS 0x0000000785900000, 0x0000000785900000| Untracked 
|  90|0x0000000785a00000, 0x0000000785a00000, 0x0000000785b00000|  0%| F|  |TAMS 0x0000000785a00000, 0x0000000785a00000| Untracked 
|  91|0x0000000785b00000, 0x0000000785b00000, 0x0000000785c00000|  0%| F|  |TAMS 0x0000000785b00000, 0x0000000785b00000| Untracked 
|  92|0x0000000785c00000, 0x0000000785c00000, 0x0000000785d00000|  0%| F|  |TAMS 0x0000000785c00000, 0x0000000785c00000| Untracked 
|  93|0x0000000785d00000, 0x0000000785d00000, 0x0000000785e00000|  0%| F|  |TAMS 0x0000000785d00000, 0x0000000785d00000| Untracked 
|  94|0x0000000785e00000, 0x0000000785e00000, 0x0000000785f00000|  0%| F|  |TAMS 0x0000000785e00000, 0x0000000785e00000| Untracked 
|  95|0x0000000785f00000, 0x0000000785f00000, 0x0000000786000000|  0%| F|  |TAMS 0x0000000785f00000, 0x0000000785f00000| Untracked 
|  96|0x0000000786000000, 0x0000000786000000, 0x0000000786100000|  0%| F|  |TAMS 0x0000000786000000, 0x0000000786000000| Untracked 
|  97|0x0000000786100000, 0x0000000786100000, 0x0000000786200000|  0%| F|  |TAMS 0x0000000786100000, 0x0000000786100000| Untracked 
|  98|0x0000000786200000, 0x0000000786200000, 0x0000000786300000|  0%| F|  |TAMS 0x0000000786200000, 0x0000000786200000| Untracked 
|  99|0x0000000786300000, 0x0000000786300000, 0x0000000786400000|  0%| F|  |TAMS 0x0000000786300000, 0x0000000786300000| Untracked 
| 100|0x0000000786400000, 0x0000000786400000, 0x0000000786500000|  0%| F|  |TAMS 0x0000000786400000, 0x0000000786400000| Untracked 
| 101|0x0000000786500000, 0x0000000786500000, 0x0000000786600000|  0%| F|  |TAMS 0x0000000786500000, 0x0000000786500000| Untracked 
| 102|0x0000000786600000, 0x0000000786600000, 0x0000000786700000|  0%| F|  |TAMS 0x0000000786600000, 0x0000000786600000| Untracked 
| 103|0x0000000786700000, 0x0000000786700000, 0x0000000786800000|  0%| F|  |TAMS 0x0000000786700000, 0x0000000786700000| Untracked 
| 104|0x0000000786800000, 0x0000000786800000, 0x0000000786900000|  0%| F|  |TAMS 0x0000000786800000, 0x0000000786800000| Untracked 
| 105|0x0000000786900000, 0x0000000786900000, 0x0000000786a00000|  0%| F|  |TAMS 0x0000000786900000, 0x0000000786900000| Untracked 
| 106|0x0000000786a00000, 0x0000000786a00000, 0x0000000786b00000|  0%| F|  |TAMS 0x0000000786a00000, 0x0000000786a00000| Untracked 
| 107|0x0000000786b00000, 0x0000000786b00000, 0x0000000786c00000|  0%| F|  |TAMS 0x0000000786b00000, 0x0000000786b00000| Untracked 
| 108|0x0000000786c00000, 0x0000000786c00000, 0x0000000786d00000|  0%| F|  |TAMS 0x0000000786c00000, 0x0000000786c00000| Untracked 
| 109|0x0000000786d00000, 0x0000000786d00000, 0x0000000786e00000|  0%| F|  |TAMS 0x0000000786d00000, 0x0000000786d00000| Untracked 
| 110|0x0000000786e00000, 0x0000000786e00000, 0x0000000786f00000|  0%| F|  |TAMS 0x0000000786e00000, 0x0000000786e00000| Untracked 
| 111|0x0000000786f00000, 0x0000000786f00000, 0x0000000787000000|  0%| F|  |TAMS 0x0000000786f00000, 0x0000000786f00000| Untracked 
| 112|0x0000000787000000, 0x0000000787100000, 0x0000000787100000|100%| S|CS|TAMS 0x0000000787000000, 0x0000000787000000| Complete 
| 113|0x0000000787100000, 0x0000000787200000, 0x0000000787200000|100%| S|CS|TAMS 0x0000000787100000, 0x0000000787100000| Complete 
| 114|0x0000000787200000, 0x0000000787200000, 0x0000000787300000|  0%| F|  |TAMS 0x0000000787200000, 0x0000000787200000| Untracked 
| 115|0x0000000787300000, 0x0000000787300000, 0x0000000787400000|  0%| F|  |TAMS 0x0000000787300000, 0x0000000787300000| Untracked 
| 116|0x0000000787400000, 0x0000000787400000, 0x0000000787500000|  0%| F|  |TAMS 0x0000000787400000, 0x0000000787400000| Untracked 
| 117|0x0000000787500000, 0x0000000787500000, 0x0000000787600000|  0%| F|  |TAMS 0x0000000787500000, 0x0000000787500000| Untracked 
| 118|0x0000000787600000, 0x0000000787600000, 0x0000000787700000|  0%| F|  |TAMS 0x0000000787600000, 0x0000000787600000| Untracked 
| 119|0x0000000787700000, 0x0000000787700000, 0x0000000787800000|  0%| F|  |TAMS 0x0000000787700000, 0x0000000787700000| Untracked 
| 120|0x0000000787800000, 0x0000000787800000, 0x0000000787900000|  0%| F|  |TAMS 0x0000000787800000, 0x0000000787800000| Untracked 
| 121|0x0000000787900000, 0x0000000787900000, 0x0000000787a00000|  0%| F|  |TAMS 0x0000000787900000, 0x0000000787900000| Untracked 
| 122|0x0000000787a00000, 0x0000000787a00800, 0x0000000787b00000|  0%| E|  |TAMS 0x0000000787a00000, 0x0000000787a00000| Complete 
| 123|0x0000000787b00000, 0x0000000787c00000, 0x0000000787c00000|100%| E|CS|TAMS 0x0000000787b00000, 0x0000000787b00000| Complete 
| 124|0x0000000787c00000, 0x0000000787d00000, 0x0000000787d00000|100%| E|CS|TAMS 0x0000000787c00000, 0x0000000787c00000| Complete 
| 125|0x0000000787d00000, 0x0000000787e00000, 0x0000000787e00000|100%| E|CS|TAMS 0x0000000787d00000, 0x0000000787d00000| Complete 
| 126|0x0000000787e00000, 0x0000000787f00000, 0x0000000787f00000|100%| E|CS|TAMS 0x0000000787e00000, 0x0000000787e00000| Complete 
| 127|0x0000000787f00000, 0x0000000788000000, 0x0000000788000000|100%| E|CS|TAMS 0x0000000787f00000, 0x0000000787f00000| Complete 

Card table byte_map: [0x0000000107851000,0x0000000107c51000] _byte_map_base: 0x0000000103c51000

Marking Bits (Prev, Next): (CMBitMap*) 0x00007fd6d5032618, (CMBitMap*) 0x00007fd6d5032650
 Prev Bits: [0x0000000108051000, 0x000000010a051000)
 Next Bits: [0x000000010a051000, 0x000000010c051000)

Polling page: 0x0000000101be5000

Metaspace:

Usage:
  Non-class:     10.95 MB capacity,    10.79 MB ( 98%) used,   155.84 KB (  1%) free+waste,    16.19 KB ( <1%) overhead. 
      Class:      1.06 MB capacity,  1015.83 KB ( 93%) used,    66.36 KB (  6%) free+waste,     6.81 KB ( <1%) overhead. 
       Both:     12.02 MB capacity,    11.78 MB ( 98%) used,   222.20 KB (  2%) free+waste,    23.00 KB ( <1%) overhead. 

Virtual space:
  Non-class space:       12.00 MB reserved,      11.25 MB ( 94%) committed 
      Class space:        1.00 GB reserved,       1.12 MB ( <1%) committed 
             Both:        1.01 GB reserved,      12.38 MB (  1%) committed 

Chunk freelists:
   Non-Class:  291.00 KB
       Class:  31.00 KB
        Both:  322.00 KB

MaxMetaspaceSize: unlimited
CompressedClassSpaceSize: 1.00 GB
Initial GC threshold: 20.80 MB
Current GC threshold: 20.80 MB
CDS: off

CodeHeap 'non-profiled nmethods': size=120032Kb used=363Kb max_used=363Kb free=119668Kb
 bounds [0x0000009c258b5000, 0x0000009c25b25000, 0x0000009c2cded000]
CodeHeap 'profiled nmethods': size=120032Kb used=2094Kb max_used=2094Kb free=117937Kb
 bounds [0x0000009c1e37d000, 0x0000009c1e5ed000, 0x0000009c258b5000]
CodeHeap 'non-nmethods': size=5696Kb used=1270Kb max_used=1290Kb free=4425Kb
 bounds [0x0000009c1dded000, 0x0000009c1e05d000, 0x0000009c1e37d000]
 total_blobs=1661 nmethods=1103 adapters=472
 compilation: enabled
              stopped_count=0, restarted_count=0
 full_count=0

Compilation events (20 events):
Event: 2.638 Thread 0x00007fd6d6045800 1099       3       com.mygdx.game.Entity::getPosition (8 bytes)
Event: 2.638 Thread 0x00007fd6d6045800 nmethod 1099 0x0000009c1e584290 code [0x0000009c1e584440, 0x0000009c1e584588]
Event: 2.675 Thread 0x00007fd6d6045800 1100   !   3       org.lwjgl.opengl.Display::isCreated (17 bytes)
Event: 2.675 Thread 0x00007fd6d6045800 nmethod 1100 0x0000009c1e584690 code [0x0000009c1e584840, 0x0000009c1e584a98]
Event: 2.691 Thread 0x00007fd6d6045800 1101       3       com.badlogic.gdx.graphics.g2d.SpriteBatch::switchTexture (32 bytes)
Event: 2.691 Thread 0x00007fd6d6045800 nmethod 1101 0x0000009c1e584b90 code [0x0000009c1e584da0, 0x0000009c1e5851e8]
Event: 2.691 Thread 0x00007fd6d6045800 1102       3       com.badlogic.gdx.math.Plane::set (60 bytes)
Event: 2.692 Thread 0x00007fd6d6045800 nmethod 1102 0x0000009c1e585390 code [0x0000009c1e5855e0, 0x0000009c1e585d68]
Event: 2.692 Thread 0x00007fd6d6045800 1103       3       com.badlogic.gdx.math.Vector3::crs (44 bytes)
Event: 2.692 Thread 0x00007fd6d6045800 nmethod 1103 0x0000009c1e586090 code [0x0000009c1e586240, 0x0000009c1e5863f8]
Event: 2.705 Thread 0x00007fd6d6045800 1105       3       com.badlogic.gdx.backends.lwjgl.LwjglGL20::glDrawElements (124 bytes)
Event: 2.708 Thread 0x00007fd6d6045800 nmethod 1105 0x0000009c1e586510 code [0x0000009c1e586840, 0x0000009c1e587bd8]
Event: 2.708 Thread 0x00007fd6d6045800 1106       1       org.lwjgl.DefaultSysImplementation::getTimerResolution (4 bytes)
Event: 2.708 Thread 0x00007fd6d6045800 nmethod 1106 0x0000009c2590f890 code [0x0000009c2590fa40, 0x0000009c2590faf8]
Event: 2.721 Thread 0x00007fd6d6045800 1107       3       com.badlogic.gdx.physics.box2d.Body::getLinearVelocity (43 bytes)
Event: 2.721 Thread 0x00007fd6d6045800 nmethod 1107 0x0000009c1e588090 code [0x0000009c1e588260, 0x0000009c1e588408]
Event: 2.722 Thread 0x00007fd6d6045800 1108       1       com.badlogic.gdx.graphics.glutils.ShapeRenderer$ShapeType::getGlType (5 bytes)
Event: 2.722 Thread 0x00007fd6d6045800 nmethod 1108 0x0000009c2590fb90 code [0x0000009c2590fd40, 0x0000009c2590fdf8]
Event: 2.722 Thread 0x00007fd6d6045800 1109       3       com.badlogic.gdx.physics.box2d.Fixture::getType (66 bytes)
Event: 2.723 Thread 0x00007fd6d6045800 nmethod 1109 0x0000009c1e588590 code [0x0000009c1e588780, 0x0000009c1e588a98]

GC Heap History (2 events):
Event: 1.727 GC heap before
{Heap before GC invocations=0 (full 0):
 garbage-first heap   total 131072K, used 13312K [0x0000000780000000, 0x0000000800000000)
  region size 1024K, 14 young (14336K), 0 survivors (0K)
 Metaspace       used 11445K, capacity 11602K, committed 12160K, reserved 1060864K
  class space    used 967K, capacity 1025K, committed 1152K, reserved 1048576K
}
Event: 1.739 GC heap after
{Heap after GC invocations=1 (full 0):
 garbage-first heap   total 131072K, used 2914K [0x0000000780000000, 0x0000000800000000)
  region size 1024K, 2 young (2048K), 2 survivors (2048K)
 Metaspace       used 11445K, capacity 11602K, committed 12160K, reserved 1060864K
  class space    used 967K, capacity 1025K, committed 1152K, reserved 1048576K
}

Deoptimization events (20 events):
Event: 2.303 Thread 0x00007fd6d4ad7000 Uncommon trap: trap_request=0xffffff4d fr.pc=0x0000009c25907e68 relative=0x0000000000000aa8
Event: 2.303 Thread 0x00007fd6d4ad7000 Uncommon trap: reason=unstable_if action=reinterpret pc=0x0000009c25907e68 method=com.badlogic.gdx.graphics.g2d.SpriteBatch.draw(Lcom/badlogic/gdx/graphics/Texture;[FII)V @ 33 c2
Event: 2.303 Thread 0x00007fd6d4ad7000 DEOPT PACKING pc=0x0000009c25907e68 sp=0x00007000062a8620
Event: 2.303 Thread 0x00007fd6d4ad7000 DEOPT UNPACKING pc=0x0000009c1de36ead sp=0x00007000062a84b0 mode 2
Event: 2.308 Thread 0x00007fd6d4ad7000 DEOPT PACKING pc=0x0000009c1e554c97 sp=0x00007000062a8600
Event: 2.308 Thread 0x00007fd6d4ad7000 DEOPT UNPACKING pc=0x0000009c1de37652 sp=0x00007000062a7a48 mode 0
Event: 2.322 Thread 0x00007fd6d4ad7000 DEOPT PACKING pc=0x0000009c1e554c97 sp=0x00007000062a8600
Event: 2.322 Thread 0x00007fd6d4ad7000 DEOPT UNPACKING pc=0x0000009c1de37652 sp=0x00007000062a7a48 mode 0
Event: 2.324 Thread 0x00007fd6d4ad7000 DEOPT PACKING pc=0x0000009c1e554c97 sp=0x00007000062a8600
Event: 2.324 Thread 0x00007fd6d4ad7000 DEOPT UNPACKING pc=0x0000009c1de37652 sp=0x00007000062a7a48 mode 0
Event: 2.339 Thread 0x00007fd6d4ad7000 DEOPT PACKING pc=0x0000009c1e554c97 sp=0x00007000062a8600
Event: 2.339 Thread 0x00007fd6d4ad7000 DEOPT UNPACKING pc=0x0000009c1de37652 sp=0x00007000062a7a48 mode 0
Event: 2.354 Thread 0x00007fd6d4ad7000 DEOPT PACKING pc=0x0000009c1e554c97 sp=0x00007000062a8600
Event: 2.354 Thread 0x00007fd6d4ad7000 DEOPT UNPACKING pc=0x0000009c1de37652 sp=0x00007000062a7a48 mode 0
Event: 2.360 Thread 0x00007fd6d4ad7000 DEOPT PACKING pc=0x0000009c1e554c97 sp=0x00007000062a8600
Event: 2.360 Thread 0x00007fd6d4ad7000 DEOPT UNPACKING pc=0x0000009c1de37652 sp=0x00007000062a7a48 mode 0
Event: 2.371 Thread 0x00007fd6d4ad7000 DEOPT PACKING pc=0x0000009c1e554c97 sp=0x00007000062a8600
Event: 2.371 Thread 0x00007fd6d4ad7000 DEOPT UNPACKING pc=0x0000009c1de37652 sp=0x00007000062a7a48 mode 0
Event: 2.373 Thread 0x00007fd6d4ad7000 DEOPT PACKING pc=0x0000009c1e554c97 sp=0x00007000062a8600
Event: 2.373 Thread 0x00007fd6d4ad7000 DEOPT UNPACKING pc=0x0000009c1de37652 sp=0x00007000062a7a48 mode 0

Classes redefined (0 events):
No events

Internal exceptions (17 events):
Event: 0.517 Thread 0x00007fd6d581a000 Exception <a 'java/lang/ClassNotFoundException'{0x0000000787cb3c58}: sun/awt/resources/spi/awtProvider> (0x0000000787cb3c58) thrown at [src/hotspot/share/classfile/systemDictionary.cpp, line 231]
Event: 0.584 Thread 0x00007fd6d581a000 Exception <a 'java/io/FileNotFoundException'{0x0000000787b46370}> (0x0000000787b46370) thrown at [src/hotspot/share/prims/jni.cpp, line 616]
Event: 0.610 Thread 0x00007fd6d581a000 Exception <a 'java/lang/NoSuchMethodError'{0x0000000787ba1528}: 'java.lang.Object java.lang.invoke.DirectMethodHandle$Holder.invokeStatic(java.lang.Object, java.lang.Object, java.lang.Object, java.lang.Object, java.lang.Object, java.lang.Object, java.lang.Object, java.lang.Object, java.lang.Object, java.lang.Object, java.lang.Object, java.lang.Object, java.lang.Object, java.lang.Object, java.lang.Object)'> (0x0000000787ba1528) thrown at [src/hotspot/share/interpreter/linkResolver.cpp, line 773]
Event: 0.613 Thread 0x00007fd6d581a000 Exception <a 'java/lang/NoSuchMethodError'{0x0000000787baf298}: 'java.lang.Object java.lang.invoke.DirectMethodHandle$Holder.invokeStatic(java.lang.Object, java.lang.Object, java.lang.Object, java.lang.Object, java.lang.Object, java.lang.Object, java.lang.Object, java.lang.Object, java.lang.Object, java.lang.Object, java.lang.Object, java.lang.Object, java.lang.Object, java.lang.Object, java.lang.Object, java.lang.Object)'> (0x0000000787baf298) thrown at [src/hotspot/share/interpreter/linkResolver.cpp, lin
Event: 0.616 Thread 0x00007fd6d581a000 Exception <a 'java/lang/NoSuchMethodError'{0x0000000787bbcf08}: 'java.lang.Object java.lang.invoke.DirectMethodHandle$Holder.invokeSpecial(java.lang.Object, java.lang.Object, int, int, java.lang.Object, java.lang.Object, java.lang.Object)'> (0x0000000787bbcf08) thrown at [src/hotspot/share/interpreter/linkResolver.cpp, line 773]
Event: 0.617 Thread 0x00007fd6d581a000 Exception <a 'java/lang/NoSuchMethodError'{0x0000000787bc0498}: 'java.lang.Object java.lang.invoke.DelegatingMethodHandle$Holder.reinvoke_L(java.lang.Object, int, int, java.lang.Object, java.lang.Object, java.lang.Object)'> (0x0000000787bc0498) thrown at [src/hotspot/share/interpreter/linkResolver.cpp, line 773]
Event: 0.618 Thread 0x00007fd6d581a000 Exception <a 'java/lang/NoSuchMethodError'{0x0000000787bc4820}: 'java.lang.Object java.lang.invoke.DirectMethodHandle$Holder.invokeStatic(java.lang.Object, java.lang.Object, java.lang.Object, java.lang.Object, int)'> (0x0000000787bc4820) thrown at [src/hotspot/share/interpreter/linkResolver.cpp, line 773]
Event: 0.634 Thread 0x00007fd6d581a000 Exception <a 'java/io/FileNotFoundException'{0x0000000787a278e0}> (0x0000000787a278e0) thrown at [src/hotspot/share/prims/jni.cpp, line 616]
Event: 0.647 Thread 0x00007fd6d581a000 Exception <a 'java/lang/ClassNotFoundException'{0x0000000787a2c3e8}: sun/awt/resources/spi/awtosxProvider> (0x0000000787a2c3e8) thrown at [src/hotspot/share/classfile/systemDictionary.cpp, line 231]
Event: 0.681 Thread 0x00007fd6d581a000 Exception <a 'java/lang/NoSuchMethodError'{0x0000000787a73030}: 'java.lang.Object java.lang.invoke.DirectMethodHandle$Holder.invokeStatic(java.lang.Object, java.lang.Object, java.lang.Object, java.lang.Object, java.lang.Object, java.lang.Object, java.lang.Object, java.lang.Object, int)'> (0x0000000787a73030) thrown at [src/hotspot/share/interpreter/linkResolver.cpp, line 773]
Event: 0.687 Thread 0x00007fd6d581a000 Exception <a 'java/lang/NoSuchMethodError'{0x0000000787a8d410}: 'java.lang.Object java.lang.invoke.DirectMethodHandle$Holder.invokeStatic(java.lang.Object, java.lang.Object, java.lang.Object, java.lang.Object, java.lang.Object, java.lang.Object, java.lang.Object, java.lang.Object, int, int)'> (0x0000000787a8d410) thrown at [src/hotspot/share/interpreter/linkResolver.cpp, line 773]
Event: 0.886 Thread 0x00007fd6d581a000 Exception <a 'java/security/PrivilegedActionException'{0x0000000787aa1cc8}> (0x0000000787aa1cc8) thrown at [src/hotspot/share/prims/jvm.cpp, line 1306]
Event: 0.886 Thread 0x00007fd6d581a000 Exception <a 'java/security/PrivilegedActionException'{0x0000000787aa4478}> (0x0000000787aa4478) thrown at [src/hotspot/share/prims/jvm.cpp, line 1306]
Event: 0.886 Thread 0x00007fd6d581a000 Exception <a 'java/security/PrivilegedActionException'{0x0000000787aa5430}> (0x0000000787aa5430) thrown at [src/hotspot/share/prims/jvm.cpp, line 1306]
Event: 0.889 Thread 0x00007fd6d581a000 Exception <a 'java/security/PrivilegedActionException'{0x0000000787ab50d8}> (0x0000000787ab50d8) thrown at [src/hotspot/share/prims/jvm.cpp, line 1306]
Event: 0.889 Thread 0x00007fd6d581a000 Exception <a 'java/security/PrivilegedActionException'{0x0000000787ab5c98}> (0x0000000787ab5c98) thrown at [src/hotspot/share/prims/jvm.cpp, line 1306]
Event: 0.889 Thread 0x00007fd6d581a000 Exception <a 'java/security/PrivilegedActionException'{0x0000000787ab6818}> (0x0000000787ab6818) thrown at [src/hotspot/share/prims/jvm.cpp, line 1306]

Events (20 events):
Event: 2.441 loading class sun/awt/AppContext$6
Event: 2.441 loading class jdk/internal/misc/JavaAWTAccess
Event: 2.441 loading class jdk/internal/misc/JavaAWTAccess done
Event: 2.441 loading class sun/awt/AppContext$6 done
Event: 2.441 loading class java/util/IdentityHashMap$Values
Event: 2.441 loading class java/util/IdentityHashMap$Values done
Event: 2.441 loading class java/util/IdentityHashMap$ValueIterator
Event: 2.441 loading class java/util/IdentityHashMap$ValueIterator done
Event: 2.441 Executing VM operation: RevokeBias
Event: 2.442 Executing VM operation: RevokeBias done
Event: 2.442 Protecting memory [0x0000700005e17000,0x0000700005e1b000] with protection modes 3
Event: 2.442 Thread 0x00007fd6d59fd800 Thread exited: 0x00007fd6d59fd800
Event: 2.589 Loaded shared library /private/var/folders/6d/c05m1cpd2gg0_vssvks1l4z40000gq/T/libgdxkid/f7649394/liblwjgl.dylib
Event: 2.686 Thread 0x00007fd6d4b97000 Thread added: 0x00007fd6d4b97000
Event: 2.686 Protecting memory [0x0000700005e17000,0x0000700005e1b000] with protection modes 0
Event: 2.688 Executing VM operation: RevokeBias
Event: 2.690 Executing VM operation: RevokeBias done
Event: 2.692 Loaded shared library /Applications/IntelliJ IDEA CE.app/Contents/jbr/Contents/Home/lib/server/libjvm.dylib
Event: 2.772 loading class com/badlogic/gdx/backends/lwjgl/LwjglApplication$2
Event: 2.772 loading class com/badlogic/gdx/backends/lwjgl/LwjglApplication$2 done


Dynamic libraries:
0x00007fff442e5000 	/System/Library/Frameworks/Cocoa.framework/Versions/A/Cocoa
0x00007fff5091e000 	/System/Library/Frameworks/Security.framework/Versions/A/Security
0x00007fff42f23000 	/System/Library/Frameworks/ApplicationServices.framework/Versions/A/ApplicationServices
0x00007fff6c85f000 	/usr/lib/libz.1.dylib
0x0000000101b8d000 	/Applications/IntelliJ IDEA CE.app/Contents/jbr/Contents/Home/lib/jli/libjli.dylib
0x00007fff6a78c000 	/usr/lib/libSystem.B.dylib
0x00007fff42073000 	/System/Library/Frameworks/AppKit.framework/Versions/C/AppKit
0x00007fff4465d000 	/System/Library/Frameworks/CoreData.framework/Versions/A/CoreData
0x00007fff46bfc000 	/System/Library/Frameworks/Foundation.framework/Versions/C/Foundation
0x00007fff6403f000 	/System/Library/PrivateFrameworks/RemoteViewServices.framework/Versions/A/RemoteViewServices
0x00007fff687bd000 	/System/Library/PrivateFrameworks/UIFoundation.framework/Versions/A/UIFoundation
0x00007fff58e37000 	/System/Library/PrivateFrameworks/DFRFoundation.framework/Versions/A/DFRFoundation
0x00007fff4927d000 	/System/Library/Frameworks/Metal.framework/Versions/A/Metal
0x00007fff58fd4000 	/System/Library/PrivateFrameworks/DesktopServicesPriv.framework/Versions/A/DesktopServicesPriv
0x00007fff6b392000 	/usr/lib/libenergytrace.dylib
0x00007fff66827000 	/System/Library/PrivateFrameworks/SkyLight.framework/Versions/A/SkyLight
0x00007fff44f3d000 	/System/Library/Frameworks/CoreGraphics.framework/Versions/A/CoreGraphics
0x00007fff6a787000 	/usr/lib/libScreenReader.dylib
0x00007fff4100d000 	/System/Library/Frameworks/Accelerate.framework/Versions/A/Accelerate
0x00007fff47377000 	/System/Library/Frameworks/IOSurface.framework/Versions/A/IOSurface
0x00007fff4346e000 	/System/Library/Frameworks/AudioToolbox.framework/Versions/A/AudioToolbox
0x00007fff436fe000 	/System/Library/Frameworks/AudioUnit.framework/Versions/A/AudioUnit
0x00007fff58ecf000 	/System/Library/PrivateFrameworks/DataDetectorsCore.framework/Versions/A/DataDetectorsCore
0x00007fff43dd8000 	/System/Library/Frameworks/Carbon.framework/Versions/A/Frameworks/HIToolbox.framework/Versions/A/HIToolbox
0x00007fff6b4ec000 	/usr/lib/libicucore.A.dylib
0x00007fff4fe9a000 	/System/Library/Frameworks/QuartzCore.framework/Versions/A/QuartzCore
0x00007fff65ac8000 	/System/Library/PrivateFrameworks/SignpostNotification.framework/Versions/A/SignpostNotification
0x00007fff441be000 	/System/Library/Frameworks/Carbon.framework/Versions/A/Frameworks/SpeechRecognition.framework/Versions/A/SpeechRecognition
0x00007fff6a8e8000 	/usr/lib/libauto.dylib
0x00007fff6c74e000 	/usr/lib/libxml2.2.dylib
0x00007fff58a87000 	/System/Library/PrivateFrameworks/CoreUI.framework/Versions/A/CoreUI
0x00007fff44539000 	/System/Library/Frameworks/CoreAudio.framework/Versions/A/CoreAudio
0x00007fff46a36000 	/System/Library/Frameworks/DiskArbitration.framework/Versions/A/DiskArbitration
0x00007fff6b760000 	/usr/lib/liblangid.dylib
0x00007fff60543000 	/System/Library/PrivateFrameworks/MultitouchSupport.framework/Versions/A/MultitouchSupport
0x00007fff472da000 	/System/Library/Frameworks/IOKit.framework/Versions/A/IOKit
0x00007fff6a416000 	/usr/lib/libDiagnosticMessagesClient.dylib
0x00007fff45c13000 	/System/Library/Frameworks/CoreServices.framework/Versions/A/CoreServices
0x00007fff6207b000 	/System/Library/PrivateFrameworks/PerformanceAnalysis.framework/Versions/A/PerformanceAnalysis
0x00007fff4f037000 	/System/Library/Frameworks/OpenGL.framework/Versions/A/OpenGL
0x00007fff6be45000 	/usr/lib/libobjc.A.dylib
0x00007fff442f3000 	/System/Library/Frameworks/ColorSync.framework/Versions/A/ColorSync
0x00007fff44a98000 	/System/Library/Frameworks/CoreFoundation.framework/Versions/A/CoreFoundation
0x00007fff4554f000 	/System/Library/Frameworks/CoreImage.framework/Versions/A/CoreImage
0x00007fff465a4000 	/System/Library/Frameworks/CoreText.framework/Versions/A/CoreText
0x00007fff473d5000 	/System/Library/Frameworks/ImageIO.framework/Versions/A/ImageIO
0x00007fff55731000 	/System/Library/PrivateFrameworks/Backup.framework/Versions/A/Backup
0x00007fff6a838000 	/usr/lib/libarchive.2.dylib
0x00007fff43a21000 	/System/Library/Frameworks/CFNetwork.framework/Versions/A/CFNetwork
0x00007fff510b1000 	/System/Library/Frameworks/SystemConfiguration.framework/Versions/A/SystemConfiguration
0x00007fff6a33f000 	/usr/lib/libCRFSuite.dylib
0x00007fff6a9c2000 	/usr/lib/libc++.1.dylib
0x00007fff6aa19000 	/usr/lib/libc++abi.dylib
0x00007fff6c90d000 	/usr/lib/system/libcache.dylib
0x00007fff6c912000 	/usr/lib/system/libcommonCrypto.dylib
0x00007fff6c91d000 	/usr/lib/system/libcompiler_rt.dylib
0x00007fff6c925000 	/usr/lib/system/libcopyfile.dylib
0x00007fff6c92f000 	/usr/lib/system/libcorecrypto.dylib
0x00007fff6ca3c000 	/usr/lib/system/libdispatch.dylib
0x00007fff6ca76000 	/usr/lib/system/libdyld.dylib
0x00007fff6ca94000 	/usr/lib/system/libkeymgr.dylib
0x00007fff6caa2000 	/usr/lib/system/liblaunch.dylib
0x00007fff6caa3000 	/usr/lib/system/libmacho.dylib
0x00007fff6caa8000 	/usr/lib/system/libquarantine.dylib
0x00007fff6caab000 	/usr/lib/system/libremovefile.dylib
0x00007fff6caad000 	/usr/lib/system/libsystem_asl.dylib
0x00007fff6cac5000 	/usr/lib/system/libsystem_blocks.dylib
0x00007fff6cac6000 	/usr/lib/system/libsystem_c.dylib
0x00007fff6cb50000 	/usr/lib/system/libsystem_configuration.dylib
0x00007fff6cb54000 	/usr/lib/system/libsystem_coreservices.dylib
0x00007fff6cb58000 	/usr/lib/system/libsystem_darwin.dylib
0x00007fff6cb5a000 	/usr/lib/system/libsystem_dnssd.dylib
0x00007fff6cb61000 	/usr/lib/system/libsystem_info.dylib
0x00007fff6cbd2000 	/usr/lib/system/libsystem_m.dylib
0x00007fff6cc1e000 	/usr/lib/system/libsystem_malloc.dylib
0x00007fff6cc3e000 	/usr/lib/system/libsystem_network.dylib
0x00007fff6cd6f000 	/usr/lib/system/libsystem_networkextension.dylib
0x00007fff6cd7a000 	/usr/lib/system/libsystem_notify.dylib
0x00007fff6cd98000 	/usr/lib/system/libsystem_sandbox.dylib
0x00007fff6cd9c000 	/usr/lib/system/libsystem_secinit.dylib
0x00007fff6cbab000 	/usr/lib/system/libsystem_kernel.dylib
0x00007fff6cd84000 	/usr/lib/system/libsystem_platform.dylib
0x00007fff6cd8c000 	/usr/lib/system/libsystem_pthread.dylib
0x00007fff6cd9e000 	/usr/lib/system/libsystem_symptoms.dylib
0x00007fff6cda6000 	/usr/lib/system/libsystem_trace.dylib
0x00007fff6cdbc000 	/usr/lib/system/libunwind.dylib
0x00007fff6cdc2000 	/usr/lib/system/libxpc.dylib
0x00007fff6a252000 	/usr/lib/closure/libclosured.dylib
0x00007fff6a9a3000 	/usr/lib/libbsm.0.dylib
0x00007fff6ca95000 	/usr/lib/system/libkxld.dylib
0x00007fff6a650000 	/usr/lib/libOpenScriptingUtil.dylib
0x00007fff6ad12000 	/usr/lib/libcoretls.dylib
0x00007fff6ad2b000 	/usr/lib/libcoretls_cfhelpers.dylib
0x00007fff6c246000 	/usr/lib/libpam.2.dylib
0x00007fff6c371000 	/usr/lib/libsqlite3.dylib
0x00007fff6c73d000 	/usr/lib/libxar.1.dylib
0x00007fff6a9b4000 	/usr/lib/libbz2.1.0.dylib
0x00007fff6b762000 	/usr/lib/liblzma.5.dylib
0x00007fff6bc43000 	/usr/lib/libnetwork.dylib
0x00007fff6a821000 	/usr/lib/libapple_nghttp2.dylib
0x00007fff6c24d000 	/usr/lib/libpcap.A.dylib
0x00007fff6a8e9000 	/usr/lib/libboringssl.dylib
0x00007fff6c6d8000 	/usr/lib/libusrtcp.dylib
0x00007fff6a820000 	/usr/lib/libapple_crypto.dylib
0x00007fff45f96000 	/System/Library/Frameworks/CoreServices.framework/Versions/A/Frameworks/FSEvents.framework/Versions/A/FSEvents
0x00007fff45c89000 	/System/Library/Frameworks/CoreServices.framework/Versions/A/Frameworks/CarbonCore.framework/Versions/A/CarbonCore
0x00007fff4615e000 	/System/Library/Frameworks/CoreServices.framework/Versions/A/Frameworks/Metadata.framework/Versions/A/Metadata
0x00007fff4620f000 	/System/Library/Frameworks/CoreServices.framework/Versions/A/Frameworks/OSServices.framework/Versions/A/OSServices
0x00007fff46270000 	/System/Library/Frameworks/CoreServices.framework/Versions/A/Frameworks/SearchKit.framework/Versions/A/SearchKit
0x00007fff45c14000 	/System/Library/Frameworks/CoreServices.framework/Versions/A/Frameworks/AE.framework/Versions/A/AE
0x00007fff45f9f000 	/System/Library/Frameworks/CoreServices.framework/Versions/A/Frameworks/LaunchServices.framework/Versions/A/LaunchServices
0x00007fff45f61000 	/System/Library/Frameworks/CoreServices.framework/Versions/A/Frameworks/DictionaryServices.framework/Versions/A/DictionaryServices
0x00007fff462df000 	/System/Library/Frameworks/CoreServices.framework/Versions/A/Frameworks/SharedFileList.framework/Versions/A/SharedFileList
0x00007fff4a4b3000 	/System/Library/Frameworks/NetFS.framework/Versions/A/NetFS
0x00007fff607d4000 	/System/Library/PrivateFrameworks/NetAuth.framework/Versions/A/NetAuth
0x00007fff6a0e9000 	/System/Library/PrivateFrameworks/login.framework/Versions/A/Frameworks/loginsupport.framework/Versions/A/loginsupport
0x00007fff6843a000 	/System/Library/PrivateFrameworks/TCC.framework/Versions/A/TCC
0x00007fff6b843000 	/usr/lib/libmecabra.dylib
0x00007fff42f24000 	/System/Library/Frameworks/ApplicationServices.framework/Versions/A/Frameworks/ATS.framework/Versions/A/ATS
0x00007fff432d3000 	/System/Library/Frameworks/ApplicationServices.framework/Versions/A/Frameworks/ColorSyncLegacy.framework/Versions/A/ColorSyncLegacy
0x00007fff43377000 	/System/Library/Frameworks/ApplicationServices.framework/Versions/A/Frameworks/HIServices.framework/Versions/A/HIServices
0x00007fff433ca000 	/System/Library/Frameworks/ApplicationServices.framework/Versions/A/Frameworks/LangAnalysis.framework/Versions/A/LangAnalysis
0x00007fff433d9000 	/System/Library/Frameworks/ApplicationServices.framework/Versions/A/Frameworks/PrintCore.framework/Versions/A/PrintCore
0x00007fff43426000 	/System/Library/Frameworks/ApplicationServices.framework/Versions/A/Frameworks/QD.framework/Versions/A/QD
0x00007fff43461000 	/System/Library/Frameworks/ApplicationServices.framework/Versions/A/Frameworks/SpeechSynthesis.framework/Versions/A/SpeechSynthesis
0x00007fff449b4000 	/System/Library/Frameworks/CoreDisplay.framework/Versions/A/CoreDisplay
0x00007fff41025000 	/System/Library/Frameworks/Accelerate.framework/Versions/A/Frameworks/vImage.framework/Versions/A/vImage
0x00007fff41d7f000 	/System/Library/Frameworks/Accelerate.framework/Versions/A/Frameworks/vecLib.framework/Versions/A/vecLib
0x00007fff41b1f000 	/System/Library/Frameworks/Accelerate.framework/Versions/A/Frameworks/vecLib.framework/Versions/A/libvDSP.dylib
0x00007fff4167f000 	/System/Library/Frameworks/Accelerate.framework/Versions/A/Frameworks/vecLib.framework/Versions/A/libBNNS.dylib
0x00007fff41a84000 	/System/Library/Frameworks/Accelerate.framework/Versions/A/Frameworks/vecLib.framework/Versions/A/libQuadrature.dylib
0x00007fff41ccd000 	/System/Library/Frameworks/Accelerate.framework/Versions/A/Frameworks/vecLib.framework/Versions/A/libvMisc.dylib
0x00007fff416ae000 	/System/Library/Frameworks/Accelerate.framework/Versions/A/Frameworks/vecLib.framework/Versions/A/libLAPACK.dylib
0x00007fff41524000 	/System/Library/Frameworks/Accelerate.framework/Versions/A/Frameworks/vecLib.framework/Versions/A/libBLAS.dylib
0x00007fff41a6e000 	/System/Library/Frameworks/Accelerate.framework/Versions/A/Frameworks/vecLib.framework/Versions/A/libLinearAlgebra.dylib
0x00007fff41a8a000 	/System/Library/Frameworks/Accelerate.framework/Versions/A/Frameworks/vecLib.framework/Versions/A/libSparse.dylib
0x00007fff41b0b000 	/System/Library/Frameworks/Accelerate.framework/Versions/A/Frameworks/vecLib.framework/Versions/A/libSparseBLAS.dylib
0x00007fff5d60e000 	/System/Library/PrivateFrameworks/GPUWrangler.framework/Versions/A/GPUWrangler
0x00007fff5eda2000 	/System/Library/PrivateFrameworks/IOAccelerator.framework/Versions/A/IOAccelerator
0x00007fff5edad000 	/System/Library/PrivateFrameworks/IOPresentment.framework/Versions/A/IOPresentment
0x00007fff58e49000 	/System/Library/PrivateFrameworks/DSExternalDisplay.framework/Versions/A/DSExternalDisplay
0x00007fff4e4b6000 	/System/Library/Frameworks/OpenGL.framework/Versions/A/Libraries/libCoreFSCache.dylib
0x00007fff466f5000 	/System/Library/Frameworks/CoreVideo.framework/Versions/A/CoreVideo
0x00007fff5e389000 	/System/Library/PrivateFrameworks/GraphVisualizer.framework/Versions/A/GraphVisualizer
0x00007fff494b4000 	/System/Library/Frameworks/MetalPerformanceShaders.framework/Versions/A/MetalPerformanceShaders
0x00007fff6a44e000 	/usr/lib/libFosl_dynamic.dylib
0x00007fff59f18000 	/System/Library/PrivateFrameworks/FaceCore.framework/Versions/A/FaceCore
0x00007fff4d2b1000 	/System/Library/Frameworks/OpenCL.framework/Versions/A/OpenCL
0x00007fff6aa50000 	/usr/lib/libcompression.dylib
0x00007fff43023000 	/System/Library/Frameworks/ApplicationServices.framework/Versions/A/Frameworks/ATS.framework/Versions/A/Resources/libFontParser.dylib
0x00007fff43146000 	/System/Library/Frameworks/ApplicationServices.framework/Versions/A/Frameworks/ATS.framework/Versions/A/Resources/libFontRegistry.dylib
0x00007fff4763e000 	/System/Library/Frameworks/ImageIO.framework/Versions/A/Resources/libJPEG.dylib
0x00007fff4797a000 	/System/Library/Frameworks/ImageIO.framework/Versions/A/Resources/libTIFF.dylib
0x00007fff47950000 	/System/Library/Frameworks/ImageIO.framework/Versions/A/Resources/libPng.dylib
0x00007fff47551000 	/System/Library/Frameworks/ImageIO.framework/Versions/A/Resources/libGIF.dylib
0x00007fff47556000 	/System/Library/Frameworks/ImageIO.framework/Versions/A/Resources/libJP2.dylib
0x00007fff47977000 	/System/Library/Frameworks/ImageIO.framework/Versions/A/Resources/libRadiance.dylib
0x00007fff54e5b000 	/System/Library/PrivateFrameworks/AppleJPEG.framework/Versions/A/AppleJPEG
0x00007fff4931b000 	/System/Library/Frameworks/MetalPerformanceShaders.framework/Frameworks/MPSCore.framework/Versions/A/MPSCore
0x00007fff49337000 	/System/Library/Frameworks/MetalPerformanceShaders.framework/Frameworks/MPSImage.framework/Versions/A/MPSImage
0x00007fff493cc000 	/System/Library/Frameworks/MetalPerformanceShaders.framework/Frameworks/MPSNeuralNetwork.framework/Versions/A/MPSNeuralNetwork
0x00007fff493a7000 	/System/Library/Frameworks/MetalPerformanceShaders.framework/Frameworks/MPSMatrix.framework/Versions/A/MPSMatrix
0x00007fff602a5000 	/System/Library/PrivateFrameworks/MetalTools.framework/Versions/A/MetalTools
0x00007fff4e681000 	/System/Library/Frameworks/OpenGL.framework/Versions/A/Libraries/libGLU.dylib
0x00007fff4e4c1000 	/System/Library/Frameworks/OpenGL.framework/Versions/A/Libraries/libGFXShared.dylib
0x00007fff4e4cb000 	/System/Library/Frameworks/OpenGL.framework/Versions/A/Libraries/libGL.dylib
0x00007fff4e4d7000 	/System/Library/Frameworks/OpenGL.framework/Versions/A/Libraries/libGLImage.dylib
0x00007fff4e4b3000 	/System/Library/Frameworks/OpenGL.framework/Versions/A/Libraries/libCVMSPluginSupport.dylib
0x00007fff4e4bc000 	/System/Library/Frameworks/OpenGL.framework/Versions/A/Libraries/libCoreVMClient.dylib
0x00007fff6b1fd000 	/usr/lib/libcups.2.dylib
0x00007fff48882000 	/System/Library/Frameworks/Kerberos.framework/Versions/A/Kerberos
0x00007fff47034000 	/System/Library/Frameworks/GSS.framework/Versions/A/GSS
0x00007fff6c304000 	/usr/lib/libresolv.9.dylib
0x00007fff6b3fa000 	/usr/lib/libiconv.2.dylib
0x00007fff5e41b000 	/System/Library/PrivateFrameworks/Heimdal.framework/Versions/A/Heimdal
0x00007fff6b3c9000 	/usr/lib/libheimdal-asn1.dylib
0x00007fff4d329000 	/System/Library/Frameworks/OpenDirectory.framework/Versions/A/OpenDirectory
0x00007fff57174000 	/System/Library/PrivateFrameworks/CommonAuth.framework/Versions/A/CommonAuth
0x00007fff4d30c000 	/System/Library/Frameworks/OpenDirectory.framework/Versions/A/Frameworks/CFOpenDirectory.framework/Versions/A/CFOpenDirectory
0x00007fff50c4a000 	/System/Library/Frameworks/SecurityFoundation.framework/Versions/A/SecurityFoundation
0x00007fff5401e000 	/System/Library/PrivateFrameworks/APFS.framework/Versions/A/APFS
0x00007fff6c739000 	/usr/lib/libutil.dylib
0x00007fff54ede000 	/System/Library/PrivateFrameworks/AppleSauce.framework/Versions/A/AppleSauce
0x00007fff5f58a000 	/System/Library/PrivateFrameworks/LinguisticData.framework/Versions/A/LinguisticData
0x00007fff6b77c000 	/usr/lib/libmarisa.dylib
0x00007fff5f544000 	/System/Library/PrivateFrameworks/Lexicon.framework/Versions/A/Lexicon
0x00007fff6a379000 	/usr/lib/libChineseTokenizer.dylib
0x00007fff6aa3f000 	/usr/lib/libcmph.dylib
0x00007fff5f44e000 	/System/Library/PrivateFrameworks/LanguageModeling.framework/Versions/A/LanguageModeling
0x00007fff57c91000 	/System/Library/PrivateFrameworks/CoreEmoji.framework/Versions/A/CoreEmoji
0x00007fff50d08000 	/System/Library/Frameworks/ServiceManagement.framework/Versions/A/ServiceManagement
0x00007fff55729000 	/System/Library/PrivateFrameworks/BackgroundTaskManagement.framework/Versions/A/BackgroundTaskManagement
0x00007fff6c836000 	/usr/lib/libxslt.1.dylib
0x00007fff440e8000 	/System/Library/Frameworks/Carbon.framework/Versions/A/Frameworks/Ink.framework/Versions/A/Ink
0x00007fff6864f000 	/System/Library/PrivateFrameworks/TextureIO.framework/Versions/A/TextureIO
0x00007fff6a863000 	/usr/lib/libate.dylib
0x00007fff58da8000 	/System/Library/PrivateFrameworks/CrashReporterSupport.framework/Versions/A/CrashReporterSupport
0x00007fff65988000 	/System/Library/PrivateFrameworks/Sharing.framework/Versions/A/Sharing
0x00007fff5f18f000 	/System/Library/PrivateFrameworks/IconServices.framework/Versions/A/IconServices
0x00007fff55359000 	/System/Library/PrivateFrameworks/AuthKit.framework/Versions/A/AuthKit
0x00007fff54cde000 	/System/Library/PrivateFrameworks/Apple80211.framework/Versions/A/Apple80211
0x00007fff58bbd000 	/System/Library/PrivateFrameworks/CoreUtils.framework/Versions/A/CoreUtils
0x00007fff46730000 	/System/Library/Frameworks/CoreWLAN.framework/Versions/A/CoreWLAN
0x00007fff47176000 	/System/Library/Frameworks/IOBluetooth.framework/Versions/A/IOBluetooth
0x00007fff63e4a000 	/System/Library/PrivateFrameworks/ProtocolBuffer.framework/Versions/A/ProtocolBuffer
0x00007fff6049e000 	/System/Library/PrivateFrameworks/MobileKeyBag.framework/Versions/A/MobileKeyBag
0x00007fff58435000 	/System/Library/PrivateFrameworks/CorePhoneNumbers.framework/Versions/A/CorePhoneNumbers
0x00007fff54e16000 	/System/Library/PrivateFrameworks/AppleIDAuthSupport.framework/Versions/A/AppleIDAuthSupport
0x00007fff5f43a000 	/System/Library/PrivateFrameworks/KeychainCircle.framework/Versions/A/KeychainCircle
0x00007fff58d43000 	/System/Library/PrivateFrameworks/CoreWiFi.framework/Versions/A/CoreWiFi
0x00007fff44633000 	/System/Library/Frameworks/CoreBluetooth.framework/Versions/A/CoreBluetooth
0x00007fff58f93000 	/System/Library/PrivateFrameworks/DebugSymbols.framework/Versions/A/DebugSymbols
0x00007fff58973000 	/System/Library/PrivateFrameworks/CoreSymbolication.framework/Versions/A/CoreSymbolication
0x00007fff67e40000 	/System/Library/PrivateFrameworks/Symbolication.framework/Versions/A/Symbolication
0x00007fff54d08000 	/System/Library/PrivateFrameworks/AppleFSCompression.framework/Versions/A/AppleFSCompression
0x00007fff6728d000 	/System/Library/PrivateFrameworks/SpeechRecognitionCore.framework/Versions/A/SpeechRecognitionCore
0x0000000102400000 	/Applications/IntelliJ IDEA CE.app/Contents/jbr/Contents/Home/lib/server/libjvm.dylib
0x0000000101bc1000 	/Applications/IntelliJ IDEA CE.app/Contents/jbr/Contents/Home/lib/libverify.dylib
0x0000000103223000 	/Applications/IntelliJ IDEA CE.app/Contents/jbr/Contents/Home/lib/libjava.dylib
0x0000000101bd5000 	/Applications/IntelliJ IDEA CE.app/Contents/jbr/Contents/Home/lib/libjimage.dylib
0x0000000101bef000 	/Applications/IntelliJ IDEA CE.app/Contents/jbr/Contents/Home/lib/libzip.dylib
0x000000010ede1000 	/Applications/IntelliJ IDEA CE.app/Contents/jbr/Contents/Home/lib/libnio.dylib
0x000000010edf8000 	/Applications/IntelliJ IDEA CE.app/Contents/jbr/Contents/Home/lib/./libnet.dylib
0x000000010ee9f000 	/private/var/folders/6d/c05m1cpd2gg0_vssvks1l4z40000gq/T/libgdxkid/ccbdf3b/libgdx64.dylib
0x000000010eed7000 	/Applications/IntelliJ IDEA CE.app/Contents/jbr/Contents/Home/lib/libawt.dylib
0x000000010ef7c000 	/Applications/IntelliJ IDEA CE.app/Contents/jbr/Contents/Home/lib/./libmlib_image.dylib
0x00007fff48874000 	/System/Library/Frameworks/JavaVM.framework/Versions/A/Frameworks/JavaRuntimeSupport.framework/Versions/A/JavaRuntimeSupport
0x00007fff4886b000 	/System/Library/Frameworks/JavaVM.framework/Versions/A/Frameworks/JavaNativeFoundation.framework/Versions/A/JavaNativeFoundation
0x00007fff4887d000 	/System/Library/Frameworks/JavaVM.framework/Versions/A/JavaVM
0x00007fff43dd3000 	/System/Library/Frameworks/Carbon.framework/Versions/A/Carbon
0x00007fff5f350000 	/System/Library/PrivateFrameworks/JavaLaunching.framework/Versions/A/JavaLaunching
0x00007fff43dd4000 	/System/Library/Frameworks/Carbon.framework/Versions/A/Frameworks/CommonPanels.framework/Versions/A/CommonPanels
0x00007fff440de000 	/System/Library/Frameworks/Carbon.framework/Versions/A/Frameworks/Help.framework/Versions/A/Help
0x00007fff440e2000 	/System/Library/Frameworks/Carbon.framework/Versions/A/Frameworks/ImageCapture.framework/Versions/A/ImageCapture
0x00007fff4417e000 	/System/Library/Frameworks/Carbon.framework/Versions/A/Frameworks/OpenScripting.framework/Versions/A/OpenScripting
0x00007fff441b9000 	/System/Library/Frameworks/Carbon.framework/Versions/A/Frameworks/Print.framework/Versions/A/Print
0x00007fff441bb000 	/System/Library/Frameworks/Carbon.framework/Versions/A/Frameworks/SecurityHI.framework/Versions/A/SecurityHI
0x000000010efea000 	/Applications/IntelliJ IDEA CE.app/Contents/jbr/Contents/Home/lib/libawt_lwawt.dylib
0x000000010f113000 	/Applications/IntelliJ IDEA CE.app/Contents/jbr/Contents/Home/lib/./libosxapp.dylib
0x00007fff46bd5000 	/System/Library/Frameworks/ExceptionHandling.framework/Versions/A/ExceptionHandling
0x000000010f1e1000 	/Applications/IntelliJ IDEA CE.app/Contents/jbr/Contents/Home/lib/libfontmanager.dylib
0x000000010f2dc000 	/Applications/IntelliJ IDEA CE.app/Contents/jbr/Contents/Home/lib/./libfreetype.dylib
0x00007fff585c8000 	/System/Library/PrivateFrameworks/CoreServicesInternal.framework/Versions/A/CoreServicesInternal
0x00007fff3d04b000 	/System/Library/CoreServices/RawCamera.bundle/Contents/MacOS/RawCamera
0x00007fff60317000 	/System/Library/PrivateFrameworks/MobileAsset.framework/Versions/A/MobileAsset
0x00007fff67747000 	/System/Library/PrivateFrameworks/StreamingZip.framework/Versions/A/StreamingZip
0x00007fff48c11000 	/System/Library/Frameworks/MediaToolbox.framework/Versions/A/MediaToolbox
0x00007fff578c2000 	/System/Library/PrivateFrameworks/CoreAVCHD.framework/Versions/A/CoreAVCHD
0x00007fff48b5a000 	/System/Library/Frameworks/MediaAccessibility.framework/Versions/A/MediaAccessibility
0x00007fff5fd92000 	/System/Library/PrivateFrameworks/Mangrove.framework/Versions/A/Mangrove
0x00007fff45acd000 	/System/Library/Frameworks/CoreMedia.framework/Versions/A/CoreMedia
0x00007fff512d6000 	/System/Library/Frameworks/VideoToolbox.framework/Versions/A/VideoToolbox
0x00007fff574b9000 	/System/Library/PrivateFrameworks/CoreAUC.framework/Versions/A/CoreAUC
0x00007fff6c36f000 	/usr/lib/libspindump.dylib
0x00007fff54fd3000 	/System/Library/PrivateFrameworks/AppleVA.framework/Versions/A/AppleVA
0x00007fff4100e000 	/System/Library/Frameworks/Accelerate.framework/Versions/A/Frameworks/vImage.framework/Versions/A/Libraries/libCGInterfaces.dylib
0x00007fff43236000 	/System/Library/Frameworks/ApplicationServices.framework/Versions/A/Frameworks/ATS.framework/Versions/A/Resources/libTrueTypeScaler.dylib
0x00007fff3e9a8000 	/System/Library/Extensions/AppleIntelHD5000GraphicsMTLDriver.bundle/Contents/MacOS/AppleIntelHD5000GraphicsMTLDriver
0x00007fff5bfa2000 	/System/Library/PrivateFrameworks/GPUCompiler.framework/Versions/3802/Libraries/libmetal_timestamp.dylib
0x000000011324d000 	/private/var/folders/6d/c05m1cpd2gg0_vssvks1l4z40000gq/T/libgdxkid/f7649394/liblwjgl.dylib
0x000000010fad1000 	/Applications/IntelliJ IDEA CE.app/Contents/jbr/Contents/Home/lib/libjawt.dylib
0x00000001132cf000 	/var/folders/6d/c05m1cpd2gg0_vssvks1l4z40000gq/T/libgdxkid/f7649394/openal.dylib
0x000000011333e000 	/System/Library/Components/CoreAudio.component/Contents/MacOS/CoreAudio
0x0000000113588000 	/System/Library/Extensions/AppleHDA.kext/Contents/PlugIns/AppleHDAHALPlugIn.bundle/Contents/MacOS/AppleHDAHALPlugIn
0x00007fff4f047000 	/System/Library/Frameworks/OpenGL.framework/Versions/A/Resources/GLEngine.bundle/GLEngine
0x00007fff4e513000 	/System/Library/Frameworks/OpenGL.framework/Versions/A/Libraries/libGLProgrammability.dylib
0x0000000113792000 	/System/Library/Extensions/AppleIntelHD5000GraphicsGLDriver.bundle/Contents/MacOS/AppleIntelHD5000GraphicsGLDriver
0x00007fff5d602000 	/System/Library/PrivateFrameworks/GPUSupport.framework/Versions/A/Libraries/libGPUSupportMercury.dylib
0x00007fff4f1df000 	/System/Library/Frameworks/OpenGL.framework/Versions/A/Resources/GLRendererFloat.bundle/GLRendererFloat
0x00007fff4d2a8000 	/System/Library/Frameworks/OpenCL.framework/Versions/A/Libraries/libcldcpuengine.dylib
0x00007fff6aec5000 	/usr/lib/libcrypto.35.dylib
0x00007fff687b6000 	/System/Library/PrivateFrameworks/TrustEvaluationAgent.framework/Versions/A/TrustEvaluationAgent
0x00007fff69642000 	/System/Library/PrivateFrameworks/ViewBridge.framework/Versions/A/ViewBridge
0x0000000115133000 	/private/var/folders/6d/c05m1cpd2gg0_vssvks1l4z40000gq/T/libgdxkid/38faaa28/libgdx-box2d64.dylib
0x00007fff6a0ec000 	/System/Library/PrivateFrameworks/login.framework/Versions/A/login


VM Arguments:
jvm_args: -Dfile.encoding=UTF-8 -Duser.country=CA -Duser.language=en -Duser.variant 
java_command: com.mygdx.game.desktop.DesktopLauncher
java_class_path (initial): /Users/kid/Documents/GitHub/PortalGame/PortalGame/desktop/build/classes/java/main:/Users/kid/Documents/GitHub/PortalGame/PortalGame/desktop/build/resources/main:/Users/kid/.gradle/caches/modules-2/files-2.1/com.badlogicgames.gdx/gdx-tools/1.10.0/d699cf4953fb42a071c7c3feb9b5c45601aa6a4b/gdx-tools-1.10.0.jar:/Users/kid/.gradle/caches/modules-2/files-2.1/com.badlogicgames.gdx/gdx-backend-lwjgl/1.10.0/58ff89d9e4fd8a82591367f187d606e781cacc05/gdx-backend-lwjgl-1.10.0.jar:/Users/kid/.gradle/caches/modules-2/files-2.1/com.badlogicgames.gdx/gdx-platform/1.10.0/9a8fa793d2fd6d360afc6c9e4c1f5583da263b88/gdx-platform-1.10.0-natives-desktop.jar:/Users/kid/.gradle/caches/modules-2/files-2.1/com.badlogicgames.gdx/gdx-box2d-platform/1.10.0/588c4191c5a64ed39365e71484aa37d81c38eb5e/gdx-box2d-platform-1.10.0-natives-desktop.jar:/Users/kid/.gradle/caches/modules-2/files-2.1/com.badlogicgames.gdx/gdx-bullet-platform/1.10.0/ce92e8dfc762523d769cbc50853163c03bf98cf1/gdx-bullet-platform-1.10.0-natives-desktop.jar:/Users/kid/.gradle/caches/modules-2/files-2.1/com.badlogicgames.gdx/gdx-freetype-platform/1.10.0/6e5d28752759e69384f12e4569d2c884ff71352f/gdx-freetype-platform-1.10.0-natives-desktop.jar:/Users/kid/Documents/GitHub/PortalGame/PortalGame/core/build/libs/core-1.0.jar:/Users/kid/.gradle/caches/modules-2/files-2.1/com.badlogicgames.gdx/gdx-backend-headless/1.10.0/990eadbb431197c5b9b816d1659c772e0268e65/gdx-backend-headless-1.10.0.jar:/Users/kid/.gradle/caches/modules-2/files-2.1/com.badlogicgames.gdx/gdx-freetype/1.10.0/de1d0d5c1e92e8d91364256fd6b7bb279d3e9859/gdx-freetype-1.10.0.jar:/Users/kid/.gradle/caches/modules-2/files-2.1/com.badlogicgames.box2dlights/box2dlights/1.5/6902dbcd250c95a27973aa24a147a95b3828d348/box2dlights-1.5.jar:/Users/kid/.gradle/caches/modules-2/files-2.1/com.badlogicgames.gdx/gdx-box2d/1.10.0/b3a3c0f00b90716238835434d0ae8985604c37f8/gdx-box2d-1.10.0.jar:/Users/kid/.gradle/caches/modules-2/files-2.1/com.badlogicgames.ashley/ashley/1.
Launcher Type: SUN_STANDARD

[Global flags]
     intx CICompilerCount                          = 3                                         {product} {ergonomic}
     uint ConcGCThreads                            = 1                                         {product} {ergonomic}
     uint G1ConcRefinementThreads                  = 4                                         {product} {ergonomic}
   size_t G1HeapRegionSize                         = 1048576                                   {product} {ergonomic}
    uintx GCDrainStackTargetSize                   = 64                                        {product} {ergonomic}
   size_t InitialHeapSize                          = 134217728                                 {product} {ergonomic}
   size_t MarkStackSize                            = 4194304                                   {product} {ergonomic}
   size_t MaxHeapSize                              = 2147483648                                {product} {ergonomic}
   size_t MaxNewSize                               = 1287651328                                {product} {ergonomic}
   size_t MinHeapDeltaBytes                        = 1048576                                   {product} {ergonomic}
    uintx NonNMethodCodeHeapSize                   = 5830732                                {pd product} {ergonomic}
    uintx NonProfiledCodeHeapSize                  = 122913754                              {pd product} {ergonomic}
    uintx ProfiledCodeHeapSize                     = 122913754                              {pd product} {ergonomic}
    uintx ReservedCodeCacheSize                    = 251658240                              {pd product} {ergonomic}
     bool SegmentedCodeCache                       = true                                      {product} {ergonomic}
     bool UseCompressedClassPointers               = true                                 {lp64_product} {ergonomic}
     bool UseCompressedOops                        = true                                 {lp64_product} {ergonomic}
     bool UseG1GC                                  = true                                      {product} {ergonomic}

Logging:
Log output configuration:
 #0: stdout all=warning uptime,level,tags
 #1: stderr all=off uptime,level,tags

Environment Variables:
PATH=/usr/bin:/bin:/usr/sbin:/sbin:/usr/local/bin:/Library/Frameworks/Mono.framework/Versions/Current/Commands
SHELL=/bin/bash
LC_CTYPE=en_CA.UTF-8

Signal Handlers:
SIGSEGV: [libjvm.dylib+0x75958c], sa_mask[0]=11111111011111110111111111111111, sa_flags=SA_ONSTACK|SA_RESTART|SA_SIGINFO
SIGBUS: [libjvm.dylib+0x75958c], sa_mask[0]=11111111011111110111111111111111, sa_flags=SA_RESTART|SA_SIGINFO
SIGFPE: [libjvm.dylib+0x75958c], sa_mask[0]=11111111011111110111111111111111, sa_flags=SA_RESTART|SA_SIGINFO
SIGPIPE: [libjvm.dylib+0x617660], sa_mask[0]=11111111011111110111111111111111, sa_flags=SA_RESTART|SA_SIGINFO
SIGXFSZ: [libjvm.dylib+0x617660], sa_mask[0]=11111111011111110111111111111111, sa_flags=SA_RESTART|SA_SIGINFO
SIGILL: [libjvm.dylib+0x75958c], sa_mask[0]=11111111011111110111111111111111, sa_flags=SA_RESTART|SA_SIGINFO
SIGUSR2: [libjvm.dylib+0x617c36], sa_mask[0]=00100000000000000000000000000000, sa_flags=SA_RESTART|SA_SIGINFO
SIGHUP: [libjvm.dylib+0x61678d], sa_mask[0]=11111111011111110111111111111111, sa_flags=SA_RESTART|SA_SIGINFO
SIGINT: [libjvm.dylib+0x61678d], sa_mask[0]=11111111011111110111111111111111, sa_flags=SA_RESTART|SA_SIGINFO
SIGTERM: [libjvm.dylib+0x61678d], sa_mask[0]=11111111011111110111111111111111, sa_flags=SA_RESTART|SA_SIGINFO
SIGQUIT: [libjvm.dylib+0x61678d], sa_mask[0]=11111111011111110111111111111111, sa_flags=SA_RESTART|SA_SIGINFO


---------------  S Y S T E M  ---------------

OS:uname:Darwin 17.7.0 Darwin Kernel Version 17.7.0: Fri Oct 30 13:34:27 PDT 2020; root:xnu-4570.71.82.8~1/RELEASE_X86_64 x86_64
OS uptime: 9 days 10:41 hours
rlimit (soft/hard): STACK 8192k/65532k , CORE 0k/infinity , NPROC 709/1064 , NOFILE 10240/infinity , AS infinity/infinity , CPU infinity/infinity , DATA infinity/infinity , FSIZE infinity/infinity , MEMLOCK infinity/infinity , RSS infinity/infinity
load average:4.37 3.41 3.14

CPU:total 4 (initial active 4) (2 cores per cpu, 2 threads per core) family 6 model 69 stepping 1 microcode 0x26, cmov, cx8, fxsr, mmx, sse, sse2, sse3, ssse3, sse4.1, sse4.2, popcnt, avx, avx2, aes, clmul, erms, lzcnt, ht, tsc, tscinvbit, bmi1, bmi2, fma

Memory: 4k page, physical 8388608k(39408k free), swap 2097152k(804608k free)

vm_info: OpenJDK 64-Bit Server VM (11.0.13+7-b1751.19) for bsd-amd64 JRE (11.0.13+7-b1751.19), built on Nov  9 2021 11:39:06 by "builduser" with gcc Apple LLVM 12.0.0 (clang-1200.0.32.27)

END.
