#
# A fatal error has been detected by the Java Runtime Environment:
#
#  EXCEPTION_ACCESS_VIOLATION (0xc0000005) at pc=0x0000000066b2155b, pid=1768, tid=25372
#
# JRE version: OpenJDK Runtime Environment JBR-11.0.13.7-1751.19-jcef (11.0.13+7) (build 11.0.13+7-b1751.19)
# Java VM: OpenJDK 64-Bit Server VM JBR-11.0.13.7-1751.19-jcef (11.0.13+7-b1751.19, mixed mode, tiered, compressed oops, g1 gc, windows-amd64)
# Problematic frame:
# C  [gdx-box2d64.dll+0x2155b]
#
# No core dump will be written. Minidumps are not enabled by default on client versions of Windows
#
# If you would like to submit a bug report, please visit:
#   https://bugreport.java.com/bugreport/crash.jsp
# The crash happened outside the Java Virtual Machine in native code.
# See problematic frame for where to report the bug.
#

---------------  S U M M A R Y ------------

Command Line: -Dfile.encoding=windows-1252 -Duser.country=CA -Duser.language=en -Duser.variant com.mygdx.game.desktop.DesktopLauncher

Host: Intel(R) Core(TM) i7-10700F CPU @ 2.90GHz, 16 cores, 15G,  Windows 10 , 64 bit Build 19041 (10.0.19041.1348)
Time: Tue Dec 28 20:45:43 2021 Eastern Standard Time elapsed time: 10.998480 seconds (0d 0h 0m 10s)

---------------  T H R E A D  ---------------

Current thread (0x00000151bb716800):  JavaThread "LWJGL Application" [_thread_in_native, id=25372, stack(0x0000001577300000,0x0000001577400000)]

Stack: [0x0000001577300000,0x0000001577400000],  sp=0x00000015773fef80,  free space=1019k
Native frames: (J=compiled Java code, j=interpreted, Vv=VM code, C=native code)
C  [gdx-box2d64.dll+0x2155b]

Java frames: (J=compiled Java code, j=interpreted, Vv=VM code)
j  com.badlogic.gdx.physics.box2d.World.jniDestroyBody(JJ)V+0
j  com.badlogic.gdx.physics.box2d.World.destroyBody(Lcom/badlogic/gdx/physics/box2d/Body;)V+42
j  com.mygdx.game.Entity.dispose()V+8
j  com.mygdx.game.MyGdxGame.dispose()V+82
j  com.badlogic.gdx.backends.lwjgl.LwjglApplication.mainLoop()V+924
j  com.badlogic.gdx.backends.lwjgl.LwjglApplication$1.run()V+27
v  ~StubRoutines::call_stub

siginfo: EXCEPTION_ACCESS_VIOLATION (0xc0000005), reading address 0x00000151bcec0350


Register to memory mapping:

RIP=0x0000000066b2155b gdx-box2d64.dll
RAX=0x000000000000000e is an unknown value
RBX=0x00000151bce6c0b0 points into unknown readable memory: 0x0000015198bc0150 | 50 01 bc 98 51 01 00 00
RCX=0x00000151bce6c0b0 points into unknown readable memory: 0x0000015198bc0150 | 50 01 bc 98 51 01 00 00
RDX=0x00000151bcec02d0 is an unknown value
RSP=0x00000015773fef80 is pointing into the stack for thread: 0x00000151bb716800
RBP=0x00000015773ff0e8 is pointing into the stack for thread: 0x00000151bb716800
RSI=0x00000151bce6c0b0 points into unknown readable memory: 0x0000015198bc0150 | 50 01 bc 98 51 01 00 00
RDI=0x00000151bcec02d0 is an unknown value
R8 =0x00000151bce6c0b0 points into unknown readable memory: 0x0000015198bc0150 | 50 01 bc 98 51 01 00 00
R9 =0x00000151bcec02d0 is an unknown value
R10=0x000001519deef748 is at code_begin+1000 in an Interpreter codelet
method entry point (kind = native)  [0x000001519deef360, 0x000001519deefe00]  2720 bytes
R11=0x0000000000000102 is an unknown value
R12=0x0 is NULL
R13={method} {0x00000151c3ad6ed8} 'jniDestroyBody' '(JJ)V' in 'com/badlogic/gdx/physics/box2d/World'
R14=0x00000015773ff128 is pointing into the stack for thread: 0x00000151bb716800
R15=0x00000151bb716800 is a thread


Registers:
RAX=0x000000000000000e, RBX=0x00000151bce6c0b0, RCX=0x00000151bce6c0b0, RDX=0x00000151bcec02d0
RSP=0x00000015773fef80, RBP=0x00000015773ff0e8, RSI=0x00000151bce6c0b0, RDI=0x00000151bcec02d0
R8 =0x00000151bce6c0b0, R9 =0x00000151bcec02d0, R10=0x000001519deef748, R11=0x0000000000000102
R12=0x0000000000000000, R13=0x00000151c3ad6ed0, R14=0x00000015773ff128, R15=0x00000151bb716800
RIP=0x0000000066b2155b, EFLAGS=0x0000000000010246

Top of Stack: (sp=0x00000015773fef80)
0x00000015773fef80:   0000000000000000 00007ffee96e812e
0x00000015773fef90:   00000151c3ad6ed0 00007ffee96e4197
0x00000015773fefa0:   00000151bce6c0b0 00000151bcec02d0
0x00000015773fefb0:   0000000000000032 00000015773ff0e8
0x00000015773fefc0:   0000000000000000 0000000066b26a9d
0x00000015773fefd0:   00000015773ff648 00007ffee947c37b
0x00000015773fefe0:   00000151bb716908 00000151bb716800
0x00000015773feff0:   0000000066b487e0 00000151bb716b48
0x00000015773ff000:   00000015773ff128 00000151bb716800
0x00000015773ff010:   0000000066b48840 00000151bb716b48
0x00000015773ff020:   00000015773ff128 00000151bb716800
0x00000015773ff030:   00000151c3ad6ed0 00000151c3ad6ed0
0x00000015773ff040:   0000000000000140 000001519deef777
0x00000015773ff050:   00000015773ff0e8 00000015773ff108
0x00000015773ff060:   0000000000000032 000001519deef45c
0x00000015773ff070:   00000151c3ad6ed0 00000015773ff0e8 

Instructions: (pc=0x0000000066b2155b)
0x0000000066b2145b:   30 75 f2 48 8b 50 08 48 8b 40 18 83 4a 08 08 48
0x0000000066b2146b:   85 c0 75 ea 48 83 c4 20 5b 5e 5f 5d 41 5c c3 66
0x0000000066b2147b:   0f 1f 44 00 00 83 c8 02 c7 85 ac 00 00 00 00 00
0x0000000066b2148b:   00 00 66 89 45 04 e9 04 ff ff ff 66 2e 0f 1f 84
0x0000000066b2149b:   00 00 00 00 00 48 8d 15 49 34 02 00 48 8d 0d a0
0x0000000066b214ab:   34 02 00 41 b8 12 01 00 00 e8 17 51 01 00 f6 87
0x0000000066b214bb:   98 92 01 00 02 0f 84 77 fe ff ff 48 83 c4 20 5b
0x0000000066b214cb:   5e 5f 5d 41 5c c3 48 89 97 28 93 01 00 e9 90 fe
0x0000000066b214db:   ff ff 0f 1f 00 48 89 96 80 00 00 00 e9 dd fe ff
0x0000000066b214eb:   ff 0f 1f 40 00 48 89 95 80 00 00 00 e9 0c ff ff
0x0000000066b214fb:   ff 0f 1f 40 00 48 8d 15 e9 33 02 00 48 8d 0d 54
0x0000000066b2150b:   34 02 00 41 b8 5a 01 00 00 e8 b7 50 01 00 8b 87
0x0000000066b2151b:   34 93 01 00 e9 0d ff ff ff 66 90 66 2e 0f 1f 84
0x0000000066b2152b:   00 00 00 00 00 41 54 55 57 56 53 48 83 ec 20 8b
0x0000000066b2153b:   81 30 93 01 00 48 89 ce 48 89 d7 85 c0 0f 8e 93
0x0000000066b2154b:   01 00 00 f6 86 98 92 01 00 02 0f 85 55 01 00 00
0x0000000066b2155b:   48 8b 9f 80 00 00 00 48 85 db 74 3e 66 0f 1f 84
0x0000000066b2156b:   00 00 00 00 00 48 8b 8e 48 93 01 00 48 8b 6b 18
0x0000000066b2157b:   48 85 c9 74 0a 48 8b 01 48 8b 53 08 ff 50 10 48
0x0000000066b2158b:   8b 53 08 48 89 f1 48 89 eb e8 87 fd ff ff 48 85
0x0000000066b2159b:   ed 48 89 af 80 00 00 00 75 cb 48 8b 87 88 00 00
0x0000000066b215ab:   00 48 c7 87 80 00 00 00 00 00 00 00 48 8d ae a0
0x0000000066b215bb:   92 01 00 48 85 c0 74 18 48 8b 58 18 48 8b 50 08
0x0000000066b215cb:   48 89 e9 e8 0d dd ff ff 48 85 db 48 89 d8 75 e8
0x0000000066b215db:   48 8b 5f 70 48 c7 87 88 00 00 00 00 00 00 00 4c
0x0000000066b215eb:   8d a6 a0 92 01 00 48 85 db 74 5a 66 2e 0f 1f 84
0x0000000066b215fb:   00 00 00 00 00 48 8b 8e 48 93 01 00 48 8b 6b 08
0x0000000066b2160b:   48 85 c9 74 09 48 8b 01 48 89 da ff 50 18 48 89
0x0000000066b2161b:   d9 4c 89 e2 e8 7c e4 ff ff 48 89 d9 48 89 f2 e8
0x0000000066b2162b:   61 e2 ff ff 48 89 da 41 b8 48 00 00 00 48 89 f1
0x0000000066b2163b:   e8 60 a7 fe ff 83 6f 78 01 48 85 ed 48 89 6f 70
0x0000000066b2164b:   48 89 eb 75 b0 48 8b 47 60 48 c7 47 70 00 00 00 


Stack slot to memory mapping:
stack at sp + 0 slots: 0x0 is NULL
stack at sp + 1 slots: 0x00007ffee96e812e jvm.dll
stack at sp + 2 slots: {method} {0x00000151c3ad6ed8} 'jniDestroyBody' '(JJ)V' in 'com/badlogic/gdx/physics/box2d/World'
stack at sp + 3 slots: 0x00007ffee96e4197 jvm.dll
stack at sp + 4 slots: 0x00000151bce6c0b0 points into unknown readable memory: 0x0000015198bc0150 | 50 01 bc 98 51 01 00 00
stack at sp + 5 slots: 0x00000151bcec02d0 is an unknown value
stack at sp + 6 slots: 0x0000000000000032 is an unknown value
stack at sp + 7 slots: 0x00000015773ff0e8 is pointing into the stack for thread: 0x00000151bb716800


---------------  P R O C E S S  ---------------

Threads class SMR info:
_java_thread_list=0x00000151bdc05a80, length=12, elements={
0x00000151ba608000, 0x00000151ba615800, 0x00000151baf19800, 0x00000151baf1c000,
0x00000151baf1d000, 0x00000151baf28000, 0x00000151baf32000, 0x00000151baf3b800,
0x00000151bb0aa800, 0x00000151bb716800, 0x0000015198ac0800, 0x00000151bdd9f000
}

Java Threads: ( => current thread )
  0x00000151ba608000 JavaThread "Reference Handler" daemon [_thread_blocked, id=28960, stack(0x0000001576600000,0x0000001576700000)]
  0x00000151ba615800 JavaThread "Finalizer" daemon [_thread_blocked, id=28964, stack(0x0000001576700000,0x0000001576800000)]
  0x00000151baf19800 JavaThread "Signal Dispatcher" daemon [_thread_blocked, id=8156, stack(0x0000001576800000,0x0000001576900000)]
  0x00000151baf1c000 JavaThread "Attach Listener" daemon [_thread_blocked, id=17612, stack(0x0000001576900000,0x0000001576a00000)]
  0x00000151baf1d000 JavaThread "Service Thread" daemon [_thread_blocked, id=23468, stack(0x0000001576a00000,0x0000001576b00000)]
  0x00000151baf28000 JavaThread "C2 CompilerThread0" daemon [_thread_blocked, id=4112, stack(0x0000001576b00000,0x0000001576c00000)]
  0x00000151baf32000 JavaThread "C1 CompilerThread0" daemon [_thread_blocked, id=18604, stack(0x0000001576c00000,0x0000001576d00000)]
  0x00000151baf3b800 JavaThread "Sweeper thread" daemon [_thread_blocked, id=25224, stack(0x0000001576d00000,0x0000001576e00000)]
  0x00000151bb0aa800 JavaThread "Common-Cleaner" daemon [_thread_blocked, id=22568, stack(0x0000001576f00000,0x0000001577000000)]
=>0x00000151bb716800 JavaThread "LWJGL Application" [_thread_in_native, id=25372, stack(0x0000001577300000,0x0000001577400000)]
  0x0000015198ac0800 JavaThread "DestroyJavaVM" [_thread_blocked, id=7372, stack(0x0000001575f00000,0x0000001576000000)]
  0x00000151bdd9f000 JavaThread "LWJGL Timer" daemon [_thread_blocked, id=19872, stack(0x0000001578100000,0x0000001578200000)]

Other Threads:
  0x00000151baec8800 VMThread "VM Thread" [stack: 0x0000001576500000,0x0000001576600000] [id=6956]
  0x00000151bb0a7000 WatcherThread [stack: 0x0000001576e00000,0x0000001576f00000] [id=30888]
  0x0000015198adb000 GCTaskThread "GC Thread#0" [stack: 0x0000001576000000,0x0000001576100000] [id=5084]
  0x0000015198b3a800 ConcurrentGCThread "G1 Main Marker" [stack: 0x0000001576100000,0x0000001576200000] [id=17796]
  0x0000015198b3c800 ConcurrentGCThread "G1 Conc#0" [stack: 0x0000001576200000,0x0000001576300000] [id=31208]
  0x00000151ba4ed800 ConcurrentGCThread "G1 Refine#0" [stack: 0x0000001576300000,0x0000001576400000] [id=30484]
  0x00000151ba4ee800 ConcurrentGCThread "G1 Young RemSet Sampling" [stack: 0x0000001576400000,0x0000001576500000] [id=17760]

Threads with active compile tasks:

VM state:not at safepoint (normal execution)

VM Mutex/Monitor currently owned by a thread: None

Heap address: 0x0000000703800000, size: 4040 MB, Compressed Oops mode: Zero based, Oop shift amount: 3
Narrow klass base: 0x0000000800000000, Narrow klass shift: 0
Compressed class space size: 1073741824 Address: 0x0000000800000000

Heap:
 garbage-first heap   total 260096K, used 17408K [0x0000000703800000, 0x0000000800000000)
  region size 1024K, 19 young (19456K), 0 survivors (0K)
 Metaspace       used 10542K, capacity 10631K, committed 10880K, reserved 1058816K
  class space    used 812K, capacity 823K, committed 896K, reserved 1048576K
Heap Regions: E=young(eden), S=young(survivor), O=old, HS=humongous(starts), HC=humongous(continues), CS=collection set, F=free, A=archive, TAMS=top-at-mark-start (previous, next)
|   0|0x0000000703800000, 0x0000000703800000, 0x0000000703900000|  0%| F|  |TAMS 0x0000000703800000, 0x0000000703800000| Untracked 
|   1|0x0000000703900000, 0x0000000703900000, 0x0000000703a00000|  0%| F|  |TAMS 0x0000000703900000, 0x0000000703900000| Untracked 
|   2|0x0000000703a00000, 0x0000000703a00000, 0x0000000703b00000|  0%| F|  |TAMS 0x0000000703a00000, 0x0000000703a00000| Untracked 
|   3|0x0000000703b00000, 0x0000000703b00000, 0x0000000703c00000|  0%| F|  |TAMS 0x0000000703b00000, 0x0000000703b00000| Untracked 
|   4|0x0000000703c00000, 0x0000000703c00000, 0x0000000703d00000|  0%| F|  |TAMS 0x0000000703c00000, 0x0000000703c00000| Untracked 
|   5|0x0000000703d00000, 0x0000000703d00000, 0x0000000703e00000|  0%| F|  |TAMS 0x0000000703d00000, 0x0000000703d00000| Untracked 
|   6|0x0000000703e00000, 0x0000000703e00000, 0x0000000703f00000|  0%| F|  |TAMS 0x0000000703e00000, 0x0000000703e00000| Untracked 
|   7|0x0000000703f00000, 0x0000000703f00000, 0x0000000704000000|  0%| F|  |TAMS 0x0000000703f00000, 0x0000000703f00000| Untracked 
|   8|0x0000000704000000, 0x0000000704000000, 0x0000000704100000|  0%| F|  |TAMS 0x0000000704000000, 0x0000000704000000| Untracked 
|   9|0x0000000704100000, 0x0000000704100000, 0x0000000704200000|  0%| F|  |TAMS 0x0000000704100000, 0x0000000704100000| Untracked 
|  10|0x0000000704200000, 0x0000000704200000, 0x0000000704300000|  0%| F|  |TAMS 0x0000000704200000, 0x0000000704200000| Untracked 
|  11|0x0000000704300000, 0x0000000704300000, 0x0000000704400000|  0%| F|  |TAMS 0x0000000704300000, 0x0000000704300000| Untracked 
|  12|0x0000000704400000, 0x0000000704400000, 0x0000000704500000|  0%| F|  |TAMS 0x0000000704400000, 0x0000000704400000| Untracked 
|  13|0x0000000704500000, 0x0000000704500000, 0x0000000704600000|  0%| F|  |TAMS 0x0000000704500000, 0x0000000704500000| Untracked 
|  14|0x0000000704600000, 0x0000000704600000, 0x0000000704700000|  0%| F|  |TAMS 0x0000000704600000, 0x0000000704600000| Untracked 
|  15|0x0000000704700000, 0x0000000704700000, 0x0000000704800000|  0%| F|  |TAMS 0x0000000704700000, 0x0000000704700000| Untracked 
|  16|0x0000000704800000, 0x0000000704800000, 0x0000000704900000|  0%| F|  |TAMS 0x0000000704800000, 0x0000000704800000| Untracked 
|  17|0x0000000704900000, 0x0000000704900000, 0x0000000704a00000|  0%| F|  |TAMS 0x0000000704900000, 0x0000000704900000| Untracked 
|  18|0x0000000704a00000, 0x0000000704a00000, 0x0000000704b00000|  0%| F|  |TAMS 0x0000000704a00000, 0x0000000704a00000| Untracked 
|  19|0x0000000704b00000, 0x0000000704b00000, 0x0000000704c00000|  0%| F|  |TAMS 0x0000000704b00000, 0x0000000704b00000| Untracked 
|  20|0x0000000704c00000, 0x0000000704c00000, 0x0000000704d00000|  0%| F|  |TAMS 0x0000000704c00000, 0x0000000704c00000| Untracked 
|  21|0x0000000704d00000, 0x0000000704d00000, 0x0000000704e00000|  0%| F|  |TAMS 0x0000000704d00000, 0x0000000704d00000| Untracked 
|  22|0x0000000704e00000, 0x0000000704e00000, 0x0000000704f00000|  0%| F|  |TAMS 0x0000000704e00000, 0x0000000704e00000| Untracked 
|  23|0x0000000704f00000, 0x0000000704f00000, 0x0000000705000000|  0%| F|  |TAMS 0x0000000704f00000, 0x0000000704f00000| Untracked 
|  24|0x0000000705000000, 0x0000000705000000, 0x0000000705100000|  0%| F|  |TAMS 0x0000000705000000, 0x0000000705000000| Untracked 
|  25|0x0000000705100000, 0x0000000705100000, 0x0000000705200000|  0%| F|  |TAMS 0x0000000705100000, 0x0000000705100000| Untracked 
|  26|0x0000000705200000, 0x0000000705200000, 0x0000000705300000|  0%| F|  |TAMS 0x0000000705200000, 0x0000000705200000| Untracked 
|  27|0x0000000705300000, 0x0000000705300000, 0x0000000705400000|  0%| F|  |TAMS 0x0000000705300000, 0x0000000705300000| Untracked 
|  28|0x0000000705400000, 0x0000000705400000, 0x0000000705500000|  0%| F|  |TAMS 0x0000000705400000, 0x0000000705400000| Untracked 
|  29|0x0000000705500000, 0x0000000705500000, 0x0000000705600000|  0%| F|  |TAMS 0x0000000705500000, 0x0000000705500000| Untracked 
|  30|0x0000000705600000, 0x0000000705600000, 0x0000000705700000|  0%| F|  |TAMS 0x0000000705600000, 0x0000000705600000| Untracked 
|  31|0x0000000705700000, 0x0000000705700000, 0x0000000705800000|  0%| F|  |TAMS 0x0000000705700000, 0x0000000705700000| Untracked 
|  32|0x0000000705800000, 0x0000000705800000, 0x0000000705900000|  0%| F|  |TAMS 0x0000000705800000, 0x0000000705800000| Untracked 
|  33|0x0000000705900000, 0x0000000705900000, 0x0000000705a00000|  0%| F|  |TAMS 0x0000000705900000, 0x0000000705900000| Untracked 
|  34|0x0000000705a00000, 0x0000000705a00000, 0x0000000705b00000|  0%| F|  |TAMS 0x0000000705a00000, 0x0000000705a00000| Untracked 
|  35|0x0000000705b00000, 0x0000000705b00000, 0x0000000705c00000|  0%| F|  |TAMS 0x0000000705b00000, 0x0000000705b00000| Untracked 
|  36|0x0000000705c00000, 0x0000000705c00000, 0x0000000705d00000|  0%| F|  |TAMS 0x0000000705c00000, 0x0000000705c00000| Untracked 
|  37|0x0000000705d00000, 0x0000000705d00000, 0x0000000705e00000|  0%| F|  |TAMS 0x0000000705d00000, 0x0000000705d00000| Untracked 
|  38|0x0000000705e00000, 0x0000000705e00000, 0x0000000705f00000|  0%| F|  |TAMS 0x0000000705e00000, 0x0000000705e00000| Untracked 
|  39|0x0000000705f00000, 0x0000000705f00000, 0x0000000706000000|  0%| F|  |TAMS 0x0000000705f00000, 0x0000000705f00000| Untracked 
|  40|0x0000000706000000, 0x0000000706000000, 0x0000000706100000|  0%| F|  |TAMS 0x0000000706000000, 0x0000000706000000| Untracked 
|  41|0x0000000706100000, 0x0000000706100000, 0x0000000706200000|  0%| F|  |TAMS 0x0000000706100000, 0x0000000706100000| Untracked 
|  42|0x0000000706200000, 0x0000000706200000, 0x0000000706300000|  0%| F|  |TAMS 0x0000000706200000, 0x0000000706200000| Untracked 
|  43|0x0000000706300000, 0x0000000706300000, 0x0000000706400000|  0%| F|  |TAMS 0x0000000706300000, 0x0000000706300000| Untracked 
|  44|0x0000000706400000, 0x0000000706400000, 0x0000000706500000|  0%| F|  |TAMS 0x0000000706400000, 0x0000000706400000| Untracked 
|  45|0x0000000706500000, 0x0000000706500000, 0x0000000706600000|  0%| F|  |TAMS 0x0000000706500000, 0x0000000706500000| Untracked 
|  46|0x0000000706600000, 0x0000000706600000, 0x0000000706700000|  0%| F|  |TAMS 0x0000000706600000, 0x0000000706600000| Untracked 
|  47|0x0000000706700000, 0x0000000706700000, 0x0000000706800000|  0%| F|  |TAMS 0x0000000706700000, 0x0000000706700000| Untracked 
|  48|0x0000000706800000, 0x0000000706800000, 0x0000000706900000|  0%| F|  |TAMS 0x0000000706800000, 0x0000000706800000| Untracked 
|  49|0x0000000706900000, 0x0000000706900000, 0x0000000706a00000|  0%| F|  |TAMS 0x0000000706900000, 0x0000000706900000| Untracked 
|  50|0x0000000706a00000, 0x0000000706a00000, 0x0000000706b00000|  0%| F|  |TAMS 0x0000000706a00000, 0x0000000706a00000| Untracked 
|  51|0x0000000706b00000, 0x0000000706b00000, 0x0000000706c00000|  0%| F|  |TAMS 0x0000000706b00000, 0x0000000706b00000| Untracked 
|  52|0x0000000706c00000, 0x0000000706c00000, 0x0000000706d00000|  0%| F|  |TAMS 0x0000000706c00000, 0x0000000706c00000| Untracked 
|  53|0x0000000706d00000, 0x0000000706d00000, 0x0000000706e00000|  0%| F|  |TAMS 0x0000000706d00000, 0x0000000706d00000| Untracked 
|  54|0x0000000706e00000, 0x0000000706e00000, 0x0000000706f00000|  0%| F|  |TAMS 0x0000000706e00000, 0x0000000706e00000| Untracked 
|  55|0x0000000706f00000, 0x0000000706f00000, 0x0000000707000000|  0%| F|  |TAMS 0x0000000706f00000, 0x0000000706f00000| Untracked 
|  56|0x0000000707000000, 0x0000000707000000, 0x0000000707100000|  0%| F|  |TAMS 0x0000000707000000, 0x0000000707000000| Untracked 
|  57|0x0000000707100000, 0x0000000707100000, 0x0000000707200000|  0%| F|  |TAMS 0x0000000707100000, 0x0000000707100000| Untracked 
|  58|0x0000000707200000, 0x0000000707200000, 0x0000000707300000|  0%| F|  |TAMS 0x0000000707200000, 0x0000000707200000| Untracked 
|  59|0x0000000707300000, 0x0000000707300000, 0x0000000707400000|  0%| F|  |TAMS 0x0000000707300000, 0x0000000707300000| Untracked 
|  60|0x0000000707400000, 0x0000000707400000, 0x0000000707500000|  0%| F|  |TAMS 0x0000000707400000, 0x0000000707400000| Untracked 
|  61|0x0000000707500000, 0x0000000707500000, 0x0000000707600000|  0%| F|  |TAMS 0x0000000707500000, 0x0000000707500000| Untracked 
|  62|0x0000000707600000, 0x0000000707600000, 0x0000000707700000|  0%| F|  |TAMS 0x0000000707600000, 0x0000000707600000| Untracked 
|  63|0x0000000707700000, 0x0000000707700000, 0x0000000707800000|  0%| F|  |TAMS 0x0000000707700000, 0x0000000707700000| Untracked 
|  64|0x0000000707800000, 0x0000000707800000, 0x0000000707900000|  0%| F|  |TAMS 0x0000000707800000, 0x0000000707800000| Untracked 
|  65|0x0000000707900000, 0x0000000707900000, 0x0000000707a00000|  0%| F|  |TAMS 0x0000000707900000, 0x0000000707900000| Untracked 
|  66|0x0000000707a00000, 0x0000000707a00000, 0x0000000707b00000|  0%| F|  |TAMS 0x0000000707a00000, 0x0000000707a00000| Untracked 
|  67|0x0000000707b00000, 0x0000000707b00000, 0x0000000707c00000|  0%| F|  |TAMS 0x0000000707b00000, 0x0000000707b00000| Untracked 
|  68|0x0000000707c00000, 0x0000000707c00000, 0x0000000707d00000|  0%| F|  |TAMS 0x0000000707c00000, 0x0000000707c00000| Untracked 
|  69|0x0000000707d00000, 0x0000000707d00000, 0x0000000707e00000|  0%| F|  |TAMS 0x0000000707d00000, 0x0000000707d00000| Untracked 
|  70|0x0000000707e00000, 0x0000000707e00000, 0x0000000707f00000|  0%| F|  |TAMS 0x0000000707e00000, 0x0000000707e00000| Untracked 
|  71|0x0000000707f00000, 0x0000000707f00000, 0x0000000708000000|  0%| F|  |TAMS 0x0000000707f00000, 0x0000000707f00000| Untracked 
|  72|0x0000000708000000, 0x0000000708000000, 0x0000000708100000|  0%| F|  |TAMS 0x0000000708000000, 0x0000000708000000| Untracked 
|  73|0x0000000708100000, 0x0000000708100000, 0x0000000708200000|  0%| F|  |TAMS 0x0000000708100000, 0x0000000708100000| Untracked 
|  74|0x0000000708200000, 0x0000000708200000, 0x0000000708300000|  0%| F|  |TAMS 0x0000000708200000, 0x0000000708200000| Untracked 
|  75|0x0000000708300000, 0x0000000708300000, 0x0000000708400000|  0%| F|  |TAMS 0x0000000708300000, 0x0000000708300000| Untracked 
|  76|0x0000000708400000, 0x0000000708400000, 0x0000000708500000|  0%| F|  |TAMS 0x0000000708400000, 0x0000000708400000| Untracked 
|  77|0x0000000708500000, 0x0000000708500000, 0x0000000708600000|  0%| F|  |TAMS 0x0000000708500000, 0x0000000708500000| Untracked 
|  78|0x0000000708600000, 0x0000000708600000, 0x0000000708700000|  0%| F|  |TAMS 0x0000000708600000, 0x0000000708600000| Untracked 
|  79|0x0000000708700000, 0x0000000708700000, 0x0000000708800000|  0%| F|  |TAMS 0x0000000708700000, 0x0000000708700000| Untracked 
|  80|0x0000000708800000, 0x0000000708800000, 0x0000000708900000|  0%| F|  |TAMS 0x0000000708800000, 0x0000000708800000| Untracked 
|  81|0x0000000708900000, 0x0000000708900000, 0x0000000708a00000|  0%| F|  |TAMS 0x0000000708900000, 0x0000000708900000| Untracked 
|  82|0x0000000708a00000, 0x0000000708a00000, 0x0000000708b00000|  0%| F|  |TAMS 0x0000000708a00000, 0x0000000708a00000| Untracked 
|  83|0x0000000708b00000, 0x0000000708b00000, 0x0000000708c00000|  0%| F|  |TAMS 0x0000000708b00000, 0x0000000708b00000| Untracked 
|  84|0x0000000708c00000, 0x0000000708c00000, 0x0000000708d00000|  0%| F|  |TAMS 0x0000000708c00000, 0x0000000708c00000| Untracked 
|  85|0x0000000708d00000, 0x0000000708d00000, 0x0000000708e00000|  0%| F|  |TAMS 0x0000000708d00000, 0x0000000708d00000| Untracked 
|  86|0x0000000708e00000, 0x0000000708e00000, 0x0000000708f00000|  0%| F|  |TAMS 0x0000000708e00000, 0x0000000708e00000| Untracked 
|  87|0x0000000708f00000, 0x0000000708f00000, 0x0000000709000000|  0%| F|  |TAMS 0x0000000708f00000, 0x0000000708f00000| Untracked 
|  88|0x0000000709000000, 0x0000000709000000, 0x0000000709100000|  0%| F|  |TAMS 0x0000000709000000, 0x0000000709000000| Untracked 
|  89|0x0000000709100000, 0x0000000709100000, 0x0000000709200000|  0%| F|  |TAMS 0x0000000709100000, 0x0000000709100000| Untracked 
|  90|0x0000000709200000, 0x0000000709200000, 0x0000000709300000|  0%| F|  |TAMS 0x0000000709200000, 0x0000000709200000| Untracked 
|  91|0x0000000709300000, 0x0000000709300000, 0x0000000709400000|  0%| F|  |TAMS 0x0000000709300000, 0x0000000709300000| Untracked 
|  92|0x0000000709400000, 0x0000000709400000, 0x0000000709500000|  0%| F|  |TAMS 0x0000000709400000, 0x0000000709400000| Untracked 
|  93|0x0000000709500000, 0x0000000709500000, 0x0000000709600000|  0%| F|  |TAMS 0x0000000709500000, 0x0000000709500000| Untracked 
|  94|0x0000000709600000, 0x0000000709600000, 0x0000000709700000|  0%| F|  |TAMS 0x0000000709600000, 0x0000000709600000| Untracked 
|  95|0x0000000709700000, 0x0000000709700000, 0x0000000709800000|  0%| F|  |TAMS 0x0000000709700000, 0x0000000709700000| Untracked 
|  96|0x0000000709800000, 0x0000000709800000, 0x0000000709900000|  0%| F|  |TAMS 0x0000000709800000, 0x0000000709800000| Untracked 
|  97|0x0000000709900000, 0x0000000709900000, 0x0000000709a00000|  0%| F|  |TAMS 0x0000000709900000, 0x0000000709900000| Untracked 
|  98|0x0000000709a00000, 0x0000000709a00000, 0x0000000709b00000|  0%| F|  |TAMS 0x0000000709a00000, 0x0000000709a00000| Untracked 
|  99|0x0000000709b00000, 0x0000000709b00000, 0x0000000709c00000|  0%| F|  |TAMS 0x0000000709b00000, 0x0000000709b00000| Untracked 
| 100|0x0000000709c00000, 0x0000000709c00000, 0x0000000709d00000|  0%| F|  |TAMS 0x0000000709c00000, 0x0000000709c00000| Untracked 
| 101|0x0000000709d00000, 0x0000000709d00000, 0x0000000709e00000|  0%| F|  |TAMS 0x0000000709d00000, 0x0000000709d00000| Untracked 
| 102|0x0000000709e00000, 0x0000000709e00000, 0x0000000709f00000|  0%| F|  |TAMS 0x0000000709e00000, 0x0000000709e00000| Untracked 
| 103|0x0000000709f00000, 0x0000000709f00000, 0x000000070a000000|  0%| F|  |TAMS 0x0000000709f00000, 0x0000000709f00000| Untracked 
| 104|0x000000070a000000, 0x000000070a000000, 0x000000070a100000|  0%| F|  |TAMS 0x000000070a000000, 0x000000070a000000| Untracked 
| 105|0x000000070a100000, 0x000000070a100000, 0x000000070a200000|  0%| F|  |TAMS 0x000000070a100000, 0x000000070a100000| Untracked 
| 106|0x000000070a200000, 0x000000070a200000, 0x000000070a300000|  0%| F|  |TAMS 0x000000070a200000, 0x000000070a200000| Untracked 
| 107|0x000000070a300000, 0x000000070a300000, 0x000000070a400000|  0%| F|  |TAMS 0x000000070a300000, 0x000000070a300000| Untracked 
| 108|0x000000070a400000, 0x000000070a400000, 0x000000070a500000|  0%| F|  |TAMS 0x000000070a400000, 0x000000070a400000| Untracked 
| 109|0x000000070a500000, 0x000000070a500000, 0x000000070a600000|  0%| F|  |TAMS 0x000000070a500000, 0x000000070a500000| Untracked 
| 110|0x000000070a600000, 0x000000070a600000, 0x000000070a700000|  0%| F|  |TAMS 0x000000070a600000, 0x000000070a600000| Untracked 
| 111|0x000000070a700000, 0x000000070a700000, 0x000000070a800000|  0%| F|  |TAMS 0x000000070a700000, 0x000000070a700000| Untracked 
| 112|0x000000070a800000, 0x000000070a800000, 0x000000070a900000|  0%| F|  |TAMS 0x000000070a800000, 0x000000070a800000| Untracked 
| 113|0x000000070a900000, 0x000000070a900000, 0x000000070aa00000|  0%| F|  |TAMS 0x000000070a900000, 0x000000070a900000| Untracked 
| 114|0x000000070aa00000, 0x000000070aa00000, 0x000000070ab00000|  0%| F|  |TAMS 0x000000070aa00000, 0x000000070aa00000| Untracked 
| 115|0x000000070ab00000, 0x000000070ab00000, 0x000000070ac00000|  0%| F|  |TAMS 0x000000070ab00000, 0x000000070ab00000| Untracked 
| 116|0x000000070ac00000, 0x000000070ac00000, 0x000000070ad00000|  0%| F|  |TAMS 0x000000070ac00000, 0x000000070ac00000| Untracked 
| 117|0x000000070ad00000, 0x000000070ad00000, 0x000000070ae00000|  0%| F|  |TAMS 0x000000070ad00000, 0x000000070ad00000| Untracked 
| 118|0x000000070ae00000, 0x000000070ae00000, 0x000000070af00000|  0%| F|  |TAMS 0x000000070ae00000, 0x000000070ae00000| Untracked 
| 119|0x000000070af00000, 0x000000070af00000, 0x000000070b000000|  0%| F|  |TAMS 0x000000070af00000, 0x000000070af00000| Untracked 
| 120|0x000000070b000000, 0x000000070b000000, 0x000000070b100000|  0%| F|  |TAMS 0x000000070b000000, 0x000000070b000000| Untracked 
| 121|0x000000070b100000, 0x000000070b100000, 0x000000070b200000|  0%| F|  |TAMS 0x000000070b100000, 0x000000070b100000| Untracked 
| 122|0x000000070b200000, 0x000000070b200000, 0x000000070b300000|  0%| F|  |TAMS 0x000000070b200000, 0x000000070b200000| Untracked 
| 123|0x000000070b300000, 0x000000070b300000, 0x000000070b400000|  0%| F|  |TAMS 0x000000070b300000, 0x000000070b300000| Untracked 
| 124|0x000000070b400000, 0x000000070b400000, 0x000000070b500000|  0%| F|  |TAMS 0x000000070b400000, 0x000000070b400000| Untracked 
| 125|0x000000070b500000, 0x000000070b500000, 0x000000070b600000|  0%| F|  |TAMS 0x000000070b500000, 0x000000070b500000| Untracked 
| 126|0x000000070b600000, 0x000000070b600000, 0x000000070b700000|  0%| F|  |TAMS 0x000000070b600000, 0x000000070b600000| Untracked 
| 127|0x000000070b700000, 0x000000070b700000, 0x000000070b800000|  0%| F|  |TAMS 0x000000070b700000, 0x000000070b700000| Untracked 
| 128|0x000000070b800000, 0x000000070b800000, 0x000000070b900000|  0%| F|  |TAMS 0x000000070b800000, 0x000000070b800000| Untracked 
| 129|0x000000070b900000, 0x000000070b900000, 0x000000070ba00000|  0%| F|  |TAMS 0x000000070b900000, 0x000000070b900000| Untracked 
| 130|0x000000070ba00000, 0x000000070ba00000, 0x000000070bb00000|  0%| F|  |TAMS 0x000000070ba00000, 0x000000070ba00000| Untracked 
| 131|0x000000070bb00000, 0x000000070bb00000, 0x000000070bc00000|  0%| F|  |TAMS 0x000000070bb00000, 0x000000070bb00000| Untracked 
| 132|0x000000070bc00000, 0x000000070bc00000, 0x000000070bd00000|  0%| F|  |TAMS 0x000000070bc00000, 0x000000070bc00000| Untracked 
| 133|0x000000070bd00000, 0x000000070bd00000, 0x000000070be00000|  0%| F|  |TAMS 0x000000070bd00000, 0x000000070bd00000| Untracked 
| 134|0x000000070be00000, 0x000000070be00000, 0x000000070bf00000|  0%| F|  |TAMS 0x000000070be00000, 0x000000070be00000| Untracked 
| 135|0x000000070bf00000, 0x000000070bf00000, 0x000000070c000000|  0%| F|  |TAMS 0x000000070bf00000, 0x000000070bf00000| Untracked 
| 136|0x000000070c000000, 0x000000070c000000, 0x000000070c100000|  0%| F|  |TAMS 0x000000070c000000, 0x000000070c000000| Untracked 
| 137|0x000000070c100000, 0x000000070c100000, 0x000000070c200000|  0%| F|  |TAMS 0x000000070c100000, 0x000000070c100000| Untracked 
| 138|0x000000070c200000, 0x000000070c200000, 0x000000070c300000|  0%| F|  |TAMS 0x000000070c200000, 0x000000070c200000| Untracked 
| 139|0x000000070c300000, 0x000000070c300000, 0x000000070c400000|  0%| F|  |TAMS 0x000000070c300000, 0x000000070c300000| Untracked 
| 140|0x000000070c400000, 0x000000070c400000, 0x000000070c500000|  0%| F|  |TAMS 0x000000070c400000, 0x000000070c400000| Untracked 
| 141|0x000000070c500000, 0x000000070c500000, 0x000000070c600000|  0%| F|  |TAMS 0x000000070c500000, 0x000000070c500000| Untracked 
| 142|0x000000070c600000, 0x000000070c600000, 0x000000070c700000|  0%| F|  |TAMS 0x000000070c600000, 0x000000070c600000| Untracked 
| 143|0x000000070c700000, 0x000000070c700000, 0x000000070c800000|  0%| F|  |TAMS 0x000000070c700000, 0x000000070c700000| Untracked 
| 144|0x000000070c800000, 0x000000070c800000, 0x000000070c900000|  0%| F|  |TAMS 0x000000070c800000, 0x000000070c800000| Untracked 
| 145|0x000000070c900000, 0x000000070c900000, 0x000000070ca00000|  0%| F|  |TAMS 0x000000070c900000, 0x000000070c900000| Untracked 
| 146|0x000000070ca00000, 0x000000070ca00000, 0x000000070cb00000|  0%| F|  |TAMS 0x000000070ca00000, 0x000000070ca00000| Untracked 
| 147|0x000000070cb00000, 0x000000070cb00000, 0x000000070cc00000|  0%| F|  |TAMS 0x000000070cb00000, 0x000000070cb00000| Untracked 
| 148|0x000000070cc00000, 0x000000070cc00000, 0x000000070cd00000|  0%| F|  |TAMS 0x000000070cc00000, 0x000000070cc00000| Untracked 
| 149|0x000000070cd00000, 0x000000070cd00000, 0x000000070ce00000|  0%| F|  |TAMS 0x000000070cd00000, 0x000000070cd00000| Untracked 
| 150|0x000000070ce00000, 0x000000070ce00000, 0x000000070cf00000|  0%| F|  |TAMS 0x000000070ce00000, 0x000000070ce00000| Untracked 
| 151|0x000000070cf00000, 0x000000070cf00000, 0x000000070d000000|  0%| F|  |TAMS 0x000000070cf00000, 0x000000070cf00000| Untracked 
| 152|0x000000070d000000, 0x000000070d000000, 0x000000070d100000|  0%| F|  |TAMS 0x000000070d000000, 0x000000070d000000| Untracked 
| 153|0x000000070d100000, 0x000000070d100000, 0x000000070d200000|  0%| F|  |TAMS 0x000000070d100000, 0x000000070d100000| Untracked 
| 154|0x000000070d200000, 0x000000070d200000, 0x000000070d300000|  0%| F|  |TAMS 0x000000070d200000, 0x000000070d200000| Untracked 
| 155|0x000000070d300000, 0x000000070d300000, 0x000000070d400000|  0%| F|  |TAMS 0x000000070d300000, 0x000000070d300000| Untracked 
| 156|0x000000070d400000, 0x000000070d400000, 0x000000070d500000|  0%| F|  |TAMS 0x000000070d400000, 0x000000070d400000| Untracked 
| 157|0x000000070d500000, 0x000000070d500000, 0x000000070d600000|  0%| F|  |TAMS 0x000000070d500000, 0x000000070d500000| Untracked 
| 158|0x000000070d600000, 0x000000070d600000, 0x000000070d700000|  0%| F|  |TAMS 0x000000070d600000, 0x000000070d600000| Untracked 
| 159|0x000000070d700000, 0x000000070d700000, 0x000000070d800000|  0%| F|  |TAMS 0x000000070d700000, 0x000000070d700000| Untracked 
| 160|0x000000070d800000, 0x000000070d800000, 0x000000070d900000|  0%| F|  |TAMS 0x000000070d800000, 0x000000070d800000| Untracked 
| 161|0x000000070d900000, 0x000000070d900000, 0x000000070da00000|  0%| F|  |TAMS 0x000000070d900000, 0x000000070d900000| Untracked 
| 162|0x000000070da00000, 0x000000070da00000, 0x000000070db00000|  0%| F|  |TAMS 0x000000070da00000, 0x000000070da00000| Untracked 
| 163|0x000000070db00000, 0x000000070db00000, 0x000000070dc00000|  0%| F|  |TAMS 0x000000070db00000, 0x000000070db00000| Untracked 
| 164|0x000000070dc00000, 0x000000070dc00000, 0x000000070dd00000|  0%| F|  |TAMS 0x000000070dc00000, 0x000000070dc00000| Untracked 
| 165|0x000000070dd00000, 0x000000070dd00000, 0x000000070de00000|  0%| F|  |TAMS 0x000000070dd00000, 0x000000070dd00000| Untracked 
| 166|0x000000070de00000, 0x000000070de00000, 0x000000070df00000|  0%| F|  |TAMS 0x000000070de00000, 0x000000070de00000| Untracked 
| 167|0x000000070df00000, 0x000000070df00000, 0x000000070e000000|  0%| F|  |TAMS 0x000000070df00000, 0x000000070df00000| Untracked 
| 168|0x000000070e000000, 0x000000070e000000, 0x000000070e100000|  0%| F|  |TAMS 0x000000070e000000, 0x000000070e000000| Untracked 
| 169|0x000000070e100000, 0x000000070e100000, 0x000000070e200000|  0%| F|  |TAMS 0x000000070e100000, 0x000000070e100000| Untracked 
| 170|0x000000070e200000, 0x000000070e200000, 0x000000070e300000|  0%| F|  |TAMS 0x000000070e200000, 0x000000070e200000| Untracked 
| 171|0x000000070e300000, 0x000000070e300000, 0x000000070e400000|  0%| F|  |TAMS 0x000000070e300000, 0x000000070e300000| Untracked 
| 172|0x000000070e400000, 0x000000070e400000, 0x000000070e500000|  0%| F|  |TAMS 0x000000070e400000, 0x000000070e400000| Untracked 
| 173|0x000000070e500000, 0x000000070e500000, 0x000000070e600000|  0%| F|  |TAMS 0x000000070e500000, 0x000000070e500000| Untracked 
| 174|0x000000070e600000, 0x000000070e600000, 0x000000070e700000|  0%| F|  |TAMS 0x000000070e600000, 0x000000070e600000| Untracked 
| 175|0x000000070e700000, 0x000000070e700000, 0x000000070e800000|  0%| F|  |TAMS 0x000000070e700000, 0x000000070e700000| Untracked 
| 176|0x000000070e800000, 0x000000070e800000, 0x000000070e900000|  0%| F|  |TAMS 0x000000070e800000, 0x000000070e800000| Untracked 
| 177|0x000000070e900000, 0x000000070e900000, 0x000000070ea00000|  0%| F|  |TAMS 0x000000070e900000, 0x000000070e900000| Untracked 
| 178|0x000000070ea00000, 0x000000070ea00000, 0x000000070eb00000|  0%| F|  |TAMS 0x000000070ea00000, 0x000000070ea00000| Untracked 
| 179|0x000000070eb00000, 0x000000070eb00000, 0x000000070ec00000|  0%| F|  |TAMS 0x000000070eb00000, 0x000000070eb00000| Untracked 
| 180|0x000000070ec00000, 0x000000070ec00000, 0x000000070ed00000|  0%| F|  |TAMS 0x000000070ec00000, 0x000000070ec00000| Untracked 
| 181|0x000000070ed00000, 0x000000070ed00000, 0x000000070ee00000|  0%| F|  |TAMS 0x000000070ed00000, 0x000000070ed00000| Untracked 
| 182|0x000000070ee00000, 0x000000070ee00000, 0x000000070ef00000|  0%| F|  |TAMS 0x000000070ee00000, 0x000000070ee00000| Untracked 
| 183|0x000000070ef00000, 0x000000070ef00000, 0x000000070f000000|  0%| F|  |TAMS 0x000000070ef00000, 0x000000070ef00000| Untracked 
| 184|0x000000070f000000, 0x000000070f000000, 0x000000070f100000|  0%| F|  |TAMS 0x000000070f000000, 0x000000070f000000| Untracked 
| 185|0x000000070f100000, 0x000000070f100000, 0x000000070f200000|  0%| F|  |TAMS 0x000000070f100000, 0x000000070f100000| Untracked 
| 186|0x000000070f200000, 0x000000070f200000, 0x000000070f300000|  0%| F|  |TAMS 0x000000070f200000, 0x000000070f200000| Untracked 
| 187|0x000000070f300000, 0x000000070f300000, 0x000000070f400000|  0%| F|  |TAMS 0x000000070f300000, 0x000000070f300000| Untracked 
| 188|0x000000070f400000, 0x000000070f400000, 0x000000070f500000|  0%| F|  |TAMS 0x000000070f400000, 0x000000070f400000| Untracked 
| 189|0x000000070f500000, 0x000000070f500000, 0x000000070f600000|  0%| F|  |TAMS 0x000000070f500000, 0x000000070f500000| Untracked 
| 190|0x000000070f600000, 0x000000070f600000, 0x000000070f700000|  0%| F|  |TAMS 0x000000070f600000, 0x000000070f600000| Untracked 
| 191|0x000000070f700000, 0x000000070f700000, 0x000000070f800000|  0%| F|  |TAMS 0x000000070f700000, 0x000000070f700000| Untracked 
| 192|0x000000070f800000, 0x000000070f800000, 0x000000070f900000|  0%| F|  |TAMS 0x000000070f800000, 0x000000070f800000| Untracked 
| 193|0x000000070f900000, 0x000000070f900000, 0x000000070fa00000|  0%| F|  |TAMS 0x000000070f900000, 0x000000070f900000| Untracked 
| 194|0x000000070fa00000, 0x000000070fa00000, 0x000000070fb00000|  0%| F|  |TAMS 0x000000070fa00000, 0x000000070fa00000| Untracked 
| 195|0x000000070fb00000, 0x000000070fb00000, 0x000000070fc00000|  0%| F|  |TAMS 0x000000070fb00000, 0x000000070fb00000| Untracked 
| 196|0x000000070fc00000, 0x000000070fc00000, 0x000000070fd00000|  0%| F|  |TAMS 0x000000070fc00000, 0x000000070fc00000| Untracked 
| 197|0x000000070fd00000, 0x000000070fd00000, 0x000000070fe00000|  0%| F|  |TAMS 0x000000070fd00000, 0x000000070fd00000| Untracked 
| 198|0x000000070fe00000, 0x000000070fe00000, 0x000000070ff00000|  0%| F|  |TAMS 0x000000070fe00000, 0x000000070fe00000| Untracked 
| 199|0x000000070ff00000, 0x000000070ff00000, 0x0000000710000000|  0%| F|  |TAMS 0x000000070ff00000, 0x000000070ff00000| Untracked 
| 200|0x0000000710000000, 0x0000000710000000, 0x0000000710100000|  0%| F|  |TAMS 0x0000000710000000, 0x0000000710000000| Untracked 
| 201|0x0000000710100000, 0x0000000710100000, 0x0000000710200000|  0%| F|  |TAMS 0x0000000710100000, 0x0000000710100000| Untracked 
| 202|0x0000000710200000, 0x0000000710200000, 0x0000000710300000|  0%| F|  |TAMS 0x0000000710200000, 0x0000000710200000| Untracked 
| 203|0x0000000710300000, 0x0000000710300000, 0x0000000710400000|  0%| F|  |TAMS 0x0000000710300000, 0x0000000710300000| Untracked 
| 204|0x0000000710400000, 0x0000000710400000, 0x0000000710500000|  0%| F|  |TAMS 0x0000000710400000, 0x0000000710400000| Untracked 
| 205|0x0000000710500000, 0x0000000710500000, 0x0000000710600000|  0%| F|  |TAMS 0x0000000710500000, 0x0000000710500000| Untracked 
| 206|0x0000000710600000, 0x0000000710600000, 0x0000000710700000|  0%| F|  |TAMS 0x0000000710600000, 0x0000000710600000| Untracked 
| 207|0x0000000710700000, 0x0000000710700000, 0x0000000710800000|  0%| F|  |TAMS 0x0000000710700000, 0x0000000710700000| Untracked 
| 208|0x0000000710800000, 0x0000000710800000, 0x0000000710900000|  0%| F|  |TAMS 0x0000000710800000, 0x0000000710800000| Untracked 
| 209|0x0000000710900000, 0x0000000710900000, 0x0000000710a00000|  0%| F|  |TAMS 0x0000000710900000, 0x0000000710900000| Untracked 
| 210|0x0000000710a00000, 0x0000000710a00000, 0x0000000710b00000|  0%| F|  |TAMS 0x0000000710a00000, 0x0000000710a00000| Untracked 
| 211|0x0000000710b00000, 0x0000000710b00000, 0x0000000710c00000|  0%| F|  |TAMS 0x0000000710b00000, 0x0000000710b00000| Untracked 
| 212|0x0000000710c00000, 0x0000000710c00000, 0x0000000710d00000|  0%| F|  |TAMS 0x0000000710c00000, 0x0000000710c00000| Untracked 
| 213|0x0000000710d00000, 0x0000000710d00000, 0x0000000710e00000|  0%| F|  |TAMS 0x0000000710d00000, 0x0000000710d00000| Untracked 
| 214|0x0000000710e00000, 0x0000000710e00000, 0x0000000710f00000|  0%| F|  |TAMS 0x0000000710e00000, 0x0000000710e00000| Untracked 
| 215|0x0000000710f00000, 0x0000000710f00000, 0x0000000711000000|  0%| F|  |TAMS 0x0000000710f00000, 0x0000000710f00000| Untracked 
| 216|0x0000000711000000, 0x0000000711000000, 0x0000000711100000|  0%| F|  |TAMS 0x0000000711000000, 0x0000000711000000| Untracked 
| 217|0x0000000711100000, 0x0000000711100000, 0x0000000711200000|  0%| F|  |TAMS 0x0000000711100000, 0x0000000711100000| Untracked 
| 218|0x0000000711200000, 0x0000000711200000, 0x0000000711300000|  0%| F|  |TAMS 0x0000000711200000, 0x0000000711200000| Untracked 
| 219|0x0000000711300000, 0x0000000711300000, 0x0000000711400000|  0%| F|  |TAMS 0x0000000711300000, 0x0000000711300000| Untracked 
| 220|0x0000000711400000, 0x0000000711400000, 0x0000000711500000|  0%| F|  |TAMS 0x0000000711400000, 0x0000000711400000| Untracked 
| 221|0x0000000711500000, 0x0000000711500000, 0x0000000711600000|  0%| F|  |TAMS 0x0000000711500000, 0x0000000711500000| Untracked 
| 222|0x0000000711600000, 0x0000000711600000, 0x0000000711700000|  0%| F|  |TAMS 0x0000000711600000, 0x0000000711600000| Untracked 
| 223|0x0000000711700000, 0x0000000711700000, 0x0000000711800000|  0%| F|  |TAMS 0x0000000711700000, 0x0000000711700000| Untracked 
| 224|0x0000000711800000, 0x0000000711800000, 0x0000000711900000|  0%| F|  |TAMS 0x0000000711800000, 0x0000000711800000| Untracked 
| 225|0x0000000711900000, 0x0000000711900000, 0x0000000711a00000|  0%| F|  |TAMS 0x0000000711900000, 0x0000000711900000| Untracked 
| 226|0x0000000711a00000, 0x0000000711a00000, 0x0000000711b00000|  0%| F|  |TAMS 0x0000000711a00000, 0x0000000711a00000| Untracked 
| 227|0x0000000711b00000, 0x0000000711b00000, 0x0000000711c00000|  0%| F|  |TAMS 0x0000000711b00000, 0x0000000711b00000| Untracked 
| 228|0x0000000711c00000, 0x0000000711c00000, 0x0000000711d00000|  0%| F|  |TAMS 0x0000000711c00000, 0x0000000711c00000| Untracked 
| 229|0x0000000711d00000, 0x0000000711d00000, 0x0000000711e00000|  0%| F|  |TAMS 0x0000000711d00000, 0x0000000711d00000| Untracked 
| 230|0x0000000711e00000, 0x0000000711e00000, 0x0000000711f00000|  0%| F|  |TAMS 0x0000000711e00000, 0x0000000711e00000| Untracked 
| 231|0x0000000711f00000, 0x0000000711f00000, 0x0000000712000000|  0%| F|  |TAMS 0x0000000711f00000, 0x0000000711f00000| Untracked 
| 232|0x0000000712000000, 0x0000000712000000, 0x0000000712100000|  0%| F|  |TAMS 0x0000000712000000, 0x0000000712000000| Untracked 
| 233|0x0000000712100000, 0x0000000712100000, 0x0000000712200000|  0%| F|  |TAMS 0x0000000712100000, 0x0000000712100000| Untracked 
| 234|0x0000000712200000, 0x0000000712200000, 0x0000000712300000|  0%| F|  |TAMS 0x0000000712200000, 0x0000000712200000| Untracked 
| 235|0x0000000712300000, 0x0000000712400000, 0x0000000712400000|100%| E|  |TAMS 0x0000000712300000, 0x0000000712300000| Complete 
| 236|0x0000000712400000, 0x0000000712500000, 0x0000000712500000|100%| E|CS|TAMS 0x0000000712400000, 0x0000000712400000| Complete 
| 237|0x0000000712500000, 0x0000000712600000, 0x0000000712600000|100%| E|  |TAMS 0x0000000712500000, 0x0000000712500000| Complete 
| 238|0x0000000712600000, 0x0000000712700000, 0x0000000712700000|100%| E|CS|TAMS 0x0000000712600000, 0x0000000712600000| Complete 
| 239|0x0000000712700000, 0x0000000712800000, 0x0000000712800000|100%| E|CS|TAMS 0x0000000712700000, 0x0000000712700000| Complete 
| 240|0x0000000712800000, 0x0000000712900000, 0x0000000712900000|100%| E|CS|TAMS 0x0000000712800000, 0x0000000712800000| Complete 
| 241|0x0000000712900000, 0x0000000712a00000, 0x0000000712a00000|100%| E|CS|TAMS 0x0000000712900000, 0x0000000712900000| Complete 
| 242|0x0000000712a00000, 0x0000000712b00000, 0x0000000712b00000|100%| E|CS|TAMS 0x0000000712a00000, 0x0000000712a00000| Complete 
| 243|0x0000000712b00000, 0x0000000712c00000, 0x0000000712c00000|100%| E|CS|TAMS 0x0000000712b00000, 0x0000000712b00000| Complete 
| 244|0x0000000712c00000, 0x0000000712d00000, 0x0000000712d00000|100%| E|CS|TAMS 0x0000000712c00000, 0x0000000712c00000| Complete 
| 245|0x0000000712d00000, 0x0000000712e00000, 0x0000000712e00000|100%| E|CS|TAMS 0x0000000712d00000, 0x0000000712d00000| Complete 
| 246|0x0000000712e00000, 0x0000000712f00000, 0x0000000712f00000|100%| E|CS|TAMS 0x0000000712e00000, 0x0000000712e00000| Complete 
| 247|0x0000000712f00000, 0x0000000713000000, 0x0000000713000000|100%| E|CS|TAMS 0x0000000712f00000, 0x0000000712f00000| Complete 
| 248|0x0000000713000000, 0x0000000713100000, 0x0000000713100000|100%| E|CS|TAMS 0x0000000713000000, 0x0000000713000000| Complete 
| 249|0x0000000713100000, 0x0000000713200000, 0x0000000713200000|100%| E|CS|TAMS 0x0000000713100000, 0x0000000713100000| Complete 
| 250|0x0000000713200000, 0x0000000713300000, 0x0000000713300000|100%| E|CS|TAMS 0x0000000713200000, 0x0000000713200000| Complete 
| 251|0x0000000713300000, 0x0000000713400000, 0x0000000713400000|100%| E|CS|TAMS 0x0000000713300000, 0x0000000713300000| Complete 
| 252|0x0000000713400000, 0x0000000713500000, 0x0000000713500000|100%| E|CS|TAMS 0x0000000713400000, 0x0000000713400000| Complete 
| 253|0x0000000713500000, 0x0000000713600000, 0x0000000713600000|100%| E|CS|TAMS 0x0000000713500000, 0x0000000713500000| Complete 

Card table byte_map: [0x00000151ae6a0000,0x00000151aee90000] _byte_map_base: 0x00000151aae84000

Marking Bits (Prev, Next): (CMBitMap*) 0x0000015198b28c48, (CMBitMap*) 0x0000015198b28c80
 Prev Bits: [0x00000151af680000, 0x00000151b35a0000)
 Next Bits: [0x00000151b35a0000, 0x00000151b74c0000)

Polling page: 0x0000015198ba0000

Metaspace:

Usage:
  Non-class:      9.58 MB capacity,     9.50 MB (>99%) used,    71.20 KB ( <1%) free+waste,     6.88 KB ( <1%) overhead. 
      Class:    823.00 KB capacity,   812.20 KB ( 99%) used,     8.98 KB (  1%) free+waste,     1.81 KB ( <1%) overhead. 
       Both:     10.38 MB capacity,    10.30 MB (>99%) used,    80.19 KB ( <1%) free+waste,     8.69 KB ( <1%) overhead. 

Virtual space:
  Non-class space:       10.00 MB reserved,       9.75 MB ( 98%) committed 
      Class space:        1.00 GB reserved,     896.00 KB ( <1%) committed 
             Both:        1.01 GB reserved,      10.63 MB (  1%) committed 

Chunk freelists:
   Non-Class:  112.00 KB
       Class:  9.00 KB
        Both:  121.00 KB

MaxMetaspaceSize: 17179869184.00 GB
CompressedClassSpaceSize: 1.00 GB
Initial GC threshold: 20.80 MB
Current GC threshold: 20.80 MB
CDS: off

CodeHeap 'non-profiled nmethods': size=119168Kb used=324Kb max_used=324Kb free=118843Kb
 bounds [0x00000151a5a80000, 0x00000151a5cf0000, 0x00000151acee0000]
CodeHeap 'profiled nmethods': size=119168Kb used=1988Kb max_used=1988Kb free=117179Kb
 bounds [0x000001519e620000, 0x000001519e890000, 0x00000151a5a80000]
CodeHeap 'non-nmethods': size=7424Kb used=1255Kb max_used=2971Kb free=6168Kb
 bounds [0x000001519dee0000, 0x000001519e1d0000, 0x000001519e620000]
 total_blobs=1576 nmethods=1027 adapters=462
 compilation: enabled
              stopped_count=0, restarted_count=0
 full_count=0

Compilation events (20 events):
Event: 10.825 Thread 0x00000151baf32000 1017       3       com.badlogic.gdx.graphics.glutils.VertexArray::unbind (84 bytes)
Event: 10.826 Thread 0x00000151baf32000 nmethod 1017 0x000001519e80cf10 code [0x000001519e80d260, 0x000001519e80e3e8]
Event: 10.876 Thread 0x00000151baf32000 1019       3       com.badlogic.gdx.graphics.glutils.IndexArray::unbind (1 bytes)
Event: 10.876 Thread 0x00000151baf32000 nmethod 1019 0x000001519e80ec10 code [0x000001519e80edc0, 0x000001519e80eeb8]
Event: 10.876 Thread 0x00000151baf32000 1020       3       com.badlogic.gdx.math.Vector3::sub (17 bytes)
Event: 10.876 Thread 0x00000151baf32000 nmethod 1020 0x000001519e80ef90 code [0x000001519e80f160, 0x000001519e80f398]
Event: 10.876 Thread 0x00000151baf32000 1021       3       com.badlogic.gdx.math.Vector3::sub (23 bytes)
Event: 10.877 Thread 0x00000151baf32000 nmethod 1021 0x000001519e80f510 code [0x000001519e80f6c0, 0x000001519e80f858]
Event: 10.925 Thread 0x00000151baf28000 1022       4       org.lwjgl.BufferChecks::checkFunctionAddress (23 bytes)
Event: 10.926 Thread 0x00000151baf28000 nmethod 1022 0x00000151a5ad0c10 code [0x00000151a5ad0da0, 0x00000151a5ad0df8]
Event: 10.959 Thread 0x00000151baf28000 1023       4       org.lwjgl.opengl.GLContext::getCapabilitiesImpl (23 bytes)
Event: 10.959 Thread 0x00000151baf28000 nmethod 1023 0x00000151a5ad0f10 code [0x00000151a5ad10a0, 0x00000151a5ad1138]
Event: 10.976 Thread 0x00000151baf32000 1024       3       com.badlogic.gdx.math.Plane::set (60 bytes)
Event: 10.976 Thread 0x00000151baf32000 nmethod 1024 0x000001519e80f910 code [0x000001519e80fb60, 0x000001519e8102e8]
Event: 10.976 Thread 0x00000151baf32000 1025       3       com.badlogic.gdx.math.Vector3::crs (44 bytes)
Event: 10.976 Thread 0x00000151baf32000 nmethod 1025 0x000001519e810610 code [0x000001519e8107c0, 0x000001519e810978]
Event: 10.976 Thread 0x00000151baf32000 1026       3       com.badlogic.gdx.math.Vector3::dot (30 bytes)
Event: 10.976 Thread 0x00000151baf32000 nmethod 1026 0x000001519e810a90 code [0x000001519e810c40, 0x000001519e810d78]
Event: 10.992 Thread 0x00000151baf32000 1027       3       com.badlogic.gdx.graphics.glutils.IndexBufferObject::getNumIndices (19 bytes)
Event: 10.993 Thread 0x00000151baf32000 nmethod 1027 0x000001519e810e10 code [0x000001519e810fc0, 0x000001519e811158]

GC Heap History (0 events):
No events

Deoptimization events (20 events):
Event: 0.072 Thread 0x0000015198ac0800 DEOPT PACKING pc=0x00000151a5a84b0c sp=0x0000001575ffdad0
Event: 0.072 Thread 0x0000015198ac0800 DEOPT UNPACKING pc=0x000001519df2a1af sp=0x0000001575ffda68 mode 2
Event: 0.119 Thread 0x0000015198ac0800 DEOPT PACKING pc=0x000001519e65be68 sp=0x0000001575ffa700
Event: 0.119 Thread 0x0000015198ac0800 DEOPT UNPACKING pc=0x000001519df2a95e sp=0x0000001575ff9b70 mode 0
Event: 0.127 Thread 0x0000015198ac0800 Uncommon trap: trap_request=0xffffff4d fr.pc=0x00000151a5a8cd00 relative=0x0000000000000060
Event: 0.127 Thread 0x0000015198ac0800 Uncommon trap: reason=unstable_if action=reinterpret pc=0x00000151a5a8cd00 method=java.io.WinNTFileSystem.isSlash(C)Z @ 9 c2
Event: 0.127 Thread 0x0000015198ac0800 DEOPT PACKING pc=0x00000151a5a8cd00 sp=0x0000001575ffedc0
Event: 0.127 Thread 0x0000015198ac0800 DEOPT UNPACKING pc=0x000001519df2a1af sp=0x0000001575ffed48 mode 2
Event: 0.155 Thread 0x0000015198ac0800 DEOPT PACKING pc=0x000001519e650bff sp=0x0000001575ffcfc0
Event: 0.155 Thread 0x0000015198ac0800 DEOPT UNPACKING pc=0x000001519df2a95e sp=0x0000001575ffc410 mode 0
Event: 0.468 Thread 0x00000151bb716800 DEOPT PACKING pc=0x000001519e66f1c2 sp=0x00000015773fe080
Event: 0.468 Thread 0x00000151bb716800 DEOPT UNPACKING pc=0x000001519df2a95e sp=0x00000015773fd4e8 mode 0
Event: 0.473 Thread 0x00000151bb716800 DEOPT PACKING pc=0x000001519e651250 sp=0x00000015773fc640
Event: 0.473 Thread 0x00000151bb716800 DEOPT UNPACKING pc=0x000001519df2a95e sp=0x00000015773fbac8 mode 0
Event: 0.873 Thread 0x00000151bb716800 DEOPT PACKING pc=0x000001519e66e51b sp=0x00000015773fe170
Event: 0.873 Thread 0x00000151bb716800 DEOPT UNPACKING pc=0x000001519df2a95e sp=0x00000015773fd5e0 mode 0
Event: 1.648 Thread 0x00000151bb716800 DEOPT PACKING pc=0x000001519e7bd502 sp=0x00000015773ff0d0
Event: 1.648 Thread 0x00000151bb716800 DEOPT UNPACKING pc=0x000001519df2a95e sp=0x00000015773fe658 mode 0
Event: 10.626 Thread 0x00000151bb716800 DEOPT PACKING pc=0x000001519e7b6677 sp=0x00000015773fefc0
Event: 10.626 Thread 0x00000151bb716800 DEOPT UNPACKING pc=0x000001519df2a95e sp=0x00000015773fe3e8 mode 0

Classes redefined (0 events):
No events

Internal exceptions (9 events):
Event: 0.159 Thread 0x0000015198ac0800 Exception <a 'java/security/PrivilegedActionException'{0x0000000713160330}> (0x0000000713160330) thrown at [./src/hotspot/share/prims/jvm.cpp, line 1306]
Event: 0.159 Thread 0x0000015198ac0800 Exception <a 'java/security/PrivilegedActionException'{0x0000000713162b10}> (0x0000000713162b10) thrown at [./src/hotspot/share/prims/jvm.cpp, line 1306]
Event: 0.159 Thread 0x0000015198ac0800 Exception <a 'java/security/PrivilegedActionException'{0x0000000713163b08}> (0x0000000713163b08) thrown at [./src/hotspot/share/prims/jvm.cpp, line 1306]
Event: 0.162 Thread 0x0000015198ac0800 Exception <a 'java/security/PrivilegedActionException'{0x0000000713175b90}> (0x0000000713175b90) thrown at [./src/hotspot/share/prims/jvm.cpp, line 1306]
Event: 0.162 Thread 0x0000015198ac0800 Exception <a 'java/security/PrivilegedActionException'{0x0000000713176750}> (0x0000000713176750) thrown at [./src/hotspot/share/prims/jvm.cpp, line 1306]
Event: 0.162 Thread 0x0000015198ac0800 Exception <a 'java/security/PrivilegedActionException'{0x00000007131772d0}> (0x00000007131772d0) thrown at [./src/hotspot/share/prims/jvm.cpp, line 1306]
Event: 0.517 Thread 0x00000151bb716800 Exception <a 'org/lwjgl/LWJGLException'{0x0000000712f225c0}: Failed to set device gamma.> (0x0000000712f225c0) thrown at [./src/hotspot/share/prims/jni.cpp, line 637]
Event: 1.341 Thread 0x00000151bb716800 Exception <a 'org/lwjgl/LWJGLException'{0x00000007123a7880}: Failed to set device gamma.> (0x00000007123a7880) thrown at [./src/hotspot/share/prims/jni.cpp, line 637]
Event: 10.483 Thread 0x00000151bb716800 Exception <a 'org/lwjgl/LWJGLException'{0x00000007123a7f10}: Failed to set device gamma.> (0x00000007123a7f10) thrown at [./src/hotspot/share/prims/jni.cpp, line 637]

Events (20 events):
Event: 1.159 Loaded shared library C:\Users\dougl\AppData\Local\Temp\libgdxdougl\1cecf4f6\lwjgl64.dll
Event: 1.159 Loaded shared library C:\Users\dougl\AppData\Local\Temp\libgdxdougl\1cecf4f6\lwjgl64.dll
Event: 1.160 Loaded shared library C:\Users\dougl\AppData\Local\Temp\libgdxdougl\1cecf4f6\lwjgl64.dll
Event: 1.193 loading class org/lwjgl/opengl/WindowsKeycodes
Event: 1.193 loading class org/lwjgl/opengl/WindowsKeycodes done
Event: 1.365 Thread 0x00000151bd513000 Thread exited: 0x00000151bd513000
Event: 1.498 Thread 0x00000151bd4a7000 Thread exited: 0x00000151bd4a7000
Event: 1.498 Thread 0x00000151bd5f5000 Thread exited: 0x00000151bd5f5000
Event: 1.744 Loaded shared library D:\Apps\IntelliJ IDEA\IntelliJ IDEA Community Edition 2021.3\jbr\bin\java.dll
Event: 3.165 Thread 0x00000151bd43b800 Thread exited: 0x00000151bd43b800
Event: 3.899 Loaded shared library D:\Apps\IntelliJ IDEA\IntelliJ IDEA Community Edition 2021.3\jbr\bin\java.dll
Event: 5.315 Loaded shared library C:\Users\dougl\AppData\Local\Temp\libgdxdougl\1cecf4f6\lwjgl64.dll
Event: 8.565 Thread 0x00000151bd43a800 Thread exited: 0x00000151bd43a800
Event: 8.565 Thread 0x00000151bb0bd800 Thread exited: 0x00000151bb0bd800
Event: 10.676 Loaded shared library C:\Users\dougl\AppData\Local\Temp\libgdxdougl\1cecf4f6\lwjgl64.dll
Event: 10.692 Loaded shared library C:\Users\dougl\AppData\Local\Temp\libgdxdougl\1cecf4f6\lwjgl64.dll
Event: 10.693 Loaded shared library C:\Users\dougl\AppData\Local\Temp\libgdxdougl\1cecf4f6\lwjgl64.dll
Event: 10.876 Loaded shared library C:\Users\dougl\AppData\Local\Temp\libgdxdougl\1cecf4f6\lwjgl64.dll
Event: 10.993 loading class com/badlogic/gdx/backends/lwjgl/LwjglApplication$2
Event: 10.993 loading class com/badlogic/gdx/backends/lwjgl/LwjglApplication$2 done


Dynamic libraries:
0x00007ff63e210000 - 0x00007ff63e21a000 	D:\Apps\IntelliJ IDEA\IntelliJ IDEA Community Edition 2021.3\jbr\bin\java.exe
0x00007fffb4cd0000 - 0x00007fffb4ec5000 	C:\Windows\SYSTEM32\ntdll.dll
0x00007fffb4ba0000 - 0x00007fffb4c5e000 	C:\Windows\System32\KERNEL32.DLL
0x00007fffb26f0000 - 0x00007fffb29b8000 	C:\Windows\System32\KERNELBASE.dll
0x00007fffaab60000 - 0x00007fffaab79000 	D:\Apps\IntelliJ IDEA\IntelliJ IDEA Community Edition 2021.3\jbr\bin\jli.dll
0x00007fff96290000 - 0x00007fff962a7000 	D:\Apps\IntelliJ IDEA\IntelliJ IDEA Community Edition 2021.3\jbr\bin\VCRUNTIME140.dll
0x00007fffb2540000 - 0x00007fffb2640000 	C:\Windows\System32\ucrtbase.dll
0x00007fffb31a0000 - 0x00007fffb3341000 	C:\Windows\System32\USER32.dll
0x00007fffa3940000 - 0x00007fffa3bda000 	C:\Windows\WinSxS\amd64_microsoft.windows.common-controls_6595b64144ccf1df_6.0.19041.1110_none_60b5254171f9507e\COMCTL32.dll
0x00007fffb2c80000 - 0x00007fffb2ca2000 	C:\Windows\System32\win32u.dll
0x00007fffb44a0000 - 0x00007fffb453e000 	C:\Windows\System32\msvcrt.dll
0x00007fffb4930000 - 0x00007fffb495b000 	C:\Windows\System32\GDI32.dll
0x00007fffb2a80000 - 0x00007fffb2b8d000 	C:\Windows\System32\gdi32full.dll
0x00007fffb2be0000 - 0x00007fffb2c7d000 	C:\Windows\System32\msvcp_win.dll
0x00007fffb4c60000 - 0x00007fffb4c90000 	C:\Windows\System32\IMM32.DLL
0x00007fff8ad40000 - 0x00007fff8addd000 	D:\Apps\IntelliJ IDEA\IntelliJ IDEA Community Edition 2021.3\jbr\bin\msvcp140.dll
0x00007ffee9100000 - 0x00007ffee9c76000 	D:\Apps\IntelliJ IDEA\IntelliJ IDEA Community Edition 2021.3\jbr\bin\server\jvm.dll
0x00007fffb4280000 - 0x00007fffb432c000 	C:\Windows\System32\ADVAPI32.dll
0x00007fffb49d0000 - 0x00007fffb4a6b000 	C:\Windows\System32\sechost.dll
0x00007fffb3350000 - 0x00007fffb347a000 	C:\Windows\System32\RPCRT4.dll
0x00007fffb43c0000 - 0x00007fffb43c8000 	C:\Windows\System32\PSAPI.DLL
0x00007fff8b0c0000 - 0x00007fff8b0c9000 	C:\Windows\SYSTEM32\WSOCK32.dll
0x00007fffa5d20000 - 0x00007fffa5d47000 	C:\Windows\SYSTEM32\WINMM.dll
0x00007fffaae30000 - 0x00007fffaae3a000 	C:\Windows\SYSTEM32\VERSION.dll
0x00007fffb4960000 - 0x00007fffb49cb000 	C:\Windows\System32\WS2_32.dll
0x00007fffb04d0000 - 0x00007fffb04e2000 	C:\Windows\SYSTEM32\kernel.appcore.dll
0x00007fff8aa00000 - 0x00007fff8aa11000 	D:\Apps\IntelliJ IDEA\IntelliJ IDEA Community Edition 2021.3\jbr\bin\verify.dll
0x00007fffb0050000 - 0x00007fffb0234000 	C:\Windows\SYSTEM32\DBGHELP.DLL
0x00007fffaab00000 - 0x00007fffaab2c000 	C:\Windows\SYSTEM32\dbgcore.DLL
0x00007fffb29f0000 - 0x00007fffb2a72000 	C:\Windows\System32\bcryptPrimitives.dll
0x00007fff8a9d0000 - 0x00007fff8a9f9000 	D:\Apps\IntelliJ IDEA\IntelliJ IDEA Community Edition 2021.3\jbr\bin\java.dll
0x00007fff8af90000 - 0x00007fff8af9b000 	D:\Apps\IntelliJ IDEA\IntelliJ IDEA Community Edition 2021.3\jbr\bin\jimage.dll
0x00007fff81eb0000 - 0x00007fff81ec8000 	D:\Apps\IntelliJ IDEA\IntelliJ IDEA Community Edition 2021.3\jbr\bin\zip.dll
0x00007fffb34e0000 - 0x00007fffb3c24000 	C:\Windows\System32\SHELL32.dll
0x00007fffb04f0000 - 0x00007fffb0c84000 	C:\Windows\SYSTEM32\windows.storage.dll
0x00007fffb45d0000 - 0x00007fffb4925000 	C:\Windows\System32\combase.dll
0x00007fffb1e30000 - 0x00007fffb1e5e000 	C:\Windows\SYSTEM32\Wldp.dll
0x00007fffb3cf0000 - 0x00007fffb3d9d000 	C:\Windows\System32\SHCORE.dll
0x00007fffb3c30000 - 0x00007fffb3c85000 	C:\Windows\System32\shlwapi.dll
0x00007fffb2320000 - 0x00007fffb233f000 	C:\Windows\SYSTEM32\profapi.dll
0x00007fff70b10000 - 0x00007fff70b2a000 	D:\Apps\IntelliJ IDEA\IntelliJ IDEA Community Edition 2021.3\jbr\bin\net.dll
0x00007fffa7f90000 - 0x00007fffa809c000 	C:\Windows\SYSTEM32\WINHTTP.dll
0x00007fffb1b90000 - 0x00007fffb1bfa000 	C:\Windows\system32\mswsock.dll
0x00007fff70320000 - 0x00007fff70334000 	D:\Apps\IntelliJ IDEA\IntelliJ IDEA Community Edition 2021.3\jbr\bin\nio.dll
0x000000006e700000 - 0x000000006e72a000 	C:\Users\dougl\AppData\Local\Temp\libgdxdougl\e1cd32f8\gdx64.dll
0x0000000180000000 - 0x0000000180053000 	C:\Users\dougl\AppData\Local\Temp\libgdxdougl\1cecf4f6\lwjgl64.dll
0x00007fff71a60000 - 0x00007fff71b85000 	C:\Windows\SYSTEM32\OPENGL32.dll
0x00007fff9f7c0000 - 0x00007fff9f7ec000 	C:\Windows\SYSTEM32\GLU32.dll
0x00000151bbbd0000 - 0x00000151bbc34000 	C:\Users\dougl\AppData\Local\Temp\libgdxdougl\1cecf4f6\OpenAL64.dll
0x00007fffb4a70000 - 0x00007fffb4b9a000 	C:\Windows\System32\ole32.dll
0x00007fffafa60000 - 0x00007fffafafe000 	C:\Windows\system32\uxtheme.dll
0x00007fff0a380000 - 0x00007fff0a47c000 	C:\ProgramData\A-Volute\DellInc.AlienwareSoundCenter\Modules\ScheduledModules\x64\DellInc.AlienwareSoundCenterDevProps2.dll
0x00007fff0bf90000 - 0x00007fff0c03d000 	C:\ProgramData\A-Volute\DellInc.AlienwareSoundCenter\Modules\ScheduledModules\x64\NahimicOSD.dll
0x00007fffa2420000 - 0x00007fffa2441000 	C:\ProgramData\A-Volute\DellInc.AlienwareSoundCenter\Modules\ScheduledModules\x64\ProductInfo.dll
0x00007fffb3e80000 - 0x00007fffb3f29000 	C:\Windows\System32\clbcatq.dll
0x00007fffacbb0000 - 0x00007fffacc35000 	C:\Windows\System32\MMDevApi.dll
0x00007fffb2180000 - 0x00007fffb21b4000 	C:\Windows\System32\DEVOBJ.dll
0x00007fffb2b90000 - 0x00007fffb2bde000 	C:\Windows\System32\cfgmgr32.dll
0x00007fffaceb0000 - 0x00007fffad031000 	C:\Windows\SYSTEM32\AudioSes.dll
0x00007fffb43d0000 - 0x00007fffb449d000 	C:\Windows\System32\OLEAUT32.dll
0x00007fffb1950000 - 0x00007fffb199b000 	C:\Windows\SYSTEM32\powrprof.dll
0x00007fffb1810000 - 0x00007fffb1822000 	C:\Windows\SYSTEM32\UMPDC.dll
0x00007fffada40000 - 0x00007fffadb36000 	C:\Windows\SYSTEM32\PropSys.dll
0x00007fffa57e0000 - 0x00007fffa587c000 	C:\Windows\SYSTEM32\dsound.dll
0x00007fffa5580000 - 0x00007fffa55a6000 	C:\Windows\SYSTEM32\winmmbase.dll
0x00007fffafb50000 - 0x00007fffafb64000 	C:\Windows\SYSTEM32\resourcepolicyclient.dll
0x00007fff944e0000 - 0x00007fff9458e000 	C:\Windows\SYSTEM32\mscms.dll
0x00007fffb22a0000 - 0x00007fffb22ce000 	C:\Windows\SYSTEM32\USERENV.dll
0x00007fff944c0000 - 0x00007fff944d1000 	C:\Windows\SYSTEM32\ColorAdapterClient.dll
0x00007fffb3f30000 - 0x00007fffb4045000 	C:\Windows\System32\MSCTF.dll
0x00007fff95a00000 - 0x00007fff95af9000 	C:\Windows\SYSTEM32\textinputframework.dll
0x00007fffaf4e0000 - 0x00007fffaf83e000 	C:\Windows\System32\CoreUIComponents.dll
0x00007fffaf2e0000 - 0x00007fffaf3d2000 	C:\Windows\System32\CoreMessaging.dll
0x00007fffb10d0000 - 0x00007fffb1103000 	C:\Windows\SYSTEM32\ntmarta.dll
0x00007fffadf80000 - 0x00007fffae0d4000 	C:\Windows\SYSTEM32\wintypes.dll
0x00007fff9f360000 - 0x00007fff9f3c6000 	C:\Windows\system32\Oleacc.dll
0x00007fffaa460000 - 0x00007fffaa559000 	C:\Windows\System32\AppXDeploymentClient.dll
0x00007ffec6910000 - 0x00007ffec9427000 	C:\Windows\System32\DriverStore\FileRepository\nvddi.inf_amd64_825a4c41796dab48\nvoglv64.dll
0x00007fffb2d10000 - 0x00007fffb3182000 	C:\Windows\System32\SETUPAPI.dll
0x00007fffb29c0000 - 0x00007fffb29e7000 	C:\Windows\System32\bcrypt.dll
0x00007fffadbd0000 - 0x00007fffadbe4000 	C:\Windows\SYSTEM32\WTSAPI32.dll
0x00007fffb1fc0000 - 0x00007fffb1fd2000 	C:\Windows\SYSTEM32\msasn1.dll
0x00007fffaac50000 - 0x00007fffaac81000 	C:\Windows\SYSTEM32\cryptnet.dll
0x00007fffb23e0000 - 0x00007fffb2536000 	C:\Windows\System32\CRYPT32.dll
0x00007fffa8940000 - 0x00007fffa8a8a000 	C:\Windows\SYSTEM32\drvstore.dll
0x00007fffb1da0000 - 0x00007fffb1dac000 	C:\Windows\SYSTEM32\cryptbase.dll
0x00007fffb2cb0000 - 0x00007fffb2d10000 	C:\Windows\System32\WINTRUST.dll
0x00007fffac940000 - 0x00007fffac97b000 	C:\Windows\SYSTEM32\dxcore.dll
0x00007fff77eb0000 - 0x00007fff78173000 	C:\Windows\system32\nvspcap64.dll
0x00007fffafc50000 - 0x00007fffafc7f000 	C:\Windows\SYSTEM32\dwmapi.dll
0x00007fff924c0000 - 0x00007fff92503000 	C:\Windows\SYSTEM32\icm32.dll
0x00007fffb12e0000 - 0x00007fffb133a000 	C:\Windows\SYSTEM32\WINSTA.dll
0x00007fffa9750000 - 0x00007fffa9920000 	C:\Windows\SYSTEM32\d3d9.dll
0x00007fffb4200000 - 0x00007fffb421d000 	C:\Windows\System32\imagehlp.dll
0x00007fffb1d80000 - 0x00007fffb1d98000 	C:\Windows\SYSTEM32\CRYPTSP.dll
0x00007fffb14a0000 - 0x00007fffb14d4000 	C:\Windows\system32\rsaenh.dll
0x0000000066b00000 - 0x0000000066b5b000 	C:\Users\dougl\AppData\Local\Temp\libgdxdougl\a14961b7\gdx-box2d64.dll

dbghelp: loaded successfully - version: 4.0.5 - missing functions: none
symbol engine: initialized successfully - sym options: 0x614 - pdb path: .;D:\Apps\IntelliJ IDEA\IntelliJ IDEA Community Edition 2021.3\jbr\bin;C:\Windows\SYSTEM32;C:\Windows\WinSxS\amd64_microsoft.windows.common-controls_6595b64144ccf1df_6.0.19041.1110_none_60b5254171f9507e;D:\Apps\IntelliJ IDEA\IntelliJ IDEA Community Edition 2021.3\jbr\bin\server;C:\Users\dougl\AppData\Local\Temp\libgdxdougl\e1cd32f8;C:\Users\dougl\AppData\Local\Temp\libgdxdougl\1cecf4f6;C:\ProgramData\A-Volute\DellInc.AlienwareSoundCenter\Modules\ScheduledModules\x64;C:\Windows\System32\DriverStore\FileRepository\nvddi.inf_amd64_825a4c41796dab48;C:\Users\dougl\AppData\Local\Temp\libgdxdougl\a14961b7

VM Arguments:
jvm_args: -Dfile.encoding=windows-1252 -Duser.country=CA -Duser.language=en -Duser.variant 
java_command: com.mygdx.game.desktop.DesktopLauncher
java_class_path (initial): D:\Documents\GitHub\PortalGame\PortalGame\desktop\build\classes\java\main;D:\Documents\GitHub\PortalGame\PortalGame\desktop\build\resources\main;C:\Users\dougl\.gradle\caches\modules-2\files-2.1\com.badlogicgames.gdx\gdx-tools\1.10.0\d699cf4953fb42a071c7c3feb9b5c45601aa6a4b\gdx-tools-1.10.0.jar;C:\Users\dougl\.gradle\caches\modules-2\files-2.1\com.badlogicgames.gdx\gdx-backend-lwjgl\1.10.0\58ff89d9e4fd8a82591367f187d606e781cacc05\gdx-backend-lwjgl-1.10.0.jar;C:\Users\dougl\.gradle\caches\modules-2\files-2.1\com.badlogicgames.gdx\gdx-platform\1.10.0\9a8fa793d2fd6d360afc6c9e4c1f5583da263b88\gdx-platform-1.10.0-natives-desktop.jar;C:\Users\dougl\.gradle\caches\modules-2\files-2.1\com.badlogicgames.gdx\gdx-box2d-platform\1.10.0\588c4191c5a64ed39365e71484aa37d81c38eb5e\gdx-box2d-platform-1.10.0-natives-desktop.jar;C:\Users\dougl\.gradle\caches\modules-2\files-2.1\com.badlogicgames.gdx\gdx-bullet-platform\1.10.0\ce92e8dfc762523d769cbc50853163c03bf98cf1\gdx-bullet-platform-1.10.0-natives-desktop.jar;C:\Users\dougl\.gradle\caches\modules-2\files-2.1\com.badlogicgames.gdx\gdx-freetype-platform\1.10.0\6e5d28752759e69384f12e4569d2c884ff71352f\gdx-freetype-platform-1.10.0-natives-desktop.jar;D:\Documents\GitHub\PortalGame\PortalGame\core\build\libs\core-1.0.jar;C:\Users\dougl\.gradle\caches\modules-2\files-2.1\com.badlogicgames.gdx\gdx-backend-headless\1.10.0\990eadbb431197c5b9b816d1659c772e0268e65\gdx-backend-headless-1.10.0.jar;C:\Users\dougl\.gradle\caches\modules-2\files-2.1\com.badlogicgames.gdx\gdx-freetype\1.10.0\de1d0d5c1e92e8d91364256fd6b7bb279d3e9859\gdx-freetype-1.10.0.jar;C:\Users\dougl\.gradle\caches\modules-2\files-2.1\com.badlogicgames.box2dlights\box2dlights\1.5\6902dbcd250c95a27973aa24a147a95b3828d348\box2dlights-1.5.jar;C:\Users\dougl\.gradle\caches\modules-2\files-2.1\com.badlogicgames.gdx\gdx-box2d\1.10.0\b3a3c0f00b90716238835434d0ae8985604c37f8\gdx-box2d-1.10.0.jar;C:\Users\dougl\.gradle\caches\modules-2\files-2.1\com.badlogicga
Launcher Type: SUN_STANDARD

[Global flags]
     intx CICompilerCount                          = 12                                        {product} {ergonomic}
     uint ConcGCThreads                            = 3                                         {product} {ergonomic}
     uint G1ConcRefinementThreads                  = 13                                        {product} {ergonomic}
   size_t G1HeapRegionSize                         = 1048576                                   {product} {ergonomic}
    uintx GCDrainStackTargetSize                   = 64                                        {product} {ergonomic}
   size_t InitialHeapSize                          = 266338304                                 {product} {ergonomic}
   size_t MarkStackSize                            = 4194304                                   {product} {ergonomic}
   size_t MaxHeapSize                              = 4236247040                                {product} {ergonomic}
   size_t MaxNewSize                               = 2541748224                                {product} {ergonomic}
   size_t MinHeapDeltaBytes                        = 1048576                                   {product} {ergonomic}
    uintx NonNMethodCodeHeapSize                   = 7594288                                {pd product} {ergonomic}
    uintx NonProfiledCodeHeapSize                  = 122031976                              {pd product} {ergonomic}
    uintx ProfiledCodeHeapSize                     = 122031976                              {pd product} {ergonomic}
    uintx ReservedCodeCacheSize                    = 251658240                              {pd product} {ergonomic}
     bool SegmentedCodeCache                       = true                                      {product} {ergonomic}
     bool UseCompressedClassPointers               = true                                 {lp64_product} {ergonomic}
     bool UseCompressedOops                        = true                                 {lp64_product} {ergonomic}
     bool UseG1GC                                  = true                                      {product} {ergonomic}
     bool UseLargePagesIndividualAllocation        = false                                  {pd product} {ergonomic}

Logging:
Log output configuration:
 #0: stdout all=warning uptime,level,tags
 #1: stderr all=off uptime,level,tags

Environment Variables:
PATH=C:\Program Files (x86)\Common Files\Oracle\Java\javapath;C:\Windows\system32;C:\Windows;C:\Windows\System32\Wbem;C:\Windows\System32\WindowsPowerShell\v1.0\;C:\Windows\System32\OpenSSH\;C:\Program Files\NVIDIA Corporation\NVIDIA NvDLISR;C:\Program Files\dotnet\;C:\Program Files\Git\cmd;C:\ProgramData\chocolatey\bin;C:\Program Files (x86)\NVIDIA Corporation\PhysX\Common;C:\msys64\mingw64\bin;C:\Users\dougl\AppData\Local\Microsoft\WindowsApps;C:\Users\dougl\AppData\Local\Programs\Microsoft VS Code\bin;C:\Users\dougl\.dotnet\tools;C:\Users\dougl\AppData\Local\GitHubDesktop\bin;D:\Apps\IntelliJ IDEA\IntelliJ IDEA Community Edition 2021.3\bin;
USERNAME=dougl
OS=Windows_NT
PROCESSOR_IDENTIFIER=Intel64 Family 6 Model 165 Stepping 5, GenuineIntel



---------------  S Y S T E M  ---------------

OS: Windows 10 , 64 bit Build 19041 (10.0.19041.1348)
OS uptime: 6 days 17:44 hours

CPU:total 16 (initial active 16) (8 cores per cpu, 2 threads per core) family 6 model 165 stepping 5 microcode 0xec, cmov, cx8, fxsr, mmx, sse, sse2, sse3, ssse3, sse4.1, sse4.2, popcnt, avx, avx2, aes, clmul, erms, 3dnowpref, lzcnt, ht, tsc, tscinvbit, bmi1, bmi2, adx, fma

Memory: 4k page, system-wide physical 16154M (4298M free)
TotalPageFile size 31002M (AvailPageFile size 7872M)
current process WorkingSet (physical memory assigned to process): 139M, peak: 144M
current process commit charge ("private bytes"): 459M, peak: 465M

vm_info: OpenJDK 64-Bit Server VM (11.0.13+7-b1751.19) for windows-amd64 JRE (11.0.13+7-b1751.19), built on Nov  9 2021 11:31:28 by "" with MS VC++ 14.0 (VS2015)

END.
