#
# A fatal error has been detected by the Java Runtime Environment:
#
#  EXCEPTION_ACCESS_VIOLATION (0xc0000005) at pc=0x0000000066b1f8ac, pid=25648, tid=10564
#
# JRE version: OpenJDK Runtime Environment Zulu15.36+13-CA (15.0.5+3) (build 15.0.5+3-MTS)
# Java VM: OpenJDK 64-Bit Server VM Zulu15.36+13-CA (15.0.5+3-MTS, mixed mode, sharing, tiered, compressed oops, g1 gc, windows-amd64)
# Problematic frame:
# C  [gdx-box2d64.dll+0x1f8ac]
#
# No core dump will be written. Minidumps are not enabled by default on client versions of Windows
#
# If you would like to submit a bug report, please visit:
#   http://www.azul.com/support/
# The crash happened outside the Java Virtual Machine in native code.
# See problematic frame for where to report the bug.
#

---------------  S U M M A R Y ------------

Command Line: -Dfile.encoding=windows-1252 -Duser.country=CA -Duser.language=en -Duser.variant com.mygdx.game.desktop.DesktopLauncher

Host: 11th Gen Intel(R) Core(TM) i5-1135G7 @ 2.40GHz, 8 cores, 7G,  Windows 10 , 64 bit Build 19041 (10.0.19041.1348)
Time: Sun Jan  2 17:22:21 2022 Eastern Standard Time elapsed time: 51.604600 seconds (0d 0h 0m 51s)

---------------  T H R E A D  ---------------

Current thread (0x0000023393513490):  JavaThread "LWJGL Application" [_thread_in_native, id=10564, stack(0x000000bc0d400000,0x000000bc0d500000)]

Stack: [0x000000bc0d400000,0x000000bc0d500000],  sp=0x000000bc0d4ff270,  free space=1020k
Native frames: (J=compiled Java code, j=interpreted, Vv=VM code, C=native code)
C  [gdx-box2d64.dll+0x1f8ac]

Java frames: (J=compiled Java code, j=interpreted, Vv=VM code)
j  com.badlogic.gdx.physics.box2d.World.jniDestroyBody(JJ)V+0
j  com.badlogic.gdx.physics.box2d.World.destroyBody(Lcom/badlogic/gdx/physics/box2d/Body;)V+42
j  com.mygdx.game.Entity.dispose()V+8
j  com.mygdx.game.MyGdxGame.dispose()V+82
j  com.badlogic.gdx.backends.lwjgl.LwjglApplication.mainLoop()V+924
j  com.badlogic.gdx.backends.lwjgl.LwjglApplication$1.run()V+27
v  ~StubRoutines::call_stub

siginfo: EXCEPTION_ACCESS_VIOLATION (0xc0000005), reading address 0x0000000000000000


Register to memory mapping:

RIP=0x0000000066b1f8ac gdx-box2d64.dll
RAX=0x0 is NULL
RBX=0x0000023394b3f2e0 points into unknown readable memory: 0x0000023341200000 | 00 00 20 41 33 02 00 00
RCX=0x0 is NULL
RDX=0x0000023394ae7590 points into unknown readable memory: 0x00000233f15d0150 | 50 01 5d f1 33 02 00 00
RSP=0x000000bc0d4ff270 is pointing into the stack for thread: 0x0000023393513490
RBP=0x0 is NULL
RSI=0x0000023394ae7590 points into unknown readable memory: 0x00000233f15d0150 | 50 01 5d f1 33 02 00 00
RDI=0x0000023394ae7590 points into unknown readable memory: 0x00000233f15d0150 | 50 01 5d f1 33 02 00 00
R8 =0x0000023394ae7590 points into unknown readable memory: 0x00000233f15d0150 | 50 01 5d f1 33 02 00 00
R9 =0x0000023394b3b7b0 points into unknown readable memory: 0x0000003600000002 | 02 00 00 00 36 00 00 00
R10=0x000002338000f148 is at code_begin+1000 in an Interpreter codelet
method entry point (kind = native)  [0x000002338000ed60, 0x000002338000f7e0]  2688 bytes
R11=0x0000000000000102 is an unknown value
R12=0x0000023394b00830 points into unknown readable memory: 0x000000000000001c | 1c 00 00 00 00 00 00 00
R13={method} {0x00000233ffb56d90} 'jniDestroyBody' '(JJ)V' in 'com/badlogic/gdx/physics/box2d/World'
R14=0x000000bc0d4ff458 is pointing into the stack for thread: 0x0000023393513490
R15=0x0000023393513490 is a thread


Registers:
RAX=0x0000000000000000, RBX=0x0000023394b3f2e0, RCX=0x0000000000000000, RDX=0x0000023394ae7590
RSP=0x000000bc0d4ff270, RBP=0x0000000000000000, RSI=0x0000023394ae7590, RDI=0x0000023394ae7590
R8 =0x0000023394ae7590, R9 =0x0000023394b3b7b0, R10=0x000002338000f148, R11=0x0000000000000102
R12=0x0000023394b00830, R13=0x00000233ffb56d88, R14=0x000000bc0d4ff458, R15=0x0000023393513490
RIP=0x0000000066b1f8ac, EFLAGS=0x0000000000010246

Top of Stack: (sp=0x000000bc0d4ff270)
0x000000bc0d4ff270:   0000000000000000 0000000000000000
0x000000bc0d4ff280:   0000023394b3f2e0 0000023394ae7590
0x000000bc0d4ff290:   0000023394b3f2e0 0000023394ae7590
0x000000bc0d4ff2a0:   0000023394b3b7b0 0000000066b2162f
0x000000bc0d4ff2b0:   0000023393513490 000000bc0d4ff538
0x000000bc0d4ff2c0:   00000233ff925240 0000000000000000
0x000000bc0d4ff2d0:   0000023394ae7590 0000023394b3b7b0
0x000000bc0d4ff2e0:   0000000000024164 000000bc0d4ff418
0x000000bc0d4ff2f0:   0000000000000000 0000000066b26a9d
0x000000bc0d4ff300:   00000233ff4a6240 00000000000003d8
0x000000bc0d4ff310:   000000bc0d4ff588 000000bc0d4ff538
0x000000bc0d4ff320:   0000000066b487e0 00000233935137b8
0x000000bc0d4ff330:   000000bc0d4ff458 0000000000000000
0x000000bc0d4ff340:   0000000066b48840 00000233935137b8
0x000000bc0d4ff350:   000000bc0d4ff458 00007ffa7b43eca4
0x000000bc0d4ff360:   00000233ff925258 00000233ffb56d88 

Instructions: (pc=0x0000000066b1f8ac)
0x0000000066b1f7ac:   41 08 00 00 00 00 48 c7 41 28 00 00 00 00 c7 41
0x0000000066b1f7bc:   30 00 00 00 00 48 c7 41 18 00 00 00 00 c7 01 00
0x0000000066b1f7cc:   00 00 00 c3 55 57 56 53 48 83 ec 28 49 8b 41 08
0x0000000066b1f7dc:   f3 41 0f 10 41 10 48 89 cb 48 89 d5 f3 0f 11 41
0x0000000066b1f7ec:   20 4c 89 ce 48 89 41 40 41 8b 41 1e f3 41 0f 10
0x0000000066b1f7fc:   41 14 f3 0f 11 41 24 4c 89 41 10 48 c7 41 08 00
0x0000000066b1f80c:   00 00 00 89 41 34 41 0f b7 41 22 66 89 41 38 41
0x0000000066b1f81c:   0f b6 41 1c 88 41 3a 49 8b 09 48 8b 01 ff 50 10
0x0000000066b1f82c:   48 8b 10 48 89 c1 48 89 43 18 ff 52 18 89 c2 89
0x0000000066b1f83c:   c7 48 89 e9 c1 e2 05 e8 18 c3 fe ff 85 ff 48 89
0x0000000066b1f84c:   43 28 7e 27 8d 4f ff 48 8d 50 10 48 c1 e1 05 48
0x0000000066b1f85c:   8d 44 08 30 48 c7 02 00 00 00 00 c7 42 0c ff ff
0x0000000066b1f86c:   ff ff 48 83 c2 20 48 39 c2 75 e9 f3 0f 10 46 18
0x0000000066b1f87c:   c7 43 30 00 00 00 00 f3 0f 11 03 48 83 c4 28 5b
0x0000000066b1f88c:   5e 5f 5d c3 57 56 53 48 83 ec 20 8b 41 30 48 89
0x0000000066b1f89c:   cb 48 89 d7 85 c0 0f 85 a8 00 00 00 48 8b 4b 18
0x0000000066b1f8ac:   48 8b 01 ff 50 18 48 8b 53 28 c1 e0 05 48 89 f9
0x0000000066b1f8bc:   41 89 c0 e8 dc c4 fe ff 48 8b 73 18 48 c7 43 28
0x0000000066b1f8cc:   00 00 00 00 8b 46 08 83 f8 01 0f 84 94 00 00 00
0x0000000066b1f8dc:   0f 82 be 00 00 00 83 f8 02 74 39 83 f8 03 0f 85
0x0000000066b1f8ec:   e0 00 00 00 48 8b 06 48 89 f1 ff 10 41 b8 30 00
0x0000000066b1f8fc:   00 00 48 89 f2 48 89 f9 e8 97 c4 fe ff 48 c7 43
0x0000000066b1f90c:   18 00 00 00 00 48 83 c4 20 5b 5e 5f c3 0f 1f 80
0x0000000066b1f91c:   00 00 00 00 48 8b 06 48 89 f1 ff 10 41 b8 a0 00
0x0000000066b1f92c:   00 00 48 89 f2 48 89 f9 e8 67 c4 fe ff 48 c7 43
0x0000000066b1f93c:   18 00 00 00 00 48 83 c4 20 5b 5e 5f c3 0f 1f 80
0x0000000066b1f94c:   00 00 00 00 48 8d 15 d9 49 02 00 48 8d 0d 32 4a
0x0000000066b1f95c:   02 00 41 b8 48 00 00 00 e8 67 6c 01 00 e9 3a ff
0x0000000066b1f96c:   ff ff 66 90 48 8b 06 48 89 f1 ff 10 41 b8 38 00
0x0000000066b1f97c:   00 00 48 89 f2 48 89 f9 e8 17 c4 fe ff 48 c7 43
0x0000000066b1f98c:   18 00 00 00 00 48 83 c4 20 5b 5e 5f c3 0f 1f 80
0x0000000066b1f99c:   00 00 00 00 48 8b 06 48 89 f1 ff 10 41 b8 18 00 


Stack slot to memory mapping:
stack at sp + 0 slots: 0x0 is NULL
stack at sp + 1 slots: 0x0 is NULL
stack at sp + 2 slots: 0x0000023394b3f2e0 points into unknown readable memory: 0x0000023341200000 | 00 00 20 41 33 02 00 00
stack at sp + 3 slots: 0x0000023394ae7590 points into unknown readable memory: 0x00000233f15d0150 | 50 01 5d f1 33 02 00 00
stack at sp + 4 slots: 0x0000023394b3f2e0 points into unknown readable memory: 0x0000023341200000 | 00 00 20 41 33 02 00 00
stack at sp + 5 slots: 0x0000023394ae7590 points into unknown readable memory: 0x00000233f15d0150 | 50 01 5d f1 33 02 00 00
stack at sp + 6 slots: 0x0000023394b3b7b0 points into unknown readable memory: 0x0000003600000002 | 02 00 00 00 36 00 00 00
stack at sp + 7 slots: 0x0000000066b2162f gdx-box2d64.dll


---------------  P R O C E S S  ---------------

Threads class SMR info:
_java_thread_list=0x000002339b087860, length=13, elements={
0x00000233ff47b0c0, 0x00000233ff47dca0, 0x00000233ff497270, 0x00000233ff499d30,
0x00000233ff49af80, 0x00000233ff49ce20, 0x00000233ff4a1660, 0x00000233ff4a5910,
0x0000023393024440, 0x000002339302e1b0, 0x0000023393513490, 0x00000233f36dfc40,
0x000002339af29bf0
}

Java Threads: ( => current thread )
  0x00000233ff47b0c0 JavaThread "Reference Handler" daemon [_thread_blocked, id=31812, stack(0x000000bc0c700000,0x000000bc0c800000)]
  0x00000233ff47dca0 JavaThread "Finalizer" daemon [_thread_blocked, id=29772, stack(0x000000bc0c800000,0x000000bc0c900000)]
  0x00000233ff497270 JavaThread "Signal Dispatcher" daemon [_thread_blocked, id=28684, stack(0x000000bc0c900000,0x000000bc0ca00000)]
  0x00000233ff499d30 JavaThread "Attach Listener" daemon [_thread_blocked, id=1072, stack(0x000000bc0ca00000,0x000000bc0cb00000)]
  0x00000233ff49af80 JavaThread "Service Thread" daemon [_thread_blocked, id=10384, stack(0x000000bc0cb00000,0x000000bc0cc00000)]
  0x00000233ff49ce20 JavaThread "C2 CompilerThread0" daemon [_thread_blocked, id=27588, stack(0x000000bc0cc00000,0x000000bc0cd00000)]
  0x00000233ff4a1660 JavaThread "C1 CompilerThread0" daemon [_thread_blocked, id=5712, stack(0x000000bc0cd00000,0x000000bc0ce00000)]
  0x00000233ff4a5910 JavaThread "Sweeper thread" daemon [_thread_blocked, id=9360, stack(0x000000bc0ce00000,0x000000bc0cf00000)]
  0x0000023393024440 JavaThread "Notification Thread" daemon [_thread_blocked, id=34840, stack(0x000000bc0cf00000,0x000000bc0d000000)]
  0x000002339302e1b0 JavaThread "Common-Cleaner" daemon [_thread_blocked, id=33356, stack(0x000000bc0d100000,0x000000bc0d200000)]
=>0x0000023393513490 JavaThread "LWJGL Application" [_thread_in_native, id=10564, stack(0x000000bc0d400000,0x000000bc0d500000)]
  0x00000233f36dfc40 JavaThread "DestroyJavaVM" [_thread_blocked, id=11008, stack(0x000000bc0c000000,0x000000bc0c100000)]
  0x000002339af29bf0 JavaThread "LWJGL Timer" daemon [_thread_blocked, id=35436, stack(0x000000bc0d900000,0x000000bc0da00000)]

Other Threads:
  0x00000233ff4790a0 VMThread "VM Thread" [stack: 0x000000bc0c600000,0x000000bc0c700000] [id=26748]
  0x0000023393024d20 WatcherThread [stack: 0x000000bc0d000000,0x000000bc0d100000] [id=8432]
  0x00000233f371dd40 GCTaskThread "GC Thread#0" [stack: 0x000000bc0c100000,0x000000bc0c200000] [id=33824]
  0x00000233f372f720 ConcurrentGCThread "G1 Main Marker" [stack: 0x000000bc0c200000,0x000000bc0c300000] [id=17788]
  0x00000233f37320e0 ConcurrentGCThread "G1 Conc#0" [stack: 0x000000bc0c300000,0x000000bc0c400000] [id=21064]
  0x00000233f37bbf30 ConcurrentGCThread "G1 Refine#0" [stack: 0x000000bc0c400000,0x000000bc0c500000] [id=34340]
  0x00000233f37bc8f0 ConcurrentGCThread "G1 Young RemSet Sampling" [stack: 0x000000bc0c500000,0x000000bc0c600000] [id=16968]

Threads with active compile tasks:

VM state: not at safepoint (normal execution)

VM Mutex/Monitor currently owned by a thread: None

Heap address: 0x0000000083200000, size: 1998 MB, Compressed Oops mode: 32-bit
CDS archive(s) mapped at: [0x0000000800000000-0x0000000800b50000-0x0000000800b50000), size 11862016, SharedBaseAddress: 0x0000000800000000, ArchiveRelocationMode: 0.
Compressed class space mapped at: 0x0000000800b50000-0x0000000840b50000, size: 1073741824
Narrow klass base: 0x0000000800000000, Narrow klass shift: 3, Narrow klass range: 0x100000000

GC Precious Log:
 CPUs: 8 total, 8 available
 Memory: 7987M
 Large Page Support: Disabled
 NUMA Support: Disabled
 Compressed Oops: Enabled (32-bit)
 Heap Region Size: 1M
 Heap Min Capacity: 8M
 Heap Initial Capacity: 126M
 Heap Max Capacity: 1998M
 Pre-touch: Disabled
 Parallel Workers: 8
 Concurrent Workers: 2
 Concurrent Refinement Workers: 8
 Periodic GC: Disabled

Heap:
 garbage-first heap   total 129024K, used 17408K [0x0000000083200000, 0x0000000100000000)
  region size 1024K, 19 young (19456K), 0 survivors (0K)
 Metaspace       used 4971K, capacity 7966K, committed 8320K, reserved 1056768K
  class space    used 326K, capacity 617K, committed 640K, reserved 1048576K

Heap Regions: E=young(eden), S=young(survivor), O=old, HS=humongous(starts), HC=humongous(continues), CS=collection set, F=free, OA=open archive, CA=closed archive, TAMS=top-at-mark-start (previous, next)
|   0|0x0000000083200000, 0x0000000083200000, 0x0000000083300000|  0%| F|  |TAMS 0x0000000083200000, 0x0000000083200000| Untracked 
|   1|0x0000000083300000, 0x0000000083300000, 0x0000000083400000|  0%| F|  |TAMS 0x0000000083300000, 0x0000000083300000| Untracked 
|   2|0x0000000083400000, 0x0000000083400000, 0x0000000083500000|  0%| F|  |TAMS 0x0000000083400000, 0x0000000083400000| Untracked 
|   3|0x0000000083500000, 0x0000000083500000, 0x0000000083600000|  0%| F|  |TAMS 0x0000000083500000, 0x0000000083500000| Untracked 
|   4|0x0000000083600000, 0x0000000083600000, 0x0000000083700000|  0%| F|  |TAMS 0x0000000083600000, 0x0000000083600000| Untracked 
|   5|0x0000000083700000, 0x0000000083700000, 0x0000000083800000|  0%| F|  |TAMS 0x0000000083700000, 0x0000000083700000| Untracked 
|   6|0x0000000083800000, 0x0000000083800000, 0x0000000083900000|  0%| F|  |TAMS 0x0000000083800000, 0x0000000083800000| Untracked 
|   7|0x0000000083900000, 0x0000000083900000, 0x0000000083a00000|  0%| F|  |TAMS 0x0000000083900000, 0x0000000083900000| Untracked 
|   8|0x0000000083a00000, 0x0000000083a00000, 0x0000000083b00000|  0%| F|  |TAMS 0x0000000083a00000, 0x0000000083a00000| Untracked 
|   9|0x0000000083b00000, 0x0000000083b00000, 0x0000000083c00000|  0%| F|  |TAMS 0x0000000083b00000, 0x0000000083b00000| Untracked 
|  10|0x0000000083c00000, 0x0000000083c00000, 0x0000000083d00000|  0%| F|  |TAMS 0x0000000083c00000, 0x0000000083c00000| Untracked 
|  11|0x0000000083d00000, 0x0000000083d00000, 0x0000000083e00000|  0%| F|  |TAMS 0x0000000083d00000, 0x0000000083d00000| Untracked 
|  12|0x0000000083e00000, 0x0000000083e00000, 0x0000000083f00000|  0%| F|  |TAMS 0x0000000083e00000, 0x0000000083e00000| Untracked 
|  13|0x0000000083f00000, 0x0000000083f00000, 0x0000000084000000|  0%| F|  |TAMS 0x0000000083f00000, 0x0000000083f00000| Untracked 
|  14|0x0000000084000000, 0x0000000084000000, 0x0000000084100000|  0%| F|  |TAMS 0x0000000084000000, 0x0000000084000000| Untracked 
|  15|0x0000000084100000, 0x0000000084100000, 0x0000000084200000|  0%| F|  |TAMS 0x0000000084100000, 0x0000000084100000| Untracked 
|  16|0x0000000084200000, 0x0000000084200000, 0x0000000084300000|  0%| F|  |TAMS 0x0000000084200000, 0x0000000084200000| Untracked 
|  17|0x0000000084300000, 0x0000000084300000, 0x0000000084400000|  0%| F|  |TAMS 0x0000000084300000, 0x0000000084300000| Untracked 
|  18|0x0000000084400000, 0x0000000084400000, 0x0000000084500000|  0%| F|  |TAMS 0x0000000084400000, 0x0000000084400000| Untracked 
|  19|0x0000000084500000, 0x0000000084500000, 0x0000000084600000|  0%| F|  |TAMS 0x0000000084500000, 0x0000000084500000| Untracked 
|  20|0x0000000084600000, 0x0000000084600000, 0x0000000084700000|  0%| F|  |TAMS 0x0000000084600000, 0x0000000084600000| Untracked 
|  21|0x0000000084700000, 0x0000000084700000, 0x0000000084800000|  0%| F|  |TAMS 0x0000000084700000, 0x0000000084700000| Untracked 
|  22|0x0000000084800000, 0x0000000084800000, 0x0000000084900000|  0%| F|  |TAMS 0x0000000084800000, 0x0000000084800000| Untracked 
|  23|0x0000000084900000, 0x0000000084900000, 0x0000000084a00000|  0%| F|  |TAMS 0x0000000084900000, 0x0000000084900000| Untracked 
|  24|0x0000000084a00000, 0x0000000084a00000, 0x0000000084b00000|  0%| F|  |TAMS 0x0000000084a00000, 0x0000000084a00000| Untracked 
|  25|0x0000000084b00000, 0x0000000084b00000, 0x0000000084c00000|  0%| F|  |TAMS 0x0000000084b00000, 0x0000000084b00000| Untracked 
|  26|0x0000000084c00000, 0x0000000084c00000, 0x0000000084d00000|  0%| F|  |TAMS 0x0000000084c00000, 0x0000000084c00000| Untracked 
|  27|0x0000000084d00000, 0x0000000084d00000, 0x0000000084e00000|  0%| F|  |TAMS 0x0000000084d00000, 0x0000000084d00000| Untracked 
|  28|0x0000000084e00000, 0x0000000084e00000, 0x0000000084f00000|  0%| F|  |TAMS 0x0000000084e00000, 0x0000000084e00000| Untracked 
|  29|0x0000000084f00000, 0x0000000084f00000, 0x0000000085000000|  0%| F|  |TAMS 0x0000000084f00000, 0x0000000084f00000| Untracked 
|  30|0x0000000085000000, 0x0000000085000000, 0x0000000085100000|  0%| F|  |TAMS 0x0000000085000000, 0x0000000085000000| Untracked 
|  31|0x0000000085100000, 0x0000000085100000, 0x0000000085200000|  0%| F|  |TAMS 0x0000000085100000, 0x0000000085100000| Untracked 
|  32|0x0000000085200000, 0x0000000085200000, 0x0000000085300000|  0%| F|  |TAMS 0x0000000085200000, 0x0000000085200000| Untracked 
|  33|0x0000000085300000, 0x0000000085300000, 0x0000000085400000|  0%| F|  |TAMS 0x0000000085300000, 0x0000000085300000| Untracked 
|  34|0x0000000085400000, 0x0000000085400000, 0x0000000085500000|  0%| F|  |TAMS 0x0000000085400000, 0x0000000085400000| Untracked 
|  35|0x0000000085500000, 0x0000000085500000, 0x0000000085600000|  0%| F|  |TAMS 0x0000000085500000, 0x0000000085500000| Untracked 
|  36|0x0000000085600000, 0x0000000085600000, 0x0000000085700000|  0%| F|  |TAMS 0x0000000085600000, 0x0000000085600000| Untracked 
|  37|0x0000000085700000, 0x0000000085700000, 0x0000000085800000|  0%| F|  |TAMS 0x0000000085700000, 0x0000000085700000| Untracked 
|  38|0x0000000085800000, 0x0000000085800000, 0x0000000085900000|  0%| F|  |TAMS 0x0000000085800000, 0x0000000085800000| Untracked 
|  39|0x0000000085900000, 0x0000000085900000, 0x0000000085a00000|  0%| F|  |TAMS 0x0000000085900000, 0x0000000085900000| Untracked 
|  40|0x0000000085a00000, 0x0000000085a00000, 0x0000000085b00000|  0%| F|  |TAMS 0x0000000085a00000, 0x0000000085a00000| Untracked 
|  41|0x0000000085b00000, 0x0000000085b00000, 0x0000000085c00000|  0%| F|  |TAMS 0x0000000085b00000, 0x0000000085b00000| Untracked 
|  42|0x0000000085c00000, 0x0000000085c00000, 0x0000000085d00000|  0%| F|  |TAMS 0x0000000085c00000, 0x0000000085c00000| Untracked 
|  43|0x0000000085d00000, 0x0000000085d00000, 0x0000000085e00000|  0%| F|  |TAMS 0x0000000085d00000, 0x0000000085d00000| Untracked 
|  44|0x0000000085e00000, 0x0000000085e00000, 0x0000000085f00000|  0%| F|  |TAMS 0x0000000085e00000, 0x0000000085e00000| Untracked 
|  45|0x0000000085f00000, 0x0000000085f00000, 0x0000000086000000|  0%| F|  |TAMS 0x0000000085f00000, 0x0000000085f00000| Untracked 
|  46|0x0000000086000000, 0x0000000086000000, 0x0000000086100000|  0%| F|  |TAMS 0x0000000086000000, 0x0000000086000000| Untracked 
|  47|0x0000000086100000, 0x0000000086100000, 0x0000000086200000|  0%| F|  |TAMS 0x0000000086100000, 0x0000000086100000| Untracked 
|  48|0x0000000086200000, 0x0000000086200000, 0x0000000086300000|  0%| F|  |TAMS 0x0000000086200000, 0x0000000086200000| Untracked 
|  49|0x0000000086300000, 0x0000000086300000, 0x0000000086400000|  0%| F|  |TAMS 0x0000000086300000, 0x0000000086300000| Untracked 
|  50|0x0000000086400000, 0x0000000086400000, 0x0000000086500000|  0%| F|  |TAMS 0x0000000086400000, 0x0000000086400000| Untracked 
|  51|0x0000000086500000, 0x0000000086500000, 0x0000000086600000|  0%| F|  |TAMS 0x0000000086500000, 0x0000000086500000| Untracked 
|  52|0x0000000086600000, 0x0000000086600000, 0x0000000086700000|  0%| F|  |TAMS 0x0000000086600000, 0x0000000086600000| Untracked 
|  53|0x0000000086700000, 0x0000000086700000, 0x0000000086800000|  0%| F|  |TAMS 0x0000000086700000, 0x0000000086700000| Untracked 
|  54|0x0000000086800000, 0x0000000086800000, 0x0000000086900000|  0%| F|  |TAMS 0x0000000086800000, 0x0000000086800000| Untracked 
|  55|0x0000000086900000, 0x0000000086900000, 0x0000000086a00000|  0%| F|  |TAMS 0x0000000086900000, 0x0000000086900000| Untracked 
|  56|0x0000000086a00000, 0x0000000086a00000, 0x0000000086b00000|  0%| F|  |TAMS 0x0000000086a00000, 0x0000000086a00000| Untracked 
|  57|0x0000000086b00000, 0x0000000086b00000, 0x0000000086c00000|  0%| F|  |TAMS 0x0000000086b00000, 0x0000000086b00000| Untracked 
|  58|0x0000000086c00000, 0x0000000086c00000, 0x0000000086d00000|  0%| F|  |TAMS 0x0000000086c00000, 0x0000000086c00000| Untracked 
|  59|0x0000000086d00000, 0x0000000086d00000, 0x0000000086e00000|  0%| F|  |TAMS 0x0000000086d00000, 0x0000000086d00000| Untracked 
|  60|0x0000000086e00000, 0x0000000086e00000, 0x0000000086f00000|  0%| F|  |TAMS 0x0000000086e00000, 0x0000000086e00000| Untracked 
|  61|0x0000000086f00000, 0x0000000086f00000, 0x0000000087000000|  0%| F|  |TAMS 0x0000000086f00000, 0x0000000086f00000| Untracked 
|  62|0x0000000087000000, 0x0000000087000000, 0x0000000087100000|  0%| F|  |TAMS 0x0000000087000000, 0x0000000087000000| Untracked 
|  63|0x0000000087100000, 0x0000000087100000, 0x0000000087200000|  0%| F|  |TAMS 0x0000000087100000, 0x0000000087100000| Untracked 
|  64|0x0000000087200000, 0x0000000087200000, 0x0000000087300000|  0%| F|  |TAMS 0x0000000087200000, 0x0000000087200000| Untracked 
|  65|0x0000000087300000, 0x0000000087300000, 0x0000000087400000|  0%| F|  |TAMS 0x0000000087300000, 0x0000000087300000| Untracked 
|  66|0x0000000087400000, 0x0000000087400000, 0x0000000087500000|  0%| F|  |TAMS 0x0000000087400000, 0x0000000087400000| Untracked 
|  67|0x0000000087500000, 0x0000000087500000, 0x0000000087600000|  0%| F|  |TAMS 0x0000000087500000, 0x0000000087500000| Untracked 
|  68|0x0000000087600000, 0x0000000087600000, 0x0000000087700000|  0%| F|  |TAMS 0x0000000087600000, 0x0000000087600000| Untracked 
|  69|0x0000000087700000, 0x0000000087700000, 0x0000000087800000|  0%| F|  |TAMS 0x0000000087700000, 0x0000000087700000| Untracked 
|  70|0x0000000087800000, 0x0000000087800000, 0x0000000087900000|  0%| F|  |TAMS 0x0000000087800000, 0x0000000087800000| Untracked 
|  71|0x0000000087900000, 0x0000000087900000, 0x0000000087a00000|  0%| F|  |TAMS 0x0000000087900000, 0x0000000087900000| Untracked 
|  72|0x0000000087a00000, 0x0000000087a00000, 0x0000000087b00000|  0%| F|  |TAMS 0x0000000087a00000, 0x0000000087a00000| Untracked 
|  73|0x0000000087b00000, 0x0000000087b00000, 0x0000000087c00000|  0%| F|  |TAMS 0x0000000087b00000, 0x0000000087b00000| Untracked 
|  74|0x0000000087c00000, 0x0000000087c00000, 0x0000000087d00000|  0%| F|  |TAMS 0x0000000087c00000, 0x0000000087c00000| Untracked 
|  75|0x0000000087d00000, 0x0000000087d00000, 0x0000000087e00000|  0%| F|  |TAMS 0x0000000087d00000, 0x0000000087d00000| Untracked 
|  76|0x0000000087e00000, 0x0000000087e00000, 0x0000000087f00000|  0%| F|  |TAMS 0x0000000087e00000, 0x0000000087e00000| Untracked 
|  77|0x0000000087f00000, 0x0000000087f00000, 0x0000000088000000|  0%| F|  |TAMS 0x0000000087f00000, 0x0000000087f00000| Untracked 
|  78|0x0000000088000000, 0x0000000088000000, 0x0000000088100000|  0%| F|  |TAMS 0x0000000088000000, 0x0000000088000000| Untracked 
|  79|0x0000000088100000, 0x0000000088100000, 0x0000000088200000|  0%| F|  |TAMS 0x0000000088100000, 0x0000000088100000| Untracked 
|  80|0x0000000088200000, 0x0000000088200000, 0x0000000088300000|  0%| F|  |TAMS 0x0000000088200000, 0x0000000088200000| Untracked 
|  81|0x0000000088300000, 0x0000000088300000, 0x0000000088400000|  0%| F|  |TAMS 0x0000000088300000, 0x0000000088300000| Untracked 
|  82|0x0000000088400000, 0x0000000088400000, 0x0000000088500000|  0%| F|  |TAMS 0x0000000088400000, 0x0000000088400000| Untracked 
|  83|0x0000000088500000, 0x0000000088500000, 0x0000000088600000|  0%| F|  |TAMS 0x0000000088500000, 0x0000000088500000| Untracked 
|  84|0x0000000088600000, 0x0000000088600000, 0x0000000088700000|  0%| F|  |TAMS 0x0000000088600000, 0x0000000088600000| Untracked 
|  85|0x0000000088700000, 0x0000000088700000, 0x0000000088800000|  0%| F|  |TAMS 0x0000000088700000, 0x0000000088700000| Untracked 
|  86|0x0000000088800000, 0x0000000088800000, 0x0000000088900000|  0%| F|  |TAMS 0x0000000088800000, 0x0000000088800000| Untracked 
|  87|0x0000000088900000, 0x0000000088900000, 0x0000000088a00000|  0%| F|  |TAMS 0x0000000088900000, 0x0000000088900000| Untracked 
|  88|0x0000000088a00000, 0x0000000088a00000, 0x0000000088b00000|  0%| F|  |TAMS 0x0000000088a00000, 0x0000000088a00000| Untracked 
|  89|0x0000000088b00000, 0x0000000088b00000, 0x0000000088c00000|  0%| F|  |TAMS 0x0000000088b00000, 0x0000000088b00000| Untracked 
|  90|0x0000000088c00000, 0x0000000088c00000, 0x0000000088d00000|  0%| F|  |TAMS 0x0000000088c00000, 0x0000000088c00000| Untracked 
|  91|0x0000000088d00000, 0x0000000088d00000, 0x0000000088e00000|  0%| F|  |TAMS 0x0000000088d00000, 0x0000000088d00000| Untracked 
|  92|0x0000000088e00000, 0x0000000088e00000, 0x0000000088f00000|  0%| F|  |TAMS 0x0000000088e00000, 0x0000000088e00000| Untracked 
|  93|0x0000000088f00000, 0x0000000088f00000, 0x0000000089000000|  0%| F|  |TAMS 0x0000000088f00000, 0x0000000088f00000| Untracked 
|  94|0x0000000089000000, 0x0000000089000000, 0x0000000089100000|  0%| F|  |TAMS 0x0000000089000000, 0x0000000089000000| Untracked 
|  95|0x0000000089100000, 0x0000000089100000, 0x0000000089200000|  0%| F|  |TAMS 0x0000000089100000, 0x0000000089100000| Untracked 
|  96|0x0000000089200000, 0x0000000089200000, 0x0000000089300000|  0%| F|  |TAMS 0x0000000089200000, 0x0000000089200000| Untracked 
|  97|0x0000000089300000, 0x0000000089300000, 0x0000000089400000|  0%| F|  |TAMS 0x0000000089300000, 0x0000000089300000| Untracked 
|  98|0x0000000089400000, 0x0000000089400000, 0x0000000089500000|  0%| F|  |TAMS 0x0000000089400000, 0x0000000089400000| Untracked 
|  99|0x0000000089500000, 0x0000000089500000, 0x0000000089600000|  0%| F|  |TAMS 0x0000000089500000, 0x0000000089500000| Untracked 
| 100|0x0000000089600000, 0x0000000089600000, 0x0000000089700000|  0%| F|  |TAMS 0x0000000089600000, 0x0000000089600000| Untracked 
| 101|0x0000000089700000, 0x0000000089700000, 0x0000000089800000|  0%| F|  |TAMS 0x0000000089700000, 0x0000000089700000| Untracked 
| 102|0x0000000089800000, 0x0000000089800000, 0x0000000089900000|  0%| F|  |TAMS 0x0000000089800000, 0x0000000089800000| Untracked 
| 103|0x0000000089900000, 0x0000000089900000, 0x0000000089a00000|  0%| F|  |TAMS 0x0000000089900000, 0x0000000089900000| Untracked 
| 104|0x0000000089a00000, 0x0000000089a00000, 0x0000000089b00000|  0%| F|  |TAMS 0x0000000089a00000, 0x0000000089a00000| Untracked 
| 105|0x0000000089b00000, 0x0000000089b00000, 0x0000000089c00000|  0%| F|  |TAMS 0x0000000089b00000, 0x0000000089b00000| Untracked 
| 106|0x0000000089c00000, 0x0000000089c00000, 0x0000000089d00000|  0%| F|  |TAMS 0x0000000089c00000, 0x0000000089c00000| Untracked 
| 107|0x0000000089d00000, 0x0000000089e00000, 0x0000000089e00000|100%| E|  |TAMS 0x0000000089d00000, 0x0000000089d00000| Complete 
| 108|0x0000000089e00000, 0x0000000089f00000, 0x0000000089f00000|100%| E|  |TAMS 0x0000000089e00000, 0x0000000089e00000| Complete 
| 109|0x0000000089f00000, 0x000000008a000000, 0x000000008a000000|100%| E|CS|TAMS 0x0000000089f00000, 0x0000000089f00000| Complete 
| 110|0x000000008a000000, 0x000000008a100000, 0x000000008a100000|100%| E|CS|TAMS 0x000000008a000000, 0x000000008a000000| Complete 
| 111|0x000000008a100000, 0x000000008a200000, 0x000000008a200000|100%| E|CS|TAMS 0x000000008a100000, 0x000000008a100000| Complete 
| 112|0x000000008a200000, 0x000000008a300000, 0x000000008a300000|100%| E|CS|TAMS 0x000000008a200000, 0x000000008a200000| Complete 
| 113|0x000000008a300000, 0x000000008a400000, 0x000000008a400000|100%| E|CS|TAMS 0x000000008a300000, 0x000000008a300000| Complete 
| 114|0x000000008a400000, 0x000000008a500000, 0x000000008a500000|100%| E|CS|TAMS 0x000000008a400000, 0x000000008a400000| Complete 
| 115|0x000000008a500000, 0x000000008a600000, 0x000000008a600000|100%| E|CS|TAMS 0x000000008a500000, 0x000000008a500000| Complete 
| 116|0x000000008a600000, 0x000000008a700000, 0x000000008a700000|100%| E|CS|TAMS 0x000000008a600000, 0x000000008a600000| Complete 
| 117|0x000000008a700000, 0x000000008a800000, 0x000000008a800000|100%| E|CS|TAMS 0x000000008a700000, 0x000000008a700000| Complete 
| 118|0x000000008a800000, 0x000000008a900000, 0x000000008a900000|100%| E|CS|TAMS 0x000000008a800000, 0x000000008a800000| Complete 
| 119|0x000000008a900000, 0x000000008aa00000, 0x000000008aa00000|100%| E|CS|TAMS 0x000000008a900000, 0x000000008a900000| Complete 
| 120|0x000000008aa00000, 0x000000008ab00000, 0x000000008ab00000|100%| E|CS|TAMS 0x000000008aa00000, 0x000000008aa00000| Complete 
| 121|0x000000008ab00000, 0x000000008ac00000, 0x000000008ac00000|100%| E|CS|TAMS 0x000000008ab00000, 0x000000008ab00000| Complete 
| 122|0x000000008ac00000, 0x000000008ad00000, 0x000000008ad00000|100%| E|CS|TAMS 0x000000008ac00000, 0x000000008ac00000| Complete 
| 123|0x000000008ad00000, 0x000000008ae00000, 0x000000008ae00000|100%| E|CS|TAMS 0x000000008ad00000, 0x000000008ad00000| Complete 
| 124|0x000000008ae00000, 0x000000008af00000, 0x000000008af00000|100%| E|CS|TAMS 0x000000008ae00000, 0x000000008ae00000| Complete 
| 125|0x000000008af00000, 0x000000008b000000, 0x000000008b000000|100%| E|CS|TAMS 0x000000008af00000, 0x000000008af00000| Complete 

Card table byte_map: [0x00000233fc330000,0x00000233fc720000] _byte_map_base: 0x00000233fbf17000

Marking Bits (Prev, Next): (CMBitMap*) 0x00000233f371f300, (CMBitMap*) 0x00000233f371f340
 Prev Bits: [0x00000233fcb10000, 0x00000233fea48000)
 Next Bits: [0x000002338f000000, 0x0000023390f38000)

Polling page: 0x00000233f2ec0000

Metaspace:

Usage:
  Non-class:      7.18 MB capacity,     4.54 MB ( 63%) used,     2.64 MB ( 37%) free+waste,     3.56 KB ( <1%) overhead. 
      Class:    617.00 KB capacity,   326.64 KB ( 53%) used,   289.55 KB ( 47%) free+waste,   832 bytes ( <1%) overhead. 
       Both:      7.78 MB capacity,     4.86 MB ( 62%) used,     2.92 MB ( 38%) free+waste,     4.38 KB ( <1%) overhead. 

Virtual space:
  Non-class space:        8.00 MB reserved,       7.50 MB ( 94%) committed 
      Class space:        1.00 GB reserved,     640.00 KB ( <1%) committed 
             Both:        1.01 GB reserved,       8.13 MB ( <1%) committed 

Chunk freelists:
   Non-Class:  139.00 KB
       Class:  23.00 KB
        Both:  162.00 KB

MaxMetaspaceSize: 17179869184.00 GB
CompressedClassSpaceSize: 1.00 GB

CodeHeap 'non-profiled nmethods': size=120000Kb used=592Kb max_used=592Kb free=119407Kb
 bounds [0x0000023387ad0000, 0x0000023387d40000, 0x000002338f000000]
CodeHeap 'profiled nmethods': size=120000Kb used=2087Kb max_used=2087Kb free=117912Kb
 bounds [0x00000233805a0000, 0x0000023380810000, 0x0000023387ad0000]
CodeHeap 'non-nmethods': size=5760Kb used=1297Kb max_used=1330Kb free=4462Kb
 bounds [0x0000023380000000, 0x0000023380270000, 0x00000233805a0000]
 total_blobs=1872 nmethods=1294 adapters=491
 compilation: enabled
              stopped_count=0, restarted_count=0
 full_count=0

Compilation events (20 events):
Event: 41.619 Thread 0x00000233ff49ce20 1285       4       java.nio.HeapByteBuffer::put (12 bytes)
Event: 41.622 Thread 0x00000233ff49ce20 nmethod 1285 0x0000023387b5b490 code [0x0000023387b5b620, 0x0000023387b5bab8]
Event: 42.337 Thread 0x00000233ff49ce20 1286       4       org.lwjgl.opengl.GL11::glDisable (19 bytes)
Event: 42.339 Thread 0x00000233ff49ce20 nmethod 1286 0x0000023387b5c110 code [0x0000023387b5c2a0, 0x0000023387b5c3a8]
Event: 42.403 Thread 0x00000233ff49ce20 1287       4       com.badlogic.gdx.graphics.glutils.ImmediateModeRenderer20::flush (106 bytes)
Event: 42.422 Thread 0x00000233ff49ce20 nmethod 1287 0x0000023387b5c510 code [0x0000023387b5c7a0, 0x0000023387b5d850]
Event: 42.422 Thread 0x00000233ff49ce20 1288       4       com.badlogic.gdx.graphics.glutils.ShapeRenderer::begin (84 bytes)
Event: 42.424 Thread 0x00000233ff49ce20 nmethod 1288 0x0000023387b5eb90 code [0x0000023387b5ed40, 0x0000023387b5f0e8]
Event: 43.485 Thread 0x00000233ff49ce20 1289       4       com.badlogic.gdx.graphics.g2d.SpriteBatch::begin (65 bytes)
Event: 43.498 Thread 0x00000233ff49ce20 nmethod 1289 0x0000023387b5f490 code [0x0000023387b5f720, 0x0000023387b606d0]
Event: 44.186 Thread 0x00000233ff49ce20 1290       4       com.badlogic.gdx.graphics.g2d.SpriteBatch::end (66 bytes)
Event: 44.188 Thread 0x00000233ff49ce20 nmethod 1290 0x0000023387b61890 code [0x0000023387b61a60, 0x0000023387b61d68]
Event: 44.203 Thread 0x00000233ff49ce20 1291       4       com.badlogic.gdx.backends.lwjgl.LwjglGL20::glBufferData (113 bytes)
Event: 44.205 Thread 0x00000233ff49ce20 nmethod 1291 0x0000023387b62110 code [0x0000023387b622a0, 0x0000023387b62468]
Event: 45.652 Thread 0x00000233ff49ce20 1292       4       com.badlogic.gdx.physics.box2d.Body::getLinearVelocity (43 bytes)
Event: 45.653 Thread 0x00000233ff49ce20 nmethod 1292 0x0000023387b62710 code [0x0000023387b628a0, 0x0000023387b62988]
Event: 46.135 Thread 0x00000233ff49ce20 1293       4       java.nio.ByteBuffer::limit (6 bytes)
Event: 46.136 Thread 0x00000233ff49ce20 nmethod 1293 0x0000023387b62a90 code [0x0000023387b62c20, 0x0000023387b62d18]
Event: 46.302 Thread 0x00000233ff49ce20 1294  s    4       org.lwjgl.opengl.EventQueue::copyEvents (77 bytes)
Event: 46.308 Thread 0x00000233ff49ce20 nmethod 1294 0x0000023387b62e90 code [0x0000023387b63060, 0x0000023387b638b8]

GC Heap History (0 events):
No events

Deoptimization events (20 events):
Event: 1.739 Thread 0x0000023393513490 DEOPT PACKING pc=0x00000233806fb652 sp=0x000000bc0d4ff410
Event: 1.739 Thread 0x0000023393513490 DEOPT UNPACKING pc=0x000002338004f6cf sp=0x000000bc0d4fe998 mode 0
Event: 1.756 Thread 0x0000023393513490 DEOPT PACKING pc=0x00000233806fb652 sp=0x000000bc0d4ff410
Event: 1.756 Thread 0x0000023393513490 DEOPT UNPACKING pc=0x000002338004f6cf sp=0x000000bc0d4fe998 mode 0
Event: 1.789 Thread 0x0000023393513490 DEOPT PACKING pc=0x00000233806fb652 sp=0x000000bc0d4ff410
Event: 1.789 Thread 0x0000023393513490 DEOPT UNPACKING pc=0x000002338004f6cf sp=0x000000bc0d4fe998 mode 0
Event: 1.805 Thread 0x0000023393513490 DEOPT PACKING pc=0x00000233806fb652 sp=0x000000bc0d4ff410
Event: 1.805 Thread 0x0000023393513490 DEOPT UNPACKING pc=0x000002338004f6cf sp=0x000000bc0d4fe998 mode 0
Event: 1.807 Thread 0x0000023393513490 DEOPT PACKING pc=0x00000233806f9320 sp=0x000000bc0d4ff400
Event: 1.807 Thread 0x0000023393513490 DEOPT UNPACKING pc=0x000002338004f6cf sp=0x000000bc0d4fe998 mode 0
Event: 1.856 Thread 0x0000023393513490 DEOPT PACKING pc=0x00000233806fb652 sp=0x000000bc0d4ff410
Event: 1.856 Thread 0x0000023393513490 DEOPT UNPACKING pc=0x000002338004f6cf sp=0x000000bc0d4fe998 mode 0
Event: 29.263 Thread 0x0000023393513490 Uncommon trap: trap_request=0xffffff45 fr.pc=0x0000023387b2e114 relative=0x0000000000000e54
Event: 29.263 Thread 0x0000023393513490 Uncommon trap: reason=unstable_if action=reinterpret pc=0x0000023387b2e114 method=com.badlogic.gdx.physics.box2d.Fixture.getShape()Lcom/badlogic/gdx/physics/box2d/Shape; @ 4 c2
Event: 29.263 Thread 0x0000023393513490 DEOPT PACKING pc=0x0000023387b2e114 sp=0x000000bc0d4ff350
Event: 29.263 Thread 0x0000023393513490 DEOPT UNPACKING pc=0x000002338000852f sp=0x000000bc0d4ff270 mode 2
Event: 32.305 Thread 0x0000023393513490 Uncommon trap: trap_request=0xffffff45 fr.pc=0x0000023387b4d1d0 relative=0x00000000000061d0
Event: 32.305 Thread 0x0000023393513490 Uncommon trap: reason=unstable_if action=reinterpret pc=0x0000023387b4d1d0 method=com.badlogic.gdx.utils.Array.iterator()Lcom/badlogic/gdx/utils/Array$ArrayIterator; @ 20 c2
Event: 32.305 Thread 0x0000023393513490 DEOPT PACKING pc=0x0000023387b4d1d0 sp=0x000000bc0d4ff3f0
Event: 32.305 Thread 0x0000023393513490 DEOPT UNPACKING pc=0x000002338000852f sp=0x000000bc0d4ff338 mode 2

Classes unloaded (0 events):
No events

Classes redefined (0 events):
No events

Internal exceptions (6 events):
Event: 0.282 Thread 0x0000023393513490 Exception <a 'org/lwjgl/LWJGLException'{0x000000008aa92d00}: Failed to set device gamma.> (0x000000008aa92d00) 
thrown [./src/hotspot/share/prims/jni.cpp, line 599]
Event: 3.519 Thread 0x0000023393513490 Exception <a 'org/lwjgl/LWJGLException'{0x0000000089e557c8}: Failed to set device gamma.> (0x0000000089e557c8) 
thrown [./src/hotspot/share/prims/jni.cpp, line 599]
Event: 15.683 Thread 0x0000023393513490 Exception <a 'org/lwjgl/LWJGLException'{0x0000000089e56510}: Failed to set device gamma.> (0x0000000089e56510) 
thrown [./src/hotspot/share/prims/jni.cpp, line 599]
Event: 29.263 Thread 0x0000023393513490 Implicit null exception at 0x0000023387b2d35a to 0x0000023387b2e108
Event: 32.305 Thread 0x0000023393513490 Implicit null exception at 0x0000023387b48072 to 0x0000023387b4d1b0
Event: 47.890 Thread 0x0000023393513490 Exception <a 'org/lwjgl/LWJGLException'{0x0000000089db5f68}: Failed to set device gamma.> (0x0000000089db5f68) 
thrown [./src/hotspot/share/prims/jni.cpp, line 599]

Events (20 events):
Event: 1.659 Loaded shared library C:\Users\spenc\AppData\Local\Temp\libgdxspenc\1cecf4f6\lwjgl64.dll
Event: 1.660 Loaded shared library C:\Users\spenc\AppData\Local\Temp\libgdxspenc\1cecf4f6\lwjgl64.dll
Event: 1.892 Loaded shared library C:\Program Files\Zulu\zulu-15\bin\java.dll
Event: 2.008 Loaded shared library C:\Users\spenc\AppData\Local\Temp\libgdxspenc\1cecf4f6\lwjgl64.dll
Event: 2.359 Loaded shared library C:\Users\spenc\AppData\Local\Temp\libgdxspenc\1cecf4f6\lwjgl64.dll
Event: 2.374 Loaded shared library C:\Users\spenc\AppData\Local\Temp\libgdxspenc\1cecf4f6\lwjgl64.dll
Event: 2.725 Loaded shared library C:\Users\spenc\AppData\Local\Temp\libgdxspenc\1cecf4f6\lwjgl64.dll
Event: 2.725 Loaded shared library C:\Users\spenc\AppData\Local\Temp\libgdxspenc\1cecf4f6\lwjgl64.dll
Event: 2.726 Loaded shared library C:\Users\spenc\AppData\Local\Temp\libgdxspenc\1cecf4f6\lwjgl64.dll
Event: 2.726 Loaded shared library C:\Users\spenc\AppData\Local\Temp\libgdxspenc\1cecf4f6\lwjgl64.dll
Event: 2.890 Loaded shared library C:\Program Files\Zulu\zulu-15\bin\java.dll
Event: 3.424 Loaded shared library C:\Program Files\Zulu\zulu-15\bin\java.dll
Event: 3.424 Loaded shared library C:\Users\spenc\AppData\Local\Temp\libgdxspenc\1cecf4f6\lwjgl64.dll
Event: 3.425 Loaded shared library C:\Users\spenc\AppData\Local\Temp\libgdxspenc\1cecf4f6\lwjgl64.dll
Event: 5.648 Loaded shared library C:\Users\spenc\AppData\Local\Temp\libgdxspenc\1cecf4f6\lwjgl64.dll
Event: 16.462 Loaded shared library C:\Users\spenc\AppData\Local\Temp\libgdxspenc\1cecf4f6\lwjgl64.dll
Event: 17.845 Loaded shared library C:\Users\spenc\AppData\Local\Temp\libgdxspenc\1cecf4f6\lwjgl64.dll
Event: 17.846 Loaded shared library C:\Users\spenc\AppData\Local\Temp\libgdxspenc\1cecf4f6\lwjgl64.dll
Event: 21.879 Loaded shared library C:\Users\spenc\AppData\Local\Temp\libgdxspenc\1cecf4f6\lwjgl64.dll
Event: 22.098 Loaded shared library C:\Users\spenc\AppData\Local\Temp\libgdxspenc\e1cd32f8\gdx64.dll


Dynamic libraries:
0x00007ff604990000 - 0x00007ff60499d000 	C:\Program Files\Zulu\zulu-15\bin\java.exe
0x00007ffb0eff0000 - 0x00007ffb0f1e5000 	C:\Windows\SYSTEM32\ntdll.dll
0x00007ffb0e010000 - 0x00007ffb0e0ce000 	C:\Windows\System32\KERNEL32.DLL
0x00007ffb0caa0000 - 0x00007ffb0cd68000 	C:\Windows\System32\KERNELBASE.dll
0x00007ffb0ce40000 - 0x00007ffb0cf40000 	C:\Windows\System32\ucrtbase.dll
0x00007ffae3690000 - 0x00007ffae36a8000 	C:\Program Files\Zulu\zulu-15\bin\jli.dll
0x00007ffae3820000 - 0x00007ffae3835000 	C:\Program Files\Zulu\zulu-15\bin\VCRUNTIME140.dll
0x00007ffb0de60000 - 0x00007ffb0e001000 	C:\Windows\System32\USER32.dll
0x00007ffb0c910000 - 0x00007ffb0c932000 	C:\Windows\System32\win32u.dll
0x00007ffaf5a40000 - 0x00007ffaf5cda000 	C:\Windows\WinSxS\amd64_microsoft.windows.common-controls_6595b64144ccf1df_6.0.19041.1110_none_60b5254171f9507e\COMCTL32.dll
0x00007ffb0de20000 - 0x00007ffb0de4b000 	C:\Windows\System32\GDI32.dll
0x00007ffb0c7b0000 - 0x00007ffb0c8bd000 	C:\Windows\System32\gdi32full.dll
0x00007ffb0d0d0000 - 0x00007ffb0d16e000 	C:\Windows\System32\msvcrt.dll
0x00007ffb0cd70000 - 0x00007ffb0ce0d000 	C:\Windows\System32\msvcp_win.dll
0x00007ffb0ef80000 - 0x00007ffb0efb0000 	C:\Windows\System32\IMM32.DLL
0x00007ffae28e0000 - 0x00007ffae297b000 	C:\Program Files\Zulu\zulu-15\bin\msvcp140.dll
0x00007ffa7b110000 - 0x00007ffa7bca2000 	C:\Program Files\Zulu\zulu-15\bin\server\jvm.dll
0x00007ffb0e1a0000 - 0x00007ffb0e24c000 	C:\Windows\System32\ADVAPI32.dll
0x00007ffb0e450000 - 0x00007ffb0e4eb000 	C:\Windows\System32\sechost.dll
0x00007ffb0e320000 - 0x00007ffb0e44a000 	C:\Windows\System32\RPCRT4.dll
0x00007ffb0e0d0000 - 0x00007ffb0e0d8000 	C:\Windows\System32\PSAPI.DLL
0x00007ffa974a0000 - 0x00007ffa974a9000 	C:\Windows\SYSTEM32\WSOCK32.dll
0x00007ffae7d00000 - 0x00007ffae7d27000 	C:\Windows\SYSTEM32\WINMM.dll
0x00007ffaf8f40000 - 0x00007ffaf8f4a000 	C:\Windows\SYSTEM32\VERSION.dll
0x00007ffb0e4f0000 - 0x00007ffb0e55b000 	C:\Windows\System32\WS2_32.dll
0x00007ffb0af80000 - 0x00007ffb0af92000 	C:\Windows\SYSTEM32\kernel.appcore.dll
0x00007ffaee6f0000 - 0x00007ffaee6fa000 	C:\Program Files\Zulu\zulu-15\bin\jimage.dll
0x00007ffb0a350000 - 0x00007ffb0a534000 	C:\Windows\SYSTEM32\DBGHELP.DLL
0x00007ffaf0b40000 - 0x00007ffaf0b6c000 	C:\Windows\SYSTEM32\dbgcore.DLL
0x00007ffb0cfa0000 - 0x00007ffb0d022000 	C:\Windows\System32\bcryptPrimitives.dll
0x00007ffae30a0000 - 0x00007ffae30c5000 	C:\Program Files\Zulu\zulu-15\bin\java.dll
0x00007ffb0d620000 - 0x00007ffb0dd64000 	C:\Windows\System32\SHELL32.dll
0x00007ffb0a7d0000 - 0x00007ffb0af64000 	C:\Windows\SYSTEM32\windows.storage.dll
0x00007ffb0d170000 - 0x00007ffb0d4c5000 	C:\Windows\System32\combase.dll
0x00007ffb0c150000 - 0x00007ffb0c17e000 	C:\Windows\SYSTEM32\Wldp.dll
0x00007ffb0dd70000 - 0x00007ffb0de1d000 	C:\Windows\System32\SHCORE.dll
0x00007ffb0d4d0000 - 0x00007ffb0d525000 	C:\Windows\System32\shlwapi.dll
0x00007ffb0c640000 - 0x00007ffb0c65f000 	C:\Windows\SYSTEM32\profapi.dll
0x00007ffae3080000 - 0x00007ffae3099000 	C:\Program Files\Zulu\zulu-15\bin\net.dll
0x00007ffb06d40000 - 0x00007ffb06e4c000 	C:\Windows\SYSTEM32\WINHTTP.dll
0x00007ffb0beb0000 - 0x00007ffb0bf1a000 	C:\Windows\system32\mswsock.dll
0x00007ffae2c10000 - 0x00007ffae2c22000 	C:\Program Files\Zulu\zulu-15\bin\nio.dll
0x00007ffae28c0000 - 0x00007ffae28d8000 	C:\Program Files\Zulu\zulu-15\bin\zip.dll
0x000000006e700000 - 0x000000006e72a000 	C:\Users\spenc\AppData\Local\Temp\libgdxspenc\e1cd32f8\gdx64.dll
0x00007ffae8410000 - 0x00007ffae8420000 	C:\Program Files\Zulu\zulu-15\bin\verify.dll
0x0000000180000000 - 0x0000000180053000 	C:\Users\spenc\AppData\Local\Temp\libgdxspenc\1cecf4f6\lwjgl64.dll
0x00007ffad4dd0000 - 0x00007ffad4ef5000 	C:\Windows\SYSTEM32\OPENGL32.dll
0x00007ffad56f0000 - 0x00007ffad571c000 	C:\Windows\SYSTEM32\GLU32.dll
0x00000233ffe40000 - 0x00000233ffea4000 	C:\Users\spenc\AppData\Local\Temp\libgdxspenc\1cecf4f6\OpenAL64.dll
0x00007ffb0e6e0000 - 0x00007ffb0e80a000 	C:\Windows\System32\ole32.dll
0x00007ffb09c80000 - 0x00007ffb09d1e000 	C:\Windows\system32\uxtheme.dll
0x00007ffb0eed0000 - 0x00007ffb0ef79000 	C:\Windows\System32\clbcatq.dll
0x00007ffae2820000 - 0x00007ffae28bc000 	C:\Windows\SYSTEM32\dsound.dll
0x00007ffaf09a0000 - 0x00007ffaf09c6000 	C:\Windows\SYSTEM32\winmmbase.dll
0x00007ffb0bc70000 - 0x00007ffb0bcbb000 	C:\Windows\SYSTEM32\powrprof.dll
0x00007ffb0bb30000 - 0x00007ffb0bb42000 	C:\Windows\SYSTEM32\UMPDC.dll
0x00007ffaffc30000 - 0x00007ffaffcb5000 	C:\Windows\System32\MMDevApi.dll
0x00007ffb0c4a0000 - 0x00007ffb0c4d4000 	C:\Windows\System32\DEVOBJ.dll
0x00007ffb0c8c0000 - 0x00007ffb0c90e000 	C:\Windows\System32\cfgmgr32.dll
0x00007ffaffd40000 - 0x00007ffaffec1000 	C:\Windows\SYSTEM32\AUDIOSES.DLL
0x00007ffb0e250000 - 0x00007ffb0e31d000 	C:\Windows\System32\OLEAUT32.dll
0x00007ffb09e50000 - 0x00007ffb09e64000 	C:\Windows\SYSTEM32\resourcepolicyclient.dll
0x00007ffb05e90000 - 0x00007ffb05f3e000 	C:\Windows\SYSTEM32\mscms.dll
0x00007ffb0c600000 - 0x00007ffb0c62e000 	C:\Windows\SYSTEM32\USERENV.dll
0x00007ffb05e70000 - 0x00007ffb05e81000 	C:\Windows\SYSTEM32\ColorAdapterClient.dll
0x00007ffb0e5c0000 - 0x00007ffb0e6d5000 	C:\Windows\System32\MSCTF.dll
0x00007ffafc260000 - 0x00007ffafc359000 	C:\Windows\SYSTEM32\textinputframework.dll
0x00007ffb09250000 - 0x00007ffb095ae000 	C:\Windows\System32\CoreUIComponents.dll
0x00007ffb095b0000 - 0x00007ffb096a2000 	C:\Windows\System32\CoreMessaging.dll
0x00007ffb0b3f0000 - 0x00007ffb0b423000 	C:\Windows\SYSTEM32\ntmarta.dll
0x00007ffb08950000 - 0x00007ffb08aa4000 	C:\Windows\SYSTEM32\wintypes.dll
0x00007ffadd780000 - 0x00007ffadd7e6000 	C:\Windows\system32\Oleacc.dll
0x00007ffb00080000 - 0x00007ffb00179000 	C:\Windows\System32\AppXDeploymentClient.dll
0x00007ffa745e0000 - 0x00007ffa755e6000 	C:\Windows\System32\DriverStore\FileRepository\iigd_dch.inf_amd64_fe923c94e9ba883c\igxelpicd64.dll
0x00007ffb09e70000 - 0x00007ffb09e9f000 	C:\Windows\system32\dwmapi.dll
0x00007ffb0aff0000 - 0x00007ffb0b0e4000 	C:\Windows\system32\dxgi.dll
0x00007ffa7e020000 - 0x00007ffa7e4be000 	C:\Windows\System32\DriverStore\FileRepository\iigd_dch.inf_amd64_fe923c94e9ba883c\igdml64.dll
0x00007ffafc790000 - 0x00007ffafcb51000 	C:\Windows\System32\DriverStore\FileRepository\iigd_dch.inf_amd64_fe923c94e9ba883c\igdgmm64.dll
0x00007ffae5680000 - 0x00007ffae56c3000 	C:\Windows\SYSTEM32\icm32.dll
0x00007ffaf5ce0000 - 0x00007ffaf8f40000 	C:\Windows\System32\DriverStore\FileRepository\iigd_dch.inf_amd64_fe923c94e9ba883c\igc64.dll
0x0000000066b00000 - 0x0000000066b5b000 	C:\Users\spenc\AppData\Local\Temp\libgdxspenc\a14961b7\gdx-box2d64.dll

dbghelp: loaded successfully - version: 4.0.5 - missing functions: none
symbol engine: initialized successfully - sym options: 0x614 - pdb path: .;C:\Program Files\Zulu\zulu-15\bin;C:\Windows\SYSTEM32;C:\Windows\WinSxS\amd64_microsoft.windows.common-controls_6595b64144ccf1df_6.0.19041.1110_none_60b5254171f9507e;C:\Program Files\Zulu\zulu-15\bin\server;C:\Users\spenc\AppData\Local\Temp\libgdxspenc\e1cd32f8;C:\Users\spenc\AppData\Local\Temp\libgdxspenc\1cecf4f6;C:\Windows\System32\DriverStore\FileRepository\iigd_dch.inf_amd64_fe923c94e9ba883c;C:\Users\spenc\AppData\Local\Temp\libgdxspenc\a14961b7

VM Arguments:
jvm_args: -Dfile.encoding=windows-1252 -Duser.country=CA -Duser.language=en -Duser.variant 
java_command: com.mygdx.game.desktop.DesktopLauncher
java_class_path (initial): C:\Users\spenc\OneDrive\Documents\GitHub\PortalGame\PortalGame\desktop\build\classes\java\main;C:\Users\spenc\OneDrive\Documents\GitHub\PortalGame\PortalGame\desktop\build\resources\main;C:\Users\spenc\.gradle\caches\modules-2\files-2.1\com.badlogicgames.gdx\gdx-tools\1.10.0\d699cf4953fb42a071c7c3feb9b5c45601aa6a4b\gdx-tools-1.10.0.jar;C:\Users\spenc\.gradle\caches\modules-2\files-2.1\com.badlogicgames.gdx\gdx-backend-lwjgl\1.10.0\58ff89d9e4fd8a82591367f187d606e781cacc05\gdx-backend-lwjgl-1.10.0.jar;C:\Users\spenc\.gradle\caches\modules-2\files-2.1\com.badlogicgames.gdx\gdx-platform\1.10.0\9a8fa793d2fd6d360afc6c9e4c1f5583da263b88\gdx-platform-1.10.0-natives-desktop.jar;C:\Users\spenc\.gradle\caches\modules-2\files-2.1\com.badlogicgames.gdx\gdx-box2d-platform\1.10.0\588c4191c5a64ed39365e71484aa37d81c38eb5e\gdx-box2d-platform-1.10.0-natives-desktop.jar;C:\Users\spenc\.gradle\caches\modules-2\files-2.1\com.badlogicgames.gdx\gdx-bullet-platform\1.10.0\ce92e8dfc762523d769cbc50853163c03bf98cf1\gdx-bullet-platform-1.10.0-natives-desktop.jar;C:\Users\spenc\.gradle\caches\modules-2\files-2.1\com.badlogicgames.gdx\gdx-freetype-platform\1.10.0\6e5d28752759e69384f12e4569d2c884ff71352f\gdx-freetype-platform-1.10.0-natives-desktop.jar;C:\Users\spenc\OneDrive\Documents\GitHub\PortalGame\PortalGame\core\build\libs\core-1.0.jar;C:\Users\spenc\.gradle\caches\modules-2\files-2.1\com.badlogicgames.gdx\gdx-backend-headless\1.10.0\990eadbb431197c5b9b816d1659c772e0268e65\gdx-backend-headless-1.10.0.jar;C:\Users\spenc\.gradle\caches\modules-2\files-2.1\com.badlogicgames.gdx\gdx-freetype\1.10.0\de1d0d5c1e92e8d91364256fd6b7bb279d3e9859\gdx-freetype-1.10.0.jar;C:\Users\spenc\.gradle\caches\modules-2\files-2.1\com.badlogicgames.box2dlights\box2dlights\1.5\6902dbcd250c95a27973aa24a147a95b3828d348\box2dlights-1.5.jar;C:\Users\spenc\.gradle\caches\modules-2\files-2.1\com.badlogicgames.gdx\gdx-box2d\1.10.0\b3a3c0f00b90716238835434d0ae8985604c37f8\gdx-box2d-1.10.0.jar;C
Launcher Type: SUN_STANDARD

[Global flags]
     intx CICompilerCount                          = 4                                         {product} {ergonomic}
     uint ConcGCThreads                            = 2                                         {product} {ergonomic}
     uint G1ConcRefinementThreads                  = 8                                         {product} {ergonomic}
   size_t G1HeapRegionSize                         = 1048576                                   {product} {ergonomic}
    uintx GCDrainStackTargetSize                   = 64                                        {product} {ergonomic}
   size_t InitialHeapSize                          = 132120576                                 {product} {ergonomic}
   size_t MarkStackSize                            = 4194304                                   {product} {ergonomic}
   size_t MaxHeapSize                              = 2095054848                                {product} {ergonomic}
   size_t MaxNewSize                               = 1256194048                                {product} {ergonomic}
   size_t MinHeapDeltaBytes                        = 1048576                                   {product} {ergonomic}
   size_t MinHeapSize                              = 8388608                                   {product} {ergonomic}
    uintx NonNMethodCodeHeapSize                   = 5839372                                {pd product} {ergonomic}
    uintx NonProfiledCodeHeapSize                  = 122909434                              {pd product} {ergonomic}
    uintx ProfiledCodeHeapSize                     = 122909434                              {pd product} {ergonomic}
    uintx ReservedCodeCacheSize                    = 251658240                              {pd product} {ergonomic}
     bool SegmentedCodeCache                       = true                                      {product} {ergonomic}
   size_t SoftMaxHeapSize                          = 2095054848                             {manageable} {ergonomic}
     bool UseCompressedClassPointers               = true                                 {lp64_product} {ergonomic}
     bool UseCompressedOops                        = true                                 {lp64_product} {ergonomic}
     bool UseG1GC                                  = true                                      {product} {ergonomic}
     bool UseLargePagesIndividualAllocation        = false                                  {pd product} {ergonomic}

Logging:
Log output configuration:
 #0: stdout all=warning uptime,level,tags
 #1: stderr all=off uptime,level,tags

Environment Variables:
JAVA_HOME=C:\Program Files\Java\jdk1.8.0_311
PATH=C:\Program Files\Zulu\zulu-15\bin\;C:\Program Files (x86)\Common Files\Oracle\Java\javapath;C:\Windows\system32;C:\Windows;C:\Windows\System32\Wbem;C:\Windows\System32\WindowsPowerShell\v1.0\;C:\Windows\System32\OpenSSH\;C:\Program Files\Git\cmd;C:\Users\spenc\AppData\Local\Microsoft\WindowsApps;C:\Users\spenc\AppData\Local\GitHubDesktop\bin;C:\Program Files\JetBrains\IntelliJ IDEA Community Edition 2021.3\bin;
USERNAME=spenc
OS=Windows_NT
PROCESSOR_IDENTIFIER=Intel64 Family 6 Model 140 Stepping 1, GenuineIntel



---------------  S Y S T E M  ---------------

OS:
 Windows 10 , 64 bit Build 19041 (10.0.19041.1348)
OS uptime: 11 days 3:04 hours

CPU: total 8 (initial active 8) (4 cores per cpu, 2 threads per core) family 6 model 140 stepping 1 microcode 0x78, cmov, cx8, fxsr, mmx, sse, sse2, sse3, ssse3, sse4.1, sse4.2, popcnt, vzeroupper, avx, avx2, aes, clmul, erms, 3dnowpref, lzcnt, ht, tsc, tscinvbit, bmi1, bmi2, adx, avx512f, avx512dq, avx512cd, avx512bw, avx512vl, avx512_vpopcntdq, avx512_vpclmulqdq, avx512_vbmi, avx512_vbmi2, avx512_vaes, avx512_vnni, sha, fma, clflush, clflushopt, clwb

Memory: 4k page, system-wide physical 7987M (619M free)
TotalPageFile size 30824M (AvailPageFile size 13101M)
current process WorkingSet (physical memory assigned to process): 167M, peak: 192M
current process commit charge ("private bytes"): 289M, peak: 315M

vm_info: OpenJDK 64-Bit Server VM (15.0.5+3-MTS) for windows-amd64 JRE (15.0.5+3-MTS) (Zulu15.36+13-CA), built on Oct  8 2021 11:07:26 by "zulu_re" with MS VC++ 15.9 (VS2017)

END.
