#
# A fatal error has been detected by the Java Runtime Environment:
#
#  SIGSEGV (0xb) at pc=0x0000000114b5be04, pid=19880, tid=110851
#
# JRE version: OpenJDK Runtime Environment JBR-11.0.13.7-1751.19-jcef (11.0.13+7) (build 11.0.13+7-b1751.19)
# Java VM: OpenJDK 64-Bit Server VM JBR-11.0.13.7-1751.19-jcef (11.0.13+7-b1751.19, mixed mode, tiered, compressed oops, g1 gc, bsd-amd64)
# Problematic frame:
# C  [libgdx-box2d64.dylib+0xce04]  _ZN9b2Contact7DestroyEPS_P16b2BlockAllocator+0x74
#
# No core dump will be written. Core dumps have been disabled. To enable core dumping, try "ulimit -c unlimited" before starting Java again
#
# If you would like to submit a bug report, please visit:
#   https://bugreport.java.com/bugreport/crash.jsp
# The crash happened outside the Java Virtual Machine in native code.
# See problematic frame for where to report the bug.
#

---------------  S U M M A R Y ------------

Command Line: -Dfile.encoding=UTF-8 -Duser.country=CA -Duser.language=en -Duser.variant com.mygdx.game.desktop.DesktopLauncher

Host: MacBookAir6,2 x86_64 1300 MHz, 4 cores, 8G, Darwin 17.7.0
Time: Wed Jan 19 08:42:24 2022 EST elapsed time: 10.949283 seconds (0d 0h 0m 10s)

---------------  T H R E A D  ---------------

Current thread (0x00007ff60d216800):  JavaThread "LWJGL Application" [_thread_in_native, id=110851, stack(0x000070000552b000,0x000070000562b000)]

Stack: [0x000070000552b000,0x000070000562b000],  sp=0x000070000562a660,  free space=1021k
Native frames: (J=compiled Java code, A=aot compiled Java code, j=interpreted, Vv=VM code, C=native code)
C  [libgdx-box2d64.dylib+0xce04]  _ZN9b2Contact7DestroyEPS_P16b2BlockAllocator+0x74
C  [libgdx-box2d64.dylib+0x1c453]  _ZN16b2ContactManager7DestroyEP9b2Contact+0xd3
C  [libgdx-box2d64.dylib+0x1e8e0]  _ZN7b2World11DestroyBodyEP6b2Body+0x70
C  [libgdx-box2d64.dylib+0x244d2]  Java_com_badlogic_gdx_physics_box2d_World_jniDestroyBody+0x62
j  com.badlogic.gdx.physics.box2d.World.jniDestroyBody(JJ)V+0
j  com.badlogic.gdx.physics.box2d.World.destroyBody(Lcom/badlogic/gdx/physics/box2d/Body;)V+42
j  com.mygdx.game.Entity.dispose()V+16
j  com.mygdx.game.MyGdxGame.dispose()V+82
j  com.badlogic.gdx.backends.lwjgl.LwjglApplication.mainLoop()V+924
j  com.badlogic.gdx.backends.lwjgl.LwjglApplication$1.run()V+27
v  ~StubRoutines::call_stub
V  [libjvm.dylib+0x3a9569]  _ZN9JavaCalls11call_helperEP9JavaValueRK12methodHandleP17JavaCallArgumentsP6Thread+0x1fd
V  [libjvm.dylib+0x3a89b8]  _ZN9JavaCalls12call_virtualEP9JavaValueP5KlassP6SymbolS5_P17JavaCallArgumentsP6Thread+0xea
V  [libjvm.dylib+0x3a8a78]  _ZN9JavaCalls12call_virtualEP9JavaValue6HandleP5KlassP6SymbolS6_P6Thread+0x62
V  [libjvm.dylib+0x431b3d]  _ZL12thread_entryP10JavaThreadP6Thread+0x78
V  [libjvm.dylib+0x710e90]  _ZN10JavaThread17thread_main_innerEv+0x82
V  [libjvm.dylib+0x710ce0]  _ZN10JavaThread3runEv+0x126
V  [libjvm.dylib+0x70ec08]  _ZN6Thread8call_runEv+0x68
V  [libjvm.dylib+0x6154f6]  _ZL19thread_native_entryP6Thread+0x136
C  [libsystem_pthread.dylib+0x3661]  _pthread_body+0x154
C  [libsystem_pthread.dylib+0x350d]  _pthread_body+0x0
C  [libsystem_pthread.dylib+0x2bf9]  thread_start+0xd

Java frames: (J=compiled Java code, j=interpreted, Vv=VM code)
j  com.badlogic.gdx.physics.box2d.World.jniDestroyBody(JJ)V+0
j  com.badlogic.gdx.physics.box2d.World.destroyBody(Lcom/badlogic/gdx/physics/box2d/Body;)V+42
j  com.mygdx.game.Entity.dispose()V+16
j  com.mygdx.game.MyGdxGame.dispose()V+82
j  com.badlogic.gdx.backends.lwjgl.LwjglApplication.mainLoop()V+924
j  com.badlogic.gdx.backends.lwjgl.LwjglApplication$1.run()V+27
v  ~StubRoutines::call_stub

siginfo: si_signo: 11 (SIGSEGV), si_code: 1 (SEGV_MAPERR), si_addr: 0x0000000000000008

Register to memory mapping:

RAX=0x00007ff60c4900e0 points into unknown readable memory: 0x00007ff641200000 | 00 00 20 41 f6 7f 00 00
RBX=0x00007ff60d2db600 points into unknown readable memory: 0x0000000114b874e0 | e0 74 b8 14 01 00 00 00
RCX=0x0 is NULL
RDX=0x0000000000000036 is an unknown value
RSP=0x000070000562a660 is pointing into the stack for thread: 0x00007ff60d216800
RBP=0x000070000562a660 is pointing into the stack for thread: 0x00007ff60d216800
RSI=0x00007ff60cb31e00 points into unknown readable memory: 0x00007ff60cae8000 | 00 80 ae 0c f6 7f 00 00
RDI=0x00007ff60d2db600 points into unknown readable memory: 0x0000000114b874e0 | e0 74 b8 14 01 00 00 00
R8 =0x00007ff60d2a93c0 points into unknown readable memory: 0x0000003600000002 | 02 00 00 00 36 00 00 00
R9 =0x000070000562a418 is pointing into the stack for thread: 0x00007ff60d216800
R10=0x000000010274beea: DTraceMethodProbes+0 in /Applications/IntelliJ IDEA CE.app/Contents/jbr/Contents/Home/lib/server/libjvm.dylib at 0x0000000101e00000
R11=0x0000000000000102 is an unknown value
R12=0x00007ff60d2a8e80 points into unknown readable memory: 0x0000002600000000 | 00 00 00 00 26 00 00 00
R13={method} {0x000000011496e420} 'jniDestroyBody' '(JJ)V' in 'com/badlogic/gdx/physics/box2d/World'
R14=0x00007ff60cb4b0a0 points into unknown readable memory: 0x0001000200000010 | 10 00 00 00 02 00 01 00
R15=0x00007ff60d2a93c0 points into unknown readable memory: 0x0000003600000002 | 02 00 00 00 36 00 00 00


Registers:
RAX=0x00007ff60c4900e0, RBX=0x00007ff60d2db600, RCX=0x0000000000000000, RDX=0x0000000000000036
RSP=0x000070000562a660, RBP=0x000070000562a660, RSI=0x00007ff60cb31e00, RDI=0x00007ff60d2db600
R8 =0x00007ff60d2a93c0, R9 =0x000070000562a418, R10=0x000000010274beea, R11=0x0000000000000102
R12=0x00007ff60d2a8e80, R13=0x000000011496e420, R14=0x00007ff60cb4b0a0, R15=0x00007ff60d2a93c0
RIP=0x0000000114b5be04, EFLAGS=0x0000000000010202, ERR=0x0000000000000004
  TRAPNO=0x000000000000000e

Top of Stack: (sp=0x000070000562a660)
0x000070000562a660:   000070000562a690 0000000114b6b453
0x000070000562a670:   0000000000000000 00007ff60cb31e00
0x000070000562a680:   00007ff60d2a93c0 00007ff60cb4b0a0
0x000070000562a690:   000070000562a6d0 0000000114b6d8e0
0x000070000562a6a0:   0000000114b87be0 00007ff60cb31e00
0x000070000562a6b0:   0000000000000000 000000011496e420
0x000070000562a6c0:   00007ff60d2a93c0 00007ff60d216800
0x000070000562a6d0:   000070000562a720 0000000114b734d2
0x000070000562a6e0:   0000000114b87ba0 00007ff60d216b48
0x000070000562a6f0:   000070000562a7e0 0000000114b87be0
0x000070000562a700:   00007ff60d216b48 000070000562a7e0
0x000070000562a710:   000000011496e420 000070000562a7e0
0x000070000562a720:   000070000562a7a0 00000307d8f9a177
0x000070000562a730:   000070000562a7e0 00007ff60d216800
0x000070000562a740:   000070000562a7a0 00000307d8f99e8e
0x000070000562a750:   00000307d8f99e36 000070000562a758
0x000070000562a760:   000000011496e420 000070000562a7e0
0x000070000562a770:   00000001149914f8 0000000000000000
0x000070000562a780:   00000007871a4a28 000000011496e420
0x000070000562a790:   0000000000000000 000070000562a7c0
0x000070000562a7a0:   000070000562a830 00000307d8f94287
0x000070000562a7b0:   0000000000000000 00000307d8f96e78
0x000070000562a7c0:   00007ff60d2a93c0 0000000000000000
0x000070000562a7d0:   00007ff60cb31e00 0000000000000000
0x000070000562a7e0:   0000000787102f10 000070000562a7e8
0x000070000562a7f0:   000000011496e2d2 000070000562a860
0x000070000562a800:   00000001149914f8 0000000114a87008
0x000070000562a810:   00000007871a4a28 000000011496e378
0x000070000562a820:   000070000562a7c0 000070000562a858
0x000070000562a830:   000070000562a8b0 00000307d8f94287
0x000070000562a840:   0000000000000000 0000000000000000
0x000070000562a850:   0000000787c02308 0000000787c02258 

Instructions: (pc=0x0000000114b5be04)
0x0000000114b5bd04:   35 4f c4 02 00 c6 05 50 c4 02 00 01 48 89 05 f1
0x0000000114b5bd14:   c3 02 00 48 89 35 f2 c3 02 00 c6 05 f3 c3 02 00
0x0000000114b5bd24:   00 c6 05 54 c4 02 00 01 49 8b 42 18 8b 40 08 48
0x0000000114b5bd34:   83 f8 04 73 4d 48 8b 72 18 8b 76 08 83 fe 04 73
0x0000000114b5bd44:   46 48 8d 04 40 48 c1 e0 05 48 8d 3d ac c2 02 00
0x0000000114b5bd54:   48 01 c7 48 8d 34 76 48 8b 04 f7 48 85 c0 74 10
0x0000000114b5bd64:   80 7c f7 10 00 74 0d 4c 89 d7 44 89 ce 5d ff e0
0x0000000114b5bd74:   31 c0 5d c3 48 89 d7 89 ce 4c 89 d2 44 89 c9 5d
0x0000000114b5bd84:   ff e0 e8 15 ad 01 00 e8 40 ad 01 00 55 48 89 e5
0x0000000114b5bd94:   80 3d e5 c3 02 00 01 0f 85 a0 00 00 00 48 8b 4f
0x0000000114b5bda4:   60 48 8b 47 68 83 bf b4 00 00 00 00 7e 4e 80 79
0x0000000114b5bdb4:   3a 00 75 48 80 78 3a 00 75 42 4c 8b 41 10 41 0f
0x0000000114b5bdc4:   b7 50 04 f6 c2 02 75 13 83 ca 02 66 41 89 50 04
0x0000000114b5bdd4:   41 c7 80 ac 00 00 00 00 00 00 00 4c 8b 40 10 41
0x0000000114b5bde4:   0f b7 50 04 f6 c2 02 75 13 83 ca 02 66 41 89 50
0x0000000114b5bdf4:   04 41 c7 80 ac 00 00 00 00 00 00 00 48 8b 49 18
0x0000000114b5be04:   44 8b 41 08 48 8b 40 18 8b 40 08 31 d2 83 f8 03
0x0000000114b5be14:   0f 9f c2 4c 89 c1 48 c1 e9 1f 48 09 d1 75 23 4b
0x0000000114b5be24:   8d 0c 40 48 c1 e1 05 48 8d 15 ce c1 02 00 48 01
0x0000000114b5be34:   ca 48 8d 04 40 48 8b 44 c2 08 5d ff e0 e8 ea ac
0x0000000114b5be44:   01 00 e8 b5 ac 01 00 0f 1f 44 00 00 55 48 89 e5
0x0000000114b5be54:   48 8b 05 e5 b1 02 00 48 83 c0 10 48 89 07 c7 47
0x0000000114b5be64:   08 04 00 00 00 48 89 77 60 48 89 4f 68 89 57 70
0x0000000114b5be74:   44 89 47 74 48 c7 87 b4 00 00 00 00 00 00 00 48
0x0000000114b5be84:   c7 47 10 00 00 00 00 48 c7 47 18 00 00 00 00 48
0x0000000114b5be94:   c7 47 20 00 00 00 00 48 c7 47 28 00 00 00 00 48
0x0000000114b5bea4:   c7 47 30 00 00 00 00 48 c7 47 38 00 00 00 00 48
0x0000000114b5beb4:   c7 47 40 00 00 00 00 48 c7 47 48 00 00 00 00 48
0x0000000114b5bec4:   c7 47 50 00 00 00 00 48 c7 47 58 00 00 00 00 f3
0x0000000114b5bed4:   0f 10 46 20 f3 0f 59 41 20 f3 0f 51 c0 f3 0f 11
0x0000000114b5bee4:   87 c0 00 00 00 f3 0f 10 46 24 f3 0f 5f 41 24 f3
0x0000000114b5bef4:   0f 11 87 c4 00 00 00 c7 87 c8 00 00 00 00 00 00 


Stack slot to memory mapping:
stack at sp + 0 slots: 0x000070000562a690 is pointing into the stack for thread: 0x00007ff60d216800
stack at sp + 1 slots: 0x0000000114b6b453: _ZN16b2ContactManager7DestroyEP9b2Contact+0xd3 in /private/var/folders/6d/c05m1cpd2gg0_vssvks1l4z40000gq/T/libgdxkid/38faaa28/libgdx-box2d64.dylib at 0x0000000114b4f000
stack at sp + 2 slots: 0x0 is NULL
stack at sp + 3 slots: 0x00007ff60cb31e00 points into unknown readable memory: 0x00007ff60cae8000 | 00 80 ae 0c f6 7f 00 00
stack at sp + 4 slots: 0x00007ff60d2a93c0 points into unknown readable memory: 0x0000003600000002 | 02 00 00 00 36 00 00 00
stack at sp + 5 slots: 0x00007ff60cb4b0a0 points into unknown readable memory: 0x0001000200000010 | 10 00 00 00 02 00 01 00
stack at sp + 6 slots: 0x000070000562a6d0 is pointing into the stack for thread: 0x00007ff60d216800
stack at sp + 7 slots: 0x0000000114b6d8e0: _ZN7b2World11DestroyBodyEP6b2Body+0x70 in /private/var/folders/6d/c05m1cpd2gg0_vssvks1l4z40000gq/T/libgdxkid/38faaa28/libgdx-box2d64.dylib at 0x0000000114b4f000


---------------  P R O C E S S  ---------------

Threads class SMR info:
_java_thread_list=0x00007ff60b674820, length=12, elements={
0x00007ff60b80a000, 0x00007ff60d01d800, 0x00007ff60d042800, 0x00007ff60d043800,
0x00007ff60d044800, 0x00007ff60d05b800, 0x00007ff60d045000, 0x00007ff60d048000,
0x00007ff60b9ed800, 0x00007ff60ba12000, 0x00007ff60d216800, 0x00007ff60cae6800
}

Java Threads: ( => current thread )
  0x00007ff60b80a000 JavaThread "Reference Handler" daemon [_thread_blocked, id=17923, stack(0x000070000487e000,0x000070000497e000)]
  0x00007ff60d01d800 JavaThread "Finalizer" daemon [_thread_blocked, id=17411, stack(0x0000700004981000,0x0000700004a81000)]
  0x00007ff60d042800 JavaThread "Signal Dispatcher" daemon [_thread_blocked, id=17159, stack(0x0000700004b07000,0x0000700004c07000)]
  0x00007ff60d043800 JavaThread "Service Thread" daemon [_thread_blocked, id=22275, stack(0x0000700004c0a000,0x0000700004d0a000)]
  0x00007ff60d044800 JavaThread "C2 CompilerThread0" daemon [_thread_blocked, id=42499, stack(0x0000700004d0d000,0x0000700004e0d000)]
  0x00007ff60d05b800 JavaThread "C1 CompilerThread0" daemon [_thread_blocked, id=41987, stack(0x0000700004e10000,0x0000700004f10000)]
  0x00007ff60d045000 JavaThread "Sweeper thread" daemon [_thread_blocked, id=41219, stack(0x0000700004f13000,0x0000700005013000)]
  0x00007ff60d048000 JavaThread "Common-Cleaner" daemon [_thread_blocked, id=23043, stack(0x0000700005119000,0x0000700005219000)]
  0x00007ff60b9ed800 JavaThread "AppKit Thread" daemon [_thread_in_native, id=775, stack(0x00007ffeede5f000,0x00007ffeee65f000)]
  0x00007ff60ba12000 JavaThread "AWT-Shutdown" [_thread_blocked, id=28931, stack(0x000070000521c000,0x000070000531c000)]
=>0x00007ff60d216800 JavaThread "LWJGL Application" [_thread_in_native, id=110851, stack(0x000070000552b000,0x000070000562b000)]
  0x00007ff60cae6800 JavaThread "DestroyJavaVM" [_thread_blocked, id=6403, stack(0x0000000102b21000,0x0000000102c21000)]

Other Threads:
  0x00007ff60c816800 VMThread "VM Thread" [stack: 0x000070000477b000,0x000070000487b000] [id=18179]
  0x00007ff60c823800 WatcherThread [stack: 0x0000700005016000,0x0000700005116000] [id=40963]
  0x00007ff60c808000 GCTaskThread "GC Thread#0" [stack: 0x000070000426c000,0x000070000436c000] [id=20227]
  0x00007ff60d25b000 GCTaskThread "GC Thread#1" [stack: 0x000070000562e000,0x000070000572e000] [id=173435]
  0x00007ff60bad7800 GCTaskThread "GC Thread#2" [stack: 0x0000700005731000,0x0000700005831000] [id=172803]
  0x00007ff60c3f6800 GCTaskThread "GC Thread#3" [stack: 0x0000700005834000,0x0000700005934000] [id=172547]
  0x00007ff60c04b000 ConcurrentGCThread "G1 Main Marker" [stack: 0x000070000436f000,0x000070000446f000] [id=19971]
  0x00007ff60c04b800 ConcurrentGCThread "G1 Conc#0" [stack: 0x0000700004472000,0x0000700004572000] [id=12035]
  0x00007ff60b85c000 ConcurrentGCThread "G1 Refine#0" [stack: 0x0000700004575000,0x0000700004675000] [id=19203]
  0x00007ff60c04c800 ConcurrentGCThread "G1 Young RemSet Sampling" [stack: 0x0000700004678000,0x0000700004778000] [id=18947]

Threads with active compile tasks:

VM state:not at safepoint (normal execution)

VM Mutex/Monitor currently owned by a thread: None

Heap address: 0x0000000780000000, size: 2048 MB, Compressed Oops mode: Zero based, Oop shift amount: 3
Narrow klass base: 0x0000000800000000, Narrow klass shift: 0
Compressed class space size: 1073741824 Address: 0x0000000800000000

Heap:
 garbage-first heap   total 131072K, used 8040K [0x0000000780000000, 0x0000000800000000)
  region size 1024K, 8 young (8192K), 2 survivors (2048K)
 Metaspace       used 12261K, capacity 12498K, committed 12928K, reserved 1060864K
  class space    used 1012K, capacity 1089K, committed 1152K, reserved 1048576K
Heap Regions: E=young(eden), S=young(survivor), O=old, HS=humongous(starts), HC=humongous(continues), CS=collection set, F=free, A=archive, TAMS=top-at-mark-start (previous, next)
|   0|0x0000000780000000, 0x00000007800da000, 0x0000000780100000| 85%| O|  |TAMS 0x0000000780000000, 0x0000000780000000| Untracked 
|   1|0x0000000780100000, 0x0000000780100000, 0x0000000780200000|  0%| F|  |TAMS 0x0000000780100000, 0x0000000780100000| Untracked 
|   2|0x0000000780200000, 0x0000000780200000, 0x0000000780300000|  0%| F|  |TAMS 0x0000000780200000, 0x0000000780200000| Untracked 
|   3|0x0000000780300000, 0x0000000780300000, 0x0000000780400000|  0%| F|  |TAMS 0x0000000780300000, 0x0000000780300000| Untracked 
|   4|0x0000000780400000, 0x0000000780400000, 0x0000000780500000|  0%| F|  |TAMS 0x0000000780400000, 0x0000000780400000| Untracked 
|   5|0x0000000780500000, 0x0000000780500000, 0x0000000780600000|  0%| F|  |TAMS 0x0000000780500000, 0x0000000780500000| Untracked 
|   6|0x0000000780600000, 0x0000000780600000, 0x0000000780700000|  0%| F|  |TAMS 0x0000000780600000, 0x0000000780600000| Untracked 
|   7|0x0000000780700000, 0x0000000780700000, 0x0000000780800000|  0%| F|  |TAMS 0x0000000780700000, 0x0000000780700000| Untracked 
|   8|0x0000000780800000, 0x0000000780800000, 0x0000000780900000|  0%| F|  |TAMS 0x0000000780800000, 0x0000000780800000| Untracked 
|   9|0x0000000780900000, 0x0000000780900000, 0x0000000780a00000|  0%| F|  |TAMS 0x0000000780900000, 0x0000000780900000| Untracked 
|  10|0x0000000780a00000, 0x0000000780a00000, 0x0000000780b00000|  0%| F|  |TAMS 0x0000000780a00000, 0x0000000780a00000| Untracked 
|  11|0x0000000780b00000, 0x0000000780b00000, 0x0000000780c00000|  0%| F|  |TAMS 0x0000000780b00000, 0x0000000780b00000| Untracked 
|  12|0x0000000780c00000, 0x0000000780c00000, 0x0000000780d00000|  0%| F|  |TAMS 0x0000000780c00000, 0x0000000780c00000| Untracked 
|  13|0x0000000780d00000, 0x0000000780d00000, 0x0000000780e00000|  0%| F|  |TAMS 0x0000000780d00000, 0x0000000780d00000| Untracked 
|  14|0x0000000780e00000, 0x0000000780e00000, 0x0000000780f00000|  0%| F|  |TAMS 0x0000000780e00000, 0x0000000780e00000| Untracked 
|  15|0x0000000780f00000, 0x0000000780f00000, 0x0000000781000000|  0%| F|  |TAMS 0x0000000780f00000, 0x0000000780f00000| Untracked 
|  16|0x0000000781000000, 0x0000000781000000, 0x0000000781100000|  0%| F|  |TAMS 0x0000000781000000, 0x0000000781000000| Untracked 
|  17|0x0000000781100000, 0x0000000781100000, 0x0000000781200000|  0%| F|  |TAMS 0x0000000781100000, 0x0000000781100000| Untracked 
|  18|0x0000000781200000, 0x0000000781200000, 0x0000000781300000|  0%| F|  |TAMS 0x0000000781200000, 0x0000000781200000| Untracked 
|  19|0x0000000781300000, 0x0000000781300000, 0x0000000781400000|  0%| F|  |TAMS 0x0000000781300000, 0x0000000781300000| Untracked 
|  20|0x0000000781400000, 0x0000000781400000, 0x0000000781500000|  0%| F|  |TAMS 0x0000000781400000, 0x0000000781400000| Untracked 
|  21|0x0000000781500000, 0x0000000781500000, 0x0000000781600000|  0%| F|  |TAMS 0x0000000781500000, 0x0000000781500000| Untracked 
|  22|0x0000000781600000, 0x0000000781600000, 0x0000000781700000|  0%| F|  |TAMS 0x0000000781600000, 0x0000000781600000| Untracked 
|  23|0x0000000781700000, 0x0000000781700000, 0x0000000781800000|  0%| F|  |TAMS 0x0000000781700000, 0x0000000781700000| Untracked 
|  24|0x0000000781800000, 0x0000000781800000, 0x0000000781900000|  0%| F|  |TAMS 0x0000000781800000, 0x0000000781800000| Untracked 
|  25|0x0000000781900000, 0x0000000781900000, 0x0000000781a00000|  0%| F|  |TAMS 0x0000000781900000, 0x0000000781900000| Untracked 
|  26|0x0000000781a00000, 0x0000000781a00000, 0x0000000781b00000|  0%| F|  |TAMS 0x0000000781a00000, 0x0000000781a00000| Untracked 
|  27|0x0000000781b00000, 0x0000000781b00000, 0x0000000781c00000|  0%| F|  |TAMS 0x0000000781b00000, 0x0000000781b00000| Untracked 
|  28|0x0000000781c00000, 0x0000000781c00000, 0x0000000781d00000|  0%| F|  |TAMS 0x0000000781c00000, 0x0000000781c00000| Untracked 
|  29|0x0000000781d00000, 0x0000000781d00000, 0x0000000781e00000|  0%| F|  |TAMS 0x0000000781d00000, 0x0000000781d00000| Untracked 
|  30|0x0000000781e00000, 0x0000000781e00000, 0x0000000781f00000|  0%| F|  |TAMS 0x0000000781e00000, 0x0000000781e00000| Untracked 
|  31|0x0000000781f00000, 0x0000000781f00000, 0x0000000782000000|  0%| F|  |TAMS 0x0000000781f00000, 0x0000000781f00000| Untracked 
|  32|0x0000000782000000, 0x0000000782000000, 0x0000000782100000|  0%| F|  |TAMS 0x0000000782000000, 0x0000000782000000| Untracked 
|  33|0x0000000782100000, 0x0000000782100000, 0x0000000782200000|  0%| F|  |TAMS 0x0000000782100000, 0x0000000782100000| Untracked 
|  34|0x0000000782200000, 0x0000000782200000, 0x0000000782300000|  0%| F|  |TAMS 0x0000000782200000, 0x0000000782200000| Untracked 
|  35|0x0000000782300000, 0x0000000782300000, 0x0000000782400000|  0%| F|  |TAMS 0x0000000782300000, 0x0000000782300000| Untracked 
|  36|0x0000000782400000, 0x0000000782400000, 0x0000000782500000|  0%| F|  |TAMS 0x0000000782400000, 0x0000000782400000| Untracked 
|  37|0x0000000782500000, 0x0000000782500000, 0x0000000782600000|  0%| F|  |TAMS 0x0000000782500000, 0x0000000782500000| Untracked 
|  38|0x0000000782600000, 0x0000000782600000, 0x0000000782700000|  0%| F|  |TAMS 0x0000000782600000, 0x0000000782600000| Untracked 
|  39|0x0000000782700000, 0x0000000782700000, 0x0000000782800000|  0%| F|  |TAMS 0x0000000782700000, 0x0000000782700000| Untracked 
|  40|0x0000000782800000, 0x0000000782800000, 0x0000000782900000|  0%| F|  |TAMS 0x0000000782800000, 0x0000000782800000| Untracked 
|  41|0x0000000782900000, 0x0000000782900000, 0x0000000782a00000|  0%| F|  |TAMS 0x0000000782900000, 0x0000000782900000| Untracked 
|  42|0x0000000782a00000, 0x0000000782a00000, 0x0000000782b00000|  0%| F|  |TAMS 0x0000000782a00000, 0x0000000782a00000| Untracked 
|  43|0x0000000782b00000, 0x0000000782b00000, 0x0000000782c00000|  0%| F|  |TAMS 0x0000000782b00000, 0x0000000782b00000| Untracked 
|  44|0x0000000782c00000, 0x0000000782c00000, 0x0000000782d00000|  0%| F|  |TAMS 0x0000000782c00000, 0x0000000782c00000| Untracked 
|  45|0x0000000782d00000, 0x0000000782d00000, 0x0000000782e00000|  0%| F|  |TAMS 0x0000000782d00000, 0x0000000782d00000| Untracked 
|  46|0x0000000782e00000, 0x0000000782e00000, 0x0000000782f00000|  0%| F|  |TAMS 0x0000000782e00000, 0x0000000782e00000| Untracked 
|  47|0x0000000782f00000, 0x0000000782f00000, 0x0000000783000000|  0%| F|  |TAMS 0x0000000782f00000, 0x0000000782f00000| Untracked 
|  48|0x0000000783000000, 0x0000000783000000, 0x0000000783100000|  0%| F|  |TAMS 0x0000000783000000, 0x0000000783000000| Untracked 
|  49|0x0000000783100000, 0x0000000783100000, 0x0000000783200000|  0%| F|  |TAMS 0x0000000783100000, 0x0000000783100000| Untracked 
|  50|0x0000000783200000, 0x0000000783200000, 0x0000000783300000|  0%| F|  |TAMS 0x0000000783200000, 0x0000000783200000| Untracked 
|  51|0x0000000783300000, 0x0000000783300000, 0x0000000783400000|  0%| F|  |TAMS 0x0000000783300000, 0x0000000783300000| Untracked 
|  52|0x0000000783400000, 0x0000000783400000, 0x0000000783500000|  0%| F|  |TAMS 0x0000000783400000, 0x0000000783400000| Untracked 
|  53|0x0000000783500000, 0x0000000783500000, 0x0000000783600000|  0%| F|  |TAMS 0x0000000783500000, 0x0000000783500000| Untracked 
|  54|0x0000000783600000, 0x0000000783600000, 0x0000000783700000|  0%| F|  |TAMS 0x0000000783600000, 0x0000000783600000| Untracked 
|  55|0x0000000783700000, 0x0000000783700000, 0x0000000783800000|  0%| F|  |TAMS 0x0000000783700000, 0x0000000783700000| Untracked 
|  56|0x0000000783800000, 0x0000000783800000, 0x0000000783900000|  0%| F|  |TAMS 0x0000000783800000, 0x0000000783800000| Untracked 
|  57|0x0000000783900000, 0x0000000783900000, 0x0000000783a00000|  0%| F|  |TAMS 0x0000000783900000, 0x0000000783900000| Untracked 
|  58|0x0000000783a00000, 0x0000000783a00000, 0x0000000783b00000|  0%| F|  |TAMS 0x0000000783a00000, 0x0000000783a00000| Untracked 
|  59|0x0000000783b00000, 0x0000000783b00000, 0x0000000783c00000|  0%| F|  |TAMS 0x0000000783b00000, 0x0000000783b00000| Untracked 
|  60|0x0000000783c00000, 0x0000000783c00000, 0x0000000783d00000|  0%| F|  |TAMS 0x0000000783c00000, 0x0000000783c00000| Untracked 
|  61|0x0000000783d00000, 0x0000000783d00000, 0x0000000783e00000|  0%| F|  |TAMS 0x0000000783d00000, 0x0000000783d00000| Untracked 
|  62|0x0000000783e00000, 0x0000000783e00000, 0x0000000783f00000|  0%| F|  |TAMS 0x0000000783e00000, 0x0000000783e00000| Untracked 
|  63|0x0000000783f00000, 0x0000000783f00000, 0x0000000784000000|  0%| F|  |TAMS 0x0000000783f00000, 0x0000000783f00000| Untracked 
|  64|0x0000000784000000, 0x0000000784000000, 0x0000000784100000|  0%| F|  |TAMS 0x0000000784000000, 0x0000000784000000| Untracked 
|  65|0x0000000784100000, 0x0000000784100000, 0x0000000784200000|  0%| F|  |TAMS 0x0000000784100000, 0x0000000784100000| Untracked 
|  66|0x0000000784200000, 0x0000000784200000, 0x0000000784300000|  0%| F|  |TAMS 0x0000000784200000, 0x0000000784200000| Untracked 
|  67|0x0000000784300000, 0x0000000784300000, 0x0000000784400000|  0%| F|  |TAMS 0x0000000784300000, 0x0000000784300000| Untracked 
|  68|0x0000000784400000, 0x0000000784400000, 0x0000000784500000|  0%| F|  |TAMS 0x0000000784400000, 0x0000000784400000| Untracked 
|  69|0x0000000784500000, 0x0000000784500000, 0x0000000784600000|  0%| F|  |TAMS 0x0000000784500000, 0x0000000784500000| Untracked 
|  70|0x0000000784600000, 0x0000000784600000, 0x0000000784700000|  0%| F|  |TAMS 0x0000000784600000, 0x0000000784600000| Untracked 
|  71|0x0000000784700000, 0x0000000784700000, 0x0000000784800000|  0%| F|  |TAMS 0x0000000784700000, 0x0000000784700000| Untracked 
|  72|0x0000000784800000, 0x0000000784800000, 0x0000000784900000|  0%| F|  |TAMS 0x0000000784800000, 0x0000000784800000| Untracked 
|  73|0x0000000784900000, 0x0000000784900000, 0x0000000784a00000|  0%| F|  |TAMS 0x0000000784900000, 0x0000000784900000| Untracked 
|  74|0x0000000784a00000, 0x0000000784a00000, 0x0000000784b00000|  0%| F|  |TAMS 0x0000000784a00000, 0x0000000784a00000| Untracked 
|  75|0x0000000784b00000, 0x0000000784b00000, 0x0000000784c00000|  0%| F|  |TAMS 0x0000000784b00000, 0x0000000784b00000| Untracked 
|  76|0x0000000784c00000, 0x0000000784c00000, 0x0000000784d00000|  0%| F|  |TAMS 0x0000000784c00000, 0x0000000784c00000| Untracked 
|  77|0x0000000784d00000, 0x0000000784d00000, 0x0000000784e00000|  0%| F|  |TAMS 0x0000000784d00000, 0x0000000784d00000| Untracked 
|  78|0x0000000784e00000, 0x0000000784e00000, 0x0000000784f00000|  0%| F|  |TAMS 0x0000000784e00000, 0x0000000784e00000| Untracked 
|  79|0x0000000784f00000, 0x0000000784f00000, 0x0000000785000000|  0%| F|  |TAMS 0x0000000784f00000, 0x0000000784f00000| Untracked 
|  80|0x0000000785000000, 0x0000000785000000, 0x0000000785100000|  0%| F|  |TAMS 0x0000000785000000, 0x0000000785000000| Untracked 
|  81|0x0000000785100000, 0x0000000785100000, 0x0000000785200000|  0%| F|  |TAMS 0x0000000785100000, 0x0000000785100000| Untracked 
|  82|0x0000000785200000, 0x0000000785200000, 0x0000000785300000|  0%| F|  |TAMS 0x0000000785200000, 0x0000000785200000| Untracked 
|  83|0x0000000785300000, 0x0000000785300000, 0x0000000785400000|  0%| F|  |TAMS 0x0000000785300000, 0x0000000785300000| Untracked 
|  84|0x0000000785400000, 0x0000000785400000, 0x0000000785500000|  0%| F|  |TAMS 0x0000000785400000, 0x0000000785400000| Untracked 
|  85|0x0000000785500000, 0x0000000785500000, 0x0000000785600000|  0%| F|  |TAMS 0x0000000785500000, 0x0000000785500000| Untracked 
|  86|0x0000000785600000, 0x0000000785600000, 0x0000000785700000|  0%| F|  |TAMS 0x0000000785600000, 0x0000000785600000| Untracked 
|  87|0x0000000785700000, 0x0000000785700000, 0x0000000785800000|  0%| F|  |TAMS 0x0000000785700000, 0x0000000785700000| Untracked 
|  88|0x0000000785800000, 0x0000000785800000, 0x0000000785900000|  0%| F|  |TAMS 0x0000000785800000, 0x0000000785800000| Untracked 
|  89|0x0000000785900000, 0x0000000785900000, 0x0000000785a00000|  0%| F|  |TAMS 0x0000000785900000, 0x0000000785900000| Untracked 
|  90|0x0000000785a00000, 0x0000000785a00000, 0x0000000785b00000|  0%| F|  |TAMS 0x0000000785a00000, 0x0000000785a00000| Untracked 
|  91|0x0000000785b00000, 0x0000000785b00000, 0x0000000785c00000|  0%| F|  |TAMS 0x0000000785b00000, 0x0000000785b00000| Untracked 
|  92|0x0000000785c00000, 0x0000000785c00000, 0x0000000785d00000|  0%| F|  |TAMS 0x0000000785c00000, 0x0000000785c00000| Untracked 
|  93|0x0000000785d00000, 0x0000000785d00000, 0x0000000785e00000|  0%| F|  |TAMS 0x0000000785d00000, 0x0000000785d00000| Untracked 
|  94|0x0000000785e00000, 0x0000000785e00000, 0x0000000785f00000|  0%| F|  |TAMS 0x0000000785e00000, 0x0000000785e00000| Untracked 
|  95|0x0000000785f00000, 0x0000000785f00000, 0x0000000786000000|  0%| F|  |TAMS 0x0000000785f00000, 0x0000000785f00000| Untracked 
|  96|0x0000000786000000, 0x0000000786000000, 0x0000000786100000|  0%| F|  |TAMS 0x0000000786000000, 0x0000000786000000| Untracked 
|  97|0x0000000786100000, 0x0000000786100000, 0x0000000786200000|  0%| F|  |TAMS 0x0000000786100000, 0x0000000786100000| Untracked 
|  98|0x0000000786200000, 0x0000000786200000, 0x0000000786300000|  0%| F|  |TAMS 0x0000000786200000, 0x0000000786200000| Untracked 
|  99|0x0000000786300000, 0x0000000786300000, 0x0000000786400000|  0%| F|  |TAMS 0x0000000786300000, 0x0000000786300000| Untracked 
| 100|0x0000000786400000, 0x0000000786400000, 0x0000000786500000|  0%| F|  |TAMS 0x0000000786400000, 0x0000000786400000| Untracked 
| 101|0x0000000786500000, 0x0000000786500000, 0x0000000786600000|  0%| F|  |TAMS 0x0000000786500000, 0x0000000786500000| Untracked 
| 102|0x0000000786600000, 0x0000000786600000, 0x0000000786700000|  0%| F|  |TAMS 0x0000000786600000, 0x0000000786600000| Untracked 
| 103|0x0000000786700000, 0x0000000786700000, 0x0000000786800000|  0%| F|  |TAMS 0x0000000786700000, 0x0000000786700000| Untracked 
| 104|0x0000000786800000, 0x0000000786800000, 0x0000000786900000|  0%| F|  |TAMS 0x0000000786800000, 0x0000000786800000| Untracked 
| 105|0x0000000786900000, 0x0000000786900000, 0x0000000786a00000|  0%| F|  |TAMS 0x0000000786900000, 0x0000000786900000| Untracked 
| 106|0x0000000786a00000, 0x0000000786a00000, 0x0000000786b00000|  0%| F|  |TAMS 0x0000000786a00000, 0x0000000786a00000| Untracked 
| 107|0x0000000786b00000, 0x0000000786b00000, 0x0000000786c00000|  0%| F|  |TAMS 0x0000000786b00000, 0x0000000786b00000| Untracked 
| 108|0x0000000786c00000, 0x0000000786c00000, 0x0000000786d00000|  0%| F|  |TAMS 0x0000000786c00000, 0x0000000786c00000| Untracked 
| 109|0x0000000786d00000, 0x0000000786d00000, 0x0000000786e00000|  0%| F|  |TAMS 0x0000000786d00000, 0x0000000786d00000| Untracked 
| 110|0x0000000786e00000, 0x0000000786e00000, 0x0000000786f00000|  0%| F|  |TAMS 0x0000000786e00000, 0x0000000786e00000| Untracked 
| 111|0x0000000786f00000, 0x0000000786f00000, 0x0000000787000000|  0%| F|  |TAMS 0x0000000786f00000, 0x0000000786f00000| Untracked 
| 112|0x0000000787000000, 0x0000000787100000, 0x0000000787100000|100%| S|CS|TAMS 0x0000000787000000, 0x0000000787000000| Complete 
| 113|0x0000000787100000, 0x0000000787200000, 0x0000000787200000|100%| S|CS|TAMS 0x0000000787100000, 0x0000000787100000| Complete 
| 114|0x0000000787200000, 0x0000000787200000, 0x0000000787300000|  0%| F|  |TAMS 0x0000000787200000, 0x0000000787200000| Untracked 
| 115|0x0000000787300000, 0x0000000787300000, 0x0000000787400000|  0%| F|  |TAMS 0x0000000787300000, 0x0000000787300000| Untracked 
| 116|0x0000000787400000, 0x0000000787400000, 0x0000000787500000|  0%| F|  |TAMS 0x0000000787400000, 0x0000000787400000| Untracked 
| 117|0x0000000787500000, 0x0000000787500000, 0x0000000787600000|  0%| F|  |TAMS 0x0000000787500000, 0x0000000787500000| Untracked 
| 118|0x0000000787600000, 0x0000000787600000, 0x0000000787700000|  0%| F|  |TAMS 0x0000000787600000, 0x0000000787600000| Untracked 
| 119|0x0000000787700000, 0x0000000787700000, 0x0000000787800000|  0%| F|  |TAMS 0x0000000787700000, 0x0000000787700000| Untracked 
| 120|0x0000000787800000, 0x0000000787800000, 0x0000000787900000|  0%| F|  |TAMS 0x0000000787800000, 0x0000000787800000| Untracked 
| 121|0x0000000787900000, 0x0000000787900000, 0x0000000787a00000|  0%| F|  |TAMS 0x0000000787900000, 0x0000000787900000| Untracked 
| 122|0x0000000787a00000, 0x0000000787a80800, 0x0000000787b00000| 50%| E|  |TAMS 0x0000000787a00000, 0x0000000787a00000| Complete 
| 123|0x0000000787b00000, 0x0000000787c00000, 0x0000000787c00000|100%| E|CS|TAMS 0x0000000787b00000, 0x0000000787b00000| Complete 
| 124|0x0000000787c00000, 0x0000000787d00000, 0x0000000787d00000|100%| E|CS|TAMS 0x0000000787c00000, 0x0000000787c00000| Complete 
| 125|0x0000000787d00000, 0x0000000787e00000, 0x0000000787e00000|100%| E|CS|TAMS 0x0000000787d00000, 0x0000000787d00000| Complete 
| 126|0x0000000787e00000, 0x0000000787f00000, 0x0000000787f00000|100%| E|CS|TAMS 0x0000000787e00000, 0x0000000787e00000| Complete 
| 127|0x0000000787f00000, 0x0000000788000000, 0x0000000788000000|100%| E|CS|TAMS 0x0000000787f00000, 0x0000000787f00000| Complete 

Card table byte_map: [0x0000000107278000,0x0000000107678000] _byte_map_base: 0x0000000103678000

Marking Bits (Prev, Next): (CMBitMap*) 0x00007ff60c042418, (CMBitMap*) 0x00007ff60c042450
 Prev Bits: [0x0000000107a78000, 0x0000000109a78000)
 Next Bits: [0x0000000109a78000, 0x000000010ba78000)

Polling page: 0x00000001015fb000

Metaspace:

Usage:
  Non-class:     11.14 MB capacity,    10.98 MB ( 99%) used,   144.37 KB (  1%) free+waste,    16.38 KB ( <1%) overhead. 
      Class:      1.06 MB capacity,  1012.80 KB ( 93%) used,    69.38 KB (  6%) free+waste,     6.81 KB ( <1%) overhead. 
       Both:     12.21 MB capacity,    11.97 MB ( 98%) used,   213.75 KB (  2%) free+waste,    23.19 KB ( <1%) overhead. 

Virtual space:
  Non-class space:       12.00 MB reserved,      11.50 MB ( 96%) committed 
      Class space:        1.00 GB reserved,       1.12 MB ( <1%) committed 
             Both:        1.01 GB reserved,      12.62 MB (  1%) committed 

Chunk freelists:
   Non-Class:  243.00 KB
       Class:  31.00 KB
        Both:  274.00 KB

MaxMetaspaceSize: unlimited
CompressedClassSpaceSize: 1.00 GB
Initial GC threshold: 20.80 MB
Current GC threshold: 20.80 MB
CDS: off

CodeHeap 'non-profiled nmethods': size=120032Kb used=490Kb max_used=490Kb free=119541Kb
 bounds [0x00000307e0a52000, 0x00000307e0cc2000, 0x00000307e7f8a000]
CodeHeap 'profiled nmethods': size=120032Kb used=2794Kb max_used=2794Kb free=117237Kb
 bounds [0x00000307d951a000, 0x00000307d97da000, 0x00000307e0a52000]
CodeHeap 'non-nmethods': size=5696Kb used=1269Kb max_used=1294Kb free=4426Kb
 bounds [0x00000307d8f8a000, 0x00000307d91fa000, 0x00000307d951a000]
 total_blobs=2008 nmethods=1450 adapters=472
 compilation: enabled
              stopped_count=0, restarted_count=0
 full_count=0

Compilation events (20 events):
Event: 10.915 Thread 0x00007ff60d05b800 1452       3       com.badlogic.gdx.backends.lwjgl.DefaultLwjglInput::updateMouse (321 bytes)
Event: 10.918 Thread 0x00007ff60d05b800 nmethod 1452 0x00000307d97cb910 code [0x00000307d97cbda0, 0x00000307d97ce298]
Event: 10.918 Thread 0x00007ff60d05b800 1456   !   3       com.badlogic.gdx.InputEventQueue::drain (379 bytes)
Event: 10.920 Thread 0x00007ff60d05b800 nmethod 1456 0x00000307d97cec90 code [0x00000307d97cef80, 0x00000307d97d05b8]
Event: 10.920 Thread 0x00007ff60d05b800 1451       3       com.badlogic.gdx.backends.lwjgl.DefaultLwjglInput::updateTime (24 bytes)
Event: 10.920 Thread 0x00007ff60d05b800 nmethod 1451 0x00000307d97d0e90 code [0x00000307d97d1060, 0x00000307d97d11b8]
Event: 10.920 Thread 0x00007ff60d05b800 1454   !   3       com.badlogic.gdx.backends.lwjgl.LwjglGraphics::shouldRender (44 bytes)
Event: 10.921 Thread 0x00007ff60d05b800 nmethod 1454 0x00000307d97d1290 code [0x00000307d97d1460, 0x00000307d97d1828]
Event: 10.921 Thread 0x00007ff60d05b800 1455       3       com.badlogic.gdx.backends.lwjgl.DefaultLwjglInput::processEvents (12 bytes)
Event: 10.921 Thread 0x00007ff60d05b800 nmethod 1455 0x00000307d97d1910 code [0x00000307d97d1ac0, 0x00000307d97d1c08]
Event: 10.921 Thread 0x00007ff60d05b800 1457       3       com.badlogic.gdx.utils.IntArray::addAll (14 bytes)
Event: 10.921 Thread 0x00007ff60d05b800 nmethod 1457 0x00000307d97d1d10 code [0x00000307d97d1ec0, 0x00000307d97d2028]
Event: 10.921 Thread 0x00007ff60d05b800 1458       3       com.badlogic.gdx.utils.IntArray::addAll (70 bytes)
Event: 10.922 Thread 0x00007ff60d05b800 nmethod 1458 0x00000307d97d2110 code [0x00000307d97d2340, 0x00000307d97d2a78]
Event: 10.922 Thread 0x00007ff60d05b800 1459       3       com.mygdx.game.WeakEnemyEntity::operate (59 bytes)
Event: 10.922 Thread 0x00007ff60d05b800 nmethod 1459 0x00000307d97d2c90 code [0x00000307d97d2e80, 0x00000307d97d31a8]
Event: 10.946 Thread 0x00007ff60d05b800 1460       3       java.util.jar.JavaUtilJarAccessImpl::getTrustedAttributes (6 bytes)
Event: 10.946 Thread 0x00007ff60d05b800 nmethod 1460 0x00000307d97d3310 code [0x00000307d97d34c0, 0x00000307d97d3608]
Event: 10.946 Thread 0x00007ff60d05b800 1461       3       java.util.jar.Manifest::getTrustedAttributes (57 bytes)
Event: 10.948 Thread 0x00007ff60d05b800 nmethod 1461 0x00000307d97d3710 code [0x00000307d97d39c0, 0x00000307d97d4558]

GC Heap History (2 events):
Event: 1.952 GC heap before
{Heap before GC invocations=0 (full 0):
 garbage-first heap   total 131072K, used 13312K [0x0000000780000000, 0x0000000800000000)
  region size 1024K, 14 young (14336K), 0 survivors (0K)
 Metaspace       used 11457K, capacity 11602K, committed 12160K, reserved 1060864K
  class space    used 967K, capacity 1025K, committed 1152K, reserved 1048576K
}
Event: 1.981 GC heap after
{Heap after GC invocations=1 (full 0):
 garbage-first heap   total 131072K, used 2920K [0x0000000780000000, 0x0000000800000000)
  region size 1024K, 2 young (2048K), 2 survivors (2048K)
 Metaspace       used 11457K, capacity 11602K, committed 12160K, reserved 1060864K
  class space    used 967K, capacity 1025K, committed 1152K, reserved 1048576K
}

Deoptimization events (20 events):
Event: 1.181 Thread 0x00007ff60d216800 DEOPT PACKING pc=0x00000307d9543d4f sp=0x0000700005628ba0
Event: 1.181 Thread 0x00007ff60d216800 DEOPT UNPACKING pc=0x00000307d8fd4652 sp=0x0000700005628048 mode 0
Event: 1.750 Thread 0x00007ff60d216800 Uncommon trap: trap_request=0xffffff4d fr.pc=0x00000307e0a89b3c relative=0x000000000000047c
Event: 1.750 Thread 0x00007ff60d216800 Uncommon trap: reason=unstable_if action=reinterpret pc=0x00000307e0a89b3c method=java.lang.StringLatin1.replace([BCC)Ljava/lang/String; @ 19 c2
Event: 1.750 Thread 0x00007ff60d216800 DEOPT PACKING pc=0x00000307e0a89b3c sp=0x000070000562a5c0
Event: 1.750 Thread 0x00007ff60d216800 DEOPT UNPACKING pc=0x00000307d8fd3ead sp=0x000070000562a550 mode 2
Event: 2.776 Thread 0x00007ff60d216800 DEOPT PACKING pc=0x00000307d96d8e17 sp=0x000070000562a640
Event: 2.776 Thread 0x00007ff60d216800 DEOPT UNPACKING pc=0x00000307d8fd4652 sp=0x0000700005629a78 mode 0
Event: 2.778 Thread 0x00007ff60d216800 DEOPT PACKING pc=0x00000307d96d8e17 sp=0x000070000562a640
Event: 2.778 Thread 0x00007ff60d216800 DEOPT UNPACKING pc=0x00000307d8fd4652 sp=0x0000700005629a78 mode 0
Event: 2.791 Thread 0x00007ff60d216800 DEOPT PACKING pc=0x00000307d96d8e17 sp=0x000070000562a640
Event: 2.791 Thread 0x00007ff60d216800 DEOPT UNPACKING pc=0x00000307d8fd4652 sp=0x0000700005629a78 mode 0
Event: 2.808 Thread 0x00007ff60d216800 DEOPT PACKING pc=0x00000307d96d8e17 sp=0x000070000562a640
Event: 2.808 Thread 0x00007ff60d216800 DEOPT UNPACKING pc=0x00000307d8fd4652 sp=0x0000700005629a78 mode 0
Event: 2.810 Thread 0x00007ff60d216800 DEOPT PACKING pc=0x00000307d96d8e17 sp=0x000070000562a640
Event: 2.810 Thread 0x00007ff60d216800 DEOPT UNPACKING pc=0x00000307d8fd4652 sp=0x0000700005629a78 mode 0
Event: 2.825 Thread 0x00007ff60d216800 DEOPT PACKING pc=0x00000307d96d8e17 sp=0x000070000562a640
Event: 2.825 Thread 0x00007ff60d216800 DEOPT UNPACKING pc=0x00000307d8fd4652 sp=0x0000700005629a78 mode 0
Event: 2.826 Thread 0x00007ff60d216800 DEOPT PACKING pc=0x00000307d96d8e17 sp=0x000070000562a640
Event: 2.826 Thread 0x00007ff60d216800 DEOPT UNPACKING pc=0x00000307d8fd4652 sp=0x0000700005629a78 mode 0

Classes redefined (0 events):
No events

Internal exceptions (17 events):
Event: 0.521 Thread 0x00007ff60c01c000 Exception <a 'java/lang/ClassNotFoundException'{0x0000000787cb3c98}: sun/awt/resources/spi/awtProvider> (0x0000000787cb3c98) thrown at [src/hotspot/share/classfile/systemDictionary.cpp, line 231]
Event: 0.607 Thread 0x00007ff60c01c000 Exception <a 'java/io/FileNotFoundException'{0x0000000787b46230}> (0x0000000787b46230) thrown at [src/hotspot/share/prims/jni.cpp, line 616]
Event: 0.632 Thread 0x00007ff60c01c000 Exception <a 'java/lang/NoSuchMethodError'{0x0000000787ba1538}: 'java.lang.Object java.lang.invoke.DirectMethodHandle$Holder.invokeStatic(java.lang.Object, java.lang.Object, java.lang.Object, java.lang.Object, java.lang.Object, java.lang.Object, java.lang.Object, java.lang.Object, java.lang.Object, java.lang.Object, java.lang.Object, java.lang.Object, java.lang.Object, java.lang.Object, java.lang.Object)'> (0x0000000787ba1538) thrown at [src/hotspot/share/interpreter/linkResolver.cpp, line 773]
Event: 0.638 Thread 0x00007ff60c01c000 Exception <a 'java/lang/NoSuchMethodError'{0x0000000787baf2a8}: 'java.lang.Object java.lang.invoke.DirectMethodHandle$Holder.invokeStatic(java.lang.Object, java.lang.Object, java.lang.Object, java.lang.Object, java.lang.Object, java.lang.Object, java.lang.Object, java.lang.Object, java.lang.Object, java.lang.Object, java.lang.Object, java.lang.Object, java.lang.Object, java.lang.Object, java.lang.Object, java.lang.Object)'> (0x0000000787baf2a8) thrown at [src/hotspot/share/interpreter/linkResolver.cpp, lin
Event: 0.640 Thread 0x00007ff60c01c000 Exception <a 'java/lang/NoSuchMethodError'{0x0000000787bbcf48}: 'java.lang.Object java.lang.invoke.DirectMethodHandle$Holder.invokeSpecial(java.lang.Object, java.lang.Object, int, int, java.lang.Object, java.lang.Object, java.lang.Object)'> (0x0000000787bbcf48) thrown at [src/hotspot/share/interpreter/linkResolver.cpp, line 773]
Event: 0.641 Thread 0x00007ff60c01c000 Exception <a 'java/lang/NoSuchMethodError'{0x0000000787bc04d8}: 'java.lang.Object java.lang.invoke.DelegatingMethodHandle$Holder.reinvoke_L(java.lang.Object, int, int, java.lang.Object, java.lang.Object, java.lang.Object)'> (0x0000000787bc04d8) thrown at [src/hotspot/share/interpreter/linkResolver.cpp, line 773]
Event: 0.642 Thread 0x00007ff60c01c000 Exception <a 'java/lang/NoSuchMethodError'{0x0000000787bc4860}: 'java.lang.Object java.lang.invoke.DirectMethodHandle$Holder.invokeStatic(java.lang.Object, java.lang.Object, java.lang.Object, java.lang.Object, int)'> (0x0000000787bc4860) thrown at [src/hotspot/share/interpreter/linkResolver.cpp, line 773]
Event: 0.659 Thread 0x00007ff60c01c000 Exception <a 'java/io/FileNotFoundException'{0x0000000787a27ca8}> (0x0000000787a27ca8) thrown at [src/hotspot/share/prims/jni.cpp, line 616]
Event: 0.669 Thread 0x00007ff60c01c000 Exception <a 'java/lang/ClassNotFoundException'{0x0000000787a2c7b0}: sun/awt/resources/spi/awtosxProvider> (0x0000000787a2c7b0) thrown at [src/hotspot/share/classfile/systemDictionary.cpp, line 231]
Event: 0.708 Thread 0x00007ff60c01c000 Exception <a 'java/lang/NoSuchMethodError'{0x0000000787a73108}: 'java.lang.Object java.lang.invoke.DirectMethodHandle$Holder.invokeStatic(java.lang.Object, java.lang.Object, java.lang.Object, java.lang.Object, java.lang.Object, java.lang.Object, java.lang.Object, java.lang.Object, int)'> (0x0000000787a73108) thrown at [src/hotspot/share/interpreter/linkResolver.cpp, line 773]
Event: 0.712 Thread 0x00007ff60c01c000 Exception <a 'java/lang/NoSuchMethodError'{0x0000000787a8d4e8}: 'java.lang.Object java.lang.invoke.DirectMethodHandle$Holder.invokeStatic(java.lang.Object, java.lang.Object, java.lang.Object, java.lang.Object, java.lang.Object, java.lang.Object, java.lang.Object, java.lang.Object, int, int)'> (0x0000000787a8d4e8) thrown at [src/hotspot/share/interpreter/linkResolver.cpp, line 773]
Event: 0.927 Thread 0x00007ff60c01c000 Exception <a 'java/security/PrivilegedActionException'{0x0000000787aa1e10}> (0x0000000787aa1e10) thrown at [src/hotspot/share/prims/jvm.cpp, line 1306]
Event: 0.928 Thread 0x00007ff60c01c000 Exception <a 'java/security/PrivilegedActionException'{0x0000000787aa45c0}> (0x0000000787aa45c0) thrown at [src/hotspot/share/prims/jvm.cpp, line 1306]
Event: 0.928 Thread 0x00007ff60c01c000 Exception <a 'java/security/PrivilegedActionException'{0x0000000787aa5578}> (0x0000000787aa5578) thrown at [src/hotspot/share/prims/jvm.cpp, line 1306]
Event: 0.930 Thread 0x00007ff60c01c000 Exception <a 'java/security/PrivilegedActionException'{0x0000000787ab5220}> (0x0000000787ab5220) thrown at [src/hotspot/share/prims/jvm.cpp, line 1306]
Event: 0.931 Thread 0x00007ff60c01c000 Exception <a 'java/security/PrivilegedActionException'{0x0000000787ab5de0}> (0x0000000787ab5de0) thrown at [src/hotspot/share/prims/jvm.cpp, line 1306]
Event: 0.931 Thread 0x00007ff60c01c000 Exception <a 'java/security/PrivilegedActionException'{0x0000000787ab6960}> (0x0000000787ab6960) thrown at [src/hotspot/share/prims/jvm.cpp, line 1306]

Events (20 events):
Event: 3.375 loading class com/mygdx/game/Player$2
Event: 3.375 loading class com/mygdx/game/Player$2 done
Event: 3.476 Loaded shared library /Applications/IntelliJ IDEA CE.app/Contents/jbr/Contents/Home/lib/server/libjvm.dylib
Event: 3.543 Loaded shared library /private/var/folders/6d/c05m1cpd2gg0_vssvks1l4z40000gq/T/libgdxkid/f7649394/liblwjgl.dylib
Event: 3.546 Loaded shared library /private/var/folders/6d/c05m1cpd2gg0_vssvks1l4z40000gq/T/libgdxkid/f7649394/liblwjgl.dylib
Event: 3.643 Loaded shared library /private/var/folders/6d/c05m1cpd2gg0_vssvks1l4z40000gq/T/libgdxkid/f7649394/liblwjgl.dylib
Event: 3.877 Loaded shared library /Applications/IntelliJ IDEA CE.app/Contents/jbr/Contents/Home/lib/server/libjvm.dylib
Event: 3.962 Loaded shared library /private/var/folders/6d/c05m1cpd2gg0_vssvks1l4z40000gq/T/libgdxkid/f7649394/liblwjgl.dylib
Event: 3.964 Loaded shared library /private/var/folders/6d/c05m1cpd2gg0_vssvks1l4z40000gq/T/libgdxkid/f7649394/liblwjgl.dylib
Event: 4.615 Loaded shared library /private/var/folders/6d/c05m1cpd2gg0_vssvks1l4z40000gq/T/libgdxkid/f7649394/liblwjgl.dylib
Event: 4.618 Loaded shared library /private/var/folders/6d/c05m1cpd2gg0_vssvks1l4z40000gq/T/libgdxkid/f7649394/liblwjgl.dylib
Event: 6.587 Loaded shared library /private/var/folders/6d/c05m1cpd2gg0_vssvks1l4z40000gq/T/libgdxkid/f7649394/liblwjgl.dylib
Event: 6.601 Loaded shared library /private/var/folders/6d/c05m1cpd2gg0_vssvks1l4z40000gq/T/libgdxkid/f7649394/liblwjgl.dylib
Event: 10.854 Executing VM operation: RevokeBias
Event: 10.854 Executing VM operation: RevokeBias done
Event: 10.881 Loaded shared library /private/var/folders/6d/c05m1cpd2gg0_vssvks1l4z40000gq/T/libgdxkid/ccbdf3b/libgdx64.dylib
Event: 10.896 Loaded shared library /private/var/folders/6d/c05m1cpd2gg0_vssvks1l4z40000gq/T/libgdxkid/f7649394/liblwjgl.dylib
Event: 10.901 Loaded shared library /private/var/folders/6d/c05m1cpd2gg0_vssvks1l4z40000gq/T/libgdxkid/f7649394/liblwjgl.dylib
Event: 10.945 loading class com/badlogic/gdx/backends/lwjgl/LwjglApplication$2
Event: 10.945 loading class com/badlogic/gdx/backends/lwjgl/LwjglApplication$2 done


Dynamic libraries:
0x00007fff442e5000 	/System/Library/Frameworks/Cocoa.framework/Versions/A/Cocoa
0x00007fff5091e000 	/System/Library/Frameworks/Security.framework/Versions/A/Security
0x00007fff42f23000 	/System/Library/Frameworks/ApplicationServices.framework/Versions/A/ApplicationServices
0x00007fff6c85f000 	/usr/lib/libz.1.dylib
0x00000001015b0000 	/Applications/IntelliJ IDEA CE.app/Contents/jbr/Contents/Home/lib/jli/libjli.dylib
0x00007fff6a78c000 	/usr/lib/libSystem.B.dylib
0x00007fff42073000 	/System/Library/Frameworks/AppKit.framework/Versions/C/AppKit
0x00007fff4465d000 	/System/Library/Frameworks/CoreData.framework/Versions/A/CoreData
0x00007fff46bfc000 	/System/Library/Frameworks/Foundation.framework/Versions/C/Foundation
0x00007fff6403f000 	/System/Library/PrivateFrameworks/RemoteViewServices.framework/Versions/A/RemoteViewServices
0x00007fff687bd000 	/System/Library/PrivateFrameworks/UIFoundation.framework/Versions/A/UIFoundation
0x00007fff58e37000 	/System/Library/PrivateFrameworks/DFRFoundation.framework/Versions/A/DFRFoundation
0x00007fff4927d000 	/System/Library/Frameworks/Metal.framework/Versions/A/Metal
0x00007fff58fd4000 	/System/Library/PrivateFrameworks/DesktopServicesPriv.framework/Versions/A/DesktopServicesPriv
0x00007fff6b392000 	/usr/lib/libenergytrace.dylib
0x00007fff66827000 	/System/Library/PrivateFrameworks/SkyLight.framework/Versions/A/SkyLight
0x00007fff44f3d000 	/System/Library/Frameworks/CoreGraphics.framework/Versions/A/CoreGraphics
0x00007fff6a787000 	/usr/lib/libScreenReader.dylib
0x00007fff4100d000 	/System/Library/Frameworks/Accelerate.framework/Versions/A/Accelerate
0x00007fff47377000 	/System/Library/Frameworks/IOSurface.framework/Versions/A/IOSurface
0x00007fff4346e000 	/System/Library/Frameworks/AudioToolbox.framework/Versions/A/AudioToolbox
0x00007fff436fe000 	/System/Library/Frameworks/AudioUnit.framework/Versions/A/AudioUnit
0x00007fff58ecf000 	/System/Library/PrivateFrameworks/DataDetectorsCore.framework/Versions/A/DataDetectorsCore
0x00007fff43dd8000 	/System/Library/Frameworks/Carbon.framework/Versions/A/Frameworks/HIToolbox.framework/Versions/A/HIToolbox
0x00007fff6b4ec000 	/usr/lib/libicucore.A.dylib
0x00007fff4fe9a000 	/System/Library/Frameworks/QuartzCore.framework/Versions/A/QuartzCore
0x00007fff65ac8000 	/System/Library/PrivateFrameworks/SignpostNotification.framework/Versions/A/SignpostNotification
0x00007fff441be000 	/System/Library/Frameworks/Carbon.framework/Versions/A/Frameworks/SpeechRecognition.framework/Versions/A/SpeechRecognition
0x00007fff6a8e8000 	/usr/lib/libauto.dylib
0x00007fff6c74e000 	/usr/lib/libxml2.2.dylib
0x00007fff58a87000 	/System/Library/PrivateFrameworks/CoreUI.framework/Versions/A/CoreUI
0x00007fff44539000 	/System/Library/Frameworks/CoreAudio.framework/Versions/A/CoreAudio
0x00007fff46a36000 	/System/Library/Frameworks/DiskArbitration.framework/Versions/A/DiskArbitration
0x00007fff6b760000 	/usr/lib/liblangid.dylib
0x00007fff60543000 	/System/Library/PrivateFrameworks/MultitouchSupport.framework/Versions/A/MultitouchSupport
0x00007fff472da000 	/System/Library/Frameworks/IOKit.framework/Versions/A/IOKit
0x00007fff6a416000 	/usr/lib/libDiagnosticMessagesClient.dylib
0x00007fff45c13000 	/System/Library/Frameworks/CoreServices.framework/Versions/A/CoreServices
0x00007fff6207b000 	/System/Library/PrivateFrameworks/PerformanceAnalysis.framework/Versions/A/PerformanceAnalysis
0x00007fff4f037000 	/System/Library/Frameworks/OpenGL.framework/Versions/A/OpenGL
0x00007fff6be45000 	/usr/lib/libobjc.A.dylib
0x00007fff442f3000 	/System/Library/Frameworks/ColorSync.framework/Versions/A/ColorSync
0x00007fff44a98000 	/System/Library/Frameworks/CoreFoundation.framework/Versions/A/CoreFoundation
0x00007fff4554f000 	/System/Library/Frameworks/CoreImage.framework/Versions/A/CoreImage
0x00007fff465a4000 	/System/Library/Frameworks/CoreText.framework/Versions/A/CoreText
0x00007fff473d5000 	/System/Library/Frameworks/ImageIO.framework/Versions/A/ImageIO
0x00007fff55731000 	/System/Library/PrivateFrameworks/Backup.framework/Versions/A/Backup
0x00007fff6a838000 	/usr/lib/libarchive.2.dylib
0x00007fff43a21000 	/System/Library/Frameworks/CFNetwork.framework/Versions/A/CFNetwork
0x00007fff510b1000 	/System/Library/Frameworks/SystemConfiguration.framework/Versions/A/SystemConfiguration
0x00007fff6a33f000 	/usr/lib/libCRFSuite.dylib
0x00007fff6a9c2000 	/usr/lib/libc++.1.dylib
0x00007fff6aa19000 	/usr/lib/libc++abi.dylib
0x00007fff6c90d000 	/usr/lib/system/libcache.dylib
0x00007fff6c912000 	/usr/lib/system/libcommonCrypto.dylib
0x00007fff6c91d000 	/usr/lib/system/libcompiler_rt.dylib
0x00007fff6c925000 	/usr/lib/system/libcopyfile.dylib
0x00007fff6c92f000 	/usr/lib/system/libcorecrypto.dylib
0x00007fff6ca3c000 	/usr/lib/system/libdispatch.dylib
0x00007fff6ca76000 	/usr/lib/system/libdyld.dylib
0x00007fff6ca94000 	/usr/lib/system/libkeymgr.dylib
0x00007fff6caa2000 	/usr/lib/system/liblaunch.dylib
0x00007fff6caa3000 	/usr/lib/system/libmacho.dylib
0x00007fff6caa8000 	/usr/lib/system/libquarantine.dylib
0x00007fff6caab000 	/usr/lib/system/libremovefile.dylib
0x00007fff6caad000 	/usr/lib/system/libsystem_asl.dylib
0x00007fff6cac5000 	/usr/lib/system/libsystem_blocks.dylib
0x00007fff6cac6000 	/usr/lib/system/libsystem_c.dylib
0x00007fff6cb50000 	/usr/lib/system/libsystem_configuration.dylib
0x00007fff6cb54000 	/usr/lib/system/libsystem_coreservices.dylib
0x00007fff6cb58000 	/usr/lib/system/libsystem_darwin.dylib
0x00007fff6cb5a000 	/usr/lib/system/libsystem_dnssd.dylib
0x00007fff6cb61000 	/usr/lib/system/libsystem_info.dylib
0x00007fff6cbd2000 	/usr/lib/system/libsystem_m.dylib
0x00007fff6cc1e000 	/usr/lib/system/libsystem_malloc.dylib
0x00007fff6cc3e000 	/usr/lib/system/libsystem_network.dylib
0x00007fff6cd6f000 	/usr/lib/system/libsystem_networkextension.dylib
0x00007fff6cd7a000 	/usr/lib/system/libsystem_notify.dylib
0x00007fff6cd98000 	/usr/lib/system/libsystem_sandbox.dylib
0x00007fff6cd9c000 	/usr/lib/system/libsystem_secinit.dylib
0x00007fff6cbab000 	/usr/lib/system/libsystem_kernel.dylib
0x00007fff6cd84000 	/usr/lib/system/libsystem_platform.dylib
0x00007fff6cd8c000 	/usr/lib/system/libsystem_pthread.dylib
0x00007fff6cd9e000 	/usr/lib/system/libsystem_symptoms.dylib
0x00007fff6cda6000 	/usr/lib/system/libsystem_trace.dylib
0x00007fff6cdbc000 	/usr/lib/system/libunwind.dylib
0x00007fff6cdc2000 	/usr/lib/system/libxpc.dylib
0x00007fff6a252000 	/usr/lib/closure/libclosured.dylib
0x00007fff6a9a3000 	/usr/lib/libbsm.0.dylib
0x00007fff6ca95000 	/usr/lib/system/libkxld.dylib
0x00007fff6a650000 	/usr/lib/libOpenScriptingUtil.dylib
0x00007fff6ad12000 	/usr/lib/libcoretls.dylib
0x00007fff6ad2b000 	/usr/lib/libcoretls_cfhelpers.dylib
0x00007fff6c246000 	/usr/lib/libpam.2.dylib
0x00007fff6c371000 	/usr/lib/libsqlite3.dylib
0x00007fff6c73d000 	/usr/lib/libxar.1.dylib
0x00007fff6a9b4000 	/usr/lib/libbz2.1.0.dylib
0x00007fff6b762000 	/usr/lib/liblzma.5.dylib
0x00007fff6bc43000 	/usr/lib/libnetwork.dylib
0x00007fff6a821000 	/usr/lib/libapple_nghttp2.dylib
0x00007fff6c24d000 	/usr/lib/libpcap.A.dylib
0x00007fff6a8e9000 	/usr/lib/libboringssl.dylib
0x00007fff6c6d8000 	/usr/lib/libusrtcp.dylib
0x00007fff6a820000 	/usr/lib/libapple_crypto.dylib
0x00007fff45f96000 	/System/Library/Frameworks/CoreServices.framework/Versions/A/Frameworks/FSEvents.framework/Versions/A/FSEvents
0x00007fff45c89000 	/System/Library/Frameworks/CoreServices.framework/Versions/A/Frameworks/CarbonCore.framework/Versions/A/CarbonCore
0x00007fff4615e000 	/System/Library/Frameworks/CoreServices.framework/Versions/A/Frameworks/Metadata.framework/Versions/A/Metadata
0x00007fff4620f000 	/System/Library/Frameworks/CoreServices.framework/Versions/A/Frameworks/OSServices.framework/Versions/A/OSServices
0x00007fff46270000 	/System/Library/Frameworks/CoreServices.framework/Versions/A/Frameworks/SearchKit.framework/Versions/A/SearchKit
0x00007fff45c14000 	/System/Library/Frameworks/CoreServices.framework/Versions/A/Frameworks/AE.framework/Versions/A/AE
0x00007fff45f9f000 	/System/Library/Frameworks/CoreServices.framework/Versions/A/Frameworks/LaunchServices.framework/Versions/A/LaunchServices
0x00007fff45f61000 	/System/Library/Frameworks/CoreServices.framework/Versions/A/Frameworks/DictionaryServices.framework/Versions/A/DictionaryServices
0x00007fff462df000 	/System/Library/Frameworks/CoreServices.framework/Versions/A/Frameworks/SharedFileList.framework/Versions/A/SharedFileList
0x00007fff4a4b3000 	/System/Library/Frameworks/NetFS.framework/Versions/A/NetFS
0x00007fff607d4000 	/System/Library/PrivateFrameworks/NetAuth.framework/Versions/A/NetAuth
0x00007fff6a0e9000 	/System/Library/PrivateFrameworks/login.framework/Versions/A/Frameworks/loginsupport.framework/Versions/A/loginsupport
0x00007fff6843a000 	/System/Library/PrivateFrameworks/TCC.framework/Versions/A/TCC
0x00007fff6b843000 	/usr/lib/libmecabra.dylib
0x00007fff42f24000 	/System/Library/Frameworks/ApplicationServices.framework/Versions/A/Frameworks/ATS.framework/Versions/A/ATS
0x00007fff432d3000 	/System/Library/Frameworks/ApplicationServices.framework/Versions/A/Frameworks/ColorSyncLegacy.framework/Versions/A/ColorSyncLegacy
0x00007fff43377000 	/System/Library/Frameworks/ApplicationServices.framework/Versions/A/Frameworks/HIServices.framework/Versions/A/HIServices
0x00007fff433ca000 	/System/Library/Frameworks/ApplicationServices.framework/Versions/A/Frameworks/LangAnalysis.framework/Versions/A/LangAnalysis
0x00007fff433d9000 	/System/Library/Frameworks/ApplicationServices.framework/Versions/A/Frameworks/PrintCore.framework/Versions/A/PrintCore
0x00007fff43426000 	/System/Library/Frameworks/ApplicationServices.framework/Versions/A/Frameworks/QD.framework/Versions/A/QD
0x00007fff43461000 	/System/Library/Frameworks/ApplicationServices.framework/Versions/A/Frameworks/SpeechSynthesis.framework/Versions/A/SpeechSynthesis
0x00007fff449b4000 	/System/Library/Frameworks/CoreDisplay.framework/Versions/A/CoreDisplay
0x00007fff41025000 	/System/Library/Frameworks/Accelerate.framework/Versions/A/Frameworks/vImage.framework/Versions/A/vImage
0x00007fff41d7f000 	/System/Library/Frameworks/Accelerate.framework/Versions/A/Frameworks/vecLib.framework/Versions/A/vecLib
0x00007fff41b1f000 	/System/Library/Frameworks/Accelerate.framework/Versions/A/Frameworks/vecLib.framework/Versions/A/libvDSP.dylib
0x00007fff4167f000 	/System/Library/Frameworks/Accelerate.framework/Versions/A/Frameworks/vecLib.framework/Versions/A/libBNNS.dylib
0x00007fff41a84000 	/System/Library/Frameworks/Accelerate.framework/Versions/A/Frameworks/vecLib.framework/Versions/A/libQuadrature.dylib
0x00007fff41ccd000 	/System/Library/Frameworks/Accelerate.framework/Versions/A/Frameworks/vecLib.framework/Versions/A/libvMisc.dylib
0x00007fff416ae000 	/System/Library/Frameworks/Accelerate.framework/Versions/A/Frameworks/vecLib.framework/Versions/A/libLAPACK.dylib
0x00007fff41524000 	/System/Library/Frameworks/Accelerate.framework/Versions/A/Frameworks/vecLib.framework/Versions/A/libBLAS.dylib
0x00007fff41a6e000 	/System/Library/Frameworks/Accelerate.framework/Versions/A/Frameworks/vecLib.framework/Versions/A/libLinearAlgebra.dylib
0x00007fff41a8a000 	/System/Library/Frameworks/Accelerate.framework/Versions/A/Frameworks/vecLib.framework/Versions/A/libSparse.dylib
0x00007fff41b0b000 	/System/Library/Frameworks/Accelerate.framework/Versions/A/Frameworks/vecLib.framework/Versions/A/libSparseBLAS.dylib
0x00007fff5d60e000 	/System/Library/PrivateFrameworks/GPUWrangler.framework/Versions/A/GPUWrangler
0x00007fff5eda2000 	/System/Library/PrivateFrameworks/IOAccelerator.framework/Versions/A/IOAccelerator
0x00007fff5edad000 	/System/Library/PrivateFrameworks/IOPresentment.framework/Versions/A/IOPresentment
0x00007fff58e49000 	/System/Library/PrivateFrameworks/DSExternalDisplay.framework/Versions/A/DSExternalDisplay
0x00007fff4e4b6000 	/System/Library/Frameworks/OpenGL.framework/Versions/A/Libraries/libCoreFSCache.dylib
0x00007fff466f5000 	/System/Library/Frameworks/CoreVideo.framework/Versions/A/CoreVideo
0x00007fff5e389000 	/System/Library/PrivateFrameworks/GraphVisualizer.framework/Versions/A/GraphVisualizer
0x00007fff494b4000 	/System/Library/Frameworks/MetalPerformanceShaders.framework/Versions/A/MetalPerformanceShaders
0x00007fff6a44e000 	/usr/lib/libFosl_dynamic.dylib
0x00007fff59f18000 	/System/Library/PrivateFrameworks/FaceCore.framework/Versions/A/FaceCore
0x00007fff4d2b1000 	/System/Library/Frameworks/OpenCL.framework/Versions/A/OpenCL
0x00007fff6aa50000 	/usr/lib/libcompression.dylib
0x00007fff43023000 	/System/Library/Frameworks/ApplicationServices.framework/Versions/A/Frameworks/ATS.framework/Versions/A/Resources/libFontParser.dylib
0x00007fff43146000 	/System/Library/Frameworks/ApplicationServices.framework/Versions/A/Frameworks/ATS.framework/Versions/A/Resources/libFontRegistry.dylib
0x00007fff4763e000 	/System/Library/Frameworks/ImageIO.framework/Versions/A/Resources/libJPEG.dylib
0x00007fff4797a000 	/System/Library/Frameworks/ImageIO.framework/Versions/A/Resources/libTIFF.dylib
0x00007fff47950000 	/System/Library/Frameworks/ImageIO.framework/Versions/A/Resources/libPng.dylib
0x00007fff47551000 	/System/Library/Frameworks/ImageIO.framework/Versions/A/Resources/libGIF.dylib
0x00007fff47556000 	/System/Library/Frameworks/ImageIO.framework/Versions/A/Resources/libJP2.dylib
0x00007fff47977000 	/System/Library/Frameworks/ImageIO.framework/Versions/A/Resources/libRadiance.dylib
0x00007fff54e5b000 	/System/Library/PrivateFrameworks/AppleJPEG.framework/Versions/A/AppleJPEG
0x00007fff4931b000 	/System/Library/Frameworks/MetalPerformanceShaders.framework/Frameworks/MPSCore.framework/Versions/A/MPSCore
0x00007fff49337000 	/System/Library/Frameworks/MetalPerformanceShaders.framework/Frameworks/MPSImage.framework/Versions/A/MPSImage
0x00007fff493cc000 	/System/Library/Frameworks/MetalPerformanceShaders.framework/Frameworks/MPSNeuralNetwork.framework/Versions/A/MPSNeuralNetwork
0x00007fff493a7000 	/System/Library/Frameworks/MetalPerformanceShaders.framework/Frameworks/MPSMatrix.framework/Versions/A/MPSMatrix
0x00007fff602a5000 	/System/Library/PrivateFrameworks/MetalTools.framework/Versions/A/MetalTools
0x00007fff4e681000 	/System/Library/Frameworks/OpenGL.framework/Versions/A/Libraries/libGLU.dylib
0x00007fff4e4c1000 	/System/Library/Frameworks/OpenGL.framework/Versions/A/Libraries/libGFXShared.dylib
0x00007fff4e4cb000 	/System/Library/Frameworks/OpenGL.framework/Versions/A/Libraries/libGL.dylib
0x00007fff4e4d7000 	/System/Library/Frameworks/OpenGL.framework/Versions/A/Libraries/libGLImage.dylib
0x00007fff4e4b3000 	/System/Library/Frameworks/OpenGL.framework/Versions/A/Libraries/libCVMSPluginSupport.dylib
0x00007fff4e4bc000 	/System/Library/Frameworks/OpenGL.framework/Versions/A/Libraries/libCoreVMClient.dylib
0x00007fff6b1fd000 	/usr/lib/libcups.2.dylib
0x00007fff48882000 	/System/Library/Frameworks/Kerberos.framework/Versions/A/Kerberos
0x00007fff47034000 	/System/Library/Frameworks/GSS.framework/Versions/A/GSS
0x00007fff6c304000 	/usr/lib/libresolv.9.dylib
0x00007fff6b3fa000 	/usr/lib/libiconv.2.dylib
0x00007fff5e41b000 	/System/Library/PrivateFrameworks/Heimdal.framework/Versions/A/Heimdal
0x00007fff6b3c9000 	/usr/lib/libheimdal-asn1.dylib
0x00007fff4d329000 	/System/Library/Frameworks/OpenDirectory.framework/Versions/A/OpenDirectory
0x00007fff57174000 	/System/Library/PrivateFrameworks/CommonAuth.framework/Versions/A/CommonAuth
0x00007fff4d30c000 	/System/Library/Frameworks/OpenDirectory.framework/Versions/A/Frameworks/CFOpenDirectory.framework/Versions/A/CFOpenDirectory
0x00007fff50c4a000 	/System/Library/Frameworks/SecurityFoundation.framework/Versions/A/SecurityFoundation
0x00007fff5401e000 	/System/Library/PrivateFrameworks/APFS.framework/Versions/A/APFS
0x00007fff6c739000 	/usr/lib/libutil.dylib
0x00007fff54ede000 	/System/Library/PrivateFrameworks/AppleSauce.framework/Versions/A/AppleSauce
0x00007fff5f58a000 	/System/Library/PrivateFrameworks/LinguisticData.framework/Versions/A/LinguisticData
0x00007fff6b77c000 	/usr/lib/libmarisa.dylib
0x00007fff5f544000 	/System/Library/PrivateFrameworks/Lexicon.framework/Versions/A/Lexicon
0x00007fff6a379000 	/usr/lib/libChineseTokenizer.dylib
0x00007fff6aa3f000 	/usr/lib/libcmph.dylib
0x00007fff5f44e000 	/System/Library/PrivateFrameworks/LanguageModeling.framework/Versions/A/LanguageModeling
0x00007fff57c91000 	/System/Library/PrivateFrameworks/CoreEmoji.framework/Versions/A/CoreEmoji
0x00007fff50d08000 	/System/Library/Frameworks/ServiceManagement.framework/Versions/A/ServiceManagement
0x00007fff55729000 	/System/Library/PrivateFrameworks/BackgroundTaskManagement.framework/Versions/A/BackgroundTaskManagement
0x00007fff6c836000 	/usr/lib/libxslt.1.dylib
0x00007fff440e8000 	/System/Library/Frameworks/Carbon.framework/Versions/A/Frameworks/Ink.framework/Versions/A/Ink
0x00007fff6864f000 	/System/Library/PrivateFrameworks/TextureIO.framework/Versions/A/TextureIO
0x00007fff6a863000 	/usr/lib/libate.dylib
0x00007fff58da8000 	/System/Library/PrivateFrameworks/CrashReporterSupport.framework/Versions/A/CrashReporterSupport
0x00007fff65988000 	/System/Library/PrivateFrameworks/Sharing.framework/Versions/A/Sharing
0x00007fff5f18f000 	/System/Library/PrivateFrameworks/IconServices.framework/Versions/A/IconServices
0x00007fff55359000 	/System/Library/PrivateFrameworks/AuthKit.framework/Versions/A/AuthKit
0x00007fff54cde000 	/System/Library/PrivateFrameworks/Apple80211.framework/Versions/A/Apple80211
0x00007fff58bbd000 	/System/Library/PrivateFrameworks/CoreUtils.framework/Versions/A/CoreUtils
0x00007fff46730000 	/System/Library/Frameworks/CoreWLAN.framework/Versions/A/CoreWLAN
0x00007fff47176000 	/System/Library/Frameworks/IOBluetooth.framework/Versions/A/IOBluetooth
0x00007fff63e4a000 	/System/Library/PrivateFrameworks/ProtocolBuffer.framework/Versions/A/ProtocolBuffer
0x00007fff6049e000 	/System/Library/PrivateFrameworks/MobileKeyBag.framework/Versions/A/MobileKeyBag
0x00007fff58435000 	/System/Library/PrivateFrameworks/CorePhoneNumbers.framework/Versions/A/CorePhoneNumbers
0x00007fff54e16000 	/System/Library/PrivateFrameworks/AppleIDAuthSupport.framework/Versions/A/AppleIDAuthSupport
0x00007fff5f43a000 	/System/Library/PrivateFrameworks/KeychainCircle.framework/Versions/A/KeychainCircle
0x00007fff58d43000 	/System/Library/PrivateFrameworks/CoreWiFi.framework/Versions/A/CoreWiFi
0x00007fff44633000 	/System/Library/Frameworks/CoreBluetooth.framework/Versions/A/CoreBluetooth
0x00007fff58f93000 	/System/Library/PrivateFrameworks/DebugSymbols.framework/Versions/A/DebugSymbols
0x00007fff58973000 	/System/Library/PrivateFrameworks/CoreSymbolication.framework/Versions/A/CoreSymbolication
0x00007fff67e40000 	/System/Library/PrivateFrameworks/Symbolication.framework/Versions/A/Symbolication
0x00007fff54d08000 	/System/Library/PrivateFrameworks/AppleFSCompression.framework/Versions/A/AppleFSCompression
0x00007fff6728d000 	/System/Library/PrivateFrameworks/SpeechRecognitionCore.framework/Versions/A/SpeechRecognitionCore
0x0000000101e00000 	/Applications/IntelliJ IDEA CE.app/Contents/jbr/Contents/Home/lib/server/libjvm.dylib
0x00000001015e7000 	/Applications/IntelliJ IDEA CE.app/Contents/jbr/Contents/Home/lib/libverify.dylib
0x0000000102c23000 	/Applications/IntelliJ IDEA CE.app/Contents/jbr/Contents/Home/lib/libjava.dylib
0x0000000102c52000 	/Applications/IntelliJ IDEA CE.app/Contents/jbr/Contents/Home/lib/libjimage.dylib
0x0000000102caa000 	/Applications/IntelliJ IDEA CE.app/Contents/jbr/Contents/Home/lib/libzip.dylib
0x000000010e808000 	/Applications/IntelliJ IDEA CE.app/Contents/jbr/Contents/Home/lib/libnio.dylib
0x000000010e81f000 	/Applications/IntelliJ IDEA CE.app/Contents/jbr/Contents/Home/lib/./libnet.dylib
0x000000010e8c6000 	/private/var/folders/6d/c05m1cpd2gg0_vssvks1l4z40000gq/T/libgdxkid/ccbdf3b/libgdx64.dylib
0x000000010e8fe000 	/Applications/IntelliJ IDEA CE.app/Contents/jbr/Contents/Home/lib/libawt.dylib
0x000000010e9a3000 	/Applications/IntelliJ IDEA CE.app/Contents/jbr/Contents/Home/lib/./libmlib_image.dylib
0x00007fff48874000 	/System/Library/Frameworks/JavaVM.framework/Versions/A/Frameworks/JavaRuntimeSupport.framework/Versions/A/JavaRuntimeSupport
0x00007fff4886b000 	/System/Library/Frameworks/JavaVM.framework/Versions/A/Frameworks/JavaNativeFoundation.framework/Versions/A/JavaNativeFoundation
0x00007fff4887d000 	/System/Library/Frameworks/JavaVM.framework/Versions/A/JavaVM
0x00007fff43dd3000 	/System/Library/Frameworks/Carbon.framework/Versions/A/Carbon
0x00007fff5f350000 	/System/Library/PrivateFrameworks/JavaLaunching.framework/Versions/A/JavaLaunching
0x00007fff43dd4000 	/System/Library/Frameworks/Carbon.framework/Versions/A/Frameworks/CommonPanels.framework/Versions/A/CommonPanels
0x00007fff440de000 	/System/Library/Frameworks/Carbon.framework/Versions/A/Frameworks/Help.framework/Versions/A/Help
0x00007fff440e2000 	/System/Library/Frameworks/Carbon.framework/Versions/A/Frameworks/ImageCapture.framework/Versions/A/ImageCapture
0x00007fff4417e000 	/System/Library/Frameworks/Carbon.framework/Versions/A/Frameworks/OpenScripting.framework/Versions/A/OpenScripting
0x00007fff441b9000 	/System/Library/Frameworks/Carbon.framework/Versions/A/Frameworks/Print.framework/Versions/A/Print
0x00007fff441bb000 	/System/Library/Frameworks/Carbon.framework/Versions/A/Frameworks/SecurityHI.framework/Versions/A/SecurityHI
0x000000010ea11000 	/Applications/IntelliJ IDEA CE.app/Contents/jbr/Contents/Home/lib/libawt_lwawt.dylib
0x000000010eb3a000 	/Applications/IntelliJ IDEA CE.app/Contents/jbr/Contents/Home/lib/./libosxapp.dylib
0x00007fff46bd5000 	/System/Library/Frameworks/ExceptionHandling.framework/Versions/A/ExceptionHandling
0x000000010ed36000 	/Applications/IntelliJ IDEA CE.app/Contents/jbr/Contents/Home/lib/libfontmanager.dylib
0x000000010ec08000 	/Applications/IntelliJ IDEA CE.app/Contents/jbr/Contents/Home/lib/./libfreetype.dylib
0x00007fff585c8000 	/System/Library/PrivateFrameworks/CoreServicesInternal.framework/Versions/A/CoreServicesInternal
0x00007fff3d04b000 	/System/Library/CoreServices/RawCamera.bundle/Contents/MacOS/RawCamera
0x00007fff60317000 	/System/Library/PrivateFrameworks/MobileAsset.framework/Versions/A/MobileAsset
0x00007fff67747000 	/System/Library/PrivateFrameworks/StreamingZip.framework/Versions/A/StreamingZip
0x00007fff48c11000 	/System/Library/Frameworks/MediaToolbox.framework/Versions/A/MediaToolbox
0x00007fff578c2000 	/System/Library/PrivateFrameworks/CoreAVCHD.framework/Versions/A/CoreAVCHD
0x00007fff48b5a000 	/System/Library/Frameworks/MediaAccessibility.framework/Versions/A/MediaAccessibility
0x00007fff5fd92000 	/System/Library/PrivateFrameworks/Mangrove.framework/Versions/A/Mangrove
0x00007fff45acd000 	/System/Library/Frameworks/CoreMedia.framework/Versions/A/CoreMedia
0x00007fff512d6000 	/System/Library/Frameworks/VideoToolbox.framework/Versions/A/VideoToolbox
0x00007fff574b9000 	/System/Library/PrivateFrameworks/CoreAUC.framework/Versions/A/CoreAUC
0x00007fff6c36f000 	/usr/lib/libspindump.dylib
0x00007fff54fd3000 	/System/Library/PrivateFrameworks/AppleVA.framework/Versions/A/AppleVA
0x00007fff4100e000 	/System/Library/Frameworks/Accelerate.framework/Versions/A/Frameworks/vImage.framework/Versions/A/Libraries/libCGInterfaces.dylib
0x00007fff43236000 	/System/Library/Frameworks/ApplicationServices.framework/Versions/A/Frameworks/ATS.framework/Versions/A/Resources/libTrueTypeScaler.dylib
0x00007fff3e9a8000 	/System/Library/Extensions/AppleIntelHD5000GraphicsMTLDriver.bundle/Contents/MacOS/AppleIntelHD5000GraphicsMTLDriver
0x00007fff5bfa2000 	/System/Library/PrivateFrameworks/GPUCompiler.framework/Versions/3802/Libraries/libmetal_timestamp.dylib
0x0000000112c6b000 	/private/var/folders/6d/c05m1cpd2gg0_vssvks1l4z40000gq/T/libgdxkid/f7649394/liblwjgl.dylib
0x0000000110f1d000 	/Applications/IntelliJ IDEA CE.app/Contents/jbr/Contents/Home/lib/libjawt.dylib
0x0000000112ced000 	/var/folders/6d/c05m1cpd2gg0_vssvks1l4z40000gq/T/libgdxkid/f7649394/openal.dylib
0x0000000112d5c000 	/System/Library/Components/CoreAudio.component/Contents/MacOS/CoreAudio
0x0000000112b66000 	/System/Library/Extensions/AppleHDA.kext/Contents/PlugIns/AppleHDAHALPlugIn.bundle/Contents/MacOS/AppleHDAHALPlugIn
0x00007fff69642000 	/System/Library/PrivateFrameworks/ViewBridge.framework/Versions/A/ViewBridge
0x00007fff4f047000 	/System/Library/Frameworks/OpenGL.framework/Versions/A/Resources/GLEngine.bundle/GLEngine
0x00007fff4e513000 	/System/Library/Frameworks/OpenGL.framework/Versions/A/Libraries/libGLProgrammability.dylib
0x00000001131bb000 	/System/Library/Extensions/AppleIntelHD5000GraphicsGLDriver.bundle/Contents/MacOS/AppleIntelHD5000GraphicsGLDriver
0x00007fff5d602000 	/System/Library/PrivateFrameworks/GPUSupport.framework/Versions/A/Libraries/libGPUSupportMercury.dylib
0x00007fff4f1df000 	/System/Library/Frameworks/OpenGL.framework/Versions/A/Resources/GLRendererFloat.bundle/GLRendererFloat
0x00007fff4d2a8000 	/System/Library/Frameworks/OpenCL.framework/Versions/A/Libraries/libcldcpuengine.dylib
0x00007fff6aec5000 	/usr/lib/libcrypto.35.dylib
0x00007fff687b6000 	/System/Library/PrivateFrameworks/TrustEvaluationAgent.framework/Versions/A/TrustEvaluationAgent
0x0000000114b4f000 	/private/var/folders/6d/c05m1cpd2gg0_vssvks1l4z40000gq/T/libgdxkid/38faaa28/libgdx-box2d64.dylib
0x00007fff6a0ec000 	/System/Library/PrivateFrameworks/login.framework/Versions/A/login


VM Arguments:
jvm_args: -Dfile.encoding=UTF-8 -Duser.country=CA -Duser.language=en -Duser.variant 
java_command: com.mygdx.game.desktop.DesktopLauncher
java_class_path (initial): /Users/kid/Documents/GitHub/PortalGame/PortalGame/desktop/build/classes/java/main:/Users/kid/Documents/GitHub/PortalGame/PortalGame/desktop/build/resources/main:/Users/kid/.gradle/caches/modules-2/files-2.1/com.badlogicgames.gdx/gdx-tools/1.10.0/d699cf4953fb42a071c7c3feb9b5c45601aa6a4b/gdx-tools-1.10.0.jar:/Users/kid/.gradle/caches/modules-2/files-2.1/com.badlogicgames.gdx/gdx-backend-lwjgl/1.10.0/58ff89d9e4fd8a82591367f187d606e781cacc05/gdx-backend-lwjgl-1.10.0.jar:/Users/kid/.gradle/caches/modules-2/files-2.1/com.badlogicgames.gdx/gdx-platform/1.10.0/9a8fa793d2fd6d360afc6c9e4c1f5583da263b88/gdx-platform-1.10.0-natives-desktop.jar:/Users/kid/.gradle/caches/modules-2/files-2.1/com.badlogicgames.gdx/gdx-box2d-platform/1.10.0/588c4191c5a64ed39365e71484aa37d81c38eb5e/gdx-box2d-platform-1.10.0-natives-desktop.jar:/Users/kid/.gradle/caches/modules-2/files-2.1/com.badlogicgames.gdx/gdx-bullet-platform/1.10.0/ce92e8dfc762523d769cbc50853163c03bf98cf1/gdx-bullet-platform-1.10.0-natives-desktop.jar:/Users/kid/.gradle/caches/modules-2/files-2.1/com.badlogicgames.gdx/gdx-freetype-platform/1.10.0/6e5d28752759e69384f12e4569d2c884ff71352f/gdx-freetype-platform-1.10.0-natives-desktop.jar:/Users/kid/Documents/GitHub/PortalGame/PortalGame/core/build/libs/core-1.0.jar:/Users/kid/.gradle/caches/modules-2/files-2.1/com.badlogicgames.gdx/gdx-backend-headless/1.10.0/990eadbb431197c5b9b816d1659c772e0268e65/gdx-backend-headless-1.10.0.jar:/Users/kid/.gradle/caches/modules-2/files-2.1/com.badlogicgames.gdx/gdx-freetype/1.10.0/de1d0d5c1e92e8d91364256fd6b7bb279d3e9859/gdx-freetype-1.10.0.jar:/Users/kid/.gradle/caches/modules-2/files-2.1/com.badlogicgames.box2dlights/box2dlights/1.5/6902dbcd250c95a27973aa24a147a95b3828d348/box2dlights-1.5.jar:/Users/kid/.gradle/caches/modules-2/files-2.1/com.badlogicgames.gdx/gdx-box2d/1.10.0/b3a3c0f00b90716238835434d0ae8985604c37f8/gdx-box2d-1.10.0.jar:/Users/kid/.gradle/caches/modules-2/files-2.1/com.badlogicgames.ashley/ashley/1.
Launcher Type: SUN_STANDARD

[Global flags]
     intx CICompilerCount                          = 3                                         {product} {ergonomic}
     uint ConcGCThreads                            = 1                                         {product} {ergonomic}
     uint G1ConcRefinementThreads                  = 4                                         {product} {ergonomic}
   size_t G1HeapRegionSize                         = 1048576                                   {product} {ergonomic}
    uintx GCDrainStackTargetSize                   = 64                                        {product} {ergonomic}
   size_t InitialHeapSize                          = 134217728                                 {product} {ergonomic}
   size_t MarkStackSize                            = 4194304                                   {product} {ergonomic}
   size_t MaxHeapSize                              = 2147483648                                {product} {ergonomic}
   size_t MaxNewSize                               = 1287651328                                {product} {ergonomic}
   size_t MinHeapDeltaBytes                        = 1048576                                   {product} {ergonomic}
    uintx NonNMethodCodeHeapSize                   = 5830732                                {pd product} {ergonomic}
    uintx NonProfiledCodeHeapSize                  = 122913754                              {pd product} {ergonomic}
    uintx ProfiledCodeHeapSize                     = 122913754                              {pd product} {ergonomic}
    uintx ReservedCodeCacheSize                    = 251658240                              {pd product} {ergonomic}
     bool SegmentedCodeCache                       = true                                      {product} {ergonomic}
     bool UseCompressedClassPointers               = true                                 {lp64_product} {ergonomic}
     bool UseCompressedOops                        = true                                 {lp64_product} {ergonomic}
     bool UseG1GC                                  = true                                      {product} {ergonomic}

Logging:
Log output configuration:
 #0: stdout all=warning uptime,level,tags
 #1: stderr all=off uptime,level,tags

Environment Variables:
PATH=/usr/bin:/bin:/usr/sbin:/sbin:/usr/local/bin:/Library/Frameworks/Mono.framework/Versions/Current/Commands
SHELL=/bin/bash
LC_CTYPE=en_CA.UTF-8

Signal Handlers:
SIGSEGV: [libjvm.dylib+0x75958c], sa_mask[0]=11111111011111110111111111111111, sa_flags=SA_ONSTACK|SA_RESTART|SA_SIGINFO
SIGBUS: [libjvm.dylib+0x75958c], sa_mask[0]=11111111011111110111111111111111, sa_flags=SA_RESTART|SA_SIGINFO
SIGFPE: [libjvm.dylib+0x75958c], sa_mask[0]=11111111011111110111111111111111, sa_flags=SA_RESTART|SA_SIGINFO
SIGPIPE: [libjvm.dylib+0x617660], sa_mask[0]=11111111011111110111111111111111, sa_flags=SA_RESTART|SA_SIGINFO
SIGXFSZ: [libjvm.dylib+0x617660], sa_mask[0]=11111111011111110111111111111111, sa_flags=SA_RESTART|SA_SIGINFO
SIGILL: [libjvm.dylib+0x75958c], sa_mask[0]=11111111011111110111111111111111, sa_flags=SA_RESTART|SA_SIGINFO
SIGUSR2: [libjvm.dylib+0x617c36], sa_mask[0]=00100000000000000000000000000000, sa_flags=SA_RESTART|SA_SIGINFO
SIGHUP: [libjvm.dylib+0x61678d], sa_mask[0]=11111111011111110111111111111111, sa_flags=SA_RESTART|SA_SIGINFO
SIGINT: [libjvm.dylib+0x61678d], sa_mask[0]=11111111011111110111111111111111, sa_flags=SA_RESTART|SA_SIGINFO
SIGTERM: [libjvm.dylib+0x61678d], sa_mask[0]=11111111011111110111111111111111, sa_flags=SA_RESTART|SA_SIGINFO
SIGQUIT: [libjvm.dylib+0x61678d], sa_mask[0]=11111111011111110111111111111111, sa_flags=SA_RESTART|SA_SIGINFO


---------------  S Y S T E M  ---------------

OS:uname:Darwin 17.7.0 Darwin Kernel Version 17.7.0: Fri Oct 30 13:34:27 PDT 2020; root:xnu-4570.71.82.8~1/RELEASE_X86_64 x86_64
OS uptime: 9 days 9:12 hours
rlimit (soft/hard): STACK 8192k/65532k , CORE 0k/infinity , NPROC 709/1064 , NOFILE 10240/infinity , AS infinity/infinity , CPU infinity/infinity , DATA infinity/infinity , FSIZE infinity/infinity , MEMLOCK infinity/infinity , RSS infinity/infinity
load average:4.52 6.46 7.53

CPU:total 4 (initial active 4) (2 cores per cpu, 2 threads per core) family 6 model 69 stepping 1 microcode 0x26, cmov, cx8, fxsr, mmx, sse, sse2, sse3, ssse3, sse4.1, sse4.2, popcnt, avx, avx2, aes, clmul, erms, lzcnt, ht, tsc, tscinvbit, bmi1, bmi2, fma

Memory: 4k page, physical 8388608k(39812k free), swap 2097152k(1029376k free)

vm_info: OpenJDK 64-Bit Server VM (11.0.13+7-b1751.19) for bsd-amd64 JRE (11.0.13+7-b1751.19), built on Nov  9 2021 11:39:06 by "builduser" with gcc Apple LLVM 12.0.0 (clang-1200.0.32.27)

END.
