#
# A fatal error has been detected by the Java Runtime Environment:
#
#  EXCEPTION_ACCESS_VIOLATION (0xc0000005) at pc=0x0000000066b0cfa7, pid=28836, tid=2332
#
# JRE version: OpenJDK Runtime Environment Zulu15.36+13-CA (15.0.5+3) (build 15.0.5+3-MTS)
# Java VM: OpenJDK 64-Bit Server VM Zulu15.36+13-CA (15.0.5+3-MTS, mixed mode, sharing, tiered, compressed oops, g1 gc, windows-amd64)
# Problematic frame:
# C  [gdx-box2d64.dll+0xcfa7]
#
# No core dump will be written. Minidumps are not enabled by default on client versions of Windows
#
# If you would like to submit a bug report, please visit:
#   http://www.azul.com/support/
# The crash happened outside the Java Virtual Machine in native code.
# See problematic frame for where to report the bug.
#

---------------  S U M M A R Y ------------

Command Line: -Dfile.encoding=windows-1252 -Duser.country=CA -Duser.language=en -Duser.variant com.mygdx.game.desktop.DesktopLauncher

Host: Intel(R) Core(TM) i7-8665U CPU @ 1.90GHz, 8 cores, 15G,  Windows 10 , 64 bit Build 18362 (10.0.18362.1110)
Time: Sat Jan  1 18:17:16 2022 Eastern Standard Time elapsed time: 46.811863 seconds (0d 0h 0m 46s)

---------------  T H R E A D  ---------------

Current thread (0x0000011a7cafb2d0):  JavaThread "LWJGL Application" [_thread_in_native, id=2332, stack(0x0000001406800000,0x0000001406900000)]

Stack: [0x0000001406800000,0x0000001406900000],  sp=0x00000014068fee60,  free space=1019k
Native frames: (J=compiled Java code, j=interpreted, Vv=VM code, C=native code)
C  [gdx-box2d64.dll+0xcfa7]

Java frames: (J=compiled Java code, j=interpreted, Vv=VM code)
j  com.badlogic.gdx.physics.box2d.World.jniDestroyBody(JJ)V+0
j  com.badlogic.gdx.physics.box2d.World.destroyBody(Lcom/badlogic/gdx/physics/box2d/Body;)V+42
j  com.mygdx.game.Entity.dispose()V+8
j  com.mygdx.game.MyGdxGame.dispose()V+82
j  com.badlogic.gdx.backends.lwjgl.LwjglApplication.mainLoop()V+924
j  com.badlogic.gdx.backends.lwjgl.LwjglApplication$1.run()V+27
v  ~StubRoutines::call_stub

siginfo: EXCEPTION_ACCESS_VIOLATION (0xc0000005), reading address 0x0000000000000008


Register to memory mapping:

RIP=0x0000000066b0cfa7 gdx-box2d64.dll
RAX=0x0 is NULL
RBX=0x0000011a7fee71b0 points into unknown readable memory: 0x0000000066b48700 | 00 87 b4 66 00 00 00 00
RCX=0x0000000000000036 is an unknown value
RDX=0x0000011a7d7b6350 points into unknown readable memory: 0x0000011a41200000 | 00 00 20 41 1a 01 00 00
RSP=0x00000014068fee60 is pointing into the stack for thread: 0x0000011a7cafb2d0
RBP=0x0000011a7d75e600 points into unknown readable memory: 0x0000011a56140150 | 50 01 14 56 1a 01 00 00
RSI=0x0000011a7d7778a0 points into unknown readable memory: 0x0000000000000010 | 10 00 00 00 00 00 00 00
RDI=0x0000011a7fee71b0 points into unknown readable memory: 0x0000000066b48700 | 00 87 b4 66 00 00 00 00
R8 =0x0000011a7d7b2820 points into unknown readable memory: 0x0000003600000002 | 02 00 00 00 36 00 00 00
R9 =0x0000000000000004 is an unknown value
R10=0x0000011a7cd27f60 points into unknown readable memory: 0x0000001e00000003 | 03 00 00 00 1e 00 00 00
R11=0x00000014068fee50 is pointing into the stack for thread: 0x0000011a7cafb2d0
R12=0x0 is NULL
R13={method} {0x0000011a7c2162d0} 'jniDestroyBody' '(JJ)V' in 'com/badlogic/gdx/physics/box2d/World'
R14=0x00000014068ff0a8 is pointing into the stack for thread: 0x0000011a7cafb2d0
R15=0x0000011a7cafb2d0 is a thread


Registers:
RAX=0x0000000000000000, RBX=0x0000011a7fee71b0, RCX=0x0000000000000036, RDX=0x0000011a7d7b6350
RSP=0x00000014068fee60, RBP=0x0000011a7d75e600, RSI=0x0000011a7d7778a0, RDI=0x0000011a7fee71b0
R8 =0x0000011a7d7b2820, R9 =0x0000000000000004, R10=0x0000011a7cd27f60, R11=0x00000014068fee50
R12=0x0000000000000000, R13=0x0000011a7c2162c8, R14=0x00000014068ff0a8, R15=0x0000011a7cafb2d0
RIP=0x0000000066b0cfa7, EFLAGS=0x0000000000010202

Top of Stack: (sp=0x00000014068fee60)
0x00000014068fee60:   0000000000000000 0000000066b3d36c
0x00000014068fee70:   0000011a7fee71b0 0000011a7d7b2160
0x00000014068fee80:   0000011a7d7778a0 0000011a7fee71b0
0x00000014068fee90:   0000011a7d7778a0 0000011a7d7b2820
0x00000014068feea0:   0000011a7d7b2160 0000000066b1f39f
0x00000014068feeb0:   0000011a7cafb200 0000000000000000
0x00000014068feec0:   00007ffaa813b548 0000011a7fee71b0
0x00000014068feed0:   000000000000000e 0000000000000000
0x00000014068feee0:   0000011a7d75e600 0000011a7d7b2820
0x00000014068feef0:   0000011a7d7778a0 0000000066b215d3
0x00000014068fef00:   0000011a7bbaa420 0000002800000003
0x00000014068fef10:   00000014068ff068 0000011a7cafb2d0
0x00000014068fef20:   0000011a7d75e600 0000011a7d7b2820
0x00000014068fef30:   0000000000002a76 00000014068ff068
0x00000014068fef40:   0000000000000000 0000000066b26a9d
0x00000014068fef50:   00000014068ff068 00007ffaa7bbe3d7 

Instructions: (pc=0x0000000066b0cfa7)
0x0000000066b0cea7:   e0 05 48 8d 04 d0 48 8d 15 8c 34 04 00 48 01 d0
0x0000000066b0ceb7:   4c 8b 10 4d 85 d2 0f 84 8e 00 00 00 80 78 10 00
0x0000000066b0cec7:   4c 89 b4 24 80 00 00 00 75 1f 41 89 e9 4d 89 e8
0x0000000066b0ced7:   89 fa 4c 89 e1 48 83 c4 20 5b 5e 5f 5d 41 5c 41
0x0000000066b0cee7:   5d 41 5e 49 ff e2 0f 1f 00 41 89 f9 4d 89 e0 89
0x0000000066b0cef7:   ea 4c 89 e9 eb df 0f 1f 00 48 8d 15 79 50 03 00
0x0000000066b0cf07:   48 8d 0d 12 51 03 00 41 b8 51 00 00 00 e8 b7 96
0x0000000066b0cf17:   02 00 e9 7f ff ff ff 66 90 48 8d 15 59 50 03 00
0x0000000066b0cf27:   48 8d 0d c2 50 03 00 41 b8 50 00 00 00 e8 97 96
0x0000000066b0cf37:   02 00 e9 5a ff ff ff 66 90 e8 fb fc ff ff c6 05
0x0000000066b0cf47:   d4 33 04 00 01 e9 2d ff ff ff 31 c0 48 83 c4 20
0x0000000066b0cf57:   5b 5e 5f 5d 41 5c 41 5d 41 5e c3 0f 1f 40 00 66
0x0000000066b0cf67:   2e 0f 1f 84 00 00 00 00 00 55 57 56 53 48 83 ec
0x0000000066b0cf77:   28 80 3d a1 33 04 00 00 48 89 cf 48 89 d5 0f 84
0x0000000066b0cf87:   f5 00 00 00 8b 8f b4 00 00 00 48 8b 47 60 48 8b
0x0000000066b0cf97:   57 68 85 c9 7e 06 80 78 3a 00 74 50 48 8b 40 18
0x0000000066b0cfa7:   48 63 58 08 48 8b 42 18 8b 70 08 85 db 0f 88 8a
0x0000000066b0cfb7:   00 00 00 83 fe 03 0f 8f 81 00 00 00 48 63 c6 48
0x0000000066b0cfc7:   89 f9 48 8d 14 40 48 8d 04 5b 48 c1 e0 05 48 8d
0x0000000066b0cfd7:   04 d0 48 8d 15 60 33 04 00 48 8b 44 02 08 48 89
0x0000000066b0cfe7:   ea 48 83 c4 28 5b 5e 5f 5d 48 ff e0 80 7a 3a 00
0x0000000066b0cff7:   75 aa 4c 8b 40 10 41 0f b7 48 04 f6 c1 02 75 13
0x0000000066b0d007:   83 c9 02 41 c7 80 ac 00 00 00 00 00 00 00 66 41
0x0000000066b0d017:   89 48 04 4c 8b 42 10 41 0f b7 48 04 f6 c1 02 0f
0x0000000066b0d027:   85 77 ff ff ff 83 c9 02 41 c7 80 ac 00 00 00 00
0x0000000066b0d037:   00 00 00 66 41 89 48 04 e9 5f ff ff ff 48 8d 15
0x0000000066b0d047:   35 4f 03 00 48 8d 0d 16 50 03 00 41 b8 77 00 00
0x0000000066b0d057:   00 e8 73 95 02 00 48 8d 15 1c 4f 03 00 48 8d 0d
0x0000000066b0d067:   fd 4f 03 00 41 b8 78 00 00 00 e8 5a 95 02 00 e9
0x0000000066b0d077:   48 ff ff ff 0f 1f 44 00 00 48 8d 15 f9 4e 03 00
0x0000000066b0d087:   48 8d 0d bd 4f 03 00 41 b8 67 00 00 00 e8 37 95
0x0000000066b0d097:   02 00 e9 ed fe ff ff 66 90 48 83 ec 38 48 8d 05 


Stack slot to memory mapping:
stack at sp + 0 slots: 0x0 is NULL
stack at sp + 1 slots: 0x0000000066b3d36c gdx-box2d64.dll
stack at sp + 2 slots: 0x0000011a7fee71b0 points into unknown readable memory: 0x0000000066b48700 | 00 87 b4 66 00 00 00 00
stack at sp + 3 slots: 0x0000011a7d7b2160 points into unknown readable memory: 0x0000002600000000 | 00 00 00 00 26 00 00 00
stack at sp + 4 slots: 0x0000011a7d7778a0 points into unknown readable memory: 0x0000000000000010 | 10 00 00 00 00 00 00 00
stack at sp + 5 slots: 0x0000011a7fee71b0 points into unknown readable memory: 0x0000000066b48700 | 00 87 b4 66 00 00 00 00
stack at sp + 6 slots: 0x0000011a7d7778a0 points into unknown readable memory: 0x0000000000000010 | 10 00 00 00 00 00 00 00
stack at sp + 7 slots: 0x0000011a7d7b2820 points into unknown readable memory: 0x0000003600000002 | 02 00 00 00 36 00 00 00


---------------  P R O C E S S  ---------------

Threads class SMR info:
_java_thread_list=0x0000011a0a174080, length=13, elements={
0x0000011a7bb56f90, 0x0000011a7bb57a70, 0x0000011a7bb71470, 0x0000011a7bb73d40,
0x0000011a7bb74700, 0x0000011a7bb76400, 0x0000011a7bb76eb0, 0x0000011a7bb7b7d0,
0x0000011a7c529ae0, 0x0000011a7c5306f0, 0x0000011a7cafb2d0, 0x0000011a58273400,
0x0000011a0a245c00
}

Java Threads: ( => current thread )
  0x0000011a7bb56f90 JavaThread "Reference Handler" daemon [_thread_blocked, id=26108, stack(0x0000001405900000,0x0000001405a00000)]
  0x0000011a7bb57a70 JavaThread "Finalizer" daemon [_thread_blocked, id=24184, stack(0x0000001405a00000,0x0000001405b00000)]
  0x0000011a7bb71470 JavaThread "Signal Dispatcher" daemon [_thread_blocked, id=24336, stack(0x0000001405b00000,0x0000001405c00000)]
  0x0000011a7bb73d40 JavaThread "Attach Listener" daemon [_thread_blocked, id=19304, stack(0x0000001405c00000,0x0000001405d00000)]
  0x0000011a7bb74700 JavaThread "Service Thread" daemon [_thread_blocked, id=29204, stack(0x0000001405d00000,0x0000001405e00000)]
  0x0000011a7bb76400 JavaThread "C2 CompilerThread0" daemon [_thread_blocked, id=16204, stack(0x0000001405e00000,0x0000001405f00000)]
  0x0000011a7bb76eb0 JavaThread "C1 CompilerThread0" daemon [_thread_blocked, id=3236, stack(0x0000001405f00000,0x0000001406000000)]
  0x0000011a7bb7b7d0 JavaThread "Sweeper thread" daemon [_thread_blocked, id=37704, stack(0x0000001406000000,0x0000001406100000)]
  0x0000011a7c529ae0 JavaThread "Notification Thread" daemon [_thread_blocked, id=20136, stack(0x0000001406100000,0x0000001406200000)]
  0x0000011a7c5306f0 JavaThread "Common-Cleaner" daemon [_thread_blocked, id=10156, stack(0x0000001406300000,0x0000001406400000)]
=>0x0000011a7cafb2d0 JavaThread "LWJGL Application" [_thread_in_native, id=2332, stack(0x0000001406800000,0x0000001406900000)]
  0x0000011a58273400 JavaThread "DestroyJavaVM" [_thread_blocked, id=5404, stack(0x0000001405200000,0x0000001405300000)]
  0x0000011a0a245c00 JavaThread "LWJGL Timer" daemon [_thread_blocked, id=2240, stack(0x0000001406e00000,0x0000001406f00000)]

Other Threads:
  0x0000011a7bb55ff0 VMThread "VM Thread" [stack: 0x0000001405800000,0x0000001405900000] [id=34372]
  0x0000011a7c52bfd0 WatcherThread [stack: 0x0000001406200000,0x0000001406300000] [id=33120]
  0x0000011a582c2460 GCTaskThread "GC Thread#0" [stack: 0x0000001405300000,0x0000001405400000] [id=25556]
  0x0000011a582d5370 ConcurrentGCThread "G1 Main Marker" [stack: 0x0000001405400000,0x0000001405500000] [id=15084]
  0x0000011a582d5ef0 ConcurrentGCThread "G1 Conc#0" [stack: 0x0000001405500000,0x0000001405600000] [id=34728]
  0x0000011a7ba4a520 ConcurrentGCThread "G1 Refine#0" [stack: 0x0000001405600000,0x0000001405700000] [id=32628]
  0x0000011a7ba4af30 ConcurrentGCThread "G1 Young RemSet Sampling" [stack: 0x0000001405700000,0x0000001405800000] [id=32712]

Threads with active compile tasks:

VM state: not at safepoint (normal execution)

VM Mutex/Monitor currently owned by a thread: None

Heap address: 0x0000000702e00000, size: 4050 MB, Compressed Oops mode: Zero based, Oop shift amount: 3
CDS archive(s) mapped at: [0x0000000800000000-0x0000000800b50000-0x0000000800b50000), size 11862016, SharedBaseAddress: 0x0000000800000000, ArchiveRelocationMode: 0.
Compressed class space mapped at: 0x0000000800b50000-0x0000000840b50000, size: 1073741824
Narrow klass base: 0x0000000800000000, Narrow klass shift: 3, Narrow klass range: 0x100000000

GC Precious Log:
 CPUs: 8 total, 8 available
 Memory: 16198M
 Large Page Support: Disabled
 NUMA Support: Disabled
 Compressed Oops: Enabled (Zero based)
 Heap Region Size: 2M
 Heap Min Capacity: 8M
 Heap Initial Capacity: 254M
 Heap Max Capacity: 4050M
 Pre-touch: Disabled
 Parallel Workers: 8
 Concurrent Workers: 2
 Concurrent Refinement Workers: 8
 Periodic GC: Disabled

Heap:
 garbage-first heap   total 260096K, used 16384K [0x0000000702e00000, 0x0000000800000000)
  region size 2048K, 10 young (20480K), 0 survivors (0K)
 Metaspace       used 4937K, capacity 7966K, committed 8320K, reserved 1056768K
  class space    used 323K, capacity 617K, committed 640K, reserved 1048576K

Heap Regions: E=young(eden), S=young(survivor), O=old, HS=humongous(starts), HC=humongous(continues), CS=collection set, F=free, OA=open archive, CA=closed archive, TAMS=top-at-mark-start (previous, next)
|   0|0x0000000702e00000, 0x0000000702e00000, 0x0000000703000000|  0%| F|  |TAMS 0x0000000702e00000, 0x0000000702e00000| Untracked 
|   1|0x0000000703000000, 0x0000000703000000, 0x0000000703200000|  0%| F|  |TAMS 0x0000000703000000, 0x0000000703000000| Untracked 
|   2|0x0000000703200000, 0x0000000703200000, 0x0000000703400000|  0%| F|  |TAMS 0x0000000703200000, 0x0000000703200000| Untracked 
|   3|0x0000000703400000, 0x0000000703400000, 0x0000000703600000|  0%| F|  |TAMS 0x0000000703400000, 0x0000000703400000| Untracked 
|   4|0x0000000703600000, 0x0000000703600000, 0x0000000703800000|  0%| F|  |TAMS 0x0000000703600000, 0x0000000703600000| Untracked 
|   5|0x0000000703800000, 0x0000000703800000, 0x0000000703a00000|  0%| F|  |TAMS 0x0000000703800000, 0x0000000703800000| Untracked 
|   6|0x0000000703a00000, 0x0000000703a00000, 0x0000000703c00000|  0%| F|  |TAMS 0x0000000703a00000, 0x0000000703a00000| Untracked 
|   7|0x0000000703c00000, 0x0000000703c00000, 0x0000000703e00000|  0%| F|  |TAMS 0x0000000703c00000, 0x0000000703c00000| Untracked 
|   8|0x0000000703e00000, 0x0000000703e00000, 0x0000000704000000|  0%| F|  |TAMS 0x0000000703e00000, 0x0000000703e00000| Untracked 
|   9|0x0000000704000000, 0x0000000704000000, 0x0000000704200000|  0%| F|  |TAMS 0x0000000704000000, 0x0000000704000000| Untracked 
|  10|0x0000000704200000, 0x0000000704200000, 0x0000000704400000|  0%| F|  |TAMS 0x0000000704200000, 0x0000000704200000| Untracked 
|  11|0x0000000704400000, 0x0000000704400000, 0x0000000704600000|  0%| F|  |TAMS 0x0000000704400000, 0x0000000704400000| Untracked 
|  12|0x0000000704600000, 0x0000000704600000, 0x0000000704800000|  0%| F|  |TAMS 0x0000000704600000, 0x0000000704600000| Untracked 
|  13|0x0000000704800000, 0x0000000704800000, 0x0000000704a00000|  0%| F|  |TAMS 0x0000000704800000, 0x0000000704800000| Untracked 
|  14|0x0000000704a00000, 0x0000000704a00000, 0x0000000704c00000|  0%| F|  |TAMS 0x0000000704a00000, 0x0000000704a00000| Untracked 
|  15|0x0000000704c00000, 0x0000000704c00000, 0x0000000704e00000|  0%| F|  |TAMS 0x0000000704c00000, 0x0000000704c00000| Untracked 
|  16|0x0000000704e00000, 0x0000000704e00000, 0x0000000705000000|  0%| F|  |TAMS 0x0000000704e00000, 0x0000000704e00000| Untracked 
|  17|0x0000000705000000, 0x0000000705000000, 0x0000000705200000|  0%| F|  |TAMS 0x0000000705000000, 0x0000000705000000| Untracked 
|  18|0x0000000705200000, 0x0000000705200000, 0x0000000705400000|  0%| F|  |TAMS 0x0000000705200000, 0x0000000705200000| Untracked 
|  19|0x0000000705400000, 0x0000000705400000, 0x0000000705600000|  0%| F|  |TAMS 0x0000000705400000, 0x0000000705400000| Untracked 
|  20|0x0000000705600000, 0x0000000705600000, 0x0000000705800000|  0%| F|  |TAMS 0x0000000705600000, 0x0000000705600000| Untracked 
|  21|0x0000000705800000, 0x0000000705800000, 0x0000000705a00000|  0%| F|  |TAMS 0x0000000705800000, 0x0000000705800000| Untracked 
|  22|0x0000000705a00000, 0x0000000705a00000, 0x0000000705c00000|  0%| F|  |TAMS 0x0000000705a00000, 0x0000000705a00000| Untracked 
|  23|0x0000000705c00000, 0x0000000705c00000, 0x0000000705e00000|  0%| F|  |TAMS 0x0000000705c00000, 0x0000000705c00000| Untracked 
|  24|0x0000000705e00000, 0x0000000705e00000, 0x0000000706000000|  0%| F|  |TAMS 0x0000000705e00000, 0x0000000705e00000| Untracked 
|  25|0x0000000706000000, 0x0000000706000000, 0x0000000706200000|  0%| F|  |TAMS 0x0000000706000000, 0x0000000706000000| Untracked 
|  26|0x0000000706200000, 0x0000000706200000, 0x0000000706400000|  0%| F|  |TAMS 0x0000000706200000, 0x0000000706200000| Untracked 
|  27|0x0000000706400000, 0x0000000706400000, 0x0000000706600000|  0%| F|  |TAMS 0x0000000706400000, 0x0000000706400000| Untracked 
|  28|0x0000000706600000, 0x0000000706600000, 0x0000000706800000|  0%| F|  |TAMS 0x0000000706600000, 0x0000000706600000| Untracked 
|  29|0x0000000706800000, 0x0000000706800000, 0x0000000706a00000|  0%| F|  |TAMS 0x0000000706800000, 0x0000000706800000| Untracked 
|  30|0x0000000706a00000, 0x0000000706a00000, 0x0000000706c00000|  0%| F|  |TAMS 0x0000000706a00000, 0x0000000706a00000| Untracked 
|  31|0x0000000706c00000, 0x0000000706c00000, 0x0000000706e00000|  0%| F|  |TAMS 0x0000000706c00000, 0x0000000706c00000| Untracked 
|  32|0x0000000706e00000, 0x0000000706e00000, 0x0000000707000000|  0%| F|  |TAMS 0x0000000706e00000, 0x0000000706e00000| Untracked 
|  33|0x0000000707000000, 0x0000000707000000, 0x0000000707200000|  0%| F|  |TAMS 0x0000000707000000, 0x0000000707000000| Untracked 
|  34|0x0000000707200000, 0x0000000707200000, 0x0000000707400000|  0%| F|  |TAMS 0x0000000707200000, 0x0000000707200000| Untracked 
|  35|0x0000000707400000, 0x0000000707400000, 0x0000000707600000|  0%| F|  |TAMS 0x0000000707400000, 0x0000000707400000| Untracked 
|  36|0x0000000707600000, 0x0000000707600000, 0x0000000707800000|  0%| F|  |TAMS 0x0000000707600000, 0x0000000707600000| Untracked 
|  37|0x0000000707800000, 0x0000000707800000, 0x0000000707a00000|  0%| F|  |TAMS 0x0000000707800000, 0x0000000707800000| Untracked 
|  38|0x0000000707a00000, 0x0000000707a00000, 0x0000000707c00000|  0%| F|  |TAMS 0x0000000707a00000, 0x0000000707a00000| Untracked 
|  39|0x0000000707c00000, 0x0000000707c00000, 0x0000000707e00000|  0%| F|  |TAMS 0x0000000707c00000, 0x0000000707c00000| Untracked 
|  40|0x0000000707e00000, 0x0000000707e00000, 0x0000000708000000|  0%| F|  |TAMS 0x0000000707e00000, 0x0000000707e00000| Untracked 
|  41|0x0000000708000000, 0x0000000708000000, 0x0000000708200000|  0%| F|  |TAMS 0x0000000708000000, 0x0000000708000000| Untracked 
|  42|0x0000000708200000, 0x0000000708200000, 0x0000000708400000|  0%| F|  |TAMS 0x0000000708200000, 0x0000000708200000| Untracked 
|  43|0x0000000708400000, 0x0000000708400000, 0x0000000708600000|  0%| F|  |TAMS 0x0000000708400000, 0x0000000708400000| Untracked 
|  44|0x0000000708600000, 0x0000000708600000, 0x0000000708800000|  0%| F|  |TAMS 0x0000000708600000, 0x0000000708600000| Untracked 
|  45|0x0000000708800000, 0x0000000708800000, 0x0000000708a00000|  0%| F|  |TAMS 0x0000000708800000, 0x0000000708800000| Untracked 
|  46|0x0000000708a00000, 0x0000000708a00000, 0x0000000708c00000|  0%| F|  |TAMS 0x0000000708a00000, 0x0000000708a00000| Untracked 
|  47|0x0000000708c00000, 0x0000000708c00000, 0x0000000708e00000|  0%| F|  |TAMS 0x0000000708c00000, 0x0000000708c00000| Untracked 
|  48|0x0000000708e00000, 0x0000000708e00000, 0x0000000709000000|  0%| F|  |TAMS 0x0000000708e00000, 0x0000000708e00000| Untracked 
|  49|0x0000000709000000, 0x0000000709000000, 0x0000000709200000|  0%| F|  |TAMS 0x0000000709000000, 0x0000000709000000| Untracked 
|  50|0x0000000709200000, 0x0000000709200000, 0x0000000709400000|  0%| F|  |TAMS 0x0000000709200000, 0x0000000709200000| Untracked 
|  51|0x0000000709400000, 0x0000000709400000, 0x0000000709600000|  0%| F|  |TAMS 0x0000000709400000, 0x0000000709400000| Untracked 
|  52|0x0000000709600000, 0x0000000709600000, 0x0000000709800000|  0%| F|  |TAMS 0x0000000709600000, 0x0000000709600000| Untracked 
|  53|0x0000000709800000, 0x0000000709800000, 0x0000000709a00000|  0%| F|  |TAMS 0x0000000709800000, 0x0000000709800000| Untracked 
|  54|0x0000000709a00000, 0x0000000709a00000, 0x0000000709c00000|  0%| F|  |TAMS 0x0000000709a00000, 0x0000000709a00000| Untracked 
|  55|0x0000000709c00000, 0x0000000709c00000, 0x0000000709e00000|  0%| F|  |TAMS 0x0000000709c00000, 0x0000000709c00000| Untracked 
|  56|0x0000000709e00000, 0x0000000709e00000, 0x000000070a000000|  0%| F|  |TAMS 0x0000000709e00000, 0x0000000709e00000| Untracked 
|  57|0x000000070a000000, 0x000000070a000000, 0x000000070a200000|  0%| F|  |TAMS 0x000000070a000000, 0x000000070a000000| Untracked 
|  58|0x000000070a200000, 0x000000070a200000, 0x000000070a400000|  0%| F|  |TAMS 0x000000070a200000, 0x000000070a200000| Untracked 
|  59|0x000000070a400000, 0x000000070a400000, 0x000000070a600000|  0%| F|  |TAMS 0x000000070a400000, 0x000000070a400000| Untracked 
|  60|0x000000070a600000, 0x000000070a600000, 0x000000070a800000|  0%| F|  |TAMS 0x000000070a600000, 0x000000070a600000| Untracked 
|  61|0x000000070a800000, 0x000000070a800000, 0x000000070aa00000|  0%| F|  |TAMS 0x000000070a800000, 0x000000070a800000| Untracked 
|  62|0x000000070aa00000, 0x000000070aa00000, 0x000000070ac00000|  0%| F|  |TAMS 0x000000070aa00000, 0x000000070aa00000| Untracked 
|  63|0x000000070ac00000, 0x000000070ac00000, 0x000000070ae00000|  0%| F|  |TAMS 0x000000070ac00000, 0x000000070ac00000| Untracked 
|  64|0x000000070ae00000, 0x000000070ae00000, 0x000000070b000000|  0%| F|  |TAMS 0x000000070ae00000, 0x000000070ae00000| Untracked 
|  65|0x000000070b000000, 0x000000070b000000, 0x000000070b200000|  0%| F|  |TAMS 0x000000070b000000, 0x000000070b000000| Untracked 
|  66|0x000000070b200000, 0x000000070b200000, 0x000000070b400000|  0%| F|  |TAMS 0x000000070b200000, 0x000000070b200000| Untracked 
|  67|0x000000070b400000, 0x000000070b400000, 0x000000070b600000|  0%| F|  |TAMS 0x000000070b400000, 0x000000070b400000| Untracked 
|  68|0x000000070b600000, 0x000000070b600000, 0x000000070b800000|  0%| F|  |TAMS 0x000000070b600000, 0x000000070b600000| Untracked 
|  69|0x000000070b800000, 0x000000070b800000, 0x000000070ba00000|  0%| F|  |TAMS 0x000000070b800000, 0x000000070b800000| Untracked 
|  70|0x000000070ba00000, 0x000000070ba00000, 0x000000070bc00000|  0%| F|  |TAMS 0x000000070ba00000, 0x000000070ba00000| Untracked 
|  71|0x000000070bc00000, 0x000000070bc00000, 0x000000070be00000|  0%| F|  |TAMS 0x000000070bc00000, 0x000000070bc00000| Untracked 
|  72|0x000000070be00000, 0x000000070be00000, 0x000000070c000000|  0%| F|  |TAMS 0x000000070be00000, 0x000000070be00000| Untracked 
|  73|0x000000070c000000, 0x000000070c000000, 0x000000070c200000|  0%| F|  |TAMS 0x000000070c000000, 0x000000070c000000| Untracked 
|  74|0x000000070c200000, 0x000000070c200000, 0x000000070c400000|  0%| F|  |TAMS 0x000000070c200000, 0x000000070c200000| Untracked 
|  75|0x000000070c400000, 0x000000070c400000, 0x000000070c600000|  0%| F|  |TAMS 0x000000070c400000, 0x000000070c400000| Untracked 
|  76|0x000000070c600000, 0x000000070c600000, 0x000000070c800000|  0%| F|  |TAMS 0x000000070c600000, 0x000000070c600000| Untracked 
|  77|0x000000070c800000, 0x000000070c800000, 0x000000070ca00000|  0%| F|  |TAMS 0x000000070c800000, 0x000000070c800000| Untracked 
|  78|0x000000070ca00000, 0x000000070ca00000, 0x000000070cc00000|  0%| F|  |TAMS 0x000000070ca00000, 0x000000070ca00000| Untracked 
|  79|0x000000070cc00000, 0x000000070cc00000, 0x000000070ce00000|  0%| F|  |TAMS 0x000000070cc00000, 0x000000070cc00000| Untracked 
|  80|0x000000070ce00000, 0x000000070ce00000, 0x000000070d000000|  0%| F|  |TAMS 0x000000070ce00000, 0x000000070ce00000| Untracked 
|  81|0x000000070d000000, 0x000000070d000000, 0x000000070d200000|  0%| F|  |TAMS 0x000000070d000000, 0x000000070d000000| Untracked 
|  82|0x000000070d200000, 0x000000070d200000, 0x000000070d400000|  0%| F|  |TAMS 0x000000070d200000, 0x000000070d200000| Untracked 
|  83|0x000000070d400000, 0x000000070d400000, 0x000000070d600000|  0%| F|  |TAMS 0x000000070d400000, 0x000000070d400000| Untracked 
|  84|0x000000070d600000, 0x000000070d600000, 0x000000070d800000|  0%| F|  |TAMS 0x000000070d600000, 0x000000070d600000| Untracked 
|  85|0x000000070d800000, 0x000000070d800000, 0x000000070da00000|  0%| F|  |TAMS 0x000000070d800000, 0x000000070d800000| Untracked 
|  86|0x000000070da00000, 0x000000070da00000, 0x000000070dc00000|  0%| F|  |TAMS 0x000000070da00000, 0x000000070da00000| Untracked 
|  87|0x000000070dc00000, 0x000000070dc00000, 0x000000070de00000|  0%| F|  |TAMS 0x000000070dc00000, 0x000000070dc00000| Untracked 
|  88|0x000000070de00000, 0x000000070de00000, 0x000000070e000000|  0%| F|  |TAMS 0x000000070de00000, 0x000000070de00000| Untracked 
|  89|0x000000070e000000, 0x000000070e000000, 0x000000070e200000|  0%| F|  |TAMS 0x000000070e000000, 0x000000070e000000| Untracked 
|  90|0x000000070e200000, 0x000000070e200000, 0x000000070e400000|  0%| F|  |TAMS 0x000000070e200000, 0x000000070e200000| Untracked 
|  91|0x000000070e400000, 0x000000070e400000, 0x000000070e600000|  0%| F|  |TAMS 0x000000070e400000, 0x000000070e400000| Untracked 
|  92|0x000000070e600000, 0x000000070e600000, 0x000000070e800000|  0%| F|  |TAMS 0x000000070e600000, 0x000000070e600000| Untracked 
|  93|0x000000070e800000, 0x000000070e800000, 0x000000070ea00000|  0%| F|  |TAMS 0x000000070e800000, 0x000000070e800000| Untracked 
|  94|0x000000070ea00000, 0x000000070ea00000, 0x000000070ec00000|  0%| F|  |TAMS 0x000000070ea00000, 0x000000070ea00000| Untracked 
|  95|0x000000070ec00000, 0x000000070ec00000, 0x000000070ee00000|  0%| F|  |TAMS 0x000000070ec00000, 0x000000070ec00000| Untracked 
|  96|0x000000070ee00000, 0x000000070ee00000, 0x000000070f000000|  0%| F|  |TAMS 0x000000070ee00000, 0x000000070ee00000| Untracked 
|  97|0x000000070f000000, 0x000000070f000000, 0x000000070f200000|  0%| F|  |TAMS 0x000000070f000000, 0x000000070f000000| Untracked 
|  98|0x000000070f200000, 0x000000070f200000, 0x000000070f400000|  0%| F|  |TAMS 0x000000070f200000, 0x000000070f200000| Untracked 
|  99|0x000000070f400000, 0x000000070f400000, 0x000000070f600000|  0%| F|  |TAMS 0x000000070f400000, 0x000000070f400000| Untracked 
| 100|0x000000070f600000, 0x000000070f600000, 0x000000070f800000|  0%| F|  |TAMS 0x000000070f600000, 0x000000070f600000| Untracked 
| 101|0x000000070f800000, 0x000000070f800000, 0x000000070fa00000|  0%| F|  |TAMS 0x000000070f800000, 0x000000070f800000| Untracked 
| 102|0x000000070fa00000, 0x000000070fa00000, 0x000000070fc00000|  0%| F|  |TAMS 0x000000070fa00000, 0x000000070fa00000| Untracked 
| 103|0x000000070fc00000, 0x000000070fc00000, 0x000000070fe00000|  0%| F|  |TAMS 0x000000070fc00000, 0x000000070fc00000| Untracked 
| 104|0x000000070fe00000, 0x000000070fe00000, 0x0000000710000000|  0%| F|  |TAMS 0x000000070fe00000, 0x000000070fe00000| Untracked 
| 105|0x0000000710000000, 0x0000000710000000, 0x0000000710200000|  0%| F|  |TAMS 0x0000000710000000, 0x0000000710000000| Untracked 
| 106|0x0000000710200000, 0x0000000710200000, 0x0000000710400000|  0%| F|  |TAMS 0x0000000710200000, 0x0000000710200000| Untracked 
| 107|0x0000000710400000, 0x0000000710400000, 0x0000000710600000|  0%| F|  |TAMS 0x0000000710400000, 0x0000000710400000| Untracked 
| 108|0x0000000710600000, 0x0000000710600000, 0x0000000710800000|  0%| F|  |TAMS 0x0000000710600000, 0x0000000710600000| Untracked 
| 109|0x0000000710800000, 0x0000000710800000, 0x0000000710a00000|  0%| F|  |TAMS 0x0000000710800000, 0x0000000710800000| Untracked 
| 110|0x0000000710a00000, 0x0000000710a00000, 0x0000000710c00000|  0%| F|  |TAMS 0x0000000710a00000, 0x0000000710a00000| Untracked 
| 111|0x0000000710c00000, 0x0000000710c00000, 0x0000000710e00000|  0%| F|  |TAMS 0x0000000710c00000, 0x0000000710c00000| Untracked 
| 112|0x0000000710e00000, 0x0000000710e00000, 0x0000000711000000|  0%| F|  |TAMS 0x0000000710e00000, 0x0000000710e00000| Untracked 
| 113|0x0000000711000000, 0x0000000711000000, 0x0000000711200000|  0%| F|  |TAMS 0x0000000711000000, 0x0000000711000000| Untracked 
| 114|0x0000000711200000, 0x0000000711200000, 0x0000000711400000|  0%| F|  |TAMS 0x0000000711200000, 0x0000000711200000| Untracked 
| 115|0x0000000711400000, 0x0000000711400000, 0x0000000711600000|  0%| F|  |TAMS 0x0000000711400000, 0x0000000711400000| Untracked 
| 116|0x0000000711600000, 0x0000000711600000, 0x0000000711800000|  0%| F|  |TAMS 0x0000000711600000, 0x0000000711600000| Untracked 
| 117|0x0000000711800000, 0x0000000711871248, 0x0000000711a00000| 22%| E|  |TAMS 0x0000000711800000, 0x0000000711800000| Complete 
| 118|0x0000000711a00000, 0x0000000711c00000, 0x0000000711c00000|100%| E|CS|TAMS 0x0000000711a00000, 0x0000000711a00000| Complete 
| 119|0x0000000711c00000, 0x0000000711e00000, 0x0000000711e00000|100%| E|  |TAMS 0x0000000711c00000, 0x0000000711c00000| Complete 
| 120|0x0000000711e00000, 0x0000000712000000, 0x0000000712000000|100%| E|CS|TAMS 0x0000000711e00000, 0x0000000711e00000| Complete 
| 121|0x0000000712000000, 0x0000000712200000, 0x0000000712200000|100%| E|CS|TAMS 0x0000000712000000, 0x0000000712000000| Complete 
| 122|0x0000000712200000, 0x0000000712400000, 0x0000000712400000|100%| E|CS|TAMS 0x0000000712200000, 0x0000000712200000| Complete 
| 123|0x0000000712400000, 0x0000000712600000, 0x0000000712600000|100%| E|CS|TAMS 0x0000000712400000, 0x0000000712400000| Complete 
| 124|0x0000000712600000, 0x0000000712800000, 0x0000000712800000|100%| E|CS|TAMS 0x0000000712600000, 0x0000000712600000| Complete 
| 125|0x0000000712800000, 0x0000000712a00000, 0x0000000712a00000|100%| E|CS|TAMS 0x0000000712800000, 0x0000000712800000| Complete 
| 126|0x0000000712a00000, 0x0000000712c00000, 0x0000000712c00000|100%| E|CS|TAMS 0x0000000712a00000, 0x0000000712a00000| Complete 

Card table byte_map: [0x0000011a702a0000,0x0000011a70a90000] _byte_map_base: 0x0000011a6ca89000

Marking Bits (Prev, Next): (CMBitMap*) 0x0000011a582c4c00, (CMBitMap*) 0x0000011a582c4c40
 Prev Bits: [0x0000011a71280000, 0x0000011a751c8000)
 Next Bits: [0x0000011a751d0000, 0x0000011a79118000)

Polling page: 0x0000011a56160000

Metaspace:

Usage:
  Non-class:      7.18 MB capacity,     4.51 MB ( 63%) used,     2.67 MB ( 37%) free+waste,     3.56 KB ( <1%) overhead. 
      Class:    617.00 KB capacity,   323.87 KB ( 52%) used,   292.32 KB ( 47%) free+waste,   832 bytes ( <1%) overhead. 
       Both:      7.78 MB capacity,     4.82 MB ( 62%) used,     2.95 MB ( 38%) free+waste,     4.38 KB ( <1%) overhead. 

Virtual space:
  Non-class space:        8.00 MB reserved,       7.50 MB ( 94%) committed 
      Class space:        1.00 GB reserved,     640.00 KB ( <1%) committed 
             Both:        1.01 GB reserved,       8.13 MB ( <1%) committed 

Chunk freelists:
   Non-Class:  139.00 KB
       Class:  23.00 KB
        Both:  162.00 KB

MaxMetaspaceSize: 17179869184.00 GB
CompressedClassSpaceSize: 1.00 GB

CodeHeap 'non-profiled nmethods': size=120000Kb used=617Kb max_used=617Kb free=119382Kb
 bounds [0x0000011a68250000, 0x0000011a684c0000, 0x0000011a6f780000]
CodeHeap 'profiled nmethods': size=120000Kb used=2067Kb max_used=2067Kb free=117932Kb
 bounds [0x0000011a60d20000, 0x0000011a60f90000, 0x0000011a68250000]
CodeHeap 'non-nmethods': size=5760Kb used=1284Kb max_used=1335Kb free=4476Kb
 bounds [0x0000011a60780000, 0x0000011a609f0000, 0x0000011a60d20000]
 total_blobs=1838 nmethods=1260 adapters=491
 compilation: enabled
              stopped_count=0, restarted_count=0
 full_count=0

Compilation events (20 events):
Event: 42.346 Thread 0x0000011a7bb76400 1251   !   4       java.nio.ByteBuffer::put (248 bytes)
Event: 42.357 Thread 0x0000011a7bb76400 nmethod 1251 0x0000011a682e6510 code [0x0000011a682e66c0, 0x0000011a682e6ab8]
Event: 42.363 Thread 0x0000011a7bb76400 1252       4       java.nio.HeapByteBuffer::put (12 bytes)
Event: 42.375 Thread 0x0000011a7bb76400 nmethod 1252 0x0000011a682e7090 code [0x0000011a682e7220, 0x0000011a682e76d8]
Event: 44.014 Thread 0x0000011a7bb76400 1253       4       com.mygdx.game.CollisionListener::preSolve (1 bytes)
Event: 44.015 Thread 0x0000011a7bb76400 nmethod 1253 0x0000011a682e7d10 code [0x0000011a682e7e80, 0x0000011a682e7ed8]
Event: 44.196 Thread 0x0000011a7bb76eb0 1254       3       com.badlogic.gdx.backends.lwjgl.DefaultLwjglInput::updateKeyboard (293 bytes)
Event: 44.200 Thread 0x0000011a7bb76eb0 nmethod 1254 0x0000011a60f22090 code [0x0000011a60f224a0, 0x0000011a60f23f78]
Event: 44.731 Thread 0x0000011a7bb76400 1255       4       com.mygdx.game.CollisionListener::postSolve (1 bytes)
Event: 44.731 Thread 0x0000011a7bb76400 nmethod 1255 0x0000011a682e8010 code [0x0000011a682e8180, 0x0000011a682e81d8]
Event: 45.095 Thread 0x0000011a7bb76400 1256       4       org.lwjgl.opengl.Display::getPixelScaleFactor (9 bytes)
Event: 45.096 Thread 0x0000011a7bb76400 nmethod 1256 0x0000011a682e8310 code [0x0000011a682e84a0, 0x0000011a682e84f8]
Event: 45.579 Thread 0x0000011a7bb76400 1257       4       java.nio.ByteBuffer::limit (6 bytes)
Event: 45.582 Thread 0x0000011a7bb76400 nmethod 1257 0x0000011a682e8610 code [0x0000011a682e87a0, 0x0000011a682e8898]
Event: 45.731 Thread 0x0000011a7bb76400 1258       4       com.badlogic.gdx.math.Vector3::crs (62 bytes)
Event: 45.733 Thread 0x0000011a7bb76400 nmethod 1258 0x0000011a682e8a10 code [0x0000011a682e8b80, 0x0000011a682e8c38]
Event: 45.745 Thread 0x0000011a7bb76400 1259  s    4       org.lwjgl.opengl.EventQueue::copyEvents (77 bytes)
Event: 45.767 Thread 0x0000011a7bb76400 nmethod 1259 0x0000011a682e8d10 code [0x0000011a682e8ee0, 0x0000011a682e9798]
Event: 45.780 Thread 0x0000011a7bb76400 1260       4       com.badlogic.gdx.backends.lwjgl.LwjglGL20::glBufferData (113 bytes)
Event: 45.784 Thread 0x0000011a7bb76400 nmethod 1260 0x0000011a682ea090 code [0x0000011a682ea220, 0x0000011a682ea408]

GC Heap History (0 events):
No events

Deoptimization events (20 events):
Event: 1.213 Thread 0x0000011a7cafb2d0 DEOPT PACKING pc=0x0000011a60e6b387 sp=0x00000014068fef50
Event: 1.213 Thread 0x0000011a7cafb2d0 DEOPT UNPACKING pc=0x0000011a607ce23f sp=0x00000014068fe378 mode 0
Event: 1.662 Thread 0x0000011a7cafb2d0 DEOPT PACKING pc=0x0000011a60e94ee2 sp=0x00000014068ff060
Event: 1.662 Thread 0x0000011a7cafb2d0 DEOPT UNPACKING pc=0x0000011a607ce23f sp=0x00000014068fe5e8 mode 0
Event: 1.711 Thread 0x0000011a7cafb2d0 DEOPT PACKING pc=0x0000011a60e94ee2 sp=0x00000014068ff060
Event: 1.711 Thread 0x0000011a7cafb2d0 DEOPT UNPACKING pc=0x0000011a607ce23f sp=0x00000014068fe5e8 mode 0
Event: 1.727 Thread 0x0000011a7cafb2d0 DEOPT PACKING pc=0x0000011a60e94ee2 sp=0x00000014068ff060
Event: 1.727 Thread 0x0000011a7cafb2d0 DEOPT UNPACKING pc=0x0000011a607ce23f sp=0x00000014068fe5e8 mode 0
Event: 1.745 Thread 0x0000011a7cafb2d0 DEOPT PACKING pc=0x0000011a60e94ee2 sp=0x00000014068ff060
Event: 1.745 Thread 0x0000011a7cafb2d0 DEOPT UNPACKING pc=0x0000011a607ce23f sp=0x00000014068fe5e8 mode 0
Event: 1.777 Thread 0x0000011a7cafb2d0 DEOPT PACKING pc=0x0000011a60e94ee2 sp=0x00000014068ff060
Event: 1.777 Thread 0x0000011a7cafb2d0 DEOPT UNPACKING pc=0x0000011a607ce23f sp=0x00000014068fe5e8 mode 0
Event: 1.779 Thread 0x0000011a7cafb2d0 DEOPT PACKING pc=0x0000011a60e917c0 sp=0x00000014068ff050
Event: 1.779 Thread 0x0000011a7cafb2d0 DEOPT UNPACKING pc=0x0000011a607ce23f sp=0x00000014068fe5e8 mode 0
Event: 1.812 Thread 0x0000011a7cafb2d0 DEOPT PACKING pc=0x0000011a60e94ee2 sp=0x00000014068ff060
Event: 1.812 Thread 0x0000011a7cafb2d0 DEOPT UNPACKING pc=0x0000011a607ce23f sp=0x00000014068fe5e8 mode 0
Event: 42.129 Thread 0x0000011a7cafb2d0 Uncommon trap: trap_request=0xffffff45 fr.pc=0x0000011a682e2cc4 relative=0x0000000000001544
Event: 42.129 Thread 0x0000011a7cafb2d0 Uncommon trap: reason=unstable_if action=reinterpret pc=0x0000011a682e2cc4 method=com.badlogic.gdx.backends.lwjgl.DefaultLwjglInput.updateKeyboard()V @ 40 c2
Event: 42.129 Thread 0x0000011a7cafb2d0 DEOPT PACKING pc=0x0000011a682e2cc4 sp=0x00000014068ff150
Event: 42.129 Thread 0x0000011a7cafb2d0 DEOPT UNPACKING pc=0x0000011a607ce42f sp=0x00000014068ff108 mode 2

Classes unloaded (0 events):
No events

Classes redefined (0 events):
No events

Internal exceptions (0 events):
No events

Events (20 events):
Event: 1.315 Loaded shared library C:\Users\StefanieZuccarini\AppData\Local\Temp\libgdxStefanieZuccarini\1cecf4f6\lwjgl64.dll
Event: 1.331 Loaded shared library C:\Users\StefanieZuccarini\AppData\Local\Temp\libgdxStefanieZuccarini\1cecf4f6\lwjgl64.dll
Event: 1.332 Loaded shared library C:\Users\StefanieZuccarini\AppData\Local\Temp\libgdxStefanieZuccarini\1cecf4f6\lwjgl64.dll
Event: 1.585 Loaded shared library C:\Program Files\Zulu\zulu-15\bin\java.dll
Event: 1.682 Loaded shared library C:\Users\StefanieZuccarini\AppData\Local\Temp\libgdxStefanieZuccarini\1cecf4f6\lwjgl64.dll
Event: 2.032 Loaded shared library C:\Users\StefanieZuccarini\AppData\Local\Temp\libgdxStefanieZuccarini\1cecf4f6\lwjgl64.dll
Event: 2.248 Loaded shared library C:\Users\StefanieZuccarini\AppData\Local\Temp\libgdxStefanieZuccarini\1cecf4f6\lwjgl64.dll
Event: 2.564 Loaded shared library C:\Program Files\Zulu\zulu-15\bin\java.dll
Event: 2.583 Loaded shared library C:\Users\StefanieZuccarini\AppData\Local\Temp\libgdxStefanieZuccarini\1cecf4f6\lwjgl64.dll
Event: 2.586 Loaded shared library C:\Users\StefanieZuccarini\AppData\Local\Temp\libgdxStefanieZuccarini\1cecf4f6\lwjgl64.dll
Event: 2.681 Loaded shared library C:\Users\StefanieZuccarini\AppData\Local\Temp\libgdxStefanieZuccarini\1cecf4f6\lwjgl64.dll
Event: 3.099 Loaded shared library C:\Users\StefanieZuccarini\AppData\Local\Temp\libgdxStefanieZuccarini\1cecf4f6\lwjgl64.dll
Event: 3.102 Loaded shared library C:\Users\StefanieZuccarini\AppData\Local\Temp\libgdxStefanieZuccarini\1cecf4f6\lwjgl64.dll
Event: 4.183 Loaded shared library C:\Users\StefanieZuccarini\AppData\Local\Temp\libgdxStefanieZuccarini\1cecf4f6\lwjgl64.dll
Event: 5.196 Loaded shared library C:\Users\StefanieZuccarini\AppData\Local\Temp\libgdxStefanieZuccarini\1cecf4f6\lwjgl64.dll
Event: 5.248 Loaded shared library C:\Users\StefanieZuccarini\AppData\Local\Temp\libgdxStefanieZuccarini\1cecf4f6\lwjgl64.dll
Event: 9.463 Loaded shared library C:\Users\StefanieZuccarini\AppData\Local\Temp\libgdxStefanieZuccarini\e1cd32f8\gdx64.dll
Event: 9.480 Loaded shared library C:\Users\StefanieZuccarini\AppData\Local\Temp\libgdxStefanieZuccarini\1cecf4f6\lwjgl64.dll
Event: 9.481 Loaded shared library C:\Users\StefanieZuccarini\AppData\Local\Temp\libgdxStefanieZuccarini\1cecf4f6\lwjgl64.dll
Event: 33.913 Loaded shared library C:\Users\StefanieZuccarini\AppData\Local\Temp\libgdxStefanieZuccarini\1cecf4f6\lwjgl64.dll


Dynamic libraries:
0x00007ff6ff330000 - 0x00007ff6ff33d000 	C:\Program Files\Zulu\zulu-15\bin\java.exe
0x00007ffb2fe00000 - 0x00007ffb2fff0000 	C:\Windows\SYSTEM32\ntdll.dll
0x00007ffb2e5c0000 - 0x00007ffb2e672000 	C:\Windows\System32\KERNEL32.DLL
0x00007ffb2d090000 - 0x00007ffb2d335000 	C:\Windows\System32\KERNELBASE.dll
0x00007ffb2ce40000 - 0x00007ffb2cf3a000 	C:\Windows\System32\ucrtbase.dll
0x00007ffb20640000 - 0x00007ffb20658000 	C:\Program Files\Zulu\zulu-15\bin\jli.dll
0x00007ffb204f0000 - 0x00007ffb20505000 	C:\Program Files\Zulu\zulu-15\bin\VCRUNTIME140.dll
0x00007ffb2e6a0000 - 0x00007ffb2e834000 	C:\Windows\System32\USER32.dll
0x00007ffb02d20000 - 0x00007ffb02fa4000 	C:\Windows\WinSxS\amd64_microsoft.windows.common-controls_6595b64144ccf1df_6.0.18362.1139_none_9e7bf2d3e4605ac6\COMCTL32.dll
0x00007ffb2d600000 - 0x00007ffb2d621000 	C:\Windows\System32\win32u.dll
0x00007ffb2e520000 - 0x00007ffb2e5be000 	C:\Windows\System32\msvcrt.dll
0x00007ffb2fa60000 - 0x00007ffb2fa86000 	C:\Windows\System32\GDI32.dll
0x00007ffb2ef30000 - 0x00007ffb2f265000 	C:\Windows\System32\combase.dll
0x00007ffb2d460000 - 0x00007ffb2d5f6000 	C:\Windows\System32\gdi32full.dll
0x00007ffb2fa90000 - 0x00007ffb2fbb0000 	C:\Windows\System32\RPCRT4.dll
0x00007ffb2d3c0000 - 0x00007ffb2d45e000 	C:\Windows\System32\msvcp_win.dll
0x00007ffb2d340000 - 0x00007ffb2d3c0000 	C:\Windows\System32\bcryptPrimitives.dll
0x00007ffb2f490000 - 0x00007ffb2f4be000 	C:\Windows\System32\IMM32.DLL
0x00007ffaf96b0000 - 0x00007ffaf974b000 	C:\Program Files\Zulu\zulu-15\bin\msvcp140.dll
0x00007ffaa7890000 - 0x00007ffaa8422000 	C:\Program Files\Zulu\zulu-15\bin\server\jvm.dll
0x00007ffb2e000000 - 0x00007ffb2e0a3000 	C:\Windows\System32\ADVAPI32.dll
0x00007ffb2fd10000 - 0x00007ffb2fda7000 	C:\Windows\System32\sechost.dll
0x00007ffb2e3e0000 - 0x00007ffb2e3e8000 	C:\Windows\System32\PSAPI.DLL
0x00007ffb08570000 - 0x00007ffb08579000 	C:\Windows\SYSTEM32\WSOCK32.dll
0x00007ffb29590000 - 0x00007ffb295b4000 	C:\Windows\SYSTEM32\WINMM.dll
0x00007ffb207f0000 - 0x00007ffb207fa000 	C:\Windows\SYSTEM32\VERSION.dll
0x00007ffb2f270000 - 0x00007ffb2f2df000 	C:\Windows\System32\WS2_32.dll
0x00007ffb29560000 - 0x00007ffb2958d000 	C:\Windows\SYSTEM32\winmmbase.dll
0x00007ffb2d6e0000 - 0x00007ffb2d72a000 	C:\Windows\System32\cfgmgr32.dll
0x00007ffb2cd20000 - 0x00007ffb2cd31000 	C:\Windows\System32\kernel.appcore.dll
0x00007ffb29df0000 - 0x00007ffb29dfa000 	C:\Program Files\Zulu\zulu-15\bin\jimage.dll
0x00007ffb28c20000 - 0x00007ffb28e14000 	C:\Windows\SYSTEM32\DBGHELP.DLL
0x00007ffb06180000 - 0x00007ffb061aa000 	C:\Windows\SYSTEM32\dbgcore.DLL
0x00007ffb142b0000 - 0x00007ffb142d5000 	C:\Program Files\Zulu\zulu-15\bin\java.dll
0x00007ffb2e840000 - 0x00007ffb2ef27000 	C:\Windows\System32\SHELL32.dll
0x00007ffb2e3f0000 - 0x00007ffb2e499000 	C:\Windows\System32\shcore.dll
0x00007ffb2d730000 - 0x00007ffb2deb0000 	C:\Windows\System32\windows.storage.dll
0x00007ffb2ccd0000 - 0x00007ffb2ccf3000 	C:\Windows\System32\profapi.dll
0x00007ffb2cd40000 - 0x00007ffb2cd8a000 	C:\Windows\System32\powrprof.dll
0x00007ffb2ccc0000 - 0x00007ffb2ccd0000 	C:\Windows\System32\UMPDC.dll
0x00007ffb2e0b0000 - 0x00007ffb2e102000 	C:\Windows\System32\shlwapi.dll
0x00007ffb2d690000 - 0x00007ffb2d6a7000 	C:\Windows\System32\cryptsp.dll
0x00007ffb14760000 - 0x00007ffb14779000 	C:\Program Files\Zulu\zulu-15\bin\net.dll
0x00007ffb274d0000 - 0x00007ffb275c0000 	C:\Windows\SYSTEM32\WINHTTP.dll
0x00007ffb2c510000 - 0x00007ffb2c577000 	C:\Windows\system32\mswsock.dll
0x00007ffb14290000 - 0x00007ffb142a2000 	C:\Program Files\Zulu\zulu-15\bin\nio.dll
0x00007ffb11330000 - 0x00007ffb11348000 	C:\Program Files\Zulu\zulu-15\bin\zip.dll
0x000000006e700000 - 0x000000006e72a000 	C:\Users\StefanieZuccarini\AppData\Local\Temp\libgdxStefanieZuccarini\e1cd32f8\gdx64.dll
0x00007ffb29300000 - 0x00007ffb29310000 	C:\Program Files\Zulu\zulu-15\bin\verify.dll
0x0000000180000000 - 0x0000000180053000 	C:\Users\StefanieZuccarini\AppData\Local\Temp\libgdxStefanieZuccarini\1cecf4f6\lwjgl64.dll
0x00007ffaef7f0000 - 0x00007ffaef946000 	C:\Windows\SYSTEM32\OPENGL32.dll
0x00007ffaf94c0000 - 0x00007ffaf94ec000 	C:\Windows\SYSTEM32\GLU32.dll
0x00007ffb2b6a0000 - 0x00007ffb2b6c0000 	C:\Windows\SYSTEM32\dxcore.dll
0x0000011a7d120000 - 0x0000011a7d184000 	C:\Users\STEFAN~1\AppData\Local\Temp\libgdxStefanieZuccarini\1cecf4f6\OpenAL64.dll
0x00007ffb2fbb0000 - 0x00007ffb2fd07000 	C:\Windows\System32\ole32.dll
0x00007ffb2ac90000 - 0x00007ffb2ad29000 	C:\Windows\system32\uxtheme.dll
0x00007ffb2e1e0000 - 0x00007ffb2e282000 	C:\Windows\System32\clbcatq.dll
0x00007ffaeb970000 - 0x00007ffaeba09000 	C:\Windows\SYSTEM32\dsound.dll
0x00007ffb19040000 - 0x00007ffb190b2000 	C:\Windows\System32\MMDevApi.dll
0x00007ffb2cab0000 - 0x00007ffb2cada000 	C:\Windows\System32\DEVOBJ.dll
0x00007ffb12830000 - 0x00007ffb1298d000 	C:\Windows\SYSTEM32\AUDIOSES.DLL
0x00007ffb2f930000 - 0x00007ffb2f9f5000 	C:\Windows\System32\OLEAUT32.dll
0x00007ffb27ef0000 - 0x00007ffb28043000 	C:\Windows\SYSTEM32\wintypes.dll
0x00007ffb27420000 - 0x00007ffb274ce000 	C:\Windows\SYSTEM32\mscms.dll
0x00007ffb2cbe0000 - 0x00007ffb2cc05000 	C:\Windows\SYSTEM32\USERENV.dll
0x00007ffb27400000 - 0x00007ffb27417000 	C:\Windows\SYSTEM32\ColorAdapterClient.dll
0x00007ffb21ba0000 - 0x00007ffb21bba000 	C:\Windows\System32\Windows.Internal.Graphics.Display.DisplayColorManagement.dll
0x00007ffb2e290000 - 0x00007ffb2e3c5000 	C:\Windows\System32\MSCTF.dll
0x00007ffb20010000 - 0x00007ffb200ae000 	C:\Windows\System32\TextInputFramework.dll
0x00007ffb281a0000 - 0x00007ffb284ca000 	C:\Windows\System32\CoreUIComponents.dll
0x00007ffb2a860000 - 0x00007ffb2a934000 	C:\Windows\System32\CoreMessaging.dll
0x00007ffb2bba0000 - 0x00007ffb2bbd1000 	C:\Windows\SYSTEM32\ntmarta.dll
0x00007ffb1a960000 - 0x00007ffb1ac07000 	C:\Windows\System32\iertutil.dll
0x00007ffaa6970000 - 0x00007ffaa7887000 	C:\Windows\System32\DriverStore\FileRepository\iigd_dch.inf_amd64_dc945736c722f2b5\ig9icd64.dll
0x00007ffb2b290000 - 0x00007ffb2b2bd000 	C:\Windows\system32\dwmapi.dll
0x00007ffb2b730000 - 0x00007ffb2b81b000 	C:\Windows\system32\dxgi.dll
0x00007ffb20f80000 - 0x00007ffb21124000 	C:\Windows\System32\DriverStore\FileRepository\iigd_dch.inf_amd64_dc945736c722f2b5\igdgmm64.dll
0x00007ffb111d0000 - 0x00007ffb11213000 	C:\Windows\SYSTEM32\icm32.dll
0x00007ffae74f0000 - 0x00007ffae784b000 	C:\Windows\System32\DriverStore\FileRepository\iigd_dch.inf_amd64_dc945736c722f2b5\igdml64.dll
0x00007ffb1c3d0000 - 0x00007ffb1e9d1000 	C:\Windows\System32\DriverStore\FileRepository\iigd_dch.inf_amd64_dc945736c722f2b5\igc64.dll
0x0000000066b00000 - 0x0000000066b5b000 	C:\Users\StefanieZuccarini\AppData\Local\Temp\libgdxStefanieZuccarini\a14961b7\gdx-box2d64.dll

dbghelp: loaded successfully - version: 4.0.5 - missing functions: none
symbol engine: initialized successfully - sym options: 0x614 - pdb path: .;C:\Program Files\Zulu\zulu-15\bin;C:\Windows\SYSTEM32;C:\Windows\WinSxS\amd64_microsoft.windows.common-controls_6595b64144ccf1df_6.0.18362.1139_none_9e7bf2d3e4605ac6;C:\Program Files\Zulu\zulu-15\bin\server;C:\Users\StefanieZuccarini\AppData\Local\Temp\libgdxStefanieZuccarini\e1cd32f8;C:\Users\StefanieZuccarini\AppData\Local\Temp\libgdxStefanieZuccarini\1cecf4f6;C:\Users\STEFAN~1\AppData\Local\Temp\libgdxStefanieZuccarini\1cecf4f6;C:\Windows\System32\DriverStore\FileRepository\iigd_dch.inf_amd64_dc945736c722f2b5;C:\Users\StefanieZuccarini\AppData\Local\Temp\libgdxStefanieZuccarini\a14961b7

VM Arguments:
jvm_args: -Dfile.encoding=windows-1252 -Duser.country=CA -Duser.language=en -Duser.variant 
java_command: com.mygdx.game.desktop.DesktopLauncher
java_class_path (initial): C:\Users\StefanieZuccarini\Documents\GitHub\PortalGame\PortalGame\desktop\build\classes\java\main;C:\Users\StefanieZuccarini\Documents\GitHub\PortalGame\PortalGame\desktop\build\resources\main;C:\Users\StefanieZuccarini\.gradle\caches\modules-2\files-2.1\com.badlogicgames.gdx\gdx-tools\1.10.0\d699cf4953fb42a071c7c3feb9b5c45601aa6a4b\gdx-tools-1.10.0.jar;C:\Users\StefanieZuccarini\.gradle\caches\modules-2\files-2.1\com.badlogicgames.gdx\gdx-backend-lwjgl\1.10.0\58ff89d9e4fd8a82591367f187d606e781cacc05\gdx-backend-lwjgl-1.10.0.jar;C:\Users\StefanieZuccarini\.gradle\caches\modules-2\files-2.1\com.badlogicgames.gdx\gdx-platform\1.10.0\9a8fa793d2fd6d360afc6c9e4c1f5583da263b88\gdx-platform-1.10.0-natives-desktop.jar;C:\Users\StefanieZuccarini\.gradle\caches\modules-2\files-2.1\com.badlogicgames.gdx\gdx-box2d-platform\1.10.0\588c4191c5a64ed39365e71484aa37d81c38eb5e\gdx-box2d-platform-1.10.0-natives-desktop.jar;C:\Users\StefanieZuccarini\.gradle\caches\modules-2\files-2.1\com.badlogicgames.gdx\gdx-bullet-platform\1.10.0\ce92e8dfc762523d769cbc50853163c03bf98cf1\gdx-bullet-platform-1.10.0-natives-desktop.jar;C:\Users\StefanieZuccarini\.gradle\caches\modules-2\files-2.1\com.badlogicgames.gdx\gdx-freetype-platform\1.10.0\6e5d28752759e69384f12e4569d2c884ff71352f\gdx-freetype-platform-1.10.0-natives-desktop.jar;C:\Users\StefanieZuccarini\Documents\GitHub\PortalGame\PortalGame\core\build\libs\core-1.0.jar;C:\Users\StefanieZuccarini\.gradle\caches\modules-2\files-2.1\com.badlogicgames.gdx\gdx-backend-headless\1.10.0\990eadbb431197c5b9b816d1659c772e0268e65\gdx-backend-headless-1.10.0.jar;C:\Users\StefanieZuccarini\.gradle\caches\modules-2\files-2.1\com.badlogicgames.gdx\gdx-freetype\1.10.0\de1d0d5c1e92e8d91364256fd6b7bb279d3e9859\gdx-freetype-1.10.0.jar;C:\Users\StefanieZuccarini\.gradle\caches\modules-2\files-2.1\com.badlogicgames.box2dlights\box2dlights\1.5\6902dbcd250c95a27973aa24a147a95b3828d348\box2dlights-1.5.jar;C:\Users\StefanieZuccarini\.gradle\
Launcher Type: SUN_STANDARD

[Global flags]
     intx CICompilerCount                          = 4                                         {product} {ergonomic}
     uint ConcGCThreads                            = 2                                         {product} {ergonomic}
     uint G1ConcRefinementThreads                  = 8                                         {product} {ergonomic}
   size_t G1HeapRegionSize                         = 2097152                                   {product} {ergonomic}
    uintx GCDrainStackTargetSize                   = 64                                        {product} {ergonomic}
   size_t InitialHeapSize                          = 266338304                                 {product} {ergonomic}
   size_t MarkStackSize                            = 4194304                                   {product} {ergonomic}
   size_t MaxHeapSize                              = 4246732800                                {product} {ergonomic}
   size_t MaxNewSize                               = 2548039680                                {product} {ergonomic}
   size_t MinHeapDeltaBytes                        = 2097152                                   {product} {ergonomic}
   size_t MinHeapSize                              = 8388608                                   {product} {ergonomic}
    uintx NonNMethodCodeHeapSize                   = 5839372                                {pd product} {ergonomic}
    uintx NonProfiledCodeHeapSize                  = 122909434                              {pd product} {ergonomic}
    uintx ProfiledCodeHeapSize                     = 122909434                              {pd product} {ergonomic}
    uintx ReservedCodeCacheSize                    = 251658240                              {pd product} {ergonomic}
     bool SegmentedCodeCache                       = true                                      {product} {ergonomic}
   size_t SoftMaxHeapSize                          = 4246732800                             {manageable} {ergonomic}
     bool UseCompressedClassPointers               = true                                 {lp64_product} {ergonomic}
     bool UseCompressedOops                        = true                                 {lp64_product} {ergonomic}
     bool UseG1GC                                  = true                                      {product} {ergonomic}
     bool UseLargePagesIndividualAllocation        = false                                  {pd product} {ergonomic}

Logging:
Log output configuration:
 #0: stdout all=warning uptime,level,tags
 #1: stderr all=off uptime,level,tags

Environment Variables:
PATH=C:\Program Files\Zulu\zulu-15\bin\;C:\Program Files\Common Files\Oracle\Java\javapath;C:\Program Files (x86)\Common Files\Oracle\Java\javapath;C:\Windows\system32;C:\Windows;C:\Windows\System32\Wbem;C:\Windows\System32\WindowsPowerShell\v1.0\;C:\Windows\System32\OpenSSH\;C:\Program Files\Git\cmd;C:\Users\StefanieZuccarini\AppData\Local\Microsoft\WindowsApps;C:\Program Files\JetBrains\IntelliJ IDEA Community Edition 2021.3\bin;;C:\Users\StefanieZuccarini\AppData\Local\GitHubDesktop\bin
USERNAME=StefanieZuccarini
OS=Windows_NT
PROCESSOR_IDENTIFIER=Intel64 Family 6 Model 142 Stepping 12, GenuineIntel



---------------  S Y S T E M  ---------------

OS:
 Windows 10 , 64 bit Build 18362 (10.0.18362.1110)
OS uptime: 8 days 4:20 hours

CPU: total 8 (initial active 8) (4 cores per cpu, 2 threads per core) family 6 model 142 stepping 12 microcode 0xca, cmov, cx8, fxsr, mmx, sse, sse2, sse3, ssse3, sse4.1, sse4.2, popcnt, vzeroupper, avx, avx2, aes, clmul, erms, 3dnowpref, lzcnt, ht, tsc, tscinvbit, bmi1, bmi2, adx, fma, clflush, clflushopt

Memory: 4k page, system-wide physical 16198M (5062M free)
TotalPageFile size 20038M (AvailPageFile size 7941M)
current process WorkingSet (physical memory assigned to process): 189M, peak: 211M
current process commit charge ("private bytes"): 462M, peak: 485M

vm_info: OpenJDK 64-Bit Server VM (15.0.5+3-MTS) for windows-amd64 JRE (15.0.5+3-MTS) (Zulu15.36+13-CA), built on Oct  8 2021 11:07:26 by "zulu_re" with MS VC++ 15.9 (VS2017)

END.
