#
# A fatal error has been detected by the Java Runtime Environment:
#
#  EXCEPTION_ACCESS_VIOLATION (0xc0000005) at pc=0x0000000066b1fcd9, pid=21652, tid=25132
#
# JRE version: OpenJDK Runtime Environment Zulu15.36+13-CA (15.0.5+3) (build 15.0.5+3-MTS)
# Java VM: OpenJDK 64-Bit Server VM Zulu15.36+13-CA (15.0.5+3-MTS, mixed mode, sharing, tiered, compressed oops, g1 gc, windows-amd64)
# Problematic frame:
# C  [gdx-box2d64.dll+0x1fcd9]
#
# No core dump will be written. Minidumps are not enabled by default on client versions of Windows
#
# If you would like to submit a bug report, please visit:
#   http://www.azul.com/support/
# The crash happened outside the Java Virtual Machine in native code.
# See problematic frame for where to report the bug.
#

---------------  S U M M A R Y ------------

Command Line: -Dfile.encoding=windows-1252 -Duser.country=CA -Duser.language=en -Duser.variant com.mygdx.game.desktop.DesktopLauncher

Host: Intel(R) Core(TM) i7-10700F CPU @ 2.90GHz, 16 cores, 15G,  Windows 10 , 64 bit Build 19041 (10.0.19041.1348)
Time: Sun Dec 19 21:55:01 2021 Eastern Standard Time elapsed time: 4.463691 seconds (0d 0h 0m 4s)

---------------  T H R E A D  ---------------

Current thread (0x000001866b12ba90):  JavaThread "LWJGL Application" [_thread_in_native, id=25132, stack(0x000000224ed00000,0x000000224ee00000)]

Stack: [0x000000224ed00000,0x000000224ee00000],  sp=0x000000224edfed68,  free space=1019k
Native frames: (J=compiled Java code, j=interpreted, Vv=VM code, C=native code)
C  [gdx-box2d64.dll+0x1fcd9]

Java frames: (J=compiled Java code, j=interpreted, Vv=VM code)
j  com.badlogic.gdx.physics.box2d.Fixture.jniSetSensor(JZ)V+0
j  com.badlogic.gdx.physics.box2d.Fixture.setSensor(Z)V+6
j  com.mygdx.game.Portals.setPortal(ILcom/badlogic/gdx/math/Vector2;Lcom/badlogic/gdx/math/Vector2;ZLcom/badlogic/gdx/physics/box2d/Fixture;)V+72
j  com.mygdx.game.Player.shootPortal(I)V+285
j  com.mygdx.game.Player.access$400(Lcom/mygdx/game/Player;I)V+2
j  com.mygdx.game.Player$2.touchDown(IIII)Z+10
j  com.badlogic.gdx.InputEventQueue.drain(Lcom/badlogic/gdx/InputProcessor;)V+239
j  com.badlogic.gdx.backends.lwjgl.DefaultLwjglInput.processEvents()V+8
j  com.badlogic.gdx.backends.lwjgl.LwjglApplication.mainLoop()V+663
j  com.badlogic.gdx.backends.lwjgl.LwjglApplication$1.run()V+27
v  ~StubRoutines::call_stub

siginfo: EXCEPTION_ACCESS_VIOLATION (0xc0000005), reading address 0x0000000000000004


Register to memory mapping:

RIP=0x0000000066b1fcd9 gdx-box2d64.dll
RAX=0x0000000066b25fd0 gdx-box2d64.dll
RBX={method} {0x000001866a64bc70} 'jniSetSensor' '(JZ)V' in 'com/badlogic/gdx/physics/box2d/Fixture'
RCX=0x0000018673770320 points into unknown readable memory: 0x00000186737703e0 | e0 03 77 73 86 01 00 00
RDX=0x0000000000000001 is an unknown value
RSP=0x000000224edfed68 is pointing into the stack for thread: 0x000001866b12ba90
RBP=0x000000224edfee00 is pointing into the stack for thread: 0x000001866b12ba90
RSI=0x0000000000000148 is an unknown value
RDI=0x0000000000000a5b is an unknown value
R8 =0x0 is NULL
R9 =0x0000000000000001 is an unknown value
R10=0x000001864e11f148 is at code_begin+1000 in an Interpreter codelet
method entry point (kind = native)  [0x000001864e11ed60, 0x000001864e11f7e0]  2688 bytes
R11=0x0000000000000102 is an unknown value
R12=0x0 is NULL
R13={method} {0x000001866a64bc70} 'jniSetSensor' '(JZ)V' in 'com/badlogic/gdx/physics/box2d/Fixture'
R14=0x000000224edfee38 is pointing into the stack for thread: 0x000001866b12ba90
R15=0x000001866b12ba90 is a thread


Registers:
RAX=0x0000000066b25fd0, RBX=0x000001866a64bc68, RCX=0x0000018673770320, RDX=0x0000000000000001
RSP=0x000000224edfed68, RBP=0x000000224edfee00, RSI=0x0000000000000148, RDI=0x0000000000000a5b
R8 =0x0000000000000000, R9 =0x0000000000000001, R10=0x000001864e11f148, R11=0x0000000000000102
R12=0x0000000000000000, R13=0x000001866a64bc68, R14=0x000000224edfee38, R15=0x000001866b12ba90
RIP=0x0000000066b1fcd9, EFLAGS=0x0000000000010297

Top of Stack: (sp=0x000000224edfed68)
0x000000224edfed68:   000001864e11f177 000001866a5e88a8
0x000000224edfed78:   0000000000000000 0000000712b379f0
0x000000224edfed88:   000001866a5d7b20 0000000000000000
0x000000224edfed98:   000000224edfedb0 000000224edfee08
0x000000224edfeda8:   000001864e11a1aa 000000071251d130
0x000000224edfedb8:   000000224edfedb8 0000000000000000
0x000000224edfedc8:   000000224edfee38 000001866a650a28
0x000000224edfedd8:   0000000000000000 0000000712797300
0x000000224edfede8:   000001866a64bc68 0000000000000000
0x000000224edfedf8:   000000224edfee20 000000224edfee88
0x000000224edfee08:   000001864e11a1aa 0000000000000000
0x000000224edfee18:   000001864e11c218 0000000000000001
0x000000224edfee28:   0000018673770320 0000000000000000
0x000000224edfee38:   000000071251d130 000000224edfee40
0x000000224edfee48:   000001866a64bbae 000000224edfeea0
0x000000224edfee58:   000001866a650a28 0000000000000000 

Instructions: (pc=0x0000000066b1fcd9)
0x0000000066b1fbd9:   11 4b 08 f3 0f 10 45 04 f3 0f 10 4d 00 f3 0f 5c
0x0000000066b1fbe9:   47 04 f3 0f 5c 0f f3 0f 11 44 24 34 f3 0f 11 4c
0x0000000066b1fbf9:   24 30 e8 00 3b fe ff 44 39 6e 30 0f 8f 46 ff ff
0x0000000066b1fc09:   ff 48 83 c4 68 5b 5e 5f 5d 41 5c 41 5d 41 5e 41
0x0000000066b1fc19:   5f c3 90 0f 1f 40 00 55 57 56 53 48 83 ec 28 48
0x0000000066b1fc29:   89 cb 48 8b 49 10 48 85 c9 74 6b 48 8b 81 88 00
0x0000000066b1fc39:   00 00 48 85 c0 75 11 eb 26 48 39 5a 68 74 13 48
0x0000000066b1fc49:   8b 40 18 48 85 c0 74 17 48 8b 50 08 48 39 5a 60
0x0000000066b1fc59:   75 e7 48 8b 40 18 83 4a 08 08 48 85 c0 75 e9 48
0x0000000066b1fc69:   8b 69 58 48 85 ed 74 2e 8b 43 30 48 81 c5 a0 92
0x0000000066b1fc79:   01 00 85 c0 7e 20 31 ff 31 f6 48 8b 43 28 48 89
0x0000000066b1fc89:   e9 83 c6 01 8b 54 38 1c 48 83 c7 20 e8 96 3a fe
0x0000000066b1fc99:   ff 39 73 30 7f e4 48 83 c4 28 5b 5e 5f 5d c3 0f
0x0000000066b1fca9:   1f 84 00 00 00 00 00 8b 02 89 41 34 0f b7 42 04
0x0000000066b1fcb9:   66 89 41 38 e9 5e ff ff ff 0f 1f 40 00 66 2e 0f
0x0000000066b1fcc9:   1f 84 00 00 00 00 00 38 51 3a 74 23 4c 8b 41 10
0x0000000066b1fcd9:   41 0f b7 40 04 a8 02 75 13 83 c8 02 41 c7 80 ac
0x0000000066b1fce9:   00 00 00 00 00 00 00 66 41 89 40 04 88 51 3a f3
0x0000000066b1fcf9:   c3 66 0f 1f 44 00 00 55 57 56 53 48 83 ec 28 48
0x0000000066b1fd09:   89 cb 48 8d 0d 96 46 02 00 89 d5 e8 07 c7 fe ff
0x0000000066b1fd19:   66 0f ef c0 48 8d 0d 9a 46 02 00 f3 0f 5a 43 20
0x0000000066b1fd29:   66 0f 28 c8 66 48 0f 7e c2 e8 e9 c6 fe ff 66 0f
0x0000000066b1fd39:   ef c0 48 8d 0d 9e 46 02 00 f3 0f 5a 43 24 66 0f
0x0000000066b1fd49:   28 c8 66 48 0f 7e c2 e8 cb c6 fe ff 66 0f ef c0
0x0000000066b1fd59:   48 8d 0d 9f 46 02 00 f3 0f 5a 03 66 48 0f 7e c2
0x0000000066b1fd69:   66 0f 28 c8 e8 ae c6 fe ff 0f b6 53 3a 48 8d 0d
0x0000000066b1fd79:   9d 46 02 00 e8 9e c6 fe ff 0f b7 53 34 48 8d 0d
0x0000000066b1fd89:   ab 46 02 00 e8 8e c6 fe ff 0f b7 53 36 48 8d 0d
0x0000000066b1fd99:   cb 46 02 00 e8 7e c6 fe ff 0f bf 53 38 48 8d 0d
0x0000000066b1fda9:   e3 46 02 00 e8 6e c6 fe ff 48 8b 5b 18 8b 43 08
0x0000000066b1fdb9:   83 f8 01 0f 84 3e 02 00 00 0f 82 d8 01 00 00 83
0x0000000066b1fdc9:   f8 02 0f 84 03 01 00 00 83 f8 03 0f 85 b6 01 00 


Stack slot to memory mapping:
stack at sp + 0 slots: 0x000001864e11f177 is at code_begin+1047 in an Interpreter codelet
method entry point (kind = native)  [0x000001864e11ed60, 0x000001864e11f7e0]  2688 bytes
stack at sp + 1 slots: 0x000001866a5e88a8 is pointing into metadata
stack at sp + 2 slots: 0x0 is NULL
stack at sp + 3 slots: 0x0000000712b379f0 is an oop: java.lang.Class 
{0x0000000712b379f0} - klass: 'java/lang/Class'
stack at sp + 4 slots: {method} {0x000001866a5d7b28} 'free' '(Ljava/lang/Object;)V' in 'com/badlogic/gdx/utils/Pool'
stack at sp + 5 slots: 0x0 is NULL
stack at sp + 6 slots: 0x000000224edfedb0 is pointing into the stack for thread: 0x000001866b12ba90
stack at sp + 7 slots: 0x000000224edfee08 is pointing into the stack for thread: 0x000001866b12ba90


---------------  P R O C E S S  ---------------

Threads class SMR info:
_java_thread_list=0x000001866f1a4f80, length=16, elements={
0x0000018669f6e6e0, 0x000001866a774b60, 0x000001866a790990, 0x000001866a793970,
0x000001866a794bc0, 0x000001866a796140, 0x000001866a79a8d0, 0x000001866a7abb80,
0x000001866a8bbf50, 0x000001866a8bc460, 0x000001866a8e0e80, 0x000001866a8e8850,
0x000001866b12ba90, 0x0000018645bf3120, 0x000001866f0186a0, 0x000001866f1766b0
}

Java Threads: ( => current thread )
  0x0000018669f6e6e0 JavaThread "Reference Handler" daemon [_thread_blocked, id=30088, stack(0x000000224de00000,0x000000224df00000)]
  0x000001866a774b60 JavaThread "Finalizer" daemon [_thread_blocked, id=28500, stack(0x000000224df00000,0x000000224e000000)]
  0x000001866a790990 JavaThread "Signal Dispatcher" daemon [_thread_blocked, id=7052, stack(0x000000224e000000,0x000000224e100000)]
  0x000001866a793970 JavaThread "Attach Listener" daemon [_thread_blocked, id=12408, stack(0x000000224e100000,0x000000224e200000)]
  0x000001866a794bc0 JavaThread "Service Thread" daemon [_thread_blocked, id=30700, stack(0x000000224e200000,0x000000224e300000)]
  0x000001866a796140 JavaThread "C2 CompilerThread0" daemon [_thread_blocked, id=29508, stack(0x000000224e300000,0x000000224e400000)]
  0x000001866a79a8d0 JavaThread "C1 CompilerThread0" daemon [_thread_blocked, id=26348, stack(0x000000224e400000,0x000000224e500000)]
  0x000001866a7abb80 JavaThread "Sweeper thread" daemon [_thread_blocked, id=25416, stack(0x000000224e500000,0x000000224e600000)]
  0x000001866a8bbf50 JavaThread "C1 CompilerThread1" daemon [_thread_blocked, id=30572, stack(0x000000224e600000,0x000000224e700000)]
  0x000001866a8bc460 JavaThread "C1 CompilerThread2" daemon [_thread_blocked, id=30268, stack(0x000000224e700000,0x000000224e800000)]
  0x000001866a8e0e80 JavaThread "Notification Thread" daemon [_thread_blocked, id=2684, stack(0x000000224e800000,0x000000224e900000)]
  0x000001866a8e8850 JavaThread "Common-Cleaner" daemon [_thread_blocked, id=30328, stack(0x000000224ea00000,0x000000224eb00000)]
=>0x000001866b12ba90 JavaThread "LWJGL Application" [_thread_in_native, id=25132, stack(0x000000224ed00000,0x000000224ee00000)]
  0x0000018645bf3120 JavaThread "DestroyJavaVM" [_thread_blocked, id=11220, stack(0x000000224d700000,0x000000224d800000)]
  0x000001866f0186a0 JavaThread "C1 CompilerThread3" daemon [_thread_blocked, id=17348, stack(0x000000224f300000,0x000000224f400000)]
  0x000001866f1766b0 JavaThread "LWJGL Timer" daemon [_thread_blocked, id=5268, stack(0x000000224f700000,0x000000224f800000)]

Other Threads:
  0x0000018669f6d6d0 VMThread "VM Thread" [stack: 0x000000224dd00000,0x000000224de00000] [id=30428]
  0x000001866a8e6780 WatcherThread [stack: 0x000000224e900000,0x000000224ea00000] [id=27260]
  0x0000018645c41320 GCTaskThread "GC Thread#0" [stack: 0x000000224d800000,0x000000224d900000] [id=30256]
  0x0000018645c53280 ConcurrentGCThread "G1 Main Marker" [stack: 0x000000224d900000,0x000000224da00000] [id=2824]
  0x0000018645c556c0 ConcurrentGCThread "G1 Conc#0" [stack: 0x000000224da00000,0x000000224db00000] [id=9192]
  0x0000018645cc0320 ConcurrentGCThread "G1 Refine#0" [stack: 0x000000224db00000,0x000000224dc00000] [id=30260]
  0x0000018669df40f0 ConcurrentGCThread "G1 Young RemSet Sampling" [stack: 0x000000224dc00000,0x000000224dd00000] [id=29892]

Threads with active compile tasks:

VM state: not at safepoint (normal execution)

VM Mutex/Monitor currently owned by a thread: None

Heap address: 0x0000000703800000, size: 4040 MB, Compressed Oops mode: Zero based, Oop shift amount: 3
CDS archive(s) mapped at: [0x0000000800000000-0x0000000800b50000-0x0000000800b50000), size 11862016, SharedBaseAddress: 0x0000000800000000, ArchiveRelocationMode: 0.
Compressed class space mapped at: 0x0000000800b50000-0x0000000840b50000, size: 1073741824
Narrow klass base: 0x0000000800000000, Narrow klass shift: 3, Narrow klass range: 0x100000000

GC Precious Log:
 CPUs: 16 total, 16 available
 Memory: 16154M
 Large Page Support: Disabled
 NUMA Support: Disabled
 Compressed Oops: Enabled (Zero based)
 Heap Region Size: 2M
 Heap Min Capacity: 8M
 Heap Initial Capacity: 254M
 Heap Max Capacity: 4040M
 Pre-touch: Disabled
 Parallel Workers: 13
 Concurrent Workers: 3
 Concurrent Refinement Workers: 13
 Periodic GC: Disabled

Heap:
 garbage-first heap   total 260096K, used 16384K [0x0000000703800000, 0x0000000800000000)
  region size 2048K, 9 young (18432K), 0 survivors (0K)
 Metaspace       used 4818K, capacity 7838K, committed 8064K, reserved 1056768K
  class space    used 322K, capacity 617K, committed 640K, reserved 1048576K

Heap Regions: E=young(eden), S=young(survivor), O=old, HS=humongous(starts), HC=humongous(continues), CS=collection set, F=free, OA=open archive, CA=closed archive, TAMS=top-at-mark-start (previous, next)
|   0|0x0000000703800000, 0x0000000703800000, 0x0000000703a00000|  0%| F|  |TAMS 0x0000000703800000, 0x0000000703800000| Untracked 
|   1|0x0000000703a00000, 0x0000000703a00000, 0x0000000703c00000|  0%| F|  |TAMS 0x0000000703a00000, 0x0000000703a00000| Untracked 
|   2|0x0000000703c00000, 0x0000000703c00000, 0x0000000703e00000|  0%| F|  |TAMS 0x0000000703c00000, 0x0000000703c00000| Untracked 
|   3|0x0000000703e00000, 0x0000000703e00000, 0x0000000704000000|  0%| F|  |TAMS 0x0000000703e00000, 0x0000000703e00000| Untracked 
|   4|0x0000000704000000, 0x0000000704000000, 0x0000000704200000|  0%| F|  |TAMS 0x0000000704000000, 0x0000000704000000| Untracked 
|   5|0x0000000704200000, 0x0000000704200000, 0x0000000704400000|  0%| F|  |TAMS 0x0000000704200000, 0x0000000704200000| Untracked 
|   6|0x0000000704400000, 0x0000000704400000, 0x0000000704600000|  0%| F|  |TAMS 0x0000000704400000, 0x0000000704400000| Untracked 
|   7|0x0000000704600000, 0x0000000704600000, 0x0000000704800000|  0%| F|  |TAMS 0x0000000704600000, 0x0000000704600000| Untracked 
|   8|0x0000000704800000, 0x0000000704800000, 0x0000000704a00000|  0%| F|  |TAMS 0x0000000704800000, 0x0000000704800000| Untracked 
|   9|0x0000000704a00000, 0x0000000704a00000, 0x0000000704c00000|  0%| F|  |TAMS 0x0000000704a00000, 0x0000000704a00000| Untracked 
|  10|0x0000000704c00000, 0x0000000704c00000, 0x0000000704e00000|  0%| F|  |TAMS 0x0000000704c00000, 0x0000000704c00000| Untracked 
|  11|0x0000000704e00000, 0x0000000704e00000, 0x0000000705000000|  0%| F|  |TAMS 0x0000000704e00000, 0x0000000704e00000| Untracked 
|  12|0x0000000705000000, 0x0000000705000000, 0x0000000705200000|  0%| F|  |TAMS 0x0000000705000000, 0x0000000705000000| Untracked 
|  13|0x0000000705200000, 0x0000000705200000, 0x0000000705400000|  0%| F|  |TAMS 0x0000000705200000, 0x0000000705200000| Untracked 
|  14|0x0000000705400000, 0x0000000705400000, 0x0000000705600000|  0%| F|  |TAMS 0x0000000705400000, 0x0000000705400000| Untracked 
|  15|0x0000000705600000, 0x0000000705600000, 0x0000000705800000|  0%| F|  |TAMS 0x0000000705600000, 0x0000000705600000| Untracked 
|  16|0x0000000705800000, 0x0000000705800000, 0x0000000705a00000|  0%| F|  |TAMS 0x0000000705800000, 0x0000000705800000| Untracked 
|  17|0x0000000705a00000, 0x0000000705a00000, 0x0000000705c00000|  0%| F|  |TAMS 0x0000000705a00000, 0x0000000705a00000| Untracked 
|  18|0x0000000705c00000, 0x0000000705c00000, 0x0000000705e00000|  0%| F|  |TAMS 0x0000000705c00000, 0x0000000705c00000| Untracked 
|  19|0x0000000705e00000, 0x0000000705e00000, 0x0000000706000000|  0%| F|  |TAMS 0x0000000705e00000, 0x0000000705e00000| Untracked 
|  20|0x0000000706000000, 0x0000000706000000, 0x0000000706200000|  0%| F|  |TAMS 0x0000000706000000, 0x0000000706000000| Untracked 
|  21|0x0000000706200000, 0x0000000706200000, 0x0000000706400000|  0%| F|  |TAMS 0x0000000706200000, 0x0000000706200000| Untracked 
|  22|0x0000000706400000, 0x0000000706400000, 0x0000000706600000|  0%| F|  |TAMS 0x0000000706400000, 0x0000000706400000| Untracked 
|  23|0x0000000706600000, 0x0000000706600000, 0x0000000706800000|  0%| F|  |TAMS 0x0000000706600000, 0x0000000706600000| Untracked 
|  24|0x0000000706800000, 0x0000000706800000, 0x0000000706a00000|  0%| F|  |TAMS 0x0000000706800000, 0x0000000706800000| Untracked 
|  25|0x0000000706a00000, 0x0000000706a00000, 0x0000000706c00000|  0%| F|  |TAMS 0x0000000706a00000, 0x0000000706a00000| Untracked 
|  26|0x0000000706c00000, 0x0000000706c00000, 0x0000000706e00000|  0%| F|  |TAMS 0x0000000706c00000, 0x0000000706c00000| Untracked 
|  27|0x0000000706e00000, 0x0000000706e00000, 0x0000000707000000|  0%| F|  |TAMS 0x0000000706e00000, 0x0000000706e00000| Untracked 
|  28|0x0000000707000000, 0x0000000707000000, 0x0000000707200000|  0%| F|  |TAMS 0x0000000707000000, 0x0000000707000000| Untracked 
|  29|0x0000000707200000, 0x0000000707200000, 0x0000000707400000|  0%| F|  |TAMS 0x0000000707200000, 0x0000000707200000| Untracked 
|  30|0x0000000707400000, 0x0000000707400000, 0x0000000707600000|  0%| F|  |TAMS 0x0000000707400000, 0x0000000707400000| Untracked 
|  31|0x0000000707600000, 0x0000000707600000, 0x0000000707800000|  0%| F|  |TAMS 0x0000000707600000, 0x0000000707600000| Untracked 
|  32|0x0000000707800000, 0x0000000707800000, 0x0000000707a00000|  0%| F|  |TAMS 0x0000000707800000, 0x0000000707800000| Untracked 
|  33|0x0000000707a00000, 0x0000000707a00000, 0x0000000707c00000|  0%| F|  |TAMS 0x0000000707a00000, 0x0000000707a00000| Untracked 
|  34|0x0000000707c00000, 0x0000000707c00000, 0x0000000707e00000|  0%| F|  |TAMS 0x0000000707c00000, 0x0000000707c00000| Untracked 
|  35|0x0000000707e00000, 0x0000000707e00000, 0x0000000708000000|  0%| F|  |TAMS 0x0000000707e00000, 0x0000000707e00000| Untracked 
|  36|0x0000000708000000, 0x0000000708000000, 0x0000000708200000|  0%| F|  |TAMS 0x0000000708000000, 0x0000000708000000| Untracked 
|  37|0x0000000708200000, 0x0000000708200000, 0x0000000708400000|  0%| F|  |TAMS 0x0000000708200000, 0x0000000708200000| Untracked 
|  38|0x0000000708400000, 0x0000000708400000, 0x0000000708600000|  0%| F|  |TAMS 0x0000000708400000, 0x0000000708400000| Untracked 
|  39|0x0000000708600000, 0x0000000708600000, 0x0000000708800000|  0%| F|  |TAMS 0x0000000708600000, 0x0000000708600000| Untracked 
|  40|0x0000000708800000, 0x0000000708800000, 0x0000000708a00000|  0%| F|  |TAMS 0x0000000708800000, 0x0000000708800000| Untracked 
|  41|0x0000000708a00000, 0x0000000708a00000, 0x0000000708c00000|  0%| F|  |TAMS 0x0000000708a00000, 0x0000000708a00000| Untracked 
|  42|0x0000000708c00000, 0x0000000708c00000, 0x0000000708e00000|  0%| F|  |TAMS 0x0000000708c00000, 0x0000000708c00000| Untracked 
|  43|0x0000000708e00000, 0x0000000708e00000, 0x0000000709000000|  0%| F|  |TAMS 0x0000000708e00000, 0x0000000708e00000| Untracked 
|  44|0x0000000709000000, 0x0000000709000000, 0x0000000709200000|  0%| F|  |TAMS 0x0000000709000000, 0x0000000709000000| Untracked 
|  45|0x0000000709200000, 0x0000000709200000, 0x0000000709400000|  0%| F|  |TAMS 0x0000000709200000, 0x0000000709200000| Untracked 
|  46|0x0000000709400000, 0x0000000709400000, 0x0000000709600000|  0%| F|  |TAMS 0x0000000709400000, 0x0000000709400000| Untracked 
|  47|0x0000000709600000, 0x0000000709600000, 0x0000000709800000|  0%| F|  |TAMS 0x0000000709600000, 0x0000000709600000| Untracked 
|  48|0x0000000709800000, 0x0000000709800000, 0x0000000709a00000|  0%| F|  |TAMS 0x0000000709800000, 0x0000000709800000| Untracked 
|  49|0x0000000709a00000, 0x0000000709a00000, 0x0000000709c00000|  0%| F|  |TAMS 0x0000000709a00000, 0x0000000709a00000| Untracked 
|  50|0x0000000709c00000, 0x0000000709c00000, 0x0000000709e00000|  0%| F|  |TAMS 0x0000000709c00000, 0x0000000709c00000| Untracked 
|  51|0x0000000709e00000, 0x0000000709e00000, 0x000000070a000000|  0%| F|  |TAMS 0x0000000709e00000, 0x0000000709e00000| Untracked 
|  52|0x000000070a000000, 0x000000070a000000, 0x000000070a200000|  0%| F|  |TAMS 0x000000070a000000, 0x000000070a000000| Untracked 
|  53|0x000000070a200000, 0x000000070a200000, 0x000000070a400000|  0%| F|  |TAMS 0x000000070a200000, 0x000000070a200000| Untracked 
|  54|0x000000070a400000, 0x000000070a400000, 0x000000070a600000|  0%| F|  |TAMS 0x000000070a400000, 0x000000070a400000| Untracked 
|  55|0x000000070a600000, 0x000000070a600000, 0x000000070a800000|  0%| F|  |TAMS 0x000000070a600000, 0x000000070a600000| Untracked 
|  56|0x000000070a800000, 0x000000070a800000, 0x000000070aa00000|  0%| F|  |TAMS 0x000000070a800000, 0x000000070a800000| Untracked 
|  57|0x000000070aa00000, 0x000000070aa00000, 0x000000070ac00000|  0%| F|  |TAMS 0x000000070aa00000, 0x000000070aa00000| Untracked 
|  58|0x000000070ac00000, 0x000000070ac00000, 0x000000070ae00000|  0%| F|  |TAMS 0x000000070ac00000, 0x000000070ac00000| Untracked 
|  59|0x000000070ae00000, 0x000000070ae00000, 0x000000070b000000|  0%| F|  |TAMS 0x000000070ae00000, 0x000000070ae00000| Untracked 
|  60|0x000000070b000000, 0x000000070b000000, 0x000000070b200000|  0%| F|  |TAMS 0x000000070b000000, 0x000000070b000000| Untracked 
|  61|0x000000070b200000, 0x000000070b200000, 0x000000070b400000|  0%| F|  |TAMS 0x000000070b200000, 0x000000070b200000| Untracked 
|  62|0x000000070b400000, 0x000000070b400000, 0x000000070b600000|  0%| F|  |TAMS 0x000000070b400000, 0x000000070b400000| Untracked 
|  63|0x000000070b600000, 0x000000070b600000, 0x000000070b800000|  0%| F|  |TAMS 0x000000070b600000, 0x000000070b600000| Untracked 
|  64|0x000000070b800000, 0x000000070b800000, 0x000000070ba00000|  0%| F|  |TAMS 0x000000070b800000, 0x000000070b800000| Untracked 
|  65|0x000000070ba00000, 0x000000070ba00000, 0x000000070bc00000|  0%| F|  |TAMS 0x000000070ba00000, 0x000000070ba00000| Untracked 
|  66|0x000000070bc00000, 0x000000070bc00000, 0x000000070be00000|  0%| F|  |TAMS 0x000000070bc00000, 0x000000070bc00000| Untracked 
|  67|0x000000070be00000, 0x000000070be00000, 0x000000070c000000|  0%| F|  |TAMS 0x000000070be00000, 0x000000070be00000| Untracked 
|  68|0x000000070c000000, 0x000000070c000000, 0x000000070c200000|  0%| F|  |TAMS 0x000000070c000000, 0x000000070c000000| Untracked 
|  69|0x000000070c200000, 0x000000070c200000, 0x000000070c400000|  0%| F|  |TAMS 0x000000070c200000, 0x000000070c200000| Untracked 
|  70|0x000000070c400000, 0x000000070c400000, 0x000000070c600000|  0%| F|  |TAMS 0x000000070c400000, 0x000000070c400000| Untracked 
|  71|0x000000070c600000, 0x000000070c600000, 0x000000070c800000|  0%| F|  |TAMS 0x000000070c600000, 0x000000070c600000| Untracked 
|  72|0x000000070c800000, 0x000000070c800000, 0x000000070ca00000|  0%| F|  |TAMS 0x000000070c800000, 0x000000070c800000| Untracked 
|  73|0x000000070ca00000, 0x000000070ca00000, 0x000000070cc00000|  0%| F|  |TAMS 0x000000070ca00000, 0x000000070ca00000| Untracked 
|  74|0x000000070cc00000, 0x000000070cc00000, 0x000000070ce00000|  0%| F|  |TAMS 0x000000070cc00000, 0x000000070cc00000| Untracked 
|  75|0x000000070ce00000, 0x000000070ce00000, 0x000000070d000000|  0%| F|  |TAMS 0x000000070ce00000, 0x000000070ce00000| Untracked 
|  76|0x000000070d000000, 0x000000070d000000, 0x000000070d200000|  0%| F|  |TAMS 0x000000070d000000, 0x000000070d000000| Untracked 
|  77|0x000000070d200000, 0x000000070d200000, 0x000000070d400000|  0%| F|  |TAMS 0x000000070d200000, 0x000000070d200000| Untracked 
|  78|0x000000070d400000, 0x000000070d400000, 0x000000070d600000|  0%| F|  |TAMS 0x000000070d400000, 0x000000070d400000| Untracked 
|  79|0x000000070d600000, 0x000000070d600000, 0x000000070d800000|  0%| F|  |TAMS 0x000000070d600000, 0x000000070d600000| Untracked 
|  80|0x000000070d800000, 0x000000070d800000, 0x000000070da00000|  0%| F|  |TAMS 0x000000070d800000, 0x000000070d800000| Untracked 
|  81|0x000000070da00000, 0x000000070da00000, 0x000000070dc00000|  0%| F|  |TAMS 0x000000070da00000, 0x000000070da00000| Untracked 
|  82|0x000000070dc00000, 0x000000070dc00000, 0x000000070de00000|  0%| F|  |TAMS 0x000000070dc00000, 0x000000070dc00000| Untracked 
|  83|0x000000070de00000, 0x000000070de00000, 0x000000070e000000|  0%| F|  |TAMS 0x000000070de00000, 0x000000070de00000| Untracked 
|  84|0x000000070e000000, 0x000000070e000000, 0x000000070e200000|  0%| F|  |TAMS 0x000000070e000000, 0x000000070e000000| Untracked 
|  85|0x000000070e200000, 0x000000070e200000, 0x000000070e400000|  0%| F|  |TAMS 0x000000070e200000, 0x000000070e200000| Untracked 
|  86|0x000000070e400000, 0x000000070e400000, 0x000000070e600000|  0%| F|  |TAMS 0x000000070e400000, 0x000000070e400000| Untracked 
|  87|0x000000070e600000, 0x000000070e600000, 0x000000070e800000|  0%| F|  |TAMS 0x000000070e600000, 0x000000070e600000| Untracked 
|  88|0x000000070e800000, 0x000000070e800000, 0x000000070ea00000|  0%| F|  |TAMS 0x000000070e800000, 0x000000070e800000| Untracked 
|  89|0x000000070ea00000, 0x000000070ea00000, 0x000000070ec00000|  0%| F|  |TAMS 0x000000070ea00000, 0x000000070ea00000| Untracked 
|  90|0x000000070ec00000, 0x000000070ec00000, 0x000000070ee00000|  0%| F|  |TAMS 0x000000070ec00000, 0x000000070ec00000| Untracked 
|  91|0x000000070ee00000, 0x000000070ee00000, 0x000000070f000000|  0%| F|  |TAMS 0x000000070ee00000, 0x000000070ee00000| Untracked 
|  92|0x000000070f000000, 0x000000070f000000, 0x000000070f200000|  0%| F|  |TAMS 0x000000070f000000, 0x000000070f000000| Untracked 
|  93|0x000000070f200000, 0x000000070f200000, 0x000000070f400000|  0%| F|  |TAMS 0x000000070f200000, 0x000000070f200000| Untracked 
|  94|0x000000070f400000, 0x000000070f400000, 0x000000070f600000|  0%| F|  |TAMS 0x000000070f400000, 0x000000070f400000| Untracked 
|  95|0x000000070f600000, 0x000000070f600000, 0x000000070f800000|  0%| F|  |TAMS 0x000000070f600000, 0x000000070f600000| Untracked 
|  96|0x000000070f800000, 0x000000070f800000, 0x000000070fa00000|  0%| F|  |TAMS 0x000000070f800000, 0x000000070f800000| Untracked 
|  97|0x000000070fa00000, 0x000000070fa00000, 0x000000070fc00000|  0%| F|  |TAMS 0x000000070fa00000, 0x000000070fa00000| Untracked 
|  98|0x000000070fc00000, 0x000000070fc00000, 0x000000070fe00000|  0%| F|  |TAMS 0x000000070fc00000, 0x000000070fc00000| Untracked 
|  99|0x000000070fe00000, 0x000000070fe00000, 0x0000000710000000|  0%| F|  |TAMS 0x000000070fe00000, 0x000000070fe00000| Untracked 
| 100|0x0000000710000000, 0x0000000710000000, 0x0000000710200000|  0%| F|  |TAMS 0x0000000710000000, 0x0000000710000000| Untracked 
| 101|0x0000000710200000, 0x0000000710200000, 0x0000000710400000|  0%| F|  |TAMS 0x0000000710200000, 0x0000000710200000| Untracked 
| 102|0x0000000710400000, 0x0000000710400000, 0x0000000710600000|  0%| F|  |TAMS 0x0000000710400000, 0x0000000710400000| Untracked 
| 103|0x0000000710600000, 0x0000000710600000, 0x0000000710800000|  0%| F|  |TAMS 0x0000000710600000, 0x0000000710600000| Untracked 
| 104|0x0000000710800000, 0x0000000710800000, 0x0000000710a00000|  0%| F|  |TAMS 0x0000000710800000, 0x0000000710800000| Untracked 
| 105|0x0000000710a00000, 0x0000000710a00000, 0x0000000710c00000|  0%| F|  |TAMS 0x0000000710a00000, 0x0000000710a00000| Untracked 
| 106|0x0000000710c00000, 0x0000000710c00000, 0x0000000710e00000|  0%| F|  |TAMS 0x0000000710c00000, 0x0000000710c00000| Untracked 
| 107|0x0000000710e00000, 0x0000000710e00000, 0x0000000711000000|  0%| F|  |TAMS 0x0000000710e00000, 0x0000000710e00000| Untracked 
| 108|0x0000000711000000, 0x0000000711000000, 0x0000000711200000|  0%| F|  |TAMS 0x0000000711000000, 0x0000000711000000| Untracked 
| 109|0x0000000711200000, 0x0000000711200000, 0x0000000711400000|  0%| F|  |TAMS 0x0000000711200000, 0x0000000711200000| Untracked 
| 110|0x0000000711400000, 0x0000000711400000, 0x0000000711600000|  0%| F|  |TAMS 0x0000000711400000, 0x0000000711400000| Untracked 
| 111|0x0000000711600000, 0x0000000711600000, 0x0000000711800000|  0%| F|  |TAMS 0x0000000711600000, 0x0000000711600000| Untracked 
| 112|0x0000000711800000, 0x0000000711800000, 0x0000000711a00000|  0%| F|  |TAMS 0x0000000711800000, 0x0000000711800000| Untracked 
| 113|0x0000000711a00000, 0x0000000711a00000, 0x0000000711c00000|  0%| F|  |TAMS 0x0000000711a00000, 0x0000000711a00000| Untracked 
| 114|0x0000000711c00000, 0x0000000711c00000, 0x0000000711e00000|  0%| F|  |TAMS 0x0000000711c00000, 0x0000000711c00000| Untracked 
| 115|0x0000000711e00000, 0x0000000711e00000, 0x0000000712000000|  0%| F|  |TAMS 0x0000000711e00000, 0x0000000711e00000| Untracked 
| 116|0x0000000712000000, 0x0000000712000000, 0x0000000712200000|  0%| F|  |TAMS 0x0000000712000000, 0x0000000712000000| Untracked 
| 117|0x0000000712200000, 0x0000000712200000, 0x0000000712400000|  0%| F|  |TAMS 0x0000000712200000, 0x0000000712200000| Untracked 
| 118|0x0000000712400000, 0x0000000712579108, 0x0000000712600000| 73%| E|  |TAMS 0x0000000712400000, 0x0000000712400000| Complete 
| 119|0x0000000712600000, 0x0000000712800000, 0x0000000712800000|100%| E|CS|TAMS 0x0000000712600000, 0x0000000712600000| Complete 
| 120|0x0000000712800000, 0x0000000712a00000, 0x0000000712a00000|100%| E|CS|TAMS 0x0000000712800000, 0x0000000712800000| Complete 
| 121|0x0000000712a00000, 0x0000000712c00000, 0x0000000712c00000|100%| E|CS|TAMS 0x0000000712a00000, 0x0000000712a00000| Complete 
| 122|0x0000000712c00000, 0x0000000712e00000, 0x0000000712e00000|100%| E|CS|TAMS 0x0000000712c00000, 0x0000000712c00000| Complete 
| 123|0x0000000712e00000, 0x0000000713000000, 0x0000000713000000|100%| E|CS|TAMS 0x0000000712e00000, 0x0000000712e00000| Complete 
| 124|0x0000000713000000, 0x0000000713200000, 0x0000000713200000|100%| E|CS|TAMS 0x0000000713000000, 0x0000000713000000| Complete 
| 125|0x0000000713200000, 0x0000000713400000, 0x0000000713400000|100%| E|CS|TAMS 0x0000000713200000, 0x0000000713200000| Complete 
| 126|0x0000000713400000, 0x0000000713600000, 0x0000000713600000|100%| E|CS|TAMS 0x0000000713400000, 0x0000000713400000| Complete 

Card table byte_map: [0x000001865e180000,0x000001865e970000] _byte_map_base: 0x000001865a964000

Marking Bits (Prev, Next): (CMBitMap*) 0x0000018645c42ba0, (CMBitMap*) 0x0000018645c42be0
 Prev Bits: [0x000001865f160000, 0x0000018663080000)
 Next Bits: [0x0000018663080000, 0x0000018666fa0000)

Polling page: 0x0000018643a00000

Metaspace:

Usage:
  Non-class:      7.05 MB capacity,     4.39 MB ( 62%) used,     2.66 MB ( 38%) free+waste,     3.44 KB ( <1%) overhead. 
      Class:    617.00 KB capacity,   322.30 KB ( 52%) used,   293.89 KB ( 48%) free+waste,   832 bytes ( <1%) overhead. 
       Both:      7.65 MB capacity,     4.71 MB ( 61%) used,     2.94 MB ( 38%) free+waste,     4.25 KB ( <1%) overhead. 

Virtual space:
  Non-class space:        8.00 MB reserved,       7.25 MB ( 91%) committed 
      Class space:        1.00 GB reserved,     640.00 KB ( <1%) committed 
             Both:        1.01 GB reserved,       7.88 MB ( <1%) committed 

Chunk freelists:
   Non-Class:  139.00 KB
       Class:  23.00 KB
        Both:  162.00 KB

MaxMetaspaceSize: 17179869184.00 GB
CompressedClassSpaceSize: 1.00 GB

CodeHeap 'non-profiled nmethods': size=119168Kb used=307Kb max_used=307Kb free=118860Kb
 bounds [0x0000018655cb0000, 0x0000018655f20000, 0x000001865d110000]
CodeHeap 'profiled nmethods': size=119104Kb used=1908Kb max_used=1908Kb free=117195Kb
 bounds [0x000001864e860000, 0x000001864ead0000, 0x0000018655cb0000]
CodeHeap 'non-nmethods': size=7488Kb used=2976Kb max_used=2995Kb free=4511Kb
 bounds [0x000001864e110000, 0x000001864e400000, 0x000001864e860000]
 total_blobs=1674 nmethods=1093 adapters=491
 compilation: enabled
              stopped_count=0, restarted_count=0
 full_count=0

Compilation events (20 events):
Event: 4.244 Thread 0x000001866a8bbf50 nmethod 1081 0x0000018655cfb910 code [0x0000018655cfbaa0, 0x0000018655cfbb58]
Event: 4.244 Thread 0x000001866f0186a0 nmethod 1080 0x000001864ea37790 code [0x000001864ea37a00, 0x000001864ea38308]
Event: 4.261 Thread 0x000001866f0186a0 1084       3       com.badlogic.gdx.graphics.g2d.SpriteBatch::begin (65 bytes)
Event: 4.261 Thread 0x000001866a8bbf50 1085       3       com.badlogic.gdx.graphics.g2d.SpriteBatch::setupMatrices (76 bytes)
Event: 4.261 Thread 0x000001866a79a8d0 1086       3       com.badlogic.gdx.backends.lwjgl.LwjglGL20::glUniform1i (6 bytes)
Event: 4.261 Thread 0x000001866a8bc460 1087       3       org.lwjgl.opengl.GL20::glUniform1i (20 bytes)
Event: 4.261 Thread 0x000001866a79a8d0 nmethod 1086 0x000001864ea38610 code [0x000001864ea387c0, 0x000001864ea388e8]
Event: 4.261 Thread 0x000001866a79a8d0 1082       1       com.badlogic.gdx.backends.lwjgl.DefaultLwjglInput::setInputProcessor (6 bytes)
Event: 4.261 Thread 0x000001866a79a8d0 nmethod 1082 0x0000018655cfc010 code [0x0000018655cfc1a0, 0x0000018655cfc2b8]
Event: 4.261 Thread 0x000001866a8bbf50 nmethod 1085 0x000001864ea38990 code [0x000001864ea38c00, 0x000001864ea393b8]
Event: 4.261 Thread 0x000001866a8bc460 nmethod 1087 0x000001864ea39790 code [0x000001864ea399a0, 0x000001864ea3a0d8]
Event: 4.261 Thread 0x000001866f0186a0 nmethod 1084 0x000001864ea3a390 code [0x000001864ea3a600, 0x000001864ea3aea8]
Event: 4.261 Thread 0x000001866f0186a0 1089       3       com.badlogic.gdx.graphics.g2d.SpriteBatch::end (66 bytes)
Event: 4.261 Thread 0x000001866a79a8d0 1090       3       com.badlogic.gdx.graphics.g2d.SpriteBatch::isBlendingEnabled (13 bytes)
Event: 4.261 Thread 0x000001866a79a8d0 nmethod 1090 0x000001864ea3b290 code [0x000001864ea3b420, 0x000001864ea3b578]
Event: 4.262 Thread 0x000001866f0186a0 nmethod 1089 0x000001864ea3b610 code [0x000001864ea3b820, 0x000001864ea3bdf8]
Event: 4.262 Thread 0x000001866f0186a0 1092       3       com.badlogic.gdx.utils.LongMap::values (112 bytes)
Event: 4.262 Thread 0x000001866f0186a0 nmethod 1092 0x000001864ea3c010 code [0x000001864ea3c2a0, 0x000001864ea3cec8]
Event: 4.344 Thread 0x000001866a796140 1093       4       com.badlogic.gdx.utils.Array$ArrayIterator::hasNext (37 bytes)
Event: 4.344 Thread 0x000001866a796140 nmethod 1093 0x0000018655cfcb10 code [0x0000018655cfcc80, 0x0000018655cfcd18]

GC Heap History (0 events):
No events

Deoptimization events (20 events):
Event: 1.327 Thread 0x000001866b12ba90 DEOPT PACKING pc=0x000001864e9d6d87 sp=0x000000224edfef60
Event: 1.327 Thread 0x000001866b12ba90 DEOPT UNPACKING pc=0x000001864e15e23f sp=0x000000224edfe388 mode 0
Event: 1.360 Thread 0x000001866b12ba90 DEOPT PACKING pc=0x000001864e9d6d87 sp=0x000000224edfef60
Event: 1.360 Thread 0x000001866b12ba90 DEOPT UNPACKING pc=0x000001864e15e23f sp=0x000000224edfe388 mode 0
Event: 1.363 Thread 0x000001866b12ba90 DEOPT PACKING pc=0x000001864e9e6492 sp=0x000000224edff060
Event: 1.363 Thread 0x000001866b12ba90 DEOPT UNPACKING pc=0x000001864e15e23f sp=0x000000224edfe5e8 mode 0
Event: 1.380 Thread 0x000001866b12ba90 DEOPT PACKING pc=0x000001864e9e6492 sp=0x000000224edff060
Event: 1.380 Thread 0x000001866b12ba90 DEOPT UNPACKING pc=0x000001864e15e23f sp=0x000000224edfe5e8 mode 0
Event: 1.380 Thread 0x000001866b12ba90 DEOPT PACKING pc=0x000001864e9d6d87 sp=0x000000224edfef60
Event: 1.380 Thread 0x000001866b12ba90 DEOPT UNPACKING pc=0x000001864e15e23f sp=0x000000224edfe388 mode 0
Event: 1.397 Thread 0x000001866b12ba90 DEOPT PACKING pc=0x000001864e9e6492 sp=0x000000224edff060
Event: 1.397 Thread 0x000001866b12ba90 DEOPT UNPACKING pc=0x000001864e15e23f sp=0x000000224edfe5e8 mode 0
Event: 1.410 Thread 0x000001866b12ba90 DEOPT PACKING pc=0x000001864e9d6d87 sp=0x000000224edfef60
Event: 1.410 Thread 0x000001866b12ba90 DEOPT UNPACKING pc=0x000001864e15e23f sp=0x000000224edfe388 mode 0
Event: 1.446 Thread 0x000001866b12ba90 DEOPT PACKING pc=0x000001864e9e6492 sp=0x000000224edff060
Event: 1.446 Thread 0x000001866b12ba90 DEOPT UNPACKING pc=0x000001864e15e23f sp=0x000000224edfe5e8 mode 0
Event: 1.513 Thread 0x000001866b12ba90 DEOPT PACKING pc=0x000001864e9e6492 sp=0x000000224edff060
Event: 1.513 Thread 0x000001866b12ba90 DEOPT UNPACKING pc=0x000001864e15e23f sp=0x000000224edfe5e8 mode 0
Event: 1.596 Thread 0x000001866b12ba90 DEOPT PACKING pc=0x000001864e9e6492 sp=0x000000224edff060
Event: 1.596 Thread 0x000001866b12ba90 DEOPT UNPACKING pc=0x000001864e15e23f sp=0x000000224edfe5e8 mode 0

Classes unloaded (0 events):
No events

Classes redefined (0 events):
No events

Internal exceptions (3 events):
Event: 0.525 Thread 0x000001866b12ba90 Exception <a 'org/lwjgl/LWJGLException'{0x0000000712e8fe10}: Failed to set device gamma.> (0x0000000712e8fe10) 
thrown [./src/hotspot/share/prims/jni.cpp, line 599]
Event: 2.013 Thread 0x000001866b12ba90 Exception <a 'org/lwjgl/LWJGLException'{0x0000000712516150}: Failed to set device gamma.> (0x0000000712516150) 
thrown [./src/hotspot/share/prims/jni.cpp, line 599]
Event: 3.036 Thread 0x000001866b12ba90 Exception <a 'org/lwjgl/LWJGLException'{0x0000000712516670}: Failed to set device gamma.> (0x0000000712516670) 
thrown [./src/hotspot/share/prims/jni.cpp, line 599]

Events (20 events):
Event: 1.130 Loaded shared library C:\Users\dougl\AppData\Local\Temp\libgdxdougl\1cecf4f6\lwjgl64.dll
Event: 1.145 Loaded shared library C:\Users\dougl\.jdks\azul-15.0.5\bin\java.dll
Event: 1.247 Thread 0x000001866f167d80 Thread exited: 0x000001866f167d80
Event: 1.261 Thread 0x000001866f189360 Thread exited: 0x000001866f189360
Event: 1.298 Loaded shared library C:\Users\dougl\AppData\Local\Temp\libgdxdougl\1cecf4f6\lwjgl64.dll
Event: 1.311 Loaded shared library C:\Users\dougl\AppData\Local\Temp\libgdxdougl\1cecf4f6\lwjgl64.dll
Event: 1.331 Loaded shared library C:\Users\dougl\AppData\Local\Temp\libgdxdougl\1cecf4f6\lwjgl64.dll
Event: 1.877 Loaded shared library C:\Users\dougl\AppData\Local\Temp\libgdxdougl\1cecf4f6\lwjgl64.dll
Event: 1.894 Loaded shared library C:\Users\dougl\AppData\Local\Temp\libgdxdougl\1cecf4f6\lwjgl64.dll
Event: 1.897 Loaded shared library C:\Users\dougl\AppData\Local\Temp\libgdxdougl\1cecf4f6\lwjgl64.dll
Event: 2.362 Loaded shared library C:\Users\dougl\.jdks\azul-15.0.5\bin\java.dll
Event: 3.195 Loaded shared library C:\Users\dougl\AppData\Local\Temp\libgdxdougl\1cecf4f6\lwjgl64.dll
Event: 3.207 Loaded shared library C:\Users\dougl\.jdks\azul-15.0.5\bin\java.dll
Event: 3.311 Loaded shared library C:\Users\dougl\AppData\Local\Temp\libgdxdougl\1cecf4f6\lwjgl64.dll
Event: 3.311 Loaded shared library C:\Users\dougl\AppData\Local\Temp\libgdxdougl\1cecf4f6\lwjgl64.dll
Event: 3.411 Loaded shared library C:\Users\dougl\AppData\Local\Temp\libgdxdougl\1cecf4f6\lwjgl64.dll
Event: 3.428 Loaded shared library C:\Users\dougl\AppData\Local\Temp\libgdxdougl\1cecf4f6\lwjgl64.dll
Event: 3.428 Loaded shared library C:\Users\dougl\AppData\Local\Temp\libgdxdougl\1cecf4f6\lwjgl64.dll
Event: 4.261 Loaded shared library C:\Users\dougl\AppData\Local\Temp\libgdxdougl\1cecf4f6\lwjgl64.dll
Event: 4.262 Loaded shared library C:\Users\dougl\AppData\Local\Temp\libgdxdougl\1cecf4f6\lwjgl64.dll


Dynamic libraries:
0x00007ff666ba0000 - 0x00007ff666bad000 	C:\Users\dougl\.jdks\azul-15.0.5\bin\java.exe
0x00007ffc92c10000 - 0x00007ffc92e05000 	C:\Windows\SYSTEM32\ntdll.dll
0x00007ffc92ab0000 - 0x00007ffc92b6e000 	C:\Windows\System32\KERNEL32.DLL
0x00007ffc905c0000 - 0x00007ffc90888000 	C:\Windows\System32\KERNELBASE.dll
0x00007ffc722c0000 - 0x00007ffc722d5000 	C:\Users\dougl\.jdks\azul-15.0.5\bin\VCRUNTIME140.dll
0x00007ffc90b60000 - 0x00007ffc90c60000 	C:\Windows\System32\ucrtbase.dll
0x00007ffc76390000 - 0x00007ffc763a8000 	C:\Users\dougl\.jdks\azul-15.0.5\bin\jli.dll
0x00007ffc7b9f0000 - 0x00007ffc7bc8a000 	C:\Windows\WinSxS\amd64_microsoft.windows.common-controls_6595b64144ccf1df_6.0.19041.1110_none_60b5254171f9507e\COMCTL32.dll
0x00007ffc911b0000 - 0x00007ffc91351000 	C:\Windows\System32\USER32.dll
0x00007ffc91b80000 - 0x00007ffc91c1e000 	C:\Windows\System32\msvcrt.dll
0x00007ffc90890000 - 0x00007ffc908b2000 	C:\Windows\System32\win32u.dll
0x00007ffc91b50000 - 0x00007ffc91b7b000 	C:\Windows\System32\GDI32.dll
0x00007ffc908c0000 - 0x00007ffc909cb000 	C:\Windows\System32\gdi32full.dll
0x00007ffc903e0000 - 0x00007ffc9047d000 	C:\Windows\System32\msvcp_win.dll
0x00007ffc91850000 - 0x00007ffc91880000 	C:\Windows\System32\IMM32.DLL
0x00007ffc60890000 - 0x00007ffc6092b000 	C:\Users\dougl\.jdks\azul-15.0.5\bin\msvcp140.dll
0x00007ffbba1f0000 - 0x00007ffbbad82000 	C:\Users\dougl\.jdks\azul-15.0.5\bin\server\jvm.dll
0x00007ffc91880000 - 0x00007ffc9192c000 	C:\Windows\System32\ADVAPI32.dll
0x00007ffc91c50000 - 0x00007ffc91ceb000 	C:\Windows\System32\sechost.dll
0x00007ffc92980000 - 0x00007ffc92aaa000 	C:\Windows\System32\RPCRT4.dll
0x00007ffc91b30000 - 0x00007ffc91b38000 	C:\Windows\System32\PSAPI.DLL
0x00007ffc79ef0000 - 0x00007ffc79ef9000 	C:\Windows\SYSTEM32\WSOCK32.dll
0x00007ffc86710000 - 0x00007ffc86737000 	C:\Windows\SYSTEM32\WINMM.dll
0x00007ffc89390000 - 0x00007ffc8939a000 	C:\Windows\SYSTEM32\VERSION.dll
0x00007ffc91090000 - 0x00007ffc910fb000 	C:\Windows\System32\WS2_32.dll
0x00007ffc8e430000 - 0x00007ffc8e442000 	C:\Windows\SYSTEM32\kernel.appcore.dll
0x00007ffc71b50000 - 0x00007ffc71b5a000 	C:\Users\dougl\.jdks\azul-15.0.5\bin\jimage.dll
0x00007ffc8dfd0000 - 0x00007ffc8e1b4000 	C:\Windows\SYSTEM32\DBGHELP.DLL
0x00007ffc78330000 - 0x00007ffc7835c000 	C:\Windows\SYSTEM32\dbgcore.DLL
0x00007ffc90530000 - 0x00007ffc905b3000 	C:\Windows\System32\bcryptPrimitives.dll
0x00007ffc71aa0000 - 0x00007ffc71ac5000 	C:\Users\dougl\.jdks\azul-15.0.5\bin\java.dll
0x00007ffc91dc0000 - 0x00007ffc924ff000 	C:\Windows\System32\SHELL32.dll
0x00007ffc8e450000 - 0x00007ffc8ebe0000 	C:\Windows\SYSTEM32\windows.storage.dll
0x00007ffc91440000 - 0x00007ffc91795000 	C:\Windows\System32\combase.dll
0x00007ffc8fd80000 - 0x00007ffc8fdae000 	C:\Windows\SYSTEM32\Wldp.dll
0x00007ffc917a0000 - 0x00007ffc9184d000 	C:\Windows\System32\SHCORE.dll
0x00007ffc92b70000 - 0x00007ffc92bc5000 	C:\Windows\System32\shlwapi.dll
0x00007ffc90270000 - 0x00007ffc9028f000 	C:\Windows\SYSTEM32\profapi.dll
0x00007ffc71910000 - 0x00007ffc71929000 	C:\Users\dougl\.jdks\azul-15.0.5\bin\net.dll
0x00007ffc82250000 - 0x00007ffc8235c000 	C:\Windows\SYSTEM32\WINHTTP.dll
0x00007ffc8fae0000 - 0x00007ffc8fb4a000 	C:\Windows\system32\mswsock.dll
0x00007ffc713d0000 - 0x00007ffc713e2000 	C:\Users\dougl\.jdks\azul-15.0.5\bin\nio.dll
0x00007ffc70520000 - 0x00007ffc70538000 	C:\Users\dougl\.jdks\azul-15.0.5\bin\zip.dll
0x000000006e700000 - 0x000000006e72a000 	C:\Users\dougl\AppData\Local\Temp\libgdxdougl\e1cd32f8\gdx64.dll
0x00007ffc71b40000 - 0x00007ffc71b50000 	C:\Users\dougl\.jdks\azul-15.0.5\bin\verify.dll
0x0000000180000000 - 0x0000000180053000 	C:\Users\dougl\AppData\Local\Temp\libgdxdougl\1cecf4f6\lwjgl64.dll
0x00007ffbf8bd0000 - 0x00007ffbf8cf5000 	C:\Windows\SYSTEM32\OPENGL32.dll
0x00007ffc763b0000 - 0x00007ffc763dc000 	C:\Windows\SYSTEM32\GLU32.dll
0x000001866b510000 - 0x000001866b574000 	C:\Users\dougl\AppData\Local\Temp\libgdxdougl\1cecf4f6\OpenAL64.dll
0x00007ffc90cc0000 - 0x00007ffc90dea000 	C:\Windows\System32\ole32.dll
0x00007ffc8d920000 - 0x00007ffc8d9be000 	C:\Windows\system32\uxtheme.dll
0x00007ffbf1630000 - 0x00007ffbf172c000 	C:\ProgramData\A-Volute\DellInc.AlienwareSoundCenter\Modules\ScheduledModules\x64\DellInc.AlienwareSoundCenterDevProps2.dll
0x00007ffbf1730000 - 0x00007ffbf17dd000 	C:\ProgramData\A-Volute\DellInc.AlienwareSoundCenter\Modules\ScheduledModules\x64\NahimicOSD.dll
0x00007ffbf37e0000 - 0x00007ffbf3801000 	C:\ProgramData\A-Volute\DellInc.AlienwareSoundCenter\Modules\ScheduledModules\x64\ProductInfo.dll
0x00007ffc91100000 - 0x00007ffc911a9000 	C:\Windows\System32\clbcatq.dll
0x00007ffc8ab30000 - 0x00007ffc8abb5000 	C:\Windows\System32\MMDevApi.dll
0x00007ffc900d0000 - 0x00007ffc90104000 	C:\Windows\System32\DEVOBJ.dll
0x00007ffc90330000 - 0x00007ffc9037e000 	C:\Windows\System32\cfgmgr32.dll
0x00007ffc8ac90000 - 0x00007ffc8ae11000 	C:\Windows\SYSTEM32\AudioSes.dll
0x00007ffc91cf0000 - 0x00007ffc91dbd000 	C:\Windows\System32\OLEAUT32.dll
0x00007ffc8f8f0000 - 0x00007ffc8f93b000 	C:\Windows\SYSTEM32\powrprof.dll
0x00007ffc8f760000 - 0x00007ffc8f772000 	C:\Windows\SYSTEM32\UMPDC.dll
0x00007ffc8b690000 - 0x00007ffc8b786000 	C:\Windows\SYSTEM32\PropSys.dll
0x00007ffc82d80000 - 0x00007ffc82e1c000 	C:\Windows\SYSTEM32\dsound.dll
0x00007ffc82b00000 - 0x00007ffc82b26000 	C:\Windows\SYSTEM32\winmmbase.dll
0x00007ffc8dab0000 - 0x00007ffc8dac4000 	C:\Windows\SYSTEM32\resourcepolicyclient.dll
0x00007ffc89560000 - 0x00007ffc8960e000 	C:\Windows\SYSTEM32\mscms.dll
0x00007ffc901f0000 - 0x00007ffc9021e000 	C:\Windows\SYSTEM32\USERENV.dll
0x00007ffc8a050000 - 0x00007ffc8a061000 	C:\Windows\SYSTEM32\ColorAdapterClient.dll
0x00007ffc91a10000 - 0x00007ffc91b25000 	C:\Windows\System32\MSCTF.dll
0x00007ffc6ef60000 - 0x00007ffc6f059000 	C:\Windows\SYSTEM32\textinputframework.dll
0x00007ffc8d370000 - 0x00007ffc8d462000 	C:\Windows\System32\CoreMessaging.dll
0x00007ffc8d010000 - 0x00007ffc8d36e000 	C:\Windows\System32\CoreUIComponents.dll
0x00007ffc8f140000 - 0x00007ffc8f173000 	C:\Windows\SYSTEM32\ntmarta.dll
0x00007ffc8bb40000 - 0x00007ffc8bc94000 	C:\Windows\SYSTEM32\wintypes.dll
0x00007ffc78360000 - 0x00007ffc783c6000 	C:\Windows\system32\Oleacc.dll
0x00007ffc8a3b0000 - 0x00007ffc8a4a9000 	C:\Windows\System32\AppXDeploymentClient.dll
0x00007ffbaf9c0000 - 0x00007ffbb24d7000 	C:\Windows\System32\DriverStore\FileRepository\nvddi.inf_amd64_825a4c41796dab48\nvoglv64.dll
0x00007ffc92500000 - 0x00007ffc92972000 	C:\Windows\System32\SETUPAPI.dll
0x00007ffc90b30000 - 0x00007ffc90b57000 	C:\Windows\System32\bcrypt.dll
0x00007ffc8b850000 - 0x00007ffc8b864000 	C:\Windows\SYSTEM32\WTSAPI32.dll
0x00007ffc8ff10000 - 0x00007ffc8ff22000 	C:\Windows\SYSTEM32\msasn1.dll
0x00007ffc89120000 - 0x00007ffc89151000 	C:\Windows\SYSTEM32\cryptnet.dll
0x00007ffc909d0000 - 0x00007ffc90b26000 	C:\Windows\System32\CRYPT32.dll
0x00007ffc87920000 - 0x00007ffc87a6a000 	C:\Windows\SYSTEM32\drvstore.dll
0x00007ffc8fcf0000 - 0x00007ffc8fcfc000 	C:\Windows\SYSTEM32\cryptbase.dll
0x00007ffc90380000 - 0x00007ffc903e0000 	C:\Windows\System32\WINTRUST.dll
0x00007ffc8b2b0000 - 0x00007ffc8b2eb000 	C:\Windows\SYSTEM32\dxcore.dll
0x00007ffc582a0000 - 0x00007ffc58563000 	C:\Windows\system32\nvspcap64.dll
0x00007ffc8dbb0000 - 0x00007ffc8dbdf000 	C:\Windows\SYSTEM32\dwmapi.dll
0x00007ffc89090000 - 0x00007ffc890d3000 	C:\Windows\SYSTEM32\icm32.dll
0x00007ffc8f0e0000 - 0x00007ffc8f13a000 	C:\Windows\SYSTEM32\WINSTA.dll
0x00007ffc81890000 - 0x00007ffc81a5e000 	C:\Windows\SYSTEM32\d3d9.dll
0x00007ffc91c20000 - 0x00007ffc91c3d000 	C:\Windows\System32\imagehlp.dll
0x00007ffc8fcd0000 - 0x00007ffc8fce8000 	C:\Windows\SYSTEM32\CRYPTSP.dll
0x00007ffc8f3f0000 - 0x00007ffc8f424000 	C:\Windows\system32\rsaenh.dll
0x0000000066b00000 - 0x0000000066b5b000 	C:\Users\dougl\AppData\Local\Temp\libgdxdougl\a14961b7\gdx-box2d64.dll

dbghelp: loaded successfully - version: 4.0.5 - missing functions: none
symbol engine: initialized successfully - sym options: 0x614 - pdb path: .;C:\Users\dougl\.jdks\azul-15.0.5\bin;C:\Windows\SYSTEM32;C:\Windows\WinSxS\amd64_microsoft.windows.common-controls_6595b64144ccf1df_6.0.19041.1110_none_60b5254171f9507e;C:\Users\dougl\.jdks\azul-15.0.5\bin\server;C:\Users\dougl\AppData\Local\Temp\libgdxdougl\e1cd32f8;C:\Users\dougl\AppData\Local\Temp\libgdxdougl\1cecf4f6;C:\ProgramData\A-Volute\DellInc.AlienwareSoundCenter\Modules\ScheduledModules\x64;C:\Windows\System32\DriverStore\FileRepository\nvddi.inf_amd64_825a4c41796dab48;C:\Users\dougl\AppData\Local\Temp\libgdxdougl\a14961b7

VM Arguments:
jvm_args: -Dfile.encoding=windows-1252 -Duser.country=CA -Duser.language=en -Duser.variant 
java_command: com.mygdx.game.desktop.DesktopLauncher
java_class_path (initial): D:\Documents\GitHub\PortalGame\PortalGame\desktop\build\classes\java\main;D:\Documents\GitHub\PortalGame\PortalGame\desktop\build\resources\main;C:\Users\dougl\.gradle\caches\modules-2\files-2.1\com.badlogicgames.gdx\gdx-tools\1.10.0\d699cf4953fb42a071c7c3feb9b5c45601aa6a4b\gdx-tools-1.10.0.jar;C:\Users\dougl\.gradle\caches\modules-2\files-2.1\com.badlogicgames.gdx\gdx-backend-lwjgl\1.10.0\58ff89d9e4fd8a82591367f187d606e781cacc05\gdx-backend-lwjgl-1.10.0.jar;C:\Users\dougl\.gradle\caches\modules-2\files-2.1\com.badlogicgames.gdx\gdx-platform\1.10.0\9a8fa793d2fd6d360afc6c9e4c1f5583da263b88\gdx-platform-1.10.0-natives-desktop.jar;C:\Users\dougl\.gradle\caches\modules-2\files-2.1\com.badlogicgames.gdx\gdx-box2d-platform\1.10.0\588c4191c5a64ed39365e71484aa37d81c38eb5e\gdx-box2d-platform-1.10.0-natives-desktop.jar;C:\Users\dougl\.gradle\caches\modules-2\files-2.1\com.badlogicgames.gdx\gdx-bullet-platform\1.10.0\ce92e8dfc762523d769cbc50853163c03bf98cf1\gdx-bullet-platform-1.10.0-natives-desktop.jar;C:\Users\dougl\.gradle\caches\modules-2\files-2.1\com.badlogicgames.gdx\gdx-freetype-platform\1.10.0\6e5d28752759e69384f12e4569d2c884ff71352f\gdx-freetype-platform-1.10.0-natives-desktop.jar;D:\Documents\GitHub\PortalGame\PortalGame\core\build\libs\core-1.0.jar;C:\Users\dougl\.gradle\caches\modules-2\files-2.1\com.badlogicgames.gdx\gdx-backend-headless\1.10.0\990eadbb431197c5b9b816d1659c772e0268e65\gdx-backend-headless-1.10.0.jar;C:\Users\dougl\.gradle\caches\modules-2\files-2.1\com.badlogicgames.gdx\gdx-freetype\1.10.0\de1d0d5c1e92e8d91364256fd6b7bb279d3e9859\gdx-freetype-1.10.0.jar;C:\Users\dougl\.gradle\caches\modules-2\files-2.1\com.badlogicgames.box2dlights\box2dlights\1.5\6902dbcd250c95a27973aa24a147a95b3828d348\box2dlights-1.5.jar;C:\Users\dougl\.gradle\caches\modules-2\files-2.1\com.badlogicgames.gdx\gdx-box2d\1.10.0\b3a3c0f00b90716238835434d0ae8985604c37f8\gdx-box2d-1.10.0.jar;C:\Users\dougl\.gradle\caches\modules-2\files-2.1\com.badlogicga
Launcher Type: SUN_STANDARD

[Global flags]
     intx CICompilerCount                          = 12                                        {product} {ergonomic}
     uint ConcGCThreads                            = 3                                         {product} {ergonomic}
     uint G1ConcRefinementThreads                  = 13                                        {product} {ergonomic}
   size_t G1HeapRegionSize                         = 2097152                                   {product} {ergonomic}
    uintx GCDrainStackTargetSize                   = 64                                        {product} {ergonomic}
   size_t InitialHeapSize                          = 266338304                                 {product} {ergonomic}
   size_t MarkStackSize                            = 4194304                                   {product} {ergonomic}
   size_t MaxHeapSize                              = 4236247040                                {product} {ergonomic}
   size_t MaxNewSize                               = 2541748224                                {product} {ergonomic}
   size_t MinHeapDeltaBytes                        = 2097152                                   {product} {ergonomic}
   size_t MinHeapSize                              = 8388608                                   {product} {ergonomic}
    uintx NonNMethodCodeHeapSize                   = 7602480                                {pd product} {ergonomic}
    uintx NonProfiledCodeHeapSize                  = 122027880                              {pd product} {ergonomic}
    uintx ProfiledCodeHeapSize                     = 122027880                              {pd product} {ergonomic}
    uintx ReservedCodeCacheSize                    = 251658240                              {pd product} {ergonomic}
     bool SegmentedCodeCache                       = true                                      {product} {ergonomic}
   size_t SoftMaxHeapSize                          = 4236247040                             {manageable} {ergonomic}
     bool UseCompressedClassPointers               = true                                 {lp64_product} {ergonomic}
     bool UseCompressedOops                        = true                                 {lp64_product} {ergonomic}
     bool UseG1GC                                  = true                                      {product} {ergonomic}
     bool UseLargePagesIndividualAllocation        = false                                  {pd product} {ergonomic}

Logging:
Log output configuration:
 #0: stdout all=warning uptime,level,tags
 #1: stderr all=off uptime,level,tags

Environment Variables:
PATH=C:\Program Files (x86)\Common Files\Oracle\Java\javapath;C:\Windows\system32;C:\Windows;C:\Windows\System32\Wbem;C:\Windows\System32\WindowsPowerShell\v1.0\;C:\Windows\System32\OpenSSH\;C:\Program Files\NVIDIA Corporation\NVIDIA NvDLISR;C:\Program Files\dotnet\;C:\Program Files\Git\cmd;C:\ProgramData\chocolatey\bin;C:\Program Files (x86)\NVIDIA Corporation\PhysX\Common;C:\msys64\mingw64\bin;C:\Users\dougl\AppData\Local\Microsoft\WindowsApps;C:\Users\dougl\AppData\Local\Programs\Microsoft VS Code\bin;C:\Users\dougl\.dotnet\tools;C:\Users\dougl\AppData\Local\GitHubDesktop\bin;D:\Apps\IntelliJ IDEA\IntelliJ IDEA Community Edition 2021.3\bin;
USERNAME=dougl
OS=Windows_NT
PROCESSOR_IDENTIFIER=Intel64 Family 6 Model 165 Stepping 5, GenuineIntel



---------------  S Y S T E M  ---------------

OS:
 Windows 10 , 64 bit Build 19041 (10.0.19041.1348)
OS uptime: 1 days 22:38 hours

CPU: total 16 (initial active 16) (8 cores per cpu, 2 threads per core) family 6 model 165 stepping 5 microcode 0xec, cmov, cx8, fxsr, mmx, sse, sse2, sse3, ssse3, sse4.1, sse4.2, popcnt, vzeroupper, avx, avx2, aes, clmul, erms, 3dnowpref, lzcnt, ht, tsc, tscinvbit, bmi1, bmi2, adx, fma, clflush, clflushopt

Memory: 4k page, system-wide physical 16154M (3007M free)
TotalPageFile size 31002M (AvailPageFile size 4690M)
current process WorkingSet (physical memory assigned to process): 128M, peak: 134M
current process commit charge ("private bytes"): 465M, peak: 472M

vm_info: OpenJDK 64-Bit Server VM (15.0.5+3-MTS) for windows-amd64 JRE (15.0.5+3-MTS) (Zulu15.36+13-CA), built on Oct  8 2021 11:07:26 by "zulu_re" with MS VC++ 15.9 (VS2017)

END.
