#
# A fatal error has been detected by the Java Runtime Environment:
#
#  EXCEPTION_ACCESS_VIOLATION (0xc0000005) at pc=0x0000000066b21110, pid=10208, tid=11480
#
# JRE version: OpenJDK Runtime Environment Zulu15.36+13-CA (15.0.5+3) (build 15.0.5+3-MTS)
# Java VM: OpenJDK 64-Bit Server VM Zulu15.36+13-CA (15.0.5+3-MTS, mixed mode, sharing, tiered, compressed oops, g1 gc, windows-amd64)
# Problematic frame:
# C  [gdx-box2d64.dll+0x21110]
#
# No core dump will be written. Minidumps are not enabled by default on client versions of Windows
#
# If you would like to submit a bug report, please visit:
#   http://www.azul.com/support/
# The crash happened outside the Java Virtual Machine in native code.
# See problematic frame for where to report the bug.
#

---------------  S U M M A R Y ------------

Command Line: -Dfile.encoding=windows-1252 -Duser.country=CA -Duser.language=en -Duser.variant com.mygdx.game.desktop.DesktopLauncher

Host: Intel(R) Core(TM) i7-8665U CPU @ 1.90GHz, 8 cores, 15G,  Windows 10 , 64 bit Build 18362 (10.0.18362.1110)
Time: Fri Dec 24 14:08:23 2021 Eastern Standard Time elapsed time: 27.415414 seconds (0d 0h 0m 27s)

---------------  T H R E A D  ---------------

Current thread (0x0000021a6f1282d0):  JavaThread "LWJGL Application" [_thread_in_native, id=11480, stack(0x000000dbb6700000,0x000000dbb6800000)]

Stack: [0x000000dbb6700000,0x000000dbb6800000],  sp=0x000000dbb67fecf8,  free space=1019k
Native frames: (J=compiled Java code, j=interpreted, Vv=VM code, C=native code)
C  [gdx-box2d64.dll+0x21110]

Java frames: (J=compiled Java code, j=interpreted, Vv=VM code)
j  com.badlogic.gdx.physics.box2d.World.jniDestroyBody(JJ)V+0
j  com.badlogic.gdx.physics.box2d.World.destroyBody(Lcom/badlogic/gdx/physics/box2d/Body;)V+42
j  com.mygdx.game.Entity.dispose()V+8
j  com.mygdx.game.MyGdxGame.dispose()V+82
j  com.badlogic.gdx.backends.lwjgl.LwjglApplication.mainLoop()V+924
j  com.badlogic.gdx.backends.lwjgl.LwjglApplication$1.run()V+27
v  ~StubRoutines::call_stub

siginfo: EXCEPTION_ACCESS_VIOLATION (0xc0000005), writing address 0x0000021a6fca7908


Register to memory mapping:

RIP=0x0000000066b21110 gdx-box2d64.dll
RAX=0x0000000066b48840 gdx-box2d64.dll
RBX=0x0000021a6fc8e600 points into unknown readable memory: 0x0000021a48840150 | 50 01 84 48 1a 02 00 00
RCX=0x0000021a6fc8e600 points into unknown readable memory: 0x0000021a48840150 | 50 01 84 48 1a 02 00 00
RDX=0x000000dbb67fed20 is pointing into the stack for thread: 0x0000021a6f1282d0
RSP=0x000000dbb67fecf8 is pointing into the stack for thread: 0x0000021a6f1282d0
RBP=0x000000dbb67fee18 is pointing into the stack for thread: 0x0000021a6f1282d0
RSI=0x0000021a6fce2820 is an unknown value
RDI=0x0000000000001187 is an unknown value
R8 =0x0000021a6fc8e600 points into unknown readable memory: 0x0000021a48840150 | 50 01 84 48 1a 02 00 00
R9 =0x0000021a6fce2820 is an unknown value
R10=0x0000021a52d3f148 is at code_begin+1000 in an Interpreter codelet
method entry point (kind = native)  [0x0000021a52d3ed60, 0x0000021a52d3f7e0]  2688 bytes
R11=0x0000000000000102 is an unknown value
R12=0x0 is NULL
R13=0x0000021a6e740000 is pointing into metadata
R14=0x000000dbb67fee58 is pointing into the stack for thread: 0x0000021a6f1282d0
R15=0x0000021a6f1282d0 is a thread


Registers:
RAX=0x0000000066b48840, RBX=0x0000021a6fc8e600, RCX=0x0000021a6fc8e600, RDX=0x000000dbb67fed20
RSP=0x000000dbb67fecf8, RBP=0x000000dbb67fee18, RSI=0x0000021a6fce2820, RDI=0x0000000000001187
R8 =0x0000021a6fc8e600, R9 =0x0000021a6fce2820, R10=0x0000021a52d3f148, R11=0x0000000000000102
R12=0x0000000000000000, R13=0x0000021a6e740000, R14=0x000000dbb67fee58, R15=0x0000021a6f1282d0
RIP=0x0000000066b21110, EFLAGS=0x0000000000010206

Top of Stack: (sp=0x000000dbb67fecf8)
0x000000dbb67fecf8:   0000000066b26a85 000000dbb67fee18
0x000000dbb67fed08:   00007ffa92fce3d7 000000dbb67fed30
0x000000dbb67fed18:   0000021a6f1263d0 0000000066b487e0
0x000000dbb67fed28:   0000021a6f1285f8 000000dbb67fee58
0x000000dbb67fed38:   0000021a6f1282d0 0000000066b48840
0x000000dbb67fed48:   0000021a6f1285f8 000000dbb67fee58
0x000000dbb67fed58:   0000021a6e7b2048 0000021a6e7b2048
0x000000dbb67fed68:   0000021a6e7b2048 0000000000000148
0x000000dbb67fed78:   0000021a52d3f177 0000021a6e7b2048
0x000000dbb67fed88:   0000021a6f1282d0 0000000000001187
0x000000dbb67fed98:   0000021a52d3ee5c 0000021a6e7b2048
0x000000dbb67feda8:   0000000000000148 0000021a6e825ce0
0x000000dbb67fedb8:   00007ffa9324a8fc 0000000000001187
0x000000dbb67fedc8:   0000021a52d3ee16 000000dbb67fedd0
0x000000dbb67fedd8:   0000021a6e740000 000000dbb67fee58
0x000000dbb67fede8:   0000021a6e7c4f60 0000000000000000 

Instructions: (pc=0x0000000066b21110)
0x0000000066b21010:   01 00 00 00 00 00 48 c7 83 78 93 01 00 00 00 00
0x0000000066b21020:   00 48 83 c4 20 5b 5e 5f c3 48 89 c6 48 89 d9 e8
0x0000000066b21030:   ec aa fe ff 48 89 f1 e8 74 50 01 00 48 89 c7 48
0x0000000066b21040:   89 f1 e8 39 b4 fe ff 48 89 fe eb e0 0f 1f 40 00
0x0000000066b21050:   57 56 53 48 83 ec 20 48 8b 81 20 93 01 00 48 89
0x0000000066b21060:   ce 48 85 c0 74 3d 66 2e 0f 1f 84 00 00 00 00 00
0x0000000066b21070:   48 8b 48 70 48 8b 78 68 48 85 c9 74 1e 0f 1f 00
0x0000000066b21080:   c7 41 30 00 00 00 00 48 89 f2 48 8b 59 08 e8 fd
0x0000000066b21090:   e7 ff ff 48 85 db 48 89 d9 75 e5 48 85 ff 48 89
0x0000000066b210a0:   f8 75 cd 48 8d 8e a0 92 01 00 e8 31 25 fe ff 48
0x0000000066b210b0:   8d 8e 80 00 00 00 e8 c5 b3 fe ff 48 89 f1 48 83
0x0000000066b210c0:   c4 20 5b 5e 5f e9 56 aa fe ff 48 8d 8e a0 92 01
0x0000000066b210d0:   00 48 89 c3 e8 07 25 fe ff 48 8d 8e 80 00 00 00
0x0000000066b210e0:   e8 9b b3 fe ff 48 89 f1 e8 33 aa fe ff 48 89 d9
0x0000000066b210f0:   e8 bb 4f 01 00 48 89 c3 eb eb 48 89 c3 eb da 90
0x0000000066b21100:   48 89 91 48 93 01 00 c3 0f 1f 84 00 00 00 00 00
0x0000000066b21110:   48 89 91 08 93 01 00 c3 0f 1f 84 00 00 00 00 00
0x0000000066b21120:   48 89 91 10 93 01 00 c3 0f 1f 84 00 00 00 00 00
0x0000000066b21130:   48 89 91 50 93 01 00 c3 0f 1f 84 00 00 00 00 00
0x0000000066b21140:   57 56 53 48 83 ec 20 f6 81 98 92 01 00 02 48 89
0x0000000066b21150:   ce 48 89 d7 75 5a ba b8 00 00 00 48 89 f1 e8 fd
0x0000000066b21160:   a9 fe ff 48 85 c0 48 89 c3 74 0e 49 89 f0 48 89
0x0000000066b21170:   fa 48 89 c1 e8 97 ce ff ff 48 8b 86 20 93 01 00
0x0000000066b21180:   48 c7 43 60 00 00 00 00 48 85 c0 48 89 43 68 74
0x0000000066b21190:   04 48 89 58 60 83 86 30 93 01 00 01 48 89 d8 48
0x0000000066b211a0:   89 9e 20 93 01 00 48 83 c4 20 5b 5e 5f c3 66 90
0x0000000066b211b0:   48 8d 15 39 37 02 00 48 8d 0d 90 37 02 00 41 b8
0x0000000066b211c0:   6d 00 00 00 e8 07 54 01 00 31 c0 f6 86 98 92 01
0x0000000066b211d0:   00 02 74 82 48 83 c4 20 5b 5e 5f c3 0f 1f 40 00
0x0000000066b211e0:   56 53 48 83 ec 28 f6 81 98 92 01 00 02 48 89 cb
0x0000000066b211f0:   48 89 d6 0f 85 f7 00 00 00 48 89 f1 48 89 da e8
0x0000000066b21200:   6c 28 ff ff 48 89 c1 48 c7 40 10 00 00 00 00 48 


Stack slot to memory mapping:
stack at sp + 0 slots: 0x0000000066b26a85 gdx-box2d64.dll
stack at sp + 1 slots: 0x000000dbb67fee18 is pointing into the stack for thread: 0x0000021a6f1282d0
stack at sp + 2 slots: 0x00007ffa92fce3d7 jvm.dll
stack at sp + 3 slots: 0x000000dbb67fed30 is pointing into the stack for thread: 0x0000021a6f1282d0
stack at sp + 4 slots: 0x0000021a6f1263d0 points into unknown readable memory: 0x0000000500000002 | 02 00 00 00 05 00 00 00
stack at sp + 5 slots: 0x0000000066b487e0 gdx-box2d64.dll
stack at sp + 6 slots: 0x0000021a6f1285f8 points into unknown readable memory: 0x00007ffa936c6fb0 | b0 6f 6c 93 fa 7f 00 00
stack at sp + 7 slots: 0x000000dbb67fee58 is pointing into the stack for thread: 0x0000021a6f1282d0


---------------  P R O C E S S  ---------------

Threads class SMR info:
_java_thread_list=0x0000021a7ca64cb0, length=13, elements={
0x0000021a6e950080, 0x0000021a6e950b60, 0x0000021a6e968eb0, 0x0000021a6e96b780,
0x0000021a6e96c140, 0x0000021a6e96dfe0, 0x0000021a6e970a90, 0x0000021a6e97b8d0,
0x0000021a6eaca0c0, 0x0000021a6eacda60, 0x0000021a6f1282d0, 0x0000021a4a823660,
0x0000021a7c37ab60
}

Java Threads: ( => current thread )
  0x0000021a6e950080 JavaThread "Reference Handler" daemon [_thread_blocked, id=7056, stack(0x000000dbb5a00000,0x000000dbb5b00000)]
  0x0000021a6e950b60 JavaThread "Finalizer" daemon [_thread_blocked, id=3756, stack(0x000000dbb5b00000,0x000000dbb5c00000)]
  0x0000021a6e968eb0 JavaThread "Signal Dispatcher" daemon [_thread_blocked, id=16472, stack(0x000000dbb5c00000,0x000000dbb5d00000)]
  0x0000021a6e96b780 JavaThread "Attach Listener" daemon [_thread_blocked, id=17940, stack(0x000000dbb5d00000,0x000000dbb5e00000)]
  0x0000021a6e96c140 JavaThread "Service Thread" daemon [_thread_blocked, id=3836, stack(0x000000dbb5e00000,0x000000dbb5f00000)]
  0x0000021a6e96dfe0 JavaThread "C2 CompilerThread0" daemon [_thread_blocked, id=16712, stack(0x000000dbb5f00000,0x000000dbb6000000)]
  0x0000021a6e970a90 JavaThread "C1 CompilerThread0" daemon [_thread_blocked, id=7308, stack(0x000000dbb6000000,0x000000dbb6100000)]
  0x0000021a6e97b8d0 JavaThread "Sweeper thread" daemon [_thread_blocked, id=7800, stack(0x000000dbb6100000,0x000000dbb6200000)]
  0x0000021a6eaca0c0 JavaThread "Notification Thread" daemon [_thread_blocked, id=6596, stack(0x000000dbb6200000,0x000000dbb6300000)]
  0x0000021a6eacda60 JavaThread "Common-Cleaner" daemon [_thread_blocked, id=10072, stack(0x000000dbb6400000,0x000000dbb6500000)]
=>0x0000021a6f1282d0 JavaThread "LWJGL Application" [_thread_in_native, id=11480, stack(0x000000dbb6700000,0x000000dbb6800000)]
  0x0000021a4a823660 JavaThread "DestroyJavaVM" [_thread_blocked, id=17328, stack(0x000000dbb5300000,0x000000dbb5400000)]
  0x0000021a7c37ab60 JavaThread "LWJGL Timer" daemon [_thread_blocked, id=7108, stack(0x000000dbb6e00000,0x000000dbb6f00000)]

Other Threads:
  0x0000021a6e14d630 VMThread "VM Thread" [stack: 0x000000dbb5900000,0x000000dbb5a00000] [id=10612]
  0x0000021a6eacb5a0 WatcherThread [stack: 0x000000dbb6300000,0x000000dbb6400000] [id=16748]
  0x0000021a4a872910 GCTaskThread "GC Thread#0" [stack: 0x000000dbb5400000,0x000000dbb5500000] [id=1828]
  0x0000021a4a884900 ConcurrentGCThread "G1 Main Marker" [stack: 0x000000dbb5500000,0x000000dbb5600000] [id=7736]
  0x0000021a4a885570 ConcurrentGCThread "G1 Conc#0" [stack: 0x000000dbb5600000,0x000000dbb5700000] [id=8820]
  0x0000021a4a8e29d0 ConcurrentGCThread "G1 Refine#0" [stack: 0x000000dbb5700000,0x000000dbb5800000] [id=13260]
  0x0000021a6dfd2780 ConcurrentGCThread "G1 Young RemSet Sampling" [stack: 0x000000dbb5800000,0x000000dbb5900000] [id=14388]

Threads with active compile tasks:

VM state: not at safepoint (normal execution)

VM Mutex/Monitor currently owned by a thread: None

Heap address: 0x0000000702e00000, size: 4050 MB, Compressed Oops mode: Zero based, Oop shift amount: 3
CDS archive(s) mapped at: [0x0000000800000000-0x0000000800b50000-0x0000000800b50000), size 11862016, SharedBaseAddress: 0x0000000800000000, ArchiveRelocationMode: 0.
Compressed class space mapped at: 0x0000000800b50000-0x0000000840b50000, size: 1073741824
Narrow klass base: 0x0000000800000000, Narrow klass shift: 3, Narrow klass range: 0x100000000

GC Precious Log:
 CPUs: 8 total, 8 available
 Memory: 16198M
 Large Page Support: Disabled
 NUMA Support: Disabled
 Compressed Oops: Enabled (Zero based)
 Heap Region Size: 2M
 Heap Min Capacity: 8M
 Heap Initial Capacity: 254M
 Heap Max Capacity: 4050M
 Pre-touch: Disabled
 Parallel Workers: 8
 Concurrent Workers: 2
 Concurrent Refinement Workers: 8
 Periodic GC: Disabled

Heap:
 garbage-first heap   total 260096K, used 16384K [0x0000000702e00000, 0x0000000800000000)
  region size 2048K, 9 young (18432K), 0 survivors (0K)
 Metaspace       used 4887K, capacity 7902K, committed 8064K, reserved 1056768K
  class space    used 321K, capacity 617K, committed 640K, reserved 1048576K

Heap Regions: E=young(eden), S=young(survivor), O=old, HS=humongous(starts), HC=humongous(continues), CS=collection set, F=free, OA=open archive, CA=closed archive, TAMS=top-at-mark-start (previous, next)
|   0|0x0000000702e00000, 0x0000000702e00000, 0x0000000703000000|  0%| F|  |TAMS 0x0000000702e00000, 0x0000000702e00000| Untracked 
|   1|0x0000000703000000, 0x0000000703000000, 0x0000000703200000|  0%| F|  |TAMS 0x0000000703000000, 0x0000000703000000| Untracked 
|   2|0x0000000703200000, 0x0000000703200000, 0x0000000703400000|  0%| F|  |TAMS 0x0000000703200000, 0x0000000703200000| Untracked 
|   3|0x0000000703400000, 0x0000000703400000, 0x0000000703600000|  0%| F|  |TAMS 0x0000000703400000, 0x0000000703400000| Untracked 
|   4|0x0000000703600000, 0x0000000703600000, 0x0000000703800000|  0%| F|  |TAMS 0x0000000703600000, 0x0000000703600000| Untracked 
|   5|0x0000000703800000, 0x0000000703800000, 0x0000000703a00000|  0%| F|  |TAMS 0x0000000703800000, 0x0000000703800000| Untracked 
|   6|0x0000000703a00000, 0x0000000703a00000, 0x0000000703c00000|  0%| F|  |TAMS 0x0000000703a00000, 0x0000000703a00000| Untracked 
|   7|0x0000000703c00000, 0x0000000703c00000, 0x0000000703e00000|  0%| F|  |TAMS 0x0000000703c00000, 0x0000000703c00000| Untracked 
|   8|0x0000000703e00000, 0x0000000703e00000, 0x0000000704000000|  0%| F|  |TAMS 0x0000000703e00000, 0x0000000703e00000| Untracked 
|   9|0x0000000704000000, 0x0000000704000000, 0x0000000704200000|  0%| F|  |TAMS 0x0000000704000000, 0x0000000704000000| Untracked 
|  10|0x0000000704200000, 0x0000000704200000, 0x0000000704400000|  0%| F|  |TAMS 0x0000000704200000, 0x0000000704200000| Untracked 
|  11|0x0000000704400000, 0x0000000704400000, 0x0000000704600000|  0%| F|  |TAMS 0x0000000704400000, 0x0000000704400000| Untracked 
|  12|0x0000000704600000, 0x0000000704600000, 0x0000000704800000|  0%| F|  |TAMS 0x0000000704600000, 0x0000000704600000| Untracked 
|  13|0x0000000704800000, 0x0000000704800000, 0x0000000704a00000|  0%| F|  |TAMS 0x0000000704800000, 0x0000000704800000| Untracked 
|  14|0x0000000704a00000, 0x0000000704a00000, 0x0000000704c00000|  0%| F|  |TAMS 0x0000000704a00000, 0x0000000704a00000| Untracked 
|  15|0x0000000704c00000, 0x0000000704c00000, 0x0000000704e00000|  0%| F|  |TAMS 0x0000000704c00000, 0x0000000704c00000| Untracked 
|  16|0x0000000704e00000, 0x0000000704e00000, 0x0000000705000000|  0%| F|  |TAMS 0x0000000704e00000, 0x0000000704e00000| Untracked 
|  17|0x0000000705000000, 0x0000000705000000, 0x0000000705200000|  0%| F|  |TAMS 0x0000000705000000, 0x0000000705000000| Untracked 
|  18|0x0000000705200000, 0x0000000705200000, 0x0000000705400000|  0%| F|  |TAMS 0x0000000705200000, 0x0000000705200000| Untracked 
|  19|0x0000000705400000, 0x0000000705400000, 0x0000000705600000|  0%| F|  |TAMS 0x0000000705400000, 0x0000000705400000| Untracked 
|  20|0x0000000705600000, 0x0000000705600000, 0x0000000705800000|  0%| F|  |TAMS 0x0000000705600000, 0x0000000705600000| Untracked 
|  21|0x0000000705800000, 0x0000000705800000, 0x0000000705a00000|  0%| F|  |TAMS 0x0000000705800000, 0x0000000705800000| Untracked 
|  22|0x0000000705a00000, 0x0000000705a00000, 0x0000000705c00000|  0%| F|  |TAMS 0x0000000705a00000, 0x0000000705a00000| Untracked 
|  23|0x0000000705c00000, 0x0000000705c00000, 0x0000000705e00000|  0%| F|  |TAMS 0x0000000705c00000, 0x0000000705c00000| Untracked 
|  24|0x0000000705e00000, 0x0000000705e00000, 0x0000000706000000|  0%| F|  |TAMS 0x0000000705e00000, 0x0000000705e00000| Untracked 
|  25|0x0000000706000000, 0x0000000706000000, 0x0000000706200000|  0%| F|  |TAMS 0x0000000706000000, 0x0000000706000000| Untracked 
|  26|0x0000000706200000, 0x0000000706200000, 0x0000000706400000|  0%| F|  |TAMS 0x0000000706200000, 0x0000000706200000| Untracked 
|  27|0x0000000706400000, 0x0000000706400000, 0x0000000706600000|  0%| F|  |TAMS 0x0000000706400000, 0x0000000706400000| Untracked 
|  28|0x0000000706600000, 0x0000000706600000, 0x0000000706800000|  0%| F|  |TAMS 0x0000000706600000, 0x0000000706600000| Untracked 
|  29|0x0000000706800000, 0x0000000706800000, 0x0000000706a00000|  0%| F|  |TAMS 0x0000000706800000, 0x0000000706800000| Untracked 
|  30|0x0000000706a00000, 0x0000000706a00000, 0x0000000706c00000|  0%| F|  |TAMS 0x0000000706a00000, 0x0000000706a00000| Untracked 
|  31|0x0000000706c00000, 0x0000000706c00000, 0x0000000706e00000|  0%| F|  |TAMS 0x0000000706c00000, 0x0000000706c00000| Untracked 
|  32|0x0000000706e00000, 0x0000000706e00000, 0x0000000707000000|  0%| F|  |TAMS 0x0000000706e00000, 0x0000000706e00000| Untracked 
|  33|0x0000000707000000, 0x0000000707000000, 0x0000000707200000|  0%| F|  |TAMS 0x0000000707000000, 0x0000000707000000| Untracked 
|  34|0x0000000707200000, 0x0000000707200000, 0x0000000707400000|  0%| F|  |TAMS 0x0000000707200000, 0x0000000707200000| Untracked 
|  35|0x0000000707400000, 0x0000000707400000, 0x0000000707600000|  0%| F|  |TAMS 0x0000000707400000, 0x0000000707400000| Untracked 
|  36|0x0000000707600000, 0x0000000707600000, 0x0000000707800000|  0%| F|  |TAMS 0x0000000707600000, 0x0000000707600000| Untracked 
|  37|0x0000000707800000, 0x0000000707800000, 0x0000000707a00000|  0%| F|  |TAMS 0x0000000707800000, 0x0000000707800000| Untracked 
|  38|0x0000000707a00000, 0x0000000707a00000, 0x0000000707c00000|  0%| F|  |TAMS 0x0000000707a00000, 0x0000000707a00000| Untracked 
|  39|0x0000000707c00000, 0x0000000707c00000, 0x0000000707e00000|  0%| F|  |TAMS 0x0000000707c00000, 0x0000000707c00000| Untracked 
|  40|0x0000000707e00000, 0x0000000707e00000, 0x0000000708000000|  0%| F|  |TAMS 0x0000000707e00000, 0x0000000707e00000| Untracked 
|  41|0x0000000708000000, 0x0000000708000000, 0x0000000708200000|  0%| F|  |TAMS 0x0000000708000000, 0x0000000708000000| Untracked 
|  42|0x0000000708200000, 0x0000000708200000, 0x0000000708400000|  0%| F|  |TAMS 0x0000000708200000, 0x0000000708200000| Untracked 
|  43|0x0000000708400000, 0x0000000708400000, 0x0000000708600000|  0%| F|  |TAMS 0x0000000708400000, 0x0000000708400000| Untracked 
|  44|0x0000000708600000, 0x0000000708600000, 0x0000000708800000|  0%| F|  |TAMS 0x0000000708600000, 0x0000000708600000| Untracked 
|  45|0x0000000708800000, 0x0000000708800000, 0x0000000708a00000|  0%| F|  |TAMS 0x0000000708800000, 0x0000000708800000| Untracked 
|  46|0x0000000708a00000, 0x0000000708a00000, 0x0000000708c00000|  0%| F|  |TAMS 0x0000000708a00000, 0x0000000708a00000| Untracked 
|  47|0x0000000708c00000, 0x0000000708c00000, 0x0000000708e00000|  0%| F|  |TAMS 0x0000000708c00000, 0x0000000708c00000| Untracked 
|  48|0x0000000708e00000, 0x0000000708e00000, 0x0000000709000000|  0%| F|  |TAMS 0x0000000708e00000, 0x0000000708e00000| Untracked 
|  49|0x0000000709000000, 0x0000000709000000, 0x0000000709200000|  0%| F|  |TAMS 0x0000000709000000, 0x0000000709000000| Untracked 
|  50|0x0000000709200000, 0x0000000709200000, 0x0000000709400000|  0%| F|  |TAMS 0x0000000709200000, 0x0000000709200000| Untracked 
|  51|0x0000000709400000, 0x0000000709400000, 0x0000000709600000|  0%| F|  |TAMS 0x0000000709400000, 0x0000000709400000| Untracked 
|  52|0x0000000709600000, 0x0000000709600000, 0x0000000709800000|  0%| F|  |TAMS 0x0000000709600000, 0x0000000709600000| Untracked 
|  53|0x0000000709800000, 0x0000000709800000, 0x0000000709a00000|  0%| F|  |TAMS 0x0000000709800000, 0x0000000709800000| Untracked 
|  54|0x0000000709a00000, 0x0000000709a00000, 0x0000000709c00000|  0%| F|  |TAMS 0x0000000709a00000, 0x0000000709a00000| Untracked 
|  55|0x0000000709c00000, 0x0000000709c00000, 0x0000000709e00000|  0%| F|  |TAMS 0x0000000709c00000, 0x0000000709c00000| Untracked 
|  56|0x0000000709e00000, 0x0000000709e00000, 0x000000070a000000|  0%| F|  |TAMS 0x0000000709e00000, 0x0000000709e00000| Untracked 
|  57|0x000000070a000000, 0x000000070a000000, 0x000000070a200000|  0%| F|  |TAMS 0x000000070a000000, 0x000000070a000000| Untracked 
|  58|0x000000070a200000, 0x000000070a200000, 0x000000070a400000|  0%| F|  |TAMS 0x000000070a200000, 0x000000070a200000| Untracked 
|  59|0x000000070a400000, 0x000000070a400000, 0x000000070a600000|  0%| F|  |TAMS 0x000000070a400000, 0x000000070a400000| Untracked 
|  60|0x000000070a600000, 0x000000070a600000, 0x000000070a800000|  0%| F|  |TAMS 0x000000070a600000, 0x000000070a600000| Untracked 
|  61|0x000000070a800000, 0x000000070a800000, 0x000000070aa00000|  0%| F|  |TAMS 0x000000070a800000, 0x000000070a800000| Untracked 
|  62|0x000000070aa00000, 0x000000070aa00000, 0x000000070ac00000|  0%| F|  |TAMS 0x000000070aa00000, 0x000000070aa00000| Untracked 
|  63|0x000000070ac00000, 0x000000070ac00000, 0x000000070ae00000|  0%| F|  |TAMS 0x000000070ac00000, 0x000000070ac00000| Untracked 
|  64|0x000000070ae00000, 0x000000070ae00000, 0x000000070b000000|  0%| F|  |TAMS 0x000000070ae00000, 0x000000070ae00000| Untracked 
|  65|0x000000070b000000, 0x000000070b000000, 0x000000070b200000|  0%| F|  |TAMS 0x000000070b000000, 0x000000070b000000| Untracked 
|  66|0x000000070b200000, 0x000000070b200000, 0x000000070b400000|  0%| F|  |TAMS 0x000000070b200000, 0x000000070b200000| Untracked 
|  67|0x000000070b400000, 0x000000070b400000, 0x000000070b600000|  0%| F|  |TAMS 0x000000070b400000, 0x000000070b400000| Untracked 
|  68|0x000000070b600000, 0x000000070b600000, 0x000000070b800000|  0%| F|  |TAMS 0x000000070b600000, 0x000000070b600000| Untracked 
|  69|0x000000070b800000, 0x000000070b800000, 0x000000070ba00000|  0%| F|  |TAMS 0x000000070b800000, 0x000000070b800000| Untracked 
|  70|0x000000070ba00000, 0x000000070ba00000, 0x000000070bc00000|  0%| F|  |TAMS 0x000000070ba00000, 0x000000070ba00000| Untracked 
|  71|0x000000070bc00000, 0x000000070bc00000, 0x000000070be00000|  0%| F|  |TAMS 0x000000070bc00000, 0x000000070bc00000| Untracked 
|  72|0x000000070be00000, 0x000000070be00000, 0x000000070c000000|  0%| F|  |TAMS 0x000000070be00000, 0x000000070be00000| Untracked 
|  73|0x000000070c000000, 0x000000070c000000, 0x000000070c200000|  0%| F|  |TAMS 0x000000070c000000, 0x000000070c000000| Untracked 
|  74|0x000000070c200000, 0x000000070c200000, 0x000000070c400000|  0%| F|  |TAMS 0x000000070c200000, 0x000000070c200000| Untracked 
|  75|0x000000070c400000, 0x000000070c400000, 0x000000070c600000|  0%| F|  |TAMS 0x000000070c400000, 0x000000070c400000| Untracked 
|  76|0x000000070c600000, 0x000000070c600000, 0x000000070c800000|  0%| F|  |TAMS 0x000000070c600000, 0x000000070c600000| Untracked 
|  77|0x000000070c800000, 0x000000070c800000, 0x000000070ca00000|  0%| F|  |TAMS 0x000000070c800000, 0x000000070c800000| Untracked 
|  78|0x000000070ca00000, 0x000000070ca00000, 0x000000070cc00000|  0%| F|  |TAMS 0x000000070ca00000, 0x000000070ca00000| Untracked 
|  79|0x000000070cc00000, 0x000000070cc00000, 0x000000070ce00000|  0%| F|  |TAMS 0x000000070cc00000, 0x000000070cc00000| Untracked 
|  80|0x000000070ce00000, 0x000000070ce00000, 0x000000070d000000|  0%| F|  |TAMS 0x000000070ce00000, 0x000000070ce00000| Untracked 
|  81|0x000000070d000000, 0x000000070d000000, 0x000000070d200000|  0%| F|  |TAMS 0x000000070d000000, 0x000000070d000000| Untracked 
|  82|0x000000070d200000, 0x000000070d200000, 0x000000070d400000|  0%| F|  |TAMS 0x000000070d200000, 0x000000070d200000| Untracked 
|  83|0x000000070d400000, 0x000000070d400000, 0x000000070d600000|  0%| F|  |TAMS 0x000000070d400000, 0x000000070d400000| Untracked 
|  84|0x000000070d600000, 0x000000070d600000, 0x000000070d800000|  0%| F|  |TAMS 0x000000070d600000, 0x000000070d600000| Untracked 
|  85|0x000000070d800000, 0x000000070d800000, 0x000000070da00000|  0%| F|  |TAMS 0x000000070d800000, 0x000000070d800000| Untracked 
|  86|0x000000070da00000, 0x000000070da00000, 0x000000070dc00000|  0%| F|  |TAMS 0x000000070da00000, 0x000000070da00000| Untracked 
|  87|0x000000070dc00000, 0x000000070dc00000, 0x000000070de00000|  0%| F|  |TAMS 0x000000070dc00000, 0x000000070dc00000| Untracked 
|  88|0x000000070de00000, 0x000000070de00000, 0x000000070e000000|  0%| F|  |TAMS 0x000000070de00000, 0x000000070de00000| Untracked 
|  89|0x000000070e000000, 0x000000070e000000, 0x000000070e200000|  0%| F|  |TAMS 0x000000070e000000, 0x000000070e000000| Untracked 
|  90|0x000000070e200000, 0x000000070e200000, 0x000000070e400000|  0%| F|  |TAMS 0x000000070e200000, 0x000000070e200000| Untracked 
|  91|0x000000070e400000, 0x000000070e400000, 0x000000070e600000|  0%| F|  |TAMS 0x000000070e400000, 0x000000070e400000| Untracked 
|  92|0x000000070e600000, 0x000000070e600000, 0x000000070e800000|  0%| F|  |TAMS 0x000000070e600000, 0x000000070e600000| Untracked 
|  93|0x000000070e800000, 0x000000070e800000, 0x000000070ea00000|  0%| F|  |TAMS 0x000000070e800000, 0x000000070e800000| Untracked 
|  94|0x000000070ea00000, 0x000000070ea00000, 0x000000070ec00000|  0%| F|  |TAMS 0x000000070ea00000, 0x000000070ea00000| Untracked 
|  95|0x000000070ec00000, 0x000000070ec00000, 0x000000070ee00000|  0%| F|  |TAMS 0x000000070ec00000, 0x000000070ec00000| Untracked 
|  96|0x000000070ee00000, 0x000000070ee00000, 0x000000070f000000|  0%| F|  |TAMS 0x000000070ee00000, 0x000000070ee00000| Untracked 
|  97|0x000000070f000000, 0x000000070f000000, 0x000000070f200000|  0%| F|  |TAMS 0x000000070f000000, 0x000000070f000000| Untracked 
|  98|0x000000070f200000, 0x000000070f200000, 0x000000070f400000|  0%| F|  |TAMS 0x000000070f200000, 0x000000070f200000| Untracked 
|  99|0x000000070f400000, 0x000000070f400000, 0x000000070f600000|  0%| F|  |TAMS 0x000000070f400000, 0x000000070f400000| Untracked 
| 100|0x000000070f600000, 0x000000070f600000, 0x000000070f800000|  0%| F|  |TAMS 0x000000070f600000, 0x000000070f600000| Untracked 
| 101|0x000000070f800000, 0x000000070f800000, 0x000000070fa00000|  0%| F|  |TAMS 0x000000070f800000, 0x000000070f800000| Untracked 
| 102|0x000000070fa00000, 0x000000070fa00000, 0x000000070fc00000|  0%| F|  |TAMS 0x000000070fa00000, 0x000000070fa00000| Untracked 
| 103|0x000000070fc00000, 0x000000070fc00000, 0x000000070fe00000|  0%| F|  |TAMS 0x000000070fc00000, 0x000000070fc00000| Untracked 
| 104|0x000000070fe00000, 0x000000070fe00000, 0x0000000710000000|  0%| F|  |TAMS 0x000000070fe00000, 0x000000070fe00000| Untracked 
| 105|0x0000000710000000, 0x0000000710000000, 0x0000000710200000|  0%| F|  |TAMS 0x0000000710000000, 0x0000000710000000| Untracked 
| 106|0x0000000710200000, 0x0000000710200000, 0x0000000710400000|  0%| F|  |TAMS 0x0000000710200000, 0x0000000710200000| Untracked 
| 107|0x0000000710400000, 0x0000000710400000, 0x0000000710600000|  0%| F|  |TAMS 0x0000000710400000, 0x0000000710400000| Untracked 
| 108|0x0000000710600000, 0x0000000710600000, 0x0000000710800000|  0%| F|  |TAMS 0x0000000710600000, 0x0000000710600000| Untracked 
| 109|0x0000000710800000, 0x0000000710800000, 0x0000000710a00000|  0%| F|  |TAMS 0x0000000710800000, 0x0000000710800000| Untracked 
| 110|0x0000000710a00000, 0x0000000710a00000, 0x0000000710c00000|  0%| F|  |TAMS 0x0000000710a00000, 0x0000000710a00000| Untracked 
| 111|0x0000000710c00000, 0x0000000710c00000, 0x0000000710e00000|  0%| F|  |TAMS 0x0000000710c00000, 0x0000000710c00000| Untracked 
| 112|0x0000000710e00000, 0x0000000710e00000, 0x0000000711000000|  0%| F|  |TAMS 0x0000000710e00000, 0x0000000710e00000| Untracked 
| 113|0x0000000711000000, 0x0000000711000000, 0x0000000711200000|  0%| F|  |TAMS 0x0000000711000000, 0x0000000711000000| Untracked 
| 114|0x0000000711200000, 0x0000000711200000, 0x0000000711400000|  0%| F|  |TAMS 0x0000000711200000, 0x0000000711200000| Untracked 
| 115|0x0000000711400000, 0x0000000711400000, 0x0000000711600000|  0%| F|  |TAMS 0x0000000711400000, 0x0000000711400000| Untracked 
| 116|0x0000000711600000, 0x0000000711600000, 0x0000000711800000|  0%| F|  |TAMS 0x0000000711600000, 0x0000000711600000| Untracked 
| 117|0x0000000711800000, 0x0000000711800000, 0x0000000711a00000|  0%| F|  |TAMS 0x0000000711800000, 0x0000000711800000| Untracked 
| 118|0x0000000711a00000, 0x0000000711bf9960, 0x0000000711c00000| 98%| E|  |TAMS 0x0000000711a00000, 0x0000000711a00000| Complete 
| 119|0x0000000711c00000, 0x0000000711e00000, 0x0000000711e00000|100%| E|CS|TAMS 0x0000000711c00000, 0x0000000711c00000| Complete 
| 120|0x0000000711e00000, 0x0000000712000000, 0x0000000712000000|100%| E|CS|TAMS 0x0000000711e00000, 0x0000000711e00000| Complete 
| 121|0x0000000712000000, 0x0000000712200000, 0x0000000712200000|100%| E|CS|TAMS 0x0000000712000000, 0x0000000712000000| Complete 
| 122|0x0000000712200000, 0x0000000712400000, 0x0000000712400000|100%| E|CS|TAMS 0x0000000712200000, 0x0000000712200000| Complete 
| 123|0x0000000712400000, 0x0000000712600000, 0x0000000712600000|100%| E|CS|TAMS 0x0000000712400000, 0x0000000712400000| Complete 
| 124|0x0000000712600000, 0x0000000712800000, 0x0000000712800000|100%| E|CS|TAMS 0x0000000712600000, 0x0000000712600000| Complete 
| 125|0x0000000712800000, 0x0000000712a00000, 0x0000000712a00000|100%| E|CS|TAMS 0x0000000712800000, 0x0000000712800000| Complete 
| 126|0x0000000712a00000, 0x0000000712c00000, 0x0000000712c00000|100%| E|CS|TAMS 0x0000000712a00000, 0x0000000712a00000| Complete 

Card table byte_map: [0x0000021a62850000,0x0000021a63040000] _byte_map_base: 0x0000021a5f039000

Marking Bits (Prev, Next): (CMBitMap*) 0x0000021a4a874190, (CMBitMap*) 0x0000021a4a8741d0
 Prev Bits: [0x0000021a63830000, 0x0000021a67778000)
 Next Bits: [0x0000021a67780000, 0x0000021a6b6c8000)

Polling page: 0x0000021a487b0000

Metaspace:

Usage:
  Non-class:      7.11 MB capacity,     4.46 MB ( 63%) used,     2.65 MB ( 37%) free+waste,     3.50 KB ( <1%) overhead. 
      Class:    617.00 KB capacity,   321.34 KB ( 52%) used,   294.84 KB ( 48%) free+waste,   832 bytes ( <1%) overhead. 
       Both:      7.72 MB capacity,     4.77 MB ( 62%) used,     2.94 MB ( 38%) free+waste,     4.31 KB ( <1%) overhead. 

Virtual space:
  Non-class space:        8.00 MB reserved,       7.25 MB ( 91%) committed 
      Class space:        1.00 GB reserved,     640.00 KB ( <1%) committed 
             Both:        1.01 GB reserved,       7.88 MB ( <1%) committed 

Chunk freelists:
   Non-Class:  139.00 KB
       Class:  23.00 KB
        Both:  162.00 KB

MaxMetaspaceSize: 17179869184.00 GB
CompressedClassSpaceSize: 1.00 GB

CodeHeap 'non-profiled nmethods': size=120000Kb used=512Kb max_used=512Kb free=119487Kb
 bounds [0x0000021a5a800000, 0x0000021a5aa70000, 0x0000021a61d30000]
CodeHeap 'profiled nmethods': size=120000Kb used=1948Kb max_used=1948Kb free=118051Kb
 bounds [0x0000021a532d0000, 0x0000021a53540000, 0x0000021a5a800000]
CodeHeap 'non-nmethods': size=5760Kb used=1287Kb max_used=1334Kb free=4472Kb
 bounds [0x0000021a52d30000, 0x0000021a52fa0000, 0x0000021a532d0000]
 total_blobs=1775 nmethods=1197 adapters=491
 compilation: enabled
              stopped_count=0, restarted_count=0
 full_count=0

Compilation events (20 events):
Event: 23.743 Thread 0x0000021a6e970a90 1188       3       com.badlogic.gdx.graphics.glutils.ShapeRenderer::point (125 bytes)
Event: 23.744 Thread 0x0000021a6e970a90 nmethod 1188 0x0000021a534b4610 code [0x0000021a534b4840, 0x0000021a534b4d08]
Event: 24.209 Thread 0x0000021a6e96dfe0 1189   !   4       java.nio.DirectIntBufferU::get (33 bytes)
Event: 24.212 Thread 0x0000021a6e96dfe0 nmethod 1189 0x0000021a5a87f710 code [0x0000021a5a87f880, 0x0000021a5a87f958]
Event: 24.477 Thread 0x0000021a6e96dfe0 1190       4       org.lwjgl.opengl.WindowsDisplayPeerInfo::doUnlock (1 bytes)
Event: 24.478 Thread 0x0000021a6e96dfe0 nmethod 1190 0x0000021a5a87fa90 code [0x0000021a5a87fc00, 0x0000021a5a87fc58]
Event: 24.809 Thread 0x0000021a6e970a90 1193       3       jdk.internal.misc.Unsafe::getIntUnaligned (12 bytes)
Event: 24.809 Thread 0x0000021a6e970a90 nmethod 1193 0x0000021a534b4f90 code [0x0000021a534b5140, 0x0000021a534b5378]
Event: 24.809 Thread 0x0000021a6e970a90 1192       3       jdk.internal.misc.Unsafe::getIntUnaligned (83 bytes)
Event: 24.809 Thread 0x0000021a6e970a90 nmethod 1192 0x0000021a534b5490 code [0x0000021a534b5660, 0x0000021a534b5ae8]
Event: 24.809 Thread 0x0000021a6e970a90 1191       3       java.nio.HeapByteBuffer::put (20 bytes)
Event: 24.810 Thread 0x0000021a6e970a90 nmethod 1191 0x0000021a534b5c90 code [0x0000021a534b5e60, 0x0000021a534b62b8]
Event: 24.810 Thread 0x0000021a6e970a90 1194       3       jdk.internal.misc.Unsafe::convEndian (16 bytes)
Event: 24.810 Thread 0x0000021a6e970a90 nmethod 1194 0x0000021a534b6490 code [0x0000021a534b6640, 0x0000021a534b67a8]
Event: 24.810 Thread 0x0000021a6e970a90 1195       3       java.lang.Long::reverseBytes (46 bytes)
Event: 24.810 Thread 0x0000021a6e970a90 nmethod 1195 0x0000021a534b6890 code [0x0000021a534b6a20, 0x0000021a534b6b78]
Event: 26.009 Thread 0x0000021a6e970a90 1196       3       com.badlogic.gdx.physics.box2d.World::postSolve (41 bytes)
Event: 26.010 Thread 0x0000021a6e970a90 nmethod 1196 0x0000021a534b6c10 code [0x0000021a534b6dc0, 0x0000021a534b6f48]
Event: 26.644 Thread 0x0000021a6e96dfe0 1197       4       com.badlogic.gdx.math.Matrix4::det (444 bytes)
Event: 26.653 Thread 0x0000021a6e96dfe0 nmethod 1197 0x0000021a5a87fd90 code [0x0000021a5a87ff00, 0x0000021a5a880178]

GC Heap History (0 events):
No events

Deoptimization events (20 events):
Event: 1.259 Thread 0x0000021a6f1282d0 DEOPT PACKING pc=0x0000021a53410b87 sp=0x000000dbb67fed10
Event: 1.259 Thread 0x0000021a6f1282d0 DEOPT UNPACKING pc=0x0000021a52d7e23f sp=0x000000dbb67fe138 mode 0
Event: 1.276 Thread 0x0000021a6f1282d0 DEOPT PACKING pc=0x0000021a53410b87 sp=0x000000dbb67fed10
Event: 1.276 Thread 0x0000021a6f1282d0 DEOPT UNPACKING pc=0x0000021a52d7e23f sp=0x000000dbb67fe138 mode 0
Event: 1.293 Thread 0x0000021a6f1282d0 DEOPT PACKING pc=0x0000021a53410b87 sp=0x000000dbb67fed10
Event: 1.293 Thread 0x0000021a6f1282d0 DEOPT UNPACKING pc=0x0000021a52d7e23f sp=0x000000dbb67fe138 mode 0
Event: 1.309 Thread 0x0000021a6f1282d0 DEOPT PACKING pc=0x0000021a53410b87 sp=0x000000dbb67fed10
Event: 1.309 Thread 0x0000021a6f1282d0 DEOPT UNPACKING pc=0x0000021a52d7e23f sp=0x000000dbb67fe138 mode 0
Event: 1.423 Thread 0x0000021a6f1282d0 DEOPT PACKING pc=0x0000021a5341f492 sp=0x000000dbb67fee10
Event: 1.423 Thread 0x0000021a6f1282d0 DEOPT UNPACKING pc=0x0000021a52d7e23f sp=0x000000dbb67fe398 mode 0
Event: 1.425 Thread 0x0000021a6f1282d0 DEOPT PACKING pc=0x0000021a5341d440 sp=0x000000dbb67fee00
Event: 1.425 Thread 0x0000021a6f1282d0 DEOPT UNPACKING pc=0x0000021a52d7e23f sp=0x000000dbb67fe398 mode 0
Event: 1.442 Thread 0x0000021a6f1282d0 DEOPT PACKING pc=0x0000021a5341f492 sp=0x000000dbb67fee10
Event: 1.442 Thread 0x0000021a6f1282d0 DEOPT UNPACKING pc=0x0000021a52d7e23f sp=0x000000dbb67fe398 mode 0
Event: 1.490 Thread 0x0000021a6f1282d0 DEOPT PACKING pc=0x0000021a5341f492 sp=0x000000dbb67fee10
Event: 1.490 Thread 0x0000021a6f1282d0 DEOPT UNPACKING pc=0x0000021a52d7e23f sp=0x000000dbb67fe398 mode 0
Event: 1.508 Thread 0x0000021a6f1282d0 DEOPT PACKING pc=0x0000021a5341f492 sp=0x000000dbb67fee10
Event: 1.508 Thread 0x0000021a6f1282d0 DEOPT UNPACKING pc=0x0000021a52d7e23f sp=0x000000dbb67fe398 mode 0
Event: 1.526 Thread 0x0000021a6f1282d0 DEOPT PACKING pc=0x0000021a5341f492 sp=0x000000dbb67fee10
Event: 1.526 Thread 0x0000021a6f1282d0 DEOPT UNPACKING pc=0x0000021a52d7e23f sp=0x000000dbb67fe398 mode 0

Classes unloaded (0 events):
No events

Classes redefined (0 events):
No events

Internal exceptions (0 events):
No events

Events (20 events):
Event: 1.276 Loaded shared library C:\Users\StefanieZuccarini\AppData\Local\Temp\libgdxStefanieZuccarini\1cecf4f6\lwjgl64.dll
Event: 1.459 Loaded shared library C:\Users\StefanieZuccarini\AppData\Local\Temp\libgdxStefanieZuccarini\1cecf4f6\lwjgl64.dll
Event: 1.476 Loaded shared library C:\Users\StefanieZuccarini\AppData\Local\Temp\libgdxStefanieZuccarini\1cecf4f6\lwjgl64.dll
Event: 1.477 Loaded shared library C:\Users\StefanieZuccarini\AppData\Local\Temp\libgdxStefanieZuccarini\1cecf4f6\lwjgl64.dll
Event: 1.653 Loaded shared library C:\Program Files\Zulu\zulu-15\bin\java.dll
Event: 1.861 Loaded shared library C:\Users\StefanieZuccarini\AppData\Local\Temp\libgdxStefanieZuccarini\1cecf4f6\lwjgl64.dll
Event: 2.676 Loaded shared library C:\Program Files\Zulu\zulu-15\bin\java.dll
Event: 2.679 Loaded shared library C:\Users\StefanieZuccarini\AppData\Local\Temp\libgdxStefanieZuccarini\1cecf4f6\lwjgl64.dll
Event: 3.093 Loaded shared library C:\Users\StefanieZuccarini\AppData\Local\Temp\libgdxStefanieZuccarini\1cecf4f6\lwjgl64.dll
Event: 3.712 Loaded shared library C:\Users\StefanieZuccarini\AppData\Local\Temp\libgdxStefanieZuccarini\1cecf4f6\lwjgl64.dll
Event: 3.714 Loaded shared library C:\Users\StefanieZuccarini\AppData\Local\Temp\libgdxStefanieZuccarini\1cecf4f6\lwjgl64.dll
Event: 3.728 Loaded shared library C:\Users\StefanieZuccarini\AppData\Local\Temp\libgdxStefanieZuccarini\1cecf4f6\lwjgl64.dll
Event: 4.277 Loaded shared library C:\Users\StefanieZuccarini\AppData\Local\Temp\libgdxStefanieZuccarini\1cecf4f6\lwjgl64.dll
Event: 4.278 Loaded shared library C:\Users\StefanieZuccarini\AppData\Local\Temp\libgdxStefanieZuccarini\1cecf4f6\lwjgl64.dll
Event: 5.309 Loaded shared library C:\Users\StefanieZuccarini\AppData\Local\Temp\libgdxStefanieZuccarini\1cecf4f6\lwjgl64.dll
Event: 6.497 Loaded shared library C:\Users\StefanieZuccarini\AppData\Local\Temp\libgdxStefanieZuccarini\1cecf4f6\lwjgl64.dll
Event: 6.500 Loaded shared library C:\Users\StefanieZuccarini\AppData\Local\Temp\libgdxStefanieZuccarini\1cecf4f6\lwjgl64.dll
Event: 9.579 Loaded shared library C:\Users\StefanieZuccarini\AppData\Local\Temp\libgdxStefanieZuccarini\e1cd32f8\gdx64.dll
Event: 9.595 Loaded shared library C:\Users\StefanieZuccarini\AppData\Local\Temp\libgdxStefanieZuccarini\1cecf4f6\lwjgl64.dll
Event: 9.597 Loaded shared library C:\Users\StefanieZuccarini\AppData\Local\Temp\libgdxStefanieZuccarini\1cecf4f6\lwjgl64.dll


Dynamic libraries:
0x00007ff611a20000 - 0x00007ff611a2d000 	C:\Program Files\Zulu\zulu-15\bin\java.exe
0x00007ffb2fe00000 - 0x00007ffb2fff0000 	C:\Windows\SYSTEM32\ntdll.dll
0x00007ffb2e5c0000 - 0x00007ffb2e672000 	C:\Windows\System32\KERNEL32.DLL
0x00007ffb2d090000 - 0x00007ffb2d335000 	C:\Windows\System32\KERNELBASE.dll
0x00007ffb2ce40000 - 0x00007ffb2cf3a000 	C:\Windows\System32\ucrtbase.dll
0x00007ffaeb840000 - 0x00007ffaeb858000 	C:\Program Files\Zulu\zulu-15\bin\jli.dll
0x00007ffafcfd0000 - 0x00007ffafcfe5000 	C:\Program Files\Zulu\zulu-15\bin\VCRUNTIME140.dll
0x00007ffb2e6a0000 - 0x00007ffb2e834000 	C:\Windows\System32\USER32.dll
0x00007ffb2d600000 - 0x00007ffb2d621000 	C:\Windows\System32\win32u.dll
0x00007ffb02d20000 - 0x00007ffb02fa4000 	C:\Windows\WinSxS\amd64_microsoft.windows.common-controls_6595b64144ccf1df_6.0.18362.1139_none_9e7bf2d3e4605ac6\COMCTL32.dll
0x00007ffb2fa60000 - 0x00007ffb2fa86000 	C:\Windows\System32\GDI32.dll
0x00007ffb2e520000 - 0x00007ffb2e5be000 	C:\Windows\System32\msvcrt.dll
0x00007ffb2d460000 - 0x00007ffb2d5f6000 	C:\Windows\System32\gdi32full.dll
0x00007ffb2ef30000 - 0x00007ffb2f265000 	C:\Windows\System32\combase.dll
0x00007ffb2d3c0000 - 0x00007ffb2d45e000 	C:\Windows\System32\msvcp_win.dll
0x00007ffb2fa90000 - 0x00007ffb2fbb0000 	C:\Windows\System32\RPCRT4.dll
0x00007ffb2d340000 - 0x00007ffb2d3c0000 	C:\Windows\System32\bcryptPrimitives.dll
0x00007ffb2f490000 - 0x00007ffb2f4be000 	C:\Windows\System32\IMM32.DLL
0x00007ffad6f10000 - 0x00007ffad6fab000 	C:\Program Files\Zulu\zulu-15\bin\msvcp140.dll
0x00007ffa92ca0000 - 0x00007ffa93832000 	C:\Program Files\Zulu\zulu-15\bin\server\jvm.dll
0x00007ffb2e000000 - 0x00007ffb2e0a3000 	C:\Windows\System32\ADVAPI32.dll
0x00007ffb2fd10000 - 0x00007ffb2fda7000 	C:\Windows\System32\sechost.dll
0x00007ffb2e3e0000 - 0x00007ffb2e3e8000 	C:\Windows\System32\PSAPI.DLL
0x00007ffb29590000 - 0x00007ffb295b4000 	C:\Windows\SYSTEM32\WINMM.dll
0x00007ffb08570000 - 0x00007ffb08579000 	C:\Windows\SYSTEM32\WSOCK32.dll
0x00007ffb207f0000 - 0x00007ffb207fa000 	C:\Windows\SYSTEM32\VERSION.dll
0x00007ffb2f270000 - 0x00007ffb2f2df000 	C:\Windows\System32\WS2_32.dll
0x00007ffb29560000 - 0x00007ffb2958d000 	C:\Windows\SYSTEM32\winmmbase.dll
0x00007ffb2d6e0000 - 0x00007ffb2d72a000 	C:\Windows\System32\cfgmgr32.dll
0x00007ffb2cd20000 - 0x00007ffb2cd31000 	C:\Windows\System32\kernel.appcore.dll
0x00007ffb05300000 - 0x00007ffb0530a000 	C:\Program Files\Zulu\zulu-15\bin\jimage.dll
0x00007ffb28c20000 - 0x00007ffb28e14000 	C:\Windows\SYSTEM32\DBGHELP.DLL
0x00007ffb06180000 - 0x00007ffb061aa000 	C:\Windows\SYSTEM32\dbgcore.DLL
0x00007ffaeb7c0000 - 0x00007ffaeb7e5000 	C:\Program Files\Zulu\zulu-15\bin\java.dll
0x00007ffb2e840000 - 0x00007ffb2ef27000 	C:\Windows\System32\SHELL32.dll
0x00007ffb2e3f0000 - 0x00007ffb2e499000 	C:\Windows\System32\shcore.dll
0x00007ffb2d730000 - 0x00007ffb2deb0000 	C:\Windows\System32\windows.storage.dll
0x00007ffb2ccd0000 - 0x00007ffb2ccf3000 	C:\Windows\System32\profapi.dll
0x00007ffb2cd40000 - 0x00007ffb2cd8a000 	C:\Windows\System32\powrprof.dll
0x00007ffb2ccc0000 - 0x00007ffb2ccd0000 	C:\Windows\System32\UMPDC.dll
0x00007ffb2e0b0000 - 0x00007ffb2e102000 	C:\Windows\System32\shlwapi.dll
0x00007ffb2d690000 - 0x00007ffb2d6a7000 	C:\Windows\System32\cryptsp.dll
0x00007ffae46b0000 - 0x00007ffae46c9000 	C:\Program Files\Zulu\zulu-15\bin\net.dll
0x00007ffb274d0000 - 0x00007ffb275c0000 	C:\Windows\SYSTEM32\WINHTTP.dll
0x00007ffb2c510000 - 0x00007ffb2c577000 	C:\Windows\system32\mswsock.dll
0x00007ffae1730000 - 0x00007ffae1742000 	C:\Program Files\Zulu\zulu-15\bin\nio.dll
0x00007ffad1010000 - 0x00007ffad1028000 	C:\Program Files\Zulu\zulu-15\bin\zip.dll
0x000000006e700000 - 0x000000006e72a000 	C:\Users\StefanieZuccarini\AppData\Local\Temp\libgdxStefanieZuccarini\e1cd32f8\gdx64.dll
0x00007ffafd2a0000 - 0x00007ffafd2b0000 	C:\Program Files\Zulu\zulu-15\bin\verify.dll
0x0000000180000000 - 0x0000000180053000 	C:\Users\StefanieZuccarini\AppData\Local\Temp\libgdxStefanieZuccarini\1cecf4f6\lwjgl64.dll
0x00007ffaef7f0000 - 0x00007ffaef946000 	C:\Windows\SYSTEM32\OPENGL32.dll
0x00007ffaf94c0000 - 0x00007ffaf94ec000 	C:\Windows\SYSTEM32\GLU32.dll
0x00007ffb2b6a0000 - 0x00007ffb2b6c0000 	C:\Windows\SYSTEM32\dxcore.dll
0x0000021a6f650000 - 0x0000021a6f6b4000 	C:\Users\STEFAN~1\AppData\Local\Temp\libgdxStefanieZuccarini\1cecf4f6\OpenAL64.dll
0x00007ffb2fbb0000 - 0x00007ffb2fd07000 	C:\Windows\System32\ole32.dll
0x00007ffb2ac90000 - 0x00007ffb2ad29000 	C:\Windows\system32\uxtheme.dll
0x00007ffb2e1e0000 - 0x00007ffb2e282000 	C:\Windows\System32\clbcatq.dll
0x00007ffad6500000 - 0x00007ffad6599000 	C:\Windows\SYSTEM32\dsound.dll
0x00007ffb19040000 - 0x00007ffb190b2000 	C:\Windows\System32\MMDevApi.dll
0x00007ffb2cab0000 - 0x00007ffb2cada000 	C:\Windows\System32\DEVOBJ.dll
0x00007ffb12830000 - 0x00007ffb1298d000 	C:\Windows\SYSTEM32\AUDIOSES.DLL
0x00007ffb2f930000 - 0x00007ffb2f9f5000 	C:\Windows\System32\OLEAUT32.dll
0x00007ffb27ef0000 - 0x00007ffb28043000 	C:\Windows\SYSTEM32\wintypes.dll
0x00007ffb27420000 - 0x00007ffb274ce000 	C:\Windows\SYSTEM32\mscms.dll
0x00007ffb2cbe0000 - 0x00007ffb2cc05000 	C:\Windows\SYSTEM32\USERENV.dll
0x00007ffb27400000 - 0x00007ffb27417000 	C:\Windows\SYSTEM32\ColorAdapterClient.dll
0x00007ffb21ba0000 - 0x00007ffb21bba000 	C:\Windows\System32\Windows.Internal.Graphics.Display.DisplayColorManagement.dll
0x00007ffb2e290000 - 0x00007ffb2e3c5000 	C:\Windows\System32\MSCTF.dll
0x00007ffb20010000 - 0x00007ffb200ae000 	C:\Windows\System32\TextInputFramework.dll
0x00007ffb2a860000 - 0x00007ffb2a934000 	C:\Windows\System32\CoreMessaging.dll
0x00007ffb281a0000 - 0x00007ffb284ca000 	C:\Windows\System32\CoreUIComponents.dll
0x00007ffb2bba0000 - 0x00007ffb2bbd1000 	C:\Windows\SYSTEM32\ntmarta.dll
0x00007ffb1a960000 - 0x00007ffb1ac07000 	C:\Windows\System32\iertutil.dll
0x00007ffa91d80000 - 0x00007ffa92c97000 	C:\Windows\System32\DriverStore\FileRepository\iigd_dch.inf_amd64_dc945736c722f2b5\ig9icd64.dll
0x00007ffb2b290000 - 0x00007ffb2b2bd000 	C:\Windows\system32\dwmapi.dll
0x00007ffb2b730000 - 0x00007ffb2b81b000 	C:\Windows\system32\dxgi.dll
0x00007ffb20f80000 - 0x00007ffb21124000 	C:\Windows\System32\DriverStore\FileRepository\iigd_dch.inf_amd64_dc945736c722f2b5\igdgmm64.dll
0x00007ffaebb40000 - 0x00007ffaebb83000 	C:\Windows\SYSTEM32\icm32.dll
0x00007ffa99930000 - 0x00007ffa99c8b000 	C:\Windows\System32\DriverStore\FileRepository\iigd_dch.inf_amd64_dc945736c722f2b5\igdml64.dll
0x00007ffb1c3d0000 - 0x00007ffb1e9d1000 	C:\Windows\System32\DriverStore\FileRepository\iigd_dch.inf_amd64_dc945736c722f2b5\igc64.dll
0x0000000066b00000 - 0x0000000066b5b000 	C:\Users\StefanieZuccarini\AppData\Local\Temp\libgdxStefanieZuccarini\a14961b7\gdx-box2d64.dll

dbghelp: loaded successfully - version: 4.0.5 - missing functions: none
symbol engine: initialized successfully - sym options: 0x614 - pdb path: .;C:\Program Files\Zulu\zulu-15\bin;C:\Windows\SYSTEM32;C:\Windows\WinSxS\amd64_microsoft.windows.common-controls_6595b64144ccf1df_6.0.18362.1139_none_9e7bf2d3e4605ac6;C:\Program Files\Zulu\zulu-15\bin\server;C:\Users\StefanieZuccarini\AppData\Local\Temp\libgdxStefanieZuccarini\e1cd32f8;C:\Users\StefanieZuccarini\AppData\Local\Temp\libgdxStefanieZuccarini\1cecf4f6;C:\Users\STEFAN~1\AppData\Local\Temp\libgdxStefanieZuccarini\1cecf4f6;C:\Windows\System32\DriverStore\FileRepository\iigd_dch.inf_amd64_dc945736c722f2b5;C:\Users\StefanieZuccarini\AppData\Local\Temp\libgdxStefanieZuccarini\a14961b7

VM Arguments:
jvm_args: -Dfile.encoding=windows-1252 -Duser.country=CA -Duser.language=en -Duser.variant 
java_command: com.mygdx.game.desktop.DesktopLauncher
java_class_path (initial): C:\Users\StefanieZuccarini\Documents\GitHub\PortalGame\PortalGame\desktop\build\classes\java\main;C:\Users\StefanieZuccarini\Documents\GitHub\PortalGame\PortalGame\desktop\build\resources\main;C:\Users\StefanieZuccarini\.gradle\caches\modules-2\files-2.1\com.badlogicgames.gdx\gdx-tools\1.10.0\d699cf4953fb42a071c7c3feb9b5c45601aa6a4b\gdx-tools-1.10.0.jar;C:\Users\StefanieZuccarini\.gradle\caches\modules-2\files-2.1\com.badlogicgames.gdx\gdx-backend-lwjgl\1.10.0\58ff89d9e4fd8a82591367f187d606e781cacc05\gdx-backend-lwjgl-1.10.0.jar;C:\Users\StefanieZuccarini\.gradle\caches\modules-2\files-2.1\com.badlogicgames.gdx\gdx-platform\1.10.0\9a8fa793d2fd6d360afc6c9e4c1f5583da263b88\gdx-platform-1.10.0-natives-desktop.jar;C:\Users\StefanieZuccarini\.gradle\caches\modules-2\files-2.1\com.badlogicgames.gdx\gdx-box2d-platform\1.10.0\588c4191c5a64ed39365e71484aa37d81c38eb5e\gdx-box2d-platform-1.10.0-natives-desktop.jar;C:\Users\StefanieZuccarini\.gradle\caches\modules-2\files-2.1\com.badlogicgames.gdx\gdx-bullet-platform\1.10.0\ce92e8dfc762523d769cbc50853163c03bf98cf1\gdx-bullet-platform-1.10.0-natives-desktop.jar;C:\Users\StefanieZuccarini\.gradle\caches\modules-2\files-2.1\com.badlogicgames.gdx\gdx-freetype-platform\1.10.0\6e5d28752759e69384f12e4569d2c884ff71352f\gdx-freetype-platform-1.10.0-natives-desktop.jar;C:\Users\StefanieZuccarini\Documents\GitHub\PortalGame\PortalGame\core\build\libs\core-1.0.jar;C:\Users\StefanieZuccarini\.gradle\caches\modules-2\files-2.1\com.badlogicgames.gdx\gdx-backend-headless\1.10.0\990eadbb431197c5b9b816d1659c772e0268e65\gdx-backend-headless-1.10.0.jar;C:\Users\StefanieZuccarini\.gradle\caches\modules-2\files-2.1\com.badlogicgames.gdx\gdx-freetype\1.10.0\de1d0d5c1e92e8d91364256fd6b7bb279d3e9859\gdx-freetype-1.10.0.jar;C:\Users\StefanieZuccarini\.gradle\caches\modules-2\files-2.1\com.badlogicgames.box2dlights\box2dlights\1.5\6902dbcd250c95a27973aa24a147a95b3828d348\box2dlights-1.5.jar;C:\Users\StefanieZuccarini\.gradle\
Launcher Type: SUN_STANDARD

[Global flags]
     intx CICompilerCount                          = 4                                         {product} {ergonomic}
     uint ConcGCThreads                            = 2                                         {product} {ergonomic}
     uint G1ConcRefinementThreads                  = 8                                         {product} {ergonomic}
   size_t G1HeapRegionSize                         = 2097152                                   {product} {ergonomic}
    uintx GCDrainStackTargetSize                   = 64                                        {product} {ergonomic}
   size_t InitialHeapSize                          = 266338304                                 {product} {ergonomic}
   size_t MarkStackSize                            = 4194304                                   {product} {ergonomic}
   size_t MaxHeapSize                              = 4246732800                                {product} {ergonomic}
   size_t MaxNewSize                               = 2548039680                                {product} {ergonomic}
   size_t MinHeapDeltaBytes                        = 2097152                                   {product} {ergonomic}
   size_t MinHeapSize                              = 8388608                                   {product} {ergonomic}
    uintx NonNMethodCodeHeapSize                   = 5839372                                {pd product} {ergonomic}
    uintx NonProfiledCodeHeapSize                  = 122909434                              {pd product} {ergonomic}
    uintx ProfiledCodeHeapSize                     = 122909434                              {pd product} {ergonomic}
    uintx ReservedCodeCacheSize                    = 251658240                              {pd product} {ergonomic}
     bool SegmentedCodeCache                       = true                                      {product} {ergonomic}
   size_t SoftMaxHeapSize                          = 4246732800                             {manageable} {ergonomic}
     bool UseCompressedClassPointers               = true                                 {lp64_product} {ergonomic}
     bool UseCompressedOops                        = true                                 {lp64_product} {ergonomic}
     bool UseG1GC                                  = true                                      {product} {ergonomic}
     bool UseLargePagesIndividualAllocation        = false                                  {pd product} {ergonomic}

Logging:
Log output configuration:
 #0: stdout all=warning uptime,level,tags
 #1: stderr all=off uptime,level,tags

Environment Variables:
PATH=C:\Program Files\Zulu\zulu-15\bin\;C:\Program Files\Common Files\Oracle\Java\javapath;C:\Program Files (x86)\Common Files\Oracle\Java\javapath;C:\Windows\system32;C:\Windows;C:\Windows\System32\Wbem;C:\Windows\System32\WindowsPowerShell\v1.0\;C:\Windows\System32\OpenSSH\;C:\Program Files\Git\cmd;C:\Users\StefanieZuccarini\AppData\Local\Microsoft\WindowsApps;C:\Program Files\JetBrains\IntelliJ IDEA Community Edition 2021.3\bin;;C:\Users\StefanieZuccarini\AppData\Local\GitHubDesktop\bin
USERNAME=StefanieZuccarini
OS=Windows_NT
PROCESSOR_IDENTIFIER=Intel64 Family 6 Model 142 Stepping 12, GenuineIntel



---------------  S Y S T E M  ---------------

OS:
 Windows 10 , 64 bit Build 18362 (10.0.18362.1110)
OS uptime: 0 days 0:11 hours

CPU: total 8 (initial active 8) (4 cores per cpu, 2 threads per core) family 6 model 142 stepping 12 microcode 0xca, cmov, cx8, fxsr, mmx, sse, sse2, sse3, ssse3, sse4.1, sse4.2, popcnt, vzeroupper, avx, avx2, aes, clmul, erms, 3dnowpref, lzcnt, ht, tsc, tscinvbit, bmi1, bmi2, adx, fma, clflush, clflushopt

Memory: 4k page, system-wide physical 16198M (7557M free)
TotalPageFile size 20038M (AvailPageFile size 10102M)
current process WorkingSet (physical memory assigned to process): 187M, peak: 207M
current process commit charge ("private bytes"): 462M, peak: 482M

vm_info: OpenJDK 64-Bit Server VM (15.0.5+3-MTS) for windows-amd64 JRE (15.0.5+3-MTS) (Zulu15.36+13-CA), built on Oct  8 2021 11:07:26 by "zulu_re" with MS VC++ 15.9 (VS2017)

END.
